 
ALTERAÇÃO DE CLIENTE
POST => "MIRIAN" Data => "2012-08-16 09:41:29", Alterou o Cliente de vale 521864 => "INFORMAÇÕES ALTERADAS => "1 => 4663 => 11 => 10 => 9 => 0 => 0 => 16/07/2012 => 521864 => 170 => 35549 => 12/07/2012 => FABIO BASTOS PERUSSO => 427400 => DELSO COELHO LUCIANO =>  => ALBANO => 218 => CASA 35 => PRAÇA SECA => RIO DE JANEIRO =>  => 3017-1856 => 3357-0341 =>  => DEPOIS DO MERCADO PREMEER =>  => 1 => 140391 => G.ROUPA ARAPLAC 8P AUSTRIA TB/BR => 0 =>  => 0 =>  => 0 =>  => 0 =>  => 0 =>  => 0 =>  => 0 =>  => 0 =>  => 0 =>  => 0 =>  => 0 =>  => 0 =>  => 0 =>  => 0 =>  => 0 =>  => 0 =>  => 0 =>  => 0 =>  => 0 =>  => "

-------------------------------
 
ALTERAÇÃO DE CLIENTE
POST => "luciana" Data => "2012-08-16 09:42:46", Alterou o Cliente de vale 621493 => "INFORMAÇÕES ALTERADAS => "1 => 4884 => 5 => 39 => 11 => 0 => 2 => 06/08/2012 => 621493 => 179 => 621493 => 03/08/2012 =>  =>  => MARIA JOSE DA LUZ =>  => ANDRE => 20 =>  => NOVA ESPERANÇA => DUQUE DE CAXIAS =>  => 3185-2848 =>  =>  =>  => FEITO O PEDIDO DE PEÇAS DIA 15/8 E-MAIL ENVIADO PARA LIDIANE E WAGNER LUCIANA  => 1 => 139537 => COZ ITATIAI SUPREMA NOG/S LAC (NOG/SAARA) => 0 =>  => 0 =>  => 0 =>  => 0 =>  => 0 =>  => 0 =>  => 0 =>  => 0 =>  => 0 =>  => 0 =>  => 0 =>  => 0 =>  => 0 =>  => 0 =>  => 0 =>  => 0 =>  => 0 =>  => 0 =>  => 0 =>  => "

-------------------------------
 
CADASTRO DE CLIENTE
POST => "MIRIAN" Data => "2012-08-16 11:11:58", Cadastrou o Cliente de vale 537129 => "INFORMAÇÕES CADASTRADAS => "11 => 33 => 15 => 0 => 0 => 06/08/2012 => 537129 => 181 => 5049 => 06/08/2012 => JAFTER DE SOUZA NUNES => 461014/199 => IARA CORREA RODRIGUES => 24726295 => RUA: ITAPAGIPE => 21 =>  => VISTA ALEGRE => SÃO GONÇALO => RJ => 3713-7585 =>  =>  => EM FRENTE AO DALLAS NO PROX AO BAR DO PAULO CEZAR ATRAS DO ANTIG DO ITAMARATI PROC PEDRO GALO => 01 => 136216 => G.ROUPA MOVAL 6P PARIS TB/BR =>  =>  =>  =>  =>  =>  =>  =>  =>  =>  =>  =>  =>  =>  =>  =>  =>  =>  =>  =>  =>  =>  =>  =>  =>  =>  =>  =>  =>  =>  =>  =>  =>  =>  =>  =>  =>  =>  => "

-------------------------------
 
CADASTRO DE CLIENTE
POST => "MIRIAN" Data => "2012-08-16 11:14:49", Cadastrou o Cliente de vale 50490 => "INFORMAÇÕES CADASTRADAS => "11 => 21 => 23 => 0 => 1 => 08/08/2012 => 50490 => 181 => 50490 => 06/08/2012 => JAFTER DE SOUZA NUNES => 46101/199 => IARA CORREA RODRIGUES => 24726295 => RUA: ITAPAGIPE => 21 =>  => VISTA ALEGRE => SÃO GONÇALO => RJ => 3713-7585 =>  =>  => PED.50490//EM FRENTE AO DALLAS PROX AO BAR DO PAULO CEZAR ATRS DO ANTIGO DO ITAMARATI  => 01 => 136216 => G.ROUPA MOVAL 6P PARIS TB/BR =>  =>  =>  =>  =>  =>  =>  =>  =>  =>  =>  =>  =>  =>  =>  =>  =>  =>  =>  =>  =>  =>  =>  =>  =>  =>  =>  =>  =>  =>  =>  =>  =>  =>  =>  =>  =>  =>  => "

-------------------------------
 
CADASTRO DE CLIENTE
POST => "MIRIAN" Data => "2012-08-16 11:22:30", Cadastrou o Cliente de vale 531749 => "INFORMAÇÕES CADASTRADAS => "11 => 22 => 19 => 0 => 0 => 28/07/2012 => 531749 => 223 => 531749 => 28/07/2012 => ALBERTO DOS SANTOS GALHARDO => 102096/199 => ANA LUCIA CHRYSOSTOMO DA CRUZ => 21920040 => RUA: PROFESSOR HILARIÃO DA ROCHA => 208 => CS 03 => TAUÁ => RIO DE JANEIRO => RJ => 3798-1543 =>  =>  => PED.6464 => 01 => 5724 => CJ SALA DE JANTAR ORTIZ VALEN 6C TB =>  =>  =>  =>  =>  =>  =>  =>  =>  =>  =>  =>  =>  =>  =>  =>  =>  =>  =>  =>  =>  =>  =>  =>  =>  =>  =>  =>  =>  =>  =>  =>  =>  =>  =>  =>  =>  =>  => "

-------------------------------
 
CADASTRO DE CLIENTE
POST => "MIRIAN" Data => "2012-08-16 11:26:36", Cadastrou o Cliente de vale 569580 => "INFORMAÇÕES CADASTRADAS => "11 => 25 => 23 => 0 => 1 => 28/07/2012 => 569580 => 223 => 569580 => 28/07/2012 => ADRIANA DOS SANTOS FERREIRA => 509188/199 => ANA LUCIA CHRYSOSTOMO DA CRUZ => 21920040 => RUA: PROFESSOR HILARIÃO DA ROCHA => 208 => CS 03 => TAUÁ => RIO DE JANEIRO => RJ => 3798-1543 =>  =>  => PED.56958 => 01 => 141552 => CJ SALA JANTAR ORTIZ VALENCIA 6C AMEN =>  =>  =>  =>  =>  =>  =>  =>  =>  =>  =>  =>  =>  =>  =>  =>  =>  =>  =>  =>  =>  =>  =>  =>  =>  =>  =>  =>  =>  =>  =>  =>  =>  =>  =>  =>  =>  =>  => "

-------------------------------
 
ALTERAÇÃO DE CLIENTE
POST => "MIRIAN" Data => "2012-08-16 11:41:07", Alterou o Cliente de vale 541243 => "INFORMAÇÕES ALTERADAS => "1 => 4947 => 11 => 34 => 17 => 2 => 0 => 14/08/2012 => 541243 => 245 => 37267 => 13/08/2012 => JORGE MAURICIO RODRIGUES DA CO => 435807/199 => PRISCILA ALVES DOS SANTOS => 22773517 => TRAVESSA: QUISON  RUA GEREMIAS162 => 10 =>  => CIDADE DE DEUS => RIO DE JANEIRO => RJ => 3342-2128 => 7681-8359 =>  => SEGUNDA RUA DEPOIS DO PRESUNIC SENTIDO BARRA proc karen =>  => 1 => 1936 => CAMA CS BECHARA FLORIDA TB/BR => 0 =>  => 0 =>  => 0 =>  => 0 =>  => 0 =>  => 0 =>  => 0 =>  => 0 =>  => 0 =>  => 0 =>  => 0 =>  => 0 =>  => 0 =>  => 0 =>  => 0 =>  => 0 =>  => 0 =>  => 0 =>  => 0 =>  => "

-------------------------------
 
CADASTRO DE CLIENTE
POST => "MIRIAN" Data => "2012-08-16 11:43:05", Cadastrou o Cliente de vale 533343 => "INFORMAÇÕES CADASTRADAS => "11 => 27 => 16 => 0 => 1 => 31/07/2012 => 533343 => 274 => 533343 => 31/07/2012 => PATRICIA LIMEIRA MARTINS  => 499468/199 => SEBASTIAO LIMEIRA  MARTINS => 25900000 => RUA DOUTOR PAULO CLARO => 491 => 02 => JARDIM ESMERALDA => MAGÉ => RJ => 8640-1624 =>  =>  => APOS VIADUTO 1º CURVA  EM FORMA  DE S A DIR FINAL DA RUA ULTIMA CASA PROC ANDREIA OU SEBASTIAO PED.10732 => 01 => 140351 => G.ROUPA N.HORIZ 6P VENUS AMEN/PTO =>  =>  =>  =>  =>  =>  =>  =>  =>  =>  =>  =>  =>  =>  =>  =>  =>  =>  =>  =>  =>  =>  =>  =>  =>  =>  =>  =>  =>  =>  =>  =>  =>  =>  =>  =>  =>  =>  => "

-------------------------------
 
CADASTRO DE CLIENTE
POST => "luciana" Data => "2012-08-16 11:46:09", Cadastrou o Cliente de vale 537855 => "INFORMAÇÕES CADASTRADAS => "5 => 34 => 11 => 0 => 1 => 07/08/2012 => 537855 => 217 => 35545 => 07/08/2012 => RICARDO JOSE DE ABREU => 233275 => ANGELA MARIA VALERIO FLORIANO => 23071070 => Rua: Valdemar Medrado Dias => 209 =>  => Campo Grande => Rio de Janeiro => RJ =>  =>  =>  =>  => 01 => 139497 => KIT ITAT I3 PREMIUM 6P/3G BR =>  =>  =>  =>  =>  =>  =>  =>  =>  =>  =>  =>  =>  =>  =>  =>  =>  =>  =>  =>  =>  =>  =>  =>  =>  =>  =>  =>  =>  =>  =>  =>  =>  =>  =>  =>  =>  =>  => "

-------------------------------
 
CADASTRO DE CLIENTE
POST => "luciana" Data => "2012-08-16 11:48:28", Cadastrou o Cliente de vale 539309 => "INFORMAÇÕES CADASTRADAS => "5 => 0 => 1 => 0 => 1 => 09/08/2012 => 539309 => 179 => 11836 => 09/08/2012 => SAMARA CORDEIRO DE PAULA JUNI => 58708 => JESSICA DA SILVA DE OLIVEIRA => 25570760 => Rua: Amarildo => 383 =>  => Jardim Alegria => São João de Meriti => RJ =>  =>  =>  =>  => 01 => 9095 => KIT COZKP 6P DELTA PRIMUS BR =>  =>  =>  =>  =>  =>  =>  =>  =>  =>  =>  =>  =>  =>  =>  =>  =>  =>  =>  =>  =>  =>  =>  =>  =>  =>  =>  =>  =>  =>  =>  =>  =>  =>  =>  =>  =>  =>  => "

-------------------------------
 
CADASTRO DE CLIENTE
POST => "luciana" Data => "2012-08-16 11:50:28", Cadastrou o Cliente de vale 539314 => "INFORMAÇÕES CADASTRADAS => "5 => 19 => 30 => 0 => 1 => 09/08/2012 => 539314 => 179 => 11836 => 09/08/2012 => PAULA CRISTINE COTO ALBUQUER => 46059 => JESSICA DA SILVA DE OLIVEIRA => 25570760 => Rua: Amarildo => 383 =>  => Jardim Alegria => São João de Meriti => RJ =>  =>  =>  =>  => 01 => 5730 => MESA GRANITO LIVIA 4C QUAD NAP/PTO =>  =>  =>  =>  =>  =>  =>  =>  =>  =>  =>  =>  =>  =>  =>  =>  =>  =>  =>  =>  =>  =>  =>  =>  =>  =>  =>  =>  =>  =>  =>  =>  =>  =>  =>  =>  =>  =>  => "

-------------------------------
 
CADASTRO DE CLIENTE
POST => "luciana" Data => "2012-08-16 11:53:18", Cadastrou o Cliente de vale 520795 => "INFORMAÇÕES CADASTRADAS => "5 => 6 => 19 => 0 => 1 => 10/07/2012 => 520795 => 212 => 44393 => 10/07/2012 => PEDRO DA SILVA SANTOS => 279327 => SONIA LIRA GOMES  => 26160480 => Rua: Altamiro Baroni => 30 =>  => Vila Maia => Belford Roxo => RJ =>  =>  =>  =>  => 01 => 139155 => G.ROUPA FRITZ 6P DANY AMEND /PTO =>  =>  =>  =>  =>  =>  =>  =>  =>  =>  =>  =>  =>  =>  =>  =>  =>  =>  =>  =>  =>  =>  =>  =>  =>  =>  =>  =>  =>  =>  =>  =>  =>  =>  =>  =>  =>  =>  => "

-------------------------------
 
CADASTRO DE CLIENTE
POST => "luciana" Data => "2012-08-16 11:55:57", Cadastrou o Cliente de vale 521185 => "INFORMAÇÕES CADASTRADAS => "5 => 17 => 20 => 0 => 1 => 11/07/2012 => 521185 => 178 => 71891 => 11/07/2012 => EU CIDIA ELOIZA AFONSO => 457640 => MARIA JOSE COUTINHO MOTA  => 27276080 => Rua: Glória Roussim Guedes => 462 =>  => Açude I => Volta Redonda => RJ =>  =>  =>  =>  => 01 => 16419 => COZ. COMP ARAMOVEIS LILIAN PLUS BR/VD =>  =>  =>  =>  =>  =>  =>  =>  =>  =>  =>  =>  =>  =>  =>  =>  =>  =>  =>  =>  =>  =>  =>  =>  =>  =>  =>  =>  =>  =>  =>  =>  =>  =>  =>  =>  =>  =>  => "

-------------------------------
 
CADASTRO DE CLIENTE
POST => "MIRIAN" Data => "2012-08-16 11:57:52", Cadastrou o Cliente de vale 514133 => "INFORMAÇÕES CADASTRADAS => "11 => 40 => 14 => 0 => 0 => 30/06/2012 => 514133 => 179 => 21590 => 30/06/2012 => WANDERSON DAMASCENO => 76492/199 => MARIA DAS DORES LADOGA DA SILVA => 25225210 => AVENIDA: ACTURA => 423 =>  => VILA ACTURA => DUQUE DE CAXIAS => RJ =>  =>  =>  => AO LADODO POSTO DE SAUDE => 01 => 138033 => G.ROUPA ARAPLAC 10P ATLAN PLUS TB/AM =>  =>  =>  =>  =>  =>  =>  =>  =>  =>  =>  =>  =>  =>  =>  =>  =>  =>  =>  =>  =>  =>  =>  =>  =>  =>  =>  =>  =>  =>  =>  =>  =>  =>  =>  =>  =>  =>  => "

-------------------------------
 
CADASTRO DE CLIENTE
POST => "MIRIAN" Data => "2012-08-16 12:01:53", Cadastrou o Cliente de vale 537087 => "INFORMAÇÕES CADASTRADAS => "11 => 20 => 12 => 0 => 1 => 06/08/2012 => 537087 => 179 => 537087 => 06/08/2012 => CAMILA PEREIRA DE OLIVEIRA => 285653/199 => MARIA DAS DORES LADOGA DA SILVA => 25225210 => AVENIDA: ACTURA => 423 =>  => VILA ACTURA => DUQUE DE CAXIAS => RJ => 8568-1102 =>  =>  => AO LADO DO POSTO DE SAUDE PED.109225 => 01 => 138033 => G.ROUPA ARAPLAC 10P ATLAN PLUS TB/AM =>  =>  =>  =>  =>  =>  =>  =>  =>  =>  =>  =>  =>  =>  =>  =>  =>  =>  =>  =>  =>  =>  =>  =>  =>  =>  =>  =>  =>  =>  =>  =>  =>  =>  =>  =>  =>  =>  => "

-------------------------------
 
CADASTRO DE CLIENTE
POST => "luciana" Data => "2012-08-16 13:01:20", Cadastrou o Cliente de vale 537779 => "INFORMAÇÕES CADASTRADAS => "5 => 24 => 33 => 0 => 0 => 07/08/2012 => 537779 => 192 => 3184 => 07/08/2012 => ELUCIANA BARBOSA SANTOS => 47787 => MARIANGELA SILVA OLIVEIRA  => 21625130 => RUA: CAPITÃO MÁRIO BARBEDO => 301 =>  => Parque Anchieta => Rio de Janeiro => RJ =>  =>  =>  =>  => 01 => 135481 => COZ KIPLAC RENATA PLUS BR/PTO =>  =>  =>  =>  =>  =>  =>  =>  =>  =>  =>  =>  =>  =>  =>  =>  =>  =>  =>  =>  =>  =>  =>  =>  =>  =>  =>  =>  =>  =>  =>  =>  =>  =>  =>  =>  =>  =>  => "

-------------------------------
 
CADASTRO DE CLIENTE
POST => "luciana" Data => "2012-08-16 13:03:28", Cadastrou o Cliente de vale 520274 => "INFORMAÇÕES CADASTRADAS => "5 => 22 => 25 => 0 => 0 => 10/07/2012 => 520274 => 217 => 5270 => 10/07/2012 => FRANCISCA ZENEIDE => 84277 => ANGELA MARIA VALERIO FLORIANO => 23071070 => Rua: Valdemar Medrado Dias => 209 =>  => Campo Grande => Rio de Janeiro => RJ =>  =>  =>  =>  => 01 => 139497 => KIT ITAT I3 PREMIUM 6P/3G BR =>  =>  =>  =>  =>  =>  =>  =>  =>  =>  =>  =>  =>  =>  =>  =>  =>  =>  =>  =>  =>  =>  =>  =>  =>  =>  =>  =>  =>  =>  =>  =>  =>  =>  =>  =>  =>  =>  => "

-------------------------------
 
CADASTRO DE CLIENTE
POST => "luciana" Data => "2012-08-16 13:05:17", Cadastrou o Cliente de vale 521068 => "INFORMAÇÕES CADASTRADAS => "5 => 20 => 14 => 0 => 0 => 11/07/2012 => 521068 => 208 => 3778 => 11/07/2012 => RAQUEL MENDES => 84962 => JAQUELINE BALBINO DE ALMEIDA => 21235280 => Estrada: do Colégio => 10 =>  => Colégio => Rio de Janeiro => RJ =>  =>  =>  =>  => 01 => 9074 => COZINHA COMP COLOR ECLIPSE TOP PTO =>  =>  =>  =>  =>  =>  =>  =>  =>  =>  =>  =>  =>  =>  =>  =>  =>  =>  =>  =>  =>  =>  =>  =>  =>  =>  =>  =>  =>  =>  =>  =>  =>  =>  =>  =>  =>  =>  => "

-------------------------------
 
CADASTRO DE CLIENTE
POST => "luciana" Data => "2012-08-16 13:07:13", Cadastrou o Cliente de vale 521093 => "INFORMAÇÕES CADASTRADAS => "5 => 20 => 21 => 0 => 0 => 11/07/2012 => 521093 => 172 => 6786 => 11/07/2012 => MANOEL JOAQUIM GONCALVES => 84965 => MARIA INACIO DA SILVA  => 20973011 => AVENIDA: DOM HELDER CÂMARA => 1501 =>  => Benfica => Rio de Janeiro => RJ =>  =>  =>  =>  => 01 => 100136 => COZINHA ITAT DAYANE BR =>  =>  =>  =>  =>  =>  =>  =>  =>  =>  =>  =>  =>  =>  =>  =>  =>  =>  =>  =>  =>  =>  =>  =>  =>  =>  =>  =>  =>  =>  =>  =>  =>  =>  =>  =>  =>  =>  => "

-------------------------------
 
ALTERAÇÃO DE CLIENTE
POST => "MIRIAN" Data => "2012-08-16 14:48:42", Alterou o Cliente de vale 540931 => "INFORMAÇÕES ALTERADAS => "1 => 2599 => 11 => 37 => 21 => 0 => 2 => 11/04/2012 => 540931 => 243 => 540931 => 11/04/2012 =>  =>  => DANIEL SANTOS GUIMARAES =>  => RUA ALFREDO TEIXEIRA => 15 =>  => NOVA IGUAÇU => NOVA IGUAÇU => RJ => 3169-2967 => 9307-6360 => 3903-0820 => APOS O PONTO FINAL DO ONIBUS RIACHAO 1 A DIREITA,DEPOIS A ESQ/9433-1962 simone 2694-4695 sogro-/2694-4694-cunhada => agendado p/27/04/12. => 1 => 8921 => G.ROUPA BIANCHI 6P REQUINTE TB/MP => 0 =>  => 0 =>  => 0 =>  => 0 =>  => 0 =>  => 0 =>  => 0 =>  => 0 =>  => 0 =>  => 0 =>  => 0 =>  => 0 =>  => 0 =>  => 0 =>  => 0 =>  => 0 =>  => 0 =>  => 0 =>  => 0 =>  => "

-------------------------------
 
ALTERAÇÃO DE CLIENTE
POST => "MIRIAN" Data => "2012-08-16 14:51:58", Alterou o Cliente de vale 540931 => "INFORMAÇÕES ALTERADAS => "1 => 2599 => 11 => 42 => 18 => 0 => 2 => 11/04/2012 => 540931 => 243 => 540931 => 11/04/2012 =>  =>  => DANIEL SANTOS GUIMARAES =>  => RUA ALFREDO TEIXEIRA => 15 =>  => NOVA IGUAÇU => NOVA IGUAÇU => RJ => 3169-2967 => 9307-6360 => 3903-0820 => APOS O PONTO FINAL DO ONIBUS RIACHAO 1 A DIREITA,DEPOIS A ESQ/9433-1962 simone 2694-4695 sogro-/2694-4694-cunhada => agendado p/27/04/12.//marcelo alexandre vai atender 19/08/12 agendado com cliente. => 1 => 8921 => G.ROUPA BIANCHI 6P REQUINTE TB/MP => 0 =>  => 0 =>  => 0 =>  => 0 =>  => 0 =>  => 0 =>  => 0 =>  => 0 =>  => 0 =>  => 0 =>  => 0 =>  => 0 =>  => 0 =>  => 0 =>  => 0 =>  => 0 =>  => 0 =>  => 0 =>  => 0 =>  => "

-------------------------------
 
ALTERAÇÃO DE CLIENTE
POST => "luciana" Data => "2012-08-16 15:33:00", Alterou o Cliente de vale 576485 => "INFORMAÇÕES ALTERADAS => "1 => 4505 => 5 => 15 => 14 => 0 => 2 => 06/07/2012 => 576485 => 197 => 576485 => 06/07/2012 =>  =>  => CINTIA LOPES SILVA =>  => RUA AMAZONAS => 39 => CASA => COREIA => MESQUITA => RJ => 2697-0162 =>  =>  => MESQUITAMESQUITARI,PEDIDO: 2854 => FEITO O PEDIDO DE PEÇA DIA 16/8 E-MAIL ENVIADO PARA LIDIANE E WAGNER LUCIANA  => 1 => 140041 => SAPATEIRA CARRARO MULTI => 0 =>  => 0 =>  => 0 =>  => 0 =>  => 0 =>  => 0 =>  => 0 =>  => 0 =>  => 0 =>  => 0 =>  => 0 =>  => 0 =>  => 0 =>  => 0 =>  => 0 =>  => 0 =>  => 0 =>  => 0 =>  => 0 =>  => "

-------------------------------
 
ALTERAÇÃO DE CLIENTE
POST => "luciana" Data => "2012-08-16 15:37:53", Alterou o Cliente de vale 503649 => "INFORMAÇÕES ALTERADAS => "1 => 4179 => 5 => 29 => 13 => 0 => 0 => 11/06/2012 => 503649 => 280 => 5843 => 11/06/2012 => CASSIO FERNANDO BEZERRA DOS SA => 3207 => FABIO ALVES DOS SANTOS => 21670410 => RUA: MATIOLA => 65 => APT 203 BL4 => GUADALUPE => RIO DE JANEIRO => RJ => 7809-4310 =>  =>  => CONFIRMEI COM O CLIENTE  PARA QUARTA 20/6 FARLY  LUCIANA  => FEITO O PEDIDO DE PEÇA DIA 16/8 E-MAIL ENVIADO PARA LIDIANE E WAGNER LUCIANA => 1 => 16068 => MESA MODECOR BRUNA 4C T.VID BR/PT => 0 =>  => 0 =>  => 0 =>  => 0 =>  => 0 =>  => 0 =>  => 0 =>  => 0 =>  => 0 =>  => 0 =>  => 0 =>  => 0 =>  => 0 =>  => 0 =>  => 0 =>  => 0 =>  => 0 =>  => 0 =>  => 0 =>  => "

-------------------------------
 
ALTERAÇÃO DE CLIENTE
POST => "luciana" Data => "2012-08-16 15:45:10", Alterou o Cliente de vale 503650 => "INFORMAÇÕES ALTERADAS => "1 => 4192 => 5 => 33 => 21 => 0 => 0 => 11/06/2012 => 503650 => 280 => 5843 => 11/06/2012 => CASSIO FERNANDO BEZERRA DOS SA => 3227/199 => FABIO ALVES DOS SANTOS => 21670410 => RUA: MATIOLA => 65 => AP BL 4 ETA AP 203 => GUADALUPE => RIO DE JANEIRO => RJ =>  =>  =>  => PROX AO PREZENIC => FEITO O PEDIDO DE PEÇA DIA 16/8 E-MAIL ENVIADO PARA LIDIANE E WAGNER LUCIANA  => 1 => 135586 => CAMA CS BP DUBAY TB/BR/MP => 0 =>  => 0 =>  => 0 =>  => 0 =>  => 0 =>  => 0 =>  => 0 =>  => 0 =>  => 0 =>  => 0 =>  => 0 =>  => 0 =>  => 0 =>  => 0 =>  => 0 =>  => 0 =>  => 0 =>  => 0 =>  => 0 =>  => "

-------------------------------
