 
ALTERAÇÃO DE CLIENTE
POST => "luciana" Data => "2012-09-05 08:41:56", Alterou o Cliente de vale 525566 => "INFORMAÇÕES ALTERADAS => "1 => 4766 => 5 => 42 => 20 => 0 => 2 => 20/07/2012 => 525566 => 215 => 525566 => 18/07/2012 =>  =>  => MARLON COELHO DE MOURA =>  => RUA UBIRATAM  => 120 =>  => LARANJAU  => SAO GONCALO => RJ => 3186-9357 => 8543-8459 =>  => px ao radar do laranjau 5º rua a direita  76702 agend:30/8 RICARDO  VAI ATENDE DIA 4/9 FICHA ARQUIVADO DIA 5/9 LUCIANA  => LIGAR ANTES. => 1 => 100136 => COZINHA ITAT DAYANE BR => 0 =>  => 0 =>  => 0 =>  => 0 =>  => 0 =>  => 0 =>  => 0 =>  => 0 =>  => 0 =>  => 0 =>  => 0 =>  => 0 =>  => 0 =>  => 0 =>  => 0 =>  => 0 =>  => 0 =>  => 0 =>  => 0 =>  => "

-------------------------------
 
ALTERAÇÃO DE CLIENTE
POST => "luciana" Data => "2012-09-05 09:15:40", Alterou o Cliente de vale 450657 => "INFORMAÇÕES ALTERADAS => "1 => 4955 => 5 => 24 => 20 => 0 => 0 => 24/03/2012 => 450657 => 214 => 48273 => 24/03/2012 => ANTONIO CARLOS RODRIGUES DA SI => 511782/199 => VALDENALVA G DA SILVA => 24800000 => RUA MARTINHO JOSE BATISTA => 2 => LT02 QD 02 => CABUÇU => ITABORAÍ => RJ => 9553-5862 =>  =>  => 1 RUA APOS A PRAÇA EM FRENTE CASA DO ISMAEL DO GAS PROC  FERNAND0O VAI ATENDE 4/6 LUCIANA ZIMAR => E- MAIL ENVIADO PARA LIDIANE E WAGNER DIA 5/9 LUCIANA  => 1 => 9066 => MESA MODECOR LUMA 4C T VID BR => 0 =>  => 0 =>  => 0 =>  => 0 =>  => 0 =>  => 0 =>  => 0 =>  => 0 =>  => 0 =>  => 0 =>  => 0 =>  => 0 =>  => 0 =>  => 0 =>  => 0 =>  => 0 =>  => 0 =>  => 0 =>  => 0 =>  => "

-------------------------------
 
CADASTRO DE CLIENTE
POST => "camila" Data => "2012-09-05 15:47:15", Cadastrou o Cliente de vale 543732 => "INFORMAÇÕES CADASTRADAS => "6 => 37 => 23 => 0 => 1 => 29/08/2012 => 543732 => 254 => 6177 => 16/08/2012 => NEIDE DAYANE PITANGA DE ANDRAD => 68859 / 199 => CINTIA OLIVEIRA DE AZEVEDO => 27998000 => JOSE MAXIMILIANO  => 200 => CASA FDS => PRAÇA CORDEIRO  => Carapebus => RJ => 9996-1695 =>  =>  =>  => 01 => 136463 => G.ROUPA KAPP 6P 3G EXT LAGOS TECA/PT =>  =>  =>  =>  =>  =>  =>  =>  =>  =>  =>  =>  =>  =>  =>  =>  =>  =>  =>  =>  =>  =>  =>  =>  =>  =>  =>  =>  =>  =>  =>  =>  =>  =>  =>  =>  =>  =>  => "

-------------------------------
 
ALTERAÇÃO DE CLIENTE
POST => "luciana" Data => "2012-09-05 15:49:54", Alterou o Cliente de vale 523023 => "INFORMAÇÕES ALTERADAS => "1 => 4628 => 5 => 29 => 13 => 0 => 0 => 14/07/2012 => 523023 => 215 => 93635 => 13/07/2012 => LIVIA DE CASTRO SILVA => 500221/199 => CAMILA GUIMARAES COUTINHO => 24750000 => RUA: ANTÔNIO BERNARDO RIBEIRO => 242 =>  => ARSENAL => SÃO GONÇALO => RJ => 9321-2637 => 3712-6043 =>  => PROX AO MATERIAL DE CONSTRUÇÃO CS AO LADO CENTRO DE DILZA PROC LUCAS OU FELIPE => e- mail enviado para LIDIANE E WAGNER DIA 5/9 FICHA ARQUIVADA => 1 => 140391 => G.ROUPA ARAPLAC 8P AUSTRIA TB/BR => 0 =>  => 0 =>  => 0 =>  => 0 =>  => 0 =>  => 0 =>  => 0 =>  => 0 =>  => 0 =>  => 0 =>  => 0 =>  => 0 =>  => 0 =>  => 0 =>  => 0 =>  => 0 =>  => 0 =>  => 0 =>  => 0 =>  => "

-------------------------------
 
ALTERAÇÃO DE CLIENTE
POST => "luciana" Data => "2012-09-05 15:55:57", Alterou o Cliente de vale 387632 => "INFORMAÇÕES ALTERADAS => "1 => 279 => 5 => 16 => 16 => 0 => 0 => 01/03/2012 => 387632 => 239 => 26581 => 12/01/2012 =>  =>  => DAIANE DE OLINDO OLIVEIRA => 24715610 => RUA: PEROLAS => 92 => CASA QD 92 LT 05 CASA 01 => JARDIM CATARINA => SÃO GONÇALO => RJ => 3164-0885 => 7203-8497 =>  => CLIENTE AFIRMA QUE A MONTAGEM FOI CONCLUIDA E- MAIL ENVIADO PARA LIDIANE E WAGNER DIA 5/9 LUCIANA  =>  => 1 => 9092 => KIT COZ KP 8P DELTA PRIMUS BR => 0 =>  => 0 =>  => 0 =>  => 0 =>  => 0 =>  => 0 =>  => 0 =>  => 0 =>  => 0 =>  => 0 =>  => 0 =>  => 0 =>  => 0 =>  => 0 =>  => 0 =>  => 0 =>  => 0 =>  => 0 =>  => 0 =>  => "

-------------------------------
 
ALTERAÇÃO DE CLIENTE
POST => "luciana" Data => "2012-09-05 16:28:46", Alterou o Cliente de vale 508406 => "INFORMAÇÕES ALTERADAS => "1 => 5131 => 5 => 26 => 18 => 0 => 3 => 30/08/2012 => 508406 => RE => 508406 => 25/02/2012 =>  =>  => JOSE FERNANDO DOMINOS =>  => GASTAO LOPES A SILVA => 301APT => LT11QD02 => VENDA DAS PEDRAS => ITABORAÍ =>  => 9927-7088 =>  =>  => ORÇ 48830 => FEITO O PEDIDO DE PEÇAS DIA 5/9 E-MAIL ENVIADO PARA LIDIANE E WAGNER LUCIANA  => 1 => 134892 => COZ ITAT CRIATIVA MAXII2VPTO => 0 =>  => 0 =>  => 0 =>  => 0 =>  => 0 =>  => 0 =>  => 0 =>  => 0 =>  => 0 =>  => 0 =>  => 0 =>  => 0 =>  => 0 =>  => 0 =>  => 0 =>  => 0 =>  => 0 =>  => 0 =>  => 0 =>  => "

-------------------------------
 
ALTERAÇÃO DE CLIENTE
POST => "luciana" Data => "2012-09-05 16:33:06", Alterou o Cliente de vale 536751 => "INFORMAÇÕES ALTERADAS => "1 => 5104 => 5 => 40 => 30 => 0 => 3 => 30/08/2012 => 536751 => 250 => 536751 => 03/04/2012 =>  =>  => GRAZIELA REGINA DE OLIVEIRA BARRETO =>  => TRAVESSA MANCO => 45 => CS 05 => VENDAS DAS PEDRAS => ITABORAÍ => RJ =>  =>  =>  => PED.15937 => 1- TAMPO FEITO O PEDIDO DE PEÇA DIA 5/9 E- -MAIL ENVIADO PARA LIDIANE E WAGNER LUCIANA  => 1 => 136749 => BALCAO KP REFLECTA 2P BR/GRAF => 0 =>  => 0 =>  => 0 =>  => 0 =>  => 0 =>  => 0 =>  => 0 =>  => 0 =>  => 0 =>  => 0 =>  => 0 =>  => 0 =>  => 0 =>  => 0 =>  => 0 =>  => 0 =>  => 0 =>  => 0 =>  => 0 =>  => "

-------------------------------
 
ALTERAÇÃO DE CLIENTE
POST => "luciana" Data => "2012-09-05 17:13:17", Alterou o Cliente de vale 510779 => "INFORMAÇÕES ALTERADAS => "1 => 881 => 5 => 26 => 11 => 0 => 2 => 10/03/2012 => 510779 => WA => 510779 => 09/03/2012 =>  =>  => LUIZ CARLOS DE MIRANDA CASTILHO =>  => RUA TAIUVA => 109 => CASA 11 FDS => PADRE MIGUEL => RIO DE JANEIRO => RJ => 2404-8794 => 9631-3616 =>  => PX AO LARGO DA TAPIRANGA,PEDIDO: 41771 =>  => 1 => 1936 => CAMA CS BECHARA FLORIDA MG => 0 =>  => 0 =>  => 0 =>  => 0 =>  => 0 =>  => 0 =>  => 0 =>  => 0 =>  => 0 =>  => 0 =>  => 0 =>  => 0 =>  => 0 =>  => 0 =>  => 0 =>  => 0 =>  => 0 =>  => 0 =>  => 0 =>  => "

-------------------------------
 
ALTERAÇÃO DE CLIENTE
POST => "luciana" Data => "2012-09-05 17:24:53", Alterou o Cliente de vale 546510 => "INFORMAÇÕES ALTERADAS => "1 => 5027 => 5 => 23 => 2 => 0 => 0 => 21/08/2012 => 546510 => 169 => 7284 => 20/08/2012 => ROSANA SOUZA MONTEIRO => 83010/199 => JAQUELINE SILVA CHAFFIN => 24315460 => RUA: MATO GROSSO => 53 => CS 03 => SAPE => NITERÓI => RJ => 8313-3795 =>  =>  => R A DIR ANTES DA PADARIA SOBERANA EM FRENTE AO BAR DO PAULO CASA VAZIA =>  => 1 => 139530 => G. ROUPA MOVAL 3P SANTIAGO IMB/PTO => 0 =>  => 0 =>  => 0 =>  => 0 =>  => 0 =>  => 0 =>  => 0 =>  => 0 =>  => 0 =>  => 0 =>  => 0 =>  => 0 =>  => 0 =>  => 0 =>  => 0 =>  => 0 =>  => 0 =>  => 0 =>  => 0 =>  => "

-------------------------------
 
ALTERAÇÃO DE CLIENTE
POST => "luciana" Data => "2012-09-05 17:46:57", Alterou o Cliente de vale 537783 => "INFORMAÇÕES ALTERADAS => "1 => 4943 => 5 => 30 => 17 => 0 => 1 => 08/08/2012 => 537783 => 204 => 1311 => 07/08/2012 => ALCIDES SANTOS EIRAS => 24911/199 => ROSANE DE MORAES MENDES DOS SANTOS => 24420560 => RUA: BOQUEIRAO PEQUENO => 1856 =>  => GALO BRANCO => SÃO GONÇALO => RJ =>  =>  =>  => RUA DA GARAGEM NOVA AVIAÇÃO GALO BRANCO PROC SRA HELENA SOGRA => E- MAIL ENVIADO PARA O NAEC DIA 5/9 LUCIANA  => 1 => 135479 => BALCAO C/T KIPLAC RENATA PLUS BR/PT => 0 =>  => 0 =>  => 0 =>  => 0 =>  => 0 =>  => 0 =>  => 0 =>  => 0 =>  => 0 =>  => 0 =>  => 0 =>  => 0 =>  => 0 =>  => 0 =>  => 0 =>  => 0 =>  => 0 =>  => 0 =>  => 0 =>  => "

-------------------------------
