 
ALTERAÇÃO DE CLIENTE
POST => "luciana" Data => "2012-09-12 09:08:53", Alterou o Cliente de vale 521572 => "INFORMAÇÕES ALTERADAS => "1 => 4617 => 5 => 39 => 10 => 2 => 0 => 11/07/2012 => 521572 => 175 => 38678 => 11/07/2012 => MARCO AURELIO OLIVEIRA DOS SANTOS => 1207/199 => ANDREA DA COSTA  NUNES => 20530120 => RUA: CASTELNUOVO => 328 =>  => TIJUCA => RIO DE JANEIRO => RJ => 2278-2636 =>  =>  => COMUNIDADE DO FORMIGA AO LADO DO BAR DA IONE PROC MARILDA OU MARCELA => e- mail enviado para JANDIRA E LIDIANE DIA 4/9 O MONTADOR WILTON VAI RETORNAR COM A DECLARAÇÃO DA CLIENTE DIA 13/9 QUINTA FEIRA  LUCIANA  => 1 => 8981 => G. ROUPA MOVAL 6P40065 COL PLUS TB/M => 0 =>  => 0 =>  => 0 =>  => 0 =>  => 0 =>  => 0 =>  => 0 =>  => 0 =>  => 0 =>  => 0 =>  => 0 =>  => 0 =>  => 0 =>  => 0 =>  => 0 =>  => 0 =>  => 0 =>  => 0 =>  => 0 =>  => "

-------------------------------
 
ALTERAÇÃO DE CLIENTE
POST => "luciana" Data => "2012-09-12 09:16:26", Alterou o Cliente de vale 521572 => "INFORMAÇÕES ALTERADAS => "1 => 4617 => 5 => 32 => 21 => 2 => 0 => 11/07/2012 => 521572 => 175 => 38678 => 11/07/2012 => MARCO AURELIO OLIVEIRA DOS SANTOS => 1207/199 => ANDREA DA COSTA  NUNES => 20530120 => RUA: CASTELNUOVO => 328 =>  => TIJUCA => RIO DE JANEIRO => RJ => 2278-2636 =>  =>  => COMUNIDADE DO FORMIGA AO LADO DO BAR DA IONE PROC MARILDA OU MARCELA => e- mail enviado para JANDIRA E LIDIANE DIA 4/9 O MONTADOR WILTON VAI RETORNAR COM A DECLARAÇÃO DA CLIENTE DIA 13/9 QUINTA FEIRA  LUCIANA  => 1 => 8981 => G. ROUPA MOVAL 6P40065 COL PLUS TB/M => 0 =>  => 0 =>  => 0 =>  => 0 =>  => 0 =>  => 0 =>  => 0 =>  => 0 =>  => 0 =>  => 0 =>  => 0 =>  => 0 =>  => 0 =>  => 0 =>  => 0 =>  => 0 =>  => 0 =>  => 0 =>  => 0 =>  => "

-------------------------------
 
ALTERAÇÃO DE CLIENTE
POST => "luciana" Data => "2012-09-12 10:27:35", Alterou o Cliente de vale 477361 => "INFORMAÇÕES ALTERADAS => "1 => 2905 => 5 => 21 => 21 => 0 => 0 => 28/04/2012 => 477361 => 236 => 45786 => 26/04/2012 => EDIR SILVA DOS SANTOS => 672/199 => MARCELO PEREIRA DE SENA => 25550340 => RUA: URANIO => lt 08 => QD 16 => PARQUE ALIAN => SÃO JOÃO DE MERITI => RJ => 7279-1677 =>  =>  => COLEGIO AMIGO DO SABER PROC MARCELO.JOSE CARLOS RIBEIRO VAI ATENDE QUARTA 12/9 CLIENTE CIENTE LUCIANA  => Email enviado ao naec dia 11-06-12 Camila => 1 => 140391 => G.ROUPA ARAPLAC 8P AUSTRIA TB/BR => 0 =>  => 0 =>  => 0 =>  => 0 =>  => 0 =>  => 0 =>  => 0 =>  => 0 =>  => 0 =>  => 0 =>  => 0 =>  => 0 =>  => 0 =>  => 0 =>  => 0 =>  => 0 =>  => 0 =>  => 0 =>  => 0 =>  => "

-------------------------------
 
ALTERAÇÃO DE CLIENTE
POST => "luciana" Data => "2012-09-12 10:42:25", Alterou o Cliente de vale 538518 => "INFORMAÇÕES ALTERADAS => "1 => 4035 => 5 => 26 => 10 => 0 => 2 => 01/06/2012 => 538518 => 170 => 538518 => 31/05/2012 =>  =>  => IVONILDE OLIVEIRA SOUSA =>  => MACEMBU => 746 => RUA B => TAQUARA => RIO DE JANEIRO =>  => 3342-8892 =>  =>  => CONFIRMEI COM ALINE FILHA DA CLIENTE PARA QUARTA 15/7  FEITO O PEDIDO DE PEÇAS DIA 11/9 E- MAIL ENVIADO PARA LIDIANE E WAGNER  LUCIANA  => Passado email p/Camila dia 29/06/12  p/cobrar do montador,pois cel do montador esta fora de area as 15:14,Atendimento tem que ser feito ate 03/07/12.Mirian// agendado revisao com o cliente dia 14/07/12 confirmado com a propia cliente. => 1 => 139576 => G ROUPA IRMOL 2P APOLO CHOC/IMB/MP => 0 =>  => 0 =>  => 0 =>  => 0 =>  => 0 =>  => 0 =>  => 0 =>  => 0 =>  => 0 =>  => 0 =>  => 0 =>  => 0 =>  => 0 =>  => 0 =>  => 0 =>  => 0 =>  => 0 =>  => 0 =>  => 0 =>  => "

-------------------------------
 
ALTERAÇÃO DE CLIENTE
POST => "luciana" Data => "2012-09-12 10:46:30", Alterou o Cliente de vale 538518 => "INFORMAÇÕES ALTERADAS => "1 => 4035 => 5 => 26 => 15 => 0 => 2 => 01/06/2012 => 538518 => 170 => 538518 => 31/05/2012 =>  =>  => IVONILDE OLIVEIRA SOUSA =>  => MACEMBU => 746 => RUA B => TAQUARA => RIO DE JANEIRO =>  => 3342-8892 =>  =>  => CONFIRMEI COM ALINE FILHA DA CLIENTE PARA QUARTA 15/7  FEITO O PEDIDO DE PEÇAS DIA 11/9 E- MAIL ENVIADO PARA LIDIANE E WAGNER  LUCIANA  => Passado email p/Camila dia 29/06/12  p/cobrar do montador,pois cel do montador esta fora de area as 15:14,Atendimento tem que ser feito ate 03/07/12.Mirian// agendado revisao com o cliente dia 14/07/12 confirmado com a propia cliente. => 1 => 139576 => G ROUPA IRMOL 2P APOLO CHOC/IMB/MP => 0 =>  => 0 =>  => 0 =>  => 0 =>  => 0 =>  => 0 =>  => 0 =>  => 0 =>  => 0 =>  => 0 =>  => 0 =>  => 0 =>  => 0 =>  => 0 =>  => 0 =>  => 0 =>  => 0 =>  => 0 =>  => 0 =>  => "

-------------------------------
 
ALTERAÇÃO DE CLIENTE
POST => "luciana" Data => "2012-09-12 10:48:16", Alterou o Cliente de vale 477361 => "INFORMAÇÕES ALTERADAS => "1 => 2905 => 5 => 25 => 25 => 0 => 0 => 28/04/2012 => 477361 => 236 => 45786 => 26/04/2012 => EDIR SILVA DOS SANTOS => 672/199 => MARCELO PEREIRA DE SENA => 25550340 => RUA: URANIO => lt 08 => QD 16 => PARQUE ALIAN => SÃO JOÃO DE MERITI => RJ => 7279-1677 =>  =>  => COLEGIO AMIGO DO SABER PROC MARCELO.ALEX  VAI ATENDE QUARTA 12/9 CLIENTE CIENTE LUCIANA  => Email enviado ao naec dia 11-06-12 Camila => 1 => 140391 => G.ROUPA ARAPLAC 8P AUSTRIA TB/BR => 0 =>  => 0 =>  => 0 =>  => 0 =>  => 0 =>  => 0 =>  => 0 =>  => 0 =>  => 0 =>  => 0 =>  => 0 =>  => 0 =>  => 0 =>  => 0 =>  => 0 =>  => 0 =>  => 0 =>  => 0 =>  => 0 =>  => "

-------------------------------
 
ALTERAÇÃO DE CLIENTE
POST => "luciana" Data => "2012-09-12 10:52:31", Alterou o Cliente de vale 538518 => "INFORMAÇÕES ALTERADAS => "1 => 4035 => 5 => 19 => 24 => 0 => 2 => 01/06/2012 => 538518 => 170 => 538518 => 31/05/2012 =>  =>  => IVONILDE OLIVEIRA SOUSA =>  => MACEMBU => 746 => RUA B => TAQUARA => RIO DE JANEIRO =>  => 3342-8892 =>  =>  => CONFIRMEI COM ALINE FILHA DA CLIENTE PARA QUARTA 15/7  FEITO O PEDIDO DE PEÇAS DIA 11/9 E- MAIL ENVIADO PARA LIDIANE E WAGNER  LUCIANA  => Passado email p/Camila dia 29/06/12  p/cobrar do montador,pois cel do montador esta fora de area as 15:14,Atendimento tem que ser feito ate 03/07/12.Mirian// agendado revisao com o cliente dia 14/07/12 confirmado com a propia cliente. => 1 => 139576 => G ROUPA IRMOL 2P APOLO CHOC/IMB/MP => 0 =>  => 0 =>  => 0 =>  => 0 =>  => 0 =>  => 0 =>  => 0 =>  => 0 =>  => 0 =>  => 0 =>  => 0 =>  => 0 =>  => 0 =>  => 0 =>  => 0 =>  => 0 =>  => 0 =>  => 0 =>  => 0 =>  => "

-------------------------------
 
CADASTRO DE CLIENTE
POST => "luciana" Data => "2012-09-12 11:11:39", Cadastrou o Cliente de vale 561028 => "INFORMAÇÕES CADASTRADAS => "5 => 36 => 8 => 0 => 0 => 12/09/2012 => 561028 => 171 => 24808 => 12/09/2012 => PENHA ROSANA DA SILVA CAMPOS  => 4027 => MARLUCE AGUIAR PEREIRA  => 21820140 => Rua: Fiação => 183 =>  => Bangu => Rio de Janeiro => RJ =>  =>  =>  =>  => 01 => 134898 => COZ COMP ARAMOVEIS LILIAN PLUS  BR/PT =>  =>  =>  =>  =>  =>  =>  =>  =>  =>  =>  =>  =>  =>  =>  =>  =>  =>  =>  =>  =>  =>  =>  =>  =>  =>  =>  =>  =>  =>  =>  =>  =>  =>  =>  =>  =>  =>  => "

-------------------------------
 
ALTERAÇÃO DE CLIENTE
POST => "luciana" Data => "2012-09-12 11:14:19", Alterou o Cliente de vale 561028 => "INFORMAÇÕES ALTERADAS => "1 => 5171 => 5 => 19 => 29 => 0 => 0 => 12/09/2012 => 561028 => 171 => 24808 => 12/09/2012 => PENHA ROSANA DA SILVA CAMPOS => 4027 => MARLUCE AGUIAR PEREIRA => 21820140 => RUA: FIAÇÃO => 183 =>  => BANGU => RIO DE JANEIRO => RJ =>  =>  =>  => agend: quinta feira 13/9 LUCIANA  =>  => 1 => 134898 => COZ COMP ARAMOVEIS LILIAN PLUS  BR/PT => 0 =>  => 0 =>  => 0 =>  => 0 =>  => 0 =>  => 0 =>  => 0 =>  => 0 =>  => 0 =>  => 0 =>  => 0 =>  => 0 =>  => 0 =>  => 0 =>  => 0 =>  => 0 =>  => 0 =>  => 0 =>  => 0 =>  => "

-------------------------------
 
ALTERAÇÃO DE CLIENTE
POST => "luciana" Data => "2012-09-12 11:43:29", Alterou o Cliente de vale 524472 => "INFORMAÇÕES ALTERADAS => "1 => 3616 => 5 => 30 => 15 => 0 => 2 => 14/05/2012 => 524472 => 212 => 524472 => 30/11/-0001 =>  =>  => MARCILENE MARTINS DA SILVA =>  => RUA MARTINS FERREIRA => 16 =>  => AREIA BRANCA => BELFORD ROXO => RJ => 2785-2928 => 7880-5243 =>  => PX GARAGEM DE ONIBUS BLANCO AGEND:15/09 LUCIANA  => CLIENTE AUSENTE DIA 21/05/2012,NAO TINHA RESPONSÁVEL EM CASA E O MONTADOR ESTARA RETORNANDO AMANHA DIA 22/05 => 1 =>  => G ROUPA S ANDIRA HAVANA PLUS 6P IMB/MP => 0 =>  => 0 =>  => 0 =>  => 0 =>  => 0 =>  => 0 =>  => 0 =>  => 0 =>  => 0 =>  => 0 =>  => 0 =>  => 0 =>  => 0 =>  => 0 =>  => 0 =>  => 0 =>  => 0 =>  => 0 =>  => 0 =>  => "

-------------------------------
 
ALTERAÇÃO DE CLIENTE
POST => "luciana" Data => "2012-09-12 11:44:22", Alterou o Cliente de vale 524472 => "INFORMAÇÕES ALTERADAS => "1 => 3616 => 5 => 36 => 20 => 0 => 2 => 14/05/2012 => 524472 => 212 => 524472 => 30/11/-0001 =>  =>  => MARCILENE MARTINS DA SILVA =>  => RUA MARTINS FERREIRA => 16 =>  => AREIA BRANCA => BELFORD ROXO => RJ => 2785-2928 => 7880-5243 =>  => PX GARAGEM DE ONIBUS BLANCO AGEND:15/09 LUCIANA  => CLIENTE AUSENTE DIA 21/05/2012,NAO TINHA RESPONSÁVEL EM CASA E O MONTADOR ESTARA RETORNANDO AMANHA DIA 22/05 => 1 =>  => G ROUPA S ANDIRA HAVANA PLUS 6P IMB/MP => 0 =>  => 0 =>  => 0 =>  => 0 =>  => 0 =>  => 0 =>  => 0 =>  => 0 =>  => 0 =>  => 0 =>  => 0 =>  => 0 =>  => 0 =>  => 0 =>  => 0 =>  => 0 =>  => 0 =>  => 0 =>  => 0 =>  => "

-------------------------------
 
ALTERAÇÃO DE CLIENTE
POST => "luciana" Data => "2012-09-12 11:45:04", Alterou o Cliente de vale 537783 => "INFORMAÇÕES ALTERADAS => "1 => 4943 => 5 => 34 => 11 => 0 => 1 => 08/08/2012 => 537783 => 204 => 1311 => 07/08/2012 => ALCIDES SANTOS EIRAS => 24911/199 => ROSANE DE MORAES MENDES DOS SANTOS => 24420560 => RUA: BOQUEIRAO PEQUENO => 1856 =>  => GALO BRANCO => SÃO GONÇALO => RJ =>  =>  =>  => RUA DA GARAGEM NOVA AVIAÇÃO GALO BRANCO PROC SRA HELENA SOGRA AGEND: QUINTA 6/9 LUCIANA  => E- MAIL ENVIADO PARA O NAEC DIA 5/9 LIDIANE LUCIANA  => 1 => 135479 => BALCAO C/T KIPLAC RENATA PLUS BR/PT => 0 =>  => 0 =>  => 0 =>  => 0 =>  => 0 =>  => 0 =>  => 0 =>  => 0 =>  => 0 =>  => 0 =>  => 0 =>  => 0 =>  => 0 =>  => 0 =>  => 0 =>  => 0 =>  => 0 =>  => 0 =>  => 0 =>  => "

-------------------------------
 
ALTERAÇÃO DE CLIENTE
POST => "luciana" Data => "2012-09-12 11:46:04", Alterou o Cliente de vale 537783 => "INFORMAÇÕES ALTERADAS => "1 => 4943 => 5 => 45 => 3 => 0 => 1 => 08/08/2012 => 537783 => 204 => 1311 => 07/08/2012 => ALCIDES SANTOS EIRAS => 24911/199 => ROSANE DE MORAES MENDES DOS SANTOS => 24420560 => RUA: BOQUEIRAO PEQUENO => 1856 =>  => GALO BRANCO => SÃO GONÇALO => RJ =>  =>  =>  => RUA DA GARAGEM NOVA AVIAÇÃO GALO BRANCO PROC SRA HELENA SOGRA AGEND: QUINTA 6/9 LUCIANA  => E- MAIL ENVIADO PARA O NAEC DIA 5/9 PARA PEDI UM TEL DE CONTADO LIDIANE LUCIANA  => 1 => 135479 => BALCAO C/T KIPLAC RENATA PLUS BR/PT => 0 =>  => 0 =>  => 0 =>  => 0 =>  => 0 =>  => 0 =>  => 0 =>  => 0 =>  => 0 =>  => 0 =>  => 0 =>  => 0 =>  => 0 =>  => 0 =>  => 0 =>  => 0 =>  => 0 =>  => 0 =>  => 0 =>  => "

-------------------------------
 
ALTERAÇÃO DE CLIENTE
POST => "luciana" Data => "2012-09-12 13:17:41", Alterou o Cliente de vale 538188 => "INFORMAÇÕES ALTERADAS => "1 => 4929 => 5 => 27 => 30 => 0 => 0 => 09/08/2012 => 538188 => 208 => 36194 => 08/08/2012 => THIAGO SOTERO MARCELINO => 538188/199 => MARCOS VINICIUS DE ARAUJO PINHEIRO => 21941730 => RUA: GAIVOTA => 21 =>  => GALEÃO => RIO DE JANEIRO => RJ => 2465-0439 => 3352-8326 =>  => PROX AO BAR DO MARQUINHO VILA JUANIZA PROC YURI AGEND: QUINTA 6/9 ALEX LUCIANA  => ag. 23/08/12.agend:segunda 27/8 Luciana  => 1 => 135479 => BALCAO C/T KIPLAC RENATA PLUS BR/PT => 1 => 135481 => COZ KIPLAC RENATA PLUS BR/PTO => 0 =>  => 0 =>  => 0 =>  => 0 =>  => 0 =>  => 0 =>  => 0 =>  => 0 =>  => 0 =>  => 0 =>  => 0 =>  => 0 =>  => 0 =>  => 0 =>  => 0 =>  => 0 =>  => 0 =>  => 0 =>  => "

-------------------------------
 
ALTERAÇÃO DE CLIENTE
POST => "luciana" Data => "2012-09-12 13:18:42", Alterou o Cliente de vale 431590 => "INFORMAÇÕES ALTERADAS => "1 => 2861 => 5 => 20 => 31 => 0 => 0 => 26/04/2012 => 431590 => 282 => 9082 => 28/02/2012 => ANDREA LISBOA RIBEIRO SILVA => 282 => DEUZENIR FELIX DA COSTA => 22740115 => RUA AMARANHAO => 41 =>  => RIO DAS PEDRAS => RIO DE JANEIRO => RJ =>  =>  =>  => PINHEIRO DEPOIS DO CASTELO PELA RUA CLARA NUNES PELO ESCDAO E- MAIL ENVIADO PARA O NAEC DIA 6/9 para pedi tel de contato LUCIANA  => FICHA SAIU COM MARCELO ALEXANDRE. => 1 => 140391 => G.ROUPA ARAPLAC 8P AUSTRIA TB/BR => 0 =>  => 0 =>  => 0 =>  => 0 =>  => 0 =>  => 0 =>  => 0 =>  => 0 =>  => 0 =>  => 0 =>  => 0 =>  => 0 =>  => 0 =>  => 0 =>  => 0 =>  => 0 =>  => 0 =>  => 0 =>  => 0 =>  => "

-------------------------------
 
ALTERAÇÃO DE CLIENTE
POST => "luciana" Data => "2012-09-12 13:28:31", Alterou o Cliente de vale 431590 => "INFORMAÇÕES ALTERADAS => "1 => 2861 => 5 => 32 => 36 => 0 => 0 => 26/04/2012 => 431590 => 282 => 9082 => 28/02/2012 => ANDREA LISBOA RIBEIRO SILVA => 282 => DEUZENIR FELIX DA COSTA => 22740115 => RUA AMARANHAO => 41 =>  => RIO DAS PEDRAS => RIO DE JANEIRO => RJ =>  =>  =>  => PINHEIRO DEPOIS DO CASTELO PELA RUA CLARA NUNES PELO ESCDAO E- MAIL ENVIADO PARA O NAEC DIA 6/9 para pedi tel de contato LUCIANA  => FICHA SAIU COM MARCELO ALEXANDRE. => 1 => 140391 => G.ROUPA ARAPLAC 8P AUSTRIA TB/BR => 0 =>  => 0 =>  => 0 =>  => 0 =>  => 0 =>  => 0 =>  => 0 =>  => 0 =>  => 0 =>  => 0 =>  => 0 =>  => 0 =>  => 0 =>  => 0 =>  => 0 =>  => 0 =>  => 0 =>  => 0 =>  => 0 =>  => "

-------------------------------
 
ALTERAÇÃO DE CLIENTE
POST => "luciana" Data => "2012-09-12 13:36:34", Alterou o Cliente de vale 525995 => "INFORMAÇÕES ALTERADAS => "1 => 4778 => 5 => 33 => 10 => 0 => 0 => 20/07/2012 => 525995 => 171 => 7403 => 19/07/2012 => WANDERSON DOS SANTOS COELHO => 71165/199 => MARIA DO CARMO DOS SANTOS DA SILVA => 21843106 => RUA ALEXANDRINA => 36 =>  => SENADOR CAMARA => RIO DE JANEIRO => RJ =>  =>  =>  => ENTRANDO NA PADSARIA ANA MARIA TERCEIRA CASA => Endereço não localizado,passado email p/naec 08/08/12 solicitando tel e referencia.mirian e- mail enviado novamente para o naec dia 12/9 Lidiane LUCIANA . => 1 => 137130 => MESA CARRARO MULTI 2B 291/106CRPTO => 0 =>  => 0 =>  => 0 =>  => 0 =>  => 0 =>  => 0 =>  => 0 =>  => 0 =>  => 0 =>  => 0 =>  => 0 =>  => 0 =>  => 0 =>  => 0 =>  => 0 =>  => 0 =>  => 0 =>  => 0 =>  => 0 =>  => "

-------------------------------
 
ALTERAÇÃO DE CLIENTE
POST => "luciana" Data => "2012-09-12 13:36:56", Alterou o Cliente de vale 45786 => "INFORMAÇÕES ALTERADAS => "1 => 2887 => 5 => 16 => 3 => 0 => 0 => 26/04/2012 => 45786 => 236 => 477361 => 24/04/2012 => EDIR SILVA DOS SANTOS => 672/199 => MARCELO PEREIRA DE SENA => 25550340 => RUA: URANI =>  => LT 08 => PARQUE ALIAN => SÃO JOÃO DE MERITI => RJ => 7279-1677 =>  =>  => Ligar antes de ir. AGEND: 12/9 LUCIANA  => compensado danificado. => 1 => 140391 => G.ROUPA ARAPLAC 8P AUSTRIA TB/BR => 0 =>  => 0 =>  => 0 =>  => 0 =>  => 0 =>  => 0 =>  => 0 =>  => 0 =>  => 0 =>  => 0 =>  => 0 =>  => 0 =>  => 0 =>  => 0 =>  => 0 =>  => 0 =>  => 0 =>  => 0 =>  => 0 =>  => "

-------------------------------
 
ALTERAÇÃO DE CLIENTE
POST => "luciana" Data => "2012-09-12 13:41:27", Alterou o Cliente de vale 486177 => "INFORMAÇÕES ALTERADAS => "1 => 3680 => 5 => 25 => 36 => 0 => 0 => 15/05/2012 => 486177 => 241 => 25836 => 11/05/2012 => JULIO CESAR VIEIRA SOARES => 233534 => VERA LUCIA SOUZA DA SILVA =>  => ALEXANDRE RANGEL => 19 => CASA => VILA GUIMARES => NOVA IGUAÇU =>  => 2763-4190 =>  =>  => PROC SR VERA LUCIA TROCA SEM RECOLHIMENTO..Email enviado ao naec dia 22-05-2012 Camila. ENDEREÇO:RUA SAO MARTINHO, 14 CASA 02 AUSTIN, NOVA IGUACU (21)2763-4190 => obs: passei e-mail para marta no dia 19/05/2012 as 10:05 para cobrar do montador.simone  AGEND: SABADO 11/8 e- mail enviado novamente para o naec dia 12/9 Lidiane LUCIANA  => 1 => 136651 => COZINHA TELASSUL CRISTAL 80123 BR => 0 =>  => 0 =>  => 0 =>  => 0 =>  => 0 =>  => 0 =>  => 0 =>  => 0 =>  => 0 =>  => 0 =>  => 0 =>  => 0 =>  => 0 =>  => 0 =>  => 0 =>  => 0 =>  => 0 =>  => 0 =>  => 0 =>  => "

-------------------------------
 
ALTERAÇÃO DE CLIENTE
POST => "luciana" Data => "2012-09-12 13:45:34", Alterou o Cliente de vale 139776 => "INFORMAÇÕES ALTERADAS => "1 => 3296 => 5 => 37 => 4 => 0 => 0 => 10/05/2012 => 139776 => 179 => 485556 => 10/05/2012 => ANDERSON PEREIRA SANTOS => 404933/199 => GILVAN JOSE DE LYRA => 25080430 => RUA: ROBERTO SILVEIRA => 26 =>  => PARQUE FELICIDADE => DUQUE DE CAXIAS => RJ =>  =>  =>  => CLIENTE NÃO TEM TEL NO SISTEMA PARA AFIRMAR AGENDAMENTO PARA segunda 13/5 PASSEI E-MAIL P/ O NAEC DIA 11/5 PARA PEDI O TELEFONE e- mail enviado novamente para o naec dia 12/9 Lidiane LUCIANA =>  => 1 => 8342 => G ROUPA N.HORIZ 3P AREZZO TB/BR/MP => 0 =>  => 0 =>  => 0 =>  => 0 =>  => 0 =>  => 0 =>  => 0 =>  => 0 =>  => 0 =>  => 0 =>  => 0 =>  => 0 =>  => 0 =>  => 0 =>  => 0 =>  => 0 =>  => 0 =>  => 0 =>  => 0 =>  => "

-------------------------------
 
ALTERAÇÃO DE CLIENTE
POST => "luciana" Data => "2012-09-12 13:57:48", Alterou o Cliente de vale 525995 => "INFORMAÇÕES ALTERADAS => "1 => 4778 => 5 => 23 => 21 => 0 => 0 => 20/07/2012 => 525995 => 171 => 7403 => 19/07/2012 => WANDERSON DOS SANTOS COELHO => 71165/199 => MARIA DO CARMO DOS SANTOS DA SILVA => 21843106 => RUA ALEXANDRINA => 36 =>  => SENADOR CAMARA => RIO DE JANEIRO => RJ => 9993-2375 => 3341-1450 =>  => ENTRANDO NA PADSARIA ANA MARIA TERCEIRA CASA cliente não atende os 2 tel acima dia 12/9 as 13:58hs Luciana. => Endereço não localizado,passado email p/naec 08/08/12 solicitando tel e referencia.mirian e- mail enviado novamente para o naec dia 12/9 Lidiane LUCIANA . => 1 => 137130 => MESA CARRARO MULTI 2B 291/106CRPTO => 0 =>  => 0 =>  => 0 =>  => 0 =>  => 0 =>  => 0 =>  => 0 =>  => 0 =>  => 0 =>  => 0 =>  => 0 =>  => 0 =>  => 0 =>  => 0 =>  => 0 =>  => 0 =>  => 0 =>  => 0 =>  => 0 =>  => "

-------------------------------
 
ALTERAÇÃO DE CLIENTE
POST => "luciana" Data => "2012-09-12 14:06:38", Alterou o Cliente de vale 431590 => "INFORMAÇÕES ALTERADAS => "1 => 2861 => 5 => 23 => 24 => 0 => 0 => 26/04/2012 => 431590 => 282 => 9082 => 28/02/2012 => ANDREA LISBOA RIBEIRO SILVA => 282 => DEUZENIR FELIX DA COSTA => 22740115 => RUA AMARANHAO => 41 =>  => RIO DAS PEDRAS => RIO DE JANEIRO => RJ => 9405-1624 =>  =>  => PINHEIRO DEPOIS DO CASTELO PELA RUA CLARA NUNES PELO ESCDAO E- MAIL ENVIADO PARA O NAEC DIA 6/9 para pedi tel de contato LUCIANA  => FICHA SAIU COM MARCELO ALEXANDRE. => 1 => 140391 => G.ROUPA ARAPLAC 8P AUSTRIA TB/BR => 0 =>  => 0 =>  => 0 =>  => 0 =>  => 0 =>  => 0 =>  => 0 =>  => 0 =>  => 0 =>  => 0 =>  => 0 =>  => 0 =>  => 0 =>  => 0 =>  => 0 =>  => 0 =>  => 0 =>  => 0 =>  => 0 =>  => "

-------------------------------
 
ALTERAÇÃO DE CLIENTE
POST => "luciana" Data => "2012-09-12 14:08:09", Alterou o Cliente de vale 139776 => "INFORMAÇÕES ALTERADAS => "1 => 3296 => 5 => 31 => 16 => 0 => 0 => 10/05/2012 => 139776 => 179 => 485556 => 10/05/2012 => ANDERSON PEREIRA SANTOS => 404933/199 => GILVAN JOSE DE LYRA => 25080430 => RUA: ROBERTO SILVEIRA => 26 =>  => PARQUE FELICIDADE => DUQUE DE CAXIAS => RJ =>  =>  =>  => CLIENTE NÃO TEM TEL NO SISTEMA PARA AFIRMAR AGENDAMENTO PARA segunda 13/5 PASSEI E-MAIL P/ O NAEC DIA 11/5 PARA PEDI O TELEFONE e- mail enviado novamente para o naec dia 12/9 Lidiane LUCIANA =>  => 1 => 8342 => G ROUPA N.HORIZ 3P AREZZO TB/BR/MP => 0 =>  => 0 =>  => 0 =>  => 0 =>  => 0 =>  => 0 =>  => 0 =>  => 0 =>  => 0 =>  => 0 =>  => 0 =>  => 0 =>  => 0 =>  => 0 =>  => 0 =>  => 0 =>  => 0 =>  => 0 =>  => 0 =>  => "

-------------------------------
 
ALTERAÇÃO DE CLIENTE
POST => "luciana" Data => "2012-09-12 14:11:05", Alterou o Cliente de vale 431590 => "INFORMAÇÕES ALTERADAS => "1 => 2861 => 5 => 38 => 30 => 0 => 0 => 26/04/2012 => 431590 => 282 => 9082 => 28/02/2012 => ANDREA LISBOA RIBEIRO SILVA => 282 => DEUZENIR FELIX DA COSTA => 22740115 => RUA AMARANHAO => 41 =>  => RIO DAS PEDRAS => RIO DE JANEIRO => RJ => 9405-1624 =>  =>  => PINHEIRO DEPOIS DO CASTELO PELA RUA CLARA NUNES PELO ESCDAO E- MAIL ENVIADO PARA O NAEC DIA 6/9 para pedi tel de contato LIDIANE DO NAEC ENVIOU O TEL DA CLIENTE DIA 12/9 CLIENTE NÃO ATENDE O TEL ACIMA DIA 12/9 AS 14:12HS LUCIANA  => FICHA SAIU COM MARCELO ALEXANDRE. => 1 => 140391 => G.ROUPA ARAPLAC 8P AUSTRIA TB/BR => 0 =>  => 0 =>  => 0 =>  => 0 =>  => 0 =>  => 0 =>  => 0 =>  => 0 =>  => 0 =>  => 0 =>  => 0 =>  => 0 =>  => 0 =>  => 0 =>  => 0 =>  => 0 =>  => 0 =>  => 0 =>  => 0 =>  => "

-------------------------------
 
ALTERAÇÃO DE CLIENTE
POST => "luciana" Data => "2012-09-12 14:12:08", Alterou o Cliente de vale 431590 => "INFORMAÇÕES ALTERADAS => "1 => 2861 => 5 => 21 => 17 => 0 => 0 => 26/04/2012 => 431590 => 282 => 9082 => 28/02/2012 => ANDREA LISBOA RIBEIRO SILVA => 282 => DEUZENIR FELIX DA COSTA => 22740115 => RUA AMARANHAO => 41 =>  => RIO DAS PEDRAS => RIO DE JANEIRO => RJ => 9405-1624 =>  =>  => PINHEIRO DEPOIS DO CASTELO PELA RUA CLARA NUNES PELO ESCDAO E- MAIL ENVIADO PARA O NAEC DIA 6/9 para pedi tel de contato LIDIANE DO NAEC ENVIOU O TEL DA CLIENTE DIA 12/9 CLIENTE NÃO ATENDE O TEL ACIMA DIA 12/9 AS 14:12HS LUCIANA  => FICHA SAIU COM MARCELO ALEXANDRE. => 1 => 140391 => G.ROUPA ARAPLAC 8P AUSTRIA TB/BR => 0 =>  => 0 =>  => 0 =>  => 0 =>  => 0 =>  => 0 =>  => 0 =>  => 0 =>  => 0 =>  => 0 =>  => 0 =>  => 0 =>  => 0 =>  => 0 =>  => 0 =>  => 0 =>  => 0 =>  => 0 =>  => 0 =>  => "

-------------------------------
 
ALTERAÇÃO DE CLIENTE
POST => "luciana" Data => "2012-09-12 14:13:05", Alterou o Cliente de vale 431590 => "INFORMAÇÕES ALTERADAS => "1 => 2861 => 5 => 20 => 15 => 0 => 0 => 26/04/2012 => 431590 => 282 => 9082 => 28/02/2012 => ANDREA LISBOA RIBEIRO SILVA => 282 => DEUZENIR FELIX DA COSTA => 22740115 => RUA AMARANHAO => 41 =>  => RIO DAS PEDRAS => RIO DE JANEIRO => RJ => 9405-1624 =>  =>  => PINHEIRO DEPOIS DO CASTELO PELA RUA CLARA NUNES PELO ESCDAO E- MAIL ENVIADO PARA O NAEC DIA 6/9 para pedi tel de contato LIDIANE DO NAEC ENVIOU O TEL DA CLIENTE DIA 12/9 CLIENTE NÃO ATENDE O TEL ACIMA DIA 12/9 AS 14:12HS LUCIANA  => FICHA SAIU COM MARCELO ALEXANDRE. => 1 => 140391 => G.ROUPA ARAPLAC 8P AUSTRIA TB/BR => 0 =>  => 0 =>  => 0 =>  => 0 =>  => 0 =>  => 0 =>  => 0 =>  => 0 =>  => 0 =>  => 0 =>  => 0 =>  => 0 =>  => 0 =>  => 0 =>  => 0 =>  => 0 =>  => 0 =>  => 0 =>  => 0 =>  => "

-------------------------------
 
ALTERAÇÃO DE CLIENTE
POST => "luciana" Data => "2012-09-12 14:21:52", Alterou o Cliente de vale 525966 => "INFORMAÇÕES ALTERADAS => "1 => 4813 => 5 => 42 => 23 => 0 => 0 => 19/07/2012 => 525966 => 230 => 8885 => 19/07/2012 => EDMILSON SILVA LUZ => 78110/199 => ROGERIO BARBOSA DE MOURA => 23082055 => S LT => 12 =>  => CAMPO GRANDE => RIO DE JANEIRO => RJ =>  =>  =>  => ESTR RIO SAO PAULO BAIRRO JARDIM LETICIA PROX AO MERCADO PRINCIPAL E LJ MAT CONST MAZINHO PROC CLARICE OU CINTIA E- MAIL ENVIADO PARA O NAEC DIA 12/9 LIDIANE LUCIANA  => ag.07/08/12.//ALEX OLIVEIRA VAI ATENDER DIA 08/08/12. => 1 => 135481 => COZ KIPLAC RENATA PLUS BR/PTO => 0 =>  => 0 =>  => 0 =>  => 0 =>  => 0 =>  => 0 =>  => 0 =>  => 0 =>  => 0 =>  => 0 =>  => 0 =>  => 0 =>  => 0 =>  => 0 =>  => 0 =>  => 0 =>  => 0 =>  => 0 =>  => 0 =>  => "

-------------------------------
 
ALTERAÇÃO DE CLIENTE
POST => "luciana" Data => "2012-09-12 14:24:15", Alterou o Cliente de vale 139776 => "INFORMAÇÕES ALTERADAS => "1 => 3296 => 5 => 18 => 31 => 0 => 0 => 10/05/2012 => 139776 => 179 => 485556 => 10/05/2012 => ANDERSON PEREIRA SANTOS => 404933/199 => GILVAN JOSE DE LYRA => 25080430 => RUA: ROBERTO SILVEIRA => 26 =>  => PARQUE FELICIDADE => DUQUE DE CAXIAS => RJ =>  =>  =>  => CLIENTE NÃO TEM TEL NO SISTEMA PARA AFIRMAR AGENDAMENTO PARA segunda 13/5 PASSEI E-MAIL P/ O NAEC DIA 11/5 PARA PEDI O TELEFONE e- mail enviado novamente para o naec dia 12/9 Lidiane LUCIANA =>  => 1 => 8342 => G ROUPA N.HORIZ 3P AREZZO TB/BR/MP => 0 =>  => 0 =>  => 0 =>  => 0 =>  => 0 =>  => 0 =>  => 0 =>  => 0 =>  => 0 =>  => 0 =>  => 0 =>  => 0 =>  => 0 =>  => 0 =>  => 0 =>  => 0 =>  => 0 =>  => 0 =>  => 0 =>  => "

-------------------------------
 
ALTERAÇÃO DE CLIENTE
POST => "luciana" Data => "2012-09-12 14:30:11", Alterou o Cliente de vale 521537 => "INFORMAÇÕES ALTERADAS => "1 => 4616 => 5 => 10 => 27 => 2 => 0 => 11/07/2012 => 521537 => 173 => 23274 => 11/07/2012 => LIDIA DA SILVA SANTOS => 228714/199 => JOSE ALEXANDRE POLICARPO => 21910130 => RUA: DOUTOR BERNARDINO GOMES => 250 =>  => BANCÁRIOS => RIO DE JANEIRO => RJ => 8105-5582 =>  =>  => PROX A CRECHE DO BARAO PROC DONA CELIA OU JOISE ALEXANDRE E- MAIL ENVIADO PARA O NAEC DIA 12/9 LIDIANE PARA PEDI OUTRO TEL DE CONTATO.LUCIANA . => agendado p/04/08/12./endereço não localizado,passado email p/naec 08/08/12 solicitando outro tel.Mirian => 1 => 5730 => MESA GRANITO LIVIA 4C QUAD NAP/PTO => 0 =>  => 0 =>  => 0 =>  => 0 =>  => 0 =>  => 0 =>  => 0 =>  => 0 =>  => 0 =>  => 0 =>  => 0 =>  => 0 =>  => 0 =>  => 0 =>  => 0 =>  => 0 =>  => 0 =>  => 0 =>  => 0 =>  => "

-------------------------------
 
ALTERAÇÃO DE CLIENTE
POST => "luciana" Data => "2012-09-12 14:41:32", Alterou o Cliente de vale 525966 => "INFORMAÇÕES ALTERADAS => "1 => 4813 => 5 => 46 => 17 => 0 => 0 => 19/07/2012 => 525966 => 230 => 8885 => 19/07/2012 => EDMILSON SILVA LUZ => 78110/199 => ROGERIO BARBOSA DE MOURA => 23082055 => S LT => 12 =>  => CAMPO GRANDE => RIO DE JANEIRO => RJ => 8781-5658 =>  =>  => ESTR RIO SAO PAULO BAIRRO JARDIM LETICIA PROX AO MERCADO PRINCIPAL E LJ MAT CONST MAZINHO PROC CLARICE OU CINTIA E- MAIL ENVIADO PARA O NAEC DIA 12/9 LIDIANE LUCIANA  => ag.07/08/12.//ALEX OLIVEIRA VAI ATENDER DIA 08/08/12. => 1 => 135481 => COZ KIPLAC RENATA PLUS BR/PTO => 0 =>  => 0 =>  => 0 =>  => 0 =>  => 0 =>  => 0 =>  => 0 =>  => 0 =>  => 0 =>  => 0 =>  => 0 =>  => 0 =>  => 0 =>  => 0 =>  => 0 =>  => 0 =>  => 0 =>  => 0 =>  => 0 =>  => "

-------------------------------
 
ALTERAÇÃO DE CLIENTE
POST => "luciana" Data => "2012-09-12 14:56:46", Alterou o Cliente de vale 486177 => "INFORMAÇÕES ALTERADAS => "1 => 3680 => 5 => 20 => 23 => 0 => 0 => 15/05/2012 => 486177 => 241 => 25836 => 11/05/2012 => JULIO CESAR VIEIRA SOARES => 233534 => VERA LUCIA SOUZA DA SILVA =>  => ALEXANDRE RANGEL => 19 => CASA => VILA GUIMARES => NOVA IGUAÇU =>  => 2763-4190 =>  =>  => PROC SR VERA LUCIA TROCA SEM RECOLHIMENTO..Email enviado ao naec dia 22-05-2012 Camila. ENDEREÇO:RUA SAO MARTINHO, 14 CASA 02 AUSTIN, NOVA IGUACU (21)2763-4190 => obs: passei e-mail para marta no dia 19/05/2012 as 10:05 para cobrar do montador.simone  AGEND: SABADO 11/8 e- mail enviado novamente para o naec dia 12/9 Lidiane LUCIANA  => 1 => 136651 => COZINHA TELASSUL CRISTAL 80123 BR => 0 =>  => 0 =>  => 0 =>  => 0 =>  => 0 =>  => 0 =>  => 0 =>  => 0 =>  => 0 =>  => 0 =>  => 0 =>  => 0 =>  => 0 =>  => 0 =>  => 0 =>  => 0 =>  => 0 =>  => 0 =>  => 0 =>  => "

-------------------------------
 
ALTERAÇÃO DE CLIENTE
POST => "andreia" Data => "2012-09-12 16:33:04", Alterou o Cliente de vale 486177 => "INFORMAÇÕES ALTERADAS => "1 => 3680 => 7 => 42 => 14 => 0 => 0 => 15/05/2012 => 486177 => 241 => 25836 => 11/05/2012 => JULIO CESAR VIEIRA SOARES => 233534 => VERA LUCIA SOUZA DA SILVA =>  => ALEXANDRE RANGEL => 19 => CASA => VILA GUIMARES => NOVA IGUAÇU =>  => 2763-4190 =>  =>  => PROC SR VERA LUCIA TROCA SEM RECOLHIMENTO..Email enviado ao naec dia 22-05-2012 Camila. ENDEREÇO:RUA SAO MARTINHO, 14 CASA 02 AUSTIN, NOVA IGUACU (21)2763-4190 => obs: passei e-mail para marta no dia 19/05/2012 as 10:05 para cobrar do montador.simone  AGEND: SABADO 11/8 e- mail enviado novamente para o naec dia 12/9 Lidiane NO AGUARDO DO RETORNO DA LIDIANE LUCIANA  => 1 => 136651 => COZINHA TELASSUL CRISTAL 80123 BR => 0 =>  => 0 =>  => 0 =>  => 0 =>  => 0 =>  => 0 =>  => 0 =>  => 0 =>  => 0 =>  => 0 =>  => 0 =>  => 0 =>  => 0 =>  => 0 =>  => 0 =>  => 0 =>  => 0 =>  => 0 =>  => 0 =>  => "

-------------------------------
 
ALTERAÇÃO DE CLIENTE
POST => "andreia" Data => "2012-09-12 16:33:36", Alterou o Cliente de vale 139776 => "INFORMAÇÕES ALTERADAS => "1 => 3296 => 7 => 31 => 36 => 0 => 0 => 10/05/2012 => 139776 => 179 => 485556 => 10/05/2012 => ANDERSON PEREIRA SANTOS => 404933/199 => GILVAN JOSE DE LYRA => 25080430 => RUA: ROBERTO SILVEIRA => 26 =>  => PARQUE FELICIDADE => DUQUE DE CAXIAS => RJ =>  =>  =>  => CLIENTE NÃO TEM TEL NO SISTEMA PARA AFIRMAR AGENDAMENTO PARA segunda 13/5 PASSEI E-MAIL P/ O NAEC DIA 11/5 PARA PEDI O TELEFONE e- mail enviado novamente para o naec dia 12/9 Lidiane NO AGUARDO DO RETORNO DA LIDIANE LUCIANA =>  => 1 => 8342 => G ROUPA N.HORIZ 3P AREZZO TB/BR/MP => 0 =>  => 0 =>  => 0 =>  => 0 =>  => 0 =>  => 0 =>  => 0 =>  => 0 =>  => 0 =>  => 0 =>  => 0 =>  => 0 =>  => 0 =>  => 0 =>  => 0 =>  => 0 =>  => 0 =>  => 0 =>  => 0 =>  => "

-------------------------------
 
ALTERAÇÃO DE CLIENTE
POST => "andreia" Data => "2012-09-12 16:34:13", Alterou o Cliente de vale 521537 => "INFORMAÇÕES ALTERADAS => "1 => 4616 => 7 => 6 => 21 => 2 => 0 => 11/07/2012 => 521537 => 173 => 23274 => 11/07/2012 => LIDIA DA SILVA SANTOS => 228714/199 => JOSE ALEXANDRE POLICARPO => 21910130 => RUA: DOUTOR BERNARDINO GOMES => 250 =>  => BANCÁRIOS => RIO DE JANEIRO => RJ => 8105-5582 =>  =>  => PROX A CRECHE DO BARAO PROC DONA CELIA OU JOISE ALEXANDRE E- MAIL ENVIADO PARA O NAEC DIA 12/9 LIDIANE PARA PEDI OUTRO TEL DE CONTATO.NA AGUARDO DO RETORNO DA LIDIANE LUCIANA . => agendado p/04/08/12./endereço não localizado,passado email p/naec 08/08/12 solicitando outro tel.Mirian => 1 => 5730 => MESA GRANITO LIVIA 4C QUAD NAP/PTO => 0 =>  => 0 =>  => 0 =>  => 0 =>  => 0 =>  => 0 =>  => 0 =>  => 0 =>  => 0 =>  => 0 =>  => 0 =>  => 0 =>  => 0 =>  => 0 =>  => 0 =>  => 0 =>  => 0 =>  => 0 =>  => 0 =>  => "

-------------------------------
 
ALTERAÇÃO DE CLIENTE
POST => "andreia" Data => "2012-09-12 16:34:37", Alterou o Cliente de vale 537783 => "INFORMAÇÕES ALTERADAS => "1 => 4943 => 7 => 17 => 7 => 0 => 1 => 08/08/2012 => 537783 => 204 => 1311 => 07/08/2012 => ALCIDES SANTOS EIRAS => 24911/199 => ROSANE DE MORAES MENDES DOS SANTOS => 24420560 => RUA: BOQUEIRAO PEQUENO => 1856 =>  => GALO BRANCO => SÃO GONÇALO => RJ =>  =>  =>  => RUA DA GARAGEM NOVA AVIAÇÃO GALO BRANCO PROC SRA HELENA SOGRA AGEND: QUINTA 6/9 LUCIANA  => E- MAIL ENVIADO PARA O NAEC DIA 5/9 PARA PEDI UM TEL DE CONTADO NO AGUARDO DO RETORNO DA  LIDIANE LUCIANA  => 1 => 135479 => BALCAO C/T KIPLAC RENATA PLUS BR/PT => 0 =>  => 0 =>  => 0 =>  => 0 =>  => 0 =>  => 0 =>  => 0 =>  => 0 =>  => 0 =>  => 0 =>  => 0 =>  => 0 =>  => 0 =>  => 0 =>  => 0 =>  => 0 =>  => 0 =>  => 0 =>  => 0 =>  => "

-------------------------------
 
CADASTRO DE CLIENTE
POST => "luciana" Data => "2012-09-12 17:09:03", Cadastrou o Cliente de vale 527392 => "INFORMAÇÕES CADASTRADAS => "5 => 29 => 18 => 0 => 0 => 12/09/2012 => 527392 => 179 => 28337 => 23/07/2012 => MARCOS ANTONIO DE SOUZA NASCIME => 95973 => SERGIO ROGERIO ROSA DA SILVA  => 25580740 => Rua: Bom Jardim => lt0 => QD09 => Parque Tietê => São João de Meriti => RJ => 3673-5457 =>  =>  => AGEND: QUINTA FEIRA 13/09 LUCIANA  => 01 => 140391 => G.ROUPA ARAPLAC 8P AUSTRIA TB/BR =>  =>  =>  =>  =>  =>  =>  =>  =>  =>  =>  =>  =>  =>  =>  =>  =>  =>  =>  =>  =>  =>  =>  =>  =>  =>  =>  =>  =>  =>  =>  =>  =>  =>  =>  =>  =>  =>  => "

-------------------------------
 
ALTERAÇÃO DE CLIENTE
POST => "luciana" Data => "2012-09-12 17:10:27", Alterou o Cliente de vale 527392 => "INFORMAÇÕES ALTERADAS => "1 => 5172 => 5 => 50 => 15 => 0 => 0 => 12/09/2012 => 527392 => 179 => 28337 => 23/07/2012 => MARCOS ANTONIO DE SOUZA NASCIME => 95973 => SERGIO ROGERIO ROSA DA SILVA => 25580740 => RUA: BOM JARDIM => lt0 => QD09 => PARQUE TIETÊ => SÃO JOÃO DE MERITI => RJ => 3673-5457 =>  =>  => AGEND: QUINTA FEIRA 13/09 LUCIANA =>  => 1 => 140391 => G.ROUPA ARAPLAC 8P AUSTRIA TB/BR => 0 =>  => 0 =>  => 0 =>  => 0 =>  => 0 =>  => 0 =>  => 0 =>  => 0 =>  => 0 =>  => 0 =>  => 0 =>  => 0 =>  => 0 =>  => 0 =>  => 0 =>  => 0 =>  => 0 =>  => 0 =>  => 0 =>  => "

-------------------------------
