 
ALTERAÇÃO DE CLIENTE
POST => "luciana" Data => "2012-07-25 10:36:20", Alterou o Cliente de vale 521150 => "INFORMAÇÕES ALTERADAS => "1 => 4577 => 5 => 33 => 26 => 0 => 0 => 12/07/2012 => 521150 => 230 => 6428 => 11/07/2012 => ANDERSON DE LIMA BARBOSA =>  => VIVIANE MOISES CHRISPIM => 23035180 => RUA: RIBEIRA DO POMBAL => 235 =>  => GUARATIBA => RIO DE JANEIRO => RJ =>  =>  =>  => FAVOR ENTREGAR NAS SEGUNDA-FEIRAS , ENTRAR NA RUA MARINA 3 RUA A ESQUERDA SEGUIR PELA ESTR DO MAGARÇA. => MARCELO ALEXANDRE VAI ATENDE DIA 25/7 LUCIANA  => 1 => 136159 => G. ROUPA TCIL 6 BARI IMB/PTO => 0 =>  => 0 =>  => 0 =>  => 0 =>  => 0 =>  => 0 =>  => 0 =>  => 0 =>  => 0 =>  => 0 =>  => 0 =>  => 0 =>  => 0 =>  => 0 =>  => 0 =>  => 0 =>  => 0 =>  => 0 =>  => 0 =>  => "

-------------------------------
 
ALTERAÇÃO DE CLIENTE
POST => "luciana" Data => "2012-07-25 10:37:33", Alterou o Cliente de vale 521151 => "INFORMAÇÕES ALTERADAS => "1 => 4578 => 5 => 21 => 24 => 0 => 0 => 12/07/2012 => 521151 => 230 => 6428 => 11/07/2012 => ANDERSON DE LIMA BARBOSA =>  => VIVIANE MOISES CHRISPIM => 23035180 => RUA  RIBEIRA DO POMBAL => 235 => CS => GUARATIBA => RIO DE JANEIRO => RJ =>  =>  =>  => agend: 25/7 Marcelo Alexandre . =>  => 1 => 8729 => RACK BECHARA COPACABANA AMEND/PTO => 0 =>  => 0 =>  => 0 =>  => 0 =>  => 0 =>  => 0 =>  => 0 =>  => 0 =>  => 0 =>  => 0 =>  => 0 =>  => 0 =>  => 0 =>  => 0 =>  => 0 =>  => 0 =>  => 0 =>  => 0 =>  => 0 =>  => "

-------------------------------
 
ALTERAÇÃO DE CLIENTE
POST => "luciana" Data => "2012-07-25 10:40:09", Alterou o Cliente de vale 521150 => "INFORMAÇÕES ALTERADAS => "1 => 4577 => 5 => 40 => 35 => 0 => 0 => 12/07/2012 => 521150 => 230 => 6428 => 11/07/2012 => ANDERSON DE LIMA BARBOSA =>  => VIVIANE MOISES CHRISPIM => 23035180 => RUA: RIBEIRA DO POMBAL => 235 =>  => GUARATIBA => RIO DE JANEIRO => RJ =>  =>  =>  => FAVOR ENTREGAR NAS SEGUNDA-FEIRAS , ENTRAR NA RUA MARINA 3 RUA A ESQUERDA SEGUIR PELA ESTR DO MAGARÇA. => FICHA COM ALEX DE OLIVEIRA DIA 25/7 LUCIANA  => 1 => 136159 => G. ROUPA TCIL 6 BARI IMB/PTO => 0 =>  => 0 =>  => 0 =>  => 0 =>  => 0 =>  => 0 =>  => 0 =>  => 0 =>  => 0 =>  => 0 =>  => 0 =>  => 0 =>  => 0 =>  => 0 =>  => 0 =>  => 0 =>  => 0 =>  => 0 =>  => 0 =>  => "

-------------------------------
 
ALTERAÇÃO DE CLIENTE
POST => "luciana" Data => "2012-07-25 10:41:21", Alterou o Cliente de vale 521151 => "INFORMAÇÕES ALTERADAS => "1 => 4578 => 5 => 22 => 18 => 0 => 0 => 12/07/2012 => 521151 => 230 => 6428 => 11/07/2012 => ANDERSON DE LIMA BARBOSA =>  => VIVIANE MOISES CHRISPIM => 23035180 => RUA  RIBEIRA DO POMBAL => 235 => CS => GUARATIBA => RIO DE JANEIRO => RJ =>  =>  =>  => agend: 25/7 FICHA COM ALEX DE OLIVEIRA  =>  => 1 => 8729 => RACK BECHARA COPACABANA AMEND/PTO => 0 =>  => 0 =>  => 0 =>  => 0 =>  => 0 =>  => 0 =>  => 0 =>  => 0 =>  => 0 =>  => 0 =>  => 0 =>  => 0 =>  => 0 =>  => 0 =>  => 0 =>  => 0 =>  => 0 =>  => 0 =>  => 0 =>  => "

-------------------------------
 
ALTERAÇÃO DE CLIENTE
POST => "MIRIAN" Data => "2012-07-25 10:54:50", Alterou o Cliente de vale 431613 => "INFORMAÇÕES ALTERADAS => "1 => 1071 => 11 => 22 => 14 => 0 => 0 => 12/03/2012 => 431613 => 203 => 81727 => 28/02/2012 =>  =>  => DEBORA DA CONCEIÇÃO F BARBOSA => 20972450 => RUA: RIO => 110 =>  => JACARÉ => RIO DE JANEIRO => RJ => 7356-0063 =>  =>  => PROX A LANCHONETE DO SR NIAGRI => Mariana do naec entrou em contato 25/07/12 dizendo que a cama não foi montada,portanto o montador Wilton vai atender hoje 25/07/12 no fim da tarde.Mirian => 1 => 16377 => CAMA CS N.HORIZ ANGRA PLUS AM/AM/PT => 0 =>  => 0 =>  => 0 =>  => 0 =>  => 0 =>  => 0 =>  => 0 =>  => 0 =>  => 0 =>  => 0 =>  => 0 =>  => 0 =>  => 0 =>  => 0 =>  => 0 =>  => 0 =>  => 0 =>  => 0 =>  => 0 =>  => "

-------------------------------
 
ALTERAÇÃO DE CLIENTE
POST => "simone" Data => "2012-07-25 11:49:23", Alterou o Cliente de vale 452567 => "INFORMAÇÕES ALTERADAS => "1 => 3599 => 35 => 23 => 7 => 0 => 0 => 14/05/2012 => 452567 => 198 => 51259 => 26/03/2012 => SUELY DA SILVA => 519195/199 => LUCIANA DA SILVA PEREIRA => 21842550 => Q => 331 =>  => BANGU => RIO DE JANEIRO => RJ => 2655-7389 => 3469-1585 => 8265-2024 => FICA NO JARDIM TAQUARAL PERTO DE CRECHE PRO LUCIANA =>  => 1 => 135479 => BALCAO C/T KIPLAC RENATA PLUS BR/PT => 0 =>  => 0 =>  => 0 =>  => 0 =>  => 0 =>  => 0 =>  => 0 =>  => 0 =>  => 0 =>  => 0 =>  => 0 =>  => 0 =>  => 0 =>  => 0 =>  => 0 =>  => 0 =>  => 0 =>  => 0 =>  => 0 =>  => "

-------------------------------
 
ALTERAÇÃO DE CLIENTE
POST => "luciana" Data => "2012-07-25 13:20:34", Alterou o Cliente de vale 531236 => "INFORMAÇÕES ALTERADAS => "1 => 4273 => 5 => 36 => 10 => 0 => 2 => 21/06/2012 => 531236 => 195 => 531236 => 21/06/2012 =>  =>  => MARCIO SOUZADA SILVA =>  => RUA ESPERANÇA => 179 =>  => JARDIM LEAL => BELFORD ROXO => RJ => 8470-3220 =>  =>  => EM FRENTE A CEDAEDEPOIS DAS TRES PONTES. PED.77479  FEITO O PEDIDO DE PEÇAS DIA 25/7 LUCIANA  => OBS: CLIENTE AGEND : 14/07/2012 CLIENTE SÓ PODE AOS SABADOS => 1 => 140391 => G.ROUPA ARAPLAC 8P AUSTRIA TB/BR => 0 =>  => 0 =>  => 0 =>  => 0 =>  => 0 =>  => 0 =>  => 0 =>  => 0 =>  => 0 =>  => 0 =>  => 0 =>  => 0 =>  => 0 =>  => 0 =>  => 0 =>  => 0 =>  => 0 =>  => 0 =>  => 0 =>  => "

-------------------------------
 
ALTERAÇÃO DE CLIENTE
POST => "simone" Data => "2012-07-25 13:20:47", Alterou o Cliente de vale 516518 => "INFORMAÇÕES ALTERADAS => "1 => 4431 => 35 => 29 => 15 => 0 => 0 => 04/07/2012 => 516518 => 246 => 24289 => 03/07/2012 => MOISES SILVA PIRES => 585/199 => HELIO GUIMARAES BARBOSA =>  => RUA PRINCIPAL  RUA  UM => 95 => CASA 02 ANDAR => ROCINHA => RIO DE JANEIRO => RJ => 3204-7211 => 9836-1603 =>  => PX A PADARIA NA CASA DO BARAO,SRA HELOA. =>  => 1 => 135586 => CAMA CS BP DUBAY TB/BR/MP => 0 =>  => 0 =>  => 0 =>  => 0 =>  => 0 =>  => 0 =>  => 0 =>  => 0 =>  => 0 =>  => 0 =>  => 0 =>  => 0 =>  => 0 =>  => 0 =>  => 0 =>  => 0 =>  => 0 =>  => 0 =>  => 0 =>  => "

-------------------------------
 
ALTERAÇÃO DE CLIENTE
POST => "simone" Data => "2012-07-25 13:24:08", Alterou o Cliente de vale 516518 => "INFORMAÇÕES ALTERADAS => "1 => 4431 => 35 => 11 => 11 => 0 => 0 => 04/07/2012 => 516518 => 246 => 24289 => 03/07/2012 => MOISES SILVA PIRES => 585/199 => HELIO GUIMARAES BARBOSA =>  => RUA PRINCIPAL  RUA  UM => 95 => CASA 02 ANDAR => ROCINHA => RIO DE JANEIRO => RJ => 3204-7211 => 9836-1603 =>  => PX A PADARIA NA CASA DO BARAO,SRA HELOA. => SEU WILTON VAI ATENDER 26/07/12 => 1 => 135586 => CAMA CS BP DUBAY TB/BR/MP => 0 =>  => 0 =>  => 0 =>  => 0 =>  => 0 =>  => 0 =>  => 0 =>  => 0 =>  => 0 =>  => 0 =>  => 0 =>  => 0 =>  => 0 =>  => 0 =>  => 0 =>  => 0 =>  => 0 =>  => 0 =>  => 0 =>  => "

-------------------------------
 
ALTERAÇÃO DE CLIENTE
POST => "simone" Data => "2012-07-25 13:37:29", Alterou o Cliente de vale 519048 => "INFORMAÇÕES ALTERADAS => "1 => 4507 => 35 => 26 => 29 => 0 => 0 => 06/07/2012 => 519048 => 241 => 43164 => 06/07/2012 => JULIO CESAR VIEIRA SOARES =>  => JOAO MAIA MELO => 20940190 => RUA: ESCOBAR => 65 =>  => SÃO CRISTÓVÃO => RIO DE JANEIRO => RJ => 2580-5211 => 9479-9180 =>  => PROX A RUA SAO CRISTOVAO E COIL GONCALVES DIAS PROC SR JOAO => OBS: CLIENTE INFORMOU QUE FOI MONTADO A MESA, MAS QUE TEM UMA TABUA PARA SER MONTADA => 1 => 140344 => MESA FRITZ 4C MEGA AMEN/PTO => 0 =>  => 0 =>  => 0 =>  => 0 =>  => 0 =>  => 0 =>  => 0 =>  => 0 =>  => 0 =>  => 0 =>  => 0 =>  => 0 =>  => 0 =>  => 0 =>  => 0 =>  => 0 =>  => 0 =>  => 0 =>  => 0 =>  => "

-------------------------------
 
ALTERAÇÃO DE CLIENTE
POST => "simone" Data => "2012-07-25 13:40:40", Alterou o Cliente de vale 586005 => "INFORMAÇÕES ALTERADAS => "1 => 4510 => 35 => 34 => 32 => 0 => 2 => 06/07/2012 => 586005 => 197 => 586005 => 06/07/2012 =>  =>  => ZILDA NEIV DA SILVA =>  => RUA LIBERDADE => 153 =>  => CENTRO => MESQUITA => RJ => 3763-4282 => 7506-5143 => 9391-0041 => APOS O COLEGIO VILA BELA PRIMEIRA DIREITA DEPOIS PRIMEIRA ESQUERDA ped.1991 => OBS:  => 1 => 5728 => MESA GRANITO AUSTRALIA 6C RET OURO => 0 =>  => 0 =>  => 0 =>  => 0 =>  => 0 =>  => 0 =>  => 0 =>  => 0 =>  => 0 =>  => 0 =>  => 0 =>  => 0 =>  => 0 =>  => 0 =>  => 0 =>  => 0 =>  => 0 =>  => 0 =>  => 0 =>  => "

-------------------------------
 
ALTERAÇÃO DE CLIENTE
POST => "simone" Data => "2012-07-25 13:44:58", Alterou o Cliente de vale 571595 => "INFORMAÇÕES ALTERADAS => "1 => 4506 => 35 => 31 => 25 => 0 => 2 => 06/07/2012 => 571595 => 197 => 571595 => 06/07/2012 =>  =>  => ROSE CORREIA SILVA GUEDES =>  => RUA CAROLINA DE ASSIS => 516 => FUNDOS => MARECHAL HERMES => RIO DE JANEIRO => RJ => 9264-3420 =>  =>  => PROX A RUA AURELIO VAL CORTO ped.39254 => OBS: Em contato com a cliente a mesma informou que o montador esteve em sua resisencia, ela não soube explicar qual a peça. => 1 => 100136 => COZINHA ITAT DAYANE BR => 0 =>  => 0 =>  => 0 =>  => 0 =>  => 0 =>  => 0 =>  => 0 =>  => 0 =>  => 0 =>  => 0 =>  => 0 =>  => 0 =>  => 0 =>  => 0 =>  => 0 =>  => 0 =>  => 0 =>  => 0 =>  => 0 =>  => "

-------------------------------
 
ALTERAÇÃO DE CLIENTE
POST => "simone" Data => "2012-07-25 13:51:21", Alterou o Cliente de vale 529543 => "INFORMAÇÕES ALTERADAS => "1 => 4517 => 35 => 37 => 30 => 0 => 2 => 06/07/2012 => 529543 => 194 => 529543 => 06/07/2012 =>  =>  => SIMONE MARIA DOS SANTOS COSTA =>  => RUA JACUPEMA => 54 => CASA FRENTE => OLARIA => RIO DE JANEIRO => RJ => 7550-4550 =>  =>  => SUBIR O PARQUE CHANGUAI,PX A IGREJA ASSEMBLEIA E O BAR DA PENHA DO LADO DIREITO,PEDIDO: 41837 => obs: O telefone da cliente chama e ninguém atende as 13:52 => 1 => 140391 => G.ROUPA ARAPLAC 8P AUSTRIA TB/BR => 0 =>  => 0 =>  => 0 =>  => 0 =>  => 0 =>  => 0 =>  => 0 =>  => 0 =>  => 0 =>  => 0 =>  => 0 =>  => 0 =>  => 0 =>  => 0 =>  => 0 =>  => 0 =>  => 0 =>  => 0 =>  => 0 =>  => "

-------------------------------
 
CADASTRO DE CLIENTE
POST => "MIRIAN" Data => "2012-07-25 14:02:14", Cadastrou o Cliente de vale 526268 => "INFORMAÇÕES CADASTRADAS => "11 => 23 => 16 => 0 => 1 => 19/07/2012 => 526268 => 179 => 24170 => 19/07/2012 => FABIO CUNHA DOS SANTOS => 551107/s => ELIANE VICENTE NICACIO => 25010370 => RUA: EUCLIDES FONSECA CHAGAS => 72 =>  => VILA IDEAL => DUQUE DE CAXIAS => RJ => 3657-4498 =>  =>  => PROX A BARRACA DO VOLEY  => 01 => 8981 => G. ROUPA MOVAL 6P40065 COL PLUS TB/M =>  =>  =>  =>  =>  =>  =>  =>  =>  =>  =>  =>  =>  =>  =>  =>  =>  =>  =>  =>  =>  =>  =>  =>  =>  =>  =>  =>  =>  =>  =>  =>  =>  =>  =>  =>  =>  =>  => "

-------------------------------
 
ALTERAÇÃO DE CLIENTE
POST => "simone" Data => "2012-07-25 14:03:25", Alterou o Cliente de vale 50052 => "INFORMAÇÕES ALTERADAS => "1 => 4595 => 35 => 25 => 11 => 0 => 2 => 12/07/2012 => 50052 => 181 => 50052 => 11/07/2012 =>  =>  => CAROLINA CARLA MOREIRA AVILEZ =>  => AVENIDA THOMAZ EDISON DE ANDRADE => 393 => CASA 01 => VILA PREGRESSO => NITEROI => RJ => 2718-1153 =>  =>  => PX A BAR BU,PROCOLO: 442771 => OBS: O TEL DO MONTADOR ESTA FORA DE AREA => 1 => 138033 => G.ROUPA ARAPLAC 10P ATLAN PLUS TB/AM => 0 =>  => 0 =>  => 0 =>  => 0 =>  => 0 =>  => 0 =>  => 0 =>  => 0 =>  => 0 =>  => 0 =>  => 0 =>  => 0 =>  => 0 =>  => 0 =>  => 0 =>  => 0 =>  => 0 =>  => 0 =>  => 0 =>  => "

-------------------------------
 
ALTERAÇÃO DE CLIENTE
POST => "MIRIAN" Data => "2012-07-25 14:04:34", Alterou o Cliente de vale 525202 => "INFORMAÇÕES ALTERADAS => "1 => 4757 => 11 => 11 => 26 => 0 => 1 => 18/07/2012 => 525202 => 179 => 525202 => 18/07/2012 => CAMILA PEREIRA DE OLIVEIRA => 507051/199 => JOSEFA FERREIRA DOS SANTOS => 25010090 => AVENIDA: DOUTOR MANUEL TELES => 648 =>  => CENTRO => DUQUE DE CAXIAS => RJ => 3026-4371 => 9424-2456 =>  => EM FRENTE A FABICA DE VINAGRE E PROX A CONSTRUÇÃO DO PAC PROC JOSE COQUETEL.PED.168540 => ag.28/07/12 => 1 => 135579 => G.ROUPA BP DELTA 3P CHOC/PTO => 0 =>  => 0 =>  => 0 =>  => 0 =>  => 0 =>  => 0 =>  => 0 =>  => 0 =>  => 0 =>  => 0 =>  => 0 =>  => 0 =>  => 0 =>  => 0 =>  => 0 =>  => 0 =>  => 0 =>  => 0 =>  => 0 =>  => "

-------------------------------
 
ALTERAÇÃO DE CLIENTE
POST => "MIRIAN" Data => "2012-07-25 14:04:57", Alterou o Cliente de vale 525246 => "INFORMAÇÕES ALTERADAS => "1 => 4758 => 11 => 19 => 25 => 0 => 1 => 18/07/2012 => 525246 => 179 => 525246 => 18/07/2012 => CAMILA PEREIRA DE OLIVEIRA => 507035/199 => JOSEFA FERREIRA DOS SANTOS => 25010090 => AVENIDA: DOUTOR MANUEL TELES => 648 =>  => CENTRO => DUQUE DE CAXIAS => RJ => 3026-4371 => 9424-2456 =>  => EM FRENTE A FABRICA DE VINAGRE E PROX A CONSTRUÇÃO DO PAC PROC JOSE RQUETEL PED.168540 => ag.28/07/12 => 1 => 135590 => CAMA CS BP DELTA CHOC/PTO => 0 =>  => 0 =>  => 0 =>  => 0 =>  => 0 =>  => 0 =>  => 0 =>  => 0 =>  => 0 =>  => 0 =>  => 0 =>  => 0 =>  => 0 =>  => 0 =>  => 0 =>  => 0 =>  => 0 =>  => 0 =>  => 0 =>  => "

-------------------------------
 
ALTERAÇÃO DE CLIENTE
POST => "MIRIAN" Data => "2012-07-25 14:05:20", Alterou o Cliente de vale 525253 => "INFORMAÇÕES ALTERADAS => "1 => 4759 => 11 => 24 => 23 => 0 => 1 => 18/07/2012 => 525253 => 179 => 525253 => 18/07/2012 => CAMILA PEREIRA DE OLIVEIRA => 511410/199 => JOSEFA FERREIRA DOS SANTOS => 25010090 => AVENIDA: DOUTOR MANUEL TELES => 648 =>  => CENTRO => DUQUE DE CAXIAS => RJ => 3026-4371 => 9424-2456 =>  => EM FRENTE A FABRICA DE VINAGRE E PROX A CONSTRUÇÃO DO PAC PROC JOSE ROQUETEL PED.168540 => ag.28/07/12. => 1 => 142316 => COL PLUMATEX SELECTUS D60 138X20 => 0 =>  => 0 =>  => 0 =>  => 0 =>  => 0 =>  => 0 =>  => 0 =>  => 0 =>  => 0 =>  => 0 =>  => 0 =>  => 0 =>  => 0 =>  => 0 =>  => 0 =>  => 0 =>  => 0 =>  => 0 =>  => 0 =>  => "

-------------------------------
 
ALTERAÇÃO DE CLIENTE
POST => "simone" Data => "2012-07-25 14:38:47", Alterou o Cliente de vale 529146 => "INFORMAÇÕES ALTERADAS => "1 => 4796 => 35 => 25 => 21 => 2 => 0 => 24/07/2012 => 529146 => 230 => 69958 => 24/07/2012 => ISABEL SALES DE OLIVEIRA => 341865/199 => PATRICIA LOPES CABRAL => 26296483 => RUA GAMBOA => 655 =>  => LAGOINHA => NOVA IGUAÇU => RJ => 9300-8279 =>  =>  => ESTRADA MATO GORSSO PRIM RUA A ESQ DEPOIS DA IGREJA ASSEMBLEIA VERDE. =>  => 1 => 138033 => G.ROUPA ARAPLAC 10P ATLAN PLUS TB/AM => 0 =>  => 0 =>  => 0 =>  => 0 =>  => 0 =>  => 0 =>  => 0 =>  => 0 =>  => 0 =>  => 0 =>  => 0 =>  => 0 =>  => 0 =>  => 0 =>  => 0 =>  => 0 =>  => 0 =>  => 0 =>  => 0 =>  => "

-------------------------------
 
ALTERAÇÃO DE CLIENTE
POST => "MIRIAN" Data => "2012-07-25 14:40:12", Alterou o Cliente de vale 524451 => "INFORMAÇÕES ALTERADAS => "1 => 4727 => 11 => 29 => 23 => 0 => 1 => 18/07/2012 => 524451 => 179 => 89289 => 17/07/2012 => MARCO ANTONIO DE SOUZA NASCIME => 207489/199 => ANDRE LUIZ BONIFACIO NACOUR =>  => RUA LUIS CARLOS DA SILVA AVEIRO => 57 => CASA => PARQUE DA CONQUISTA => DUQUE DE CAXIAS => RJ => 3134-7069 => 7691-0898 =>  => RUA DA PIZZARIA CAVERNA,EM FRENTE A IGREJA PRESBITERIANA,SEGUNDO PONTO APOS A FEUDC. =>  => 1 => 16422 => BALC ITAT IGH-97 DAYANE BR/PTO => 0 =>  => 0 =>  => 0 =>  => 0 =>  => 0 =>  => 0 =>  => 0 =>  => 0 =>  => 0 =>  => 0 =>  => 0 =>  => 0 =>  => 0 =>  => 0 =>  => 0 =>  => 0 =>  => 0 =>  => 0 =>  => 0 =>  => "

-------------------------------
 
ALTERAÇÃO DE CLIENTE
POST => "simone" Data => "2012-07-25 14:42:20", Alterou o Cliente de vale 529146 => "INFORMAÇÕES ALTERADAS => "1 => 4796 => 35 => 34 => 31 => 2 => 0 => 24/07/2012 => 529146 => 230 => 69958 => 24/07/2012 => ISABEL SALES DE OLIVEIRA => 341865/199 => PATRICIA LOPES CABRAL => 26296483 => RUA GAMBOA => 655 =>  => LAGOINHA => NOVA IGUAÇU => RJ => 9300-8279 =>  =>  => ESTRADA MATO GORSSO PRIM RUA A ESQ DEPOIS DA IGREJA ASSEMBLEIA VERDE. =>  => 1 => 138033 => G.ROUPA ARAPLAC 10P ATLAN PLUS TB/AM => 0 =>  => 0 =>  => 0 =>  => 0 =>  => 0 =>  => 0 =>  => 0 =>  => 0 =>  => 0 =>  => 0 =>  => 0 =>  => 0 =>  => 0 =>  => 0 =>  => 0 =>  => 0 =>  => 0 =>  => 0 =>  => 0 =>  => "

-------------------------------
 
ALTERAÇÃO DE CLIENTE
POST => "MIRIAN" Data => "2012-07-25 14:42:59", Alterou o Cliente de vale 523829 => "INFORMAÇÕES ALTERADAS => "1 => 4717 => 11 => 40 => 13 => 0 => 0 => 17/07/2012 => 523829 => 179 => 22437 => 16/07/2012 => RONALDO BARBOSA DE MOURA => 80101 => DELIANE ANTUNES DE FRANÇA =>  => MARAMBA => 157 => CASA => VILA ROSARIO => DUQUE DE CAXIAS =>  => 8383-4214 => 7918-4702 =>  => ATRAS DO ANTIGO CLUBE CEMA EM FRENTE A MACUMBA PROC MARCO DO PORCO => agend: ate sabado 21/7 Luciana //MONTADOR REAGENDOU COM O CLIENTE P/27/07/12. => 1 => 140094 => G.ROUPA BERGAMO 5P LISBOA IMB/PTO => 0 =>  => 0 =>  => 0 =>  => 0 =>  => 0 =>  => 0 =>  => 0 =>  => 0 =>  => 0 =>  => 0 =>  => 0 =>  => 0 =>  => 0 =>  => 0 =>  => 0 =>  => 0 =>  => 0 =>  => 0 =>  => 0 =>  => "

-------------------------------
 
ALTERAÇÃO DE CLIENTE
POST => "MIRIAN" Data => "2012-07-25 14:50:45", Alterou o Cliente de vale 521680 => "INFORMAÇÕES ALTERADAS => "1 => 4645 => 11 => 34 => 25 => 0 => 0 => 16/07/2012 => 521680 => 179 => 22687 => 12/07/2012 => FERNANDO ARAUJO DA SILVA => 80102 => IVONETE ALVES DE MELLO PEREIRA =>  => BARBOSA DE ARAUJO => 110 => CASA FDS => PARQUE FELICIDADE => DUQUE DE CAXIAS =>  =>  =>  =>  => PROX A ESCOLA MUNICIPAL PROFESSOR HONORES PROX A UMA PADARIA => agend: 24/7 LUCIANA //REAGENDADO P/28/07/12 => 1 => 134892 => COZ ITAT CRIATIVA MAXII2VPTO => 0 =>  => 0 =>  => 0 =>  => 0 =>  => 0 =>  => 0 =>  => 0 =>  => 0 =>  => 0 =>  => 0 =>  => 0 =>  => 0 =>  => 0 =>  => 0 =>  => 0 =>  => 0 =>  => 0 =>  => 0 =>  => 0 =>  => "

-------------------------------
 
ALTERAÇÃO DE CLIENTE
POST => "simone" Data => "2012-07-25 15:25:37", Alterou o Cliente de vale 529146 => "INFORMAÇÕES ALTERADAS => "1 => 4796 => 35 => 34 => 37 => 2 => 0 => 24/07/2012 => 529146 => 230 => 69958 => 24/07/2012 => ISABEL SALES DE OLIVEIRA => 341865/199 => PATRICIA LOPES CABRAL => 26296483 => RUA GAMBOA => 655 =>  => LAGOINHA => NOVA IGUAÇU => RJ => 9300-8279 =>  =>  => ESTRADA MATO GORSSO PRIM RUA A ESQ DEPOIS DA IGREJA ASSEMBLEIA VERDE. => Passado e-mail para o naec no dia 25/07  => 1 => 138033 => G.ROUPA ARAPLAC 10P ATLAN PLUS TB/AM => 0 =>  => 0 =>  => 0 =>  => 0 =>  => 0 =>  => 0 =>  => 0 =>  => 0 =>  => 0 =>  => 0 =>  => 0 =>  => 0 =>  => 0 =>  => 0 =>  => 0 =>  => 0 =>  => 0 =>  => 0 =>  => 0 =>  => "

-------------------------------
 
ALTERAÇÃO DE CLIENTE
POST => "simone" Data => "2012-07-25 15:26:04", Alterou o Cliente de vale 529146 => "INFORMAÇÕES ALTERADAS => "1 => 4796 => 35 => 33 => 27 => 2 => 0 => 24/07/2012 => 529146 => 230 => 69958 => 24/07/2012 => ISABEL SALES DE OLIVEIRA => 341865/199 => PATRICIA LOPES CABRAL => 26296483 => RUA GAMBOA => 655 =>  => LAGOINHA => NOVA IGUAÇU => RJ => 9300-8279 =>  =>  => ESTRADA MATO GORSSO PRIM RUA A ESQ DEPOIS DA IGREJA ASSEMBLEIA VERDE. => Passado e-mail para o naec no dia 25/07 endereço não localizado. => 1 => 138033 => G.ROUPA ARAPLAC 10P ATLAN PLUS TB/AM => 0 =>  => 0 =>  => 0 =>  => 0 =>  => 0 =>  => 0 =>  => 0 =>  => 0 =>  => 0 =>  => 0 =>  => 0 =>  => 0 =>  => 0 =>  => 0 =>  => 0 =>  => 0 =>  => 0 =>  => 0 =>  => 0 =>  => "

-------------------------------
