 
ALTERAÇÃO DE CLIENTE
POST => "luciana" Data => "2012-09-17 09:28:48", Alterou o Cliente de vale 417194 => "INFORMAÇÕES ALTERADAS => "1 => 5187 => 5 => 28 => 16 => 0 => 0 => 14/09/2012 => 417194 => 203 => 79801 => 10/02/2012 => MARCOS MOURA => 489312 => KATIA PEREIRA DA SILVA => 20760700 => RUA: EDMUNDO => 67 =>  => PILARES => RIO DE JANEIRO => RJ => 2583-0890 => 7753-5583 => 9419-2134 =>  => E-MAIL ENVIADO PARA LIDIANE E LAZARO DIA 17/9 LUCIANA  => 1 => 138033 => G.ROUPA ARAPLAC 10P ATLAN PLUS TB/AM => 0 =>  => 0 =>  => 0 =>  => 0 =>  => 0 =>  => 0 =>  => 0 =>  => 0 =>  => 0 =>  => 0 =>  => 0 =>  => 0 =>  => 0 =>  => 0 =>  => 0 =>  => 0 =>  => 0 =>  => 0 =>  => 0 =>  => "

-------------------------------
 
ALTERAÇÃO DE CLIENTE
POST => "luciana" Data => "2012-09-17 09:35:26", Alterou o Cliente de vale 561980 => "INFORMAÇÕES ALTERADAS => "1 => 5186 => 5 => 32 => 15 => 0 => 0 => 13/09/2012 => 561980 => 179 => 32371 => 13/09/2012 => JOELSON CUSTODIO DA SILVA => 109424 => DAMIANA DOS SANTOS SILVA => 26175025 => RUA: TANGI => 0 => LT03QDF => PARQUE REAL => BELFORD ROXO => RJ => 3771-7864 =>  =>  => AGEND:SEGUNDA 17/9 LUCIANA =>  => 1 => 156274 => CAB BOX GELIUS YASMIM1,40/1,60 CARV/PTO => 0 =>  => 0 =>  => 0 =>  => 0 =>  => 0 =>  => 0 =>  => 0 =>  => 0 =>  => 0 =>  => 0 =>  => 0 =>  => 0 =>  => 0 =>  => 0 =>  => 0 =>  => 0 =>  => 0 =>  => 0 =>  => 0 =>  => "

-------------------------------
 
CADASTRO DE CLIENTE
POST => "luciana" Data => "2012-09-17 09:37:17", Cadastrou o Cliente de vale 315888 => "INFORMAÇÕES CADASTRADAS => "5 => 36 => 13 => 0 => 0 => 17/09/2012 => 315888 => 197 => 44209 => 03/11/2012 => ABILIO MARCOS SANTOS  => 348451 => CLARA RODRIUES DA SILVA  => 26562100 => Rua: Policarpo => 38 =>  => Jacutinga => MESQUITA => RJ => 2792-6398 =>  =>  => AGEND:17/9 LUCIANA  => 01 => 100136 => COZINHA ITAT DAYANE BR =>  =>  =>  =>  =>  =>  =>  =>  =>  =>  =>  =>  =>  =>  =>  =>  =>  =>  =>  =>  =>  =>  =>  =>  =>  =>  =>  =>  =>  =>  =>  =>  =>  =>  =>  =>  =>  =>  => "

-------------------------------
 
ALTERAÇÃO DE CLIENTE
POST => "luciana" Data => "2012-09-17 09:43:24", Alterou o Cliente de vale 384882 => "INFORMAÇÕES ALTERADAS => "1 => 5188 => 5 => 38 => 14 => 0 => 0 => 14/09/2012 => 384882 => 249 => 25367 => 10/01/2012 => WILLIAN DE MELO MATTOS => 446892 => VOLUCJACQUENILDA DE OLIVEIRA DIAS =>  => RUA DEZOITO LT9 => qd33 =>  => JACAROA => MARICA =>  => 9646-5710 =>  =>  => aend: segunda 17/9 Luciana  =>  => 1 => 6121 => ESTANTE JB BECHARA 3040 AM /PT => 0 =>  => 0 =>  => 0 =>  => 0 =>  => 0 =>  => 0 =>  => 0 =>  => 0 =>  => 0 =>  => 0 =>  => 0 =>  => 0 =>  => 0 =>  => 0 =>  => 0 =>  => 0 =>  => 0 =>  => 0 =>  => 0 =>  => "

-------------------------------
 
CADASTRO DE CLIENTE
POST => "MIRIAN" Data => "2012-09-17 09:44:13", Cadastrou o Cliente de vale 561931 => "INFORMAÇÕES CADASTRADAS => "11 => 16 => 15 => 2 => 0 => 17/09/2012 => 561931 => 179 => 52665 => 13/09/2012 => MARCIO LEANDRO CARDOSO DE ALME => 61231/s => JANI TEIXEIRA MUNIZ => 25215208 => RUA ALAMEDA DONA EDITE  => 5 => LT 05 QD 11 => JARDIM PRIMAVERA => DUQUE DE CAXIAS => RJ => 2650-5666 =>  =>  => PROX A ACADEMIA ATLETIC SHOP => 01 => 136437 => COMODA RV IMOLA II T/DVD/INF IM PT =>  =>  =>  =>  =>  =>  =>  =>  =>  =>  =>  =>  =>  =>  =>  =>  =>  =>  =>  =>  =>  =>  =>  =>  =>  =>  =>  =>  =>  =>  =>  =>  =>  =>  =>  =>  =>  =>  => "

-------------------------------
 
CADASTRO DE CLIENTE
POST => "MIRIAN" Data => "2012-09-17 09:46:25", Cadastrou o Cliente de vale 483501 => "INFORMAÇÕES CADASTRADAS => "11 => 26 => 15 => 2 => 0 => 17/09/2012 => 483501 => 182 => 1891 => 08/05/2012 => ELUCIANA BARBOSA SANTOS => 29268/199 => REGINA PENHA DEARAUJO => 26525533 => TRAVESSA: JOAQUIM FERREIRA => 85 =>  => CENTRO => NILÓPOLIS => RJ => 2691-6204 =>  =>  => PROX A FORNECEDORA CHATUBA => 01 => 100136 => COZINHA ITAT DAYANE BR =>  =>  =>  =>  =>  =>  =>  =>  =>  =>  =>  =>  =>  =>  =>  =>  =>  =>  =>  =>  =>  =>  =>  =>  =>  =>  =>  =>  =>  =>  =>  =>  =>  =>  =>  =>  =>  =>  => "

-------------------------------
 
ALTERAÇÃO DE CLIENTE
POST => "luciana" Data => "2012-09-17 10:18:18", Alterou o Cliente de vale 524472 => "INFORMAÇÕES ALTERADAS => "1 => 3616 => 5 => 29 => 21 => 0 => 2 => 14/05/2012 => 524472 => 212 => 524472 => 30/11/-0001 =>  =>  => MARCILENE MARTINS DA SILVA =>  => RUA MARTINS FERREIRA => 16 =>  => AREIA BRANCA => BELFORD ROXO => RJ => 2785-2928 => 7880-5243 =>  => PX GARAGEM DE ONIBUS BLANCO AGEND:15/09  ALEX  FEITO O PEDIDO DE PEÇAS DIA 17/9  LUCIANA  => CLIENTE AUSENTE DIA 21/05/2012,NAO TINHA RESPONSÁVEL EM CASA E O MONTADOR ESTARA RETORNANDO AMANHA DIA 22/05 => 1 =>  => G ROUPA S ANDIRA HAVANA PLUS 6P IMB/MP => 0 =>  => 0 =>  => 0 =>  => 0 =>  => 0 =>  => 0 =>  => 0 =>  => 0 =>  => 0 =>  => 0 =>  => 0 =>  => 0 =>  => 0 =>  => 0 =>  => 0 =>  => 0 =>  => 0 =>  => 0 =>  => 0 =>  => "

-------------------------------
 
ALTERAÇÃO DE CLIENTE
POST => "luciana" Data => "2012-09-17 10:20:38", Alterou o Cliente de vale 524472 => "INFORMAÇÕES ALTERADAS => "1 => 3616 => 5 => 32 => 18 => 0 => 2 => 14/05/2012 => 524472 => 212 => 524472 => 30/11/-0001 =>  =>  => MARCILENE MARTINS DA SILVA =>  => RUA MARTINS FERREIRA => 16 =>  => AREIA BRANCA => BELFORD ROXO => RJ => 2785-2928 => 7880-5243 =>  => PX GARAGEM DE ONIBUS BLANCO AGEND:15/09  ALEX  FEITO O PEDIDO DE PEÇAS DIA 17/9  LUCIANA  => CLIENTE AUSENTE DIA 21/05/2012,NAO TINHA RESPONSÁVEL EM CASA E O MONTADOR ESTARA RETORNANDO AMANHA DIA 22/05 => 1 =>  => G ROUPA S ANDIRA HAVANA PLUS 6P IMB/MP => 0 =>  => 0 =>  => 0 =>  => 0 =>  => 0 =>  => 0 =>  => 0 =>  => 0 =>  => 0 =>  => 0 =>  => 0 =>  => 0 =>  => 0 =>  => 0 =>  => 0 =>  => 0 =>  => 0 =>  => 0 =>  => 0 =>  => "

-------------------------------
 
ALTERAÇÃO DE CLIENTE
POST => "luciana" Data => "2012-09-17 10:26:14", Alterou o Cliente de vale 271391 => "INFORMAÇÕES ALTERADAS => "1 => 5208 => 5 => 23 => 13 => 0 => 0 => 14/09/2012 => 271391 => 182 => 31945 => 12/09/2012 => ELUCIANA BARBOSA SANTOS => 294777 => DAIANE DE FATIMA DOS SANTOS => 26540130 => ESTRADA: DEPUTADO ANDRADE FIGUEIRA => 1575 => CASA02 => CABUIS => NILÓPOLIS => RJ =>  =>  =>  => agend: SEGUNDA 17/9 LUCIANA  =>  => 1 => 9072 => ARM.COLOR ECLIPSE 2P4G BAL C/T VD => 0 =>  => 0 =>  => 0 =>  => 0 =>  => 0 =>  => 0 =>  => 0 =>  => 0 =>  => 0 =>  => 0 =>  => 0 =>  => 0 =>  => 0 =>  => 0 =>  => 0 =>  => 0 =>  => 0 =>  => 0 =>  => 0 =>  => "

-------------------------------
 
ALTERAÇÃO DE CLIENTE
POST => "luciana" Data => "2012-09-17 11:10:42", Alterou o Cliente de vale 559259 => "INFORMAÇÕES ALTERADAS => "1 => 4030 => 5 => 42 => 29 => 0 => 1 => 01/06/2012 => 559259 => 179 => 138136 => 30/05/2012 => CLEBER CAMPISTA DA FONSECA => 400268/199 => JOSE FABIO DIAS =>  => MONTESQUIEU  CASA LT 12 QD 104 CS 01 =>  =>  => JARDIM OLAVO BILAC => DUQUE DE CAXIAS => RJ =>  =>  =>  => PX A PADARIA SAO JORGE A DIREITA A CASA FICA AO LADO BARRACA. => Email enviado ao naec dia 19-06-12, Camila => 1 => 134892 => COZ ITAT CRIATIVA MAXII2VPTO => 0 =>  => 0 =>  => 0 =>  => 0 =>  => 0 =>  => 0 =>  => 0 =>  => 0 =>  => 0 =>  => 0 =>  => 0 =>  => 0 =>  => 0 =>  => 0 =>  => 0 =>  => 0 =>  => 0 =>  => 0 =>  => 0 =>  => "

-------------------------------
 
ALTERAÇÃO DE CLIENTE
POST => "luciana" Data => "2012-09-17 11:16:21", Alterou o Cliente de vale 384882 => "INFORMAÇÕES ALTERADAS => "1 => 5188 => 5 => 10 => 10 => 0 => 0 => 14/09/2012 => 384882 => 249 => 25367 => 10/01/2012 => WILLIAN DE MELO MATTOS => 446892 => VOLUCJACQUENILDA DE OLIVEIRA DIAS =>  => RUA DEZOITO LT9 => qd33 =>  => JACAROA => MARICA =>  => 9646-5710 =>  =>  => aend: segunda 17/9 Luciana  =>  => 1 => 6121 => ESTANTE JB BECHARA 3040 AM /PT => 0 =>  => 0 =>  => 0 =>  => 0 =>  => 0 =>  => 0 =>  => 0 =>  => 0 =>  => 0 =>  => 0 =>  => 0 =>  => 0 =>  => 0 =>  => 0 =>  => 0 =>  => 0 =>  => 0 =>  => 0 =>  => 0 =>  => "

-------------------------------
 
ALTERAÇÃO DE CLIENTE
POST => "luciana" Data => "2012-09-17 11:24:43", Alterou o Cliente de vale 384882 => "INFORMAÇÕES ALTERADAS => "1 => 5188 => 5 => 21 => 7 => 0 => 0 => 14/09/2012 => 384882 => 249 => 25367 => 10/01/2012 => WILLIAN DE MELO MATTOS => 446892 => VOLUCJACQUENILDA DE OLIVEIRA DIAS =>  => RUA DEZOITO LT9 => qd33 =>  => JACAROA => MARICA =>  => 9646-5710 => 7274-9452 =>  => aend: segunda 17/9 Luciana  =>  => 1 => 6121 => ESTANTE JB BECHARA 3040 AM /PT => 0 =>  => 0 =>  => 0 =>  => 0 =>  => 0 =>  => 0 =>  => 0 =>  => 0 =>  => 0 =>  => 0 =>  => 0 =>  => 0 =>  => 0 =>  => 0 =>  => 0 =>  => 0 =>  => 0 =>  => 0 =>  => 0 =>  => "

-------------------------------
 
CADASTRO DE CLIENTE
POST => "MIRIAN" Data => "2012-09-17 12:47:59", Cadastrou o Cliente de vale 557500 => "INFORMAÇÕES CADASTRADAS => "11 => 32 => 24 => 0 => 1 => 17/09/2012 => 557500 => 182 => 557500 => 05/09/2012 => ELUCIANA BARBOSA SANTOS => 472404/199 => FABIO DO NASCIMEMENTO MONTE => 26545770 => ESTRADA: ROBERTO SILVEIRA => 213 => AP 202 => OLINDA => NILÓPOLIS => RJ =>  =>  =>  => PROX AO TUNEL DE OLINDA EM CIMA DA LOJA DE RACOES DOIS AMIGOS.PED.43235 => 01 => 141552 => CJ SALA JANTAR ORTIZ VALENCIA 6C AMEN =>  =>  =>  =>  =>  =>  =>  =>  =>  =>  =>  =>  =>  =>  =>  =>  =>  =>  =>  =>  =>  =>  =>  =>  =>  =>  =>  =>  =>  =>  =>  =>  =>  =>  =>  =>  =>  =>  => "

-------------------------------
 
ALTERAÇÃO DE CLIENTE
POST => "luciana" Data => "2012-09-17 14:13:12", Alterou o Cliente de vale 386780 => "INFORMAÇÕES ALTERADAS => "1 => 4857 => 5 => 16 => 26 => 0 => 2 => 15/07/2012 => 386780 => 175 => 386780 => 15/07/2012 =>  =>  => ANDREA DA COSTA NUNES =>  => RUA CASTELNUOVO => 314 =>  => TIJUCA => RIO DE JANEIRO => RJ => 2278--263 => 2278-2636 =>  => COMUNIDADE DO FORMIGA AO LADO DO BAR DA IONE PROC MARILDA agend:14/9 LUCIANA . => COMPROVANTE  DE RECUSA ENVIADO PARA NAEC LIDIANE E JANDIRA DIA 17/9 LUCIANA . => 1 => 8981 => G. ROUPA MOVAL 6P40065 COL PLUS TB/M => 0 =>  => 0 =>  => 0 =>  => 0 =>  => 0 =>  => 0 =>  => 0 =>  => 0 =>  => 0 =>  => 0 =>  => 0 =>  => 0 =>  => 0 =>  => 0 =>  => 0 =>  => 0 =>  => 0 =>  => 0 =>  => 0 =>  => "

-------------------------------
 
ALTERAÇÃO DE CLIENTE
POST => "luciana" Data => "2012-09-17 14:33:51", Alterou o Cliente de vale 386780 => "INFORMAÇÕES ALTERADAS => "1 => 4857 => 5 => 20 => 30 => 0 => 2 => 15/07/2012 => 386780 => 175 => 386780 => 15/07/2012 =>  =>  => ANDREA DA COSTA NUNES =>  => RUA CASTELNUOVO => 314 =>  => TIJUCA => RIO DE JANEIRO => RJ => 2278--263 => 2278-2636 =>  => COMUNIDADE DO FORMIGA AO LADO DO BAR DA IONE PROC MARILDA agend:14/9 LUCIANA. => COMPROVANTE  DE RECUSA ENVIADO PARA NAEC LIDIANE E JANDIRA DIA 17/9 LUCIANA . => 1 => 8981 => G. ROUPA MOVAL 6P40065 COL PLUS TB/M => 0 =>  => 0 =>  => 0 =>  => 0 =>  => 0 =>  => 0 =>  => 0 =>  => 0 =>  => 0 =>  => 0 =>  => 0 =>  => 0 =>  => 0 =>  => 0 =>  => 0 =>  => 0 =>  => 0 =>  => 0 =>  => 0 =>  => "

-------------------------------
 
ALTERAÇÃO DE CLIENTE
POST => "luciana" Data => "2012-09-17 16:07:00", Alterou o Cliente de vale 417194 => "INFORMAÇÕES ALTERADAS => "1 => 5187 => 5 => 28 => 14 => 0 => 0 => 14/09/2012 => 417194 => 203 => 79801 => 10/02/2012 => MARCOS MOURA => 489312 => KATIA PEREIRA DA SILVA => 20760700 => RUA: EDMUNDO => 67 =>  => PILARES => RIO DE JANEIRO => RJ => 2583-0890 => 7753-5583 => 7892-1438 => CONFIRMEI COM A CLIENTE PARA QUINTA 20/9 LUCIANA  => E-MAIL ENVIADO PARA LIDIANE E LAZARO DIA 17/9 LUCIANA  => 1 => 138033 => G.ROUPA ARAPLAC 10P ATLAN PLUS TB/AM => 0 =>  => 0 =>  => 0 =>  => 0 =>  => 0 =>  => 0 =>  => 0 =>  => 0 =>  => 0 =>  => 0 =>  => 0 =>  => 0 =>  => 0 =>  => 0 =>  => 0 =>  => 0 =>  => 0 =>  => 0 =>  => 0 =>  => "

-------------------------------
 
CADASTRO DE CLIENTE
POST => "MIRIAN" Data => "2012-09-17 17:04:51", Cadastrou o Cliente de vale 696950 => "INFORMAÇÕES CADASTRADAS => "11 => 33 => 26 => 2 => 0 => 17/09/2012 => 696950 => 203 => 696950 => 09/12/2011 => JORGE LUIZ GOMES DOS REIS => 398563/199 => ALESSANDRA CRISTINA DOS SANTOS MESQUITA => 26545460 => RUA: DONA VICENTINA => 694 =>  => PAIOL DE POLVORA => NILÓPOLIS => RJ => 3762-4032 =>  =>  => RUA CANDIDA AO LADO 1710,PROX A VIA LIGHT PROC ROSANGELA.PED.69695 => 01 => 136543 => COZINHA  LUCIANE DAKAR CHAMP/NOG => 01 => 134708 => BALCAO LUCIANE DAKAR 2P4G CHAMP / NOG =>  =>  =>  =>  =>  =>  =>  =>  =>  =>  =>  =>  =>  =>  =>  =>  =>  =>  =>  =>  =>  =>  =>  =>  =>  =>  =>  =>  =>  =>  =>  =>  =>  =>  =>  =>  => "

-------------------------------
