 
CADASTRO DE CLIENTE
POST => "camila" Data => "2012-07-05 10:30:34", Cadastrou o Cliente de vale 517960 => "INFORMAÇÕES CADASTRADAS => "6 => 19 => 20 => 0 => 0 => 05/07/2012 => 517960 => 179 => 20512 => 05/07/2012 => CLEBER CAMPISTA DA FONSECA => 73221 / 199 => ANA CARVALHO DE ANDRADE => 25025010 => Rua: Doutor Manoel Reis => 629 => CASA => CENTENARIO  => Duque de Caxias => RJ => 6811-9494 =>  =>  => RUA DO LADO COLEGIO ANA LUCIA DO BAR DO BAIXINHO AVENIDA DA SENHORA SOCORRO. => 01 => 136741 => G ROUPA ARAMOVEIS 6P ORION BR/PTO =>  =>  =>  =>  =>  =>  =>  =>  =>  =>  =>  =>  =>  =>  =>  =>  =>  =>  =>  =>  =>  =>  =>  =>  =>  =>  =>  =>  =>  =>  =>  =>  =>  =>  =>  =>  =>  =>  => "

-------------------------------
 
ALTERAÇÃO DE CLIENTE
POST => "camila" Data => "2012-07-05 10:31:17", Alterou o Cliente de vale 517960 => "INFORMAÇÕES ALTERADAS => "1 => 4434 => 6 => 33 => 14 => 0 => 0 => 05/07/2012 => 517960 => 179 => 20512 => 05/07/2012 => CLEBER CAMPISTA DA FONSECA => 73221 / 199 => ANA CARVALHO DE ANDRADE => 25025010 => RUA: DOUTOR MANOEL REIS => 629 => CASA => CENTENARIO => DUQUE DE CAXIAS => RJ => 6811-9494 =>  =>  => RUA DO LADO COLEGIO ANA LUCIA DO BAR DO BAIXINHO AVENIDA DA SENHORA SOCORRO..Agend:06/07/12 Camila =>  => 1 => 136741 => G ROUPA ARAMOVEIS 6P ORION BR/PTO => 0 =>  => 0 =>  => 0 =>  => 0 =>  => 0 =>  => 0 =>  => 0 =>  => 0 =>  => 0 =>  => 0 =>  => 0 =>  => 0 =>  => 0 =>  => 0 =>  => 0 =>  => 0 =>  => 0 =>  => 0 =>  => 0 =>  => "

-------------------------------
 
ALTERAÇÃO DE CLIENTE
POST => "marta" Data => "2012-07-05 13:12:27", Alterou o Cliente de vale 404234 => "INFORMAÇÕES ALTERADAS => "1 => 4052 => 22 => 25 => 24 => 2 => 0 => 01/06/2012 => 404234 => 245 => 38037 => 27/01/2012 => ANDREIA DA CONCEIÇÃO => 470641/199 => ODETE SANTOS BASTOS =>  => RUA SETE LAGOAS => 145 => BL 09 CASA 101 => JACAREPAGUA => RIO DE JANEIRO => RJ => 7497-9100 =>  =>  => NA ESTRADA DO RIO GRANDE DEPOIS DO MERCADO ESPECIAL COND NUME 4181. => agendado p/16/06/12,passado email p/camila acompanhar.mirian cliente só pode sabado . CAMILA DISSE QUE A MONTAGEM ESTA AGENDADA PARA HOJE 30/06- A CLIENTE DISSE QUE O MONTADOR CONFIRMOU PARA HOJE. SUZI.De acordo com montador , cliente ausente .E uma casa de dois andares, muro chapicado portao de grande cor branco, 10:30.reagendado p/ dia 02/07/2012, passado e-mail para camila acompanhar.reagendado p/dia 07/07 com Farly.Nota com Marcelo Alexandre,passado e-mail p/camila acompanhar => 1 => 135481 => COZ KIPLAC RENATA PLUS BR/PTO => 0 =>  => 0 =>  => 0 =>  => 0 =>  => 0 =>  => 0 =>  => 0 =>  => 0 =>  => 0 =>  => 0 =>  => 0 =>  => 0 =>  => 0 =>  => 0 =>  => 0 =>  => 0 =>  => 0 =>  => 0 =>  => 0 =>  => "

-------------------------------
 
CADASTRO DE CLIENTE
POST => "MIRIAN" Data => "2012-07-05 13:29:16", Cadastrou o Cliente de vale 457150 => "INFORMAÇÕES CADASTRADAS => "11 => 21 => 28 => 0 => 2 => 05/07/2012 => 457150 => 198 => 457150 => 04/07/2012 =>  =>  => MONIQUE FONTES DA SILVA =>  => RUA DOUTOR LUCIO  => 48 => FDS => VILA TIRADENTES => SAO JOAO DE MERITI => RJ => 9343-4056 =>  =>  => PED.45799 AO LADO DO SALAO DO ESPELHO PORTAO AZUL PROC POR MONIQUE => 01 => 135481 => COZ KIPLAC RENATA PLUS BR/PTO =>  =>  =>  =>  =>  =>  =>  =>  =>  =>  =>  =>  =>  =>  =>  =>  =>  =>  =>  =>  =>  =>  =>  =>  =>  =>  =>  =>  =>  =>  =>  =>  =>  =>  =>  =>  =>  =>  => "

-------------------------------
 
CADASTRO DE CLIENTE
POST => "MIRIAN" Data => "2012-07-05 13:32:12", Cadastrou o Cliente de vale 517525 => "INFORMAÇÕES CADASTRADAS => "11 => 34 => 14 => 0 => 0 => 04/07/2012 => 517525 => 203 => 84861 => 04/07/2012 => MARCOS MOURA => 534193/199 => EVANDRO GONÇALVES DE OLIVEIRA => 21040011 => RUA AV ERNANI CARDOSO => 217 => BL 2 AP 408 => CASCADURA => RIO DE JANEIRO => RJ => 2229-5913 => 9666-9614 =>  => ENTRE A SARGENTO DE CASCADURA E COLEGIO MV1 => 01 => 8323 => RACK SOMOPAR 20000 TB/MP =>  =>  =>  =>  =>  =>  =>  =>  =>  =>  =>  =>  =>  =>  =>  =>  =>  =>  =>  =>  =>  =>  =>  =>  =>  =>  =>  =>  =>  =>  =>  =>  =>  =>  =>  =>  =>  =>  => "

-------------------------------
 
CADASTRO DE CLIENTE
POST => "MIRIAN" Data => "2012-07-05 15:47:19", Cadastrou o Cliente de vale 556095 => "INFORMAÇÕES CADASTRADAS => "11 => 24 => 5 => 0 => 2 => 05/07/2012 => 556095 => 182 => 556095 => 04/07/2012 =>  =>  => CARLOS HENRIQUE XAVIER DS SANTOS =>  => RUA AIUBA => 16 =>  => ANCHIETA => RIO DE JANEIRO => RJ => 3212-3866 => 7422-1705 =>  => PROX AO PONTO FINAL DO ONIBUS 723-PED.166703 => 01 => 136337 => BALCAO C/T KIPLAC  RENATA PLUS BR => 01 => 135481 => COZ KIPLAC RENATA PLUS BR/PTO =>  =>  =>  =>  =>  =>  =>  =>  =>  =>  =>  =>  =>  =>  =>  =>  =>  =>  =>  =>  =>  =>  =>  =>  =>  =>  =>  =>  =>  =>  =>  =>  =>  =>  =>  =>  => "

-------------------------------
 
ALTERAÇÃO DE CLIENTE
POST => "MIRIAN" Data => "2012-07-05 15:47:47", Alterou o Cliente de vale 556095 => "INFORMAÇÕES ALTERADAS => "1 => 4437 => 11 => 18 => 25 => 0 => 2 => 05/07/2012 => 556095 => 182 => 556095 => 04/07/2012 =>  =>  => CARLOS HENRIQUE XAVIER DS SANTOS =>  => RUA AIUBA => 16 =>  => ANCHIETA => RIO DE JANEIRO => RJ => 3212-3866 => 7422-1705 =>  => PROX AO PONTO FINAL DO ONIBUS 723-PED.46371 =>  => 1 => 136337 => BALCAO C/T KIPLAC  RENATA PLUS BR => 1 => 135481 => COZ KIPLAC RENATA PLUS BR/PTO => 0 =>  => 0 =>  => 0 =>  => 0 =>  => 0 =>  => 0 =>  => 0 =>  => 0 =>  => 0 =>  => 0 =>  => 0 =>  => 0 =>  => 0 =>  => 0 =>  => 0 =>  => 0 =>  => 0 =>  => 0 =>  => "

-------------------------------
 
CADASTRO DE CLIENTE
POST => "MIRIAN" Data => "2012-07-05 15:51:29", Cadastrou o Cliente de vale 450385 => "INFORMAÇÕES CADASTRADAS => "11 => 30 => 25 => 0 => 0 => 05/07/2012 => 450385 => 179 => 166703 => 24/03/2012 =>  => 505147/199 => RENATA MARIA DOS SANTOS => 26193270 => RUA: ALEGRIA => 12 =>  => VILA SANTA TERESA => BELFORD ROXO => RJ => 2781-4488 => 7534-0426 =>  => PROX AO AVIARIO DO GELBE BECO EM FRENTE A BARRACA DA DONA LAURA PROC FATIMA => 01 => 139500 => ARM.ITAT.3P PREMIUM BR => 01 => 139504 => PAN.ITAT.6P VID PREMIUM PTO =>  =>  =>  =>  =>  =>  =>  =>  =>  =>  =>  =>  =>  =>  =>  =>  =>  =>  =>  =>  =>  =>  =>  =>  =>  =>  =>  =>  =>  =>  =>  =>  =>  =>  =>  =>  => "

-------------------------------
 
ALTERAÇÃO DE CLIENTE
POST => "MIRIAN" Data => "2012-07-05 16:43:22", Alterou o Cliente de vale 513001 => "INFORMAÇÕES ALTERADAS => "1 => 4412 => 11 => 25 => 11 => 0 => 0 => 03/07/2012 => 513001 => 179 => 11929 => 28/06/2012 => ROBSON CARVALHO LOPES => 43953/199 => DENISE PEREIRA SOARES => 25046410 => RUA: ALEXANDRE DUMAS => lt 06 => QD 16 => PARQUE FLUMINENSE => DUQUE DE CAXIAS => RJ =>  =>  =>  => PROX A PRAÇA DO GALO E A IGREJA NOSSA SENHORA DE FATIMA PROC LUCIANA =>  => 2 => 138033 => G.ROUPA ARAPLAC 10P ATLAN PLUS TB/AM => 0 =>  => 0 =>  => 0 =>  => 0 =>  => 0 =>  => 0 =>  => 0 =>  => 0 =>  => 0 =>  => 0 =>  => 0 =>  => 0 =>  => 0 =>  => 0 =>  => 0 =>  => 0 =>  => 0 =>  => 0 =>  => 0 =>  => "

-------------------------------
 
ALTERAÇÃO DE CLIENTE
POST => "MIRIAN" Data => "2012-07-05 16:45:49", Alterou o Cliente de vale 510299 => "INFORMAÇÕES ALTERADAS => "1 => 4365 => 11 => 14 => 13 => 0 => 0 => 28/06/2012 => 510299 => 179 => 18367 => 23/06/2012 => LEONARDO OLIVEIRA DE FREITAS => 64638 => SIMONE DE MIRANDA SARMENTO =>  => BRAGANÇA => 734 =>  => JARDIM GRAMACHO => DUQUE DE CAXIAS =>  =>  =>  =>  => PROX DE UM TRAILLER AZUL PROC SIMONE =>  => 1 => 138033 => G.ROUPA ARAPLAC 10P ATLAN PLUS TB/AM => 1 => 136153 => CAMA CS TCIL ITALIA IMB/PTO => 0 =>  => 0 =>  => 0 =>  => 0 =>  => 0 =>  => 0 =>  => 0 =>  => 0 =>  => 0 =>  => 0 =>  => 0 =>  => 0 =>  => 0 =>  => 0 =>  => 0 =>  => 0 =>  => 0 =>  => 0 =>  => "

-------------------------------
