 
CADASTRO DE CLIENTE
POST => "luciana" Data => "2012-06-29 08:53:40", Cadastrou o Cliente de vale 511736 => "INFORMAÇÕES CADASTRADAS => "5 => 25 => -1 => 0 => 0 => 28/06/2012 => 511736 => 179 => 20625 => 27/06/2012 => ANDERSON PEREIRA SANTOS  => 73690 => PAULINA SILVA PINHEIRO => 25010000 => AV PRESIDENTE KENNEDY  => 1060 => APT1003 => Engenho do Porto => Duque de Caxias => RJ => 8000-7310 =>  =>  => AGEND: SEXTA 29/6 LUCIANA  => 01 => 141552 => CJ SALA JANTAR ORTIZ VALENCIA 6C AMEN => 01 => 98715 => ESTANTE BECHARA CANADA HO AMEND/PTO =>  =>  =>  =>  =>  =>  =>  =>  =>  =>  =>  =>  =>  =>  =>  =>  =>  =>  =>  =>  =>  =>  =>  =>  =>  =>  =>  =>  =>  =>  =>  =>  =>  =>  =>  =>  => "

-------------------------------
 
ALTERAÇÃO DE CLIENTE
POST => "luciana" Data => "2012-06-29 08:59:44", Alterou o Cliente de vale 511736 => "INFORMAÇÕES ALTERADAS => "1 => 4406 => 5 => 11 => 14 => 0 => 0 => 28/06/2012 => 511736 => 179 => 20625 => 27/06/2012 => ANDERSON PEREIRA SANTOS => 73690 => PAULINA SILVA PINHEIRO => 25010000 => AV PRESIDENTE KENNEDY => 1060 => APT1003 => ENGENHO DO PORTO => DUQUE DE CAXIAS => RJ => 8000-7310 =>  =>  => AGEND: SEXTA 29/6 LUCIANA =>  => 1 => 141552 => CJ SALA JANTAR ORTIZ VALENCIA 6C AMEN => 1 => 98715 => ESTANTE BECHARA CANADA HO AMEND/PTO => 0 =>  => 0 =>  => 0 =>  => 0 =>  => 0 =>  => 0 =>  => 0 =>  => 0 =>  => 0 =>  => 0 =>  => 0 =>  => 0 =>  => 0 =>  => 0 =>  => 0 =>  => 0 =>  => 0 =>  => 0 =>  => "

-------------------------------
 
ALTERAÇÃO DE CLIENTE
POST => "luciana" Data => "2012-06-29 09:00:18", Alterou o Cliente de vale 548831 => "INFORMAÇÕES ALTERADAS => "1 => 3642 => 5 => 14 => 14 => 0 => 2 => 14/05/2012 => 548831 => 168 => 548831 => 09/05/2012 =>  =>  => DELFIM FERREIRA DOS SANTOS =>  => MORSE => 35 => CASA 3 FDS => VAZ LOBO => RIO DE JANEIRO => RJ => 9893-5094 =>  =>  => CLIENTE NÃO ATENDE O TEL ACIMA DIA 6/6 AS 13:52HS PARA AGENDAR PARA SABADO 9/6  PASSEI E-MAIL PARA I IGOR DIA 6/6 PARA PEDI OUTRO TEL DE CONTATO LUCIANA FICHA COM EDSON MOREIRA  => CONFIRMEI COM A VERONICA PARA  SABADO 30/6 pela tarde LUCIANA  => 1 => 140391 => G.ROUPA ARAPLAC 8P AUSTRIA TB/BR => 0 =>  => 0 =>  => 0 =>  => 0 =>  => 0 =>  => 0 =>  => 0 =>  => 0 =>  => 0 =>  => 0 =>  => 0 =>  => 0 =>  => 0 =>  => 0 =>  => 0 =>  => 0 =>  => 0 =>  => 0 =>  => 0 =>  => "

-------------------------------
 
CADASTRO DE CLIENTE
POST => "camila" Data => "2012-06-29 09:07:16", Cadastrou o Cliente de vale 397734 => "INFORMAÇÕES CADASTRADAS => "6 => 24 => 1 => 0 => 0 => 25/06/2012 => 397734 => 242 => 45317 => 21/01/2012 => SILVINO FERREIRA DA SILVA JUNI => 462426 / 199 => DIEGO GOMES DE PAULA DE AGUIAR => 25510300 => Avenida: Almirante Sílvio Hecker => 109 => CASA 4 => Jardim Meriti => São João de Meriti => RJ =>  =>  =>  => PROX AO COLEGIO MARIA RODRIGUES. => 01 => 140391 => G.ROUPA ARAPLAC 8P AUSTRIA TB/BR =>  =>  =>  =>  =>  =>  =>  =>  =>  =>  =>  =>  =>  =>  =>  =>  =>  =>  =>  =>  =>  =>  =>  =>  =>  =>  =>  =>  =>  =>  =>  =>  =>  =>  =>  =>  =>  =>  => "

-------------------------------
 
ALTERAÇÃO DE CLIENTE
POST => "simone" Data => "2012-06-29 09:11:51", Alterou o Cliente de vale 383422 => "INFORMAÇÕES ALTERADAS => "1 => 3375 => 35 => 31 => 24 => 0 => 0 => 10/05/2012 => 383422 => 238 => 57999 => 09/01/2012 => ZENI FURTADO DE AGUIAR => 444518 / 199 => JOAO SALES DE ANDRADE => 23012320 => RUA: BEBEDOURO => 222 => CASA 2 => SENADOR VASCONCELOS => RIO DE JANEIRO => RJ => 7631-3441 =>  =>  => DEPOIS DA ORIENTAL PRIM A DIREITA PELA AV SAT CRUZ. => END.:RUA BEBEDOURO, 222 CASA 02 SENADOR VASCONCELOS, RIO DE JANEIRO , DEPOIS DA ORIENTAL PRIM A DIREITA PELA AV SAT CRUZ PROC MARTA TEL PARA CONTATO:(21)9292-2012//7631-3445 => 1 => 131284 => BALCAO ARAMOVEIS LIVIA BR/PTO => 0 =>  => 0 =>  => 0 =>  => 0 =>  => 0 =>  => 0 =>  => 0 =>  => 0 =>  => 0 =>  => 0 =>  => 0 =>  => 0 =>  => 0 =>  => 0 =>  => 0 =>  => 0 =>  => 0 =>  => 0 =>  => 0 =>  => "

-------------------------------
 
ALTERAÇÃO DE CLIENTE
POST => "camila" Data => "2012-06-29 09:17:03", Alterou o Cliente de vale 504752 => "INFORMAÇÕES ALTERADAS => "1 => 4226 => 6 => 32 => 20 => 0 => 0 => 15/06/2012 => 504752 => 171 => 166 => 13/06/2012 => SERGIO JOAQUIM DOS SANTOS => 11031/199 => SOLANGE LAUDIOZER SOARES => 21840600 => RUA: ESTRADA DO ENGENHO => 671 => CS 01 => BANGU => RIO DE JANEIRO => RJ => 2402-3379 =>  =>  => AO LADO DA IGREJA BATISTA  PROX A BARRACA DO PEQUENO =>  => 1 => 140391 => G.ROUPA ARAPLAC 8P AUSTRIA TB/BR => 0 =>  => 0 =>  => 0 =>  => 0 =>  => 0 =>  => 0 =>  => 0 =>  => 0 =>  => 0 =>  => 0 =>  => 0 =>  => 0 =>  => 0 =>  => 0 =>  => 0 =>  => 0 =>  => 0 =>  => 0 =>  => 0 =>  => "

-------------------------------
 
ALTERAÇÃO DE CLIENTE
POST => "camila" Data => "2012-06-29 09:18:14", Alterou o Cliente de vale 504819 => "INFORMAÇÕES ALTERADAS => "1 => 4223 => 6 => 32 => 16 => 0 => 0 => 15/06/2012 => 504819 => 171 => 69875 => 13/06/2012 => SERGIO JOAQUIM DOS SANTOS => 508596/199 => CRISTIANO ESPEDITO ALVES => 21730560 => TRAVESSA SHALON => 23 =>  => REALENGO => RIO DE JANEIRO => RJ =>  =>  =>  => AV BRASIL BAIRRO BATAN ESTR ENGENHO NOVO SUBIR DO BRIZOLINHA APOS BARRACA DO BIGODE PROC SRA MARI =>  => 1 => 138033 => G.ROUPA ARAPLAC 10P ATLAN PLUS TB/AM => 0 =>  => 0 =>  => 0 =>  => 0 =>  => 0 =>  => 0 =>  => 0 =>  => 0 =>  => 0 =>  => 0 =>  => 0 =>  => 0 =>  => 0 =>  => 0 =>  => 0 =>  => 0 =>  => 0 =>  => 0 =>  => 0 =>  => "

-------------------------------
 
ALTERAÇÃO DE CLIENTE
POST => "luciana" Data => "2012-06-29 09:32:12", Alterou o Cliente de vale 548831 => "INFORMAÇÕES ALTERADAS => "1 => 3642 => 5 => 40 => 5 => 0 => 2 => 14/05/2012 => 548831 => 168 => 548831 => 09/05/2012 =>  =>  => DELFIM FERREIRA DOS SANTOS =>  => MORSE => 35 => CASA 3 FDS => VAZ LOBO => RIO DE JANEIRO => RJ => 9893-5094 =>  =>  => CLIENTE NÃO ATENDE O TEL ACIMA DIA 6/6 AS 13:52HS PARA AGENDAR PARA SABADO 9/6  PASSEI E-MAIL PARA I IGOR DIA 6/6 PARA PEDI OUTRO TEL DE CONTATO LUCIANA FICHA COM EDSON MOREIRA  => CONFIRMEI COM A VERONICA PARA  SABADO 30/6 pela tarde LUCIANA  => 1 => 140391 => G.ROUPA ARAPLAC 8P AUSTRIA TB/BR => 0 =>  => 0 =>  => 0 =>  => 0 =>  => 0 =>  => 0 =>  => 0 =>  => 0 =>  => 0 =>  => 0 =>  => 0 =>  => 0 =>  => 0 =>  => 0 =>  => 0 =>  => 0 =>  => 0 =>  => 0 =>  => 0 =>  => "

-------------------------------
 
ALTERAÇÃO DE CLIENTE
POST => "camila" Data => "2012-06-29 10:07:09", Alterou o Cliente de vale 570937 => "INFORMAÇÕES ALTERADAS => "1 => 4136 => 6 => 22 => 18 => 0 => 2 => 11/06/2012 => 570937 => 243 => 570937 => 01/06/2012 =>  =>  => NELSON DE OLIVEIRA =>  => RUA REPUBLICA ARABE DA SIRIA => 135 => APTO 101 => CENTRO => NOVA IGUAÇU => RJ => 8120-1964 =>  =>  => RUA SAINDO NA NILO PEÇANHA, RUA DA FUNERARIA SÃO SALVADOR PROC NELSON OU BERNADETH..Sera feita até dia 22-06-12 camila =>  => 1 => 8323 => RACK SOMOPAR 20000 TB/MP => 1 => 8342 => G ROUPA N.HORIZ 3P AREZZO TB/BR/MP => 0 =>  => 0 =>  => 0 =>  => 0 =>  => 0 =>  => 0 =>  => 0 =>  => 0 =>  => 0 =>  => 0 =>  => 0 =>  => 0 =>  => 0 =>  => 0 =>  => 0 =>  => 0 =>  => 0 =>  => 0 =>  => "

-------------------------------
 
ALTERAÇÃO DE CLIENTE
POST => "luciana" Data => "2012-06-29 10:15:09", Alterou o Cliente de vale 448106 => "INFORMAÇÕES ALTERADAS => "1 => 4271 => 5 => 12 => 32 => 0 => 0 => 21/06/2012 => 448106 => 218 => 70027 => 22/03/2012 => MARCO AURELIO DE AZEVEDO DE ALMEIDA => 508586/199 => VIVIANE DOS SANTOS SA => 26290720 => RUA: ZULEICA KILL => 286 =>  => VALVERDE => NOVA IGUAÇU => RJ => 9395-3655 => 7749-4684 =>  => DEPOIS DO SUP MERCADO NOVO VALVERDE AGEND:30/6 CLIENTE CIENTE  LUCIANA  =>  => 1 => 134708 => BALCAO LUCIANE DAKAR 2P4G CHAMP / NOG => 0 =>  => 0 =>  => 0 =>  => 0 =>  => 0 =>  => 0 =>  => 0 =>  => 0 =>  => 0 =>  => 0 =>  => 0 =>  => 0 =>  => 0 =>  => 0 =>  => 0 =>  => 0 =>  => 0 =>  => 0 =>  => 0 =>  => "

-------------------------------
 
ALTERAÇÃO DE CLIENTE
POST => "luciana" Data => "2012-06-29 10:46:36", Alterou o Cliente de vale 505010 => "INFORMAÇÕES ALTERADAS => "1 => 4212 => 5 => 14 => 15 => 0 => 1 => 15/06/2012 => 505010 => 169 => 94384 => 13/06/2012 => PAULO SERGIO DOS SANTOS MARINHO => 2806 => IVANETE DOS SANTOS =>  => RUA DO RESENDE => 50 => APTO 208 => CENTRO => RIO DE JANEIRO =>  =>  =>  =>  => TROCA COM RECOLHIMENTO PROCESSO JUDICIAL PROCESSO 0130093720108190001  FICHA COM EDSON agend:quarta 27/6 Luciana  => ENDEREÇO:RUA SENHOR MATOZINHO Nº 106 APT 210 CIDADE NOVA  TEL(21)2252-2987/9938-0415/TROCA COM RECOLHIMENTO PROCESSO JUDICIAL PROCESSO REF:  AO LADO DO SAMBODROMO. => 1 => 6078 => RACK KIPLAC TORRE PLUS LUXO AR/MP => 0 =>  => 0 =>  => 0 =>  => 0 =>  => 0 =>  => 0 =>  => 0 =>  => 0 =>  => 0 =>  => 0 =>  => 0 =>  => 0 =>  => 0 =>  => 0 =>  => 0 =>  => 0 =>  => 0 =>  => 0 =>  => 0 =>  => "

-------------------------------
 
ALTERAÇÃO DE CLIENTE
POST => "luciana" Data => "2012-06-29 10:50:32", Alterou o Cliente de vale 504323 => "INFORMAÇÕES ALTERADAS => "1 => 4255 => 5 => 49 => 28 => 0 => 0 => 12/06/2012 => 504323 => 240 => 12974 => 12/06/2012 => JESSICA SOARES DUARTE => 251310/199 => WALACE AUGUSTO DA SILVA => 21331540 => RUA: SARGENTO VALDER XAVIER DE LIMA => 200 =>  => BENTO RIBEIRO => RIO DE JANEIRO => RJ => 3015-9594 => 8588-2586 =>  => ESTRADA DA FONTINHA PROX AO BAR TOCA DO MENGAO =>  => 1 => 137981 => CJ EST GAZIN MAIORCA 3/2L KOR MAR => 0 =>  => 0 =>  => 0 =>  => 0 =>  => 0 =>  => 0 =>  => 0 =>  => 0 =>  => 0 =>  => 0 =>  => 0 =>  => 0 =>  => 0 =>  => 0 =>  => 0 =>  => 0 =>  => 0 =>  => 0 =>  => 0 =>  => "

-------------------------------
 
ALTERAÇÃO DE CLIENTE
POST => "luciana" Data => "2012-06-29 10:58:00", Alterou o Cliente de vale 570937 => "INFORMAÇÕES ALTERADAS => "1 => 4136 => 5 => 12 => 20 => 0 => 2 => 11/06/2012 => 570937 => 243 => 570937 => 01/06/2012 =>  =>  => NELSON DE OLIVEIRA =>  => RUA REPUBLICA ARABE DA SIRIA => 135 => APTO 101 => CENTRO => NOVA IGUAÇU => RJ => 8120-1964 =>  =>  => RUA SAINDO NA NILO PEÇANHA, RUA DA FUNERARIA SÃO SALVADOR PROC NELSON OU BERNADETH..Sera feita até dia 22-06-12 camila => FEITO O PEDIDO DE TROCA DIA 29/6 LUCIANA  => 1 => 8323 => RACK SOMOPAR 20000 TB/MP => 1 => 8342 => G ROUPA N.HORIZ 3P AREZZO TB/BR/MP => 0 =>  => 0 =>  => 0 =>  => 0 =>  => 0 =>  => 0 =>  => 0 =>  => 0 =>  => 0 =>  => 0 =>  => 0 =>  => 0 =>  => 0 =>  => 0 =>  => 0 =>  => 0 =>  => 0 =>  => 0 =>  => "

-------------------------------
 
ALTERAÇÃO DE CLIENTE
POST => "luciana" Data => "2012-06-29 11:10:15", Alterou o Cliente de vale 570937 => "INFORMAÇÕES ALTERADAS => "1 => 4136 => 5 => 10 => 9 => 0 => 2 => 11/06/2012 => 570937 => 243 => 570937 => 01/06/2012 =>  =>  => NELSON DE OLIVEIRA =>  => RUA REPUBLICA ARABE DA SIRIA => 135 => APTO 101 => CENTRO => NOVA IGUAÇU => RJ => 8120-1964 =>  =>  => RUA SAINDO NA NILO PEÇANHA, RUA DA FUNERARIA SÃO SALVADOR PROC NELSON OU BERNADETH..Sera feita até dia 22-06-12 camila => FEITO O PEDIDO DE TROCA DIA 29/6 LUCIANA  => 1 => 8323 => RACK SOMOPAR 20000 TB/MP => 1 => 8342 => G ROUPA N.HORIZ 3P AREZZO TB/BR/MP => 0 =>  => 0 =>  => 0 =>  => 0 =>  => 0 =>  => 0 =>  => 0 =>  => 0 =>  => 0 =>  => 0 =>  => 0 =>  => 0 =>  => 0 =>  => 0 =>  => 0 =>  => 0 =>  => 0 =>  => 0 =>  => "

-------------------------------
 
ALTERAÇÃO DE CLIENTE
POST => "luciana" Data => "2012-06-29 11:14:59", Alterou o Cliente de vale 527500 => "INFORMAÇÕES ALTERADAS => "1 => 3365 => 5 => 10 => 28 => 0 => 2 => 11/05/2012 => 527500 => WA => 527500 => 09/05/2012 =>  =>  => ANGELICA CUSTODIO DE AZEVEDO =>  => ESTR DO CAMBONGO => 174 =>  => SÃO VICENTE => BELFORD ROXO =>  => 2663-5144 =>  =>  => sera feito até sexta feira dia 22-06-12 Camila. => FEITO O PEDIDO DE PEÇAS DIA 29/6 LUCIANA  => 1 => 140391 => G.ROUPA ARAPLAC 8P AUSTRIA TB/BR => 0 =>  => 0 =>  => 0 =>  => 0 =>  => 0 =>  => 0 =>  => 0 =>  => 0 =>  => 0 =>  => 0 =>  => 0 =>  => 0 =>  => 0 =>  => 0 =>  => 0 =>  => 0 =>  => 0 =>  => 0 =>  => 0 =>  => "

-------------------------------
 
ALTERAÇÃO DE CLIENTE
POST => "simone" Data => "2012-06-29 11:24:43", Alterou o Cliente de vale 510285 => "INFORMAÇÕES ALTERADAS => "1 => 4384 => 35 => 45 => 19 => 0 => 1 => 28/06/2012 => 510285 => 180 => 510285 => 23/06/2012 => GREICE CORREA DA SILVA => 503411 => JACQUELINE COSTA DE ARAUJO SANTOS  =>  => PROFESSOR EDUARDO VIANA => 898 =>  => ANDRADE ARAUJO => NOVA IGUAÇU =>  => 9224-8675 =>  =>  => PROX AO COLEGIO PAULO TARSO CD 271 =>  => 1 => 140391 => G.ROUPA ARAPLAC 8P AUSTRIA TB/BR => 0 =>  => 0 =>  => 0 =>  => 0 =>  => 0 =>  => 0 =>  => 0 =>  => 0 =>  => 0 =>  => 0 =>  => 0 =>  => 0 =>  => 0 =>  => 0 =>  => 0 =>  => 0 =>  => 0 =>  => 0 =>  => 0 =>  => "

-------------------------------
 
ALTERAÇÃO DE CLIENTE
POST => "simone" Data => "2012-06-29 13:28:00", Alterou o Cliente de vale 475257 => "INFORMAÇÕES ALTERADAS => "1 => 3299 => 35 => 17 => 21 => 0 => 0 => 11/05/2012 => 475257 => 196 => 640 => 24/04/2012 => SEBASTIAO ANTONIO GONÇALVES => 16798 => SANDRA REGINA DE OLIVEIRA =>  => ALGA MARINHA => 103 => CASA 201 => PARAISO => NOVA IGUAÇU =>  => 9226-6443 => 8780-5718 =>  => PROX AO MERCADO VIANENSE KM 32 => Email enviado ao naec dia 22-05-2012 Camila. OBS:  endereço area de risco , montador continua com a ficha. => 1 => 100136 => COZINHA ITAT DAYANE BR => 0 =>  => 0 =>  => 0 =>  => 0 =>  => 0 =>  => 0 =>  => 0 =>  => 0 =>  => 0 =>  => 0 =>  => 0 =>  => 0 =>  => 0 =>  => 0 =>  => 0 =>  => 0 =>  => 0 =>  => 0 =>  => 0 =>  => "

-------------------------------
 
ALTERAÇÃO DE CLIENTE
POST => "simone" Data => "2012-06-29 13:42:22", Alterou o Cliente de vale 496023 => "INFORMAÇÕES ALTERADAS => "1 => 3971 => 35 => 45 => 20 => 0 => 0 => 29/05/2012 => 496023 => 230 => 1525 => 25/05/2012 => GLAUCE COSTA GABRIEL => 15402/199 => ANDRE SANTANA PERES => 23066170 => RUA: TREZE => 64 =>  => PACIÊNCIA => RIO DE JANEIRO => RJ =>  =>  =>  => JD PALMARES AV BRASIL ENTRAR NA PIZZARIA CASA BRANCA PROX A PADARIA RUA 13 => OBS: Passado e-mail para o naec no dia 29/06/12 solicitando o tel para contato. => 1 => 136543 => COZINHA  LUCIANE DAKAR CHAMP/NOG => 0 =>  => 0 =>  => 0 =>  => 0 =>  => 0 =>  => 0 =>  => 0 =>  => 0 =>  => 0 =>  => 0 =>  => 0 =>  => 0 =>  => 0 =>  => 0 =>  => 0 =>  => 0 =>  => 0 =>  => 0 =>  => 0 =>  => "

-------------------------------
 
ALTERAÇÃO DE CLIENTE
POST => "luciana" Data => "2012-06-29 13:44:58", Alterou o Cliente de vale 505774 => "INFORMAÇÕES ALTERADAS => "1 => 4268 => 5 => 29 => 24 => 0 => 0 => 20/06/2012 => 505774 => 197 => 53567 => 15/06/2012 => LEANDRO GONÇALVES RODRIGUES => 494782/199 => MARCELO SARMENTO DE CASTRO => 26053540 => RUA: HUDSON => 45 =>  => JARDIM CACHOEIRA => NOVA IGUAÇU => RJ =>  =>  =>  => PROX AO CAMPAO DE JARDIM CACHOEIRA URGENTE SABADO 30/6 LUCIANA  => passei e-mail para o naec dia 26/6 para pedi um tel Luciana  => 1 => 136651 => COZINHA TELASSUL CRISTAL 80123 BR => 0 =>  => 0 =>  => 0 =>  => 0 =>  => 0 =>  => 0 =>  => 0 =>  => 0 =>  => 0 =>  => 0 =>  => 0 =>  => 0 =>  => 0 =>  => 0 =>  => 0 =>  => 0 =>  => 0 =>  => 0 =>  => 0 =>  => "

-------------------------------
 
ALTERAÇÃO DE CLIENTE
POST => "suzi" Data => "2012-06-29 14:09:04", Alterou o Cliente de vale 479647 => "INFORMAÇÕES ALTERADAS => "1 => 3055 => 3 => 16 => 23 => 0 => 0 => 05/05/2012 => 479647 => 179 => 177355 => 02/05/2012 => DANIELA GOMES BARBOSA => 479647 => ANNE CAROLINE DA CRUZ GOMES =>  => ARAO REIS LT 11 QD 81 => 2 =>  => JARDIM OLAVO BILAC => DUQUE DE CAXIAS =>  => 7906-8449 => 2117-9933 =>  => PROX A TOCA DO SIRI PROC ANNE ENTREGAR PREFERECIA DIADE SABADO => ESTEVE NO LOCAL HOJE-CASA FICA EM UMA ESCADARIA COM PORTAO DE MADEIRA NA FRENTE. PELAS 11:00 DIA 29/06- CLIENTE DISSE QUE ESTAVA NA JUSTIÇA. UM RAPAZ BAIXO E FORTE DISENDO SER ESPOSO DA CLIENTE, IGOR SOLICITOU A MONTAGEM PARA AMANHÃ COMERCIALMENTE. 30/06. JOSE RIBEIRO.SUZI => 1 => 8981 => G. ROUPA MOVAL 6P40065 COL PLUS TB/M => 0 =>  => 0 =>  => 0 =>  => 0 =>  => 0 =>  => 0 =>  => 0 =>  => 0 =>  => 0 =>  => 0 =>  => 0 =>  => 0 =>  => 0 =>  => 0 =>  => 0 =>  => 0 =>  => 0 =>  => 0 =>  => 0 =>  => "

-------------------------------
 
ALTERAÇÃO DE CLIENTE
POST => "luciana" Data => "2012-06-29 14:25:15", Alterou o Cliente de vale 578356 => "INFORMAÇÕES ALTERADAS => "1 => 4210 => 5 => 13 => 18 => 0 => 2 => 15/06/2012 => 578356 => 243 => 578356 => 12/05/2012 =>  =>  => ROBERTA SOUZA DE OLIVEIRA =>  => RUA GRAVATA => 22 => 5A => CABUÇU => NOVA IGUAÇU => RJ => 3778-1579 => 9145-7261 =>  => PROX A TORRE DE CELULAR APOS O CAMPO CABUCU PROC ROBERTA => AGEND:sabado 30/6 cliente ciente  LUCIANA  => 1 => 139756 => ARM COLOR CLASS SL PAN 6P C/V BR => 1 => 9074 => COZINHA COMP COLOR ECLIPSE TOP PTO => 1 => 9072 => ARM.COLOR ECLIPSE 2P4G BAL C/T VD => 0 =>  => 0 =>  => 0 =>  => 0 =>  => 0 =>  => 0 =>  => 0 =>  => 0 =>  => 0 =>  => 0 =>  => 0 =>  => 0 =>  => 0 =>  => 0 =>  => 0 =>  => 0 =>  => 0 =>  => "

-------------------------------
 
ALTERAÇÃO DE CLIENTE
POST => "simone" Data => "2012-06-29 14:35:43", Alterou o Cliente de vale 484840 => "INFORMAÇÕES ALTERADAS => "1 => 3460 => 35 => 13 => 26 => 0 => 0 => 11/05/2012 => 484840 => 171 => 65245 => 09/05/2012 => PENHA ROSANA DA SILVA CAMPOS => 470748/199 => JOSEMAR DUTRA => 21830550 => RUA: CABROBÓ => 38 => CS1 => SENADOR CAMARÁ => RIO DE JANEIRO => RJ => 3337-8796 => 9737-3457 =>  => ANDREA: 9737-3457 => OBS: CLIENTE NÃO ATENDE O TEL AS 15:12. O MONTADOR : O TEL ESTÁ FORA DE AREA AS 15:12 => 1 => 135481 => COZ KIPLAC RENATA PLUS BR/PTO => 1 => 135479 => BALCAO C/T KIPLAC RENATA PLUS BR/PT => 0 =>  => 0 =>  => 0 =>  => 0 =>  => 0 =>  => 0 =>  => 0 =>  => 0 =>  => 0 =>  => 0 =>  => 0 =>  => 0 =>  => 0 =>  => 0 =>  => 0 =>  => 0 =>  => 0 =>  => 0 =>  => "

-------------------------------
 
ALTERAÇÃO DE CLIENTE
POST => "luciana" Data => "2012-06-29 14:54:54", Alterou o Cliente de vale 505774 => "INFORMAÇÕES ALTERADAS => "1 => 4268 => 5 => 35 => 14 => 0 => 0 => 20/06/2012 => 505774 => 197 => 53567 => 15/06/2012 => LEANDRO GONÇALVES RODRIGUES => 494782/199 => MARCELO SARMENTO DE CASTRO => 26053540 => RUA: HUDSON => 45 =>  => JARDIM CACHOEIRA => NOVA IGUAÇU => RJ =>  =>  =>  => PROX AO CAMPAO DE JARDIM CACHOEIRA URGENTE SABADO 30/6 LUCIANA  => passei e-mail para o naec dia 29/6 para pedi um tel Luciana  => 1 => 136651 => COZINHA TELASSUL CRISTAL 80123 BR => 0 =>  => 0 =>  => 0 =>  => 0 =>  => 0 =>  => 0 =>  => 0 =>  => 0 =>  => 0 =>  => 0 =>  => 0 =>  => 0 =>  => 0 =>  => 0 =>  => 0 =>  => 0 =>  => 0 =>  => 0 =>  => 0 =>  => "

-------------------------------
 
ALTERAÇÃO DE CLIENTE
POST => "luciana" Data => "2012-06-29 14:55:40", Alterou o Cliente de vale 505774 => "INFORMAÇÕES ALTERADAS => "1 => 4268 => 5 => 25 => 33 => 0 => 0 => 20/06/2012 => 505774 => 197 => 53567 => 15/06/2012 => LEANDRO GONÇALVES RODRIGUES => 494782/199 => MARCELO SARMENTO DE CASTRO => 26053540 => RUA: HUDSON => 45 =>  => JARDIM CACHOEIRA => NOVA IGUAÇU => RJ =>  =>  =>  => PROX AO CAMPAO DE JARDIM CACHOEIRA URGENTE  => passei e-mail para o naec dia 29/6 para pedi um tel Luciana  => 1 => 136651 => COZINHA TELASSUL CRISTAL 80123 BR => 0 =>  => 0 =>  => 0 =>  => 0 =>  => 0 =>  => 0 =>  => 0 =>  => 0 =>  => 0 =>  => 0 =>  => 0 =>  => 0 =>  => 0 =>  => 0 =>  => 0 =>  => 0 =>  => 0 =>  => 0 =>  => 0 =>  => "

-------------------------------
 
ALTERAÇÃO DE CLIENTE
POST => "MIRIAN" Data => "2012-06-29 15:14:26", Alterou o Cliente de vale 538518 => "INFORMAÇÕES ALTERADAS => "1 => 4035 => 11 => 30 => 23 => 0 => 2 => 01/06/2012 => 538518 => 170 => 538518 => 31/05/2012 =>  =>  => IVONILDE OLIVEIRA SOUSA =>  => MACEMBU => 746 => RUA B => TAQUARA => RIO DE JANEIRO =>  => 3342-8892 =>  =>  =>  => Passado email p/Camila dia 29/06/12  p/cobrar do montador,pois cel do montador esta fora de area as 15:14,Atendimento tem que ser feito ate 03/07/12.Mirian => 1 => 139576 => G ROUPA IRMOL 2P APOLO CHOC/IMB/MP => 0 =>  => 0 =>  => 0 =>  => 0 =>  => 0 =>  => 0 =>  => 0 =>  => 0 =>  => 0 =>  => 0 =>  => 0 =>  => 0 =>  => 0 =>  => 0 =>  => 0 =>  => 0 =>  => 0 =>  => 0 =>  => 0 =>  => "

-------------------------------
 
ALTERAÇÃO DE CLIENTE
POST => "simone" Data => "2012-06-29 15:19:10", Alterou o Cliente de vale 566186 => "INFORMAÇÕES ALTERADAS => "1 => 4150 => 35 => 19 => 31 => 0 => 2 => 11/06/2012 => 566186 => 274 => 566186 => 05/06/2012 =>  =>  => ELAINE LOURDES DE OLIVEIRA => 25900000 => RUA BARAO DE SANTO ANGELO => 20 => CASA => LAGOA => MAGÉ => RJ => 8543-8515 =>  =>  => PERTO DA ESTAÇÃO DE TRATAMENTO DE AGUA PROC ELAINE => FICHA COM JOSE CARLOS RIBEIRO ALV. OBS: passado e-mail para o naec no dia 18/06 solicitando outro telefone , igor retornou dizendo que só tinha esse tel de contato. => 1 => 138033 => G.ROUPA ARAPLAC 10P ATLAN PLUS TB/AM => 0 =>  => 0 =>  => 0 =>  => 0 =>  => 0 =>  => 0 =>  => 0 =>  => 0 =>  => 0 =>  => 0 =>  => 0 =>  => 0 =>  => 0 =>  => 0 =>  => 0 =>  => 0 =>  => 0 =>  => 0 =>  => 0 =>  => "

-------------------------------
 
ALTERAÇÃO DE CLIENTE
POST => "MIRIAN" Data => "2012-06-29 15:27:19", Alterou o Cliente de vale 256093 => "INFORMAÇÕES ALTERADAS => "1 => 4287 => 11 => 17 => 16 => 0 => 0 => 22/06/2012 => 256093 => 170 => 29471 => 25/08/2012 => PERICLES CANDIDO FERREIRA => 276579 => VERA LUCIA ADRIANO MATURO =>  => RODRIGUES CALDAS => 2625 => CASA 01 => TAQUARA => RIO DE JANEIRO =>  => 3347-3485 => 9275-0351 =>  =>  => Passado email p/Camila cobrar do montador,atender ate 03/07/12.MIRIAN => 1 => 8488 => G.ROUPA ARAMOVEIS 3P 4149 TB/BR => 0 =>  => 0 =>  => 0 =>  => 0 =>  => 0 =>  => 0 =>  => 0 =>  => 0 =>  => 0 =>  => 0 =>  => 0 =>  => 0 =>  => 0 =>  => 0 =>  => 0 =>  => 0 =>  => 0 =>  => 0 =>  => 0 =>  => "

-------------------------------
 
ALTERAÇÃO DE CLIENTE
POST => "camila" Data => "2012-06-29 15:38:34", Alterou o Cliente de vale 443045 => "INFORMAÇÕES ALTERADAS => "1 => 1437 => 6 => 30 => 35 => 0 => 1 => 16/03/2012 => 443045 => 179 => 162924 => 14/03/2012 => ANDERSON PEREIRA SANTOS => 512481/199 => ANDREIA LOBO MATTOS =>  => DIONISIO ROCHA => 132 => CASA => PARQUE ARARUAMA => SAO JOAO DE MERITI => RJ => 2771-2118 =>  =>  => PX AO PONTO FINAL DA FLORES MURO. =>  => 1 => 140341 => BICAMA FRITZ TURIM BR/LILAS => 0 =>  => 0 =>  => 0 =>  => 0 =>  => 0 =>  => 0 =>  => 0 =>  => 0 =>  => 0 =>  => 0 =>  => 0 =>  => 0 =>  => 0 =>  => 0 =>  => 0 =>  => 0 =>  => 0 =>  => 0 =>  => 0 =>  => "

-------------------------------
 
ALTERAÇÃO DE CLIENTE
POST => "luciana" Data => "2012-06-29 15:41:44", Alterou o Cliente de vale 548831 => "INFORMAÇÕES ALTERADAS => "1 => 3642 => 5 => 27 => 19 => 0 => 2 => 14/05/2012 => 548831 => 168 => 548831 => 09/05/2012 =>  =>  => DELFIM FERREIRA DOS SANTOS =>  => MORSE => 35 => CASA 3 FDS => VAZ LOBO => RIO DE JANEIRO => RJ => 9893-5094 =>  =>  => CLIENTE NÃO ATENDE O TEL ACIMA DIA 6/6 AS 13:52HS PARA AGENDAR PARA SABADO 9/6  PASSEI E-MAIL PARA I IGOR DIA 6/6 PARA PEDI OUTRO TEL DE CONTATO  ficha na pasta Farly LUCIANA  => CONFIRMEI COM A VERONICA PARA  SABADO 30/6 pela tarde LUCIANA  => 1 => 140391 => G.ROUPA ARAPLAC 8P AUSTRIA TB/BR => 0 =>  => 0 =>  => 0 =>  => 0 =>  => 0 =>  => 0 =>  => 0 =>  => 0 =>  => 0 =>  => 0 =>  => 0 =>  => 0 =>  => 0 =>  => 0 =>  => 0 =>  => 0 =>  => 0 =>  => 0 =>  => 0 =>  => "

-------------------------------
 
ALTERAÇÃO DE CLIENTE
POST => "camila" Data => "2012-06-29 15:42:48", Alterou o Cliente de vale 443045 => "INFORMAÇÕES ALTERADAS => "1 => 1437 => 6 => 42 => 8 => 0 => 1 => 16/03/2012 => 443045 => 179 => 162924 => 14/03/2012 => ANDERSON PEREIRA SANTOS => 512481/199 => ANDREIA LOBO MATTOS =>  => DIONISIO ROCHA => 132 => CASA => PARQUE ARARUAMA => SAO JOAO DE MERITI => RJ => 2771-2118 =>  =>  => PX AO PONTO FINAL DA FLORES MURO.Agend:30-06-12 Camila =>  => 1 => 140341 => BICAMA FRITZ TURIM BR/LILAS => 0 =>  => 0 =>  => 0 =>  => 0 =>  => 0 =>  => 0 =>  => 0 =>  => 0 =>  => 0 =>  => 0 =>  => 0 =>  => 0 =>  => 0 =>  => 0 =>  => 0 =>  => 0 =>  => 0 =>  => 0 =>  => 0 =>  => "

-------------------------------
 
ALTERAÇÃO DE CLIENTE
POST => "MIRIAN" Data => "2012-06-29 16:03:08", Alterou o Cliente de vale 579345 => "INFORMAÇÕES ALTERADAS => "1 => 4285 => 11 => 32 => 23 => 0 => 2 => 22/06/2012 => 579345 => RE => 579345 => 21/06/2012 =>  =>  => DENISE GONÇALVES DE OLIVEIRA =>  => TRAVESSA VIOLETAS => 57 => APTO 3 => AND TANQUE => RIO DE JANEIRO =>  => 2427-9489 => 7285-7756 => 9967-3352 => DO LADO DA ESCOLA DE SAMBA RENASCER => PASSADO EMAIL P/CAMILA COBRAR DO MARCELO ALEXANDRE ATENDER ATE 03/07/12.MIRIAN => 1 => 7849 => MESA GRANITO CARLA 4C RET NAP/PTO => 0 =>  => 0 =>  => 0 =>  => 0 =>  => 0 =>  => 0 =>  => 0 =>  => 0 =>  => 0 =>  => 0 =>  => 0 =>  => 0 =>  => 0 =>  => 0 =>  => 0 =>  => 0 =>  => 0 =>  => 0 =>  => 0 =>  => "

-------------------------------
 
ALTERAÇÃO DE CLIENTE
POST => "MIRIAN" Data => "2012-06-29 16:24:27", Alterou o Cliente de vale 343309 => "INFORMAÇÕES ALTERADAS => "1 => 4282 => 11 => 38 => 26 => 0 => 0 => 22/06/2012 => 343309 => 170 => 33514 => 01/12/2011 => RODRIGO FLORES VIANA =>  => SEBATIANA BATISTA FOURAUX =>  => IPADU => 415 => CASA 03 => JACAREPAGUA => RIO DE JANEIRO =>  => 9538-1790 =>  =>  => PROX RODRIGUES CALDAS AO LADO DA ANTENA DE TELEFONE CLIENTE IENTE DA ENTREGA => PASSADO EAMIL P/CAMILA COBRAR DO MONTADOR,ATENDER ATÉ 03/07/12.MIRIAN => 1 => 134933 => ESTANTE CAEMMUN CLEAN TB/BR/MP => 0 =>  => 0 =>  => 0 =>  => 0 =>  => 0 =>  => 0 =>  => 0 =>  => 0 =>  => 0 =>  => 0 =>  => 0 =>  => 0 =>  => 0 =>  => 0 =>  => 0 =>  => 0 =>  => 0 =>  => 0 =>  => 0 =>  => "

-------------------------------
 
ALTERAÇÃO DE CLIENTE
POST => "marta" Data => "2012-06-29 16:32:58", Alterou o Cliente de vale 450244 => "INFORMAÇÕES ALTERADAS => "1 => 2865 => 22 => 25 => 23 => 0 => 0 => 26/04/2012 => 450244 => 201 => 40600 => 24/03/2012 => JOCIR SILVA => 507693/199 => WILLIAN SANTOS SIQUEIRA => 24417300 => RUA: WALDIR DOS SANTOS => 375 =>  => ENGENHO PEQUENO => SÃO GONÇALO => RJ => 2607-7903 => 7751-8741 =>  => EM FRENTE ANTIGA GARAGEM DA RI ITA  PROC WILLIAN OU LUCIANE => OBS: CLIENTE AGENDADO PARA DIA 30/05/2012,MONTAGEM OK => 1 => 140391 => G.ROUPA ARAPLAC 8P AUSTRIA TB/BR => 0 =>  => 0 =>  => 0 =>  => 0 =>  => 0 =>  => 0 =>  => 0 =>  => 0 =>  => 0 =>  => 0 =>  => 0 =>  => 0 =>  => 0 =>  => 0 =>  => 0 =>  => 0 =>  => 0 =>  => 0 =>  => 0 =>  => "

-------------------------------
 
ALTERAÇÃO DE CLIENTE
POST => "luciana" Data => "2012-06-29 17:07:42", Alterou o Cliente de vale 505774 => "INFORMAÇÕES ALTERADAS => "1 => 4268 => 5 => 14 => 19 => 0 => 0 => 20/06/2012 => 505774 => 197 => 53567 => 15/06/2012 => LEANDRO GONÇALVES RODRIGUES => 494782/199 => MARCELO SARMENTO DE CASTRO => 26053540 => RUA: HUDSON => 45 =>  => JARDIM CACHOEIRA => NOVA IGUAÇU => RJ =>  =>  =>  => PROX AO CAMPAO DE JARDIM CACHOEIRA URGENTE   agend: segunda 30/6 Luciana  => passei e-mail para o naec dia 29/6 para pedi um tel Luciana  => 1 => 136651 => COZINHA TELASSUL CRISTAL 80123 BR => 0 =>  => 0 =>  => 0 =>  => 0 =>  => 0 =>  => 0 =>  => 0 =>  => 0 =>  => 0 =>  => 0 =>  => 0 =>  => 0 =>  => 0 =>  => 0 =>  => 0 =>  => 0 =>  => 0 =>  => 0 =>  => 0 =>  => "

-------------------------------
 
ALTERAÇÃO DE CLIENTE
POST => "luciana" Data => "2012-06-29 17:10:14", Alterou o Cliente de vale 505774 => "INFORMAÇÕES ALTERADAS => "1 => 4268 => 5 => 31 => 33 => 0 => 0 => 20/06/2012 => 505774 => 197 => 53567 => 15/06/2012 => LEANDRO GONÇALVES RODRIGUES => 494782/199 => MARCELO SARMENTO DE CASTRO => 26053540 => RUA: HUDSON => 45 =>  => JARDIM CACHOEIRA => NOVA IGUAÇU => RJ =>  =>  =>  => PROX AO CAMPAO DE JARDIM CACHOEIRA URGENTE   agend: segunda 30/6 Luciana  => passei e-mail para o naec dia 29/6 para pedi um tel Luciana  => 1 => 136651 => COZINHA TELASSUL CRISTAL 80123 BR => 0 =>  => 0 =>  => 0 =>  => 0 =>  => 0 =>  => 0 =>  => 0 =>  => 0 =>  => 0 =>  => 0 =>  => 0 =>  => 0 =>  => 0 =>  => 0 =>  => 0 =>  => 0 =>  => 0 =>  => 0 =>  => 0 =>  => "

-------------------------------
 
ALTERAÇÃO DE CLIENTE
POST => "luciana" Data => "2012-06-29 17:17:38", Alterou o Cliente de vale 505774 => "INFORMAÇÕES ALTERADAS => "1 => 4268 => 5 => 30 => 33 => 0 => 0 => 20/06/2012 => 505774 => 197 => 53567 => 15/06/2012 => LEANDRO GONÇALVES RODRIGUES => 494782/199 => MARCELO SARMENTO DE CASTRO => 26053540 => RUA: HUDSON => 45 =>  => JARDIM CACHOEIRA => NOVA IGUAÇU => RJ =>  =>  =>  => PROX AO CAMPAO DE JARDIM CACHOEIRA URGENTE   agend: segunda 30/6 LUCIANA . => passei e-mail para o naec dia 29/6 para pedi um tel Luciana   => 1 => 136651 => COZINHA TELASSUL CRISTAL 80123 BR => 0 =>  => 0 =>  => 0 =>  => 0 =>  => 0 =>  => 0 =>  => 0 =>  => 0 =>  => 0 =>  => 0 =>  => 0 =>  => 0 =>  => 0 =>  => 0 =>  => 0 =>  => 0 =>  => 0 =>  => 0 =>  => 0 =>  => "

-------------------------------
