 
ALTERAÇÃO DE CLIENTE
POST => "MIRIAN" Data => "2012-07-09 09:51:30", Alterou o Cliente de vale 518712 => "INFORMAÇÕES ALTERADAS => "1 => 4498 => 11 => 26 => 9 => 0 => 0 => 06/07/2012 => 518712 => 179 => 18893 => 06/07/2012 => MARCO ANTONIO DE SOUZA NASCIME => 69606 => JADIR SALVADOR DO SANTOS =>  => AVENIDA SAO PAULO => 138 => CASA 01 => PARQUE MARILANDIA => DUQUE DE CAXIAS =>  => 2773-7353 => 9212-3154 =>  => PROX A CURVA DA JAQUEIRA E PROX A LOJA E AQUARIOS =>  => 1 => 100136 => COZINHA ITAT DAYANE BR => 0 =>  => 0 =>  => 0 =>  => 0 =>  => 0 =>  => 0 =>  => 0 =>  => 0 =>  => 0 =>  => 0 =>  => 0 =>  => 0 =>  => 0 =>  => 0 =>  => 0 =>  => 0 =>  => 0 =>  => 0 =>  => 0 =>  => "

-------------------------------
 
ALTERAÇÃO DE CLIENTE
POST => "MIRIAN" Data => "2012-07-09 09:53:11", Alterou o Cliente de vale 518717 => "INFORMAÇÕES ALTERADAS => "1 => 4502 => 11 => 37 => 15 => 0 => 0 => 06/07/2012 => 518717 => 179 => 19412 => 06/07/2012 => ANDERSON PEREIRA SANTOS => 68937 => ADEMIR SABINO DA COSTA =>  => BROCOIO => 22 => CASA => VILA DO ROSARIO => DUQUE DE CAXIAS =>  => 7272-2347 =>  =>  => CAMPO DE AREIA PROX AO SANTUARIO =>  => 1 => 140391 => G.ROUPA ARAPLAC 8P AUSTRIA TB/BR => 0 =>  => 0 =>  => 0 =>  => 0 =>  => 0 =>  => 0 =>  => 0 =>  => 0 =>  => 0 =>  => 0 =>  => 0 =>  => 0 =>  => 0 =>  => 0 =>  => 0 =>  => 0 =>  => 0 =>  => 0 =>  => 0 =>  => "

-------------------------------
 
CADASTRO DE CLIENTE
POST => "ANNE" Data => "2012-07-09 11:04:57", Cadastrou o Cliente de vale 576485 => "INFORMAÇÕES CADASTRADAS => "18 => 18 => 17 => 0 => 2 => 06/07/2012 => 576485 => 197 => 576485 => 06/07/2012 =>  =>  => CINTIA LOPES SILVA =>  => RUA AMAZONAS => 39 => CASA => COREIA => MESQUITA => RJ => 2697-0162 =>  =>  => PX AO COLEGIO ANA NERI,PEDIDO: 2854 => 01 => 140041 => SAPATEIRA CARRARO MULTI =>  =>  =>  =>  =>  =>  =>  =>  =>  =>  =>  =>  =>  =>  =>  =>  =>  =>  =>  =>  =>  =>  =>  =>  =>  =>  =>  =>  =>  =>  =>  =>  =>  =>  =>  =>  =>  =>  => "

-------------------------------
 
CADASTRO DE CLIENTE
POST => "MIRIAN" Data => "2012-07-09 11:05:14", Cadastrou o Cliente de vale 571595 => "INFORMAÇÕES CADASTRADAS => "11 => 22 => 12 => 0 => 2 => 06/07/2012 => 571595 => 197 => 571595 => 06/07/2012 =>  =>  => ROSE CORREIA SILVA GUEDES =>  => RUA CAROLINA DE ASSIS => 516 => FUNDOS => MARECHAL HERMES => RIO DE JANEIRO => RJ => 9264-3420 =>  =>  => PROX A RUA AURELIO VAL CORTO => 01 => 100136 => COZINHA ITAT DAYANE BR =>  =>  =>  =>  =>  =>  =>  =>  =>  =>  =>  =>  =>  =>  =>  =>  =>  =>  =>  =>  =>  =>  =>  =>  =>  =>  =>  =>  =>  =>  =>  =>  =>  =>  =>  =>  =>  =>  => "

-------------------------------
 
CADASTRO DE CLIENTE
POST => "simone" Data => "2012-07-09 11:05:40", Cadastrou o Cliente de vale 519048 => "INFORMAÇÕES CADASTRADAS => "35 => 24 => 20 => 0 => 0 => 06/07/2012 => 519048 => 241 => 43164 => 06/07/2012 => JULIO CESAR VIEIRA SOARES =>  => JOAO MAIA MELO  => 20940190 => RUA: ESCOBAR => 65 =>  => SÃO CRISTÓVÃO => RIO DE JANEIRO => RJ => 2580-5211 => 9479-9180 =>  => PROX A RUA SAO CRISTOVAO E COIL GONCALVES DIAS PROC SR JOAO  => 1 => 140344 => MESA FRITZ 4C MEGA AMEN/PTO =>  =>  =>  =>  =>  =>  =>  =>  =>  =>  =>  =>  =>  =>  =>  =>  =>  =>  =>  =>  =>  =>  =>  =>  =>  =>  =>  =>  =>  =>  =>  =>  =>  =>  =>  =>  =>  =>  => "

-------------------------------
 
ALTERAÇÃO DE CLIENTE
POST => "MIRIAN" Data => "2012-07-09 11:05:51", Alterou o Cliente de vale 571595 => "INFORMAÇÕES ALTERADAS => "1 => 4506 => 11 => 32 => 10 => 0 => 2 => 06/07/2012 => 571595 => 197 => 571595 => 06/07/2012 =>  =>  => ROSE CORREIA SILVA GUEDES =>  => RUA CAROLINA DE ASSIS => 516 => FUNDOS => MARECHAL HERMES => RIO DE JANEIRO => RJ => 9264-3420 =>  =>  => PROX A RUA AURELIO VAL CORTO ped.39254 =>  => 1 => 100136 => COZINHA ITAT DAYANE BR => 0 =>  => 0 =>  => 0 =>  => 0 =>  => 0 =>  => 0 =>  => 0 =>  => 0 =>  => 0 =>  => 0 =>  => 0 =>  => 0 =>  => 0 =>  => 0 =>  => 0 =>  => 0 =>  => 0 =>  => 0 =>  => 0 =>  => "

-------------------------------
 
CADASTRO DE CLIENTE
POST => "ANNE" Data => "2012-07-09 11:08:14", Cadastrou o Cliente de vale 541238 => "INFORMAÇÕES CADASTRADAS => "18 => 33 => 28 => 0 => 2 => 06/07/2012 => 541238 => 209 => 541238 => 06/07/2012 =>  =>  => GABRIELA FRANCA ALVES =>  => RUA RONALDO DE CARVALHO  => 250 => APTO 703 => COPACABANA => RIO DE JANEIRO => RJ => 2148-1665 => 7936-5982 =>  => PERTO DA PRAÇA DO LIDO OU POSTO 02 EDIFICIO RIO LIDO.(24) 81149343 / 8121231665. => 01 => 140344 => MESA FRITZ 4C MEGA AMEN/PTO =>  =>  =>  =>  =>  =>  =>  =>  =>  =>  =>  =>  =>  =>  =>  =>  =>  =>  =>  =>  =>  =>  =>  =>  =>  =>  =>  =>  =>  =>  =>  =>  =>  =>  =>  =>  =>  =>  => "

-------------------------------
 
CADASTRO DE CLIENTE
POST => "simone" Data => "2012-07-09 11:08:17", Cadastrou o Cliente de vale 519051 => "INFORMAÇÕES CADASTRADAS => "35 => 30 => 28 => 0 => 0 => 06/07/2012 => 519051 => 169 => 94847 => 06/07/2012 => RICARDO JOSE DE ABREU  =>  => JACIARA ALMIRA DA SILVA  => 20081220 => TRAVESSA: MATO GROSSO => 7 =>  => SAÚDE => RIO DE JANEIRO => RJ => 2203-2517 =>  =>  => FICA NO JOGO DA BOLA PROX A 5DL PROC SRA JACIARA SOLICITA URGENCIA  => 1 => 100136 => COZINHA ITAT DAYANE BR => 1 => 138066 => G.ROUPA ARAPLAC 12P DAKAR PLUS TB/AM =>  =>  =>  =>  =>  =>  =>  =>  =>  =>  =>  =>  =>  =>  =>  =>  =>  =>  =>  =>  =>  =>  =>  =>  =>  =>  =>  =>  =>  =>  =>  =>  =>  =>  =>  =>  => "

-------------------------------
 
CADASTRO DE CLIENTE
POST => "MIRIAN" Data => "2012-07-09 11:08:31", Cadastrou o Cliente de vale 586005 => "INFORMAÇÕES CADASTRADAS => "11 => 9 => 12 => 0 => 2 => 06/07/2012 => 586005 => 197 => 586005 => 06/07/2012 =>  =>  => ZILDA NEIV DA SILVA =>  => RUA LIBERDADE  => 153 =>  => CENTRO => MESQUITA => RJ => 3763-4282 =>  =>  => APOS O COLEGIO VILA BELA PRIMEIRA DIREITA DEPOIS PRIMEIRA ESQUERDA => 01 => 5728 => MESA GRANITO AUSTRALIA 6C RET OURO =>  =>  =>  =>  =>  =>  =>  =>  =>  =>  =>  =>  =>  =>  =>  =>  =>  =>  =>  =>  =>  =>  =>  =>  =>  =>  =>  =>  =>  =>  =>  =>  =>  =>  =>  =>  =>  =>  => "

-------------------------------
 
ALTERAÇÃO DE CLIENTE
POST => "MIRIAN" Data => "2012-07-09 11:08:53", Alterou o Cliente de vale 586005 => "INFORMAÇÕES ALTERADAS => "1 => 4510 => 11 => 36 => 19 => 0 => 2 => 06/07/2012 => 586005 => 197 => 586005 => 06/07/2012 =>  =>  => ZILDA NEIV DA SILVA =>  => RUA LIBERDADE => 153 =>  => CENTRO => MESQUITA => RJ => 3763-4282 =>  =>  => APOS O COLEGIO VILA BELA PRIMEIRA DIREITA DEPOIS PRIMEIRA ESQUERDA ped.1991 =>  => 1 => 5728 => MESA GRANITO AUSTRALIA 6C RET OURO => 0 =>  => 0 =>  => 0 =>  => 0 =>  => 0 =>  => 0 =>  => 0 =>  => 0 =>  => 0 =>  => 0 =>  => 0 =>  => 0 =>  => 0 =>  => 0 =>  => 0 =>  => 0 =>  => 0 =>  => 0 =>  => 0 =>  => "

-------------------------------
 
CADASTRO DE CLIENTE
POST => "ANNE" Data => "2012-07-09 11:10:32", Cadastrou o Cliente de vale 537489 => "INFORMAÇÕES CADASTRADAS => "18 => 34 => 15 => 0 => 2 => 06/07/2012 => 537489 => 172 => 537489 => 06/07/2012 =>  =>  => PAULO ALEXANDRE ALVES DO NASCIMENTO =>  => RUA MARIA DE LURDES MARTINS => 01 apto => QUARTO ANDAR => MARE => RIO DE JANEIRO => RJ => 7907-1674 =>  =>  => PX AO MERCADINHO,PX ACOUGUE CENTRAL DO NOVO PARQUE,PEDIDO: 60462 => 01 => 16068 => MESA MODECOR BRUNA 4C T.VID BR/PT =>  =>  =>  =>  =>  =>  =>  =>  =>  =>  =>  =>  =>  =>  =>  =>  =>  =>  =>  =>  =>  =>  =>  =>  =>  =>  =>  =>  =>  =>  =>  =>  =>  =>  =>  =>  =>  =>  => "

-------------------------------
 
CADASTRO DE CLIENTE
POST => "simone" Data => "2012-07-09 11:10:37", Cadastrou o Cliente de vale 519056 => "INFORMAÇÕES CADASTRADAS => "35 => 22 => 14 => 0 => 0 => 06/07/2012 => 519056 => 197 => 869 => 06/07/2012 => MAICON ROBERTO MARQUES POLICARPIO =>  => JUCARA RAMOS MARTINS  => 26230150 => AVENIDA  DONA DELFINA BORGES => 1280 => CASA  => JACUTINGA  => MESQUITA  => RJ => 2655-6734 =>  =>  => PROX A CASA DE MATERIAL COLONIAL => 1 => 140391 => G.ROUPA ARAPLAC 8P AUSTRIA TB/BR =>  =>  =>  =>  =>  =>  =>  =>  =>  =>  =>  =>  =>  =>  =>  =>  =>  =>  =>  =>  =>  =>  =>  =>  =>  =>  =>  =>  =>  =>  =>  =>  =>  =>  =>  =>  =>  =>  => "

-------------------------------
 
CADASTRO DE CLIENTE
POST => "ANNE" Data => "2012-07-09 11:12:33", Cadastrou o Cliente de vale 530997 => "INFORMAÇÕES CADASTRADAS => "18 => 10 => 16 => 0 => 2 => 06/07/2012 => 530997 => 178 => 530997 => 06/07/2012 =>  =>  => REGINA CELIA DO CARMO =>  => RUA MIL E VINTE  => 01 casa =>  => VOLTA GRANDE II => VOLTA REDONDA => RJ => 9924-1313 =>  =>  => NO PONTO FINAL PERTO DO VIADUTO,PEDIDO: 70790 => 01 => 9072 => ARM.COLOR ECLIPSE 2P4G BAL C/T VD => 01 => 136651 => COZINHA TELASSUL CRISTAL 80123 BR =>  =>  =>  =>  =>  =>  =>  =>  =>  =>  =>  =>  =>  =>  =>  =>  =>  =>  =>  =>  =>  =>  =>  =>  =>  =>  =>  =>  =>  =>  =>  =>  =>  =>  =>  =>  => "

-------------------------------
 
CADASTRO DE CLIENTE
POST => "MIRIAN" Data => "2012-07-09 11:13:08", Cadastrou o Cliente de vale 3106 => "INFORMAÇÕES CADASTRADAS => "11 => 13 => 24 => 0 => 2 => 06/07/2012 => 3106 => 197 => 3106 => 06/07/2012 =>  =>  => ANA PAULA GOMES DA SILVA =>  => RUA FRANCISCO GONÇALVES => 120 =>  => MONTE CASTELO  => NOVA IGUAÇU => RJ => 3247-4828 => 9295-2564 =>  => INDO PELA ESTRADA DE ANDRIANOPOLIS PROX DO CEFET NA RUA DA CASA DE FOGOS PED.3106 => 01 => 138033 => G.ROUPA ARAPLAC 10P ATLAN PLUS TB/AM =>  =>  =>  =>  =>  =>  =>  =>  =>  =>  =>  =>  =>  =>  =>  =>  =>  =>  =>  =>  =>  =>  =>  =>  =>  =>  =>  =>  =>  =>  =>  =>  =>  =>  =>  =>  =>  =>  => "

-------------------------------
 
CADASTRO DE CLIENTE
POST => "ANNE" Data => "2012-07-09 11:14:16", Cadastrou o Cliente de vale 531346 => "INFORMAÇÕES CADASTRADAS => "18 => 40 => 17 => 0 => 2 => 06/07/2012 => 531346 => 274 => 531346 => 06/07/2012 =>  =>  => JOSELAINE MIRANDA ROCHA =>  => RUA 16 => 109 casa =>  => NOVA MARILIA  => MAGE => RJ => 2633-7250 => 9435-3942 =>  => PX AO BAR DO LOIRINHO,PERTO DA IGREJA JEOVA,PEDIDO: 8035 => 01 => 9066 => MESA MODECOR LUMA 4C T VID BR =>  =>  =>  =>  =>  =>  =>  =>  =>  =>  =>  =>  =>  =>  =>  =>  =>  =>  =>  =>  =>  =>  =>  =>  =>  =>  =>  =>  =>  =>  =>  =>  =>  =>  =>  =>  =>  =>  => "

-------------------------------
 
CADASTRO DE CLIENTE
POST => "ANNE" Data => "2012-07-09 11:16:49", Cadastrou o Cliente de vale 532391 => "INFORMAÇÕES CADASTRADAS => "18 => 23 => 9 => 0 => 2 => 06/07/2012 => 532391 => 215 => 532391 => 06/07/2012 =>  =>  => CESAR PEREIRA LIMA =>  => RUA RESENDE COSTA => QD 313 => LT 16 CASA => GUAXINDIBA => SAO GONCALO => RJ => 7758-5266 =>  =>  => NA AV DO SENHOR JOAO TISTA ANTIGA RUA 41,PEDIDO: 100688 => 01 => 140341 => BICAMA FRITZ TURIM BR/LILAS =>  =>  =>  =>  =>  =>  =>  =>  =>  =>  =>  =>  =>  =>  =>  =>  =>  =>  =>  =>  =>  =>  =>  =>  =>  =>  =>  =>  =>  =>  =>  =>  =>  =>  =>  =>  =>  =>  => "

-------------------------------
 
CADASTRO DE CLIENTE
POST => "ANNE" Data => "2012-07-09 11:18:45", Cadastrou o Cliente de vale 529543 => "INFORMAÇÕES CADASTRADAS => "18 => 43 => 19 => 0 => 2 => 06/07/2012 => 529543 => 194 => 529543 => 06/07/2012 =>  =>  => SIMONE MARIA DOS SANTOS COSTA =>  => RUA JACUPEMA  => 54 => CASA FRENTE => OLARIA => RIO DE JANEIRO => RJ => 7550-4550 =>  =>  => SUBIR O PARQUE CHANGUAI,PX A IGREJA ASSEMBLEIA E O BAR DA PENHA DO LADO DIREITO,PEDIDO: 41837 => 01 => 140391 => G.ROUPA ARAPLAC 8P AUSTRIA TB/BR =>  =>  =>  =>  =>  =>  =>  =>  =>  =>  =>  =>  =>  =>  =>  =>  =>  =>  =>  =>  =>  =>  =>  =>  =>  =>  =>  =>  =>  =>  =>  =>  =>  =>  =>  =>  =>  =>  => "

-------------------------------
 
CADASTRO DE CLIENTE
POST => "MIRIAN" Data => "2012-07-09 11:19:59", Cadastrou o Cliente de vale 519043 => "INFORMAÇÕES CADASTRADAS => "11 => 19 => 15 => 0 => 0 => 06/07/2012 => 519043 => 197 => 2540 => 06/07/2012 => EDILAINE CLAUDIA PEERA BONFIM => 40436/199 => RAIZA OLIVEIRA DA SILVA => 26271430 => RUA: SELMA => 25 => CS01 => PIONEIRO => NOVA IGUAÇU => RJ =>  =>  =>  => RUA DA DROGARIA FUTURA E PROX AO CONDOMINIO DA MANGUEIRA PROC PP => 01 => 138033 => G.ROUPA ARAPLAC 10P ATLAN PLUS TB/AM =>  =>  =>  =>  =>  =>  =>  =>  =>  =>  =>  =>  =>  =>  =>  =>  =>  =>  =>  =>  =>  =>  =>  =>  =>  =>  =>  =>  =>  =>  =>  =>  =>  =>  =>  =>  =>  =>  => "

-------------------------------
 
CADASTRO DE CLIENTE
POST => "ANNE" Data => "2012-07-09 11:20:36", Cadastrou o Cliente de vale 528837 => "INFORMAÇÕES CADASTRADAS => "18 => 16 => 20 => 0 => 2 => 06/07/2012 => 528837 => 239 => 528837 => 06/07/2012 =>  =>  => GRACE MARY DE SOUZA AGUIAR RODRIGUES =>  => ALAMEDA ESTADOS UNIDOS => 4 => CASA 2 => SETE PONTES => SAO GONCALO => RJ => 9110-8979 =>  =>  => APOS A IGREJA CONGREGACIONAL INDEPEDENTE,PEDIDO: 29181 => 01 => 8372 => G.ROUPA BP 3P DUBAY TB/BR/MP =>  =>  =>  =>  =>  =>  =>  =>  =>  =>  =>  =>  =>  =>  =>  =>  =>  =>  =>  =>  =>  =>  =>  =>  =>  =>  =>  =>  =>  =>  =>  =>  =>  =>  =>  =>  =>  =>  => "

-------------------------------
 
CADASTRO DE CLIENTE
POST => "ANNE" Data => "2012-07-09 11:27:17", Cadastrou o Cliente de vale 519652 => "INFORMAÇÕES CADASTRADAS => "18 => 23 => 26 => 0 => 2 => 06/07/2012 => 519652 => 168 => 519652 => 06/07/2012 =>  =>  => CRISTIANE DA SILVA TEIXEIRA =>  => RUA ARALIA => CASA  => TRAV ANGOLA N 76 => CURUCICA => RIO DE JANEIRO => RJ => 7610-7810 =>  =>  => FINAL DA RUA ARALIA 3RUA DEPOIS DA COCA COLA,PEDIDO: 52895 => 01 => 16422 => BALC ITAT IGH-97 DAYANE BR/PTO =>  =>  =>  =>  =>  =>  =>  =>  =>  =>  =>  =>  =>  =>  =>  =>  =>  =>  =>  =>  =>  =>  =>  =>  =>  =>  =>  =>  =>  =>  =>  =>  =>  =>  =>  =>  =>  =>  => "

-------------------------------
 
CADASTRO DE CLIENTE
POST => "MIRIAN" Data => "2012-07-09 11:28:33", Cadastrou o Cliente de vale 519044 => "INFORMAÇÕES CADASTRADAS => "11 => 30 => 25 => 0 => 0 => 06/07/2012 => 519044 => 197 => 1822 => 06/07/201 => EDILANNE CLAUDIAPEREIRA BONFIM => 32932/199 => REGINA MARQUES DA CUNHA => 26544225 => RUA K => 22 =>  => HELIOPOLIS => BELFORD ROXO => RJ =>  =>  =>  => PROX BRIZOLAO APOS LINHA FERREA 3 RUA E PROX AO CAMPO DO PALMEIRINHA => 01 => 135481 => COZ KIPLAC RENATA PLUS BR/PTO =>  =>  =>  =>  =>  =>  =>  =>  =>  =>  =>  =>  =>  =>  =>  =>  =>  =>  =>  =>  =>  =>  =>  =>  =>  =>  =>  =>  =>  =>  =>  =>  =>  =>  =>  =>  =>  =>  => "

-------------------------------
 
ALTERAÇÃO DE CLIENTE
POST => "ANNE" Data => "2012-07-09 11:40:55", Alterou o Cliente de vale 535914 => "INFORMAÇÕES ALTERADAS => "1 => 3038 => 18 => 34 => 14 => 0 => 2 => 05/04/2012 => 535914 => RE => 535914 => 02/05/2012 =>  =>  => BRUNO CORINTO CARNEIRO =>  => ANA MARIA MELO// J.PALMARES => 50 => CASA => NOVA IGUAÇU => RIO DE JANEIRO =>  => 3794-1580 =>  =>  => PROX AO SITIO DA IGREJA BATISTA PROC PELO CLIENTE => FEITO PEDIDO DE PEÇA 12/05!,OBS: SEGUE INFORMÇÃO QUE ARMARILDO ME PASSOU PELO E-MAIL NO DIA 14/05 :Fornecedor nao envia tampo de granito.  => 01 => 5728 => MESA GRAN CARLA 6C RET NAT/PTO => 0 =>  => 0 =>  => 0 =>  => 0 =>  => 0 =>  => 0 =>  => 0 =>  => 0 =>  => 0 =>  => 0 =>  => 0 =>  => 0 =>  => 0 =>  => 0 =>  => 0 =>  => 0 =>  => 0 =>  => 0 =>  => 0 =>  => "

-------------------------------
 
ALTERAÇÃO DE CLIENTE
POST => "ANNE" Data => "2012-07-09 11:45:53", Alterou o Cliente de vale 449455 => "INFORMAÇÕES ALTERADAS => "1 => 1961 => 18 => 35 => 23 => 0 => 0 => 26/03/2012 => 449455 => 247 => 26607 => 24/03/2012 => WALTER DE SOUSA MANHAES => 505657/199 => VANESSA PIMENTA DA SILVA =>  => RUA PETROPOLIS => 362 => CASA => TRINDADE => SAO GONCALO => RJ =>  =>  =>  => ENTRANDO NA AV SAO PAULO DIRECAO A PRAÇA 2 RUA A ESQUERDA CASA DE RACAO,PX AO MERCADO AVENIDA. => OBS: CLIENTE SEM TELEFONE.SIMONE,PASSEI EMILA PARA IGO => 1 => 140391 => G.ROUPA ARAPLAC 8P AUSTRIA TB/BR => 0 =>  => 0 =>  => 0 =>  => 0 =>  => 0 =>  => 0 =>  => 0 =>  => 0 =>  => 0 =>  => 0 =>  => 0 =>  => 0 =>  => 0 =>  => 0 =>  => 0 =>  => 0 =>  => 0 =>  => 0 =>  => 0 =>  => "

-------------------------------
 
ALTERAÇÃO DE CLIENTE
POST => "ANNE" Data => "2012-07-09 11:48:46", Alterou o Cliente de vale 477088 => "INFORMAÇÕES ALTERADAS => "1 => 3852 => 18 => 31 => 10 => 0 => 0 => 23/05/2012 => 477088 => 167 => 1214 => 26/04/2012 => JOSE CARLOS MELO DE SA => 19616/199 => SIRLEY DO PRADO => 20223012 => RUA DO RIACHUELO => 278 => AP 602 => CENTRO => RIO DE JANEIRO => RJ => 8109-0315 =>  =>  => PX AO SUPERMERCADO EXTRA. CLIENTE SO TEM FOLGA AS SEGUNDA FEIRA 11/6 LUCIANA  => Email enviado ao naec dia 19-06-12, Camila => 1 => 140391 => G.ROUPA ARAPLAC 8P AUSTRIA TB/BR => 0 =>  => 0 =>  => 0 =>  => 0 =>  => 0 =>  => 0 =>  => 0 =>  => 0 =>  => 0 =>  => 0 =>  => 0 =>  => 0 =>  => 0 =>  => 0 =>  => 0 =>  => 0 =>  => 0 =>  => 0 =>  => 0 =>  => "

-------------------------------
 
ALTERAÇÃO DE CLIENTE
POST => "ANNE" Data => "2012-07-09 11:50:55", Alterou o Cliente de vale 501345 => "INFORMAÇÕES ALTERADAS => "1 => 4425 => 18 => 14 => 18 => 0 => 0 => 03/07/2012 => 501345 => 169 => 5633 => 06/06/2012 => RICARDO JOSE DE ABREU => 58618/199 => ANA LUCIA CRISPIN DOS SANTOS => 20250170 => RUA: MAJOR FREITAS => 122 => CS 09 => ESTÁCIO => RIO DE JANEIRO => RJ => 6862-2876 =>  =>  => FICA PROX DO LARGUINHO E O BAR DO ZE VIEIRA PROC SR NANA =>  => 1 => 134933 => ESTANTE CAEMMUN CLEAN TB/BR/MP => 0 =>  => 0 =>  => 0 =>  => 0 =>  => 0 =>  => 0 =>  => 0 =>  => 0 =>  => 0 =>  => 0 =>  => 0 =>  => 0 =>  => 0 =>  => 0 =>  => 0 =>  => 0 =>  => 0 =>  => 0 =>  => 0 =>  => "

-------------------------------
 
ALTERAÇÃO DE CLIENTE
POST => "ANNE" Data => "2012-07-09 11:51:43", Alterou o Cliente de vale 341395 => "INFORMAÇÕES ALTERADAS => "1 => 4183 => 18 => 17 => 13 => 0 => 0 => 12/06/2012 => 341395 => 246 => 19549 => 29/11/2011 => MARCIO CASTRO CARNEIRO DE MEND =>  => ROSANGELA DE FATIMA CAMPOS => 22452690 => BECO DO JOÃO => 0 => CS 2 B => VIDIGAL => RIO DE JANEIRO => RJ =>  =>  =>  => PERTO DO NBAR DA ROCINHA PERTO AUTO PEÇAS DE MOTO. =>  => 1 => 9302 => KIT COZ KP 6P DELTA COLOR BR/ VD => 0 =>  => 0 =>  => 0 =>  => 0 =>  => 0 =>  => 0 =>  => 0 =>  => 0 =>  => 0 =>  => 0 =>  => 0 =>  => 0 =>  => 0 =>  => 0 =>  => 0 =>  => 0 =>  => 0 =>  => 0 =>  => 0 =>  => "

-------------------------------
 
ALTERAÇÃO DE CLIENTE
POST => "ANNE" Data => "2012-07-09 11:53:51", Alterou o Cliente de vale 477088 => "INFORMAÇÕES ALTERADAS => "1 => 3852 => 18 => 31 => 26 => 0 => 0 => 23/05/2012 => 477088 => 167 => 1214 => 26/04/2012 => JOSE CARLOS MELO DE SA => 19616/199 => SIRLEY DO PRADO => 20223012 => RUA DO RIACHUELO => 278 => AP 602 => CENTRO => RIO DE JANEIRO => RJ => 8109-0315 =>  =>  => PX AO SUPERMERCADO EXTRA. CLIENTE SO TEM FOLGA AS SEGUNDA FEIRA 11/6 LUCIANA  => Email enviado ao naec dia 19-06-12, Camila => 1 => 140391 => G.ROUPA ARAPLAC 8P AUSTRIA TB/BR => 0 =>  => 0 =>  => 0 =>  => 0 =>  => 0 =>  => 0 =>  => 0 =>  => 0 =>  => 0 =>  => 0 =>  => 0 =>  => 0 =>  => 0 =>  => 0 =>  => 0 =>  => 0 =>  => 0 =>  => 0 =>  => 0 =>  => "

-------------------------------
 
ALTERAÇÃO DE CLIENTE
POST => "ANNE" Data => "2012-07-09 11:57:39", Alterou o Cliente de vale 501345 => "INFORMAÇÕES ALTERADAS => "1 => 4425 => 18 => 34 => 13 => 0 => 0 => 03/07/2012 => 501345 => 169 => 5633 => 06/06/2012 => RICARDO JOSE DE ABREU => 58618/199 => ANA LUCIA CRISPIN DOS SANTOS => 20250170 => RUA: MAJOR FREITAS => 122 => CS 09 => ESTÁCIO => RIO DE JANEIRO => RJ => 6862-2876 =>  =>  => FICA PROX DO LARGUINHO E O BAR DO ZE VIEIRA PROC SR NANA => AGENDADO PARA O DIA 10/07! => 1 => 134933 => ESTANTE CAEMMUN CLEAN TB/BR/MP => 0 =>  => 0 =>  => 0 =>  => 0 =>  => 0 =>  => 0 =>  => 0 =>  => 0 =>  => 0 =>  => 0 =>  => 0 =>  => 0 =>  => 0 =>  => 0 =>  => 0 =>  => 0 =>  => 0 =>  => 0 =>  => 0 =>  => "

-------------------------------
 
ALTERAÇÃO DE CLIENTE
POST => "ANNE" Data => "2012-07-09 12:11:58", Alterou o Cliente de vale 535914 => "INFORMAÇÕES ALTERADAS => "1 => 3038 => 18 => 28 => 20 => 0 => 2 => 05/04/2012 => 535914 => RE => 535914 => 02/05/2012 =>  =>  => BRUNO CORINTO CARNEIRO =>  => ANA MARIA MELO// J.PALMARES => 50 => CASA => NOVA IGUAÇU => RIO DE JANEIRO =>  => 3794-1580 =>  =>  => PROX AO SITIO DA IGREJA BATISTA PROC PELO CLIENTE => FEITO PEDIDO DE PEÇA 12/05!,OBS: SEGUE INFORMÇÃO QUE ARMARILDO ME PASSOU PELO E-MAIL NO DIA 14/05 :Fornecedor nao envia tampo de granito. E-MAIL COM LAUDO SOLICITANDO A TROCA PARA MARIANA NO DIA 09/07! => 1 => 5728 => MESA GRAN CARLA 6C RET NAT/PTO => 0 =>  => 0 =>  => 0 =>  => 0 =>  => 0 =>  => 0 =>  => 0 =>  => 0 =>  => 0 =>  => 0 =>  => 0 =>  => 0 =>  => 0 =>  => 0 =>  => 0 =>  => 0 =>  => 0 =>  => 0 =>  => 0 =>  => "

-------------------------------
 
ALTERAÇÃO DE CLIENTE
POST => "ANNE" Data => "2012-07-09 13:59:04", Alterou o Cliente de vale 549380 => "INFORMAÇÕES ALTERADAS => "1 => 3202 => 18 => 3 => 14 => 0 => 2 => 19/03/2012 => 549380 => 249 => 549380 => 08/05/2012 =>  =>  => MARIA JOSE FREIRE SODRE =>  => ESTRADA DA  FLORALIA => 7 => CS 02 => CARAMUJO => NITERÓI => RJ => 2705-9599 => 2626-1513 => 9830-0743 => PROX A OFICINA DE ARLINDO PROC MARIAZINHA =>  => 1 => 9303 => KIT COZ KP 8P DELTA COLOR BR/VD => 0 =>  => 0 =>  => 0 =>  => 0 =>  => 0 =>  => 0 =>  => 0 =>  => 0 =>  => 0 =>  => 0 =>  => 0 =>  => 0 =>  => 0 =>  => 0 =>  => 0 =>  => 0 =>  => 0 =>  => 0 =>  => 0 =>  => "

-------------------------------
 
ALTERAÇÃO DE CLIENTE
POST => "ANNE" Data => "2012-07-09 14:03:14", Alterou o Cliente de vale 512781 => "INFORMAÇÕES ALTERADAS => "1 => 3678 => 18 => 21 => 24 => 0 => 2 => 15/05/2012 => 512781 => 180 => 512781 => 15/05/2012 =>  =>  => NANCIARA GOLÇALVES BORDA =>  => VANDA PEREIRA => 356 => CS 04 => JARDIM REAL => NOVA IGUAÇU => RJ => 9303-9251 => 7380-9427 =>  => PONTO FINAL DA LINHA DE ONIBUS SALUTRAN PRAÇA DO BATUTA NO BAIRRO ROSARIo =>  => 1 => 136741 => G ROUPA ARAMOVEIS 6P ORION BR/PTO => 0 =>  => 0 =>  => 0 =>  => 0 =>  => 0 =>  => 0 =>  => 0 =>  => 0 =>  => 0 =>  => 0 =>  => 0 =>  => 0 =>  => 0 =>  => 0 =>  => 0 =>  => 0 =>  => 0 =>  => 0 =>  => 0 =>  => "

-------------------------------
 
ALTERAÇÃO DE CLIENTE
POST => "ANNE" Data => "2012-07-09 14:04:14", Alterou o Cliente de vale 513962 => "INFORMAÇÕES ALTERADAS => "1 => 4420 => 18 => 22 => 19 => 0 => 1 => 03/07/2012 => 513962 => 243 => 4321 => 29/06/2012 => NUBIA DOS SANTOS FERREIRA => 53898/199 => FLAVIA DE SOUZA FERREIRA => 26088345 => RUA VANDA PEREIRA => 29 =>  => TRES PONTEFFONTES => NOVA IGUAÇU => RJ =>  =>  =>  => BAIRRO AUSTIN PROX A ANTIGA GRANJA PROC ELAINE =>  => 1 => 140391 => G.ROUPA ARAPLAC 8P AUSTRIA TB/BR => 0 =>  => 0 =>  => 0 =>  => 0 =>  => 0 =>  => 0 =>  => 0 =>  => 0 =>  => 0 =>  => 0 =>  => 0 =>  => 0 =>  => 0 =>  => 0 =>  => 0 =>  => 0 =>  => 0 =>  => 0 =>  => 0 =>  => "

-------------------------------
 
ALTERAÇÃO DE CLIENTE
POST => "ANNE" Data => "2012-07-09 14:05:39", Alterou o Cliente de vale 484419 => "INFORMAÇÕES ALTERADAS => "1 => 3232 => 18 => 31 => 21 => 0 => 0 => 09/05/2012 => 484419 => 241 => 43311 => 09/05/2012 => JULIO CESAR VIEIRA SOARES => 3560/199 => MIRIAM OLIVEIRA ALVES => 26125560 => RUA: DA LAPA => 180 => CS 01 => VILA HELIOPOLIS => BELFORD ROXO => RJ => 2761-7657 => 7580-9152 =>  => PROX A UMA CRECHE PROC PELA MAE DA LARISSA.CRECHE  PROF TATIANA ,  => Email enviado ao naec dia 12-06-12 Camila . CLIENTE QUER A MONTAGEM PARA SÁBADO 16/06/2012 => 1 => 136651 => COZINHA TELASSUL CRISTAL 80123 BR => 0 =>  => 0 =>  => 0 =>  => 0 =>  => 0 =>  => 0 =>  => 0 =>  => 0 =>  => 0 =>  => 0 =>  => 0 =>  => 0 =>  => 0 =>  => 0 =>  => 0 =>  => 0 =>  => 0 =>  => 0 =>  => 0 =>  => "

-------------------------------
 
ALTERAÇÃO DE CLIENTE
POST => "ANNE" Data => "2012-07-09 14:16:11", Alterou o Cliente de vale 556095 => "INFORMAÇÕES ALTERADAS => "1 => 4437 => 18 => 25 => 13 => 0 => 2 => 05/07/2012 => 556095 => 182 => 556095 => 04/07/2012 =>  =>  => CARLOS HENRIQUE XAVIER DS SANTOS =>  => RUA AIUBA => 16 =>  => ANCHIETA => RIO DE JANEIRO => RJ => 3212-3866 => 7422-1705 =>  => PROX AO PONTO FINAL DO ONIBUS 723-PED.46371 =>  => 1 => 136337 => BALCAO C/T KIPLAC  RENATA PLUS BR => 1 => 135481 => COZ KIPLAC RENATA PLUS BR/PTO => 0 =>  => 0 =>  => 0 =>  => 0 =>  => 0 =>  => 0 =>  => 0 =>  => 0 =>  => 0 =>  => 0 =>  => 0 =>  => 0 =>  => 0 =>  => 0 =>  => 0 =>  => 0 =>  => 0 =>  => 0 =>  => "

-------------------------------
 
ALTERAÇÃO DE CLIENTE
POST => "simone" Data => "2012-07-09 14:28:58", Alterou o Cliente de vale 468678 => "INFORMAÇÕES ALTERADAS => "1 => 3715 => 35 => 19 => 19 => 0 => 0 => 16/05/2012 => 468678 => 212 => 534 => 12/04/2012 => ISABEL CRISTINA GOMES DA SILVA => 8724/199 => JEFERSON DA COSTA FARIAS => 2550440 => RUA JAO DE MATOS FILHO => 0 => LT01 QD 5 => COELHO DA ROCHA => RIO DE JANEIRO => RJ => 7745-0965 =>  =>  => PROX A BARRACA DA DONA ROSA FALAR COM ALVARO..Agend:28-05-12 Camila. => Email enviado ao naec dia 19-06-12, Camila => 1 => 8981 => G. ROUPA MOVAL 6P40065 COL PLUS TB/M => 0 =>  => 0 =>  => 0 =>  => 0 =>  => 0 =>  => 0 =>  => 0 =>  => 0 =>  => 0 =>  => 0 =>  => 0 =>  => 0 =>  => 0 =>  => 0 =>  => 0 =>  => 0 =>  => 0 =>  => 0 =>  => 0 =>  => "

-------------------------------
 
ALTERAÇÃO DE CLIENTE
POST => "ANNE" Data => "2012-07-09 15:50:55", Alterou o Cliente de vale 517413 => "INFORMAÇÕES ALTERADAS => "1 => 4454 => 18 => 37 => 26 => 0 => 0 => 06/07/2012 => 517413 => 230 => 517413 => 04/07/2012 => THAIS AMELIA ASSIS SANTOS => 470509 => JOSE TEXEIRA EUGENIO =>  => IGUAI -LT 28 QD 61 JD NOVA GUARATIBA => 345 =>  => CAMPO GRANDE => RIO DE JANEIRO =>  => 3394-4640 =>  =>  => ESTRADA MONTEIRO ENTRADA 745 POSTO SHELL BAIRRO BRITO PROC TEXEIRA OU VAL =>  => 1 => 8323 => RACK SOMOPAR 20000 TB/MP => 0 =>  => 0 =>  => 0 =>  => 0 =>  => 0 =>  => 0 =>  => 0 =>  => 0 =>  => 0 =>  => 0 =>  => 0 =>  => 0 =>  => 0 =>  => 0 =>  => 0 =>  => 0 =>  => 0 =>  => 0 =>  => 0 =>  => "

-------------------------------
 
ALTERAÇÃO DE CLIENTE
POST => "ANNE" Data => "2012-07-09 15:53:19", Alterou o Cliente de vale 517448 => "INFORMAÇÕES ALTERADAS => "1 => 4471 => 18 => 25 => 17 => 0 => 0 => 06/07/2012 => 517448 => 179 => 18837 => 04/07/2012 => ANDERSON PEREIRA SANTOS =>  => BRUNO RAFAEL DE ALMEIDA LOURENCO => 25245810 => RUA ROGERIO => 3 => CASA => XERÉM => DUQUE DE CAXIAS => RJ => 3652-9789 =>  =>  => PROX A ESTRADA RIO DO OURO EM FRENTE AO CEMITERIO 51 SRA ADALINA CHAMAR  NA CASA SRA ADALINA OU JOSE MANOEL =>  => 1 => 139530 => G. ROUPA MOVAL 3P SANTIAGO IMB/PTO => 0 =>  => 0 =>  => 0 =>  => 0 =>  => 0 =>  => 0 =>  => 0 =>  => 0 =>  => 0 =>  => 0 =>  => 0 =>  => 0 =>  => 0 =>  => 0 =>  => 0 =>  => 0 =>  => 0 =>  => 0 =>  => 0 =>  => "

-------------------------------
 
CADASTRO DE CLIENTE
POST => "MIRIAN" Data => "2012-07-09 17:12:40", Cadastrou o Cliente de vale 520162 => "INFORMAÇÕES CADASTRADAS => "11 => 36 => 17 => 0 => 1 => 09/07/2012 => 520162 => 169 => 60288 => 09/07/2012 => ROSANA SOUZA MONTEIRO => 223818/199 => PABLO PINHEIRO MOREIRA => 26163190 => RUA: BABI => 1160 =>  => BABI => BELFORD ROXO => RJ => 9426-3839 => 2761-9616 => 2758-9282 => NO MORRO DA TORRE AO LADO DO BAR DA ADRIANA  => 01 => 138033 => G.ROUPA ARAPLAC 10P ATLAN PLUS TB/AM =>  =>  =>  =>  =>  =>  =>  =>  =>  =>  =>  =>  =>  =>  =>  =>  =>  =>  =>  =>  =>  =>  =>  =>  =>  =>  =>  =>  =>  =>  =>  =>  =>  =>  =>  =>  =>  =>  => "

-------------------------------
