 
ALTERAÇÃO DE CLIENTE
POST => "luciana" Data => "2012-08-24 09:33:06", Alterou o Cliente de vale 547048 => "INFORMAÇÕES ALTERADAS => "1 => 5020 => 5 => 26 => 21 => 0 => 0 => 21/08/2012 => 547048 => 179 => 18126 => 21/08/2012 => ANDERSONPEREIRA SANTOS => 66633/199 => RAFAELE SENA => 25046230 => RUA: ITAITUBA => lt 04 =>  => NOSSA SENHORA DAS GRAÇAS => DUQUE DE CAXIAS => RJ => 9103-0924 =>  =>  => PROC LAUDACI RODRIGUES VALDINHEIRO PROX A  BARRACA DA CONFIRMEI COM O CLIENTE PARA SEGUNDA 27/08 LUCIANA  =>  => 1 => 140391 => G.ROUPA ARAPLAC 8P AUSTRIA TB/BR => 0 =>  => 0 =>  => 0 =>  => 0 =>  => 0 =>  => 0 =>  => 0 =>  => 0 =>  => 0 =>  => 0 =>  => 0 =>  => 0 =>  => 0 =>  => 0 =>  => 0 =>  => 0 =>  => 0 =>  => 0 =>  => 0 =>  => "

-------------------------------
 
ALTERAÇÃO DE CLIENTE
POST => "luciana" Data => "2012-08-24 09:41:30", Alterou o Cliente de vale 289117 => "INFORMAÇÕES ALTERADAS => "1 => 3940 => 5 => 33 => 15 => 2 => 0 => 29/05/2012 => 289117 => 249 => 19893 => 03/10/2011 => BRUNO CARVALHO DE SOUZA => 316134/199 => INGRID SANTANA ENCVRENAZI RIBEIRO =>  => RUA EXPEDICIONARIO OSWALDO JOSE DE OLIVEIRA => 740 => CASA 01 => LARGO DA BATALHA => NITEROI => RJ => 2616-4871 =>  =>  => PX AO MERCADO REDE ECONOMIA.CONFIRMEI COM ROSELI (MÃE) PARA SEXTA 24/8 E -MAIL ENVIADO PARA JANDIRA ,LAZARO E LIDIANE   JOSE FERNANDO VAI ATENDE  LUCIANA  =>  => 1 => 138033 => G.ROUPA ARAPLAC 10P ATLAN PLUS TB/AM => 0 =>  => 0 =>  => 0 =>  => 0 =>  => 0 =>  => 0 =>  => 0 =>  => 0 =>  => 0 =>  => 0 =>  => 0 =>  => 0 =>  => 0 =>  => 0 =>  => 0 =>  => 0 =>  => 0 =>  => 0 =>  => 0 =>  => "

-------------------------------
 
ALTERAÇÃO DE CLIENTE
POST => "luciana" Data => "2012-08-24 09:42:29", Alterou o Cliente de vale 289117 => "INFORMAÇÕES ALTERADAS => "1 => 3940 => 5 => 27 => 15 => 2 => 0 => 29/05/2012 => 289117 => 249 => 19893 => 03/10/2011 => BRUNO CARVALHO DE SOUZA => 316134/199 => INGRID SANTANA ENCVRENAZI RIBEIRO =>  => RUA EXPEDICIONARIO OSWALDO JOSE DE OLIVEIRA => 740 => CASA 01 => LARGO DA BATALHA => NITEROI => RJ => 2616-4871 =>  =>  => PX AO MERCADO REDE ECONOMIA.CONFIRMEI COM ROSELI (MÃE) PARA SEXTA 24/8 E -MAIL ENVIADO PARA JANDIRA ,LAZARO E LIDIANE   JOSE FERNANDO VAI ATENDE  LUCIANA  =>  => 1 => 138033 => G.ROUPA ARAPLAC 10P ATLAN PLUS TB/AM => 0 =>  => 0 =>  => 0 =>  => 0 =>  => 0 =>  => 0 =>  => 0 =>  => 0 =>  => 0 =>  => 0 =>  => 0 =>  => 0 =>  => 0 =>  => 0 =>  => 0 =>  => 0 =>  => 0 =>  => 0 =>  => 0 =>  => "

-------------------------------
 
ALTERAÇÃO DE CLIENTE
POST => "luciana" Data => "2012-08-24 09:44:26", Alterou o Cliente de vale 289117 => "INFORMAÇÕES ALTERADAS => "1 => 3940 => 5 => 19 => 28 => 2 => 0 => 29/05/2012 => 289117 => 249 => 19893 => 03/10/2011 => BRUNO CARVALHO DE SOUZA => 316134/199 => INGRID SANTANA ENCVRENAZI RIBEIRO =>  => RUA EXPEDICIONARIO OSWALDO JOSE DE OLIVEIRA => 740 => CASA 01 => LARGO DA BATALHA => NITEROI => RJ => 2616-4871 =>  =>  => PX AO MERCADO REDE ECONOMIA.CONFIRMEI COM ROSELI (MÃE) PARA SEXTA 24/8 E -MAIL ENVIADO PARA JANDIRA ,LAZARO E LIDIANE   JOSE FERNANDO VAI ATENDE  LUCIANA  =>  => 1 => 138033 => G.ROUPA ARAPLAC 10P ATLAN PLUS TB/AM => 0 =>  => 0 =>  => 0 =>  => 0 =>  => 0 =>  => 0 =>  => 0 =>  => 0 =>  => 0 =>  => 0 =>  => 0 =>  => 0 =>  => 0 =>  => 0 =>  => 0 =>  => 0 =>  => 0 =>  => 0 =>  => 0 =>  => "

-------------------------------
 
ALTERAÇÃO DE CLIENTE
POST => "suzi" Data => "2012-08-24 10:04:30", Alterou o Cliente de vale 452378 => "INFORMAÇÕES ALTERADAS => "1 => 4722 => 3 => 25 => 17 => 0 => 0 => 18/07/2012 => 452378 => 244 => 33543 => 26/03/2012 => SERGIO ALVES => 516958/199 => AURECELIA CAVALCANTE LEITE => 21620520 => RUA: RAVENALA => 125 =>  => PARQUE ANCHIETA => RIO DE JANEIRO => RJ => 3019-6426 => 7851-0018 =>  => PROX A PRAÇA GRANITO PROC NANA => DESC. 24,00 DO ALEX E REEMBOLSADO AO JOSE ARIMATEIA. EM FOLHA DE PAGTO 30/08. SUZI => 1 => 135481 => COZ KIPLAC RENATA PLUS BR/PTO => 0 =>  => 0 =>  => 0 =>  => 0 =>  => 0 =>  => 0 =>  => 0 =>  => 0 =>  => 0 =>  => 0 =>  => 0 =>  => 0 =>  => 0 =>  => 0 =>  => 0 =>  => 0 =>  => 0 =>  => 0 =>  => 0 =>  => "

-------------------------------
 
ALTERAÇÃO DE CLIENTE
POST => "luciana" Data => "2012-08-24 11:56:18", Alterou o Cliente de vale 619464 => "INFORMAÇÕES ALTERADAS => "1 => 4863 => 5 => 42 => 15 => 0 => 2 => 31/07/2012 => 619464 => 179 => 619464 => 31/07/2012 =>  =>  => FRANCINELMA DE RAMOS =>  => DEBUSSY => 385 => APT101 => JARDIM AMERICA => RIO DE JANEIRO =>  => 3346-5812 => 21240450 => 99057379 => Farly vai atender 24/08/12.mirian FEITO O PEDIDO DE PEÇAS DIA 24/8 E-MAIL ENVIADO PARA LIDIANE E WAGNER LUCIANA  => AG.08/08/12./tel da cliente não atende as 11:08 dia 13/08/12.mirian//passado email p/naec 14/08/12 solicitando melhor referencia e outro tel p/contato.mirian => 1 => 135251 => G.ROUPA FRITZ 6P DANY TB/BR => 0 =>  => 0 =>  => 0 =>  => 0 =>  => 0 =>  => 0 =>  => 0 =>  => 0 =>  => 0 =>  => 0 =>  => 0 =>  => 0 =>  => 0 =>  => 0 =>  => 0 =>  => 0 =>  => 0 =>  => 0 =>  => 0 =>  => "

-------------------------------
 
ALTERAÇÃO DE CLIENTE
POST => "luciana" Data => "2012-08-24 13:03:03", Alterou o Cliente de vale 610374 => "INFORMAÇÕES ALTERADAS => "1 => 4850 => 5 => 17 => 9 => 0 => 2 => 31/07/2012 => 610374 => 179 => 610374 => 20/07/2012 =>  =>  => MARIA DAS GRACAS DA SILVA FERREIRA =>  => RUA CARTAGENA => LT 13 => QD 14 CS 02 => CAMPOS ELISEOS => DUQUE DE CAXIAS => RJ => 2773-7426 => 9299-3292 =>  => ENTRAR NA RUA BELEM IR A DIREITA ATE O CENTRO ESPIRITA DA DONA ELSA PROC GRAÇA OU DAGMAR PED.117226 => AGEND: TERÇA 7/8 FEITO O PEDIDO DE PEÇAS DIA 24/8 E-MAIL ENVIADO PARA LIDIANE E WAGNER  LUCIANA  => 1 => 134708 => BALCAO LUCIANE DAKAR 2P4G CHAMP / NOG => 0 =>  => 0 =>  => 0 =>  => 0 =>  => 0 =>  => 0 =>  => 0 =>  => 0 =>  => 0 =>  => 0 =>  => 0 =>  => 0 =>  => 0 =>  => 0 =>  => 0 =>  => 0 =>  => 0 =>  => 0 =>  => 0 =>  => "

-------------------------------
 
ALTERAÇÃO DE CLIENTE
POST => "luciana" Data => "2012-08-24 13:16:54", Alterou o Cliente de vale 289117 => "INFORMAÇÕES ALTERADAS => "1 => 3940 => 5 => 15 => 32 => 2 => 0 => 29/05/2012 => 289117 => 249 => 19893 => 03/10/2011 => BRUNO CARVALHO DE SOUZA => 316134/199 => INGRID SANTANA ENCVRENAZI RIBEIRO =>  => RUA EXPEDICIONARIO OSWALDO JOSE DE OLIVEIRA => 740 => CASA 01 => LARGO DA BATALHA => NITEROI => RJ => 2616-4871 =>  =>  => PX AO MERCADO REDE ECONOMIA.CONFIRMEI COM ROSELI (MÃE) PARA SEXTA 24/8 E -MAIL ENVIADO PARA JANDIRA ,LAZARO E LIDIANE   JOSE FERNANDO VAI ATENDE  LUCIANA  =>  => 1 => 138033 => G.ROUPA ARAPLAC 10P ATLAN PLUS TB/AM => 0 =>  => 0 =>  => 0 =>  => 0 =>  => 0 =>  => 0 =>  => 0 =>  => 0 =>  => 0 =>  => 0 =>  => 0 =>  => 0 =>  => 0 =>  => 0 =>  => 0 =>  => 0 =>  => 0 =>  => 0 =>  => 0 =>  => "

-------------------------------
 
CADASTRO DE CLIENTE
POST => "" Data => "2012-08-24 14:42:28", Cadastrou o Cliente de vale 402888 => "INFORMAÇÕES CADASTRADAS => " => 14 => 26 => 2 => 0 => 24/08/2012 => 402888 => 194 => 38293 => 26/01/2012 => RAFAELA LOPES THOMAZ => 469138/199 => VERA LUCIA CARDOSO DA SILVA  => 21011240 => RUA: TABORARI => 830 => CS 02 ANDAR => BRÁS DE PINA => RIO DE JANEIRO => RJ => 3341-8223 => 3888-0848 =>  => PROX A ANTIGA CLINICA ABDALA ESQUINA COM A RUA OURIQUE  => 01 => 135481 => COZ KIPLAC RENATA PLUS BR/PTO =>  =>  =>  =>  =>  =>  =>  =>  =>  =>  =>  =>  =>  =>  =>  =>  =>  =>  =>  =>  =>  =>  =>  =>  =>  =>  =>  =>  =>  =>  =>  =>  =>  =>  =>  =>  =>  =>  => "

-------------------------------
