 
ALTERAÇÃO DE CLIENTE
POST => "camila" Data => "2012-08-17 09:30:55", Alterou o Cliente de vale 450347 => "INFORMAÇÕES ALTERADAS => "1 => 4151 => 6 => 25 => 14 => 0 => 0 => 11/06/2012 => 450347 => 218 => 71107 => 24/03/2012 => BRUNA RENATA DE OLIVEIRA DAMASIO LUCAS =>  => RAFAEL SOARES PEREIRA => 26000001 => RUA ITAPECIRICA => 1 => CASA => JARDIM LARANJEIRAS => NOVA IGUAÇU => RJ =>  =>  =>  => ATRAS DO MERCADO SÃO JORGE NA ESTRADA DE MADURERA E EM FRENTE O COLEGIO MEDECI FAVOR ENTREGAR ANTES 13 HORAS CLI VAI TRAB. => agend: terça 19/6Luciana ....Email enviado ao naec dia 17-08-12 Camila => 1 => 140391 => G.ROUPA ARAPLAC 8P AUSTRIA TB/BR => 0 =>  => 0 =>  => 0 =>  => 0 =>  => 0 =>  => 0 =>  => 0 =>  => 0 =>  => 0 =>  => 0 =>  => 0 =>  => 0 =>  => 0 =>  => 0 =>  => 0 =>  => 0 =>  => 0 =>  => 0 =>  => 0 =>  => "

-------------------------------
 
ALTERAÇÃO DE CLIENTE
POST => "camila" Data => "2012-08-17 09:33:00", Alterou o Cliente de vale 496615 => "INFORMAÇÕES ALTERADAS => "1 => 4848 => 6 => 12 => 9 => 0 => 0 => 31/07/2012 => 496615 => 280 => 4484 => 26/05/2012 => LUDIANA BRAZ DE OLIVEIRA => 516980 => KEILA MARIA NASCIMENTO SILVA =>  => DOUTOR AREOLINO DE ABREU => 85 =>  => HONORIO GURGEL => RIO DE JANEIRO =>  => 3453-7256 =>  =>  => PROX A CRECHE DA PREFEITURA E ANTIGA FABRICA MUNDIAL.....Email enviado ao naec dia 17-08-12 Camila => O MONTADOR AGENDOU DIRETO COM A CLIENTE PARA SABADO 4/8 O MONTADOR VAI RETORNAR DIA 6/8 LUCIANA //montagem concluida => 1 => 135481 => COZ KIPLAC RENATA PLUS BR/PTO => 1 => 135479 => BALCAO C/T KIPLAC RENATA PLUS BR/PT => 0 =>  => 0 =>  => 0 =>  => 0 =>  => 0 =>  => 0 =>  => 0 =>  => 0 =>  => 0 =>  => 0 =>  => 0 =>  => 0 =>  => 0 =>  => 0 =>  => 0 =>  => 0 =>  => 0 =>  => 0 =>  => "

-------------------------------
 
ALTERAÇÃO DE CLIENTE
POST => "camila" Data => "2012-08-17 09:34:29", Alterou o Cliente de vale 514133 => "INFORMAÇÕES ALTERADAS => "1 => 4995 => 6 => 21 => 3 => 0 => 0 => 30/06/2012 => 514133 => 179 => 21590 => 30/06/2012 => WANDERSON DAMASCENO => 76492/199 => MARIA DAS DORES LADOGA DA SILVA => 25225210 => AVENIDA: ACTURA => 423 =>  => VILA ACTURA => DUQUE DE CAXIAS => RJ =>  =>  =>  => AO LADODO POSTO DE SAUDE => Email enviado ao naec dia 17-08-12 Camila => 1 => 138033 => G.ROUPA ARAPLAC 10P ATLAN PLUS TB/AM => 0 =>  => 0 =>  => 0 =>  => 0 =>  => 0 =>  => 0 =>  => 0 =>  => 0 =>  => 0 =>  => 0 =>  => 0 =>  => 0 =>  => 0 =>  => 0 =>  => 0 =>  => 0 =>  => 0 =>  => 0 =>  => 0 =>  => "

-------------------------------
 
ALTERAÇÃO DE CLIENTE
POST => "camila" Data => "2012-08-17 09:36:29", Alterou o Cliente de vale 520274 => "INFORMAÇÕES ALTERADAS => "1 => 4998 => 6 => 11 => 10 => 0 => 0 => 10/07/2012 => 520274 => 217 => 5270 => 10/07/2012 => FRANCISCA ZENEIDE => 84277 => ANGELA MARIA VALERIO FLORIANO => 23071070 => RUA: VALDEMAR MEDRADO DIAS => 209 =>  => CAMPO GRANDE => RIO DE JANEIRO => RJ =>  =>  =>  => Email enviado ao naec dia 17-08-12 Camila =>  => 1 => 139497 => KIT ITAT I3 PREMIUM 6P/3G BR => 0 =>  => 0 =>  => 0 =>  => 0 =>  => 0 =>  => 0 =>  => 0 =>  => 0 =>  => 0 =>  => 0 =>  => 0 =>  => 0 =>  => 0 =>  => 0 =>  => 0 =>  => 0 =>  => 0 =>  => 0 =>  => 0 =>  => "

-------------------------------
 
ALTERAÇÃO DE CLIENTE
POST => "camila" Data => "2012-08-17 09:37:21", Alterou o Cliente de vale 521068 => "INFORMAÇÕES ALTERADAS => "1 => 4999 => 6 => 16 => 22 => 0 => 0 => 11/07/2012 => 521068 => 208 => 3778 => 11/07/2012 => RAQUEL MENDES => 84962 => JAQUELINE BALBINO DE ALMEIDA => 21235280 => ESTRADA: DO COLÉGIO => 10 =>  => COLÉGIO => RIO DE JANEIRO => RJ =>  =>  =>  => Email enviado ao naec dia 17-08-12 Camila =>  => 1 => 9074 => COZINHA COMP COLOR ECLIPSE TOP PTO => 0 =>  => 0 =>  => 0 =>  => 0 =>  => 0 =>  => 0 =>  => 0 =>  => 0 =>  => 0 =>  => 0 =>  => 0 =>  => 0 =>  => 0 =>  => 0 =>  => 0 =>  => 0 =>  => 0 =>  => 0 =>  => 0 =>  => "

-------------------------------
 
ALTERAÇÃO DE CLIENTE
POST => "camila" Data => "2012-08-17 09:38:13", Alterou o Cliente de vale 521093 => "INFORMAÇÕES ALTERADAS => "1 => 5000 => 6 => 31 => 20 => 0 => 0 => 11/07/2012 => 521093 => 172 => 6786 => 11/07/2012 => MANOEL JOAQUIM GONCALVES => 84965 => MARIA INACIO DA SILVA => 20973011 => AVENIDA: DOM HELDER CÂMARA => 1501 =>  => BENFICA => RIO DE JANEIRO => RJ =>  =>  =>  => Email enviado ao naec dia 17-08-12 Camila =>  => 1 => 100136 => COZINHA ITAT DAYANE BR => 0 =>  => 0 =>  => 0 =>  => 0 =>  => 0 =>  => 0 =>  => 0 =>  => 0 =>  => 0 =>  => 0 =>  => 0 =>  => 0 =>  => 0 =>  => 0 =>  => 0 =>  => 0 =>  => 0 =>  => 0 =>  => 0 =>  => "

-------------------------------
 
ALTERAÇÃO DE CLIENTE
POST => "camila" Data => "2012-08-17 09:39:19", Alterou o Cliente de vale 524540 => "INFORMAÇÕES ALTERADAS => "1 => 4756 => 6 => 37 => 8 => 0 => 0 => 17/07/2012 => 524540 => 218 => 65661 => 17/07/2012 => BRUNA RENATA DE OLIVEIRA DAMASIO LUCAS => 460395/199 => KELLY DOS SANTOS => 26385450 => RUA IGREJA => 100 =>  => VALE DO OURO => QUEIMADOS => RJ => 9972-1772 =>  =>  => SUB A RUA EM FRENTE O CAMPO DO VALE DE OURO ULTIMA CASA PROC SEU JORGE....Email enviado ao naec dia 17-08-12 Camila => RELATORIO ENVIADO PARA O NAEC DIA 20/7 LUCIANA //MONTAGEM CONCLUIDA => 1 => 140391 => G.ROUPA ARAPLAC 8P AUSTRIA TB/BR => 0 =>  => 0 =>  => 0 =>  => 0 =>  => 0 =>  => 0 =>  => 0 =>  => 0 =>  => 0 =>  => 0 =>  => 0 =>  => 0 =>  => 0 =>  => 0 =>  => 0 =>  => 0 =>  => 0 =>  => 0 =>  => 0 =>  => "

-------------------------------
 
ALTERAÇÃO DE CLIENTE
POST => "camila" Data => "2012-08-17 09:41:05", Alterou o Cliente de vale 531749 => "INFORMAÇÕES ALTERADAS => "1 => 4987 => 6 => 12 => 15 => 0 => 0 => 28/07/2012 => 531749 => 223 => 531749 => 28/07/2012 => ALBERTO DOS SANTOS GALHARDO => 102096/199 => ANA LUCIA CHRYSOSTOMO DA CRUZ => 21920040 => RUA: PROFESSOR HILARIÃO DA ROCHA => 208 => CS 03 => TAUÁ => RIO DE JANEIRO => RJ => 3798-1543 =>  =>  => PED.6464 => Email enviado ao naec dia 17-08-12 Camila => 1 => 5724 => CJ SALA DE JANTAR ORTIZ VALEN 6C TB => 0 =>  => 0 =>  => 0 =>  => 0 =>  => 0 =>  => 0 =>  => 0 =>  => 0 =>  => 0 =>  => 0 =>  => 0 =>  => 0 =>  => 0 =>  => 0 =>  => 0 =>  => 0 =>  => 0 =>  => 0 =>  => 0 =>  => "

-------------------------------
 
ALTERAÇÃO DE CLIENTE
POST => "camila" Data => "2012-08-17 09:42:12", Alterou o Cliente de vale 537129 => "INFORMAÇÕES ALTERADAS => "1 => 4985 => 6 => 3 => 10 => 0 => 0 => 06/08/2012 => 537129 => 181 => 5049 => 06/08/2012 => JAFTER DE SOUZA NUNES => 461014/199 => IARA CORREA RODRIGUES => 24726295 => RUA: ITAPAGIPE => 21 =>  => VISTA ALEGRE => SÃO GONÇALO => RJ => 3713-7585 =>  =>  => EM FRENTE AO DALLAS NO PROX AO BAR DO PAULO CEZAR ATRAS DO ANTIG DO ITAMARATI PROC PEDRO GALO => Email enviado ao naec dia 17-08-12 Camila => 1 => 136216 => G.ROUPA MOVAL 6P PARIS TB/BR => 0 =>  => 0 =>  => 0 =>  => 0 =>  => 0 =>  => 0 =>  => 0 =>  => 0 =>  => 0 =>  => 0 =>  => 0 =>  => 0 =>  => 0 =>  => 0 =>  => 0 =>  => 0 =>  => 0 =>  => 0 =>  => 0 =>  => "

-------------------------------
 
ALTERAÇÃO DE CLIENTE
POST => "camila" Data => "2012-08-17 09:42:56", Alterou o Cliente de vale 537779 => "INFORMAÇÕES ALTERADAS => "1 => 4997 => 6 => 16 => 11 => 0 => 0 => 07/08/2012 => 537779 => 192 => 3184 => 07/08/2012 => ELUCIANA BARBOSA SANTOS => 47787 => MARIANGELA SILVA OLIVEIRA => 21625130 => RUA: CAPITÃO MÁRIO BARBEDO => 301 =>  => PARQUE ANCHIETA => RIO DE JANEIRO => RJ =>  =>  =>  => Email enviado ao naec dia 17-08-12 Camila =>  => 1 => 135481 => COZ KIPLAC RENATA PLUS BR/PTO => 0 =>  => 0 =>  => 0 =>  => 0 =>  => 0 =>  => 0 =>  => 0 =>  => 0 =>  => 0 =>  => 0 =>  => 0 =>  => 0 =>  => 0 =>  => 0 =>  => 0 =>  => 0 =>  => 0 =>  => 0 =>  => 0 =>  => "

-------------------------------
 
CADASTRO DE CLIENTE
POST => "MIRIAN" Data => "2012-08-17 11:43:49", Cadastrou o Cliente de vale 544150 => "INFORMAÇÕES CADASTRADAS => "11 => 25 => 14 => 2 => 0 => 16/08/2012 => 544150 => 279 => 6209 => 16/08/2012 => MARGARETH DOS SANTOS => 509846/199 => MARCOS VINICIUS DOS SANTOS => 23555215 => RUA: VALA DO SANGUE => 720 => BL 07 AP 101 => SANTA CRUZ => RIO DE JANEIRO => RJ => 2409-9555 => 3305-5210 =>  => PROX A BASE AERREA 2ºCONDOMINIO VIVENDA DO PARAISO => 01 => 140338 => G ROUPA FRITZ 3P MILAO AMEN/PTO =>  =>  =>  =>  =>  =>  =>  =>  =>  =>  =>  =>  =>  =>  =>  =>  =>  =>  =>  =>  =>  =>  =>  =>  =>  =>  =>  =>  =>  =>  =>  =>  =>  =>  =>  =>  =>  =>  => "

-------------------------------
 
ALTERAÇÃO DE CLIENTE
POST => "MIRIAN" Data => "2012-08-17 11:49:11", Alterou o Cliente de vale 523023 => "INFORMAÇÕES ALTERADAS => "1 => 4628 => 11 => 21 => 29 => 0 => 0 => 14/07/2012 => 523023 => 215 => 93635 => 13/07/2012 => LIVIA DE CASTRO SILVA => 500221/199 => CAMILA GUIMARAES COUTINHO => 24750000 => RUA: ANTÔNIO BERNARDO RIBEIRO => 242 =>  => ARSENAL => SÃO GONÇALO => RJ => 9321-2637 => 3712-6043 =>  => PROX AO MATERIAL DE CONSTRUÇÃO CS AO LADO CENTRO DE DILZA PROC LUCAS OU FELIPE =>  => 1 => 140391 => G.ROUPA ARAPLAC 8P AUSTRIA TB/BR => 0 =>  => 0 =>  => 0 =>  => 0 =>  => 0 =>  => 0 =>  => 0 =>  => 0 =>  => 0 =>  => 0 =>  => 0 =>  => 0 =>  => 0 =>  => 0 =>  => 0 =>  => 0 =>  => 0 =>  => 0 =>  => 0 =>  => "

-------------------------------
 
CADASTRO DE CLIENTE
POST => "MIRIAN" Data => "2012-08-17 11:53:20", Cadastrou o Cliente de vale 544571 => "INFORMAÇÕES CADASTRADAS => "11 => 27 => 29 => 2 => 0 => 16/08/2012 => 544571 => 168 => 38344 => 16/08/2012 => JORGE FRANCISCO OLIVEIRA ALVES => 235755/199 => JORGE ANTONIO ALVES => 21511380 => RUA: DAS SAFIRAS => 70 => CS 12 => ROCHA MIRANDA => RIO DE JANEIRO => RJ => 2288-0420 => 9358-8678 =>  => EM FRENTE AO PONTO FINAL 349 AO LADO DA IGREJA => 01 => 138033 => G.ROUPA ARAPLAC 10P ATLAN PLUS TB/AM =>  =>  =>  =>  =>  =>  =>  =>  =>  =>  =>  =>  =>  =>  =>  =>  =>  =>  =>  =>  =>  =>  =>  =>  =>  =>  =>  =>  =>  =>  =>  =>  =>  =>  =>  =>  =>  =>  => "

-------------------------------
 
CADASTRO DE CLIENTE
POST => "MIRIAN" Data => "2012-08-17 11:55:47", Cadastrou o Cliente de vale 342167 => "INFORMAÇÕES CADASTRADAS => "11 => 12 => 21 => 2 => 0 => 16/08/2012 => 342167 => 244 => 28117 => 30/11/2011 => GRAZIELE COSTA LIMA => 382933/199 => DAIANE DOS SANTOS RODRIGUES => 26515069 => ESTRADA: SENADOR SALGADO FILHO => 1388 =>  => CABRAL => NILÓPOLIS => RJ => 3761-3574 => 7927-4373 =>  => DEPOIS DO COLEGIO NUTA DEPOIS DO BAR DO DUDA => 01 => 134898 => COZ COMP ARAMOVEIS LILIAN PLUS  BR/PT =>  =>  =>  =>  =>  =>  =>  =>  =>  =>  =>  =>  =>  =>  =>  =>  =>  =>  =>  =>  =>  =>  =>  =>  =>  =>  =>  =>  =>  =>  =>  =>  =>  =>  =>  =>  =>  =>  => "

-------------------------------
 
CADASTRO DE CLIENTE
POST => "MIRIAN" Data => "2012-08-17 14:19:38", Cadastrou o Cliente de vale 545167 => "INFORMAÇÕES CADASTRADAS => "11 => 27 => 29 => 0 => 1 => 17/08/2012 => 545167 => 179 => 24633 => 17/08/2012 => CLEBER CAMPISTA DA FONSECA => 85057/199 => THAIS DOS SANTOS OLIVEIRA => 25055290 => RUA: CAMBUCI => 22 => QD 76 => JARDIM GRAMACHO => DUQUE DE CAXIAS => RJ =>  =>  =>  => PROX A BARRACA DO LLA PROX AO BRIZOLAO PROC PELA THAIS. => 01 => 155454 => G-ROUPA EURO 3P ORION PL/PT/PL =>  =>  =>  =>  =>  =>  =>  =>  =>  =>  =>  =>  =>  =>  =>  =>  =>  =>  =>  =>  =>  =>  =>  =>  =>  =>  =>  =>  =>  =>  =>  =>  =>  =>  =>  =>  =>  =>  => "

-------------------------------
