 
ALTERAÇÃO DE CLIENTE
POST => "suzi" Data => "2012-08-29 08:57:57", Alterou o Cliente de vale 547287 => "INFORMAÇÕES ALTERADAS => "1 => 5012 => 3 => 32 => 16 => 0 => 0 => 21/08/2012 => 547287 => 245 => 6379 => 21/08/2012 => LAERTE JORGE BAPTISTA DOS SANT => 92398/199 => CLAUDIA MARCHIORIO STELET => 22713169 => ESTRADA: DO OUTEIRO SANTO => 873 => CS 03 => TAQUARA => RIO DE JANEIRO => RJ => 2446-6482 => 8783-1843 =>  => SUBINDO OUTEIRO SANTO PROX AO BAR DO EFRAM => OBS: JOSE FERNANDO MONTOU TAMBÉM : COMODA EURO COMPOSE 5 GAV* CRIADO EURO COMPESE 2GV. PASSADO AS ETIQUETAS PARA MIRIAN SOLICITAR AO NAEC O VALE MONTAGEM 29/08 SUZI. => 1 => 154574 => G ROUPA EUROP 2P ESP GALAT PAT/CIL => 0 =>  => 0 =>  => 0 =>  => 0 =>  => 0 =>  => 0 =>  => 0 =>  => 0 =>  => 0 =>  => 0 =>  => 0 =>  => 0 =>  => 0 =>  => 0 =>  => 0 =>  => 0 =>  => 0 =>  => 0 =>  => 0 =>  => "

-------------------------------
 
CADASTRO DE CLIENTE
POST => "MIRIAN" Data => "2012-08-29 09:59:42", Cadastrou o Cliente de vale 534851 => "INFORMAÇÕES CADASTRADAS => "11 => 16 => 8 => 0 => 0 => 29/08/2012 => 534851 => 176 => 30837 => 02/08/2012 => ALLAN CARLOS DA SILVA => 498505/199 => RAFAEL CUNHA DE LIMA => 21932810 => PRAIA: DE TUBIACANGA => 119 =>  => TUBIACANGA => RIO DE JANEIRO => RJ => 3104-1768 =>  =>  => ILHA DO GOVERNADOR  PERTO DA PADARIA ANIZIO RUA DA CAPITANIA DOS COPOS PROC SRA MARLY => 01 => 5733 => MESA MARMORE LIVIA 4C QUA VERDE =>  =>  =>  =>  =>  =>  =>  =>  =>  =>  =>  =>  =>  =>  =>  =>  =>  =>  =>  =>  =>  =>  =>  =>  =>  =>  =>  =>  =>  =>  =>  =>  =>  =>  =>  =>  =>  =>  => "

-------------------------------
 
CADASTRO DE CLIENTE
POST => "MIRIAN" Data => "2012-08-29 10:01:36", Cadastrou o Cliente de vale 525196 => "INFORMAÇÕES CADASTRADAS => "11 => 26 => 25 => 0 => 1 => 29/08/2012 => 525196 => 176 => 525196 => 18/07/2012 => ALLAN CARLOS DA SILVA => 498505/199 => RAFAEL CUNHA DE LIMA => 21932810 => PRAIA: DE TUBIACANGA => 119 =>  => TUBIACANGA => RIO DE JANEIRO => RJ => 3104-1768 =>  =>  => PED.30837 => 01 => 5733 => MESA MARMORE LIVIA 4C QUA VERDE =>  =>  =>  =>  =>  =>  =>  =>  =>  =>  =>  =>  =>  =>  =>  =>  =>  =>  =>  =>  =>  =>  =>  =>  =>  =>  =>  =>  =>  =>  =>  =>  =>  =>  =>  =>  =>  =>  => "

-------------------------------
 
CADASTRO DE CLIENTE
POST => "MIRIAN" Data => "2012-08-29 10:03:13", Cadastrou o Cliente de vale 534852 => "INFORMAÇÕES CADASTRADAS => "11 => 33 => 22 => 0 => 0 => 29/08/2012 => 534852 => 176 => 534852 => 02/08/2012 => ALLAN CARLOS DA SILVA => 498490/199 => RAFAEL CUNHA DE LIMA => 21932810 => PRAIA: DE TUBIACANGA => 119 =>  => TUBIACANGA => RIO DE JANEIRO => RJ => 3104-1768 =>  =>  => PED.30837 => 01 => 8372 => G.ROUPA BP 3P DUBAY TB/BR/MP =>  =>  =>  =>  =>  =>  =>  =>  =>  =>  =>  =>  =>  =>  =>  =>  =>  =>  =>  =>  =>  =>  =>  =>  =>  =>  =>  =>  =>  =>  =>  =>  =>  =>  =>  =>  =>  =>  => "

-------------------------------
 
CADASTRO DE CLIENTE
POST => "MIRIAN" Data => "2012-08-29 10:04:41", Cadastrou o Cliente de vale 525197 => "INFORMAÇÕES CADASTRADAS => "11 => 24 => 20 => 0 => 1 => 29/08/2012 => 525197 => 176 => 525197 => 18/07/2012 => ALLAN CARLOS DA SILVA => 498490/199 => RAFAEL CUNHA DE LIMA => 21932810 => PRAIA: DE TUBIACANGA => 119 =>  => TUBIACANGA => RIO DE JANEIRO => RJ => 3104-1768 =>  =>  => PED.30837 => 01 => 8372 => G.ROUPA BP 3P DUBAY TB/BR/MP =>  =>  =>  =>  =>  =>  =>  =>  =>  =>  =>  =>  =>  =>  =>  =>  =>  =>  =>  =>  =>  =>  =>  =>  =>  =>  =>  =>  =>  =>  =>  =>  =>  =>  =>  =>  =>  =>  => "

-------------------------------
 
ALTERAÇÃO DE CLIENTE
POST => "luciana" Data => "2012-08-29 11:01:10", Alterou o Cliente de vale 418188 => "INFORMAÇÕES ALTERADAS => "1 => 569 => 5 => 36 => 19 => 0 => 0 => 06/03/2012 => 418188 => 239 => 24974 => 10/02/2012 =>  =>  => EUNICE FARIA DA SILVA =>  => TRAVESSA SANTANA => 4 => CASA => CHARITAS => NITEROI => RJ => 2611-1007 => 9601-8435 =>  => RUA DO HOTEL SANDWN PRO ELAINE. => FEITO O PEDIDO DE TROCA DIA 29/8 E-MAIL ENVIADO PARA LIDIANE E WAGNER LUCIANA  => 1 => 136543 => COZINHA  LUCIANE DAKAR CHAMP/NOG => 0 =>  => 0 =>  => 0 =>  => 0 =>  => 0 =>  => 0 =>  => 0 =>  => 0 =>  => 0 =>  => 0 =>  => 0 =>  => 0 =>  => 0 =>  => 0 =>  => 0 =>  => 0 =>  => 0 =>  => 0 =>  => 0 =>  => "

-------------------------------
 
ALTERAÇÃO DE CLIENTE
POST => "luciana" Data => "2012-08-29 11:03:52", Alterou o Cliente de vale 418200 => "INFORMAÇÕES ALTERADAS => "1 => 567 => 5 => 21 => 30 => 0 => 0 => 06/03/2012 => 418200 => 239 => 24974 => 10/02/0012 =>  =>  => EUNICE FARIA DA SILVA =>  => TRAVESSA SANTANA => 4 => CASA => CHARITAS => NITEROI => RJ => 2611-1007 =>  =>  => fundos do hotel sondow prox a creche. => ag.17/08/12FEITO O PEDIDO DE TROCA DIA 29/8 E-MAIL ENVIADO PARA LIDIANE E WAGNER LUCIANA  => 1 => 136545 => BALCAO LUCIANE DAKAR 2GB CHAMP => 0 =>  => 0 =>  => 0 =>  => 0 =>  => 0 =>  => 0 =>  => 0 =>  => 0 =>  => 0 =>  => 0 =>  => 0 =>  => 0 =>  => 0 =>  => 0 =>  => 0 =>  => 0 =>  => 0 =>  => 0 =>  => 0 =>  => "

-------------------------------
 
ALTERAÇÃO DE CLIENTE
POST => "MIRIAN" Data => "2012-08-29 14:05:36", Alterou o Cliente de vale 526319 => "INFORMAÇÕES ALTERADAS => "1 => 4802 => 11 => 22 => 20 => 0 => 0 => 26/07/2012 => 526319 => 230 => 70664 => 19/07/2012 => EDMILON SILVA LUZ => 347637 => FLAVIA ALVES BEZERRA =>  => LADARIO => 285 => CASA => COSMOS => RIO DE JANEIRO =>  => 7732-7847 => 3404-4544 =>  => ESTRADA  DO CAMPINHO SANTA MARGARIDA ENT POSTO PRETO VELHO PROX A PRAÇA DO CRUZ AGENDADA PARA TERÇA 28/8 CONFIRMEI COM JANDIRA LUCIANA  => ESTRADA  DO CAMPINHO SANTA MARGARIDA ENT POSTO PRETO VELHO PROX A PRAÇA DO CRUZ//rua tamarana lt 26 qd120-santa margarida//cruzamento da av bacaxa prx baratao antiga rua 36. => 1 => 100136 => COZINHA ITAT DAYANE BR => 0 =>  => 0 =>  => 0 =>  => 0 =>  => 0 =>  => 0 =>  => 0 =>  => 0 =>  => 0 =>  => 0 =>  => 0 =>  => 0 =>  => 0 =>  => 0 =>  => 0 =>  => 0 =>  => 0 =>  => 0 =>  => 0 =>  => "

-------------------------------
 
ALTERAÇÃO DE CLIENTE
POST => "MIRIAN" Data => "2012-08-29 14:18:19", Alterou o Cliente de vale 526319 => "INFORMAÇÕES ALTERADAS => "1 => 4802 => 11 => 25 => 23 => 0 => 0 => 26/07/2012 => 526319 => 230 => 70664 => 19/07/2012 => EDMILON SILVA LUZ => 347637 => FLAVIA ALVES BEZERRA =>  => LADARIO => 285 => CASA => COSMOS => RIO DE JANEIRO =>  => 7732-7847 => 3404-4544 =>  => ESTRADA  DO CAMPINHO SANTA MARGARIDA ENT POSTO PRETO VELHO PROX A PRAÇA DO CRUZ AGENDADA PARA TERÇA 28/8 CONFIRMEI COM JANDIRA LUCIANA  => ESTRADA  DO CAMPINHO SANTA MARGARIDA ENT POSTO PRETO VELHO PROX A PRAÇA DO CRUZ//Novo endereço. rua tamarana lt 26 qd120-santa margarida//cruzamento da av bacaxa prx baratao antiga rua 36. => 1 => 100136 => COZINHA ITAT DAYANE BR => 0 =>  => 0 =>  => 0 =>  => 0 =>  => 0 =>  => 0 =>  => 0 =>  => 0 =>  => 0 =>  => 0 =>  => 0 =>  => 0 =>  => 0 =>  => 0 =>  => 0 =>  => 0 =>  => 0 =>  => 0 =>  => 0 =>  => "

-------------------------------
 
CADASTRO DE CLIENTE
POST => "MIRIAN" Data => "2012-08-29 16:44:46", Cadastrou o Cliente de vale 552806 => "INFORMAÇÕES CADASTRADAS => "11 => 25 => 23 => 2 => 0 => 29/08/2012 => 552806 => 179 => 37589 => 29/08/2012 => CLEBER CAMPISTA DA FONSECA => 124074/199 => FATIMA LOURDES ALVES DE ARAUJO => 25261000 => AVENIDA: TRINTA E UM DE MARCO => LT 10 => QD 88 => PARQUE PAULISTA => DUQUE DE CAXIAS => RJ => 3658-4692 =>  =>  => FICA EM CIMA DO MERCADO TRADICAO PROC TIA VANDA. => 01 => 142395 => EST HOME DJ BRAVO CARV/PTO =>  =>  =>  =>  =>  =>  =>  =>  =>  =>  =>  =>  =>  =>  =>  =>  =>  =>  =>  =>  =>  =>  =>  =>  =>  =>  =>  =>  =>  =>  =>  =>  =>  =>  =>  =>  =>  =>  => "

-------------------------------
 
CADASTRO DE CLIENTE
POST => "luciana" Data => "2012-08-29 16:54:54", Cadastrou o Cliente de vale 17106 => "INFORMAÇÕES CADASTRADAS => "5 => 17 => 17 => 0 => 3 => 29/08/2012 => 17106 => 250 => 17106 => 26/12/2011 =>  =>  => TIANE LEITE PIRES  =>  => ADAMASTOR MSRTINS  => 229 =>  => BOA VISTA  => CACHOEIRA DE MACACu => RJ => 9192-5624 =>  =>  =>  => 01 => 136217 => G.ROUPA MOVAL 6P PARIS IMB/TB =>  =>  =>  =>  =>  =>  =>  =>  =>  =>  =>  =>  =>  =>  =>  =>  =>  =>  =>  =>  =>  =>  =>  =>  =>  =>  =>  =>  =>  =>  =>  =>  =>  =>  =>  =>  =>  =>  => "

-------------------------------
 
CADASTRO DE CLIENTE
POST => "MIRIAN" Data => "2012-08-29 16:55:42", Cadastrou o Cliente de vale 372575 => "INFORMAÇÕES CADASTRADAS => "11 => 45 => 17 => 0 => 3 => 29/08/2012 => 372575 => RE => 372575 => 21/07/2011 =>  =>  => FATIMA PINHO FLORIANO VASCO =>  => HENRIQUE FERNANDES DE SOUZA => 23 =>  => VISCONDE DE ITABORAI => ITABORAI => RJ => 3639-6996 => 8793-0828 =>  => LOTEAMENTO JARDIM TAMARATY ORÇ.35133773 => 01 => 19126 => MESA MODECOR LUMA 4C T. VID BR =>  =>  =>  =>  =>  =>  =>  =>  =>  =>  =>  =>  =>  =>  =>  =>  =>  =>  =>  =>  =>  =>  =>  =>  =>  =>  =>  =>  =>  =>  =>  =>  =>  =>  =>  =>  =>  =>  => "

-------------------------------
 
CADASTRO DE CLIENTE
POST => "luciana" Data => "2012-08-29 16:56:52", Cadastrou o Cliente de vale 74319 => "INFORMAÇÕES CADASTRADAS => "5 => 24 => 28 => 0 => 3 => 29/08/2012 => 74319 => 215 => 74319 => 27/10/2011 =>  =>  => LUCY MARIA RIBEIRO DE SOUZA =>  => LUIZA PENTZNAVER => lt746 =>  => NOVA CIDADE => Itaboraí =>  => 9944-2614 => 9686-3128 =>  => 74319 => 01 => 136543 => COZINHA  LUCIANE DAKAR CHAMP/NOG =>  =>  =>  =>  =>  =>  =>  =>  =>  =>  =>  =>  =>  =>  =>  =>  =>  =>  =>  =>  =>  =>  =>  =>  =>  =>  =>  =>  =>  =>  =>  =>  =>  =>  =>  =>  =>  =>  => "

-------------------------------
 
ALTERAÇÃO DE CLIENTE
POST => "luciana" Data => "2012-08-29 16:57:11", Alterou o Cliente de vale 17106 => "INFORMAÇÕES ALTERADAS => "1 => 5086 => 5 => 24 => 5 => 0 => 3 => 29/08/2012 => 17106 => 250 => 17106 => 26/12/2011 =>  =>  => TIANE LEITE PIRES =>  => ADAMASTOR MSRTINS => 229 =>  => BOA VISTA => CACHOEIRA DE MACACU => RJ => 9192-5624 =>  =>  => 17106 =>  => 1 => 136217 => G.ROUPA MOVAL 6P PARIS IMB/TB => 0 =>  => 0 =>  => 0 =>  => 0 =>  => 0 =>  => 0 =>  => 0 =>  => 0 =>  => 0 =>  => 0 =>  => 0 =>  => 0 =>  => 0 =>  => 0 =>  => 0 =>  => 0 =>  => 0 =>  => 0 =>  => 0 =>  => "

-------------------------------
 
CADASTRO DE CLIENTE
POST => "MIRIAN" Data => "2012-08-29 17:00:27", Cadastrou o Cliente de vale 41837 => "INFORMAÇÕES CADASTRADAS => "11 => 35 => 17 => 0 => 3 => 29/08/2012 => 41837 => 167 => 41837 => 03/11/2011 =>  =>  => LETICIA BEZERRA DE F E CASTRO =>  => RUA TONELEIRO  => 254 => 301 => COPACABANA => RIO DE JANEIRO => RJ => 8153-4373 =>  =>  => AO LADO DO METRO DA SIQUEIRA CAMPOS SAIDA DA FIGUEIREDO AC/LETICIA => 01 => 135622 => GR BP 3P DUBAY BR/PTO =>  =>  =>  =>  =>  =>  =>  =>  =>  =>  =>  =>  =>  =>  =>  =>  =>  =>  =>  =>  =>  =>  =>  =>  =>  =>  =>  =>  =>  =>  =>  =>  =>  =>  =>  =>  =>  =>  => "

-------------------------------
 
CADASTRO DE CLIENTE
POST => "luciana" Data => "2012-08-29 17:01:22", Cadastrou o Cliente de vale 518016 => "INFORMAÇÕES CADASTRADAS => "5 => 20 => 29 => 0 => 3 => 29/08/2012 => 518016 => 175 => 518016 => 08/03/2012 =>  =>  => BRUNO DA SILVA BEZERRA =>  => DO CATETE  => 338 => APT1109 => GLORIA => Rio de Janeiro =>  => 2225-7259 =>  =>  => ORÇ 37077 => 01 => 140391 => G.ROUPA ARAPLAC 8P AUSTRIA TB/BR =>  =>  =>  =>  =>  =>  =>  =>  =>  =>  =>  =>  =>  =>  =>  =>  =>  =>  =>  =>  =>  =>  =>  =>  =>  =>  =>  =>  =>  =>  =>  =>  =>  =>  =>  =>  =>  =>  => "

-------------------------------
 
ALTERAÇÃO DE CLIENTE
POST => "luciana" Data => "2012-08-29 17:01:55", Alterou o Cliente de vale 74319 => "INFORMAÇÕES ALTERADAS => "1 => 5088 => 5 => 34 => 23 => 0 => 3 => 29/08/2012 => 74319 => 215 => 74319 => 27/10/2011 =>  =>  => LUCY MARIA RIBEIRO DE SOUZA =>  => LUIZA PENTZNAVER => lt746 =>  => NOVA CIDADE => ITABORAÍ =>  => 9944-2614 => 9686-3128 =>  => ORÇ 74319 =>  => 1 => 136543 => COZINHA  LUCIANE DAKAR CHAMP/NOG => 0 =>  => 0 =>  => 0 =>  => 0 =>  => 0 =>  => 0 =>  => 0 =>  => 0 =>  => 0 =>  => 0 =>  => 0 =>  => 0 =>  => 0 =>  => 0 =>  => 0 =>  => 0 =>  => 0 =>  => 0 =>  => 0 =>  => "

-------------------------------
 
CADASTRO DE CLIENTE
POST => "MIRIAN" Data => "2012-08-29 17:03:02", Cadastrou o Cliente de vale 421508 => "INFORMAÇÕES CADASTRADAS => "11 => 15 => 3 => 0 => 3 => 29/08/2012 => 421508 => RE => 421508 => 22/09/2011 =>  =>  => VERONIA MENEZEZ XAVIER =>  => CAPITUI => 303 => FDS => JARDIM CARIOCA => RIO DE JANEIRO => RJ => 9652-5054 => 9768-1043 =>  => PROX DO CORRETO PROC VERONICA OU MARCO.PED.42444 => 01 => 68379 => CJ SALA JANTAR ORTIZ VALEN 6C TB/BR =>  =>  =>  =>  =>  =>  =>  =>  =>  =>  =>  =>  =>  =>  =>  =>  =>  =>  =>  =>  =>  =>  =>  =>  =>  =>  =>  =>  =>  =>  =>  =>  =>  =>  =>  =>  =>  =>  => "

-------------------------------
 
CADASTRO DE CLIENTE
POST => "MIRIAN" Data => "2012-08-29 17:04:56", Cadastrou o Cliente de vale 528151 => "INFORMAÇÕES CADASTRADAS => "11 => 30 => 18 => 0 => 3 => 29/08/2012 => 528151 => RE => 528151 => 23/01/2012 =>  =>  => ISAIS VIEIRA =>  => QUINZE => 6 => QD 19 => VILA ESPERANÇA => ITABORAI => RJ => 2635-9696 => 9659-4779 =>  => ENTRADA DA RETA VELHA PROX AO POSTO DE SAUDE NA RUA DO BICHEIRO => 01 => 140392 => G.ROUPA ARAPLAC 8P AUSTRIA TB/AMEN =>  =>  =>  =>  =>  =>  =>  =>  =>  =>  =>  =>  =>  =>  =>  =>  =>  =>  =>  =>  =>  =>  =>  =>  =>  =>  =>  =>  =>  =>  =>  =>  =>  =>  =>  =>  =>  =>  => "

-------------------------------
 
CADASTRO DE CLIENTE
POST => "MIRIAN" Data => "2012-08-29 17:07:03", Cadastrou o Cliente de vale 381594 => "INFORMAÇÕES CADASTRADAS => "11 => 25 => 12 => 0 => 3 => 29/08/2012 => 381594 => RE => 381594 => 05/08/2011 =>  =>  => CHARLENE REZENDE DO NASCIMENTO =>  => LADEIRA DOS TABAJARAS => 1014 => CS 01 => BOTAFOGO => RIO DE JANEIRO => RJ => 2537-7438 =>  =>  => PED.35107651 => 01 => 19146 => KIT  COZ. KP 6P DELTA COLOR BR VD =>  =>  =>  =>  =>  =>  =>  =>  =>  =>  =>  =>  =>  =>  =>  =>  =>  =>  =>  =>  =>  =>  =>  =>  =>  =>  =>  =>  =>  =>  =>  =>  =>  =>  =>  =>  =>  =>  => "

-------------------------------
 
CADASTRO DE CLIENTE
POST => "MIRIAN" Data => "2012-08-29 17:10:11", Cadastrou o Cliente de vale 463876 => "INFORMAÇÕES CADASTRADAS => "11 => 18 => 29 => 0 => 3 => 28/08/2012 => 463876 => 169 => 463876 => 29/02/2012 =>  =>  => FABIANA MARIA DE JESUS GERALDI =>  => RUA DO PARAISO  => 28 =>  => SANTA TERESA => RIO DE JANEIRO => RJ => 3233-0597 =>  =>  => PRX O AOLARD=GO DAS NEVES.PED.79642 => 01 => 9302 => KIT COZ KP 6P DELTA COLOR BR/ VD =>  =>  =>  =>  =>  =>  =>  =>  =>  =>  =>  =>  =>  =>  =>  =>  =>  =>  =>  =>  =>  =>  =>  =>  =>  =>  =>  =>  =>  =>  =>  =>  =>  =>  =>  =>  =>  =>  => "

-------------------------------
 
CADASTRO DE CLIENTE
POST => "luciana" Data => "2012-08-29 17:11:22", Cadastrou o Cliente de vale 508410 => "INFORMAÇÕES CADASTRADAS => "5 => 19 => 20 => 0 => 3 => 29/08/2012 => 508410 => RE => 508410 => 25/08/2012 =>  =>  => ROBERTO LOPES DA SILVA  =>  => DOUZE => 403 => QDLT1 E 02 => VISCONDE DE ITABORAI => Itaboraí =>  => 3639-6962 =>  =>  => ORÇ 49047 => 01 => 138033 => G.ROUPA ARAPLAC 10P ATLAN PLUS TB/AM =>  =>  =>  =>  =>  =>  =>  =>  =>  =>  =>  =>  =>  =>  =>  =>  =>  =>  =>  =>  =>  =>  =>  =>  =>  =>  =>  =>  =>  =>  =>  =>  =>  =>  =>  =>  =>  =>  => "

-------------------------------
 
CADASTRO DE CLIENTE
POST => "MIRIAN" Data => "2012-08-29 17:13:30", Cadastrou o Cliente de vale 33742 => "INFORMAÇÕES CADASTRADAS => "11 => 13 => 8 => 0 => 3 => 29/08/2012 => 33742 => 241 => 33742 => 07/12/2011 =>  =>  => IGOR BONFIM LACERDA =>  => BENJAMIM CONSTANT => 35 => AP 503 => GLORIA => RIO DE JANEIRO => RJ => 7965-4032 =>  =>  => PROX A ESTAÇÃO DO METRO  => 01 => 12345 => RACK KIPLAC KAIRO TAB/BR =>  =>  =>  =>  =>  =>  =>  =>  =>  =>  =>  =>  =>  =>  =>  =>  =>  =>  =>  =>  =>  =>  =>  =>  =>  =>  =>  =>  =>  =>  =>  =>  =>  =>  =>  =>  =>  =>  => "

-------------------------------
 
CADASTRO DE CLIENTE
POST => "luciana" Data => "2012-08-29 17:14:42", Cadastrou o Cliente de vale 493926 => "INFORMAÇÕES CADASTRADAS => "5 => 36 => 20 => 0 => 3 => 29/08/2012 => 493926 => RE => 493926 => 31/01/2012 =>  =>  => ROSINETE DE LOURDE PIRES DOS SANTOS LIMA  =>  => 09 => LT1083 => QD19 => APOLO13 => Itaboraí =>  => 3623-0489 =>  =>  => ORÇ.90651 => 01 => 8981 => G. ROUPA MOVAL 6P40065 COL PLUS TB/M =>  =>  =>  =>  =>  =>  =>  =>  =>  =>  =>  =>  =>  =>  =>  =>  =>  =>  =>  =>  =>  =>  =>  =>  =>  =>  =>  =>  =>  =>  =>  =>  =>  =>  =>  =>  =>  =>  => "

-------------------------------
 
CADASTRO DE CLIENTE
POST => "luciana" Data => "2012-08-29 17:17:38", Cadastrou o Cliente de vale 513716 => "INFORMAÇÕES CADASTRADAS => "5 => 18 => 21 => 0 => 3 => 29/08/2012 => 513716 => RE => 513716 => 05/03/2012 =>  =>  => MIRIAM JOSE DA SILVA  =>  => PROFESSORA MARIA ANTONIA  => 2 => CS246 => BOQUEIRAO => RIO BONITO =>  => 9137-9853 =>  =>  => ORÇ.5120 => 01 => 140392 => G.ROUPA ARAPLAC 8P AUSTRIA TB/AMEN =>  =>  =>  =>  =>  =>  =>  =>  =>  =>  =>  =>  =>  =>  =>  =>  =>  =>  =>  =>  =>  =>  =>  =>  =>  =>  =>  =>  =>  =>  =>  =>  =>  =>  =>  =>  =>  =>  => "

-------------------------------
 
CADASTRO DE CLIENTE
POST => "luciana" Data => "2012-08-29 17:20:22", Cadastrou o Cliente de vale 559992 => "INFORMAÇÕES CADASTRADAS => "5 => 24 => 15 => 0 => 3 => 29/08/2012 => 559992 => RE => 559992 => 23/11/2011 =>  =>  => ANTONIO VAZ RIBEIRO =>  => FELIZ PACHEGO => 150 => APT402 BLB => LEBLON => Rio de Janeiro =>  => 2512-5094 =>  =>  => ORÇ 32041 => 01 => 5726 => MESA ORTIZ 4C VALENCIA VID TB =>  =>  =>  =>  =>  =>  =>  =>  =>  =>  =>  =>  =>  =>  =>  =>  =>  =>  =>  =>  =>  =>  =>  =>  =>  =>  =>  =>  =>  =>  =>  =>  =>  =>  =>  =>  =>  =>  => "

-------------------------------
 
CADASTRO DE CLIENTE
POST => "luciana" Data => "2012-08-29 17:22:48", Cadastrou o Cliente de vale 16262 => "INFORMAÇÕES CADASTRADAS => "5 => 32 => 15 => 0 => 3 => 29/08/2012 => 16262 => 250 => 16262 => 17/11/2011 =>  =>  => ROSE MAY CORREA DA SILVA  =>  => GOVERNADOR ROBERTO SILVEIRA => 116 => QD10 => APOLO3 => Itaboraí =>  => 9180-2393 =>  =>  => ORÇ 16262 => 01 => 139574 => G.ROUPA MOVAL 6P6G VENEZUELA BR/PTO =>  =>  =>  =>  =>  =>  =>  =>  =>  =>  =>  =>  =>  =>  =>  =>  =>  =>  =>  =>  =>  =>  =>  =>  =>  =>  =>  =>  =>  =>  =>  =>  =>  =>  =>  =>  =>  =>  => "

-------------------------------
 
CADASTRO DE CLIENTE
POST => "luciana" Data => "2012-08-29 17:25:59", Cadastrou o Cliente de vale 421395 => "INFORMAÇÕES CADASTRADAS => "5 => 11 => 16 => 0 => 3 => 29/08/2012 => 421395 => RE => 421395 => 23/09/2011 =>  =>  => MARLENE ROSA SERPA  =>  => SEIS  => 0 => 512 QD14 => APOLO3 => Itaboraí =>  => 2623-0389 =>  =>  => ORÇ 69101 => 01 => 139156 => G.ROUPA FRITZ 6P DANY AMEN/PTO =>  =>  =>  =>  =>  =>  =>  =>  =>  =>  =>  =>  =>  =>  =>  =>  =>  =>  =>  =>  =>  =>  =>  =>  =>  =>  =>  =>  =>  =>  =>  =>  =>  =>  =>  =>  =>  =>  => "

-------------------------------
 
CADASTRO DE CLIENTE
POST => "luciana" Data => "2012-08-29 17:29:56", Cadastrou o Cliente de vale 525986 => "INFORMAÇÕES CADASTRADAS => "5 => 6 => 24 => 0 => 3 => 29/08/2012 => 525986 => RE => 525986 => 16/12/2011 =>  =>  => EZEQUIEL SOARES GUARNIERI =>  => ARAPONGA  => 101 =>  => ILHA /GALEÃo => Rio de Janeiro =>  => 8688-4649 =>  =>  => ORÇ 130256 => 01 => 9302 => KIT COZ KP 6P DELTA COLOR BR/ VD =>  =>  =>  =>  =>  =>  =>  =>  =>  =>  =>  =>  =>  =>  =>  =>  =>  =>  =>  =>  =>  =>  =>  =>  =>  =>  =>  =>  =>  =>  =>  =>  =>  =>  =>  =>  =>  =>  => "

-------------------------------
 
CADASTRO DE CLIENTE
POST => "luciana" Data => "2012-08-29 17:33:28", Cadastrou o Cliente de vale 20206 => "INFORMAÇÕES CADASTRADAS => "5 => 33 => 15 => 0 => 3 => 29/08/2012 => 20206 => 246 => 20206 => 14/01/2012 =>  =>  => NEUSA FERREIRA BRITO  =>  => SACOPA => 860 => CS42 => LAGOA  => Rio de Janeiro =>  => 2235-4352 =>  =>  => ORÇ 20206 => 01 => 6078 => RACK KIPLAC TORRE PLUS LUXO AR/MP =>  =>  =>  =>  =>  =>  =>  =>  =>  =>  =>  =>  =>  =>  =>  =>  =>  =>  =>  =>  =>  =>  =>  =>  =>  =>  =>  =>  =>  =>  =>  =>  =>  =>  =>  =>  =>  =>  => "

-------------------------------
