 
ALTERAÇÃO DE CLIENTE
POST => "luciana" Data => "2012-07-30 08:32:50", Alterou o Cliente de vale 521871 => "INFORMAÇÕES ALTERADAS => "1 => 4639 => 5 => 30 => 20 => 0 => 0 => 16/07/2012 => 521871 => 179 => 23937 => 12/07/2012 => RONALDO BARBSA DE MOURA => 83764 => RICARDO GONÇALVES DE BARROS =>  => AVENIDA CALOMBE => 999 =>  => PILLAR => DUQUE DE CAXIAS =>  =>  =>  =>  => PROX AO POSTO BRAVO O MONTADOR REAGENDOU COM O CLIENTE PARA SEGUNDA 30/7 LUCIANA  =>  => 1 => 134892 => COZ ITAT CRIATIVA MAXII2VPTO => 0 =>  => 0 =>  => 0 =>  => 0 =>  => 0 =>  => 0 =>  => 0 =>  => 0 =>  => 0 =>  => 0 =>  => 0 =>  => 0 =>  => 0 =>  => 0 =>  => 0 =>  => 0 =>  => 0 =>  => 0 =>  => 0 =>  => "

-------------------------------
 
ALTERAÇÃO DE CLIENTE
POST => "luciana" Data => "2012-07-30 08:49:05", Alterou o Cliente de vale 598039 => "INFORMAÇÕES ALTERADAS => "1 => 4688 => 5 => 23 => 15 => 0 => 2 => 17/07/2012 => 598039 => 179 => 598039 => 16/07/2012 =>  =>  => ERICA DE FREITAS COELHO =>  => RUA PRINCIPAL FLORES DO CAMPO => 5 => BOX 3 => SAO JOSE => BELFORD ROXO => RJ => 3772-0542 => 8859-6549 =>  => CASA 3,PX A RUA DO COLEGAO,A RUA JANETE,PEDIDO: 170283 => OBS: AGEND 23/07  PASSADO O LAUDO DIA 30/7 LUCIANA  => 1 => 139576 => G ROUPA IRMOL 2P APOLO CHOC/IMB/MP => 0 =>  => 0 =>  => 0 =>  => 0 =>  => 0 =>  => 0 =>  => 0 =>  => 0 =>  => 0 =>  => 0 =>  => 0 =>  => 0 =>  => 0 =>  => 0 =>  => 0 =>  => 0 =>  => 0 =>  => 0 =>  => 0 =>  => "

-------------------------------
 
ALTERAÇÃO DE CLIENTE
POST => "simone" Data => "2012-07-30 09:06:42", Alterou o Cliente de vale 452784 => "INFORMAÇÕES ALTERADAS => "1 => 3366 => 35 => 39 => 24 => 0 => 0 => 11/05/2012 => 452784 => 171 => 69861 => 27/03/2012 => SERGIO JOAQUIM DOS SANTOS => 533957/199 => SANDRA ALEXANDRE DIAS => 21870350 => RUA: PORTO DE PEDRAS => 357 => APT203 => BANGU => RIO DE JANEIRO => RJ =>  =>  =>  =>  => OBS:Passado e-mail ao naec no dia 30/07 solicitando o telefone de contato. => 1 => 8342 => G ROUPA N.HORIZ 3P AREZZO TB/BR/MP => 0 =>  => 0 =>  => 0 =>  => 0 =>  => 0 =>  => 0 =>  => 0 =>  => 0 =>  => 0 =>  => 0 =>  => 0 =>  => 0 =>  => 0 =>  => 0 =>  => 0 =>  => 0 =>  => 0 =>  => 0 =>  => 0 =>  => "

-------------------------------
 
ALTERAÇÃO DE CLIENTE
POST => "luciana" Data => "2012-07-30 09:09:48", Alterou o Cliente de vale 407917 => "INFORMAÇÕES ALTERADAS => "1 => 4768 => 5 => 30 => 26 => 0 => 2 => 20/07/2012 => 407917 => 212 => 407917 => 18/07/2012 =>  =>  => FERNANDA FERREIRA GOMES =>  => AV TEN ARMINDO LEAL GONCALVES => 149 => APTO 104 => SARGENTO RONCALLI => BELFORD ROXO => RJ => 2758-4571 =>  =>  => PX AO BAR DOS MAMONAS,PEDIDO: 39509 => FEITO O PEDIDO DE PEÇAS DIA 30/7 LUCIANA  => 1 => 8920 => CAMA CS BIANCHI MARQUESA IMB => 0 =>  => 0 =>  => 0 =>  => 0 =>  => 0 =>  => 0 =>  => 0 =>  => 0 =>  => 0 =>  => 0 =>  => 0 =>  => 0 =>  => 0 =>  => 0 =>  => 0 =>  => 0 =>  => 0 =>  => 0 =>  => 0 =>  => "

-------------------------------
 
ALTERAÇÃO DE CLIENTE
POST => "luciana" Data => "2012-07-30 09:18:35", Alterou o Cliente de vale 558098 => "INFORMAÇÕES ALTERADAS => "1 => 4791 => 5 => 27 => 21 => 0 => 2 => 24/07/2012 => 558098 => 198 => 558098 => 23/07/2012 =>  =>  => MAECELE FERREIRA CAMPOS =>  => PARIPIRANGA  PROJETA C BECO MOREIRA => cs19 =>  => ANCHIETA => RIO DE JANEIRO =>  => 3358-4160 =>  =>  => AGEND: QUINTA 26/7 CLIENTE CIENTE  LUCIANA   => PASSADO O LAUDO DIA 30/7 LUCIANA  => 1 => 139763 => ARM.COLOR CLASS SL BASC.1P BR => 1 => 139758 => ARM COLOR CLASS SL PAN 4P BR => 1 => 139754 => ARM COLOR CLASS SL 3P  AP3P  BR => 0 =>  => 0 =>  => 0 =>  => 0 =>  => 0 =>  => 0 =>  => 0 =>  => 0 =>  => 0 =>  => 0 =>  => 0 =>  => 0 =>  => 0 =>  => 0 =>  => 0 =>  => 0 =>  => 0 =>  => "

-------------------------------
 
ALTERAÇÃO DE CLIENTE
POST => "luciana" Data => "2012-07-30 09:22:38", Alterou o Cliente de vale 558098 => "INFORMAÇÕES ALTERADAS => "1 => 4791 => 5 => 30 => 17 => 0 => 2 => 24/07/2012 => 558098 => 198 => 558098 => 23/07/2012 =>  =>  => MAECELE FERREIRA CAMPOS =>  => PARIPIRANGA  PROJETA C BECO MOREIRA => cs19 =>  => ANCHIETA => RIO DE JANEIRO =>  => 3358-4160 =>  =>  => AGEND: QUINTA 26/7 CLIENTE CIENTE  LUCIANA   => PASSADO O LAUDO DIA 30/7 LUCIANA  => 1 => 139763 => ARM.COLOR CLASS SL BASC.1P BR => 1 => 139758 => ARM COLOR CLASS SL PAN 4P BR => 1 => 139754 => ARM COLOR CLASS SL 3P  AP3P  BR => 0 =>  => 0 =>  => 0 =>  => 0 =>  => 0 =>  => 0 =>  => 0 =>  => 0 =>  => 0 =>  => 0 =>  => 0 =>  => 0 =>  => 0 =>  => 0 =>  => 0 =>  => 0 =>  => 0 =>  => "

-------------------------------
 
ALTERAÇÃO DE CLIENTE
POST => "simone" Data => "2012-07-30 09:38:35", Alterou o Cliente de vale 485021 => "INFORMAÇÕES ALTERADAS => "1 => 3364 => 35 => 46 => 20 => 0 => 0 => 10/05/2012 => 485021 => 230 => 1071 => 10/05/2012 => GLAUCE COSTA GABRIEL => 11956 / 199 => EDVANIA DE LIMA BENTO => 23097650 => RUA: RESTINGA => casa r =>  => CAMPO GRANDE => RIO DE JANEIRO => RJ =>  =>  =>  => AV BRASIL APOS LOJA PISCINAS 1 PONTO...Email passado ao naec dia 25-06-12 Camila => OBS:Passado e-mail para o naec no dia 30/07 solicitando telefone e referencias.. => 1 => 134898 => COZ COMP ARAMOVEIS LILIAN PLUS  BR/PT => 0 =>  => 0 =>  => 0 =>  => 0 =>  => 0 =>  => 0 =>  => 0 =>  => 0 =>  => 0 =>  => 0 =>  => 0 =>  => 0 =>  => 0 =>  => 0 =>  => 0 =>  => 0 =>  => 0 =>  => 0 =>  => 0 =>  => "

-------------------------------
 
ALTERAÇÃO DE CLIENTE
POST => "luciana" Data => "2012-07-30 10:03:31", Alterou o Cliente de vale 521871 => "INFORMAÇÕES ALTERADAS => "1 => 4639 => 5 => 22 => 19 => 0 => 0 => 16/07/2012 => 521871 => 179 => 23937 => 12/07/2012 => RONALDO BARBSA DE MOURA => 83764 => RICARDO GONÇALVES DE BARROS =>  => AVENIDA CALOMBE => 999 =>  => PILLAR => DUQUE DE CAXIAS =>  =>  =>  =>  => PROX AO POSTO BRAVO O MONTADOR REAGENDOU COM O CLIENTE PARA SEGUNDA 30/7 LUCIANA  =>  => 1 => 134892 => COZ ITAT CRIATIVA MAXII2VPTO => 0 =>  => 0 =>  => 0 =>  => 0 =>  => 0 =>  => 0 =>  => 0 =>  => 0 =>  => 0 =>  => 0 =>  => 0 =>  => 0 =>  => 0 =>  => 0 =>  => 0 =>  => 0 =>  => 0 =>  => 0 =>  => 0 =>  => "

-------------------------------
 
ALTERAÇÃO DE CLIENTE
POST => "camila" Data => "2012-07-30 10:23:32", Alterou o Cliente de vale 475464 => "INFORMAÇÕES ALTERADAS => "1 => 4331 => 6 => 29 => 9 => 0 => 0 => 28/06/2012 => 475464 => 171 => 1335 => 24/04/2012 => SERGIO JOAQUIM DOS SANTOS => 17898/199 => MARIA JOSE GOMES DA SILVA => 21810100 => RUA: MARAVILHA => 345 =>  => BANGU => RIO DE JANEIRO => RJ => 3331-0534 =>  =>  => REAL RUA DO HOSPITAL VICENTI MORETE => Email enviado ao naec dia 30-07-12 Camila => 1 => 136654 => BALCAO C/T TELASUL CRISTAL BR => 0 =>  => 0 =>  => 0 =>  => 0 =>  => 0 =>  => 0 =>  => 0 =>  => 0 =>  => 0 =>  => 0 =>  => 0 =>  => 0 =>  => 0 =>  => 0 =>  => 0 =>  => 0 =>  => 0 =>  => 0 =>  => 0 =>  => "

-------------------------------
 
ALTERAÇÃO DE CLIENTE
POST => "camila" Data => "2012-07-30 10:24:43", Alterou o Cliente de vale 520086 => "INFORMAÇÕES ALTERADAS => "1 => 4535 => 6 => 17 => 13 => 0 => 0 => 10/05/2012 => 520086 => 179 => 166847 => 09/07/2012 => ANDERSON PEREIRA SANTOS => 508785/199 => BENIGNA RIBEIRO GEREMIAS DOS SANTOS =>  => RUA DONA AFRA => 13 => QD O LT 13 => MALHAPAO => BELFORD ROXO => RJ => 3662-8000 =>  =>  => ATRAS DO SITIO DO ALEMÃO.Email enviado ao naec dia 30-07-12 Camila => OBS: FARLY VAI ATENDER 21/07/2012 => 1 => 140391 => G.ROUPA ARAPLAC 8P AUSTRIA TB/BR => 0 =>  => 0 =>  => 0 =>  => 0 =>  => 0 =>  => 0 =>  => 0 =>  => 0 =>  => 0 =>  => 0 =>  => 0 =>  => 0 =>  => 0 =>  => 0 =>  => 0 =>  => 0 =>  => 0 =>  => 0 =>  => 0 =>  => "

-------------------------------
 
ALTERAÇÃO DE CLIENTE
POST => "camila" Data => "2012-07-30 10:25:39", Alterou o Cliente de vale 521569 => "INFORMAÇÕES ALTERADAS => "1 => 4598 => 6 => 21 => 24 => 0 => 0 => 12/07/2012 => 521569 => 179 => 19928 => 11/07/2012 => CLEBER CAMPISTA DA FONSECA => 70494 => VALERIA SILVA DE SOUSA =>  => CHAVES PINHEIRO LT 02 QD 7 =>  =>  => PARQUE ARARUAMA => SAO  JOAO DE MERITI =>  =>  =>  =>  => FICA PROX A PRAÇA DO ARARUAMA E PONTO FINAL DO ONIBUS ARARUAMA PROC MARIA OBS:ENTREGAR PELA TARDE => email enviado ao naec dia 30-07-12 Camila => 1 => 139495 => KIT ITAT I3 PREMIUM 6P/3G BR => 0 =>  => 0 =>  => 0 =>  => 0 =>  => 0 =>  => 0 =>  => 0 =>  => 0 =>  => 0 =>  => 0 =>  => 0 =>  => 0 =>  => 0 =>  => 0 =>  => 0 =>  => 0 =>  => 0 =>  => 0 =>  => 0 =>  => "

-------------------------------
 
ALTERAÇÃO DE CLIENTE
POST => "camila" Data => "2012-07-30 10:26:50", Alterou o Cliente de vale 524054 => "INFORMAÇÕES ALTERADAS => "1 => 4680 => 6 => 26 => 18 => 0 => 0 => 17/07/2012 => 524054 => 179 => 22198 => 16/07/2012 => ANDERSON PEREIRA SANTOS => 82458 => IZANY DOS ANJOS M FLORINDO =>  => ESTRADA LIGAÇÃO,0, LT 33 QD A =>  =>  => PARQUE FLUMINENSE => BELFORD ROXO =>  => 9482-4661 =>  =>  => IGREJA BATISTA DO PQ SUECIA..Email enviado ao naec dia 30-07-12 Camila => agend: sabado 21/7 LUCIANA  => 1 => 139530 => G. ROUPA MOVAL 3P SANTIAGO IMB/PTO => 0 =>  => 0 =>  => 0 =>  => 0 =>  => 0 =>  => 0 =>  => 0 =>  => 0 =>  => 0 =>  => 0 =>  => 0 =>  => 0 =>  => 0 =>  => 0 =>  => 0 =>  => 0 =>  => 0 =>  => 0 =>  => 0 =>  => "

-------------------------------
 
ALTERAÇÃO DE CLIENTE
POST => "camila" Data => "2012-07-30 10:28:59", Alterou o Cliente de vale 521682 => "INFORMAÇÕES ALTERADAS => "1 => 4648 => 6 => 27 => 23 => 0 => 0 => 16/07/2012 => 521682 => 179 => 21909 => 12/07/2012 => ANDERSON PEREIRA SANTOS => 76065 => REGINA DE FATIMA DE ASSIS =>  => RUA DAS PEDRAS,0,LT 19 QD 68 =>  =>  => JARDIM BOM PASTOR => BELFORD ROXO =>  => 2788-0743 => 7410-4013 =>  => BARRACA DA OTACILIA PROX AO COLEGIO MARIA DA PAZ FINAL DA CAITIDE => Email enviado ao naec dia 30-07-12 Camila => 1 => 138033 => G.ROUPA ARAPLAC 10P ATLAN PLUS TB/AM => 0 =>  => 0 =>  => 0 =>  => 0 =>  => 0 =>  => 0 =>  => 0 =>  => 0 =>  => 0 =>  => 0 =>  => 0 =>  => 0 =>  => 0 =>  => 0 =>  => 0 =>  => 0 =>  => 0 =>  => 0 =>  => 0 =>  => "

-------------------------------
 
ALTERAÇÃO DE CLIENTE
POST => "camila" Data => "2012-07-30 10:29:58", Alterou o Cliente de vale 521874 => "INFORMAÇÕES ALTERADAS => "1 => 4640 => 6 => 11 => 19 => 0 => 0 => 16/07/2012 => 521874 => 179 => 22887 => 12/07/2012 => MARCO ANTONIO DE SOUZA NASCIMEN => 82479/199 => ADRIANA OLIVEIRA DA SILVA => 26175090 => RUA: DOUTOR ALARICO DE ARAUJO => 45 =>  => PARQUE SAO BENTO => BELFORD ROXO => RJ => 2788-3644 => 9300-4649 => 7520-0438 => PROX A TRES SETAS PROX A PADARIA DO WONA => Email enviado ao naec dia 30-07-12 Camila => 1 => 146661 => CJ CAMA ORTOBOM SLEEP SPRING 138X69 => 0 =>  => 0 =>  => 0 =>  => 0 =>  => 0 =>  => 0 =>  => 0 =>  => 0 =>  => 0 =>  => 0 =>  => 0 =>  => 0 =>  => 0 =>  => 0 =>  => 0 =>  => 0 =>  => 0 =>  => 0 =>  => 0 =>  => "

-------------------------------
 
ALTERAÇÃO DE CLIENTE
POST => "camila" Data => "2012-07-30 10:32:06", Alterou o Cliente de vale 523764 => "INFORMAÇÕES ALTERADAS => "1 => 4700 => 6 => 17 => 24 => 0 => 0 => 17/07/2012 => 523764 => 179 => 24407 => 16/07/2012 => LEONARDO OLIVEIRA DE FREITAS => 84422 => JANAINA GOMES BARBOSA => 26187180 => ESTRADA: LIGAÇÃO => 110 => CS03 => JARDIM LIMEIRA => BELFORD ROXO => RJ =>  =>  =>  => Email enviado ao naec dia 30-07-12 Camila => OBS: => 1 => 140391 => G.ROUPA ARAPLAC 8P AUSTRIA TB/BR => 0 =>  => 0 =>  => 0 =>  => 0 =>  => 0 =>  => 0 =>  => 0 =>  => 0 =>  => 0 =>  => 0 =>  => 0 =>  => 0 =>  => 0 =>  => 0 =>  => 0 =>  => 0 =>  => 0 =>  => 0 =>  => 0 =>  => "

-------------------------------
 
ALTERAÇÃO DE CLIENTE
POST => "camila" Data => "2012-07-30 10:33:02", Alterou o Cliente de vale 521858 => "INFORMAÇÕES ALTERADAS => "1 => 4653 => 6 => 3 => 11 => 0 => 0 => 16/07/2012 => 521858 => 179 => 22090 => 12/07/2012 => LEONARDO OLIVEIRA DE FREITAS => 77082 => GILMAR DAMASIO DOS SANTOS =>  => ESTRADA RIO DE JANEIRO => 29 => QD 10 => PARQUE SAO JOSE => BELFORD ROXO =>  =>  =>  =>  => PROX DO MURO BRANCO EM FRENTE O CIPE 217 PROC GILMAR OU IONE => Email enviado ao naec dia 30-07-12 Camila => 1 => 141552 => CJ SALA JANTAR ORTIZ VALENCIA 6C AMEN => 0 =>  => 0 =>  => 0 =>  => 0 =>  => 0 =>  => 0 =>  => 0 =>  => 0 =>  => 0 =>  => 0 =>  => 0 =>  => 0 =>  => 0 =>  => 0 =>  => 0 =>  => 0 =>  => 0 =>  => 0 =>  => 0 =>  => "

-------------------------------
 
ALTERAÇÃO DE CLIENTE
POST => "camila" Data => "2012-07-30 10:33:55", Alterou o Cliente de vale 523760 => "INFORMAÇÕES ALTERADAS => "1 => 4666 => 6 => 25 => 10 => 2 => 0 => 16/07/2012 => 523760 => 198 => 44052 => 16/07/2012 => ROSIMARI MIRANDA DOS SANTOS => 340496/199 => TANIA MARIA CABRAL => 21655470 => RUA: JOSÉ BOMTEMPO => 37 =>  => ANCHIETA => RIO DE JANEIRO => RJ => 3012-9365 =>  =>  => PROX A IGREJA EVANGELICA E SEGUINDO MOREIRA CESAR INDO PARA JAVATA PROC ANA OU EDSON. => Email enviado ao naec dia 30-07-12 Camila => 1 => 140391 => G.ROUPA ARAPLAC 8P AUSTRIA TB/BR => 0 =>  => 0 =>  => 0 =>  => 0 =>  => 0 =>  => 0 =>  => 0 =>  => 0 =>  => 0 =>  => 0 =>  => 0 =>  => 0 =>  => 0 =>  => 0 =>  => 0 =>  => 0 =>  => 0 =>  => 0 =>  => 0 =>  => "

-------------------------------
 
ALTERAÇÃO DE CLIENTE
POST => "MIRIAN" Data => "2012-07-30 10:42:00", Alterou o Cliente de vale 522965 => "INFORMAÇÕES ALTERADAS => "1 => 4629 => 11 => 20 => 31 => 2 => 0 => 14/07/2012 => 522965 => 230 => 522965 => 13/07/2012 => GLAUCE COSTA GABRIEL => 503165 => JANILDA CAMPOS DE SOUZA =>  => TRAVESSA PIXINGUINHA => 11 => CASA => CAMPO GRANDE => RIO DE JANEIRO =>  => 3425-6877 =>  =>  => PEGAR RIO SAO PAULO APOS GAS BRAS NA RUA MERCADO LESTE CONJ SANTA MARIA => MONTAGEM SERÁ FEITA ATE 31/07/12,PASSADO EMAIL P/CAMILA ACOMPANHAR.MIRIAN => 1 => 140391 => G.ROUPA ARAPLAC 8P AUSTRIA TB/BR => 1 => 142332 => BOX PLUMATEX UNIVERSAL 138X188X25 => 0 =>  => 0 =>  => 0 =>  => 0 =>  => 0 =>  => 0 =>  => 0 =>  => 0 =>  => 0 =>  => 0 =>  => 0 =>  => 0 =>  => 0 =>  => 0 =>  => 0 =>  => 0 =>  => 0 =>  => 0 =>  => "

-------------------------------
 
ALTERAÇÃO DE CLIENTE
POST => "luciana" Data => "2012-07-30 11:05:42", Alterou o Cliente de vale 256093 => "INFORMAÇÕES ALTERADAS => "1 => 4287 => 5 => 20 => 22 => 0 => 0 => 22/06/2012 => 256093 => 170 => 29471 => 25/08/2012 => PERICLES CANDIDO FERREIRA => 276579 => VERA LUCIA ADRIANO MATURO =>  => RODRIGUES CALDAS => 2625 => CASA 01 => TAQUARA => RIO DE JANEIRO =>  => 3347-3485 => 7679-3814 =>  =>  => Passado email p/Camila cobrar do montador,atender ate 03/07/12.MIRIAN//agendado p/14/07/12. => 1 => 8488 => G.ROUPA ARAMOVEIS 3P 4149 TB/BR => 0 =>  => 0 =>  => 0 =>  => 0 =>  => 0 =>  => 0 =>  => 0 =>  => 0 =>  => 0 =>  => 0 =>  => 0 =>  => 0 =>  => 0 =>  => 0 =>  => 0 =>  => 0 =>  => 0 =>  => 0 =>  => 0 =>  => "

-------------------------------
 
ALTERAÇÃO DE CLIENTE
POST => "luciana" Data => "2012-07-30 11:18:57", Alterou o Cliente de vale 538518 => "INFORMAÇÕES ALTERADAS => "1 => 4035 => 5 => 20 => 25 => 0 => 2 => 01/06/2012 => 538518 => 170 => 538518 => 31/05/2012 =>  =>  => IVONILDE OLIVEIRA SOUSA =>  => MACEMBU => 746 => RUA B => TAQUARA => RIO DE JANEIRO =>  => 3342-8892 =>  =>  => CONFIRMEI COM ALINE FILHA DA CLIENTE PARA TERÇA 31/7 LUCIANA  => Passado email p/Camila dia 29/06/12  p/cobrar do montador,pois cel do montador esta fora de area as 15:14,Atendimento tem que ser feito ate 03/07/12.Mirian// agendado revisao com o cliente dia 14/07/12 confirmado com a propia cliente. => 1 => 139576 => G ROUPA IRMOL 2P APOLO CHOC/IMB/MP => 0 =>  => 0 =>  => 0 =>  => 0 =>  => 0 =>  => 0 =>  => 0 =>  => 0 =>  => 0 =>  => 0 =>  => 0 =>  => 0 =>  => 0 =>  => 0 =>  => 0 =>  => 0 =>  => 0 =>  => 0 =>  => 0 =>  => "

-------------------------------
 
CADASTRO DE CLIENTE
POST => "MIRIAN" Data => "2012-07-30 11:47:31", Cadastrou o Cliente de vale 532282 => "INFORMAÇÕES CADASTRADAS => "11 => 12 => 23 => 2 => 0 => 30/07/2012 => 532282 => 230 => 532282 => 30/07/2012 => ANDERSON LIMA BARBOSA => 158761/s => JESUHUA FREITAS LEITE => 23560310 => RUA: BERNARDINO DA SILVA MATOS => 75 => CS 01 => SANTA CRUZ => RIO DE JANEIRO => RJ => 7152-6267 => 3155-6657 =>  => SEGUIR PELA ESTR JOAO XXIII ENTRAR NA RUA APOS O UPA 3 RUA A DIR PED.47668 => 01 => 135593 => G. ROUPA BP 2P LUKA BR/PTO =>  =>  =>  =>  =>  =>  =>  =>  =>  =>  =>  =>  =>  =>  =>  =>  =>  =>  =>  =>  =>  =>  =>  =>  =>  =>  =>  =>  =>  =>  =>  =>  =>  =>  =>  =>  =>  =>  => "

-------------------------------
 
ALTERAÇÃO DE CLIENTE
POST => "luciana" Data => "2012-07-30 11:48:51", Alterou o Cliente de vale 470934 => "INFORMAÇÕES ALTERADAS => "1 => 506 => 5 => 31 => 22 => 0 => 2 => 29/02/2012 => 470934 => RE => 470934 => 27/02/2012 =>  =>  => ELIZABETH GOMES BAHIA =>  => PONCHO VERDE => 170 => CASA => 25 DE AGOSTO => DUQUE DE CAXIAS =>  => 3774-6937 => 2471-8414 =>  => PROX A ESTRADA DO PORTINHO PROX AO MERCADO GUANABARA ANTIGA RUA 4 => FEITO O PEDIDO DE PEÇAS DIA 30/7 LUCIANA  => 1 => 135528 => CJ SALA DE JANTAR  RUFATO BAR 6C AM/PTO => 1 => 8921 => G.ROUPA BIANCHI 6P REQUINTE TB/MP => 0 =>  => 0 =>  => 0 =>  => 0 =>  => 0 =>  => 0 =>  => 0 =>  => 0 =>  => 0 =>  => 0 =>  => 0 =>  => 0 =>  => 0 =>  => 0 =>  => 0 =>  => 0 =>  => 0 =>  => 0 =>  => "

-------------------------------
 
ALTERAÇÃO DE CLIENTE
POST => "luciana" Data => "2012-07-30 11:52:10", Alterou o Cliente de vale 534448 => "INFORMAÇÕES ALTERADAS => "1 => 4782 => 5 => 15 => 13 => 0 => 2 => 24/07/2012 => 534448 => RE => 534448 => 23/07/2012 =>  =>  => JAQUELINE DE PIZO =>  => SAQUAREMA => 71 => CASA => SANTO ALEIXO => MAGE =>  => 8424-1645 =>  =>  => NA RUA DO BAR DO ERONILDO SUBINDO O MORRO AO LADO DA CASA DO ZE JOAO PROC JAQUELINE => AGEND:28/7 RETORNAR DIA 30/7 LUCIANA  => 1 => 139155 => G.ROUPA FRITZ 6P DANY AMEND /PTO => 0 =>  => 0 =>  => 0 =>  => 0 =>  => 0 =>  => 0 =>  => 0 =>  => 0 =>  => 0 =>  => 0 =>  => 0 =>  => 0 =>  => 0 =>  => 0 =>  => 0 =>  => 0 =>  => 0 =>  => 0 =>  => 0 =>  => "

-------------------------------
 
ALTERAÇÃO DE CLIENTE
POST => "luciana" Data => "2012-07-30 11:55:05", Alterou o Cliente de vale 534448 => "INFORMAÇÕES ALTERADAS => "1 => 4782 => 5 => 31 => 29 => 0 => 2 => 24/07/2012 => 534448 => RE => 534448 => 23/07/2012 =>  =>  => JAQUELINE DE PIZO =>  => SAQUAREMA => 71 => CASA => SANTO ALEIXO => MAGE =>  => 8424-1645 =>  =>  => NA RUA DO BAR DO ERONILDO SUBINDO O MORRO AO LADO DA CASA DO ZE JOAO PROC JAQUELINE => AGEND:28/7 RETORNAR DIA 30/7 LUCIANA  => 1 => 139155 => G.ROUPA FRITZ 6P DANY AMEND /PTO => 0 =>  => 0 =>  => 0 =>  => 0 =>  => 0 =>  => 0 =>  => 0 =>  => 0 =>  => 0 =>  => 0 =>  => 0 =>  => 0 =>  => 0 =>  => 0 =>  => 0 =>  => 0 =>  => 0 =>  => 0 =>  => 0 =>  => "

-------------------------------
 
CADASTRO DE CLIENTE
POST => "MIRIAN" Data => "2012-07-30 12:11:39", Cadastrou o Cliente de vale 532940 => "INFORMAÇÕES CADASTRADAS => "11 => 12 => 14 => 0 => 2 => 30/07/2012 => 532940 => 182 => 532940 => 25/07/2012 =>  =>  => CLAUDIO FORTES DA SILVA =>  => RUA VICENTE CELESTINO  => 707 => CS 01 => CENTRO => NILÓPOLIS => RJ => 3761-8065 =>  =>  => PROX A FARICA DE GESSO PROC JANEIDE PED.26318 => 01 => 9072 => ARM.COLOR ECLIPSE 2P4G BAL C/T VD =>  =>  =>  =>  =>  =>  =>  =>  =>  =>  =>  =>  =>  =>  =>  =>  =>  =>  =>  =>  =>  =>  =>  =>  =>  =>  =>  =>  =>  =>  =>  =>  =>  =>  =>  =>  =>  =>  => "

-------------------------------
 
CADASTRO DE CLIENTE
POST => "MIRIAN" Data => "2012-07-30 12:30:45", Cadastrou o Cliente de vale 537439 => "INFORMAÇÕES CADASTRADAS => "11 => 16 => 21 => 0 => 2 => 30/07/2012 => 537439 => 173 => 537439 => 25/07/2012 =>  =>  => MARIA REGIANE DE ALMEIDA MAGALHAES =>  => ESTRADA DO DENDE => 419 => AP 203 => MONERO => RIO DE JANEIRO => RJ => 9835-3362 =>  =>  => EM FRENTE AO POSTO BR PED.34733 => 01 => 137130 => MESA CARRARO MULTI 2B 291/106CRPTO =>  =>  =>  =>  =>  =>  =>  =>  =>  =>  =>  =>  =>  =>  =>  =>  =>  =>  =>  =>  =>  =>  =>  =>  =>  =>  =>  =>  =>  =>  =>  =>  =>  =>  =>  =>  =>  =>  => "

-------------------------------
 
CADASTRO DE CLIENTE
POST => "MIRIAN" Data => "2012-07-30 12:37:50", Cadastrou o Cliente de vale 530520 => "INFORMAÇÕES CADASTRADAS => "11 => 17 => 6 => 0 => 0 => 30/07/2012 => 530520 => 179 => 21030 => 26/07/2012 => LEONARDO OLIVEIRA DE FREITAS => 74347/199 => DOMICIO MOTA DOS SANTOS => 25045340 => RUA: LUÍS CESAR => 28 =>  => JARDIM VILA NOVA => DUQUE DE CAXIAS => RJ =>  =>  =>  => PROX A IGREJA SAO JORGE PORTAO CIZA PROC FRANCISCO => 01 => 140391 => G.ROUPA ARAPLAC 8P AUSTRIA TB/BR =>  =>  =>  =>  =>  =>  =>  =>  =>  =>  =>  =>  =>  =>  =>  =>  =>  =>  =>  =>  =>  =>  =>  =>  =>  =>  =>  =>  =>  =>  =>  =>  =>  =>  =>  =>  =>  =>  => "

-------------------------------
 
CADASTRO DE CLIENTE
POST => "MIRIAN" Data => "2012-07-30 12:40:43", Cadastrou o Cliente de vale 615762 => "INFORMAÇÕES CADASTRADAS => "11 => 12 => 12 => 0 => 2 => 30/07/2012 => 615762 => 179 => 615762 => 26/07/2012 =>  =>  => ROSANGELA CONEGUNDES SALVADOR DA SILVA =>  => RUA JOSE DE ALENCAR => 40 => AP 104 => VILA SAO LUIS => DUQUE DE CAXIAS => RJ => 3774-7416 =>  =>  => PROX AO BAZAR DA PONTE E ANTIGA LAN HOUSE DA MABI PROC POR FATIMA. PED.11284 => 01 => 16422 => BALC ITAT IGH-97 DAYANE BR/PTO =>  =>  =>  =>  =>  =>  =>  =>  =>  =>  =>  =>  =>  =>  =>  =>  =>  =>  =>  =>  =>  =>  =>  =>  =>  =>  =>  =>  =>  =>  =>  =>  =>  =>  =>  =>  =>  =>  => "

-------------------------------
 
CADASTRO DE CLIENTE
POST => "MIRIAN" Data => "2012-07-30 12:44:27", Cadastrou o Cliente de vale 530512 => "INFORMAÇÕES CADASTRADAS => "11 => 30 => 18 => 0 => 0 => 30/07/2012 => 530512 => 241 => 39501 => 26/07/2012 => JULIO CESAR VIEIRA SOARES => 483446/199 => LUCIA MARIA SANTOS COSTA => 20230250 => RUA: PROFESSOR CLEMENTINO FRAGA => 63 => CS 32 => CIDADE NOVA => RIO DE JANEIRO => RJ => 2222-0047 => 8789-360 =>  => PROX A 6 DP NA CASA 10 PROC ALINE OU MICHELE => 01 => 134902 => BALCAO C/T ARAMOVEIS LILIAN BR/PTO => 01 => 134898 => COZ COMP ARAMOVEIS LILIAN PLUS  BR/PT =>  =>  =>  =>  =>  =>  =>  =>  =>  =>  =>  =>  =>  =>  =>  =>  =>  =>  =>  =>  =>  =>  =>  =>  =>  =>  =>  =>  =>  =>  =>  =>  =>  =>  =>  =>  => "

-------------------------------
 
ALTERAÇÃO DE CLIENTE
POST => "luciana" Data => "2012-07-30 13:26:54", Alterou o Cliente de vale 607602 => "INFORMAÇÕES ALTERADAS => "1 => 4630 => 5 => 48 => 19 => 0 => 2 => 14/07/2012 => 607602 => 243 => 607602 => 13/07/2012 =>  =>  => LENIRA MARTINS DE CARVALHO =>  => RUA MARI FERNANDES => 19 => CASA => CALIFORNIA => NOVA IGUAÇU => RJ => 2767-7880 =>  =>  => PROX A FABRICA DE CERVEJA SKOL,SEGUIR PELA RUA DO ENCANAMENTO PROC GUIMAR OU JOSINA => FEITO O PEDIDO DE PEÇAS DIA 30/7 LUCIANA  => 1 => 140391 => G.ROUPA ARAPLAC 8P AUSTRIA TB/BR => 0 =>  => 0 =>  => 0 =>  => 0 =>  => 0 =>  => 0 =>  => 0 =>  => 0 =>  => 0 =>  => 0 =>  => 0 =>  => 0 =>  => 0 =>  => 0 =>  => 0 =>  => 0 =>  => 0 =>  => 0 =>  => 0 =>  => "

-------------------------------
 
ALTERAÇÃO DE CLIENTE
POST => "luciana" Data => "2012-07-30 13:31:27", Alterou o Cliente de vale 607602 => "INFORMAÇÕES ALTERADAS => "1 => 4630 => 5 => 20 => 23 => 0 => 2 => 14/07/2012 => 607602 => 243 => 607602 => 13/07/2012 =>  =>  => LENIRA MARTINS DE CARVALHO =>  => RUA MARI FERNANDES => 19 => CASA => CALIFORNIA => NOVA IGUAÇU => RJ => 2767-7880 =>  =>  => PROX A FABRICA DE CERVEJA SKOL,SEGUIR PELA RUA DO ENCANAMENTO PROC GUIMAR OU JOSINA => FEITO O PEDIDO DE PEÇAS DIA 30/7 LUCIANA  => 1 => 140391 => G.ROUPA ARAPLAC 8P AUSTRIA TB/BR => 0 =>  => 0 =>  => 0 =>  => 0 =>  => 0 =>  => 0 =>  => 0 =>  => 0 =>  => 0 =>  => 0 =>  => 0 =>  => 0 =>  => 0 =>  => 0 =>  => 0 =>  => 0 =>  => 0 =>  => 0 =>  => 0 =>  => "

-------------------------------
 
ALTERAÇÃO DE CLIENTE
POST => "luciana" Data => "2012-07-30 13:38:04", Alterou o Cliente de vale 569625 => "INFORMAÇÕES ALTERADAS => "1 => 4614 => 5 => 24 => 16 => 0 => 2 => 12/07/2012 => 569625 => 167 => 569625 => 11/07/2012 =>  =>  => JOAO ALVES DA SILVA =>  => RUA E => 70 => LT 7  QD 5 => JARDIM GUANDU => NOVA IGUAÇU => RJ => 8292-6373 =>  =>  => ESTRADA DE MADUREIRA CLUBE 34 PRIMEIRA RUA A ESQUERDA. => FEITO O PEDIDO DE PEÇAS DIA 30/7 LUCIANA  => 1 => 98934 => CJ SALA JANTAR RUFATO ATLA 6C TB/MP => 0 =>  => 0 =>  => 0 =>  => 0 =>  => 0 =>  => 0 =>  => 0 =>  => 0 =>  => 0 =>  => 0 =>  => 0 =>  => 0 =>  => 0 =>  => 0 =>  => 0 =>  => 0 =>  => 0 =>  => 0 =>  => 0 =>  => "

-------------------------------
 
ALTERAÇÃO DE CLIENTE
POST => "luciana" Data => "2012-07-30 13:45:15", Alterou o Cliente de vale 595725 => "INFORMAÇÕES ALTERADAS => "1 => 4325 => 5 => 17 => 5 => 0 => 2 => 26/06/2012 => 595725 => 243 => 595725 => 26/06/2012 =>  =>  => MARIA IRACEMA SANTOS MOREIRA =>  => RUA AZALEIAS => 268 =>  => JARDIM DA POSSE => NOVA IGUAÇU => RJ => 3101-3709 =>  =>  => BAIRRO CARMARY PELA ESTRADA LUIS D LEMOS APOS O CONDMINIO DA AZALEIA PROX A OFICINA DO NANDO PI AO BORRACHARIA CACO => FEITO O PEDIDO DE PEÇAS DIA 30/7 LUCIANA  => 1 => 139517 => KIT ITAT I3 VD FL CRIATIVA 5P/4G PT => 0 =>  => 0 =>  => 0 =>  => 0 =>  => 0 =>  => 0 =>  => 0 =>  => 0 =>  => 0 =>  => 0 =>  => 0 =>  => 0 =>  => 0 =>  => 0 =>  => 0 =>  => 0 =>  => 0 =>  => 0 =>  => 0 =>  => "

-------------------------------
 
ALTERAÇÃO DE CLIENTE
POST => "luciana" Data => "2012-07-30 13:48:47", Alterou o Cliente de vale 595725 => "INFORMAÇÕES ALTERADAS => "1 => 4325 => 5 => 12 => 14 => 0 => 2 => 26/06/2012 => 595725 => 243 => 595725 => 26/06/2012 =>  =>  => MARIA IRACEMA SANTOS MOREIRA =>  => RUA AZALEIAS => 268 =>  => JARDIM DA POSSE => NOVA IGUAÇU => RJ => 3101-3709 =>  =>  => BAIRRO CARMARY PELA ESTRADA LUIS D LEMOS APOS O CONDMINIO DA AZALEIA PROX A OFICINA DO NANDO PI AO BORRACHARIA CACO => FEITO O PEDIDO DE PEÇAS DIA 30/7 LUCIANA  => 1 => 139517 => KIT ITAT I3 VD FL CRIATIVA 5P/4G PT => 0 =>  => 0 =>  => 0 =>  => 0 =>  => 0 =>  => 0 =>  => 0 =>  => 0 =>  => 0 =>  => 0 =>  => 0 =>  => 0 =>  => 0 =>  => 0 =>  => 0 =>  => 0 =>  => 0 =>  => 0 =>  => 0 =>  => "

-------------------------------
 
ALTERAÇÃO DE CLIENTE
POST => "luciana" Data => "2012-07-30 13:51:08", Alterou o Cliente de vale 605799 => "INFORMAÇÕES ALTERADAS => "1 => 4676 => 5 => 31 => 17 => 0 => 2 => 17/07/2012 => 605799 => 169 => 605799 => 16/07/2012 =>  =>  => MARCOS VINICIUS MACIEL PESSANHA =>  => PROJETADA => 38 =>  => RODILANDIA => NOVA IGUAÇU =>  => 7430-0930 =>  =>  => FEITO O PEDIDO DE PEÇA DIA 30/7 LUCIANA  =>  => 1 => 8488 => G.ROUPA ARAMOVEIS 3P 4149 TB/BR => 0 =>  => 0 =>  => 0 =>  => 0 =>  => 0 =>  => 0 =>  => 0 =>  => 0 =>  => 0 =>  => 0 =>  => 0 =>  => 0 =>  => 0 =>  => 0 =>  => 0 =>  => 0 =>  => 0 =>  => 0 =>  => 0 =>  => "

-------------------------------
 
ALTERAÇÃO DE CLIENTE
POST => "luciana" Data => "2012-07-30 13:53:38", Alterou o Cliente de vale 605799 => "INFORMAÇÕES ALTERADAS => "1 => 4676 => 5 => 29 => 24 => 0 => 2 => 17/07/2012 => 605799 => 169 => 605799 => 16/07/2012 =>  =>  => MARCOS VINICIUS MACIEL PESSANHA =>  => PROJETADA => 38 =>  => RODILANDIA => NOVA IGUAÇU =>  => 7430-0930 =>  =>  => FEITO O PEDIDO DE PEÇA DIA 30/7 LUCIANA  =>  => 1 => 8488 => G.ROUPA ARAMOVEIS 3P 4149 TB/BR => 0 =>  => 0 =>  => 0 =>  => 0 =>  => 0 =>  => 0 =>  => 0 =>  => 0 =>  => 0 =>  => 0 =>  => 0 =>  => 0 =>  => 0 =>  => 0 =>  => 0 =>  => 0 =>  => 0 =>  => 0 =>  => 0 =>  => "

-------------------------------
 
ALTERAÇÃO DE CLIENTE
POST => "luciana" Data => "2012-07-30 13:54:17", Alterou o Cliente de vale 605799 => "INFORMAÇÕES ALTERADAS => "1 => 4676 => 5 => 26 => 19 => 0 => 2 => 17/07/2012 => 605799 => 169 => 605799 => 16/07/2012 =>  =>  => MARCOS VINICIUS MACIEL PESSANHA =>  => PROJETADA => 38 =>  => RODILANDIA => NOVA IGUAÇU =>  => 7430-0930 =>  =>  => FEITO O PEDIDO DE PEÇA DIA 30/7 LUCIANA  =>  => 1 => 8488 => G.ROUPA ARAMOVEIS 3P 4149 TB/BR => 0 => 135481 => COZ KIPLAC RENATA PLUS BR/PTO => 0 =>  => 0 =>  => 0 =>  => 0 =>  => 0 =>  => 0 =>  => 0 =>  => 0 =>  => 0 =>  => 0 =>  => 0 =>  => 0 =>  => 0 =>  => 0 =>  => 0 =>  => 0 =>  => 0 =>  => 0 =>  => "

-------------------------------
 
ALTERAÇÃO DE CLIENTE
POST => "luciana" Data => "2012-07-30 14:02:01", Alterou o Cliente de vale 550230 => "INFORMAÇÕES ALTERADAS => "1 => 3476 => 5 => 36 => 23 => 0 => 2 => 11/05/2012 => 550230 => WA => 550230 => 10/05/2012 =>  =>  => ANA CARLA PEREIRA DA SILVA =>  => MARATI => 173 =>  => PARQUE DA BIQUINHA => NOVA IGUAÇU =>  => 2763-5638 =>  =>  =>  => FEITO O PEDIDO DE PEÇAS DIA 30/7 LUCIANA  => 1 => 135251 => G.ROUPA FRITZ 6P DANY TB/BR => 0 =>  => 0 =>  => 0 =>  => 0 =>  => 0 =>  => 0 =>  => 0 =>  => 0 =>  => 0 =>  => 0 =>  => 0 =>  => 0 =>  => 0 =>  => 0 =>  => 0 =>  => 0 =>  => 0 =>  => 0 =>  => 0 =>  => "

-------------------------------
 
ALTERAÇÃO DE CLIENTE
POST => "luciana" Data => "2012-07-30 14:08:27", Alterou o Cliente de vale 577748 => "INFORMAÇÕES ALTERADAS => "1 => 4370 => 5 => 27 => 31 => 0 => 2 => 28/06/2012 => 577748 => 238 => 577748 => 26/06/2012 =>  =>  => ALBA MARIA LOBAO ALMEIDA =>  => ESTRADA RIO SAO PAULO ACESSO RUA JASMIM => lt 6 qd 30 =>  => PRADOS VERDES => RIO DE JANEIRO => RJ => 7743-1252 => 7743-1252 =>  => ACESSO ESTRADA RJ SP KM 32 => FEITO O PEDIDO DE PEÇAS DIA 30/7 LUCIANA  => 1 => 6069 => BALCAO C/T ARAMOVEIS LILIAN VD/BR => 0 =>  => 0 =>  => 0 =>  => 0 =>  => 0 =>  => 0 =>  => 0 =>  => 0 =>  => 0 =>  => 0 =>  => 0 =>  => 0 =>  => 0 =>  => 0 =>  => 0 =>  => 0 =>  => 0 =>  => 0 =>  => 0 =>  => "

-------------------------------
 
ALTERAÇÃO DE CLIENTE
POST => "luciana" Data => "2012-07-30 14:10:45", Alterou o Cliente de vale 577748 => "INFORMAÇÕES ALTERADAS => "1 => 4370 => 5 => 27 => 34 => 0 => 2 => 28/06/2012 => 577748 => 238 => 577748 => 26/06/2012 =>  =>  => ALBA MARIA LOBAO ALMEIDA =>  => ESTRADA RIO SAO PAULO ACESSO RUA JASMIM => lt 6 qd 30 =>  => PRADOS VERDES => RIO DE JANEIRO => RJ => 7743-1252 => 7743-1252 =>  => ACESSO ESTRADA RJ SP KM 32 => FEITO O PEDIDO DE PEÇAS DIA 30/7 LUCIANA  => 1 => 6069 => BALCAO C/T ARAMOVEIS LILIAN VD/BR => 0 =>  => 0 =>  => 0 =>  => 0 =>  => 0 =>  => 0 =>  => 0 =>  => 0 =>  => 0 =>  => 0 =>  => 0 =>  => 0 =>  => 0 =>  => 0 =>  => 0 =>  => 0 =>  => 0 =>  => 0 =>  => 0 =>  => "

-------------------------------
 
CADASTRO DE CLIENTE
POST => "luciana" Data => "2012-07-30 14:16:52", Cadastrou o Cliente de vale 349641 => "INFORMAÇÕES CADASTRADAS => "5 => 24 => 16 => 0 => 1 => 20/07/2012 => 349641 => 243 => 49700 => 07/12/2011 => VENESSA DOMINGUES FERREIRA => 394084 => WELLINGTON AQUINO DANIEL => 26051770 => Estrada: Ambai-Figueira => 890 =>  => Ambai => Nova Iguaçu => RJ => 2668-1052 =>  =>  =>  => 01 => 6121 => ESTANTE JB BECHARA 3040 AM /PT =>  =>  =>  =>  =>  =>  =>  =>  =>  =>  =>  =>  =>  =>  =>  =>  =>  =>  =>  =>  =>  =>  =>  =>  =>  =>  =>  =>  =>  =>  =>  =>  =>  =>  =>  =>  =>  =>  => "

-------------------------------
 
ALTERAÇÃO DE CLIENTE
POST => "luciana" Data => "2012-07-30 14:50:50", Alterou o Cliente de vale 523711 => "INFORMAÇÕES ALTERADAS => "1 => 4672 => 5 => 5 => 31 => 0 => 1 => 17/07/2012 => 523711 => 180 => 4264 => 16/07/2012 => ADILSON DA SILVA FILADELFO => 81509 => MARIA LUCIA COSTA DA ROSA => 26265161 => RUA: JOSÉ VIEIRA => 156 =>  => JARDIM ALVORADA => NOVA IGUAÇU => RJ => 3773-9367 =>  =>  =>  =>  => 1 => 99076 => ARM ITAT MAD IP HT-105 TECNO B/PT/L => 0 =>  => 0 =>  => 0 =>  => 0 =>  => 0 =>  => 0 =>  => 0 =>  => 0 =>  => 0 =>  => 0 =>  => 0 =>  => 0 =>  => 0 =>  => 0 =>  => 0 =>  => 0 =>  => 0 =>  => 0 =>  => 0 =>  => "

-------------------------------
 
CADASTRO DE CLIENTE
POST => "luciana" Data => "2012-07-30 14:53:55", Cadastrou o Cliente de vale 307792 => "INFORMAÇÕES CADASTRADAS => "5 => 31 => 9 => 0 => 1 => 20/07/2012 => 307792 => 243 => 44935 => 25/10/2011 => NUBIA DOS SANTOS FERREIRA => 337112 => MARGARET REGINA DA SILVA  =>  => GERAL DIMAS  => 0lt 05 => QD41 => JARDIMMARAJOARA  => JAPERi =>  =>  =>  =>  =>  => 01 => 140391 => G.ROUPA ARAPLAC 8P AUSTRIA TB/BR =>  =>  =>  =>  =>  =>  =>  =>  =>  =>  =>  =>  =>  =>  =>  =>  =>  =>  =>  =>  =>  =>  =>  =>  =>  =>  =>  =>  =>  =>  =>  =>  =>  =>  =>  =>  =>  =>  => "

-------------------------------
 
ALTERAÇÃO DE CLIENTE
POST => "luciana" Data => "2012-07-30 14:59:06", Alterou o Cliente de vale 606558 => "INFORMAÇÕES ALTERADAS => "1 => 4586 => 5 => 22 => 20 => 0 => 2 => 12/07/2012 => 606558 => RE => 606558 => 11/07/2012 =>  =>  => ROZEMIR DOS SANTOS AZEVEDO =>  => RUA AGRIPINO DA COSTA RODRIGUES => 210 => CS 01 => RIACHAO => NOVA IGUACU => RJ => 2763-7239 => 7694-5631 =>  =>  => FEITO O PEDIDO DE PEÇAS 30/7 LUCIANA  => 1 => 135251 => G.ROUPA FRITZ 6P DANY TB/BR => 0 =>  => 0 =>  => 0 =>  => 0 =>  => 0 =>  => 0 =>  => 0 =>  => 0 =>  => 0 =>  => 0 =>  => 0 =>  => 0 =>  => 0 =>  => 0 =>  => 0 =>  => 0 =>  => 0 =>  => 0 =>  => 0 =>  => "

-------------------------------
 
ALTERAÇÃO DE CLIENTE
POST => "luciana" Data => "2012-07-30 15:00:37", Alterou o Cliente de vale 606558 => "INFORMAÇÕES ALTERADAS => "1 => 4586 => 5 => 33 => 33 => 0 => 2 => 12/07/2012 => 606558 => RE => 606558 => 11/07/2012 =>  =>  => ROZEMIR DOS SANTOS AZEVEDO =>  => RUA AGRIPINO DA COSTA RODRIGUES => 210 => CS 01 => RIACHAO => NOVA IGUACU => RJ => 2763-7239 => 7694-5631 =>  =>  => FEITO O PEDIDO DE PEÇAS 30/7 LUCIANA  => 1 => 135251 => G.ROUPA FRITZ 6P DANY TB/BR => 0 =>  => 0 =>  => 0 =>  => 0 =>  => 0 =>  => 0 =>  => 0 =>  => 0 =>  => 0 =>  => 0 =>  => 0 =>  => 0 =>  => 0 =>  => 0 =>  => 0 =>  => 0 =>  => 0 =>  => 0 =>  => 0 =>  => "

-------------------------------
 
ALTERAÇÃO DE CLIENTE
POST => "luciana" Data => "2012-07-30 15:06:35", Alterou o Cliente de vale 520488 => "INFORMAÇÕES ALTERADAS => "1 => 4587 => 5 => 30 => 28 => 0 => 0 => 12/07/2012 => 520488 => 180 => 617 => 10/07/2012 => ADILSON DA SILVA FILADELFO =>  => MARIA ANETE DA SILVA => 26088040 => TRAVESSA CARLOS SAMPAIO => 27 => APTO 102 => VILA GUIMARAES => NOVA IGUAÇU => RJ => 2763-0492 =>  =>  => TROCA COM RECOLHIMENTO E DESMONTAGEM INDO PARA QUEIMADOS APOS PQ DA BIQUINHA ANTES DA PADARIA DO OSVALDO LOJA DE XEROX. => FEITO O PEDIDO DE PEÇA DIA 30/7 LUCIANA  => 1 => 139576 => G ROUPA IRMOL 2P APOLO CHOC/IMB/MP => 0 =>  => 0 =>  => 0 =>  => 0 =>  => 0 =>  => 0 =>  => 0 =>  => 0 =>  => 0 =>  => 0 =>  => 0 =>  => 0 =>  => 0 =>  => 0 =>  => 0 =>  => 0 =>  => 0 =>  => 0 =>  => 0 =>  => "

-------------------------------
 
ALTERAÇÃO DE CLIENTE
POST => "luciana" Data => "2012-07-30 15:09:00", Alterou o Cliente de vale 520488 => "INFORMAÇÕES ALTERADAS => "1 => 4587 => 5 => 35 => 17 => 0 => 0 => 12/07/2012 => 520488 => 180 => 617 => 10/07/2012 => ADILSON DA SILVA FILADELFO =>  => MARIA ANETE DA SILVA => 26088040 => TRAVESSA CARLOS SAMPAIO => 27 => APTO 102 => VILA GUIMARAES => NOVA IGUAÇU => RJ => 2763-0492 =>  =>  => TROCA COM RECOLHIMENTO E DESMONTAGEM INDO PARA QUEIMADOS APOS PQ DA BIQUINHA ANTES DA PADARIA DO OSVALDO LOJA DE XEROX. => FEITO O PEDIDO DE PEÇA DIA 30/7 LUCIANA  => 1 => 139576 => G ROUPA IRMOL 2P APOLO CHOC/IMB/MP => 0 =>  => 0 =>  => 0 =>  => 0 =>  => 0 =>  => 0 =>  => 0 =>  => 0 =>  => 0 =>  => 0 =>  => 0 =>  => 0 =>  => 0 =>  => 0 =>  => 0 =>  => 0 =>  => 0 =>  => 0 =>  => 0 =>  => "

-------------------------------
 
CADASTRO DE CLIENTE
POST => "MIRIAN" Data => "2012-07-30 15:12:15", Cadastrou o Cliente de vale 531249 => "INFORMAÇÕES CADASTRADAS => "11 => 31 => 15 => 0 => 0 => 30/07/2012 => 531249 => 179 => 22599 => 27/07/2012 => LEONARDO OLIVEIRA DE FREITAS => 84314/199 => DENILSON SANTANNA DOS REIS => 25070100 => AVENIDA SAO PAULO => lt 05 => QD 04 => CAMPO ELISEOS => DUQUE DE CAXIAS => RJ =>  =>  =>  => AO LADO DA ESCOLA MONTEIRO LOBATO PROC RAIANE  => 01 => 139530 => G. ROUPA MOVAL 3P SANTIAGO IMB/PTO =>  =>  =>  =>  =>  =>  =>  =>  =>  =>  =>  =>  =>  =>  =>  =>  =>  =>  =>  =>  =>  =>  =>  =>  =>  =>  =>  =>  =>  =>  =>  =>  =>  =>  =>  =>  =>  =>  => "

-------------------------------
 
ALTERAÇÃO DE CLIENTE
POST => "MIRIAN" Data => "2012-07-30 15:12:54", Alterou o Cliente de vale 531249 => "INFORMAÇÕES ALTERADAS => "1 => 4838 => 11 => 31 => 10 => 0 => 1 => 30/07/2012 => 531249 => 179 => 22599 => 27/07/2012 => LEONARDO OLIVEIRA DE FREITAS => 84314/199 => DENILSON SANTANNA DOS REIS => 25070100 => AVENIDA SAO PAULO => lt 05 => QD 04 => CAMPO ELISEOS => DUQUE DE CAXIAS => RJ =>  =>  =>  => AO LADO DA ESCOLA MONTEIRO LOBATO PROC RAIANE =>  => 1 => 139530 => G. ROUPA MOVAL 3P SANTIAGO IMB/PTO => 0 =>  => 0 =>  => 0 =>  => 0 =>  => 0 =>  => 0 =>  => 0 =>  => 0 =>  => 0 =>  => 0 =>  => 0 =>  => 0 =>  => 0 =>  => 0 =>  => 0 =>  => 0 =>  => 0 =>  => 0 =>  => 0 =>  => "

-------------------------------
 
CADASTRO DE CLIENTE
POST => "MIRIAN" Data => "2012-07-30 15:18:49", Cadastrou o Cliente de vale 520430 => "INFORMAÇÕES CADASTRADAS => "11 => 11 => 21 => 0 => 0 => 30/07/2012 => 520430 => 179 => 520430 => 10/07/2012 => LEONARDO OLIVEIRA DE FREITAS => 84314/199 => DENILSON SANTANNA DOS REIS => 25070100 => AVENIDA SAO PAULO => lt 05 qd 04 =>  => CAMPOS ELISEOS => DUQUE DE CAXIAS => RJ =>  =>  =>  => AO LADO DA ESCOLA MONTEIRO LOBATO PROC RAIANE.PED.22599 => 01 => 139530 => G. ROUPA MOVAL 3P SANTIAGO IMB/PTO =>  =>  =>  =>  =>  =>  =>  =>  =>  =>  =>  =>  =>  =>  =>  =>  =>  =>  =>  =>  =>  =>  =>  =>  =>  =>  =>  =>  =>  =>  =>  =>  =>  =>  =>  =>  =>  =>  => "

-------------------------------
 
ALTERAÇÃO DE CLIENTE
POST => "luciana" Data => "2012-07-30 15:19:17", Alterou o Cliente de vale 522946 => "INFORMAÇÕES ALTERADAS => "1 => 4627 => 5 => 21 => 9 => 2 => 0 => 14/07/2012 => 522946 => 197 => 25609 => 13/07/2012 => ABILIO MARCOS SANTOS => 110326/S => ELIANE FERNANDES DIAS =>  => RUA DA REVISTA => LT 05 => QD 06 => CARMO => JAPERI => RJ => 3764-9888 =>  =>  => ATRAS DO CLUB CANECOS,PX DO CIEP 355 ROQUETE. FEITO O PEDIDO DE PEÇAS DIA 30/7 LUCIANA  => OBS: PASSADO E-MAIL NO DIA 28/07 PARA O NAEC SOLICITANDO OUTRO TELEFONE DE CONTATO RE AO CLIENTE ELIANE FERNANDES ASSIM QUE ESTA NO MEU E-MAIL => 1 => 5730 => MESA GRANITO LIVIA 4C QUAD NAP/PTO => 0 =>  => 0 =>  => 0 =>  => 0 =>  => 0 =>  => 0 =>  => 0 =>  => 0 =>  => 0 =>  => 0 =>  => 0 =>  => 0 =>  => 0 =>  => 0 =>  => 0 =>  => 0 =>  => 0 =>  => 0 =>  => 0 =>  => "

-------------------------------
 
CADASTRO DE CLIENTE
POST => "MIRIAN" Data => "2012-07-30 15:21:59", Cadastrou o Cliente de vale 519426 => "INFORMAÇÕES CADASTRADAS => "11 => 17 => 3 => 0 => 0 => 30/07/2012 => 519426 => 230 => 8796 => 09/07/2012 => VANDA GOMES => 84098/199 => CATIA REGINA DA S PUCHINELLI => 23082120 => RUA: LEÔNIDAS MOREIRA => 160 =>  => CAMPO GRANDE => RIO DE JANEIRO => RJ => 2415-0791 =>  =>  => TROCA DE RECLHIMENTO BAIRRO MAGALI ATRAS DO COLEGIO JAIR TAVARES => 01 => 139530 => G. ROUPA MOVAL 3P SANTIAGO IMB/PTO =>  =>  =>  =>  =>  =>  =>  =>  =>  =>  =>  =>  =>  =>  =>  =>  =>  =>  =>  =>  =>  =>  =>  =>  =>  =>  =>  =>  =>  =>  =>  =>  =>  =>  =>  =>  =>  =>  => "

-------------------------------
 
CADASTRO DE CLIENTE
POST => "MIRIAN" Data => "2012-07-30 15:26:11", Cadastrou o Cliente de vale 514108 => "INFORMAÇÕES CADASTRADAS => "11 => 14 => 20 => 0 => 0 => 30/07/012 => 514108 => 280 => 2896 => 30/06/2012 => UEDSON SILVA NASCIMENTO => 76468/199 => DEBORA XAVIER GREGORIO => 21512002 => ESTRADA: JOÃO PAULO => 1412 => CS 03 => HONÓRIO GURGEL => RIO DE JANEIRO => RJ => 3835-9913 =>  =>  => AO LADO DO ACOUGUE FINA FLOR NA VILA ENTRE O ACOUGUE E MERCADINHO => 01 => 135481 => COZ KIPLAC RENATA PLUS BR/PTO =>  =>  =>  =>  =>  =>  =>  =>  =>  =>  =>  =>  =>  =>  =>  =>  =>  =>  =>  =>  =>  =>  =>  =>  =>  =>  =>  =>  =>  =>  =>  =>  =>  =>  =>  =>  =>  =>  => "

-------------------------------
 
CADASTRO DE CLIENTE
POST => "MIRIAN" Data => "2012-07-30 15:30:00", Cadastrou o Cliente de vale 519567 => "INFORMAÇÕES CADASTRADAS => "11 => 14 => 27 => 0 => 0 => 30/07/2012 => 519567 => 169 => 7687 => 09/07/2012 => ROSANA SOUZA MONTEIRO => 84096/199 => MIRIAM DE OLIVEIRA BARBOSA => 20921260 => RUA: DOUTOR ALEXANDRE PLEMONT => 26 =>  => SÃO CRISTÓVÃO => RIO DE JANEIRO => RJ => 2580-3526 =>  =>  => ENTRADA PELA RUA BELA PROX AO POSTO DE GASOLINA  => 01 => 140341 => BICAMA FRITZ TURIM BR/LILAS =>  =>  =>  =>  =>  =>  =>  =>  =>  =>  =>  =>  =>  =>  =>  =>  =>  =>  =>  =>  =>  =>  =>  =>  =>  =>  =>  =>  =>  =>  =>  =>  =>  =>  =>  =>  =>  =>  => "

-------------------------------
 
CADASTRO DE CLIENTE
POST => "MIRIAN" Data => "2012-07-30 15:32:51", Cadastrou o Cliente de vale 511564 => "INFORMAÇÕES CADASTRADAS => "11 => 32 => 18 => 0 => 0 => 30/07/2012 => 511564 => 218 => 5585 => 26/06/2012 => BRUNA RENATA DE OLIVEIRA DAMASIO LUCAS => 73113/199 => FRANCISCO PAULO DA SILVA => 26291200 => AVENIDA: AUGUSTO TAVORA  => qd 07  => LT 08  => CABUCU => NOVA IGUACU => RJ => 7872-8578 =>  =>  => PROX A LOTERIA ESPORTIVA DE CABUCU  => 01 => 139155 => G.ROUPA FRITZ 6P DANY AMEND /PTO =>  =>  =>  =>  =>  =>  =>  =>  =>  =>  =>  =>  =>  =>  =>  =>  =>  =>  =>  =>  =>  =>  =>  =>  =>  =>  =>  =>  =>  =>  =>  =>  =>  =>  =>  =>  =>  =>  => "

-------------------------------
 
CADASTRO DE CLIENTE
POST => "MIRIAN" Data => "2012-07-30 15:40:24", Cadastrou o Cliente de vale 518402 => "INFORMAÇÕES CADASTRADAS => "11 => 26 => 19 => 0 => 0 => 30/07/2012 => 518402 => 204 => 5059 => 06/07/2012 => ALCIDES SANTOS EIRAS => 80349/199 => MARINEI RODRIGUES => 24461575 => RUA: JOAQUIM CAMPOS => 21 =>  => ITAUNA => SÃO GONÇALO => RJ => 3683-3400 =>  =>  => RUA DA GARAGEM VIACAO RIO ITA  => 01 => 138033 => G.ROUPA ARAPLAC 10P ATLAN PLUS TB/AM =>  =>  =>  =>  =>  =>  =>  =>  =>  =>  =>  =>  =>  =>  =>  =>  =>  =>  =>  =>  =>  =>  =>  =>  =>  =>  =>  =>  =>  =>  =>  =>  =>  =>  =>  =>  =>  =>  => "

-------------------------------
 
CADASTRO DE CLIENTE
POST => "luciana" Data => "2012-07-30 15:41:34", Cadastrou o Cliente de vale 370442 => "INFORMAÇÕES CADASTRADAS => "5 => 27 => 34 => 0 => 1 => 20/07/2012 => 370442 => 182 => 39414 => 23/12/2011 => ELUCIANA BARBOSA SANTOS => 426215 => JOSE CARLOS DE BRITO =>  => THARSSIS E PAULA  => 321 =>  => FAZENDA CAXIAs => SEROPEDICa =>  =>  =>  =>  =>  => 01 => 139763 => ARM.COLOR CLASS SL BASC.1P BR =>  =>  =>  =>  =>  =>  =>  =>  =>  =>  =>  =>  =>  =>  =>  =>  =>  =>  =>  =>  =>  =>  =>  =>  =>  =>  =>  =>  =>  =>  =>  =>  =>  =>  =>  =>  =>  =>  => "

-------------------------------
 
CADASTRO DE CLIENTE
POST => "luciana" Data => "2012-07-30 15:44:47", Cadastrou o Cliente de vale 528262 => "INFORMAÇÕES CADASTRADAS => "5 => 19 => 28 => 0 => 2 => 20/07/2012 => 528262 => 218 => 528262 => 19/07/2012 =>  =>  => ELIZETE CONCEIÇÃO  =>  => BORGES  => 10 => CS19 => VILA BORGEs => Nova Iguaçu =>  =>  =>  =>  =>  => 01 => 141552 => CJ SALA JANTAR ORTIZ VALENCIA 6C AMEN =>  =>  =>  =>  =>  =>  =>  =>  =>  =>  =>  =>  =>  =>  =>  =>  =>  =>  =>  =>  =>  =>  =>  =>  =>  =>  =>  =>  =>  =>  =>  =>  =>  =>  =>  =>  =>  =>  => "

-------------------------------
 
ALTERAÇÃO DE CLIENTE
POST => "luciana" Data => "2012-07-30 15:48:31", Alterou o Cliente de vale 528262 => "INFORMAÇÕES ALTERADAS => "1 => 4846 => 5 => 8 => 0 => 0 => 2 => 20/07/2012 => 528262 => 218 => 528262 => 19/07/2012 =>  =>  => ELIZETE CONCEIÇÃO =>  => BORGES => 10 => CS19 => VILA BORGES => NOVA IGUAÇU =>  =>  =>  =>  =>  =>  => 1 => 141552 => CJ SALA JANTAR ORTIZ VALENCIA 6C AMEN => 0 =>  => 0 =>  => 0 =>  => 0 =>  => 0 =>  => 0 =>  => 0 =>  => 0 =>  => 0 =>  => 0 =>  => 0 =>  => 0 =>  => 0 =>  => 0 =>  => 0 =>  => 0 =>  => 0 =>  => 0 =>  => 0 =>  => "

-------------------------------
 
ALTERAÇÃO DE CLIENTE
POST => "luciana" Data => "2012-07-30 16:02:35", Alterou o Cliente de vale 450386 => "INFORMAÇÕES ALTERADAS => "1 => 4767 => 5 => 25 => 29 => 0 => 0 => 20/07/2012 => 450386 => 198 => 52813 => 24/03/2012 => MARIA ELENIR DE MATOS DIAS => 505150 => VANIA TEIXEIRA FURTADO =>  => CARLA ANDRESSA DE ARAUJO-LT 18 QD 30 => 0 => CASA => JARDIM REDENTOR => BELFORD ROXO =>  => 7196-1087 =>  =>  => PROX A PADARIA FLOR DO CONDADO PROC VIANA =>  => 1 => 140391 => G.ROUPA ARAPLAC 8P AUSTRIA TB/BR => 0 =>  => 0 =>  => 0 =>  => 0 =>  => 0 =>  => 0 =>  => 0 =>  => 0 =>  => 0 =>  => 0 =>  => 0 =>  => 0 =>  => 0 =>  => 0 =>  => 0 =>  => 0 =>  => 0 =>  => 0 =>  => 0 =>  => "

-------------------------------
