 
ALTERAÇÃO DE CLIENTE
POST => "luciana" Data => "2012-07-28 08:46:36", Alterou o Cliente de vale 429520 => "INFORMAÇÕES ALTERADAS => "1 => 4785 => 5 => 29 => 26 => 0 => 0 => 24/07/2012 => 429520 => 280 => 4255 => 27/02/2012 => FABIO DAMINGOS VIEIRA TERRS => 499941 => FABIO ALVES DOS SANTOS => 21670410 => RUA: MATIOLA => 65 => APT 203 => GUADALUPE => RIO DE JANEIRO => RJ =>  =>  =>  => AGEND: SABADO 28/7 LUCIANA  =>  => 1 => 140391 => G.ROUPA ARAPLAC 8P AUSTRIA TB/BR => 0 =>  => 0 =>  => 0 =>  => 0 =>  => 0 =>  => 0 =>  => 0 =>  => 0 =>  => 0 =>  => 0 =>  => 0 =>  => 0 =>  => 0 =>  => 0 =>  => 0 =>  => 0 =>  => 0 =>  => 0 =>  => 0 =>  => "

-------------------------------
 
ALTERAÇÃO DE CLIENTE
POST => "simone" Data => "2012-07-28 09:06:07", Alterou o Cliente de vale 525995 => "INFORMAÇÕES ALTERADAS => "1 => 4778 => 35 => 25 => 23 => 0 => 0 => 20/07/2012 => 525995 => 171 => 7403 => 19/07/2012 => WANDERSON DOS SANTOS COELHO => 71165/199 => MARIA DO CARMO DOS SANTOS DA SILVA => 21843106 => RUA ALEXANDRINA => 36 =>  => SENADOR CAMARA => RIO DE JANEIRO => RJ =>  =>  =>  => ENTRANDO NA PADSARIA ANA MARIA TERCEIRA CASA =>  => 1 => 137130 => MESA CARRARO MULTI 2B 291/106CRPTO => 0 =>  => 0 =>  => 0 =>  => 0 =>  => 0 =>  => 0 =>  => 0 =>  => 0 =>  => 0 =>  => 0 =>  => 0 =>  => 0 =>  => 0 =>  => 0 =>  => 0 =>  => 0 =>  => 0 =>  => 0 =>  => 0 =>  => "

-------------------------------
 
ALTERAÇÃO DE CLIENTE
POST => "luciana" Data => "2012-07-28 09:40:55", Alterou o Cliente de vale 534448 => "INFORMAÇÕES ALTERADAS => "1 => 4782 => 5 => 43 => 22 => 0 => 2 => 24/07/2012 => 534448 => RE => 534448 => 23/07/2012 =>  =>  => JAQUELINE DE PIZO =>  => SAQUAREMA => 71 => CASA => SANTO ALEIXO => MAGE =>  => 8424-1645 =>  =>  => NA RUA DO BAR DO ERONILDO SUBINDO O MORRO AO LADO DA CASA DO ZE JOAO PROC JAQUELINE =>  => 1 => 139155 => G.ROUPA FRITZ 6P DANY AMEND /PTO => 0 =>  => 0 =>  => 0 =>  => 0 =>  => 0 =>  => 0 =>  => 0 =>  => 0 =>  => 0 =>  => 0 =>  => 0 =>  => 0 =>  => 0 =>  => 0 =>  => 0 =>  => 0 =>  => 0 =>  => 0 =>  => 0 =>  => "

-------------------------------
 
ALTERAÇÃO DE CLIENTE
POST => "luciana" Data => "2012-07-28 09:50:16", Alterou o Cliente de vale 489087 => "INFORMAÇÕES ALTERADAS => "1 => 4777 => 5 => 37 => 21 => 0 => 0 => 20/07/2012 => 489087 => 212 => 2406 => 16/05/2012 => PEDRO DA SILVA PARANHOS => 37305/199 => MARIA JOSE ALVES DOS SANTOS => 26113365 => PROJETADA DOIS => 1 bl ap 504 =>  => DAS GRAÇAS => BELFORD ROXO => RJ => 3732-2948 =>  =>  => EM FRENTE AO COLEGIO  FLORIPEDES ENTRANDO PELA RUA AMALIA ROCHA CONDOMINIO SAN FRANCISCO => AGEND: SEGUNDA 30/7 LUCIANA  => 1 => 3163 => CAMA CS BIANCHI LX FLAVIA VIENA TECA /PT => 0 =>  => 0 =>  => 0 =>  => 0 =>  => 0 =>  => 0 =>  => 0 =>  => 0 =>  => 0 =>  => 0 =>  => 0 =>  => 0 =>  => 0 =>  => 0 =>  => 0 =>  => 0 =>  => 0 =>  => 0 =>  => 0 =>  => "

-------------------------------
 
ALTERAÇÃO DE CLIENTE
POST => "luciana" Data => "2012-07-28 09:50:46", Alterou o Cliente de vale 489087 => "INFORMAÇÕES ALTERADAS => "1 => 4777 => 5 => 17 => 26 => 0 => 0 => 20/07/2012 => 489087 => 212 => 2406 => 16/05/2012 => PEDRO DA SILVA PARANHOS => 37305/199 => MARIA JOSE ALVES DOS SANTOS => 26113365 => PROJETADA DOIS => 1 bl ap 504 =>  => DAS GRAÇAS => BELFORD ROXO => RJ => 3732-2948 =>  =>  => EM FRENTE AO COLEGIO  FLORIPEDES ENTRANDO PELA RUA AMALIA ROCHA CONDOMINIO SAN FRANCISCO => AGEND: SEGUNDA 30/7 LUCIANA  => 1 => 3163 => CAMA CS BIANCHI LX FLAVIA VIENA TECA /PT => 0 =>  => 0 =>  => 0 =>  => 0 =>  => 0 =>  => 0 =>  => 0 =>  => 0 =>  => 0 =>  => 0 =>  => 0 =>  => 0 =>  => 0 =>  => 0 =>  => 0 =>  => 0 =>  => 0 =>  => 0 =>  => 0 =>  => "

-------------------------------
 
ALTERAÇÃO DE CLIENTE
POST => "luciana" Data => "2012-07-28 09:56:09", Alterou o Cliente de vale 534448 => "INFORMAÇÕES ALTERADAS => "1 => 4782 => 5 => 43 => 21 => 0 => 2 => 24/07/2012 => 534448 => RE => 534448 => 23/07/2012 =>  =>  => JAQUELINE DE PIZO =>  => SAQUAREMA => 71 => CASA => SANTO ALEIXO => MAGE =>  => 8424-1645 =>  =>  => NA RUA DO BAR DO ERONILDO SUBINDO O MORRO AO LADO DA CASA DO ZE JOAO PROC JAQUELINE =>  => 1 => 139155 => G.ROUPA FRITZ 6P DANY AMEND /PTO => 0 =>  => 0 =>  => 0 =>  => 0 =>  => 0 =>  => 0 =>  => 0 =>  => 0 =>  => 0 =>  => 0 =>  => 0 =>  => 0 =>  => 0 =>  => 0 =>  => 0 =>  => 0 =>  => 0 =>  => 0 =>  => 0 =>  => "

-------------------------------
 
ALTERAÇÃO DE CLIENTE
POST => "MIRIAN" Data => "2012-07-28 09:57:27", Alterou o Cliente de vale 406604 => "INFORMAÇÕES ALTERADAS => "1 => 1609 => 11 => 39 => 28 => 0 => 0 => 19/03/2012 => 406604 => 216 => 31313 => 30/01/2012 => SERGIO DE OLIVEIRA => 473075/199 => TATIANE GOMES DE OLIVEIRA => 20730020 => RUA: PRIMO TEIXEIRA => 36 => CASA 03 FDS => ENCANTADO => RIO DE JANEIRO => RJ => 9352-5839 => 2593-6831 => 3271-5906 => PROX AO COLEGIO N S DA PIEDADE E RUA POMPILHO DE ALBUQUERQUE. RELATORIO ENVIADO P/ MIRIAM DIA 25/5 LUCIANA  => montagem concluida 28/07/12. => 1 => 135481 => COZ KIPLAC RENATA PLUS BR/PTO => 0 =>  => 0 =>  => 0 =>  => 0 =>  => 0 =>  => 0 =>  => 0 =>  => 0 =>  => 0 =>  => 0 =>  => 0 =>  => 0 =>  => 0 =>  => 0 =>  => 0 =>  => 0 =>  => 0 =>  => 0 =>  => 0 =>  => "

-------------------------------
 
ALTERAÇÃO DE CLIENTE
POST => "simone" Data => "2012-07-28 10:05:43", Alterou o Cliente de vale 452378 => "INFORMAÇÕES ALTERADAS => "1 => 4722 => 35 => 26 => 16 => 0 => 0 => 18/07/2012 => 452378 => 244 => 33543 => 26/03/2012 => SERGIO ALVES => 516958/199 => AURECELIA CAVALCANTE LEITE => 21620520 => RUA: RAVENALA => 125 =>  => PARQUE ANCHIETA => RIO DE JANEIRO => RJ => 3019-6426 => 7851-0018 =>  => PROX A PRAÇA GRANITO PROC NANA => FICHA COM ALEX , SEU JOSE VAI ATENDER DIA ATÉ DIA 31/07/12 => 1 => 135481 => COZ KIPLAC RENATA PLUS BR/PTO => 0 =>  => 0 =>  => 0 =>  => 0 =>  => 0 =>  => 0 =>  => 0 =>  => 0 =>  => 0 =>  => 0 =>  => 0 =>  => 0 =>  => 0 =>  => 0 =>  => 0 =>  => 0 =>  => 0 =>  => 0 =>  => 0 =>  => "

-------------------------------
 
ALTERAÇÃO DE CLIENTE
POST => "MIRIAN" Data => "2012-07-28 10:22:39", Alterou o Cliente de vale 483870 => "INFORMAÇÕES ALTERADAS => "1 => 3173 => 11 => 43 => 23 => 0 => 0 => 09/05/2012 => 483870 => 203 => 85746 => 08/05/2012 => JORGE LUIZ GOMES DOS REIS => 1170/199 => ALESSANDRA MARTINS SUZARTE => 21021580 => RUA: GUARATINGUETÁ => 3 => CS 03 => OLARIA => RIO DE JANEIRO => RJ => 3684-7857 =>  =>  => PROX A CLINICA  DOUTOR BALBINO PROC FRANCISCA => MONTADOR VAI FAZER A TÉ O DIA 25/05!//MONTAGEM CONCLUIDA. => 1 => 140091 => G.ROUPA BERGAMO 6P LAZIO IMB/PTO => 0 =>  => 0 =>  => 0 =>  => 0 =>  => 0 =>  => 0 =>  => 0 =>  => 0 =>  => 0 =>  => 0 =>  => 0 =>  => 0 =>  => 0 =>  => 0 =>  => 0 =>  => 0 =>  => 0 =>  => 0 =>  => 0 =>  => "

-------------------------------
 
ALTERAÇÃO DE CLIENTE
POST => "MIRIAN" Data => "2012-07-28 10:40:15", Alterou o Cliente de vale 516519 => "INFORMAÇÕES ALTERADAS => "1 => 4432 => 11 => 22 => 13 => 0 => 0 => 04/07/2012 => 516519 => 246 => 24289 => 03/07/2012 => MOISES SILVA PIRES => 598/199 => HELLOA GUIMARAES BARBOSA =>  => RUA PRINCIPAL RUA UM CASA => 02 ANDAR =>  => ROCINHA => RIO DE JANEIRO => RJ => 3204-7211 => 9836-1603 =>  => PX A PADARIA NA CASA DO BARAO, SRA HELOA OU SRA SOLANGE. => passado p/caminhao atender dia 30/07/12,confirmado com a mae da cliente. => 1 => 8981 => G. ROUPA MOVAL 6P40065 COL PLUS TB/M => 0 =>  => 0 =>  => 0 =>  => 0 =>  => 0 =>  => 0 =>  => 0 =>  => 0 =>  => 0 =>  => 0 =>  => 0 =>  => 0 =>  => 0 =>  => 0 =>  => 0 =>  => 0 =>  => 0 =>  => 0 =>  => 0 =>  => "

-------------------------------
 
ALTERAÇÃO DE CLIENTE
POST => "luciana" Data => "2012-07-28 11:10:12", Alterou o Cliente de vale 50950 => "INFORMAÇÕES ALTERADAS => "1 => 4643 => 5 => 33 => 15 => 0 => 2 => 16/06/2012 => 50950 => 198 => 50950 => 12/07/2012 =>  =>  => ARTINEU VITER NETO =>  => ALMIRANTE VALDEMAR MOTA => 372 =>  => PAVUNA => RIO DE JANEIRO =>  => 2455-3367 =>  =>  => PROT:526213 => FEITO O PEDIDO DE PEÇAS DIA 28/7 LUCIANA  => 1 => 140391 => G.ROUPA ARAPLAC 8P AUSTRIA TB/BR => 1 => 140391 => G.ROUPA ARAPLAC 8P AUSTRIA TB/BR => 0 =>  => 0 =>  => 0 =>  => 0 =>  => 0 =>  => 0 =>  => 0 =>  => 0 =>  => 0 =>  => 0 =>  => 0 =>  => 0 =>  => 0 =>  => 0 =>  => 0 =>  => 0 =>  => 0 =>  => 0 =>  => "

-------------------------------
 
ALTERAÇÃO DE CLIENTE
POST => "luciana" Data => "2012-07-28 11:11:16", Alterou o Cliente de vale 534448 => "INFORMAÇÕES ALTERADAS => "1 => 4782 => 5 => 26 => 28 => 0 => 2 => 24/07/2012 => 534448 => RE => 534448 => 23/07/2012 =>  =>  => JAQUELINE DE PIZO =>  => SAQUAREMA => 71 => CASA => SANTO ALEIXO => MAGE =>  => 8424-1645 =>  =>  => NA RUA DO BAR DO ERONILDO SUBINDO O MORRO AO LADO DA CASA DO ZE JOAO PROC JAQUELINE => AGEND:28/7LUCIANA  => 1 => 139155 => G.ROUPA FRITZ 6P DANY AMEND /PTO => 0 =>  => 0 =>  => 0 =>  => 0 =>  => 0 =>  => 0 =>  => 0 =>  => 0 =>  => 0 =>  => 0 =>  => 0 =>  => 0 =>  => 0 =>  => 0 =>  => 0 =>  => 0 =>  => 0 =>  => 0 =>  => 0 =>  => "

-------------------------------
 
ALTERAÇÃO DE CLIENTE
POST => "simone" Data => "2012-07-28 11:23:09", Alterou o Cliente de vale 580770 => "INFORMAÇÕES ALTERADAS => "1 => 4491 => 35 => 37 => 33 => 0 => 2 => 06/07/2012 => 580770 => RE => 580770 => 02/07/2012 =>  =>  => MARIA GORETE GONÇALVES DA S SILVA =>  => RUA C ACESSO EST ITARARE => 7801 => 26 => RAMOS => RIO DE JANEIRO =>  => 7855-7862 =>  =>  => UMA ENTRADA ANTES DO UPPA ITARARE ANTIGAPOESI NA RUA DO YPE PROC => agendado p/23/07/12.obs: Em contato com montador, local area de risco ,não podia entrar na comunidade ,  vai atender até o dia 31/07 => 1 => 137137 => MESA CARRARO ISABELE 4C 375/152 RD BRSEM => 0 =>  => 0 =>  => 0 =>  => 0 =>  => 0 =>  => 0 =>  => 0 =>  => 0 =>  => 0 =>  => 0 =>  => 0 =>  => 0 =>  => 0 =>  => 0 =>  => 0 =>  => 0 =>  => 0 =>  => 0 =>  => 0 =>  => "

-------------------------------
 
ALTERAÇÃO DE CLIENTE
POST => "simone" Data => "2012-07-28 11:43:54", Alterou o Cliente de vale 522946 => "INFORMAÇÕES ALTERADAS => "1 => 4627 => 35 => 32 => 6 => 2 => 0 => 14/07/2012 => 522946 => 197 => 25609 => 13/07/2012 => ABILIO MARCOS SANTOS => 110326/S => ELIANE FERNANDES DIAS =>  => RUA DA REVISTA => LT 05 => QD 06 => CARMO => JAPERI => RJ => 3764-9888 =>  =>  => ATRAS DO CLUB CANECOS,PX DO CIEP 355 ROQUETE. => OBS: PASSADO E-MAIL NO DIA 28/07 PARA O NAEC SOLICITANDO OUTRO TELEFONE DE CONTATO RE AO CLIENTE ELIANE FERNANDES ASSIM QUE ESTA NO MEU E-MAIL => 1 => 5730 => MESA GRANITO LIVIA 4C QUAD NAP/PTO => 0 =>  => 0 =>  => 0 =>  => 0 =>  => 0 =>  => 0 =>  => 0 =>  => 0 =>  => 0 =>  => 0 =>  => 0 =>  => 0 =>  => 0 =>  => 0 =>  => 0 =>  => 0 =>  => 0 =>  => 0 =>  => 0 =>  => "

-------------------------------
 
ALTERAÇÃO DE CLIENTE
POST => "luciana" Data => "2012-07-28 11:53:17", Alterou o Cliente de vale 582784 => "INFORMAÇÕES ALTERADAS => "1 => 4681 => 5 => 22 => 6 => 0 => 2 => 17/07/2012 => 582784 => 182 => 582784 => 16/07/2012 =>  =>  => IVANISE ANTONIA DE SOUZA =>  => RUA URUGUAI => 65 => CASA => COREIA => MESQUITA => RJ => 3763-0794 => 9541-9287 =>  => ATRAS DO TENIS CLUBE. => FEITO O PEDIDO DE PEÇAS DIA 28/7 LUCIANA  => 1 => 8488 => G.ROUPA ARAMOVEIS 3P 4149 TB/BR => 0 =>  => 0 =>  => 0 =>  => 0 =>  => 0 =>  => 0 =>  => 0 =>  => 0 =>  => 0 =>  => 0 =>  => 0 =>  => 0 =>  => 0 =>  => 0 =>  => 0 =>  => 0 =>  => 0 =>  => 0 =>  => 0 =>  => "

-------------------------------
