 
ALTERAÇÃO DE CLIENTE
POST => "camila" Data => "2012-08-13 09:13:29", Alterou o Cliente de vale 489087 => "INFORMAÇÕES ALTERADAS => "1 => 4777 => 6 => 20 => 10 => 0 => 0 => 20/07/2012 => 489087 => 212 => 2406 => 16/05/2012 => PEDRO DA SILVA PARANHOS => 37305/199 => MARIA JOSE ALVES DOS SANTOS => 26113365 => PROJETADA DOIS => 1 bl ap 504 =>  => DAS GRAÇAS => BELFORD ROXO => RJ => 3732-2948 =>  =>  => EM FRENTE AO COLEGIO  FLORIPEDES ENTRANDO PELA RUA AMALIA ROCHA CONDOMINIO SAN FRANCISCO => AGEND: SEGUNDA 30/7 LUCIANA .....Montado pelo cliente.. => 1 => 3163 => CAMA CS BIANCHI LX FLAVIA VIENA TECA /PT => 0 =>  => 0 =>  => 0 =>  => 0 =>  => 0 =>  => 0 =>  => 0 =>  => 0 =>  => 0 =>  => 0 =>  => 0 =>  => 0 =>  => 0 =>  => 0 =>  => 0 =>  => 0 =>  => 0 =>  => 0 =>  => 0 =>  => "

-------------------------------
 
ALTERAÇÃO DE CLIENTE
POST => "MIRIAN" Data => "2012-08-13 09:47:33", Alterou o Cliente de vale 510155 => "INFORMAÇÕES ALTERADAS => "1 => 4311 => 11 => 28 => 18 => 0 => 1 => 25/06/2012 => 510155 => 171 => 23805 => 23/06/2012 => PENHA ROSANA DA SILVA CAMPOS => 568211/s => LUZINETE CORREIA DOS SANTOS => 21725060 => RUA: MIRANGA => 70 =>  => REALENGO => RIO DE JANEIRO => RJ => 3337-1791 =>  =>  => PROX AO ANTIGO POSTO 200 AV BRASIL E FABRICA FERPAN. => é para desmontar o produto. => 1 => 98721 => MESA FRITZ 4C LEBLON BR/VD => 0 =>  => 0 =>  => 0 =>  => 0 =>  => 0 =>  => 0 =>  => 0 =>  => 0 =>  => 0 =>  => 0 =>  => 0 =>  => 0 =>  => 0 =>  => 0 =>  => 0 =>  => 0 =>  => 0 =>  => 0 =>  => 0 =>  => "

-------------------------------
 
ALTERAÇÃO DE CLIENTE
POST => "luciana" Data => "2012-08-13 10:49:23", Alterou o Cliente de vale 523738 => "INFORMAÇÕES ALTERADAS => "1 => 4886 => 5 => 29 => 10 => 0 => 2 => 06/08/2012 => 523738 => 236 => 523738 => 01/08/2012 =>  =>  => LOIDES FERNANDES MATTOS =>  => ESTRADA DE XEREM => 77 csc =>  => PARQUE XEREM => DUQUE DE CAXIAS =>  => 2679-5107 =>  =>  => FEITO O PEDIDO DE PEÇAS DIA 14/8 LUCIANA . =>  => 1 => 8921 => G.ROUPA BIANCHI 6P REQUINTE TB/MP => 0 =>  => 0 =>  => 0 =>  => 0 =>  => 0 =>  => 0 =>  => 0 =>  => 0 =>  => 0 =>  => 0 =>  => 0 =>  => 0 =>  => 0 =>  => 0 =>  => 0 =>  => 0 =>  => 0 =>  => 0 =>  => 0 =>  => "

-------------------------------
 
ALTERAÇÃO DE CLIENTE
POST => "luciana" Data => "2012-08-13 10:49:30", Alterou o Cliente de vale 523738 => "INFORMAÇÕES ALTERADAS => "1 => 4886 => 5 => 26 => 30 => 0 => 2 => 06/08/2012 => 523738 => 236 => 523738 => 01/08/2012 =>  =>  => LOIDES FERNANDES MATTOS =>  => ESTRADA DE XEREM => 77 csc =>  => PARQUE XEREM => DUQUE DE CAXIAS =>  => 2679-5107 =>  =>  => FEITO O PEDIDO DE PEÇAS DIA 14/8 LUCIANA  =>  => 1 => 8921 => G.ROUPA BIANCHI 6P REQUINTE TB/MP => 0 =>  => 0 =>  => 0 =>  => 0 =>  => 0 =>  => 0 =>  => 0 =>  => 0 =>  => 0 =>  => 0 =>  => 0 =>  => 0 =>  => 0 =>  => 0 =>  => 0 =>  => 0 =>  => 0 =>  => 0 =>  => 0 =>  => "

-------------------------------
 
ALTERAÇÃO DE CLIENTE
POST => "luciana" Data => "2012-08-13 11:03:01", Alterou o Cliente de vale 622171 => "INFORMAÇÕES ALTERADAS => "1 => 4877 => 5 => 32 => 11 => 0 => 2 => 06/08/2012 => 622171 => 197 => 622171 => 03/08/2012 =>  =>  => DEVANI SILVA PEREIRA =>  => ESTRADA DA ESPERANÇA => 35 =>  => AMBAI => NOVA IGUAÇU =>  => 2669-5143 =>  =>  => AGEND:SEGUNDA 13/8 LUCIANA =>  => 1 => 138033 => G.ROUPA ARAPLAC 10P ATLAN PLUS TB/AM => 0 =>  => 0 =>  => 0 =>  => 0 =>  => 0 =>  => 0 =>  => 0 =>  => 0 =>  => 0 =>  => 0 =>  => 0 =>  => 0 =>  => 0 =>  => 0 =>  => 0 =>  => 0 =>  => 0 =>  => 0 =>  => 0 =>  => "

-------------------------------
 
ALTERAÇÃO DE CLIENTE
POST => "luciana" Data => "2012-08-13 11:07:39", Alterou o Cliente de vale 621003 => "INFORMAÇÕES ALTERADAS => "1 => 4876 => 5 => 22 => 14 => 0 => 2 => 06/08/2012 => 621003 => 180 => 621003 => 03/08/2012 =>  =>  => LUCIA MARIA DA SILVEIRA =>  => BARROS LIMA => 19 =>  => JOSE BULHOES => NOVA IGUAÇU =>  => 3768-0907 =>  =>  => AGEND:13/8 LUCIANA  =>  => 1 => 138033 => G.ROUPA ARAPLAC 10P ATLAN PLUS TB/AM => 0 =>  => 0 =>  => 0 =>  => 0 =>  => 0 =>  => 0 =>  => 0 =>  => 0 =>  => 0 =>  => 0 =>  => 0 =>  => 0 =>  => 0 =>  => 0 =>  => 0 =>  => 0 =>  => 0 =>  => 0 =>  => 0 =>  => "

-------------------------------
 
ALTERAÇÃO DE CLIENTE
POST => "MIRIAN" Data => "2012-08-13 11:08:39", Alterou o Cliente de vale 619464 => "INFORMAÇÕES ALTERADAS => "1 => 4863 => 11 => 30 => 25 => 0 => 2 => 31/07/2012 => 619464 => 179 => 619464 => 31/07/2012 =>  =>  => FRANCINELMA DE RAMOS =>  => DEBUSSY => 385 => APT101 => JARDIM AMERICA => RIO DE JANEIRO =>  => 3346-5812 =>  =>  =>  => AG.08/08/12./tel da cliente não atende as 11:08 dia 13/08/12.mirian => 1 => 135251 => G.ROUPA FRITZ 6P DANY TB/BR => 0 =>  => 0 =>  => 0 =>  => 0 =>  => 0 =>  => 0 =>  => 0 =>  => 0 =>  => 0 =>  => 0 =>  => 0 =>  => 0 =>  => 0 =>  => 0 =>  => 0 =>  => 0 =>  => 0 =>  => 0 =>  => 0 =>  => "

-------------------------------
 
ALTERAÇÃO DE CLIENTE
POST => "luciana" Data => "2012-08-13 11:10:24", Alterou o Cliente de vale 619963 => "INFORMAÇÕES ALTERADAS => "1 => 4875 => 5 => 21 => 25 => 0 => 2 => 06/08/2012 => 619963 => 197 => 619963 => 03/08/2012 =>  =>  => MARIA JOSE ROBEIRO DOS SANTOS =>  => AFRO MELO => 277 =>  => JARDIM NOVA ERA => NOVA IGUAÇU =>  => 3103-6238 =>  =>  => AGEND: SEGUNDA 13/8 LUCIANA  =>  => 1 => 140391 => G.ROUPA ARAPLAC 8P AUSTRIA TB/BR => 0 =>  => 0 =>  => 0 =>  => 0 =>  => 0 =>  => 0 =>  => 0 =>  => 0 =>  => 0 =>  => 0 =>  => 0 =>  => 0 =>  => 0 =>  => 0 =>  => 0 =>  => 0 =>  => 0 =>  => 0 =>  => 0 =>  => "

-------------------------------
 
ALTERAÇÃO DE CLIENTE
POST => "MIRIAN" Data => "2012-08-13 11:11:33", Alterou o Cliente de vale 549019 => "INFORMAÇÕES ALTERADAS => "1 => 4549 => 11 => 15 => 15 => 0 => 2 => 10/07/2012 => 549019 => 215 => 549019 => 09/07/2012 =>  =>  => FERNANDO LUIZ ALMADA =>  => RUA DEOCLECIO DE BARROS => 88 => CASA => AMENDOEIRA => SAO GONCALO => RJ => 3605-6105 => 9136-6229 =>  => ENTRAR NA RUA ENEIDA GOMES,RUA DA PADARIA PORTO PRINCIPE,PEDIDO:93581 => agendado p/09/08/12//ainda nao foi fazer a  revisao.13/08/12.cliente está em casa até 15/08/12.mirian => 1 => 135357 => ESTANTE SOMOPAR 23000 IMB/PTO => 0 =>  => 0 =>  => 0 =>  => 0 =>  => 0 =>  => 0 =>  => 0 =>  => 0 =>  => 0 =>  => 0 =>  => 0 =>  => 0 =>  => 0 =>  => 0 =>  => 0 =>  => 0 =>  => 0 =>  => 0 =>  => 0 =>  => "

-------------------------------
 
ALTERAÇÃO DE CLIENTE
POST => "luciana" Data => "2012-08-13 11:23:19", Alterou o Cliente de vale 587752 => "INFORMAÇÕES ALTERADAS => "1 => 4776 => 5 => 33 => 16 => 0 => 2 => 20/07/2012 => 587752 =>  => 587752 => 19/07/2012 =>  =>  => HILDA DA SILVA BESSA AFONSO =>  => VENTURA LT 8 QD 76 => 0 => CASA 5 => CURICICA => RIO DE JANEIRO =>  => 2441-3671 => 7631-2816 =>  => PROX AO DEPOSITO DE BEBIDAS DA INDIA E AO HOSPITAL RAPHAEL DE PAULA SOUZA LAUDO PASSADO DIA 8/8 LUCIANA  => JOSE  CARLO RIBEIRO VAI ATENDE TERÇA 7/8 VISTORIA CONCLUIDA LAUDO ENVIADO 8/8 LUCIANA  => 1 => 8342 => G ROUPA N.HORIZ 3P AREZZO TB/BR/MP => 0 =>  => 0 =>  => 0 =>  => 0 =>  => 0 =>  => 0 =>  => 0 =>  => 0 =>  => 0 =>  => 0 =>  => 0 =>  => 0 =>  => 0 =>  => 0 =>  => 0 =>  => 0 =>  => 0 =>  => 0 =>  => 0 =>  => "

-------------------------------
 
ALTERAÇÃO DE CLIENTE
POST => "luciana" Data => "2012-08-13 11:31:24", Alterou o Cliente de vale 619963 => "INFORMAÇÕES ALTERADAS => "1 => 4875 => 5 => 31 => 20 => 0 => 2 => 06/08/2012 => 619963 => 197 => 619963 => 03/08/2012 =>  =>  => MARIA JOSE ROBEIRO DOS SANTOS =>  => AFRO MELO => 277 =>  => JARDIM NOVA ERA => NOVA IGUAÇU =>  => 3103-6238 =>  =>  => AGEND: SEGUNDA 13/8 LUCIANA  =>  => 1 => 140391 => G.ROUPA ARAPLAC 8P AUSTRIA TB/BR => 0 =>  => 0 =>  => 0 =>  => 0 =>  => 0 =>  => 0 =>  => 0 =>  => 0 =>  => 0 =>  => 0 =>  => 0 =>  => 0 =>  => 0 =>  => 0 =>  => 0 =>  => 0 =>  => 0 =>  => 0 =>  => 0 =>  => "

-------------------------------
 
ALTERAÇÃO DE CLIENTE
POST => "MIRIAN" Data => "2012-08-13 11:35:00", Alterou o Cliente de vale 534476 => "INFORMAÇÕES ALTERADAS => "1 => 4786 => 11 => 29 => 9 => 0 => 2 => 24/07/2012 => 534476 => RE => 534476 => 23/07/2012 =>  =>  => REGINALDO FONTES VIEIRA =>  => ANTONIO CARLOS DA SILVA => 269 => CASA => VILAR DOS TELES => SAO  JOAO DE MERITI =>  => 2753-9113 =>  =>  =>  => ag.14/08/12. => 1 => 141871 => MESA P/MICRO MULTI CONJ UNION BR => 0 =>  => 0 =>  => 0 =>  => 0 =>  => 0 =>  => 0 =>  => 0 =>  => 0 =>  => 0 =>  => 0 =>  => 0 =>  => 0 =>  => 0 =>  => 0 =>  => 0 =>  => 0 =>  => 0 =>  => 0 =>  => 0 =>  => "

-------------------------------
 
ALTERAÇÃO DE CLIENTE
POST => "luciana" Data => "2012-08-13 11:35:37", Alterou o Cliente de vale 552099 => "INFORMAÇÕES ALTERADAS => "1 => 4907 => 5 => 21 => 13 => 0 => 2 => 08/08/2012 => 552099 => 197 => 552099 => 15/06/2012 =>  =>  => ROSANGELA PINTO BETTCHER =>  => ARIO INDIO DO BRASIL => 151 =>  => LAGES => PARACAMBI => RJ => 6885-6654 =>  =>  => PROX A PIZZARIA QUEN ANTIGA RUA 8 PED.55179 => AGEND: SEGUNDA 13/8 LUCIANA . => 1 => 140391 => G.ROUPA ARAPLAC 8P AUSTRIA TB/BR => 0 =>  => 0 =>  => 0 =>  => 0 =>  => 0 =>  => 0 =>  => 0 =>  => 0 =>  => 0 =>  => 0 =>  => 0 =>  => 0 =>  => 0 =>  => 0 =>  => 0 =>  => 0 =>  => 0 =>  => 0 =>  => 0 =>  => "

-------------------------------
 
ALTERAÇÃO DE CLIENTE
POST => "luciana" Data => "2012-08-13 11:35:59", Alterou o Cliente de vale 552099 => "INFORMAÇÕES ALTERADAS => "1 => 4907 => 5 => 47 => 17 => 0 => 2 => 08/08/2012 => 552099 => 197 => 552099 => 15/06/2012 =>  =>  => ROSANGELA PINTO BETTCHER =>  => ARIO INDIO DO BRASIL => 151 =>  => LAGES => PARACAMBI => RJ => 6885-6654 =>  =>  => PROX A PIZZARIA QUEN ANTIGA RUA 8 PED.55179 => AGEND: SEGUNDA 13/8 LUCIANA  => 1 => 140391 => G.ROUPA ARAPLAC 8P AUSTRIA TB/BR => 0 =>  => 0 =>  => 0 =>  => 0 =>  => 0 =>  => 0 =>  => 0 =>  => 0 =>  => 0 =>  => 0 =>  => 0 =>  => 0 =>  => 0 =>  => 0 =>  => 0 =>  => 0 =>  => 0 =>  => 0 =>  => 0 =>  => "

-------------------------------
 
ALTERAÇÃO DE CLIENTE
POST => "luciana" Data => "2012-08-13 11:39:48", Alterou o Cliente de vale 543259 => "INFORMAÇÕES ALTERADAS => "1 => 4826 => 5 => 33 => 9 => 0 => 2 => 27/07/2012 => 543259 => 242 => 543259 => 24/07/2012 =>  =>  => ELIANE DE ARAUJO =>  => RUA PRINCIPAL DARCI VARGAS => 399 =>  => CENTRO => SAO JOAO DE MERITI => RJ => 2756-1809 =>  =>  => PROX AO MERCADO BRAULIO PED.47798 => FEITO O PEDIDO DE PEÇAS DIA 13/8 LUCIANA  => 1 => 136543 => COZINHA  LUCIANE DAKAR CHAMP/NOG => 0 =>  => 0 =>  => 0 =>  => 0 =>  => 0 =>  => 0 =>  => 0 =>  => 0 =>  => 0 =>  => 0 =>  => 0 =>  => 0 =>  => 0 =>  => 0 =>  => 0 =>  => 0 =>  => 0 =>  => 0 =>  => 0 =>  => "

-------------------------------
 
ALTERAÇÃO DE CLIENTE
POST => "luciana" Data => "2012-08-13 11:41:21", Alterou o Cliente de vale 543259 => "INFORMAÇÕES ALTERADAS => "1 => 4826 => 5 => 45 => 17 => 0 => 2 => 27/07/2012 => 543259 => 242 => 543259 => 24/07/2012 =>  =>  => ELIANE DE ARAUJO =>  => RUA PRINCIPAL DARCI VARGAS => 399 =>  => CENTRO => SAO JOAO DE MERITI => RJ => 2756-1809 =>  =>  => PROX AO MERCADO BRAULIO PED.47798 => FEITO O PEDIDO DE PEÇAS DIA 13/8 LUCIANA  => 1 => 136543 => COZINHA  LUCIANE DAKAR CHAMP/NOG => 0 =>  => 0 =>  => 0 =>  => 0 =>  => 0 =>  => 0 =>  => 0 =>  => 0 =>  => 0 =>  => 0 =>  => 0 =>  => 0 =>  => 0 =>  => 0 =>  => 0 =>  => 0 =>  => 0 =>  => 0 =>  => 0 =>  => "

-------------------------------
 
CADASTRO DE CLIENTE
POST => "MIRIAN" Data => "2012-08-13 12:09:05", Cadastrou o Cliente de vale 537783 => "INFORMAÇÕES CADASTRADAS => "11 => 21 => 17 => 0 => 1 => 08/08/2012 => 537783 => 204 => 1311 => 07/08/2012 => ALCIDES SANTOS EIRAS => 24911/199 => ROSANE DE MORAES MENDES DOS SANTOS => 24420560 => RUA: BOQUEIRAO PEQUENO  => 1856 =>  => GALO BRANCO => SÃO GONÇALO => RJ =>  =>  =>  => RUA DA GARAGEM NOVA AVIAÇÃO GALO BRANCO PROC SRA HELENA SOGRA => 01 => 135479 => BALCAO C/T KIPLAC RENATA PLUS BR/PT =>  =>  =>  =>  =>  =>  =>  =>  =>  =>  =>  =>  =>  =>  =>  =>  =>  =>  =>  =>  =>  =>  =>  =>  =>  =>  =>  =>  =>  =>  =>  =>  =>  =>  =>  =>  =>  =>  => "

-------------------------------
 
CADASTRO DE CLIENTE
POST => "MIRIAN" Data => "2012-08-13 12:13:32", Cadastrou o Cliente de vale 537785 => "INFORMAÇÕES CADASTRADAS => "11 => 35 => 15 => 0 => 1 => 08/08/2012 => 537785 => 204 => 537785 => 07/08/2012 => ALCIDES SANTOS EIRAS => 249227/199 => ROSANE DE MORAES MENDES DOS SANTOS => 24420553 => RUA: BOQUEIRAO PEQUENO => 1856 =>  => GALO BRANCO => SAO GONÇALO => RJ =>  =>  =>  => RUA DA GARAGEM NOVA DA VIAÇÃO GALO BRANCO PROC SR HELENA  SOGRA => 01 => 135481 => COZ KIPLAC RENATA PLUS BR/PTO =>  =>  =>  =>  =>  =>  =>  =>  =>  =>  =>  =>  =>  =>  =>  =>  =>  =>  =>  =>  =>  =>  =>  =>  =>  =>  =>  =>  =>  =>  =>  =>  =>  =>  =>  =>  =>  =>  => "

-------------------------------
 
ALTERAÇÃO DE CLIENTE
POST => "MIRIAN" Data => "2012-08-13 12:50:09", Alterou o Cliente de vale 583875 => "INFORMAÇÕES ALTERADAS => "1 => 4456 => 11 => 14 => 33 => 0 => 2 => 06/07/2012 => 583875 => 215 => 583875 => 05/07/2012 =>  =>  => ROBERTA SALLES DE SOUZA =>  => RUA LUCIO BITTENCOURT => LT 14 => CS 02 QD 07 => AMENDOEIRA => SAO GONCALO => RJ => 2603-0466 => 7851-5312 =>  => 2A RUA APOS MERCADO CORTES PRC ROBERTA =>  => 1 => 100136 => COZINHA ITAT DAYANE BR => 0 =>  => 0 =>  => 0 =>  => 0 =>  => 0 =>  => 0 =>  => 0 =>  => 0 =>  => 0 =>  => 0 =>  => 0 =>  => 0 =>  => 0 =>  => 0 =>  => 0 =>  => 0 =>  => 0 =>  => 0 =>  => 0 =>  => "

-------------------------------
 
ALTERAÇÃO DE CLIENTE
POST => "luciana" Data => "2012-08-13 13:11:47", Alterou o Cliente de vale 561360 => "INFORMAÇÕES ALTERADAS => "1 => 4772 => 5 => 31 => 22 => 0 => 2 => 20/07/2012 => 561360 => RE => 561360 => 18/07/2012 =>  =>  => AGMA INACIA DA SILVA VIEIRA =>  => ANTONIO JOSE DE MORAES => 408 => CASA => CENTRO => SAO  JOAO DE MERITI =>  =>  =>  =>  => PROX A IGREJA  DE DEUS PROC FERNANDA OU AGMA => FEITO O PEDIDO DE PEÇAS DIA 13/5 E-MAIL PASSADO PARA O WAGNER E LIDIANE LUCIANA  => 1 => 140391 => G.ROUPA ARAPLAC 8P AUSTRIA TB/BR => 0 =>  => 0 =>  => 0 =>  => 0 =>  => 0 =>  => 0 =>  => 0 =>  => 0 =>  => 0 =>  => 0 =>  => 0 =>  => 0 =>  => 0 =>  => 0 =>  => 0 =>  => 0 =>  => 0 =>  => 0 =>  => 0 =>  => "

-------------------------------
 
ALTERAÇÃO DE CLIENTE
POST => "luciana" Data => "2012-08-13 13:16:52", Alterou o Cliente de vale 574440 => "INFORMAÇÕES ALTERADAS => "1 => 4603 => 5 => 24 => 8 => 0 => 2 => 12/07/2012 => 574440 => RE => 574440 => 10/07/2012 =>  =>  => ALESSANDRO SANTOS DE JESUS =>  => RUA JABRE => 413 => CASA => HITERLAND => BELFORD ROXO =>  => 3411-6546 =>  =>  => ENTREGAR NOS FUNDOS PROX A SECRETARIA DE SEGURANÇA EMM FRENTE => FEITO O PEDIDO DE PEÇAS DA 13/8 E-MAIL PASSADO PARA LIDIANE E WAGNER LUCIANA  => 1 => 6121 => ESTANTE JB BECHARA 3040 AM /PT => 0 =>  => 0 =>  => 0 =>  => 0 =>  => 0 =>  => 0 =>  => 0 =>  => 0 =>  => 0 =>  => 0 =>  => 0 =>  => 0 =>  => 0 =>  => 0 =>  => 0 =>  => 0 =>  => 0 =>  => 0 =>  => 0 =>  => "

-------------------------------
 
ALTERAÇÃO DE CLIENTE
POST => "luciana" Data => "2012-08-13 13:20:11", Alterou o Cliente de vale 574440 => "INFORMAÇÕES ALTERADAS => "1 => 4603 => 5 => 36 => 25 => 0 => 2 => 12/07/2012 => 574440 => RE => 574440 => 10/07/2012 =>  =>  => ALESSANDRO SANTOS DE JESUS =>  => RUA JABRE => 413 => CASA => HITERLAND => BELFORD ROXO =>  => 3411-6546 =>  =>  => ENTREGAR NOS FUNDOS PROX A SECRETARIA DE SEGURANÇA EMM FRENTE => FEITO O PEDIDO DE PEÇAS DA 13/8 E-MAIL PASSADO PARA LIDIANE E WAGNER LUCIANA  => 1 => 6121 => ESTANTE JB BECHARA 3040 AM /PT => 0 =>  => 0 =>  => 0 =>  => 0 =>  => 0 =>  => 0 =>  => 0 =>  => 0 =>  => 0 =>  => 0 =>  => 0 =>  => 0 =>  => 0 =>  => 0 =>  => 0 =>  => 0 =>  => 0 =>  => 0 =>  => 0 =>  => "

-------------------------------
 
ALTERAÇÃO DE CLIENTE
POST => "luciana" Data => "2012-08-13 13:22:27", Alterou o Cliente de vale 583875 => "INFORMAÇÕES ALTERADAS => "1 => 4456 => 5 => 33 => 25 => 0 => 2 => 06/07/2012 => 583875 => 215 => 583875 => 05/07/2012 =>  =>  => ROBERTA SALLES DE SOUZA =>  => RUA LUCIO BITTENCOURT => LT 14 => CS 02 QD 07 => AMENDOEIRA => SAO GONCALO => RJ => 2603-0466 => 7851-5312 =>  => 2A RUA APOS MERCADO CORTES PRC ROBERTA => FEIO O PEDIDO DE PEÇAS DIA 13/8 E-MAIL ENVIADO PARA LIDIANE E WAGNER LUCIANA  => 1 => 100136 => COZINHA ITAT DAYANE BR => 0 =>  => 0 =>  => 0 =>  => 0 =>  => 0 =>  => 0 =>  => 0 =>  => 0 =>  => 0 =>  => 0 =>  => 0 =>  => 0 =>  => 0 =>  => 0 =>  => 0 =>  => 0 =>  => 0 =>  => 0 =>  => 0 =>  => "

-------------------------------
 
ALTERAÇÃO DE CLIENTE
POST => "luciana" Data => "2012-08-13 13:25:29", Alterou o Cliente de vale 583875 => "INFORMAÇÕES ALTERADAS => "1 => 4456 => 5 => 11 => 19 => 0 => 2 => 06/07/2012 => 583875 => 215 => 583875 => 05/07/2012 =>  =>  => ROBERTA SALLES DE SOUZA =>  => RUA LUCIO BITTENCOURT => LT 14 => CS 02 QD 07 => AMENDOEIRA => SAO GONCALO => RJ => 2603-0466 => 7851-5312 =>  => 2A RUA APOS MERCADO CORTES PRC ROBERTA => FEIO O PEDIDO DE PEÇAS DIA 13/8 E-MAIL ENVIADO PARA LIDIANE E WAGNER LUCIANA  => 1 => 100136 => COZINHA ITAT DAYANE BR => 0 =>  => 0 =>  => 0 =>  => 0 =>  => 0 =>  => 0 =>  => 0 =>  => 0 =>  => 0 =>  => 0 =>  => 0 =>  => 0 =>  => 0 =>  => 0 =>  => 0 =>  => 0 =>  => 0 =>  => 0 =>  => 0 =>  => "

-------------------------------
 
ALTERAÇÃO DE CLIENTE
POST => "luciana" Data => "2012-08-13 13:29:37", Alterou o Cliente de vale 583875 => "INFORMAÇÕES ALTERADAS => "1 => 4456 => 5 => 23 => 11 => 0 => 2 => 06/07/2012 => 583875 => 215 => 583875 => 05/07/2012 =>  =>  => ROBERTA SALLES DE SOUZA =>  => RUA LUCIO BITTENCOURT => LT 14 => CS 02 QD 07 => AMENDOEIRA => SAO GONCALO => RJ => 2603-0466 => 7851-5312 =>  => 2A RUA APOS MERCADO CORTES PRC ROBERTA => FEIO O PEDIDO DE PEÇAS DIA 13/8 E-MAIL ENVIADO PARA LIDIANE E WAGNER LUCIANA  => 1 => 100136 => COZINHA ITAT DAYANE BR => 0 =>  => 0 =>  => 0 =>  => 0 =>  => 0 =>  => 0 =>  => 0 =>  => 0 =>  => 0 =>  => 0 =>  => 0 =>  => 0 =>  => 0 =>  => 0 =>  => 0 =>  => 0 =>  => 0 =>  => 0 =>  => 0 =>  => "

-------------------------------
 
CADASTRO DE CLIENTE
POST => "MIRIAN" Data => "2012-08-13 13:31:13", Cadastrou o Cliente de vale 574389 => "INFORMAÇÕES CADASTRADAS => "11 => 34 => 23 => 0 => 2 => 25/05/2012 => 574389 => 181 => 574389 => 25/05/2012 =>  =>  => MARIANE CRISTINA VIEIRA =>  => RUA HENRIQUE DIAS => lt 03 => QD 10 => GRADIM => SAO GONÇALO => RJ => 2723-8095 =>  =>  => NA RUA TELE NICK PROC MARIANE PED.71252 => 01 => 8917 => COMODA BIANCHI REQUINTE TV /VID TB/MP =>  =>  =>  =>  =>  =>  =>  =>  =>  =>  =>  =>  =>  =>  =>  =>  =>  =>  =>  =>  =>  =>  =>  =>  =>  =>  =>  =>  =>  =>  =>  =>  =>  =>  =>  =>  =>  =>  => "

-------------------------------
 
ALTERAÇÃO DE CLIENTE
POST => "luciana" Data => "2012-08-13 13:35:02", Alterou o Cliente de vale 534995 => "INFORMAÇÕES ALTERADAS => "1 => 4709 => 5 => 5 => 12 => 0 => 2 => 17/07/2012 => 534995 => 214 => 534995 => 16/07/2012 =>  =>  => EMANUELLE SORAYA DE MELO =>  => RUA HORMINDA ABREU ANTIGA RUA 13 => 51 =>  => NOVA CIDADE => ITABORAÍ => RJ => 9729-2799 =>  =>  => NA RUA DO MAZA BOX SOBE A LADEIRA 1 RUA A ESQUERDA. => FEITO O PEDIDO DE PEÇAS DIA 13/8 E-MAIL ENVIADO PARA LIDIANE E WAGNER LUCIANA  => 1 => 140391 => G.ROUPA ARAPLAC 8P AUSTRIA TB/BR => 0 =>  => 0 =>  => 0 =>  => 0 =>  => 0 =>  => 0 =>  => 0 =>  => 0 =>  => 0 =>  => 0 =>  => 0 =>  => 0 =>  => 0 =>  => 0 =>  => 0 =>  => 0 =>  => 0 =>  => 0 =>  => 0 =>  => "

-------------------------------
 
ALTERAÇÃO DE CLIENTE
POST => "luciana" Data => "2012-08-13 13:37:54", Alterou o Cliente de vale 534995 => "INFORMAÇÕES ALTERADAS => "1 => 4709 => 5 => 18 => 12 => 0 => 2 => 17/07/2012 => 534995 => 214 => 534995 => 16/07/2012 =>  =>  => EMANUELLE SORAYA DE MELO =>  => RUA HORMINDA ABREU ANTIGA RUA 13 => 51 =>  => NOVA CIDADE => ITABORAÍ => RJ => 9729-2799 =>  =>  => NA RUA DO MAZA BOX SOBE A LADEIRA 1 RUA A ESQUERDA. => FEITO O PEDIDO DE PEÇAS DIA 13/8 E-MAIL ENVIADO PARA LIDIANE E WAGNER LUCIANA  => 1 => 140391 => G.ROUPA ARAPLAC 8P AUSTRIA TB/BR => 0 =>  => 0 =>  => 0 =>  => 0 =>  => 0 =>  => 0 =>  => 0 =>  => 0 =>  => 0 =>  => 0 =>  => 0 =>  => 0 =>  => 0 =>  => 0 =>  => 0 =>  => 0 =>  => 0 =>  => 0 =>  => 0 =>  => "

-------------------------------
 
ALTERAÇÃO DE CLIENTE
POST => "luciana" Data => "2012-08-13 13:46:41", Alterou o Cliente de vale 317974 => "INFORMAÇÕES ALTERADAS => "1 => 4770 => 5 => 23 => 26 => 0 => 0 => 20/07/2012 => 317974 => 239 => 22033 => 04/11/2011 => THIAGO LUIZ DA SILVA => 350173/199 => THAIS GARCIA DE MESQUITA => 24756690 => RUA: ROMEU CASA GRANDE => 228 =>  => MARIA PAULA => SÃO GONÇALO => RJ => 2619-0364 => 9580-3368 => 8725-2803 => PROC BAR DO RANDAL CS EM CIMA DO BAR PROC THAIS OU TAUAN => FEITO O PEDIDO DE PEÇA DIA 13/8 ENVIEI E-MAIL PARA LIDIANE E WAGNER LUCIANA . => 1 => 100136 => COZINHA ITAT DAYANE BR => 0 =>  => 0 =>  => 0 =>  => 0 =>  => 0 =>  => 0 =>  => 0 =>  => 0 =>  => 0 =>  => 0 =>  => 0 =>  => 0 =>  => 0 =>  => 0 =>  => 0 =>  => 0 =>  => 0 =>  => 0 =>  => 0 =>  => "

-------------------------------
 
ALTERAÇÃO DE CLIENTE
POST => "luciana" Data => "2012-08-13 13:52:29", Alterou o Cliente de vale 580363 => "INFORMAÇÕES ALTERADAS => "1 => 4591 => 5 => 24 => 32 => 0 => 2 => 12/07/2012 => 580363 => 204 => 580363 => 10/07/2012 =>  =>  => CARLOS ALBERTO MOISES ALBINO =>  => RUA DAMAS ORTIZ => 315 => CASA => JARDIM CALIFORNIA => SAO GONCALO => RJ => 2604-7172 =>  =>  => PX AO COLEGIO MENTOL COUTO,PEDIDO: 1487 => ag.01/08/12.FEITO O PEDIDO DE PEÇAS DIA 13/8 E-MAIL PASSADO PARA LIDIANE E WAGNER LUCIANA  => 1 => 8981 => G. ROUPA MOVAL 6P40065 COL PLUS TB/M => 0 =>  => 0 =>  => 0 =>  => 0 =>  => 0 =>  => 0 =>  => 0 =>  => 0 =>  => 0 =>  => 0 =>  => 0 =>  => 0 =>  => 0 =>  => 0 =>  => 0 =>  => 0 =>  => 0 =>  => 0 =>  => 0 =>  => "

-------------------------------
 
ALTERAÇÃO DE CLIENTE
POST => "luciana" Data => "2012-08-13 13:56:28", Alterou o Cliente de vale 549054 => "INFORMAÇÕES ALTERADAS => "1 => 4701 => 5 => 33 => 12 => 0 => 2 => 17/07/2012 => 549054 => 215 => 549054 => 16/07/2012 =>  =>  => BENISIO FRANCISCO DA FONSECA =>  => RUA CAPISTRANO DE ABREU => 17 => QD 27 CASA 2 => SANTA ISABEL => SAO GONCALO => RJ => 7436-7729 => 2706-4350 =>  => NA SUBIDA CONCRETADA 2A RUA ANTES DO CIEP 421. => FEITO O PEDIDO DE PEÇA DIA 13/8 E-MAIL PASSADO PARA LIDIANE E WAGNER LUCIANA  => 1 => 136216 => G.ROUPA MOVAL 6P PARIS TB/BR => 0 =>  => 0 =>  => 0 =>  => 0 =>  => 0 =>  => 0 =>  => 0 =>  => 0 =>  => 0 =>  => 0 =>  => 0 =>  => 0 =>  => 0 =>  => 0 =>  => 0 =>  => 0 =>  => 0 =>  => 0 =>  => 0 =>  => "

-------------------------------
 
ALTERAÇÃO DE CLIENTE
POST => "luciana" Data => "2012-08-13 14:08:16", Alterou o Cliente de vale 532263 => "INFORMAÇÕES ALTERADAS => "1 => 4853 => 5 => 25 => 24 => 0 => 0 => 31/07/2012 => 532263 => 179 => 169830 => 30/07/2012 => ANDERSON PEREIRA SANTOS => 513594 => CREUSA DO NASCIMENTO SANTOS =>  => TREZE DE MAIO => 779 => CASA 2 => VILA SÃO LUIS => DUQUE DE CAXIAS =>  => 2653-4026 =>  =>  => PROX A PRAÇA DE SÃO LUIS => AGEND:SEXTA feira  10/8 O MONTADOR VAI RETORNAR DIA 13/8 SEGUNDA LUCIANA  => 1 => 6340 => COMODA RV LONDRES TB/BR => 0 =>  => 0 =>  => 0 =>  => 0 =>  => 0 =>  => 0 =>  => 0 =>  => 0 =>  => 0 =>  => 0 =>  => 0 =>  => 0 =>  => 0 =>  => 0 =>  => 0 =>  => 0 =>  => 0 =>  => 0 =>  => 0 =>  => "

-------------------------------
 
ALTERAÇÃO DE CLIENTE
POST => "luciana" Data => "2012-08-13 14:11:40", Alterou o Cliente de vale 561360 => "INFORMAÇÕES ALTERADAS => "1 => 4772 => 5 => 12 => 10 => 0 => 2 => 20/07/2012 => 561360 => RE => 561360 => 18/07/2012 =>  =>  => AGMA INACIA DA SILVA VIEIRA =>  => ANTONIO JOSE DE MORAES => 408 => CASA => CENTRO => SAO  JOAO DE MERITI =>  =>  =>  =>  => PROX A IGREJA  DE DEUS PROC FERNANDA OU AGMA => FEITO O PEDIDO DE PEÇAS DIA 13/5 E-MAIL PASSADO PARA O WAGNER E LIDIANE LUCIANA  => 1 => 140391 => G.ROUPA ARAPLAC 8P AUSTRIA TB/BR => 0 =>  => 0 =>  => 0 =>  => 0 =>  => 0 =>  => 0 =>  => 0 =>  => 0 =>  => 0 =>  => 0 =>  => 0 =>  => 0 =>  => 0 =>  => 0 =>  => 0 =>  => 0 =>  => 0 =>  => 0 =>  => 0 =>  => "

-------------------------------
 
ALTERAÇÃO DE CLIENTE
POST => "luciana" Data => "2012-08-13 14:37:03", Alterou o Cliente de vale 523738 => "INFORMAÇÕES ALTERADAS => "1 => 4886 => 5 => 16 => 15 => 0 => 2 => 06/08/2012 => 523738 => 236 => 523738 => 01/08/2012 =>  =>  => LOIDES FERNANDES MATTOS =>  => ESTRADA DE XEREM => 77 csc =>  => PARQUE XEREM => DUQUE DE CAXIAS =>  => 2679-5107 =>  =>  => FEITO O PEDIDO DE PEÇAS DIA 13/8 LUCIANA  =>  => 1 => 8921 => G.ROUPA BIANCHI 6P REQUINTE TB/MP => 0 =>  => 0 =>  => 0 =>  => 0 =>  => 0 =>  => 0 =>  => 0 =>  => 0 =>  => 0 =>  => 0 =>  => 0 =>  => 0 =>  => 0 =>  => 0 =>  => 0 =>  => 0 =>  => 0 =>  => 0 =>  => 0 =>  => "

-------------------------------
 
ALTERAÇÃO DE CLIENTE
POST => "luciana" Data => "2012-08-13 15:20:10", Alterou o Cliente de vale 549054 => "INFORMAÇÕES ALTERADAS => "1 => 4701 => 5 => 9 => 12 => 0 => 2 => 17/07/2012 => 549054 => 215 => 549054 => 16/07/2012 =>  =>  => BENISIO FRANCISCO DA FONSECA =>  => RUA CAPISTRANO DE ABREU => 17 => QD 27 CASA 2 => SANTA ISABEL => SAO GONCALO => RJ => 7436-7729 => 2706-4350 =>  => NA SUBIDA CONCRETADA 2A RUA ANTES DO CIEP 421. => FEITO O PEDIDO DE PEÇA DIA 13/8 E-MAIL PASSADO PARA LIDIANE E WAGNER LUCIANA  => 1 => 136216 => G.ROUPA MOVAL 6P PARIS TB/BR => 0 =>  => 0 =>  => 0 =>  => 0 =>  => 0 =>  => 0 =>  => 0 =>  => 0 =>  => 0 =>  => 0 =>  => 0 =>  => 0 =>  => 0 =>  => 0 =>  => 0 =>  => 0 =>  => 0 =>  => 0 =>  => 0 =>  => "

-------------------------------
 
ALTERAÇÃO DE CLIENTE
POST => "luciana" Data => "2012-08-13 15:32:26", Alterou o Cliente de vale 518812 => "INFORMAÇÕES ALTERADAS => "1 => 4488 => 5 => 11 => 27 => 2 => 0 => 06/07/2012 => 518812 => 215 => 96457 => 06/07/2012 => JOSE HENRIQUE GOMES FERREIRA => 500246/199 => CARLOS ALBERTO DUTRA => 24715450 => RUA: GILBERTO AMADO => 10 => QD1 => JARDIM CATARINA => SÃO GONÇALO => RJ => 8859-5795 =>  =>  => PASSANDO O VIADUTO ST LUZIA SEGUNDARIA 2 RUA A DIR PROC CARLIONHO MECANICO => FEITO O PEDIDO DE PEÇA DIA 13/8 E-MAIL ENVIADO PARA LIDIANE E WAGNER LUCIANA  => 1 => 8372 => G.ROUPA BP 3P DUBAY TB/BR/MP => 0 =>  => 0 =>  => 0 =>  => 0 =>  => 0 =>  => 0 =>  => 0 =>  => 0 =>  => 0 =>  => 0 =>  => 0 =>  => 0 =>  => 0 =>  => 0 =>  => 0 =>  => 0 =>  => 0 =>  => 0 =>  => 0 =>  => "

-------------------------------
 
ALTERAÇÃO DE CLIENTE
POST => "MIRIAN" Data => "2012-08-13 16:56:10", Alterou o Cliente de vale 452363 => "INFORMAÇÕES ALTERADAS => "1 => 4607 => 11 => 27 => 8 => 2 => 0 => 12/07/2012 => 452363 => 215 => 96516 => 26/03/2012 => GILBERTO DA SILVA GONCALVES => 517925 / 199 => ANA PAULA VIEGAS MAIA => 24400000 => RUA:FREI AGOSTINHO => lt 22 => QD 223 => JARDIM BOM RETIRO => SAO GONCALO => RJ => 9328-7255 => 8107-4633 =>  => TREVO DE MARAMBAIA ENTRAR NA RUA DO BORRACHEIRO, SEGUIR EM FRENTE NA DESCIDA NO PORTÃO DE MADEIRA. => AGENDADO P/DIA 27/07 => 1 => 135481 => COZ KIPLAC RENATA PLUS BR/PTO => 0 =>  => 0 =>  => 0 =>  => 0 =>  => 0 =>  => 0 =>  => 0 =>  => 0 =>  => 0 =>  => 0 =>  => 0 =>  => 0 =>  => 0 =>  => 0 =>  => 0 =>  => 0 =>  => 0 =>  => 0 =>  => 0 =>  => "

-------------------------------
