 
CADASTRO DE CLIENTE
POST => "MIRIAN" Data => "2012-07-14 08:34:16", Cadastrou o Cliente de vale 485705 => "INFORMAÇÕES CADASTRADAS => "11 => 27 => 22 => 0 => 0 => 14/07/2012 => 485705 => 244 => 35226 => 10/05/2012 => LEANDRA GONZAGA DOS SANTOS => 539313/199 => GEDALVA SILVINO => 26521100 => RUA: INÁCIO SERRA => 92 =>  => NOSSA SENHORA DE FATIMA => NILÓPOLIS => RJ =>  =>  =>  => PONTO FINAL DOM SOARES NEIVA OU FINAL DO MARIO DE ARAUJO PROC VALERIA => 01 => 100136 => COZINHA ITAT DAYANE BR =>  =>  =>  =>  =>  =>  =>  =>  =>  =>  =>  =>  =>  =>  =>  =>  =>  =>  =>  =>  =>  =>  =>  =>  =>  =>  =>  =>  =>  =>  =>  =>  =>  =>  =>  =>  =>  =>  => "

-------------------------------
 
CADASTRO DE CLIENTE
POST => "MIRIAN" Data => "2012-07-14 08:47:00", Cadastrou o Cliente de vale 352068 => "INFORMAÇÕES CADASTRADAS => "11 => 37 => 22 => 0 => 0 => 14/07/2012 => 352068 => 236 => 36672 => 09/12/2011 => EDIR SILVA DOS SANTOS => 397346/199 => ALCIONE BARRETO DE LIMA => 25571300 => RUA: BOSTON => ap 101 => LT 27 QD F => JARDIM NOVA CALIFÓRNIA => SÃO JOÃO DE MERITI => RJ => 3065-3018 =>  =>  => PROX AO CAMPO DO RODO IGREJA CATOLICA SUBIDA DO MORRO => 01 => 136651 => COZINHA TELASSUL CRISTAL 80123 BR =>  =>  =>  =>  =>  =>  =>  =>  =>  =>  =>  =>  =>  =>  =>  =>  =>  =>  =>  =>  =>  =>  =>  =>  =>  =>  =>  =>  =>  =>  =>  =>  =>  =>  =>  =>  =>  =>  => "

-------------------------------
 
CADASTRO DE CLIENTE
POST => "MIRIAN" Data => "2012-07-14 08:50:53", Cadastrou o Cliente de vale 523035 => "INFORMAÇÕES CADASTRADAS => "11 => 27 => 23 => 0 => 1 => 14/07/2012 => 523035 => 213 => 58087 => 13/07/2012 => ANA PAULA TEIXEIRA BASTOS => 471143/199 => ADRIANA COSTA PEREIRA => 25272015 => RUA: TREZE => 226 => CS01 => JARDIM IMBARIÊ => DUQUE DE CAXIAS => RJ => 3666-1527 => 9159-4656 =>  => PROX AO DEPOSITO DAS CASAS BAHIA PROC ADRIANA OU ANDREIA  => 01 => 135481 => COZ KIPLAC RENATA PLUS BR/PTO =>  =>  =>  =>  =>  =>  =>  =>  =>  =>  =>  =>  =>  =>  =>  =>  =>  =>  =>  =>  =>  =>  =>  =>  =>  =>  =>  =>  =>  =>  =>  =>  =>  =>  =>  =>  =>  =>  => "

-------------------------------
 
CADASTRO DE CLIENTE
POST => "marta" Data => "2012-07-14 08:51:16", Cadastrou o Cliente de vale 79700 => "INFORMAÇÕES CADASTRADAS => "22 => 22 => 12 => 2 => 0 => 14/07/2012 => 79700 => 274 => 79700 => 13/07/2012 => MAURO LIMA MACHADO => 459195 => MARIA HELENA VIANA DIAS =>  => MARIA EUGENIA CHAGAS => 136 => CASA => BARBUDA => MAGE =>  => 3630-4843 =>  =>  => DEPOIS DA CRECHE SEGUNDA RUA A DIREITA RUA DA BANDALHA PROC MARIA OU RODRIGO 9145-6742 => 1 => 9302 => KIT COZ KP 6P DELTA COLOR BR/ VD =>  =>  =>  =>  =>  =>  =>  =>  =>  =>  =>  =>  =>  =>  =>  =>  =>  =>  =>  =>  =>  =>  =>  =>  =>  =>  =>  =>  =>  =>  =>  =>  =>  =>  =>  =>  =>  =>  => "

-------------------------------
 
CADASTRO DE CLIENTE
POST => "marta" Data => "2012-07-14 08:54:39", Cadastrou o Cliente de vale 522968 => "INFORMAÇÕES CADASTRADAS => "22 => 33 => 23 => 2 => 0 => 14/07/2012 => 522968 => 213 => 41903 => 13/07/2012 => RONALDO DOS SANTOS FIGUEIREDO => 242007 => JHONATAN DA COSTA MARTINS =>  => N  => 129 => CASA FDS => PARQUE CACULA => MAGE =>  => 3650-4561 => 9317-7925 =>  => AO LADO DA CASA NA COR AZUL EM UMM PORTÃO PEQUENO BRANCO PROC ISABELA OU JONATAN  => 1 => 135481 => COZ KIPLAC RENATA PLUS BR/PTO =>  =>  =>  =>  =>  =>  =>  =>  =>  =>  =>  =>  =>  =>  =>  =>  =>  =>  =>  =>  =>  =>  =>  =>  =>  =>  =>  =>  =>  =>  =>  =>  =>  =>  =>  =>  =>  =>  => "

-------------------------------
 
CADASTRO DE CLIENTE
POST => "ANNE" Data => "2012-07-14 08:55:41", Cadastrou o Cliente de vale 522946 => "INFORMAÇÕES CADASTRADAS => "18 => 27 => 25 => 2 => 0 => 14/07/2012 => 522946 => 197 => 25609 => 13/07/2012 => ABILIO MARCOS SANTOS => 110326/S => ELIANE FERNANDES DIAS =>  => RUA DA REVISTA => LT 05 => QD 06 => CARMO => JAPERI => RJ => 3764-9888 =>  =>  => ATRAS DO CLUB CANECOS,PX DO CIEP 355 ROQUETE. => 01 => 5730 => MESA GRANITO LIVIA 4C QUAD NAP/PTO =>  =>  =>  =>  =>  =>  =>  =>  =>  =>  =>  =>  =>  =>  =>  =>  =>  =>  =>  =>  =>  =>  =>  =>  =>  =>  =>  =>  =>  =>  =>  =>  =>  =>  =>  =>  =>  =>  => "

-------------------------------
 
CADASTRO DE CLIENTE
POST => "MIRIAN" Data => "2012-07-14 08:59:58", Cadastrou o Cliente de vale 523023 => "INFORMAÇÕES CADASTRADAS => "11 => 44 => 7 => 0 => 0 => 14/07/2012 => 523023 => 215 => 93635 => 13/07/2012 => LIVIA DE CASTRO SILVA => 500221/199 => CAMILA GUIMARAES COUTINHO => 24750000 => RUA: ANTÔNIO BERNARDO RIBEIRO => 242 =>  => ARSENAL => SÃO GONÇALO => RJ => 9321-2637 =>  =>  => PROX AO MATERIAL DE CONSTRUÇÃO CS AO LADO CENTRO DE DILZA PROC LUCAS OU FELIPE => 01 => 140391 => G.ROUPA ARAPLAC 8P AUSTRIA TB/BR =>  =>  =>  =>  =>  =>  =>  =>  =>  =>  =>  =>  =>  =>  =>  =>  =>  =>  =>  =>  =>  =>  =>  =>  =>  =>  =>  =>  =>  =>  =>  =>  =>  =>  =>  =>  =>  =>  => "

-------------------------------
 
CADASTRO DE CLIENTE
POST => "marta" Data => "2012-07-14 09:03:02", Cadastrou o Cliente de vale 522965 => "INFORMAÇÕES CADASTRADAS => "22 => 19 => 18 => 2 => 0 => 14/07/2012 => 522965 => 230 => 522965 => 13/07/2012 => GLAUCE COSTA GABRIEL => 503165 => JANILDA CAMPOS DE SOUZA =>  => TRAVESSA PIXINGUINHA  => 11 => CASA => CAMPO GRANDE => RIO DE JANEIRO =>  => 3425-6877 =>  =>  => PEGAR RIO SAO PAULO APOS GAS BRAS NA RUA MERCADO LESTE CONJ SANTA MARIA => 1 => 140391 => G.ROUPA ARAPLAC 8P AUSTRIA TB/BR => 1 => 142332 => BOX PLUMATEX UNIVERSAL 138X188X25 =>  =>  =>  =>  =>  =>  =>  =>  =>  =>  =>  =>  =>  =>  =>  =>  =>  =>  =>  =>  =>  =>  =>  =>  =>  =>  =>  =>  =>  =>  =>  =>  =>  =>  =>  =>  => "

-------------------------------
 
CADASTRO DE CLIENTE
POST => "MIRIAN" Data => "2012-07-14 09:09:07", Cadastrou o Cliente de vale 607602 => "INFORMAÇÕES CADASTRADAS => "11 => 12 => 28 => 0 => 2 => 14/07/2012 => 607602 => 243 => 607602 => 13/07/2012 =>  =>  => LENIRA MARTINS DE CARVALHO =>  => RUA MARI FERNANDES => 19 => CASA => CALIFORNIA => NOVA IGUAÇU => RJ => 2767-7880 =>  =>  => PROX A FABRICA DE CERVEJA SKOL,SEGUIR PELA RUA DO ENCANAMENTO PROC GUIMAR OU JOSINA => 01 => 140391 => G.ROUPA ARAPLAC 8P AUSTRIA TB/BR =>  =>  =>  =>  =>  =>  =>  =>  =>  =>  =>  =>  =>  =>  =>  =>  =>  =>  =>  =>  =>  =>  =>  =>  =>  =>  =>  =>  =>  =>  =>  =>  =>  =>  =>  =>  =>  =>  => "

-------------------------------
 
CADASTRO DE CLIENTE
POST => "marta" Data => "2012-07-14 09:09:42", Cadastrou o Cliente de vale 52663 => "INFORMAÇÕES CADASTRADAS => "22 => 23 => 12 => 2 => 0 => 14/07/2012 => 52663 => 181 => 52663 => 13/07/2012 => CASSIO HENRIQUE LIMA DA SILVA => 337620 => EVELYN CRISTINA SILVA =>  => LEMOS CUNHA => 584 => CASA 5 FDS => ICARAI => NITEROI =>  => 2715-7214 => 7305-7275 =>  =>  BARRACA DE DN NEINHA ANTES DO TUNEL PROC EVELYN NETA NEINHA => 1 => 135481 => COZ KIPLAC RENATA PLUS BR/PTO =>  =>  =>  =>  =>  =>  =>  =>  =>  =>  =>  =>  =>  =>  =>  =>  =>  =>  =>  =>  =>  =>  =>  =>  =>  =>  =>  =>  =>  =>  =>  =>  =>  =>  =>  =>  =>  =>  => "

-------------------------------
 
CADASTRO DE CLIENTE
POST => "MIRIAN" Data => "2012-07-14 09:12:01", Cadastrou o Cliente de vale 420067 => "INFORMAÇÕES CADASTRADAS => "11 => 23 => 2 => 0 => 0 => 14/07/2012 => 420067 => 197 => 54314 => 14/02/2012 => FERNANDA  CINTHYA DE JESSUS CORR => 491917/199 => JANE APARECIDA ROSA => 26353170 => RUA: DA LUTA => 534 =>  => JARDIM LARANJEIRAS => NOVA IGUACU => RJ => 3699-5754 => 7663-3045 =>  => PROX A BARRACA MARIA CABELAO  => 01 => 138033 => G.ROUPA ARAPLAC 10P ATLAN PLUS TB/AM =>  =>  =>  =>  =>  =>  =>  =>  =>  =>  =>  =>  =>  =>  =>  =>  =>  =>  =>  =>  =>  =>  =>  =>  =>  =>  =>  =>  =>  =>  =>  =>  =>  =>  =>  =>  =>  =>  => "

-------------------------------
 
ALTERAÇÃO DE CLIENTE
POST => "ANNE" Data => "2012-07-14 09:14:21", Alterou o Cliente de vale 490556 => "INFORMAÇÕES ALTERADAS => "1 => 3804 => 18 => 39 => 24 => 0 => 0 => 21/05/2012 => 490556 => 179 => 8547 => 17/05/2012 => CLEBER HONORATO DA LUZ => 34043/199 => PATRICIA CARDOSO DE ANDRADE => 25245810 => DOURO Nº 486 => 486 =>  => AMAPA => DUQUE DE CAXIAS => RJ => 3630-8579 => 9912-7841 =>  => Ponto final do onibus amapá. cliente não atende o tel acima dia 29/5 as 13:24hs  agend: 31/5 LUCIANA =>  => 1 => 6340 => COMODA RV LONDRES TB/BR => 0 =>  => 0 =>  => 0 =>  => 0 =>  => 0 =>  => 0 =>  => 0 =>  => 0 =>  => 0 =>  => 0 =>  => 0 =>  => 0 =>  => 0 =>  => 0 =>  => 0 =>  => 0 =>  => 0 =>  => 0 =>  => 0 =>  => "

-------------------------------
 
CADASTRO DE CLIENTE
POST => "MIRIAN" Data => "2012-07-14 09:15:22", Cadastrou o Cliente de vale 420062 => "INFORMAÇÕES CADASTRADAS => "11 => 47 => 16 => 0 => 0 => 14/07/2012 => 420062 => 197 => 54314 => 14/02/2012 => FERNANDA  CINTHYA DE JESSUS CORR => 491876/199 => JANE APARECIDA ROSA => 26353170 => RUA: DA LUTA => 534 =>  => JARDIM LARANJEIRAS => NOVA IGUAÇU => RJ => 3699-5754 => 7663-3045 =>  => PROX A BARRACA MARIA CABELAO => 01 => 8372 => G.ROUPA BP 3P DUBAY TB/BR/MP =>  =>  =>  =>  =>  =>  =>  =>  =>  =>  =>  =>  =>  =>  =>  =>  =>  =>  =>  =>  =>  =>  =>  =>  =>  =>  =>  =>  =>  =>  =>  =>  =>  =>  =>  =>  =>  =>  => "

-------------------------------
 
CADASTRO DE CLIENTE
POST => "marta" Data => "2012-07-14 09:16:45", Cadastrou o Cliente de vale 522951 => "INFORMAÇÕES CADASTRADAS => "22 => 13 => 26 => 2 => 0 => 14/07/2012 => 522951 => 203 => 522951 => 13/07/2012 => MARCOS MOURA => 534193 => EVANDRO GONÇALVES DE OLIVEIRA =>  => AV ERNANI CARDOSO BL 2APTO 408 => 217 =>  => CASCADURA => RIO DE JANEIRO =>  => 2229-5913 =>  =>  => ENTRE O SARGENTO DE CASCADURA E COLEGIO MV1 9666-9614 => 1 => 8323 => RACK SOMOPAR 20000 TB/MP =>  =>  =>  =>  =>  =>  =>  =>  =>  =>  =>  =>  =>  =>  =>  =>  =>  =>  =>  =>  =>  =>  =>  =>  =>  =>  =>  =>  =>  =>  =>  =>  =>  =>  =>  =>  =>  =>  => "

-------------------------------
 
ALTERAÇÃO DE CLIENTE
POST => "ANNE" Data => "2012-07-14 10:03:42", Alterou o Cliente de vale 576820 => "INFORMAÇÕES ALTERADAS => "1 => 4366 => 18 => 32 => 9 => 0 => 2 => 28/06/2012 => 576820 => 212 => 576820 => 26/06/2012 =>  =>  => JOSE CARLOS FERREIRA BATOS =>  => RUA ESTRADA BELFORD ROXO => 1700 => CS 27 => BOA ESPERANÇA => BELFORD ROXO => RJ => 3472-9654 =>  =>  => PED.4207 => FEITO PEDIDO DE PEÇA 14/07! => 1 => 7849 => MESA GRANITO CARLA 4C RET NAP/PTO => 0 =>  => 0 =>  => 0 =>  => 0 =>  => 0 =>  => 0 =>  => 0 =>  => 0 =>  => 0 =>  => 0 =>  => 0 =>  => 0 =>  => 0 =>  => 0 =>  => 0 =>  => 0 =>  => 0 =>  => 0 =>  => 0 =>  => "

-------------------------------
 
ALTERAÇÃO DE CLIENTE
POST => "camila" Data => "2012-07-14 10:10:02", Alterou o Cliente de vale 520439 => "INFORMAÇÕES ALTERADAS => "1 => 4523 => 6 => 30 => 15 => 2 => 0 => 10/07/2012 => 520439 => 241 => 520439 => 10/07/2012 => JULIO CESAR VIEIRA SOARES => 3560/199 => MIRIAM OLIVEIRA ALVES => 26125560 => RUA: DA LAPA => 180 => CS01 => VILA HELIOPOLIS => BELFORD ROXO => RJ => 2761-7657 => 7580-9152 =>  => PROX A UMA CRECHE PROC PELA MAE DA LARISSA ped.43311 =>  => 1 => 136651 => COZINHA TELASSUL CRISTAL 80123 BR => 0 =>  => 0 =>  => 0 =>  => 0 =>  => 0 =>  => 0 =>  => 0 =>  => 0 =>  => 0 =>  => 0 =>  => 0 =>  => 0 =>  => 0 =>  => 0 =>  => 0 =>  => 0 =>  => 0 =>  => 0 =>  => 0 =>  => "

-------------------------------
 
CADASTRO DE CLIENTE
POST => "MIRIAN" Data => "2012-07-14 10:12:13", Cadastrou o Cliente de vale 523037 => "INFORMAÇÕES CADASTRADAS => "11 => 28 => 28 => 0 => 0 => 14/07/2012 => 523037 => 179 => 523037 => 13/07/2012 => CAMILA PEREIRA DE OLIVEIRA => 281620/199 => PEDRO PAULO => 2508670 => RUA 04 => 23 =>  => PARQUE DA MISSOES => DUQUE DE CAXIAS => RJ => 3836-9266 => 9555-6429 =>  => ENTRADA PELA ITAIPAVA AO LADO DO POSTO DE SAUDE PROC MAGNA.PED.108797 => 01 => 139758 => ARM COLOR CLASS SL PAN 4P BR =>  =>  =>  =>  =>  =>  =>  =>  =>  =>  =>  =>  =>  =>  =>  =>  =>  =>  =>  =>  =>  =>  =>  =>  =>  =>  =>  =>  =>  =>  =>  =>  =>  =>  =>  =>  =>  =>  => "

-------------------------------
 
CADASTRO DE CLIENTE
POST => "MIRIAN" Data => "2012-07-14 10:15:35", Cadastrou o Cliente de vale 498617 => "INFORMAÇÕES CADASTRADAS => "11 => 40 => 17 => 0 => 0 => 14/07/2012 => 498617 => 179 => 498617 => 30/05/2012 => CAMILA PEREIRA DE OLIVEIRA => 281625/199 => PEDRO PAULO => 25086470 => RUA: 4 => 23 =>  => TREVO DAS MISSÕES => DUQUE DE CAXIAS => RJ => 3836-9266 => 9555-.642 =>  => ENTRSDS PRLS ITSIPSVS SO LSDO DO POSTO DE SAUDE.PED.108797 => 01 => 139754 => ARM COLOR CLASS SL 3P  AP3P  BR => 01 => 139763 => ARM.COLOR CLASS SL BASC.1P BR =>  =>  =>  =>  =>  =>  =>  =>  =>  =>  =>  =>  =>  =>  =>  =>  =>  =>  =>  =>  =>  =>  =>  =>  =>  =>  =>  =>  =>  =>  =>  =>  =>  =>  =>  =>  => "

-------------------------------
 
ALTERAÇÃO DE CLIENTE
POST => "ANNE" Data => "2012-07-14 10:16:43", Alterou o Cliente de vale 561026 => "INFORMAÇÕES ALTERADAS => "1 => 4378 => 18 => 24 => 12 => 0 => 2 => 28/06/2012 => 561026 => RE => 561026 => 25/06/2012 =>  =>  => EMANUELLE MACIEL DO NASCIMENTO =>  => PEREIRA DA CUNHA => 42 =>  => PARQUE AMORIM => BELFORD ROXO =>  => 9176-8044 => 9418-7496 =>  => PROX AO MERCADO KAVAZAK => FEITO PEDIDO DE PEÇA 14/07! => 1 => 7849 => MESA GRANITO CARLA 4C RET NAP/PTO => 0 =>  => 0 =>  => 0 =>  => 0 =>  => 0 =>  => 0 =>  => 0 =>  => 0 =>  => 0 =>  => 0 =>  => 0 =>  => 0 =>  => 0 =>  => 0 =>  => 0 =>  => 0 =>  => 0 =>  => 0 =>  => 0 =>  => "

-------------------------------
 
ALTERAÇÃO DE CLIENTE
POST => "ANNE" Data => "2012-07-14 10:35:13", Alterou o Cliente de vale 579940 => "INFORMAÇÕES ALTERADAS => "1 => 4409 => 18 => 30 => 17 => 0 => 2 => 29/06/2012 => 579940 => 195 => 579940 => 29/06/2012 =>  =>  => WASHINGTON SILVA GUILHERME =>  => RUA ARTHUR DE OLIVEIRA COSTA => 34 =>  => VILAR DOS TELES => SAO JOAO DE MERITI => RJ => 7745-3494 =>  =>  =>  => E-MAIL COM LAUDO SOLICITANDO A TROCA DO PRODUTO,ENVIADO NO DIA 14/07! => 1 => 139537 => COZ ITA SUPREMA NOG/S LAC => 1 => 138033 => G.ROUPA ARAPLAC 10P ATLAN PLUS TB/AM => 0 =>  => 0 =>  => 0 =>  => 0 =>  => 0 =>  => 0 =>  => 0 =>  => 0 =>  => 0 =>  => 0 =>  => 0 =>  => 0 =>  => 0 =>  => 0 =>  => 0 =>  => 0 =>  => 0 =>  => 0 =>  => "

-------------------------------
 
ALTERAÇÃO DE CLIENTE
POST => "ANNE" Data => "2012-07-14 10:37:47", Alterou o Cliente de vale 571157 => "INFORMAÇÕES ALTERADAS => "1 => 4397 => 18 => 30 => 22 => 0 => 2 => 28/06/2012 => 571157 => 179 => 571157 => 26/06/2012 =>  =>  => ANTONIO LAURINDO DA SILVA =>  => AMARO AGUIAR BRANDAO => 31 => CS 03 => PARQUE SAO JOSE => BELFORD ROXO => RJ => 3772-4820 =>  =>  => EM FRENTE AO CAMDOBLE DO SR BIRA PROC POR ELIANE CLARINDA CRISTINA E ROBERTA => E-MAIL COM LAUDO SOLICITANDO A TROCA DO PRODUTO,E-MAIL COM LAUDO ENVIADO 14/07! => 1 => 508 => CAB BOX GELIUS PUMA TB/BR/MP 1.40 => 0 =>  => 0 =>  => 0 =>  => 0 =>  => 0 =>  => 0 =>  => 0 =>  => 0 =>  => 0 =>  => 0 =>  => 0 =>  => 0 =>  => 0 =>  => 0 =>  => 0 =>  => 0 =>  => 0 =>  => 0 =>  => 0 =>  => "

-------------------------------
