 
ALTERAÇÃO DE CLIENTE
POST => "luciana" Data => "2012-08-10 10:22:20", Alterou o Cliente de vale 467132 => "INFORMAÇÕES ALTERADAS => "1 => 2568 => 5 => 44 => 22 => 0 => 0 => 12/04/2012 => 467132 => 244 => 7459 => 11/04/2012 => LEANDRA GONZAGA DOS SANTOS => 10106 / S => SONIA MARIA RIBEIRA => 26540010 => RUA: LUCIANO MARCIEL => 42 => FUNDOS => MIGUEL COUTO => Nova Iguaçu => RJ => 7437-3318 =>  =>  => estr do AMBAI NA LINHA TREM  CONFIRMEI COM A CLIENTE PARA SEXTA 27/04 LUCIANA reagend:10-05-12 Camila => CLIENTE NÃO ATENDE O TEL ACIMA DIA 7/8 PARA CONFIRMAR AGENDAMENTO PARA SABADO 11/8 LUCIANA  => 1 => 97672 => RACK ESTRELA TUPELO MP /TB => 0 =>  => 0 =>  => 0 =>  => 0 =>  => 0 =>  => 0 =>  => 0 =>  => 0 =>  => 0 =>  => 0 =>  => 0 =>  => 0 =>  => 0 =>  => 0 =>  => 0 =>  => 0 =>  => 0 =>  => 0 =>  => 0 =>  => "

-------------------------------
 
ALTERAÇÃO DE CLIENTE
POST => "MIRIAN" Data => "2012-08-10 10:22:27", Alterou o Cliente de vale 615762 => "INFORMAÇÕES ALTERADAS => "1 => 4834 => 11 => 24 => 15 => 0 => 2 => 30/07/2012 => 615762 => 179 => 615762 => 26/07/2012 =>  =>  => ROSANGELA CONEGUNDES SALVADOR DA SILVA =>  => RUA JOSE DE ALENCAR => 40 => AP 104 => VILA SAO LUIS => DUQUE DE CAXIAS => RJ => 3774-7416 =>  =>  => PROX AO BAZAR DA PONTE E ANTIGA LAN HOUSE DA MABI PROC POR FATIMA. PED.11284 => revisao executada.08/08/12. => 1 => 16422 => BALC ITAT IGH-97 DAYANE BR/PTO => 0 =>  => 0 =>  => 0 =>  => 0 =>  => 0 =>  => 0 =>  => 0 =>  => 0 =>  => 0 =>  => 0 =>  => 0 =>  => 0 =>  => 0 =>  => 0 =>  => 0 =>  => 0 =>  => 0 =>  => 0 =>  => 0 =>  => "

-------------------------------
 
ALTERAÇÃO DE CLIENTE
POST => "luciana" Data => "2012-08-10 10:26:29", Alterou o Cliente de vale 532263 => "INFORMAÇÕES ALTERADAS => "1 => 4853 => 5 => 19 => 7 => 0 => 0 => 31/07/2012 => 532263 => 179 => 169830 => 30/07/2012 => ANDERSON PEREIRA SANTOS => 513594 => CREUSA DO NASCIMENTO SANTOS =>  => TREZE DE MAIO => 779 => CASA 2 => VILA SÃO LUIS => DUQUE DE CAXIAS =>  => 2653-4026 =>  =>  => PROX A PRAÇA DE SÃO LUIS => AGEND:SEXTA feira  10/8 LUCIANA  => 1 => 6340 => COMODA RV LONDRES TB/BR => 0 =>  => 0 =>  => 0 =>  => 0 =>  => 0 =>  => 0 =>  => 0 =>  => 0 =>  => 0 =>  => 0 =>  => 0 =>  => 0 =>  => 0 =>  => 0 =>  => 0 =>  => 0 =>  => 0 =>  => 0 =>  => 0 =>  => "

-------------------------------
 
ALTERAÇÃO DE CLIENTE
POST => "luciana" Data => "2012-08-10 10:32:31", Alterou o Cliente de vale 622171 => "INFORMAÇÕES ALTERADAS => "1 => 4877 => 5 => 24 => 19 => 0 => 2 => 06/08/2012 => 622171 => 197 => 622171 => 03/08/2012 =>  =>  => DEVANI SILVA PEREIRA =>  => ESTRADA DA ESPERANÇA => 35 =>  => AMBAI => NOVA IGUAÇU =>  => 2669-5143 =>  =>  => AGEND:SABADO 11/8 LUCIANA =>  => 1 => 138033 => G.ROUPA ARAPLAC 10P ATLAN PLUS TB/AM => 0 =>  => 0 =>  => 0 =>  => 0 =>  => 0 =>  => 0 =>  => 0 =>  => 0 =>  => 0 =>  => 0 =>  => 0 =>  => 0 =>  => 0 =>  => 0 =>  => 0 =>  => 0 =>  => 0 =>  => 0 =>  => 0 =>  => "

-------------------------------
 
ALTERAÇÃO DE CLIENTE
POST => "luciana" Data => "2012-08-10 10:33:46", Alterou o Cliente de vale 619963 => "INFORMAÇÕES ALTERADAS => "1 => 4875 => 5 => 33 => 13 => 0 => 2 => 06/08/2012 => 619963 => 197 => 619963 => 03/08/2012 =>  =>  => MARIA JOSE ROBEIRO DOS SANTOS =>  => AFRO MELO => 277 =>  => JARDIM NOVA ERA => NOVA IGUAÇU =>  => 3103-6238 =>  =>  => AGEND: SABADO 11/8 LUCIANA  =>  => 1 => 140391 => G.ROUPA ARAPLAC 8P AUSTRIA TB/BR => 0 =>  => 0 =>  => 0 =>  => 0 =>  => 0 =>  => 0 =>  => 0 =>  => 0 =>  => 0 =>  => 0 =>  => 0 =>  => 0 =>  => 0 =>  => 0 =>  => 0 =>  => 0 =>  => 0 =>  => 0 =>  => 0 =>  => "

-------------------------------
 
ALTERAÇÃO DE CLIENTE
POST => "luciana" Data => "2012-08-10 10:34:59", Alterou o Cliente de vale 621003 => "INFORMAÇÕES ALTERADAS => "1 => 4876 => 5 => 11 => 9 => 0 => 2 => 06/08/2012 => 621003 => 180 => 621003 => 03/08/2012 =>  =>  => LUCIA MARIA DA SILVEIRA =>  => BARROS LIMA => 19 =>  => JOSE BULHOES => NOVA IGUAÇU =>  => 3768-0907 =>  =>  => AGEND: SEXTA 10/8 LUCIANA  =>  => 1 => 138033 => G.ROUPA ARAPLAC 10P ATLAN PLUS TB/AM => 0 =>  => 0 =>  => 0 =>  => 0 =>  => 0 =>  => 0 =>  => 0 =>  => 0 =>  => 0 =>  => 0 =>  => 0 =>  => 0 =>  => 0 =>  => 0 =>  => 0 =>  => 0 =>  => 0 =>  => 0 =>  => 0 =>  => "

-------------------------------
 
CADASTRO DE CLIENTE
POST => "MIRIAN" Data => "2012-08-10 11:10:36", Cadastrou o Cliente de vale 51420 => "INFORMAÇÕES CADASTRADAS => "11 => 21 => 18 => 2 => 0 => 10/08/2012 => 51420 => 197 => 51420 => 10/08/2012 => LEANDRO GONÇALVES RODRIGUES => 470910/199 => DOLORES RODRIGUES ALVES CAMPOS => 26160270 => RUA: AROTIBA => 1116 =>  => SÃO JORGE => BELFORD ROXO => RJ =>  =>  =>  => PROX A CASA DO MATERIAL DE CONSTRUÇÃO VAREJAO DO RUI => 01 => 135481 => COZ KIPLAC RENATA PLUS BR/PTO => 01 => 135479 => BALCAO C/T KIPLAC RENATA PLUS BR/PT =>  =>  =>  =>  =>  =>  =>  =>  =>  =>  =>  =>  =>  =>  =>  =>  =>  =>  =>  =>  =>  =>  =>  =>  =>  =>  =>  =>  =>  =>  =>  =>  =>  =>  =>  =>  => "

-------------------------------
 
CADASTRO DE CLIENTE
POST => "MIRIAN" Data => "2012-08-10 11:25:42", Cadastrou o Cliente de vale 556105 => "INFORMAÇÕES CADASTRADAS => "11 => 14 => 26 => 0 => 2 => 08/08/2012 => 556105 => 179 => 556105 => 08/08/2012 =>  =>  => MOISES ALMEIDA DE MATOS =>  => RUA PROJETADA  => lt 12 => QD 46 => JARDIM ANHANGA => DUQUE DE CAXIAS => RJ => 3650-9542 => 8521-5616 =>  => EM FRENTE AO SEVERINHO DO GAS SR MOISES OU FAFA => 01 => 5728 => MESA GRANITO AUSTRALIA 6C RET OURO =>  =>  =>  =>  =>  =>  =>  =>  =>  =>  =>  =>  =>  =>  =>  =>  =>  =>  =>  =>  =>  =>  =>  =>  =>  =>  =>  =>  =>  =>  =>  =>  =>  =>  =>  =>  =>  =>  => "

-------------------------------
 
ALTERAÇÃO DE CLIENTE
POST => "MIRIAN" Data => "2012-08-10 11:37:28", Alterou o Cliente de vale 561721 => "INFORMAÇÕES ALTERADAS => "1 => 4719 => 11 => 15 => 21 => 0 => 2 => 17/07/2012 => 561721 => 251 => 561721 => 16/07/2012 =>  =>  => TAULER STUTZ JUNIOR =>  => RUA SANTA BRIGIDA => 42 => APTO 302 => PENHA => RIO DE JANEIRO => RJ => 7830-9614 =>  =>  => PERTO DO BAR PINTO REI PERTO DA AV NOSSA SRA DA PENHA. => ag.04/08/12.01 porta grande n.429 => 1 => 140391 => G.ROUPA ARAPLAC 8P AUSTRIA TB/BR => 0 =>  => 0 =>  => 0 =>  => 0 =>  => 0 =>  => 0 =>  => 0 =>  => 0 =>  => 0 =>  => 0 =>  => 0 =>  => 0 =>  => 0 =>  => 0 =>  => 0 =>  => 0 =>  => 0 =>  => 0 =>  => 0 =>  => "

-------------------------------
 
CADASTRO DE CLIENTE
POST => "camila" Data => "2012-08-10 11:39:14", Cadastrou o Cliente de vale 539112 => "INFORMAÇÕES CADASTRADAS => "6 => 36 => 5 => 0 => 0 => 09/08/12 => 539112 => 179 => 33478 => 09/08/2012 => WANDERSON DAMASCENO => 113188 / 199 => CARLOS RODRIGUES DA SILVA MARAVILHA => 25035290 => Rua: Bananal => 805 => LT 125 => JARDIM LEAL => Duque de Caxias => RJ => 9988-2276 => 9262-1928 =>  =>  => 01 => 156231 => CAMA CS GELIUS INDIRA AMEN/PTO =>  =>  =>  =>  =>  =>  =>  =>  =>  =>  =>  =>  =>  =>  =>  =>  =>  =>  =>  =>  =>  =>  =>  =>  =>  =>  =>  =>  =>  =>  =>  =>  =>  =>  =>  =>  =>  =>  => "

-------------------------------
 
CADASTRO DE CLIENTE
POST => "camila" Data => "2012-08-10 11:40:42", Cadastrou o Cliente de vale 538487 => "INFORMAÇÕES CADASTRADAS => "6 => 27 => 25 => 0 => 1 => 09/08/12 => 538487 => 179 => 120531 => 08/08/2012 => CAMILA PEREIRA DE OLIVEIRA => 327839 / 199 => CARLOS RODRIGUES DA SILVA MARAVILHA => 25035290 => Rua: Bananal => 805 => LT 125 => JARDIM LEAL  => Duque de Caxias => RJ =>  =>  =>  =>  => 01 => 1936 => CAMA CS BECHARA FLORIDA MG =>  =>  =>  =>  =>  =>  =>  =>  =>  =>  =>  =>  =>  =>  =>  =>  =>  =>  =>  =>  =>  =>  =>  =>  =>  =>  =>  =>  =>  =>  =>  =>  =>  =>  =>  =>  =>  =>  => "

-------------------------------
 
CADASTRO DE CLIENTE
POST => "camila" Data => "2012-08-10 11:44:31", Cadastrou o Cliente de vale 538930 => "INFORMAÇÕES CADASTRADAS => "6 => 18 => 21 => 0 => 1 => 09/08/12 => 538930 => 179 => 152536 => 09/08/2012 => MARCO ANTONIO DE SOUZA NASCIMENTO => 450625 / 199 => JOADIR MESSIBA GONCALVES => 25046110 => Rua: Antônio Ornelas => lt 06 => QD 07 => Parque Esperança => Duque de Caxias => RJ => 9452-8753 => 3134-6207 =>  =>  => 01 => 138033 => G.ROUPA ARAPLAC 10P ATLAN PLUS TB/AM =>  =>  =>  =>  =>  =>  =>  =>  =>  =>  =>  =>  =>  =>  =>  =>  =>  =>  =>  =>  =>  =>  =>  =>  =>  =>  =>  =>  =>  =>  =>  =>  =>  =>  =>  =>  =>  =>  => "

-------------------------------
 
ALTERAÇÃO DE CLIENTE
POST => "MIRIAN" Data => "2012-08-10 11:46:18", Alterou o Cliente de vale 561953 => "INFORMAÇÕES ALTERADAS => "1 => 4453 => 11 => 38 => 25 => 0 => 2 => 06/07/2012 => 561953 => 216 => 561953 => 05/07/2012 =>  =>  => FRANCINE MARIA DE OLIVEIRA DE LIMA =>  => RUA DA CAPELA => 511 BL 2 => APT 304 => PIEDADE => RIO DE JANEIRO => RJ => 7967-3796 =>  =>  => RUA ATRÁS DA UNIVERCIDADE GAMA FILHO PROC RAFAEL => lateral dir/esq quebrada. => 1 => 140391 => G.ROUPA ARAPLAC 8P AUSTRIA TB/BR => 0 =>  => 0 =>  => 0 =>  => 0 =>  => 0 =>  => 0 =>  => 0 =>  => 0 =>  => 0 =>  => 0 =>  => 0 =>  => 0 =>  => 0 =>  => 0 =>  => 0 =>  => 0 =>  => 0 =>  => 0 =>  => 0 =>  => "

-------------------------------
 
CADASTRO DE CLIENTE
POST => "camila" Data => "2012-08-10 11:46:47", Cadastrou o Cliente de vale 538938 => "INFORMAÇÕES CADASTRADAS => "6 => 17 => 9 => 0 => 1 => 09/08/12 => 538938 => 216 => 333 => 09/08/2012 => SERGIO DE OLIVEIRA => 12575 / 199 => ZENI DOS REIS FERREIRA PINTO => 25070330 => Avenida: Presidente Vargas => 384 => APTO 101 => Centro => Duque de Caxias => RJ => 7617-1528 => 3165-4842 =>  =>  => 01 => 135528 => CJ SALA DE JANTAR  RUFATO BAR 6C AM/PTO =>  =>  =>  =>  =>  =>  =>  =>  =>  =>  =>  =>  =>  =>  =>  =>  =>  =>  =>  =>  =>  =>  =>  =>  =>  =>  =>  =>  =>  =>  =>  =>  =>  =>  =>  =>  =>  =>  => "

-------------------------------
 
CADASTRO DE CLIENTE
POST => "camila" Data => "2012-08-10 11:49:31", Cadastrou o Cliente de vale 538935 => "INFORMAÇÕES CADASTRADAS => "6 => 28 => 2 => 0 => 1 => 03/08/2012 => 538935 => 179 => 24709 => 09/08/2012 => RONALDO BARBOSA DE MOURA => 507461 / s => GILBERTO DE SOUZA DA SILVA => 25231100 => Rua: Mocangue => 75 => CASA 1 => Chácaras Rio-Petrópolis => Duque de Caxias => RJ => 2773-1521 =>  =>  =>  => 01 => 130073 => G.ROUPA ARAPLAC 3P BARCELONA TB/AM =>  =>  =>  =>  =>  =>  =>  =>  =>  =>  =>  =>  =>  =>  =>  =>  =>  =>  =>  =>  =>  =>  =>  =>  =>  =>  =>  =>  =>  =>  =>  =>  =>  =>  =>  =>  =>  =>  => "

-------------------------------
 
CADASTRO DE CLIENTE
POST => "camila" Data => "2012-08-10 11:51:55", Cadastrou o Cliente de vale 268660 => "INFORMAÇÕES CADASTRADAS => "6 => 26 => 24 => 0 => 0 => 09/08/12 => 268660 => 179 => 109269 => 08/09/2012 => CAMILA PEREIRA DE OLIVEIRA => 290460 / 199 => ANA PAULA DUARTE BITENCOURT => 25065182 => Rua: Olegário Mariano => 17 => CASA => Vila São Luís => Duque de Caxias => RJ => 9151-4756 =>  =>  =>  => 01 => 138033 => G.ROUPA ARAPLAC 10P ATLAN PLUS TB/AM =>  =>  =>  =>  =>  =>  =>  =>  =>  =>  =>  =>  =>  =>  =>  =>  =>  =>  =>  =>  =>  =>  =>  =>  =>  =>  =>  =>  =>  =>  =>  =>  =>  =>  =>  =>  =>  =>  => "

-------------------------------
 
ALTERAÇÃO DE CLIENTE
POST => "luciana" Data => "2012-08-10 11:53:08", Alterou o Cliente de vale 457150 => "INFORMAÇÕES ALTERADAS => "1 => 4435 => 5 => 19 => 2 => 0 => 2 => 05/07/2012 => 457150 => 198 => 457150 => 04/07/2012 =>  =>  => MONIQUE FONTES DA SILVA =>  => RUA DOUTOR LUCIO => 48 => FDS => VILA TIRADENTES => SAO JOAO DE MERITI => RJ => 9343-4056 =>  =>  => PED.45799 AO LADO DO SALAO DO ESPELHO PORTAO AZUL PROC POR MONIQUE => FEITO O PEDIDO DE PEÇAS DIA 10/8 LUCIANA  => 1 => 135481 => COZ KIPLAC RENATA PLUS BR/PTO => 0 =>  => 0 =>  => 0 =>  => 0 =>  => 0 =>  => 0 =>  => 0 =>  => 0 =>  => 0 =>  => 0 =>  => 0 =>  => 0 =>  => 0 =>  => 0 =>  => 0 =>  => 0 =>  => 0 =>  => 0 =>  => 0 =>  => "

-------------------------------
 
CADASTRO DE CLIENTE
POST => "camila" Data => "2012-08-10 11:57:45", Cadastrou o Cliente de vale 511057 => "INFORMAÇÕES CADASTRADAS => "6 => 30 => 16 => 0 => 0 => 03/08/2012 => 511057 => 182 => 3973 => 26/06/2012 => ELUCIANA BARBOSA SANTOS => 71912 / 199 => REGINA ALVES RODRIGUES CAMOES => 21635270 => Rua: Lisses Melgaço => 75 => CASA => Parque Anchieta => Rio de Janeiro => RJ => 3358-3285 =>  =>  =>  => 01 => 140094 => G.ROUPA BERGAMO 5P LISBOA IMB/PTO =>  =>  =>  =>  =>  =>  =>  =>  =>  =>  =>  =>  =>  =>  =>  =>  =>  =>  =>  =>  =>  =>  =>  =>  =>  =>  =>  =>  =>  =>  =>  =>  =>  =>  =>  =>  =>  =>  => "

-------------------------------
 
CADASTRO DE CLIENTE
POST => "camila" Data => "2012-08-10 12:06:18", Cadastrou o Cliente de vale 506390 => "INFORMAÇÕES CADASTRADAS => "6 => 28 => 15 => 0 => 0 => 09/08/12 => 506390 => 204 => 3903 => 16/06/2012 => RICARDO BENTO AREA => 65912 / 199 => DILMA MARIA BARBOSA DA SILVA => 24455045 => Avenida: Presidente Kennedy => 2121 => CASA => Trindade => São Gonçalo => RJ => 2701-3232 =>  =>  =>  => 01 => 141552 => CJ SALA JANTAR ORTIZ VALENCIA 6C AMEN =>  =>  =>  =>  =>  =>  =>  =>  =>  =>  =>  =>  =>  =>  =>  =>  =>  =>  =>  =>  =>  =>  =>  =>  =>  =>  =>  =>  =>  =>  =>  =>  =>  =>  =>  =>  =>  =>  => "

-------------------------------
 
CADASTRO DE CLIENTE
POST => "camila" Data => "2012-08-10 12:07:18", Cadastrou o Cliente de vale 531430 => "INFORMAÇÕES CADASTRADAS => "6 => 25 => 7 => 0 => 1 => 09/08/12 => 531430 => 204 => 34917 => 27/07/2012 => ALCIDES SANTOS EIRAS => 378484 / 199 => DILMA MARIA BARBOSA DA SILVA => 24455045 => Avenida: Presidente Kennedy => 2121 => CASA => Trindade => São Gonçalo => RJ => 2701-3232 =>  =>  =>  => 01 => 141552 => CJ SALA JANTAR ORTIZ VALENCIA 6C AMEN =>  =>  =>  =>  =>  =>  =>  =>  =>  =>  =>  =>  =>  =>  =>  =>  =>  =>  =>  =>  =>  =>  =>  =>  =>  =>  =>  =>  =>  =>  =>  =>  =>  =>  =>  =>  =>  =>  => "

-------------------------------
 
CADASTRO DE CLIENTE
POST => "camila" Data => "2012-08-10 12:12:32", Cadastrou o Cliente de vale 502927 => "INFORMAÇÕES CADASTRADAS => "6 => 14 => 10 => 0 => 0 => 09/08/12 => 502927 => 274 => 6008 => 11/06/2012 => PATRICIA APARECIDEA DE SOUZA => 61296 / 199 => JOSIMAR GONCALVES BARBOSA => 25900000 => TRAVESSA DR JOAO BRUNO  => 757 => CASA G => FIGUEIRA  => Magé => RJ => 3630-0223 =>  =>  =>  => 01 => 134898 => COZ COMP ARAMOVEIS LILIAN PLUS  BR/PT =>  =>  =>  =>  =>  =>  =>  =>  =>  =>  =>  =>  =>  =>  =>  =>  =>  =>  =>  =>  =>  =>  =>  =>  =>  =>  =>  =>  =>  =>  =>  =>  =>  =>  =>  =>  =>  =>  => "

-------------------------------
 
ALTERAÇÃO DE CLIENTE
POST => "MIRIAN" Data => "2012-08-10 12:44:34", Alterou o Cliente de vale 525566 => "INFORMAÇÕES ALTERADAS => "1 => 4766 => 11 => 34 => 25 => 0 => 2 => 20/07/2012 => 525566 => 215 => 525566 => 18/07/2012 =>  =>  => MARLON COELHO DE MOURA =>  => RUA DOUTOR TOLEDO PIZA => 266 => LJ 266 => PIAO => SAO GONCALO => RJ => 3186-9357 => 8543-8459 =>  => PRAÇA DO BAIRRO ANTONINA LOJA BM,ESPAÇO SAUDE.PEDIDO: 76702 => LIGAR ANTES. => 1 => 100136 => COZINHA ITAT DAYANE BR => 0 =>  => 0 =>  => 0 =>  => 0 =>  => 0 =>  => 0 =>  => 0 =>  => 0 =>  => 0 =>  => 0 =>  => 0 =>  => 0 =>  => 0 =>  => 0 =>  => 0 =>  => 0 =>  => 0 =>  => 0 =>  => 0 =>  => "

-------------------------------
 
ALTERAÇÃO DE CLIENTE
POST => "luciana" Data => "2012-08-10 13:12:35", Alterou o Cliente de vale 561953 => "INFORMAÇÕES ALTERADAS => "1 => 4453 => 5 => 37 => 15 => 0 => 2 => 06/07/2012 => 561953 => 216 => 561953 => 05/07/2012 =>  =>  => FRANCINE MARIA DE OLIVEIRA DE LIMA =>  => RUA DA CAPELA => 511 BL 2 => APT 304 => PIEDADE => RIO DE JANEIRO => RJ => 7967-3796 =>  =>  => RUA ATRÁS DA UNIVERCIDADE GAMA FILHO PROC RAFAEL FEITO O PEDIDO DE PEÇAS DIA 10/8 LUCIANA => lateral dir/esq quebrada. => 1 => 140391 => G.ROUPA ARAPLAC 8P AUSTRIA TB/BR => 0 =>  => 0 =>  => 0 =>  => 0 =>  => 0 =>  => 0 =>  => 0 =>  => 0 =>  => 0 =>  => 0 =>  => 0 =>  => 0 =>  => 0 =>  => 0 =>  => 0 =>  => 0 =>  => 0 =>  => 0 =>  => 0 =>  => "

-------------------------------
 
ALTERAÇÃO DE CLIENTE
POST => "luciana" Data => "2012-08-10 13:17:20", Alterou o Cliente de vale 545667 => "INFORMAÇÕES ALTERADAS => "1 => 4923 => 5 => 39 => 24 => 0 => 2 => 08/08/2012 => 545667 => 179 => 545667 => 18/06/2012 =>  =>  => CARLOS ALEXANDRE LIMA =>  => ALTO VILA BEIRA SERRA => 655 =>  => SANTO ANTONIO => DUQUE DE CAXIAS => RJ => 3658-5094 =>  =>  => PED.174771 => FEITO O PEDIDO DE PEÇAS DIA 10/8 LUCIANA  => 1 => 6121 => ESTANTE JB BECHARA 3040 AM /PT => 0 =>  => 0 =>  => 0 =>  => 0 =>  => 0 =>  => 0 =>  => 0 =>  => 0 =>  => 0 =>  => 0 =>  => 0 =>  => 0 =>  => 0 =>  => 0 =>  => 0 =>  => 0 =>  => 0 =>  => 0 =>  => 0 =>  => "

-------------------------------
 
ALTERAÇÃO DE CLIENTE
POST => "luciana" Data => "2012-08-10 13:23:54", Alterou o Cliente de vale 625185 => "INFORMAÇÕES ALTERADAS => "1 => 4925 => 5 => 28 => 1 => 0 => 2 => 08/08/2012 => 625185 => 179 => 625185 => 08/08/2012 =>  =>  => REGINALDO FRANCISCO DE OLIVEIRA =>  => RUA IVONE => LT 06 => QD A => SANTO TIRCO => BELFORD ROXO => RJ => 6854-4059 =>  =>  => PROX A BARRACA DO PENETRA LAD ESQ NO PE DE AMENDOA => FEITO O PEDIDO DE PEÇAS DIA 10/8 LUCIANA  => 1 => 140391 => G.ROUPA ARAPLAC 8P AUSTRIA TB/BR => 0 =>  => 0 =>  => 0 =>  => 0 =>  => 0 =>  => 0 =>  => 0 =>  => 0 =>  => 0 =>  => 0 =>  => 0 =>  => 0 =>  => 0 =>  => 0 =>  => 0 =>  => 0 =>  => 0 =>  => 0 =>  => 0 =>  => "

-------------------------------
 
ALTERAÇÃO DE CLIENTE
POST => "MIRIAN" Data => "2012-08-10 13:59:32", Alterou o Cliente de vale 539682 => "INFORMAÇÕES ALTERADAS => "1 => 4788 => 11 => 37 => 9 => 0 => 2 => 24/07/2012 => 539682 => RE => 539682 => 19/07/2012 =>  =>  => LEONISIA BRAZ PROENÇA =>  => VILA ALVORADA => 4 => CASA => ANIL => RIO DE JANEIRO =>  => 3415-0759 =>  =>  => PERTO DA PADARIA DO JORGE => ALEX VAI ATENDER 10/08/12. => 1 => 140338 => G ROUPA FRITZ 3P MILAO AMEN/PTO => 0 =>  => 0 =>  => 0 =>  => 0 =>  => 0 =>  => 0 =>  => 0 =>  => 0 =>  => 0 =>  => 0 =>  => 0 =>  => 0 =>  => 0 =>  => 0 =>  => 0 =>  => 0 =>  => 0 =>  => 0 =>  => 0 =>  => "

-------------------------------
 
ALTERAÇÃO DE CLIENTE
POST => "MIRIAN" Data => "2012-08-10 14:00:37", Alterou o Cliente de vale 400572 => "INFORMAÇÕES ALTERADAS => "1 => 40 => 11 => 18 => 15 => 0 => 0 => 28/02/2012 => 400572 => 168 => 52910 => 24/01/2012 =>  =>  => RICARDO ROSARIO ANTUNES =>  => PINTO TELES => 535 => CASA 03 => PRAÇA SECA => RIO DE JANEIRO => RJ => 7829-8322 =>  =>  => NUMERO 1 OU 2 => ALEX VAI ATENDER 10/08/12.MIRIAN => 1 => 140391 => G.ROUPA ARAPLAC 8P AUSTRIA TB/BR => 0 =>  => 0 =>  => 0 =>  => 0 =>  => 0 =>  => 0 =>  => 0 =>  => 0 =>  => 0 =>  => 0 =>  => 0 =>  => 0 =>  => 0 =>  => 0 =>  => 0 =>  => 0 =>  => 0 =>  => 0 =>  => 0 =>  => "

-------------------------------
