 
ALTERAÇÃO DE CLIENTE
POST => "ANNE" Data => "2012-07-03 09:47:08", Alterou o Cliente de vale 486223 => "INFORMAÇÕES ALTERADAS => "1 => 3537 => 18 => 33 => 14 => 0 => 0 => 14/05/2012 => 486223 => 251 => 16579 => 11/05/2012 => LUCAS GOUVEIA VALENTIN => 1134/199 => FRANCISCA M M CHAVES => 21072350 => RUA: JOSÉ TELINO DE MELO => 55 => CS 03 => PENHA => RIO DE JANEIRO => RJ =>  =>  =>  =>  =>  => 1 => 135481 => COZ KIPLAC RENATA PLUS => 1 => 5730 => MESA GRANITO LIVIA 4C QUAD NAP/PTO => 0 =>  => 0 =>  => 0 =>  => 0 =>  => 0 =>  => 0 =>  => 0 =>  => 0 =>  => 0 =>  => 0 =>  => 0 =>  => 0 =>  => 0 =>  => 0 =>  => 0 =>  => 0 =>  => 0 =>  => 0 =>  => "

-------------------------------
 
ALTERAÇÃO DE CLIENTE
POST => "simone" Data => "2012-07-03 09:52:44", Alterou o Cliente de vale 252175 => "INFORMAÇÕES ALTERADAS => "1 => 3435 => 35 => 23 => 10 => 2 => 0 => 11/05/2012 => 252175 => 241 => 27324 => 22/08/2012 => JULIO CESAR VIEIRA SOARES => 273099/199 => ELAINE MAURICIA SILVA =>  => RUA JOAO DE LERI => 68 => CASA 04 => COSME VELHO => RIO DE JANEIRO => RJ => 2533-3633 => 3235-4415 =>  => PX A PAD DO GENECI. =>  => 1 => 16419 => COZ. COMP ARAMOVEIS LILIAN PLUS BR/VD => 0 =>  => 0 =>  => 0 =>  => 0 =>  => 0 =>  => 0 =>  => 0 =>  => 0 =>  => 0 =>  => 0 =>  => 0 =>  => 0 =>  => 0 =>  => 0 =>  => 0 =>  => 0 =>  => 0 =>  => 0 =>  => 0 =>  => "

-------------------------------
 
ALTERAÇÃO DE CLIENTE
POST => "ANNE" Data => "2012-07-03 09:53:46", Alterou o Cliente de vale 450439 => "INFORMAÇÕES ALTERADAS => "1 => 2503 => 18 => 12 => 33 => 2 => 0 => 11/04/2012 => 450439 => 197 => 54874 => 24/03/2012 => DENIS BRITO BRITO DA SILVA => 508819/199 => ROSILDO ANDRE DA SILVA =>  => RUA CHILINGUE => 11 => CASA => VILA PAULINE => BELFORD ROXO => RJ => 7909-6943 => 7909-6970 =>  => PX A CAIXA DAGUA A IGREJA CONGRECIONAL. => AGENDADO PARA 30/05,passei e-mail para romulo e igor solicitando outro telefone,mas referencia deste cliente no dia 31/05! => 1 => 138033 => G.ROUPA ARAPLAC 10P ATLAN PLUS TB/AM => 0 =>  => 0 =>  => 0 =>  => 0 =>  => 0 =>  => 0 =>  => 0 =>  => 0 =>  => 0 =>  => 0 =>  => 0 =>  => 0 =>  => 0 =>  => 0 =>  => 0 =>  => 0 =>  => 0 =>  => 0 =>  => 0 =>  => "

-------------------------------
 
CADASTRO DE CLIENTE
POST => "MIRIAN" Data => "2012-07-03 09:57:23", Cadastrou o Cliente de vale 513001 => "INFORMAÇÕES CADASTRADAS => "11 => 38 => 25 => 0 => 0 => 03/07/2012 => 513001 => 179 => 11929 => 28/06/2012 => ROBSON CARVALHO LOPES => 43953/199 => DENISE PEREIRA SOARES => 25046410 => RUA: ALEXANDRE DUMAS => lt 06  => QD 16 => PARQUE FLUMINENSE => DUQUE DE CAXIAS => RJ =>  =>  =>  => PROX A PRAÇA DO GALO E A IGREJA NOSSA SENHORA DE FATIMA PROC LUCIANA => 01 => 138033 => G.ROUPA ARAPLAC 10P ATLAN PLUS TB/AM =>  =>  =>  =>  =>  =>  =>  =>  =>  =>  =>  =>  =>  =>  =>  =>  =>  =>  =>  =>  =>  =>  =>  =>  =>  =>  =>  =>  =>  =>  =>  =>  =>  =>  =>  =>  =>  =>  => "

-------------------------------
 
CADASTRO DE CLIENTE
POST => "MIRIAN" Data => "2012-07-03 10:01:00", Cadastrou o Cliente de vale 513020 => "INFORMAÇÕES CADASTRADAS => "11 => 39 => 13 => 0 => 0 => 03/07/2012 => 513020 => 179 => 513020 => 28/06/2012 => ROBSON CARVALHO LOPES => 43942/199 => DENISE PEREIRA SOARES => 25046410 => RUA: ALEXANDRE DUMAS => lt 06 qd 16 =>  => PARQUE FLUMINENSE => DUQUE DE CAXIAS => RJ =>  =>  =>  => PROX A PRAÇA  DO GALO E IGREJA NOSSA SENHORA DE FATIMA PROC LUCIANA PED.11929 => 01 => 138033 => G.ROUPA ARAPLAC 10P ATLAN PLUS TB/AM =>  =>  =>  =>  =>  =>  =>  =>  =>  =>  =>  =>  =>  =>  =>  =>  =>  =>  =>  =>  =>  =>  =>  =>  =>  =>  =>  =>  =>  =>  =>  =>  =>  =>  =>  =>  =>  =>  => "

-------------------------------
 
CADASTRO DE CLIENTE
POST => "MIRIAN" Data => "2012-07-03 10:06:41", Cadastrou o Cliente de vale 572070 => "INFORMAÇÕES CADASTRADAS => "11 => 12 => 14 => 0 => 2 => 03/07/2012 => 572070 => 179 => 572070 => 28/06/2012 =>  =>  => ANDERSON SOUZA ALEIXO =>  => RUA NOSSA SENHORA DA PENHA => lt 17 qd 09 =>  => PILA  => DUQUE DE CAXIAS => RJ => 2677-9017 =>  =>  => DEPOIS DA UNIVERSAL SEG SINAL A ESQ NA RUA DO AÇAI MANERO PED.12062 => 01 => 134708 => BALCAO LUCIANE DAKAR 2P4G CHAMP / NOG =>  =>  =>  =>  =>  =>  =>  =>  =>  =>  =>  =>  =>  =>  =>  =>  =>  =>  =>  =>  =>  =>  =>  =>  =>  =>  =>  =>  =>  =>  =>  =>  =>  =>  =>  =>  =>  =>  => "

-------------------------------
 
CADASTRO DE CLIENTE
POST => "MIRIAN" Data => "2012-07-03 10:17:35", Cadastrou o Cliente de vale 513587 => "INFORMAÇÕES CADASTRADAS => "11 => 36 => 15 => 0 => 0 => 03/07/2012 => 513587 => 179 => 69900 => 29/06/2012 => CELSO TEIXEIRA DA SILVA => 134779/s => GRACIELLE DOS SANTOS NUNES => 25000000 => RUA DO IMPERADOR => 30 =>  => SARACURUNA => DUQUE DE CAXIAS => RJ =>  =>  =>  => FICA PERTO DO BAR DA SONIA BEIRANDO O VALAO DO LADO DO LAVA JATO PROC GRACIELE OU DONA JOVEM => 01 => 136437 => COMODA RV IMOLA II T/DVD/INF IM PT =>  =>  =>  =>  =>  =>  =>  =>  =>  =>  =>  =>  =>  =>  =>  =>  =>  =>  =>  =>  =>  =>  =>  =>  =>  =>  =>  =>  =>  =>  =>  =>  =>  =>  =>  =>  =>  =>  => "

-------------------------------
 
CADASTRO DE CLIENTE
POST => "MIRIAN" Data => "2012-07-03 10:19:43", Cadastrou o Cliente de vale 513686 => "INFORMAÇÕES CADASTRADAS => "11 => 18 => 14 => 0 => 1 => 03/07/2012 => 513686 => 179 => 138045 => 29/06/2012 => MARCO ANTONIO DE SOUZA NASCIMEN => 395019/199 => ROSINEA ALVES CORDEIRO => 21241140 => RUA: JUPITER => 224 => AP 201 => VIGÁRIO GERAL => RIO DE JANEIRO => RJ => 7576-8768 => 8036-9199 =>  => PROX A ACADEMIA MCORPO PERFEITO => 01 => 138066 => G.ROUPA ARAPLAC 12P DAKAR PLUS TB/AM =>  =>  =>  =>  =>  =>  =>  =>  =>  =>  =>  =>  =>  =>  =>  =>  =>  =>  =>  =>  =>  =>  =>  =>  =>  =>  =>  =>  =>  =>  =>  =>  =>  =>  =>  =>  =>  =>  => "

-------------------------------
 
CADASTRO DE CLIENTE
POST => "MIRIAN" Data => "2012-07-03 10:21:55", Cadastrou o Cliente de vale 513667 => "INFORMAÇÕES CADASTRADAS => "11 => 41 => 22 => 0 => 0 => 03/07/2012 => 513667 => 179 => 12933 => 29/06/2012 => MARIA ANIELE DE SOUZA GUIMARAES => 53093/199 => NEUSA PEREIRA DE SALES => 25255621 => ESTRADA: DA PONTE => cs 29 => QD 40 LT 527 => CHÁCARAS ARCAMPO => DUQUE DE CAXIAS => RJ => 8883-4882 =>  =>  => ENTRAR NA RUA 26 NA RUA DO BAR MARILENE BELEZA => 01 => 139756 => ARM COLOR CLASS SL PAN 6P C/V BR =>  =>  =>  =>  =>  =>  =>  =>  =>  =>  =>  =>  =>  =>  =>  =>  =>  =>  =>  =>  =>  =>  =>  =>  =>  =>  =>  =>  =>  =>  =>  =>  =>  =>  =>  =>  =>  =>  => "

-------------------------------
 
CADASTRO DE CLIENTE
POST => "MIRIAN" Data => "2012-07-03 10:25:15", Cadastrou o Cliente de vale 585945 => "INFORMAÇÕES CADASTRADAS => "11 => 36 => 17 => 0 => 2 => 03/07/2012 => 585945 => 179 => 585945 => 29/06/2012 =>  =>  => RENATA MARQUES TELES =>  => CORONEL ALBERTO DE MELO => lt 151 qd 29 =>  => VILA CENTENARIO => DUQUE DE CAXIAS => RJ => 2782-4872 =>  =>  => DEPOIS DA IGREJA UNIVERSAL FINAL DA RUA PROC RENATA => 01 => 6069 => BALCAO C/T ARAMOVEIS LILIAN VD/BR =>  =>  =>  =>  =>  =>  =>  =>  =>  =>  =>  =>  =>  =>  =>  =>  =>  =>  =>  =>  =>  =>  =>  =>  =>  =>  =>  =>  =>  =>  =>  =>  =>  =>  =>  =>  =>  =>  => "

-------------------------------
 
CADASTRO DE CLIENTE
POST => "MIRIAN" Data => "2012-07-03 10:30:28", Cadastrou o Cliente de vale 585634 => "INFORMAÇÕES CADASTRADAS => "11 => 9 => 7 => 0 => 2 => 03/07/2012 => 585634 => 179 => 585634 => 27/10/2011 =>  =>  => MESSIAS BRAGA DA SILVA =>  => ALMIRANTE ALEXANDRINO  => 1164 => CS01 => PARQUE LAFAIETE => DUQUE DE CAXIAS => RJ => 3673-5378 =>  =>  => PROX AO PONTO FINAL DO ONIBUS BELA VISTA  OU CAMPO DO BARCELONA PED.124066 => 01 => 8372 => G.ROUPA BP 3P DUBAY TB/BR/MP =>  =>  =>  =>  =>  =>  =>  =>  =>  =>  =>  =>  =>  =>  =>  =>  =>  =>  =>  =>  =>  =>  =>  =>  =>  =>  =>  =>  =>  =>  =>  =>  =>  =>  =>  =>  =>  =>  => "

-------------------------------
 
CADASTRO DE CLIENTE
POST => "MIRIAN" Data => "2012-07-03 10:33:29", Cadastrou o Cliente de vale 513962 => "INFORMAÇÕES CADASTRADAS => "11 => 25 => 20 => 0 => 1 => 03/07/2012 => 513962 => 243 => 4321 => 29/06/2012 => NUBIA DOS SANTOS FERREIRA => 53898/199 => FLAVIA DE SOUZA FERREIRA => 26088345 => RUA VANDA PEREIRA  => 29 =>  => TRES PONTEFFONTES => NOVA IGUAÇU => RJ =>  =>  =>  => BAIRRO AUSTIN PROX A ANTIGA GRANJA PROC ELAINE => 01 => 140391 => G.ROUPA ARAPLAC 8P AUSTRIA TB/BR =>  =>  =>  =>  =>  =>  =>  =>  =>  =>  =>  =>  =>  =>  =>  =>  =>  =>  =>  =>  =>  =>  =>  =>  =>  =>  =>  =>  =>  =>  =>  =>  =>  =>  =>  =>  =>  =>  => "

-------------------------------
 
ALTERAÇÃO DE CLIENTE
POST => "MIRIAN" Data => "2012-07-03 11:00:00", Alterou o Cliente de vale 477610 => "INFORMAÇÕES ALTERADAS => "1 => 4404 => 11 => 21 => 30 => 0 => 0 => 28/06/2012 => 477610 => 208 => 242 => 27/04/2012 => GILBERTO BHI DE OLIVEIRA => 20801/199 => ROSINEA MENDES DAMAZIO => 21210340 => RUA: CAROEN => 366 =>  => PENHA CIRCULAR => RIO DE JANEIRO => RJ => 7643-1505 =>  =>  =>  =>  => 1 => 100136 => COZINHA ITAT DAYANE BR => 0 =>  => 0 =>  => 0 =>  => 0 =>  => 0 =>  => 0 =>  => 0 =>  => 0 =>  => 0 =>  => 0 =>  => 0 =>  => 0 =>  => 0 =>  => 0 =>  => 0 =>  => 0 =>  => 0 =>  => 0 =>  => 0 =>  => "

-------------------------------
 
ALTERAÇÃO DE CLIENTE
POST => "camila" Data => "2012-07-03 12:40:27", Alterou o Cliente de vale 510744 => "INFORMAÇÕES ALTERADAS => "1 => 4387 => 6 => 29 => 18 => 0 => 0 => 28/06/2012 => 510744 => 170 => 39917 => 25/06/2012 => DENIS ALLAN MOREIRA JACQUES => 530410 => LUANA  MONTEIRO DA SILVA =>  => CANDIDO BENICIO -BLOCO D => 314 => APTO 303 => CAMPINHO => RIO DE JANEIRO =>  => 7761-6650 => 7838-6414 =>  => PROX AO POSTO DE GASOLINA CALEDONIA DE 28 DP =>  => 1 => 135481 => COZ KIPLAC RENATA PLUS BR/PTO => 0 =>  => 0 =>  => 0 =>  => 0 =>  => 0 =>  => 0 =>  => 0 =>  => 0 =>  => 0 =>  => 0 =>  => 0 =>  => 0 =>  => 0 =>  => 0 =>  => 0 =>  => 0 =>  => 0 =>  => 0 =>  => 0 =>  => "

-------------------------------
 
CADASTRO DE CLIENTE
POST => "camila" Data => "2012-07-03 12:43:09", Cadastrou o Cliente de vale 397748 => "INFORMAÇÕES CADASTRADAS => "6 => 40 => 23 => 0 => 0 => 25/06/2012 => 397748 => 242 => 46933 => 21/01/2012 =>  =>  => JOSELITO CARNEIRO DA SILVA => 25530350 => Rua: Doutor Luís Sobral => 211 => CASA FDS => Tomazinho => São João de Meriti => RJ =>  =>  =>  =>  => 01 => 1936 => CAMA CS BECHARA FLORIDA MG =>  =>  =>  =>  =>  =>  =>  =>  =>  =>  =>  =>  =>  =>  =>  =>  =>  =>  =>  =>  =>  =>  =>  =>  =>  =>  =>  =>  =>  =>  =>  =>  =>  =>  =>  =>  =>  =>  => "

-------------------------------
 
ALTERAÇÃO DE CLIENTE
POST => "ANNE" Data => "2012-07-03 14:23:18", Alterou o Cliente de vale 511994 => "INFORMAÇÕES ALTERADAS => "1 => 4359 => 18 => 33 => 17 => 0 => 0 => 28/06/2012 => 511994 => 237 => 575 => 27/06/2012 => FERNANDO SALAUSTINO DA ILVA => 9880 => MARCELO ALVES DA SILVA =>  => ESTRADA DO VIEGAS -LT 58 RUA B => 737 => CASA => SENADOR CAMARA => RIO DE JANEIRO =>  => 2404-0462 =>  =>  => PROX A PADARIA DO ARI E UM SACOLAO PROC DONALEIA OU MICHELLE => E-MAIL EM ANEXO COM LAUDO SOLICITANDO A TROCA DO PRODUTO ENVIADO NO DIA 03/07! => 1 => 134892 => COZ ITAT CRIATIVA MAXII2VPTO => 0 =>  => 0 =>  => 0 =>  => 0 =>  => 0 =>  => 0 =>  => 0 =>  => 0 =>  => 0 =>  => 0 =>  => 0 =>  => 0 =>  => 0 =>  => 0 =>  => 0 =>  => 0 =>  => 0 =>  => 0 =>  => 0 =>  => "

-------------------------------
 
ALTERAÇÃO DE CLIENTE
POST => "ANNE" Data => "2012-07-03 14:28:25", Alterou o Cliente de vale 526120 => "INFORMAÇÕES ALTERADAS => "1 => 4402 => 18 => 36 => 18 => 0 => 2 => 28/06/2012 => 526120 => 168 => 526120 => 27/06/2012 =>  =>  => MARIA DAS GRAÇAS MARCOLINO DA SILVA =>  => RUA ALBERTO DE CARVALHO => 201 =>  => OSWALDO CRUZ => RIO DE JANEIRO => RJ => 2451-0412 => 8870-0278 =>  => PROX AO HOTELA STATION TRANSVERSAL A ESTR HENRIQUE DE MELO => FOI SOLICITADO AS 4 CADEIRAS NO DIA 03/07,BUFFET NÃO FOI MONTADO POIS A EMBALAGEM VEIO DANIFICADA Nº 5/5,E-MAIL COM LAUDO SOLICITANDO A TROCA DO BUFFET ENVIADO NO DIA 03/07! => 1 => 141552 => CJ SALA JANTAR ORTIZ VALENCIA 6C AMEN => 0 =>  => 0 =>  => 0 =>  => 0 =>  => 0 =>  => 0 =>  => 0 =>  => 0 =>  => 0 =>  => 0 =>  => 0 =>  => 0 =>  => 0 =>  => 0 =>  => 0 =>  => 0 =>  => 0 =>  => 0 =>  => 0 =>  => "

-------------------------------
 
ALTERAÇÃO DE CLIENTE
POST => "ANNE" Data => "2012-07-03 14:36:38", Alterou o Cliente de vale 564110 => "INFORMAÇÕES ALTERADAS => "1 => 4358 => 18 => 13 => 12 => 0 => 2 => 28/06/2012 => 564110 => 280 => 564110 => 27/06/2012 =>  =>  => AMANDA LUZ =>  => RUA APINAGE => 29 => CS 01 => ENGENHO DA RAINHA => RI DEJANEIRO => RJ => 2596-2548 =>  =>  => PERTO DO MERCADO GUANABARA 3 RUA => AS 3 PORTAS ESTÃO BALANÇANDO E ARRANHADAS,CLIENTE ALEGA QUE O PRODUTO FOI MAL MONTADO,OBS: CLIENTE NÃO QUER A REPOSIÇÃO DE PEÇA  E ASSIM A TROCA TOTAL DO PRODUTO,E-MAIL COM LAUDO SOLICITANDO A TROCA DO PRODUTO NO DIA 03/07! => 1 => 140094 => G.ROUPA BERGAMO 5P LISBOA IMB/PTO => 0 =>  => 0 =>  => 0 =>  => 0 =>  => 0 =>  => 0 =>  => 0 =>  => 0 =>  => 0 =>  => 0 =>  => 0 =>  => 0 =>  => 0 =>  => 0 =>  => 0 =>  => 0 =>  => 0 =>  => 0 =>  => 0 =>  => "

-------------------------------
 
CADASTRO DE CLIENTE
POST => "MIRIAN" Data => "2012-07-03 14:49:18", Cadastrou o Cliente de vale 600509 => "INFORMAÇÕES CADASTRADAS => "11 => 11 => 22 => 0 => 2 => 03/07/2012 => 600509 => RE => 600509 => 03/07/2012 =>  =>  => FLAVIA SILVEIRA DA SILVA =>  => RUA MOEMA CHAMAS  => 43 =>  => VILA SAO JUDAS TADEU => DUQUE DE CAXIAS => RJ => 2776-4612 =>  =>  => PROX AO ANTIGO ATG => 01 => 7849 => MESA GRANITO CARLA 4C RET NAP/PTO =>  =>  =>  =>  =>  =>  =>  =>  =>  =>  =>  =>  =>  =>  =>  =>  =>  =>  =>  =>  =>  =>  =>  =>  =>  =>  =>  =>  =>  =>  =>  =>  =>  =>  =>  =>  =>  =>  => "

-------------------------------
 
CADASTRO DE CLIENTE
POST => "MIRIAN" Data => "2012-07-03 15:02:48", Cadastrou o Cliente de vale 600206 => "INFORMAÇÕES CADASTRADAS => "11 => 12 => 1 => 0 => 2 => 03/07/2012 => 600206 => 178 => 600206 => 03/07/2012 =>  =>  => PRISCILLA GASPAR LIMA =>  => AVENIDA ALMIRANTE ADALBERTO  DE BARROS NUNES => 2888 =>  => DPTO COMERCIAL  => VOLTA REDONDA => RJ => 3346-3580 =>  =>  => PED.63867 DDD24 => 01 => 16068 => MESA MODECOR BRUNA 4C T.VID BR/PT => 01 => 8372 => G.ROUPA BP 3P DUBAY TB/BR/MP => 01 => 136650 => COZINHA KP REFLECTA BR  / GRAF =>  =>  =>  =>  =>  =>  =>  =>  =>  =>  =>  =>  =>  =>  =>  =>  =>  =>  =>  =>  =>  =>  =>  =>  =>  =>  =>  =>  =>  =>  =>  =>  =>  =>  => "

-------------------------------
 
CADASTRO DE CLIENTE
POST => "MIRIAN" Data => "2012-07-03 15:34:38", Cadastrou o Cliente de vale 516461 => "INFORMAÇÕES CADASTRADAS => "11 => 29 => 30 => 0 => 0 => 03/07/2012 => 516461 => 213 => 64791 => 03/07/2012 => SHEILA DE ALMEIDA FERRERA PIN => 1504/199 => MARGARETH NEVES OLIVEIRA => 25915000 => RUA 21 DE SETEMBRO  => 219 => QD 22 => PIABETA  => MAGE => RJ =>  =>  =>  => INDO PELA GUARANI RUA EM FRENTE A LJ DE MATERIAL DE CONSTRUÇÃO  ENTRANDO NA RUA PORTAO COM DUAS GARRAFAAS D\'AGUAS. => 01 => 8323 => RACK SOMOPAR 20000 TB/MP =>  =>  =>  =>  =>  =>  =>  =>  =>  =>  =>  =>  =>  =>  =>  =>  =>  =>  =>  =>  =>  =>  =>  =>  =>  =>  =>  =>  =>  =>  =>  =>  =>  =>  =>  =>  =>  =>  => "

-------------------------------
 
CADASTRO DE CLIENTE
POST => "MIRIAN" Data => "2012-07-03 15:59:33", Cadastrou o Cliente de vale 501345 => "INFORMAÇÕES CADASTRADAS => "11 => 34 => 19 => 0 => 0 => 03/07/2012 => 501345 => 169 => 5633 => 06/06/2012 => RICARDO JOSE DE ABREU => 58618/199 => ANA LUCIA CRISPIN DOS SANTOS => 20250170 => RUA: MAJOR FREITAS => 122 => CS 09 => ESTÁCIO => RIO DE JANEIRO => RJ => 6862-2876 =>  =>  => FICA PROX DO LARGUINHO E O BAR DO ZE VIEIRA PROC SR NANA => 01 => 134933 => ESTANTE CAEMMUN CLEAN TB/BR/MP =>  =>  =>  =>  =>  =>  =>  =>  =>  =>  =>  =>  =>  =>  =>  =>  =>  =>  =>  =>  =>  =>  =>  =>  =>  =>  =>  =>  =>  =>  =>  =>  =>  =>  =>  =>  =>  =>  => "

-------------------------------
