 
ALTERAÇÃO DE CLIENTE
POST => "luciana" Data => "2012-08-15 09:15:14", Alterou o Cliente de vale 549019 => "INFORMAÇÕES ALTERADAS => "1 => 4549 => 5 => 28 => 18 => 0 => 2 => 10/07/2012 => 549019 => 215 => 549019 => 09/07/2012 =>  =>  => FERNANDO LUIZ ALMADA =>  => RUA DEOCLECIO DE BARROS => 88 => CASA => AMENDOEIRA => SAO GONCALO => RJ => 3605-6105 => 9136-6229 =>  => ENTRAR NA RUA ENEIDA GOMES,RUA DA PADARIA PORTO PRINCIPE,PEDIDO:93581 LAUDO E-NVIADO DIA 15/8 PARA LIDIANE,WAGNER E FELIPE LUCIANA  => agendado p/09/08/12//ainda nao foi fazer a  revisao.13/08/12.cliente está em casa até 15/08/12.mirian => 1 => 135357 => ESTANTE SOMOPAR 23000 IMB/PTO => 0 =>  => 0 =>  => 0 =>  => 0 =>  => 0 =>  => 0 =>  => 0 =>  => 0 =>  => 0 =>  => 0 =>  => 0 =>  => 0 =>  => 0 =>  => 0 =>  => 0 =>  => 0 =>  => 0 =>  => 0 =>  => 0 =>  => "

-------------------------------
 
CADASTRO DE CLIENTE
POST => "MIRIAN" Data => "2012-08-15 09:18:37", Cadastrou o Cliente de vale 541409 => "INFORMAÇÕES CADASTRADAS => "11 => 33 => 10 => 0 => 0 => 14/08/2012 => 541409 => 230 => 48919 => 14/08/2012 => EDMILSON SILVA LUZ => 166796/s => PAULA ROBERTO AMERICA MARTINS => 23030290 => CAMINHO: DA MANGUEIRA => 283 =>  => GUARATIBA => RIO DE JANEIRO => RJ => 3384-0539 => 9125-9071 =>  => EST DO MATO ALTO APOS IGREJA NOSSA SENHORA APARECIDA 1ºRUA DIR MANGUEIRA DE ESQUINA ALCIONE. => 01 => 135251 => G.ROUPA FRITZ 6P DANY TB/BR =>  =>  =>  =>  =>  =>  =>  =>  =>  =>  =>  =>  =>  =>  =>  =>  =>  =>  =>  =>  =>  =>  =>  =>  =>  =>  =>  =>  =>  =>  =>  =>  =>  =>  =>  =>  =>  =>  => "

-------------------------------
 
CADASTRO DE CLIENTE
POST => "MIRIAN" Data => "2012-08-15 09:20:54", Cadastrou o Cliente de vale 541414 => "INFORMAÇÕES CADASTRADAS => "11 => 30 => 9 => 0 => 1 => 14/08/2012 => 541414 => 230 => 13599 => 14/08/2012 => JOAO SOARES DE SOUZA NETO => 116311/199 => PAULA ROBERTO AMERICA MARTINS => 23030290 => CAMINHO: DA MANGUEIRA => 283 =>  => GUARATIBA => RIO DE JANEIRO => RJ => 3384-0539 =>  =>  =>  => 01 => 135251 => G.ROUPA FRITZ 6P DANY TB/BR =>  =>  =>  =>  =>  =>  =>  =>  =>  =>  =>  =>  =>  =>  =>  =>  =>  =>  =>  =>  =>  =>  =>  =>  =>  =>  =>  =>  =>  =>  =>  =>  =>  =>  =>  =>  =>  =>  => "

-------------------------------
 
CADASTRO DE CLIENTE
POST => "MIRIAN" Data => "2012-08-15 10:07:14", Cadastrou o Cliente de vale 537167 => "INFORMAÇÕES CADASTRADAS => "11 => 24 => 30 => 0 => 1 => 06/08/2012 => 537167 => 180 => 32459 => 06/08/2012 => EDGAR DE OLIVEIRA TERRA => 274104/199 => MARCUS VINICIUS DE JESUS INCIO => 26495390 => RUA: ROGERIA DE BARROS  => 40 =>  => ROSARIO => QUEIMADOS => RJ => 3769-8861 => 7614-7674 =>  => PROX A PRAÇA CARMEN OU COLEGIO MILTON CAMPOS => 01 => 98715 => ESTANTE BECHARA CANADA HO AMEND/PTO =>  =>  =>  =>  =>  =>  =>  =>  =>  =>  =>  =>  =>  =>  =>  =>  =>  =>  =>  =>  =>  =>  =>  =>  =>  =>  =>  =>  =>  =>  =>  =>  =>  =>  =>  =>  =>  =>  => "

-------------------------------
 
ALTERAÇÃO DE CLIENTE
POST => "MIRIAN" Data => "2012-08-15 10:26:37", Alterou o Cliente de vale 413489 => "INFORMAÇÕES ALTERADAS => "1 => 944 => 11 => 21 => 19 => 0 => 0 => 12/03/2012 => 413489 => 203 => 78868 => 06/02/2012 =>  =>  => LUIS CARLOS DOS SANTOS COSTA => 20755050 => RUA: MIGUEL LIMA => 55 =>  => PILARES => RIO DE JANEIRO => RJ => 2274-6763 =>  =>  => IR PELA RUA MARIO CARPENTER FTE AO MERCADO EXTRA =>  => 1 => 139576 => G ROUPA IRMOL 2P APOLO PTO/BR/CZ => 0 =>  => 0 =>  => 0 =>  => 0 =>  => 0 =>  => 0 =>  => 0 =>  => 0 =>  => 0 =>  => 0 =>  => 0 =>  => 0 =>  => 0 =>  => 0 =>  => 0 =>  => 0 =>  => 0 =>  => 0 =>  => 0 =>  => "

-------------------------------
 
ALTERAÇÃO DE CLIENTE
POST => "luciana" Data => "2012-08-15 10:40:07", Alterou o Cliente de vale 586005 => "INFORMAÇÕES ALTERADAS => "1 => 4510 => 5 => 21 => 26 => 0 => 2 => 06/07/2012 => 586005 => 197 => 586005 => 06/07/2012 =>  =>  => ZILDA NEIV DA SILVA =>  => RUA LIBERDADE => 153 =>  => CENTRO => MESQUITA => RJ => 3763-4282 => 7506-5143 => 9391-0041 => APOS O COLEGIO VILA BELA PRIMEIRA DIREITA DEPOIS PRIMEIRA ESQUERDA ped.1991  FEITO O PEDIDO DE PEÇAS DIA 15/7 E-MAIL ENVIADO PARA LIDIANE ,WAGNER E LAIAINE LUCIANA  => OBS:    => 1 => 5728 => MESA GRANITO AUSTRALIA 6C RET OURO => 0 =>  => 0 =>  => 0 =>  => 0 =>  => 0 =>  => 0 =>  => 0 =>  => 0 =>  => 0 =>  => 0 =>  => 0 =>  => 0 =>  => 0 =>  => 0 =>  => 0 =>  => 0 =>  => 0 =>  => 0 =>  => 0 =>  => "

-------------------------------
 
CADASTRO DE CLIENTE
POST => "MIRIAN" Data => "2012-08-15 12:55:49", Cadastrou o Cliente de vale 533597 => "INFORMAÇÕES CADASTRADAS => "11 => 32 => 11 => 0 => 1 => 31/07/2012 => 533597 => 254 => 41167 => 31/07/2012 => NEIDE DAYANE  PITANGA DE ANDRAD => 478268/199 => SAULO DAMES GARCIA  => 27943270 => RUA: JACI MIGUEL AZEVEDO => 44 => CS 02 => MIRAMAR => MACAÉ => RJ => 9704-4198 =>  =>  => PROX AO BARRACAO DA PREFEITURA  => 01 => 134708 => BALCAO LUCIANE DAKAR 2P4G CHAMP / NOG =>  =>  =>  =>  =>  =>  =>  =>  =>  =>  =>  =>  =>  =>  =>  =>  =>  =>  =>  =>  =>  =>  =>  =>  =>  =>  =>  =>  =>  =>  =>  =>  =>  =>  =>  =>  =>  =>  => "

-------------------------------
 
CADASTRO DE CLIENTE
POST => "MIRIAN" Data => "2012-08-15 12:58:54", Cadastrou o Cliente de vale 533596 => "INFORMAÇÕES CADASTRADAS => "11 => 34 => 19 => 0 => 1 => 31/07/2012 => 533596 => 254 => 533596 => 31/07/2012 => NEIDE DAYANE  PITANGA DE ANDRAD => 478253/199 => SAULO DAMES GARCIA => 27943270 => RUA: JACI MIGUEL AZEVEDO => 44 => CS 02 => MIRAMAR => MACAÉ => RJ => 9704-4198 =>  =>  => DEPOIS DO BARRACAO DA PREFEITURA PED.41167 => 01 => 136543 => COZINHA  LUCIANE DAKAR CHAMP/NOG =>  =>  =>  =>  =>  =>  =>  =>  =>  =>  =>  =>  =>  =>  =>  =>  =>  =>  =>  =>  =>  =>  =>  =>  =>  =>  =>  =>  =>  =>  =>  =>  =>  =>  =>  =>  =>  =>  => "

-------------------------------
 
CADASTRO DE CLIENTE
POST => "MIRIAN" Data => "2012-08-15 13:05:32", Cadastrou o Cliente de vale 535411 => "INFORMAÇÕES CADASTRADAS => "11 => 41 => 34 => 0 => 1 => 03/08/2012 => 535411 => 167 => 36688 => 03/08/2012 => LISSANDRA GONÇALVES DE AEVEDO => 251813/199 => JOSE MARTINS VALVERDE JUNIOR => 21041010 => RUA SANTA CLARA => 118 => AP 201 => COPACABANA => RIO DE JANEIRO => RJ => 2255-9703 => 9818-3252 =>  => ESQUINA DE SANTA COM BARATA RIBEIRO AO LADO DA PRAI FICA EM CIMA DO BAR BIG BEER PROC VALVERDE => 01 => 8341 => CAMA ST N.HORIZ AREZZO TB/BR/MP =>  =>  =>  =>  =>  =>  =>  =>  =>  =>  =>  =>  =>  =>  =>  =>  =>  =>  =>  =>  =>  =>  =>  =>  =>  =>  =>  =>  =>  =>  =>  =>  =>  =>  =>  =>  =>  =>  => "

-------------------------------
 
CADASTRO DE CLIENTE
POST => "MIRIAN" Data => "2012-08-15 13:09:31", Cadastrou o Cliente de vale 531238 => "INFORMAÇÕES CADASTRADAS => "11 => 26 => 29 => 0 => 0 => 27/07/2012 => 531238 => 169 => 4668 => 27/07/2012 => ROSANA SOUZA MONTEIRO => 47144/199 => MIRIAM DE OLIVEIRA BARBOSA => 20921260 => RUA: DOUTOR ALEXANDRE PLEMONT => 26 =>  => SÃO CRISTÓVÃO => RIO DE JANEIRO => RJ => 2580-3526 =>  =>  => ENTRADA PELA RUA BELA PROX AO POSTO DE GASOLINA  => 01 => 140341 => BICAMA FRITZ TURIM BR/LILAS =>  =>  =>  =>  =>  =>  =>  =>  =>  =>  =>  =>  =>  =>  =>  =>  =>  =>  =>  =>  =>  =>  =>  =>  =>  =>  =>  =>  =>  =>  =>  =>  =>  =>  =>  =>  =>  =>  => "

-------------------------------
 
CADASTRO DE CLIENTE
POST => "MIRIAN" Data => "2012-08-15 13:58:19", Cadastrou o Cliente de vale 511014 => "INFORMAÇÕES CADASTRADAS => "11 => 25 => 6 => 0 => 0 => 26/06/2012 => 511014 => 178 => 8260 => 26/06/2012 => ELAINE CAROLINE OLIVEIRA SILVA => 72624/199 => LUCIA HELENA GOMES DA SILVA => 27275330 => RUA: TUPI => 136 =>  => JARDIM CIDADE DO AÇO => VOLTA REDONDA => RJ => 3339-3167 =>  =>  =>  => 01 => 8921 => G.ROUPA BIANCHI 6P REQUINTE TB/BR =>  =>  =>  =>  =>  =>  =>  =>  =>  =>  =>  =>  =>  =>  =>  =>  =>  =>  =>  =>  =>  =>  =>  =>  =>  =>  =>  =>  =>  =>  =>  =>  =>  =>  =>  =>  =>  =>  => "

-------------------------------
 
CADASTRO DE CLIENTE
POST => "MIRIAN" Data => "2012-08-15 14:01:26", Cadastrou o Cliente de vale 533535 => "INFORMAÇÕES CADASTRADAS => "11 => 20 => 23 => 0 => 1 => 31/07/2012 => 533535 => 178 => 63425 => 31/07/2012 => ELAINE CAROLINE OLIVEIRA SILVA => 374023/199 => LUCIA HELENA GOMES DA SILVA => 27275330 => RUA: TUPI => 136 =>  => JARDIM CIDADE DO AÇO => VOLTA REDONDA => RJ => 3339-3167 =>  =>  =>  => 01 => 8921 => G.ROUPA BIANCHI 6P REQUINTE TB/MP =>  =>  =>  =>  =>  =>  =>  =>  =>  =>  =>  =>  =>  =>  =>  =>  =>  =>  =>  =>  =>  =>  =>  =>  =>  =>  =>  =>  =>  =>  =>  =>  =>  =>  =>  =>  =>  =>  => "

-------------------------------
 
CADASTRO DE CLIENTE
POST => "MIRIAN" Data => "2012-08-15 14:04:18", Cadastrou o Cliente de vale 531316 => "INFORMAÇÕES CADASTRADAS => "11 => 16 => 22 => 0 => 0 => 27/07/2012 => 531316 => 178 => 531316 => 27/07/2012 => EUCIDIA ELOIZA AFONSO => 395605/199 => PRISCILA DE ALMEIDA HERNANDES => 27336410 => RUA QUADRO  => 179 =>  => SAO CARLOS => BARRA MANSA => RJ => 3343-7755 =>  =>  =>  => 01 => 134898 => COZ COMP ARAMOVEIS LILIAN PLUS  BR/PT =>  =>  =>  =>  =>  =>  =>  =>  =>  =>  =>  =>  =>  =>  =>  =>  =>  =>  =>  =>  =>  =>  =>  =>  =>  =>  =>  =>  =>  =>  =>  =>  =>  =>  =>  =>  =>  =>  => "

-------------------------------
 
CADASTRO DE CLIENTE
POST => "MIRIAN" Data => "2012-08-15 14:08:49", Cadastrou o Cliente de vale 533530 => "INFORMAÇÕES CADASTRADAS => "11 => 26 => 8 => 0 => 0 => 31/07/2012 => 533530 => 226 => 30419 => 31/07/2012 => GABRIEL RODRIGUES GONÇALVES => 357252/199 => MARCINEIA DA CONCEIÇÃO => 25956330 => RUA: SERGIPE => 396 =>  => ARARAS => TERESÓPOLIS => RJ =>  =>  =>  => PROX A DESTAQUE FILME => 01 => 140391 => G.ROUPA ARAPLAC 8P AUSTRIA TB/BR =>  =>  =>  =>  =>  =>  =>  =>  =>  =>  =>  =>  =>  =>  =>  =>  =>  =>  =>  =>  =>  =>  =>  =>  =>  =>  =>  =>  =>  =>  =>  =>  =>  =>  =>  =>  =>  =>  => "

-------------------------------
 
CADASTRO DE CLIENTE
POST => "MIRIAN" Data => "2012-08-15 14:12:10", Cadastrou o Cliente de vale 531227 => "INFORMAÇÕES CADASTRADAS => "11 => 39 => 24 => 0 => 1 => 27/07/2012 => 531227 => 254 => 8217 => 27/07/2012 => FABRICIO GOMES RODRIGUES => 57278/s => LEANDRO JOSIAS DE SOUZA => 27901000 => RUA E 9 => 288 => AP 302 => NOVO HORIZONTE => MACAE => RJ => 2773-6100 =>  =>  => FINAL DA CANCELA PRETA => 01 => 8488 => G.ROUPA ARAMOVEIS 3P 4149 TB/MP =>  =>  =>  =>  =>  =>  =>  =>  =>  =>  =>  =>  =>  =>  =>  =>  =>  =>  =>  =>  =>  =>  =>  =>  =>  =>  =>  =>  =>  =>  =>  =>  =>  =>  =>  =>  =>  =>  => "

-------------------------------
 
CADASTRO DE CLIENTE
POST => "MIRIAN" Data => "2012-08-15 14:16:16", Cadastrou o Cliente de vale 533540 => "INFORMAÇÕES CADASTRADAS => "11 => 14 => 6 => 0 => 0 => 31/07/2012 => 533540 => 254 => 1773 => 31/07/2012 => BRUNO MOREIRA RANGEL => 96616/199 => MAURO ARLINDO DE FIGUEIREDO => 27900000 => RUA PRINCIPAL DAS ACACIAS => 40 =>  => NOVA HOLANDA => MACAE => RJ => 9996-1503 => 9876-5994 =>  => PROX AO BAR DO FRANCISCO => 01 => 135357 => ESTANTE SOMOPAR 23000 TB/BR =>  =>  =>  =>  =>  =>  =>  =>  =>  =>  =>  =>  =>  =>  =>  =>  =>  =>  =>  =>  =>  =>  =>  =>  =>  =>  =>  =>  =>  =>  =>  =>  =>  =>  =>  =>  =>  =>  => "

-------------------------------
 
CADASTRO DE CLIENTE
POST => "MIRIAN" Data => "2012-08-15 14:19:03", Cadastrou o Cliente de vale 533541 => "INFORMAÇÕES CADASTRADAS => "11 => 3 => 27 => 0 => 0 => 31/07/2012 => 533541 => 254 => 37510 => 31/07/2012 => NEIDE DAYANE  PITANGA DE ANDRAD => 430193/199 => MAURO ARLINDO DE FIGUEIREDO => 27900000 => RUA PINCIPAL DAS ACACIAS => 40 =>  => NOVA HOLANDA => MACAE => RJ => 9996-1503 => 9876-5994 =>  =>  => 01 => 135357 => ESTANTE SOMOPAR 23000 TB/BR =>  =>  =>  =>  =>  =>  =>  =>  =>  =>  =>  =>  =>  =>  =>  =>  =>  =>  =>  =>  =>  =>  =>  =>  =>  =>  =>  =>  =>  =>  =>  =>  =>  =>  =>  =>  =>  =>  => "

-------------------------------
 
ALTERAÇÃO DE CLIENTE
POST => "MIRIAN" Data => "2012-08-15 14:19:19", Alterou o Cliente de vale 533541 => "INFORMAÇÕES ALTERADAS => "1 => 4970 => 11 => 30 => 34 => 0 => 1 => 31/07/2012 => 533541 => 254 => 37510 => 31/07/2012 => NEIDE DAYANE  PITANGA DE ANDRAD => 430193/199 => MAURO ARLINDO DE FIGUEIREDO => 27900000 => RUA PINCIPAL DAS ACACIAS => 40 =>  => NOVA HOLANDA => MACAE => RJ => 9996-1503 => 9876-5994 =>  =>  =>  => 1 => 135357 => ESTANTE SOMOPAR 23000 TB/BR => 0 =>  => 0 =>  => 0 =>  => 0 =>  => 0 =>  => 0 =>  => 0 =>  => 0 =>  => 0 =>  => 0 =>  => 0 =>  => 0 =>  => 0 =>  => 0 =>  => 0 =>  => 0 =>  => 0 =>  => 0 =>  => 0 =>  => "

-------------------------------
 
CADASTRO DE CLIENTE
POST => "MIRIAN" Data => "2012-08-15 14:23:28", Cadastrou o Cliente de vale 496463 => "INFORMAÇÕES CADASTRADAS => "11 => 13 => 13 => 0 => 1 => 26/05/2012 => 496463 => 254 => 12591 => 26/05/2012 => ANDERSON SANTOS MIRANDA => 99815/s => DEIVID MOTTA DOS SANTOS => 27900002 => RUA E 10 => 367 => AP 301 => NOVO HORIZONTE => MACAE => RJ => 9272-1855 =>  =>  => RUA MERCADO PINHEIRO PAES NUM PREDIO TEM LOJA MATERIAIS CONTRU PROC MADALENA => 01 => 136216 => G.ROUPA MOVAL 6P PARIS IMB/TB =>  =>  =>  =>  =>  =>  =>  =>  =>  =>  =>  =>  =>  =>  =>  =>  =>  =>  =>  =>  =>  =>  =>  =>  =>  =>  =>  =>  =>  =>  =>  =>  =>  =>  =>  =>  =>  =>  => "

-------------------------------
 
CADASTRO DE CLIENTE
POST => "MIRIAN" Data => "2012-08-15 14:26:42", Cadastrou o Cliente de vale 533601 => "INFORMAÇÕES CADASTRADAS => "11 => 29 => 5 => 0 => 1 => 31/07/2012 => 533601 => 179 => 115056 => 31/07/2012 => ANDERSON PEREIRA SANTOS => 316075/199 => ALESSANDRA DOMINGOS DA SILVA FLORENTINO => 26190265 => RUA: NATAL => lt 13 => QD 5 => VILA ESPERANÇA => BELFORD ROXO => RJ => 2781-5434 => 7491-4627 =>  => PROX A PRAÇA MAUA PROC ANA CAROLINA/PAULA => 01 => 99059 => ARM ITAT MAD IG HT-105 TEC BR/PT/LA =>  =>  =>  =>  =>  =>  =>  =>  =>  =>  =>  =>  =>  =>  =>  =>  =>  =>  =>  =>  =>  =>  =>  =>  =>  =>  =>  =>  =>  =>  =>  =>  =>  =>  =>  =>  =>  =>  => "

-------------------------------
 
CADASTRO DE CLIENTE
POST => "MIRIAN" Data => "2012-08-15 14:29:38", Cadastrou o Cliente de vale 533602 => "INFORMAÇÕES CADASTRADAS => "11 => 12 => 18 => 0 => 1 => 31/07/2012 => 533602 => 179 => 533602 => 31/07/2012 => ANDERSON PEREIRA SANTOS => 307898/199 => ALESSANDRA DOMINGOS DA SILVA FLORENTINO => 26190265 => RUA: NATAL => lt 13  => QD 5 => VILA ESPERANÇA => BELFORD ROXO => RJ => 2781-5434 =>  =>  => PED.115056 => 01 => 10826 => ARM ITAT MAD.IPH1G-70 TECNO PTO /LAC => 01 => 10788 => ARM ITAT MAD IG2A-70 TECNO BR/LACA => 01 => 99076 => ARM ITAT MAD IP HT-105 TECNO B/PT/L => 01 => 10786 => ARM ITAT MAD IPLDA-70 TECNO PTO/LAC =>  =>  =>  =>  =>  =>  =>  =>  =>  =>  =>  =>  =>  =>  =>  =>  =>  =>  =>  =>  =>  =>  =>  =>  =>  =>  =>  =>  =>  =>  =>  =>  => "

-------------------------------
 
CADASTRO DE CLIENTE
POST => "MIRIAN" Data => "2012-08-15 14:32:29", Cadastrou o Cliente de vale 514106 => "INFORMAÇÕES CADASTRADAS => "11 => 2 => 18 => 0 => 0 => 30/06/2012 => 514106 => 168 => 5820 => 30/06/2012 => ELIMAR ALVES OLIVEIRA => 76467/199 => CRISTIANE SANTOS DE OLIVEIRA => 21511380 => RUA: DAS SAFIRAS => 76 => AP 204 => ROCHA MIRANDA => RIO DE JANEIRO => RJ =>  =>  =>  => PROX AO PONTO FINAL DO ONIBUS 349 => 01 => 135481 => COZ KIPLAC RENATA PLUS BR =>  =>  =>  =>  =>  =>  =>  =>  =>  =>  =>  =>  =>  =>  =>  =>  =>  =>  =>  =>  =>  =>  =>  =>  =>  =>  =>  =>  =>  =>  =>  =>  =>  =>  =>  =>  =>  =>  => "

-------------------------------
 
CADASTRO DE CLIENTE
POST => "MIRIAN" Data => "2012-08-15 14:37:20", Cadastrou o Cliente de vale 510835 => "INFORMAÇÕES CADASTRADAS => "11 => 29 => 29 => 0 => 1 => 25/06/2012 => 510835 => 218 => 510835 => 25/06/2012 => BRUNA RENATA DE OLIVEIRA DAMASIO LUCAS => 73113/199 => FRANCISCO PAULO DA SILVA => 26291200 => ABILIO AUGUSTO TAVORA  => qd 07 => LT 08 => CABUCU => NOVA IGUAÇU => RJ => 7872-8578 =>  =>  => PROX A LOTERIA ESPORTATIVA DE CABUCU => 01 => 139155 => G.ROUPA FRITZ 6P DANY AMEND /PTO =>  =>  =>  =>  =>  =>  =>  =>  =>  =>  =>  =>  =>  =>  =>  =>  =>  =>  =>  =>  =>  =>  =>  =>  =>  =>  =>  =>  =>  =>  =>  =>  =>  =>  =>  =>  =>  =>  => "

-------------------------------
 
ALTERAÇÃO DE CLIENTE
POST => "MIRIAN" Data => "2012-08-15 14:38:47", Alterou o Cliente de vale 531249 => "INFORMAÇÕES ALTERADAS => "1 => 4838 => 11 => 25 => 12 => 0 => 0 => 30/07/2012 => 531249 => 179 => 22599 => 27/07/2012 => LEONARDO OLIVEIRA DE FREITAS => 84314/199 => DENILSON SANTANNA DOS REIS => 25070100 => AVENIDA SAO PAULO => lt 05 => QD 04 => CAMPO ELISEOS => DUQUE DE CAXIAS => RJ =>  =>  =>  => AO LADO DA ESCOLA MONTEIRO LOBATO PROC RAIANE =>  => 1 => 139530 => G. ROUPA MOVAL 3P SANTIAGO IMB/PTO => 0 =>  => 0 =>  => 0 =>  => 0 =>  => 0 =>  => 0 =>  => 0 =>  => 0 =>  => 0 =>  => 0 =>  => 0 =>  => 0 =>  => 0 =>  => 0 =>  => 0 =>  => 0 =>  => 0 =>  => 0 =>  => 0 =>  => "

-------------------------------
 
CADASTRO DE CLIENTE
POST => "MIRIAN" Data => "2012-08-15 14:42:22", Cadastrou o Cliente de vale 533526 => "INFORMAÇÕES CADASTRADAS => "11 => 24 => 14 => 0 => 0 => 31/07/2012 => 533526 => 226 => 533526 => 31/07/2012 => VANESSA DA SILVA MAIA => 304828/199 => VERA LUCIA QUINTEIRO DA SILVA => 25976030 => VILA: VALE DA REVOLTA => 54 =>  => MEUDON => TERESÓPOLIS => RJ => 3643-1944 => 7274-3517 =>  => PROX A PADARIA DELICIA DO VALE PROC POR VERA BAIXINHA PED.27968 => 01 => 16419 => COZ. COMP ARAMOVEIS LILIAN PLUS BR/VD =>  =>  =>  =>  =>  =>  =>  =>  =>  =>  =>  =>  =>  =>  =>  =>  =>  =>  =>  =>  =>  =>  =>  =>  =>  =>  =>  =>  =>  =>  =>  =>  =>  =>  =>  =>  =>  =>  => "

-------------------------------
 
CADASTRO DE CLIENTE
POST => "MIRIAN" Data => "2012-08-15 14:44:34", Cadastrou o Cliente de vale 27968 => "INFORMAÇÕES CADASTRADAS => "11 => 12 => 11 => 0 => 1 => 31/07/2012 => 27968 => 226 => 27968 => 31/07/2012 => VANESSA DA SILVA MAIA => 304828/199 => VERA LUCIA QUINTEIRO DA SILVA => 25976030 => VILA: VALE DA REVOLTA => 54 =>  => MEUDON => TERESÓPOLIS => RJ => 3643-1944 => 7274-3517 =>  => PROX A PADARIA DELICIA DO VALE PROC POR VERA BAIXINHA => 01 => 16419 => COZ. COMP ARAMOVEIS LILIAN PLUS BR/VD =>  =>  =>  =>  =>  =>  =>  =>  =>  =>  =>  =>  =>  =>  =>  =>  =>  =>  =>  =>  =>  =>  =>  =>  =>  =>  =>  =>  =>  =>  =>  =>  =>  =>  =>  =>  =>  =>  => "

-------------------------------
 
CADASTRO DE CLIENTE
POST => "MIRIAN" Data => "2012-08-15 14:47:39", Cadastrou o Cliente de vale 532719 => "INFORMAÇÕES CADASTRADAS => "11 => 17 => 17 => 0 => 0 => 30/07/2012 => 532719 => 182 => 48071 => 30/07/2012 => ELUCIANA BARBOSA SANTOS => 676/199 => ENELICIA PRISCILA ANACLETO => 25540130 => RUA: MARCOS => lt 04 => QD43 CS 01 => GRANDE RIO => SÃO JOÃO DE MERITI => RJ =>  =>  =>  => PROX AO CAMPO DO UNIAO => 01 => 135582 => CAMA BP DUBAY BIBOX CHOC/PTO => 01 => 138033 => G.ROUPA ARAPLAC 10P ATLAN PLUS TB/AM =>  =>  =>  =>  =>  =>  =>  =>  =>  =>  =>  =>  =>  =>  =>  =>  =>  =>  =>  =>  =>  =>  =>  =>  =>  =>  =>  =>  =>  =>  =>  =>  =>  =>  =>  =>  => "

-------------------------------
 
ALTERAÇÃO DE CLIENTE
POST => "MIRIAN" Data => "2012-08-15 14:52:14", Alterou o Cliente de vale 279447 => "INFORMAÇÕES ALTERADAS => "1 => 3999 => 11 => 21 => 18 => 2 => 0 => 31/05/2012 => 279447 => 201 => 30477 => 21/09/2011 => MARCOS VIEIRA NEVES => 304781/199 => TEODOMIRO SIMPLICIO DE MEDEIROS => 24435700 => RUA: MANUEL PITA => 10 => CS 05 => PORTO NOVO => SÃO GONÇALO => RJ => 8784-0550 =>  =>  => RUA DO BAR GONÇALVES TRANSVERSAL A BALPRENCA => AGENDADO 01/06! => 1 => 140391 => G.ROUPA ARAPLAC 8P AUSTRIA TB/BR => 0 =>  => 0 =>  => 0 =>  => 0 =>  => 0 =>  => 0 =>  => 0 =>  => 0 =>  => 0 =>  => 0 =>  => 0 =>  => 0 =>  => 0 =>  => 0 =>  => 0 =>  => 0 =>  => 0 =>  => 0 =>  => 0 =>  => "

-------------------------------
 
CADASTRO DE CLIENTE
POST => "MIRIAN" Data => "2012-08-15 14:54:23", Cadastrou o Cliente de vale 480710 => "INFORMAÇÕES CADASTRADAS => "11 => 30 => 23 => 0 => 1 => 30/07/2012 => 480710 => 182 => 480710 => 30/07/2012 => ELUCIANA BARBOSA SANTOS => 676/199 => ENELICIA PRISCILA ANACLETO => 25540130 => RUA: MARCOS => lt 04 => QD43 CS 01 => GRANDE RIO => SÃO JOÃO DE MERITI => RJ =>  =>  =>  => PROX AO CAMPO DO UNIAO PED.48071 => 01 => 135582 => CAMA BP DUBAY BIBOX CHOC/PTO => 01 => 138033 => G.ROUPA ARAPLAC 10P ATLAN PLUS TB/AM =>  =>  =>  =>  =>  =>  =>  =>  =>  =>  =>  =>  =>  =>  =>  =>  =>  =>  =>  =>  =>  =>  =>  =>  =>  =>  =>  =>  =>  =>  =>  =>  =>  =>  =>  =>  => "

-------------------------------
 
CADASTRO DE CLIENTE
POST => "MIRIAN" Data => "2012-08-15 14:59:39", Cadastrou o Cliente de vale 475235 => "INFORMAÇÕES CADASTRADAS => "11 => 26 => 21 => 0 => 0 => 24/04/2012 => 475235 => 182 => 1069 => 24/04/2012 => RAFAEL RABELO SOARES => 18935/199 => TEREZINHA PEREIRA DORO => 26521230 => RUA: ANTÔNIO PEREIRA => 302 => CS 24 => NOSSA SENHORA DE FATIMA => NILÓPOLIS => RJ =>  =>  =>  => PROX A CEDAE => 01 => 5726 => MESA ORTIZ 4C VALENCIA VID TB =>  =>  =>  =>  =>  =>  =>  =>  =>  =>  =>  =>  =>  =>  =>  =>  =>  =>  =>  =>  =>  =>  =>  =>  =>  =>  =>  =>  =>  =>  =>  =>  =>  =>  =>  =>  =>  =>  => "

-------------------------------
 
CADASTRO DE CLIENTE
POST => "MIRIAN" Data => "2012-08-15 15:05:58", Cadastrou o Cliente de vale 531244 => "INFORMAÇÕES CADASTRADAS => "11 => 28 => 21 => 0 => 0 => 27/07/2012 => 531244 => 230 => 82909 => 27/07/2012 => GLAUCE COSTA GABRIEL => 480545/199 => CATIA REGINA DA S PUCHINELLI => 2382120 => RUA: LEONIDAS MOREIRA => 160 =>  => CAMPO GRANDE => RIO DEJANEIRO => RJ => 2415-0791 =>  =>  => BAIRO MAGALI ATRAS DO COLEGIO JAIR TAVARES => 01 => 140094 => G.ROUPA BERGAMO 5P LISBOA IMB/PTO =>  =>  =>  =>  =>  =>  =>  =>  =>  =>  =>  =>  =>  =>  =>  =>  =>  =>  =>  =>  =>  =>  =>  =>  =>  =>  =>  =>  =>  =>  =>  =>  =>  =>  =>  =>  =>  =>  => "

-------------------------------
 
CADASTRO DE CLIENTE
POST => "MIRIAN" Data => "2012-08-15 15:11:46", Cadastrou o Cliente de vale 501830 => "INFORMAÇÕES CADASTRADAS => "11 => 41 => 11 => 0 => 0 => 08/06/2012 => 501830 => 213 => 4825 => 08/06/2012 => RONALDD DOS SANTOS FIGUEIREDO => 60673/199 => VANESSA DA SILVA VEDANA => 25900000 => RUA BNEVILLE => 0 =>  => PARQUE BONEVILLE => MAGÉ => RJ => 8579-0412 => 8647-7481 =>  => UMA RUA  ANTES DA CRECHE A RUA DO ZEZE DO CAMINHAO => 01 => 3160 => G.ROUPA BIANCHI 3P FOX TB =>  =>  =>  =>  =>  =>  =>  =>  =>  =>  =>  =>  =>  =>  =>  =>  =>  =>  =>  =>  =>  =>  =>  =>  =>  =>  =>  =>  =>  =>  =>  =>  =>  =>  =>  =>  =>  =>  => "

-------------------------------
 
ALTERAÇÃO DE CLIENTE
POST => "luciana" Data => "2012-08-15 15:12:13", Alterou o Cliente de vale 621151 => "INFORMAÇÕES ALTERADAS => "1 => 4874 => 5 => 15 => 13 => 0 => 2 => 06/08/2012 => 621151 => 179 => 621151 => 02/08/2012 =>  =>  => JEFERSON DOS REIS LOURENÇO =>  => ALBUQUERQUE => 102 =>  => VILA PAULINE => BELFORD ROXO =>  => 3771-3718 =>  =>  =>  => FEITO O PEDIDO DE PEÇAS DIA 15/7 E-MAIL ENVIADO PARA LIDIANE E WAGNER LUCIANA  => 1 => 154494 => ARM.MUTIUSO RVCHILE BR/PTO => 0 =>  => 0 =>  => 0 =>  => 0 =>  => 0 =>  => 0 =>  => 0 =>  => 0 =>  => 0 =>  => 0 =>  => 0 =>  => 0 =>  => 0 =>  => 0 =>  => 0 =>  => 0 =>  => 0 =>  => 0 =>  => 0 =>  => "

-------------------------------
 
CADASTRO DE CLIENTE
POST => "MIRIAN" Data => "2012-08-15 15:15:16", Cadastrou o Cliente de vale 531229 => "INFORMAÇÕES CADASTRADAS => "11 => 32 => 10 => 0 => 0 => 27/07/2012 => 531229 => 254 => 43415 => 27/07/2012 => KELLY DE OLIVEIRA CAMPOS => 502244/199 => MARY CRALA SANTOS DOS ANJOS => 27970009 => RUA MANOEL PACHECO REZENDE => 118 =>  => FRONTEIRA  => MACAE => RJ => 9721-5496 =>  =>  => PERTO DA QUADRA PROC POR LUIS OU NICINHA => 01 => 140391 => G.ROUPA ARAPLAC 8P AUSTRIA TB/BR =>  =>  =>  =>  =>  =>  =>  =>  =>  =>  =>  =>  =>  =>  =>  =>  =>  =>  =>  =>  =>  =>  =>  =>  =>  =>  =>  =>  =>  =>  =>  =>  =>  =>  =>  =>  =>  =>  => "

-------------------------------
 
ALTERAÇÃO DE CLIENTE
POST => "luciana" Data => "2012-08-15 15:22:41", Alterou o Cliente de vale 621493 => "INFORMAÇÕES ALTERADAS => "1 => 4884 => 5 => 17 => 16 => 0 => 2 => 06/08/2012 => 621493 => 179 => 621493 => 03/08/2012 =>  =>  => MARIA JOSE DA LUZ =>  => ANDRE => 20 =>  => NOVA ESPERANÇA => DUQUE DE CAXIAS =>  => 3185-2848 =>  =>  =>  => FEITO O PEDIDO DE PEÇAS DIA 15/8 E-MAIL ENVIADO PARA LIDIANE E WAGNER LUCIANA  => 1 => 139537 => A => 0 =>  => 0 =>  => 0 =>  => 0 =>  => 0 =>  => 0 =>  => 0 =>  => 0 =>  => 0 =>  => 0 =>  => 0 =>  => 0 =>  => 0 =>  => 0 =>  => 0 =>  => 0 =>  => 0 =>  => 0 =>  => 0 =>  => "

-------------------------------
 
CADASTRO DE CLIENTE
POST => "MIRIAN" Data => "2012-08-15 15:23:33", Cadastrou o Cliente de vale 434150 => "INFORMAÇÕES CADASTRADAS => "11 => 35 => 23 => 0 => 1 => 27/07/2012 => 434150 => 254 => 434150 => 27/07/2012 => KELLY DE OLIVEIRA CAMPOS => 502244/199 => MARY  CARLA SANTOS DOS ANJOS => 27970009 => RUA MANOEL PACHECO REZENDE => 118 =>  => FRONTEIRA => MACAE => RJ => 9721-5496 =>  =>  => PERTO DA QUADRA PROC POR LUIS OU NICINHA PED.43415 => 01 => 140391 => G.ROUPA ARAPLAC 8P AUSTRIA TB/BR =>  =>  =>  =>  =>  =>  =>  =>  =>  =>  =>  =>  =>  =>  =>  =>  =>  =>  =>  =>  =>  =>  =>  =>  =>  =>  =>  =>  =>  =>  =>  =>  =>  =>  =>  =>  =>  =>  => "

-------------------------------
 
ALTERAÇÃO DE CLIENTE
POST => "luciana" Data => "2012-08-15 15:44:04", Alterou o Cliente de vale 586005 => "INFORMAÇÕES ALTERADAS => "1 => 4510 => 5 => 19 => 28 => 0 => 2 => 06/07/2012 => 586005 => 197 => 586005 => 06/07/2012 =>  =>  => ZILDA NEIVA DA SILVA =>  => RUA LIBERDADE => 153 =>  => CENTRO => MESQUITA => RJ => 3763-4282 => 7506-5143 => 9391-0041 => APOS O COLEGIO VILA BELA PRIMEIRA DIREITA DEPOIS PRIMEIRA ESQUERDA ped.1991  FEITO O PEDIDO DE PEÇAS DIA 15/7 E-MAIL ENVIADO PARA LIDIANE ,WAGNER E LAIAINE LUCIANA  => OBS:    => 1 => 5728 => MESA GRANITO AUSTRALIA 6C RET OURO => 0 =>  => 0 =>  => 0 =>  => 0 =>  => 0 =>  => 0 =>  => 0 =>  => 0 =>  => 0 =>  => 0 =>  => 0 =>  => 0 =>  => 0 =>  => 0 =>  => 0 =>  => 0 =>  => 0 =>  => 0 =>  => 0 =>  => "

-------------------------------
 
ALTERAÇÃO DE CLIENTE
POST => "MIRIAN" Data => "2012-08-15 15:45:19", Alterou o Cliente de vale 623809 => "INFORMAÇÕES ALTERADAS => "1 => 4946 => 11 => 27 => 17 => 0 => 2 => 08/08/2012 => 623809 => 179 => 623809 => 07/08/2012 =>  =>  => ERNANE BRITES RODRIGUES =>  => RUA COELHO RODRIGUES => lt31 qd 104 =>  => OLAVO BILAC => DUQUE DE CAXIAS => RJ => 2783-5027 => 9104-5142 =>  => FICA NA RUA DO BAR DO BEBEZAO FICA AO LADO PROC PELA BERENICE =>  => 1 => 140391 => G.ROUPA ARAPLAC 8P AUSTRIA TB/AMEN => 0 =>  => 0 =>  => 0 =>  => 0 =>  => 0 =>  => 0 =>  => 0 =>  => 0 =>  => 0 =>  => 0 =>  => 0 =>  => 0 =>  => 0 =>  => 0 =>  => 0 =>  => 0 =>  => 0 =>  => 0 =>  => 0 =>  => "

-------------------------------
 
ALTERAÇÃO DE CLIENTE
POST => "luciana" Data => "2012-08-15 16:00:21", Alterou o Cliente de vale 615762 => "INFORMAÇÕES ALTERADAS => "1 => 4834 => 5 => 27 => 25 => 0 => 2 => 30/07/2012 => 615762 => 179 => 615762 => 26/07/2012 =>  =>  => ROSANGELA CONEGUNDES SALVADOR DA SILVA =>  => RUA JOSE DE ALENCAR => 40 => AP 104 => VILA SAO LUIS => DUQUE DE CAXIAS => RJ => 3774-7416 =>  =>  => PROX AO BAZAR DA PONTE E ANTIGA LAN HOUSE DA MABI PROC POR FATIMA. PED.11284 => revisao executada.08/08/12.FEITO O PEDIDO DE PEÇA DIA 15/8 E-MAIL ENVIADO PARA LIDIANE E WAGNER LUCIANA  => 1 => 16422 => BALC ITAT IGH-97 DAYANE BR/PTO => 0 =>  => 0 =>  => 0 =>  => 0 =>  => 0 =>  => 0 =>  => 0 =>  => 0 =>  => 0 =>  => 0 =>  => 0 =>  => 0 =>  => 0 =>  => 0 =>  => 0 =>  => 0 =>  => 0 =>  => 0 =>  => 0 =>  => "

-------------------------------
 
ALTERAÇÃO DE CLIENTE
POST => "luciana" Data => "2012-08-15 16:08:41", Alterou o Cliente de vale 623809 => "INFORMAÇÕES ALTERADAS => "1 => 4946 => 5 => 23 => 32 => 0 => 2 => 08/08/2012 => 623809 => 179 => 623809 => 07/08/2012 =>  =>  => ERNANE BRITES RODRIGUES =>  => RUA COELHO RODRIGUES => lt31 qd 104 =>  => OLAVO BILAC => DUQUE DE CAXIAS => RJ => 2783-5027 => 9104-5142 =>  => FICA NA RUA DO BAR DO BEBEZAO FICA AO LADO PROC PELA BERENICE => FEITO O PEDIDO DE PEÇAS DIA 15/8 E-MAIL ENVIADO PARA LIDIANE E WAGNER LUCIANA  => 1 => 140391 => G.ROUPA ARAPLAC 8P AUSTRIA TB/AMEN => 0 =>  => 0 =>  => 0 =>  => 0 =>  => 0 =>  => 0 =>  => 0 =>  => 0 =>  => 0 =>  => 0 =>  => 0 =>  => 0 =>  => 0 =>  => 0 =>  => 0 =>  => 0 =>  => 0 =>  => 0 =>  => 0 =>  => "

-------------------------------
 
ALTERAÇÃO DE CLIENTE
POST => "camila" Data => "2012-08-15 16:13:08", Alterou o Cliente de vale 317974 => "INFORMAÇÕES ALTERADAS => "1 => 4770 => 6 => 30 => 22 => 0 => 0 => 20/07/2012 => 317974 => 239 => 22033 => 04/11/2011 => THIAGO LUIZ DA SILVA => 350173/199 => THAIS GARCIA DE MESQUITA => 24756690 => RUA: ROMEU CASA GRANDE => 228 =>  => MARIA PAULA => SÃO GONÇALO => RJ => 2619-0364 => 9580-3368 => 8725-2803 => PROC BAR DO RANDAL CS EM CIMA DO BAR PROC THAIS OU TAUAN....Email enviado ao naec dia 15-08-12 Camila => FEITO O PEDIDO DE PEÇA DIA 13/8 ENVIEI E-MAIL PARA LIDIANE E WAGNER LUCIANA . => 1 => 100136 => COZINHA ITAT DAYANE BR => 0 =>  => 0 =>  => 0 =>  => 0 =>  => 0 =>  => 0 =>  => 0 =>  => 0 =>  => 0 =>  => 0 =>  => 0 =>  => 0 =>  => 0 =>  => 0 =>  => 0 =>  => 0 =>  => 0 =>  => 0 =>  => 0 =>  => "

-------------------------------
 
ALTERAÇÃO DE CLIENTE
POST => "camila" Data => "2012-08-15 16:14:40", Alterou o Cliente de vale 413489 => "INFORMAÇÕES ALTERADAS => "1 => 944 => 6 => 32 => 13 => 0 => 0 => 12/03/2012 => 413489 => 203 => 78868 => 06/02/2012 =>  =>  => LUIS CARLOS DOS SANTOS COSTA => 20755050 => RUA: MIGUEL LIMA => 55 =>  => PILARES => RIO DE JANEIRO => RJ => 2274-6763 =>  =>  => IR PELA RUA MARIO CARPENTER FTE AO MERCADO EXTRA => Email enviado ao naec dia 15-08-12 Camila => 1 => 139576 => G ROUPA IRMOL 2P APOLO PTO/BR/CZ => 0 =>  => 0 =>  => 0 =>  => 0 =>  => 0 =>  => 0 =>  => 0 =>  => 0 =>  => 0 =>  => 0 =>  => 0 =>  => 0 =>  => 0 =>  => 0 =>  => 0 =>  => 0 =>  => 0 =>  => 0 =>  => 0 =>  => "

-------------------------------
 
ALTERAÇÃO DE CLIENTE
POST => "camila" Data => "2012-08-15 16:16:26", Alterou o Cliente de vale 475235 => "INFORMAÇÕES ALTERADAS => "1 => 4980 => 6 => 25 => 8 => 0 => 0 => 24/04/2012 => 475235 => 182 => 1069 => 24/04/2012 => RAFAEL RABELO SOARES => 18935/199 => TEREZINHA PEREIRA DORO => 26521230 => RUA: ANTÔNIO PEREIRA => 302 => CS 24 => NOSSA SENHORA DE FATIMA => NILÓPOLIS => RJ =>  =>  =>  => PROX A CEDAE => Email enviado ao naec dia 15-08-12 Camila => 1 => 5726 => MESA ORTIZ 4C VALENCIA VID TB => 0 =>  => 0 =>  => 0 =>  => 0 =>  => 0 =>  => 0 =>  => 0 =>  => 0 =>  => 0 =>  => 0 =>  => 0 =>  => 0 =>  => 0 =>  => 0 =>  => 0 =>  => 0 =>  => 0 =>  => 0 =>  => 0 =>  => "

-------------------------------
 
ALTERAÇÃO DE CLIENTE
POST => "camila" Data => "2012-08-15 16:17:35", Alterou o Cliente de vale 501830 => "INFORMAÇÕES ALTERADAS => "1 => 4982 => 6 => 27 => 12 => 0 => 0 => 08/06/2012 => 501830 => 213 => 4825 => 08/06/2012 => RONALDD DOS SANTOS FIGUEIREDO => 60673/199 => VANESSA DA SILVA VEDANA => 25900000 => RUA BNEVILLE => 0 =>  => PARQUE BONEVILLE => MAGÉ => RJ => 8579-0412 => 8647-7481 =>  => UMA RUA  ANTES DA CRECHE A RUA DO ZEZE DO CAMINHAO => Email enviado ao naec dia 15-08-12 Camila => 1 => 3160 => G.ROUPA BIANCHI 3P FOX TB => 0 =>  => 0 =>  => 0 =>  => 0 =>  => 0 =>  => 0 =>  => 0 =>  => 0 =>  => 0 =>  => 0 =>  => 0 =>  => 0 =>  => 0 =>  => 0 =>  => 0 =>  => 0 =>  => 0 =>  => 0 =>  => 0 =>  => "

-------------------------------
 
ALTERAÇÃO DE CLIENTE
POST => "camila" Data => "2012-08-15 16:18:54", Alterou o Cliente de vale 511014 => "INFORMAÇÕES ALTERADAS => "1 => 4964 => 6 => 11 => 14 => 0 => 0 => 26/06/2012 => 511014 => 178 => 8260 => 26/06/2012 => ELAINE CAROLINE OLIVEIRA SILVA => 72624/199 => LUCIA HELENA GOMES DA SILVA => 27275330 => RUA: TUPI => 136 =>  => JARDIM CIDADE DO AÇO => VOLTA REDONDA => RJ => 3339-3167 =>  =>  => Email enviado ao naec dia 15-08-12 Camila =>  => 1 => 8921 => G.ROUPA BIANCHI 6P REQUINTE TB/BR => 0 =>  => 0 =>  => 0 =>  => 0 =>  => 0 =>  => 0 =>  => 0 =>  => 0 =>  => 0 =>  => 0 =>  => 0 =>  => 0 =>  => 0 =>  => 0 =>  => 0 =>  => 0 =>  => 0 =>  => 0 =>  => 0 =>  => "

-------------------------------
 
ALTERAÇÃO DE CLIENTE
POST => "camila" Data => "2012-08-15 16:20:14", Alterou o Cliente de vale 514106 => "INFORMAÇÕES ALTERADAS => "1 => 4974 => 6 => 39 => 12 => 0 => 0 => 30/06/2012 => 514106 => 168 => 5820 => 30/06/2012 => ELIMAR ALVES OLIVEIRA => 76467/199 => CRISTIANE SANTOS DE OLIVEIRA => 21511380 => RUA: DAS SAFIRAS => 76 => AP 204 => ROCHA MIRANDA => RIO DE JANEIRO => RJ =>  =>  =>  => PROX AO PONTO FINAL DO ONIBUS 349 => Email enviado ao naec dia 15-08-12 Camila => 1 => 135481 => COZ KIPLAC RENATA PLUS BR => 0 =>  => 0 =>  => 0 =>  => 0 =>  => 0 =>  => 0 =>  => 0 =>  => 0 =>  => 0 =>  => 0 =>  => 0 =>  => 0 =>  => 0 =>  => 0 =>  => 0 =>  => 0 =>  => 0 =>  => 0 =>  => 0 =>  => "

-------------------------------
 
ALTERAÇÃO DE CLIENTE
POST => "camila" Data => "2012-08-15 16:21:29", Alterou o Cliente de vale 514108 => "INFORMAÇÕES ALTERADAS => "1 => 4841 => 6 => 15 => 20 => 0 => 0 => 30/07/0012 => 514108 => 280 => 2896 => 30/06/2012 => UEDSON SILVA NASCIMENTO => 76468/199 => DEBORA XAVIER GREGORIO => 21512002 => ESTRADA: JOÃO PAULO => 1412 => CS 03 => HONÓRIO GURGEL => RIO DE JANEIRO => RJ => 3835-9913 =>  =>  => AO LADO DO ACOUGUE FINA FLOR NA VILA ENTRE O ACOUGUE E MERCADINHO => Email enviado ao naec dia 15-08-12 Camila => 1 => 135481 => COZ KIPLAC RENATA PLUS BR/PTO => 0 =>  => 0 =>  => 0 =>  => 0 =>  => 0 =>  => 0 =>  => 0 =>  => 0 =>  => 0 =>  => 0 =>  => 0 =>  => 0 =>  => 0 =>  => 0 =>  => 0 =>  => 0 =>  => 0 =>  => 0 =>  => 0 =>  => "

-------------------------------
 
ALTERAÇÃO DE CLIENTE
POST => "camila" Data => "2012-08-15 16:22:56", Alterou o Cliente de vale 517743 => "INFORMAÇÕES ALTERADAS => "1 => 4525 => 6 => 26 => 24 => 0 => 0 => 30/11/-0001 => 517743 => 204 => 3576 => 05/07/2012 => RICARDO BENTO AREA => 80940 => DEBORA MARQUES PAIVA =>  => AVENIDA DESEMBARGADOR NESTOR RODRIGUES PERLINGEIRO => 0 => CASA LT 304 => SANTA BARBARA => NITEROI =>  => 7543-4761 =>  =>  => PROX AO COLEGIO DAVID CAPISTRANO RUA BAR BAHIANINHO => Email enviado ao naec dia 15-08-12 Camila => 1 => 140094 => G.ROUPA BERGAMO 5P LISBOA IMB/PTO => 0 =>  => 0 =>  => 0 =>  => 0 =>  => 0 =>  => 0 =>  => 0 =>  => 0 =>  => 0 =>  => 0 =>  => 0 =>  => 0 =>  => 0 =>  => 0 =>  => 0 =>  => 0 =>  => 0 =>  => 0 =>  => 0 =>  => "

-------------------------------
 
ALTERAÇÃO DE CLIENTE
POST => "camila" Data => "2012-08-15 16:24:22", Alterou o Cliente de vale 521347 => "INFORMAÇÕES ALTERADAS => "1 => 4589 => 6 => 13 => 4 => 0 => 0 => 12/07/2012 => 521347 => 170 => 35510 => 11/07/2012 => PERICLES CANDIDO FERREIRA => 427527/199 => DAYANA KEINE DE OLIVEIRA MOREIRA =>  => AVENIDA GILKA MACHADO RUA DOIS W CS 10 QD 11 =>  => CASA => RECREIO DOS BANDEIRANTES => RIO DE JANEIRO => RJ => 7539-5244 =>  =>  => EM FRENTE AO PREDIO 180 COMUNIDADE JACARE DO PAPO AMARELO....Email enviado ao naec dia 15-08-12 Camila => FICHA ESTÁ COM MARCELO ALEXANDRE. => 1 => 140391 => G.ROUPA ARAPLAC 8P AUSTRIA TB/BR => 0 =>  => 0 =>  => 0 =>  => 0 =>  => 0 =>  => 0 =>  => 0 =>  => 0 =>  => 0 =>  => 0 =>  => 0 =>  => 0 =>  => 0 =>  => 0 =>  => 0 =>  => 0 =>  => 0 =>  => 0 =>  => 0 =>  => "

-------------------------------
 
ALTERAÇÃO DE CLIENTE
POST => "camila" Data => "2012-08-15 16:28:22", Alterou o Cliente de vale 530042 => "INFORMAÇÕES ALTERADAS => "1 => 4822 => 6 => 37 => 10 => 0 => 0 => 26/07/2012 => 530042 => 179 => 16812 => 25/07/2012 => ANDERSON PEREIRA SANTOS =>  => TATIANE SANTARONI DE CARVALHO => 25560581 => RUA: IMBUI => LT 1 => QD X => VILAR DOS TELES => SÃO JOÃO DE MERITI => RJ => 8790-8567 =>  =>  => PADARIA DA FABRICA DE GELO MONTE CARLOS SUBIDA DO P FINAL DO LINAVE MORRO DOSS PARAIBA PROC LUIZA => Email enviado ao naec dia 15-08-12 Camila => 1 => 139530 => G. ROUPA MOVAL 3P SANTIAGO IMB/PTO => 0 =>  => 0 =>  => 0 =>  => 0 =>  => 0 =>  => 0 =>  => 0 =>  => 0 =>  => 0 =>  => 0 =>  => 0 =>  => 0 =>  => 0 =>  => 0 =>  => 0 =>  => 0 =>  => 0 =>  => 0 =>  => 0 =>  => "

-------------------------------
 
ALTERAÇÃO DE CLIENTE
POST => "camila" Data => "2012-08-15 16:30:18", Alterou o Cliente de vale 530047 => "INFORMAÇÕES ALTERADAS => "1 => 4821 => 6 => 15 => 19 => 0 => 0 => 26/07/2012 => 530047 => 243 => 8549 => 25/07/2012 => NUBIA DOS SANTOS FERREIRA =>  => MARIA DE FATIMA DA SILVA NOGUEIRA => 26130420 => RUA ALMEIDA SANTOS => 246 => CASA => VILA SANTO ANTÔNIO DA PRATA => BELFORD ROXO => RJ =>  =>  =>  => UMA RUA ANTES DO POMBAL PROC GILDA => Email enviado ao naec dia 15-08-12 Camila => 1 => 140094 => G.ROUPA BERGAMO 5P LISBOA IMB/PTO => 0 =>  => 0 =>  => 0 =>  => 0 =>  => 0 =>  => 0 =>  => 0 =>  => 0 =>  => 0 =>  => 0 =>  => 0 =>  => 0 =>  => 0 =>  => 0 =>  => 0 =>  => 0 =>  => 0 =>  => 0 =>  => 0 =>  => "

-------------------------------
 
ALTERAÇÃO DE CLIENTE
POST => "camila" Data => "2012-08-15 16:31:41", Alterou o Cliente de vale 530520 => "INFORMAÇÕES ALTERADAS => "1 => 4833 => 6 => 29 => 20 => 0 => 0 => 30/07/2012 => 530520 => 179 => 21030 => 26/07/2012 => LEONARDO OLIVEIRA DE FREITAS => 74347/199 => DOMICIO MOTA DOS SANTOS => 25045340 => RUA: LUÍS CESAR => 28 =>  => JARDIM VILA NOVA => DUQUE DE CAXIAS => RJ => 2652-0437 =>  =>  => PROX A IGREJA SAO JORGE PORTAO CIZA PROC FRANCISCO => Email enviado ao naec dia 15-08-12 Camila => 1 => 140391 => G.ROUPA ARAPLAC 8P AUSTRIA TB/BR => 0 =>  => 0 =>  => 0 =>  => 0 =>  => 0 =>  => 0 =>  => 0 =>  => 0 =>  => 0 =>  => 0 =>  => 0 =>  => 0 =>  => 0 =>  => 0 =>  => 0 =>  => 0 =>  => 0 =>  => 0 =>  => 0 =>  => "

-------------------------------
 
ALTERAÇÃO DE CLIENTE
POST => "camila" Data => "2012-08-15 16:33:19", Alterou o Cliente de vale 531229 => "INFORMAÇÕES ALTERADAS => "1 => 4983 => 6 => 4 => 16 => 0 => 0 => 27/07/2012 => 531229 => 254 => 43415 => 27/07/2012 => KELLY DE OLIVEIRA CAMPOS => 502244/199 => MARY CRALA SANTOS DOS ANJOS => 27970009 => RUA MANOEL PACHECO REZENDE => 118 =>  => FRONTEIRA => MACAE => RJ => 9721-5496 =>  =>  => PERTO DA QUADRA PROC POR LUIS OU NICINHA => Email enviado ao naec dia 15-08-12 Camila => 1 => 140391 => G.ROUPA ARAPLAC 8P AUSTRIA TB/BR => 0 =>  => 0 =>  => 0 =>  => 0 =>  => 0 =>  => 0 =>  => 0 =>  => 0 =>  => 0 =>  => 0 =>  => 0 =>  => 0 =>  => 0 =>  => 0 =>  => 0 =>  => 0 =>  => 0 =>  => 0 =>  => 0 =>  => "

-------------------------------
 
ALTERAÇÃO DE CLIENTE
POST => "camila" Data => "2012-08-15 16:35:36", Alterou o Cliente de vale 531238 => "INFORMAÇÕES ALTERADAS => "1 => 4963 => 6 => 19 => 11 => 0 => 0 => 27/07/2012 => 531238 => 169 => 4668 => 27/07/2012 => ROSANA SOUZA MONTEIRO => 47144/199 => MIRIAM DE OLIVEIRA BARBOSA => 20921260 => RUA: DOUTOR ALEXANDRE PLEMONT => 26 =>  => SÃO CRISTÓVÃO => RIO DE JANEIRO => RJ => 2580-3526 =>  =>  => ENTRADA PELA RUA BELA PROX AO POSTO DE GASOLINA => Email enviado ao naec dia 15-08-12 Camila => 1 => 140341 => BICAMA FRITZ TURIM BR/LILAS => 0 =>  => 0 =>  => 0 =>  => 0 =>  => 0 =>  => 0 =>  => 0 =>  => 0 =>  => 0 =>  => 0 =>  => 0 =>  => 0 =>  => 0 =>  => 0 =>  => 0 =>  => 0 =>  => 0 =>  => 0 =>  => 0 =>  => "

-------------------------------
 
ALTERAÇÃO DE CLIENTE
POST => "camila" Data => "2012-08-15 16:36:44", Alterou o Cliente de vale 531244 => "INFORMAÇÕES ALTERADAS => "1 => 4981 => 6 => 20 => 12 => 0 => 0 => 27/07/2012 => 531244 => 230 => 82909 => 27/07/2012 => GLAUCE COSTA GABRIEL => 480545/199 => CATIA REGINA DA S PUCHINELLI => 2382120 => RUA: LEONIDAS MOREIRA => 160 =>  => CAMPO GRANDE => RIO DEJANEIRO => RJ => 2415-0791 =>  =>  => BAIRO MAGALI ATRAS DO COLEGIO JAIR TAVARES => Email enviado ao naec dia 15-08-12 Camila => 1 => 140094 => G.ROUPA BERGAMO 5P LISBOA IMB/PTO => 0 =>  => 0 =>  => 0 =>  => 0 =>  => 0 =>  => 0 =>  => 0 =>  => 0 =>  => 0 =>  => 0 =>  => 0 =>  => 0 =>  => 0 =>  => 0 =>  => 0 =>  => 0 =>  => 0 =>  => 0 =>  => 0 =>  => "

-------------------------------
 
ALTERAÇÃO DE CLIENTE
POST => "camila" Data => "2012-08-15 16:37:44", Alterou o Cliente de vale 531249 => "INFORMAÇÕES ALTERADAS => "1 => 4838 => 6 => 24 => 20 => 0 => 0 => 30/07/2012 => 531249 => 179 => 22599 => 27/07/2012 => LEONARDO OLIVEIRA DE FREITAS => 84314/199 => DENILSON SANTANNA DOS REIS => 25070100 => AVENIDA SAO PAULO => lt 05 => QD 04 => CAMPO ELISEOS => DUQUE DE CAXIAS => RJ =>  =>  =>  => AO LADO DA ESCOLA MONTEIRO LOBATO PROC RAIANE => Email enviado ao naec dia 15-08-12 Camila => 1 => 139530 => G. ROUPA MOVAL 3P SANTIAGO IMB/PTO => 0 =>  => 0 =>  => 0 =>  => 0 =>  => 0 =>  => 0 =>  => 0 =>  => 0 =>  => 0 =>  => 0 =>  => 0 =>  => 0 =>  => 0 =>  => 0 =>  => 0 =>  => 0 =>  => 0 =>  => 0 =>  => 0 =>  => "

-------------------------------
 
ALTERAÇÃO DE CLIENTE
POST => "camila" Data => "2012-08-15 16:38:46", Alterou o Cliente de vale 531316 => "INFORMAÇÕES ALTERADAS => "1 => 4966 => 6 => 10 => 13 => 0 => 0 => 27/07/2012 => 531316 => 178 => 531316 => 27/07/2012 => EUCIDIA ELOIZA AFONSO => 395605/199 => PRISCILA DE ALMEIDA HERNANDES => 27336410 => RUA QUADRO => 179 =>  => SAO CARLOS => BARRA MANSA => RJ => 3343-7755 =>  =>  => Email enviado ao naec dia 15-08-12 Camila =>  => 1 => 134898 => COZ COMP ARAMOVEIS LILIAN PLUS  BR/PT => 0 =>  => 0 =>  => 0 =>  => 0 =>  => 0 =>  => 0 =>  => 0 =>  => 0 =>  => 0 =>  => 0 =>  => 0 =>  => 0 =>  => 0 =>  => 0 =>  => 0 =>  => 0 =>  => 0 =>  => 0 =>  => 0 =>  => "

-------------------------------
 
ALTERAÇÃO DE CLIENTE
POST => "camila" Data => "2012-08-15 16:41:34", Alterou o Cliente de vale 532719 => "INFORMAÇÕES ALTERADAS => "1 => 4978 => 6 => 10 => 21 => 0 => 0 => 30/07/2012 => 532719 => 182 => 48071 => 30/07/2012 => ELUCIANA BARBOSA SANTOS => 676/199 => ENELICIA PRISCILA ANACLETO => 25540130 => RUA: MARCOS => lt 04 => QD43 CS 01 => GRANDE RIO => SÃO JOÃO DE MERITI => RJ =>  =>  =>  => PROX AO CAMPO DO UNIAO => Email enviado ao naec dia 15-08-12 Camila => 1 => 135582 => CAMA BP DUBAY BIBOX CHOC/PTO => 1 => 138033 => G.ROUPA ARAPLAC 10P ATLAN PLUS TB/AM => 0 =>  => 0 =>  => 0 =>  => 0 =>  => 0 =>  => 0 =>  => 0 =>  => 0 =>  => 0 =>  => 0 =>  => 0 =>  => 0 =>  => 0 =>  => 0 =>  => 0 =>  => 0 =>  => 0 =>  => 0 =>  => "

-------------------------------
 
ALTERAÇÃO DE CLIENTE
POST => "camila" Data => "2012-08-15 16:43:48", Alterou o Cliente de vale 533526 => "INFORMAÇÕES ALTERADAS => "1 => 4976 => 6 => 23 => 20 => 0 => 0 => 31/07/2012 => 533526 => 226 => 533526 => 31/07/2012 => VANESSA DA SILVA MAIA => 304828/199 => VERA LUCIA QUINTEIRO DA SILVA => 25976030 => VILA: VALE DA REVOLTA => 54 =>  => MEUDON => TERESÓPOLIS => RJ => 3643-1944 => 7274-3517 =>  => PROX A PADARIA DELICIA DO VALE PROC POR VERA BAIXINHA PED.27968 => Email enviado ao naec dia 15-08-12 Camila => 1 => 16419 => COZ. COMP ARAMOVEIS LILIAN PLUS BR/VD => 0 =>  => 0 =>  => 0 =>  => 0 =>  => 0 =>  => 0 =>  => 0 =>  => 0 =>  => 0 =>  => 0 =>  => 0 =>  => 0 =>  => 0 =>  => 0 =>  => 0 =>  => 0 =>  => 0 =>  => 0 =>  => 0 =>  => "

-------------------------------
 
ALTERAÇÃO DE CLIENTE
POST => "camila" Data => "2012-08-15 16:44:48", Alterou o Cliente de vale 533530 => "INFORMAÇÕES ALTERADAS => "1 => 4967 => 6 => 21 => 12 => 0 => 0 => 31/07/2012 => 533530 => 226 => 30419 => 31/07/2012 => GABRIEL RODRIGUES GONÇALVES => 357252/199 => MARCINEIA DA CONCEIÇÃO => 25956330 => RUA: SERGIPE => 396 =>  => ARARAS => TERESÓPOLIS => RJ =>  =>  =>  => PROX A DESTAQUE FILME => Email enviado ao naec dia 15-08-12 Camila => 1 => 140391 => G.ROUPA ARAPLAC 8P AUSTRIA TB/BR => 0 =>  => 0 =>  => 0 =>  => 0 =>  => 0 =>  => 0 =>  => 0 =>  => 0 =>  => 0 =>  => 0 =>  => 0 =>  => 0 =>  => 0 =>  => 0 =>  => 0 =>  => 0 =>  => 0 =>  => 0 =>  => 0 =>  => "

-------------------------------
 
ALTERAÇÃO DE CLIENTE
POST => "camila" Data => "2012-08-15 16:47:28", Alterou o Cliente de vale 533540 => "INFORMAÇÕES ALTERADAS => "1 => 4969 => 6 => 25 => 18 => 0 => 0 => 31/07/2012 => 533540 => 254 => 1773 => 31/07/2012 => BRUNO MOREIRA RANGEL => 96616/199 => MAURO ARLINDO DE FIGUEIREDO => 27900000 => RUA PRINCIPAL DAS ACACIAS => 40 =>  => NOVA HOLANDA => MACAE => RJ => 9996-1503 => 9876-5994 =>  => PROX AO BAR DO FRANCISCO => Email enviado ao naec dia 15-08-12 Camila => 1 => 135357 => ESTANTE SOMOPAR 23000 TB/BR => 0 =>  => 0 =>  => 0 =>  => 0 =>  => 0 =>  => 0 =>  => 0 =>  => 0 =>  => 0 =>  => 0 =>  => 0 =>  => 0 =>  => 0 =>  => 0 =>  => 0 =>  => 0 =>  => 0 =>  => 0 =>  => 0 =>  => "

-------------------------------
 
ALTERAÇÃO DE CLIENTE
POST => "camila" Data => "2012-08-15 16:48:23", Alterou o Cliente de vale 534558 => "INFORMAÇÕES ALTERADAS => "1 => 4885 => 6 => 23 => 31 => 0 => 0 => 06/08/2012 => 534558 => 179 => 20201 => 02/08/2012 => ANDERSON PEREIRA SANTOS => 70479 => JOSEFA LUCAS DE CASTRO => 25060100 => RUA: MARIANO PROCÓPIO => 76 => APT => CAROLINA => DUQUE DE CAXIAS => RJ => 7148-8938 =>  =>  => Email enviado ao naec dia 15-08-12 Camila =>  => 1 => 139530 => G. ROUPA MOVAL 3P SANTIAGO IMB/PTO => 0 =>  => 0 =>  => 0 =>  => 0 =>  => 0 =>  => 0 =>  => 0 =>  => 0 =>  => 0 =>  => 0 =>  => 0 =>  => 0 =>  => 0 =>  => 0 =>  => 0 =>  => 0 =>  => 0 =>  => 0 =>  => 0 =>  => "

-------------------------------
 
ALTERAÇÃO DE CLIENTE
POST => "camila" Data => "2012-08-15 16:49:34", Alterou o Cliente de vale 541409 => "INFORMAÇÕES ALTERADAS => "1 => 4957 => 6 => 49 => 12 => 0 => 0 => 14/08/2012 => 541409 => 230 => 48919 => 14/08/2012 => EDMILSON SILVA LUZ => 166796/s => PAULA ROBERTO AMERICA MARTINS => 23030290 => CAMINHO: DA MANGUEIRA => 283 =>  => GUARATIBA => RIO DE JANEIRO => RJ => 3384-0539 => 9125-9071 =>  => EST DO MATO ALTO APOS IGREJA NOSSA SENHORA APARECIDA 1ºRUA DIR MANGUEIRA DE ESQUINA ALCIONE. => Email enviado ao naec dia 15-08-12 Camila => 1 => 135251 => G.ROUPA FRITZ 6P DANY TB/BR => 0 =>  => 0 =>  => 0 =>  => 0 =>  => 0 =>  => 0 =>  => 0 =>  => 0 =>  => 0 =>  => 0 =>  => 0 =>  => 0 =>  => 0 =>  => 0 =>  => 0 =>  => 0 =>  => 0 =>  => 0 =>  => 0 =>  => "

-------------------------------
 
ALTERAÇÃO DE CLIENTE
POST => "luciana" Data => "2012-08-15 17:26:13", Alterou o Cliente de vale 556105 => "INFORMAÇÕES ALTERADAS => "1 => 4932 => 5 => 20 => 23 => 0 => 2 => 08/08/2012 => 556105 => 179 => 556105 => 08/08/2012 =>  =>  => MOISES ALMEIDA DE MATOS =>  => RUA PROJETADA => lt 12 => QD 46 => JARDIM ANHANGA => DUQUE DE CAXIAS => RJ => 3650-9542 => 8521-5616 =>  => EM FRENTE AO SEVERINHO DO GAS SR MOISES OU FAFA => E-MAIL ENVIADO PARA O NAEC LIDIANE ,WAGNER E FELIPE  DIA 15/8  => 1 => 5728 => MESA GRANITO AUSTRALIA 6C RET OURO => 0 =>  => 0 =>  => 0 =>  => 0 =>  => 0 =>  => 0 =>  => 0 =>  => 0 =>  => 0 =>  => 0 =>  => 0 =>  => 0 =>  => 0 =>  => 0 =>  => 0 =>  => 0 =>  => 0 =>  => 0 =>  => 0 =>  => "

-------------------------------
