 
ALTERAÇÃO DE CLIENTE
POST => "simone" Data => "2012-06-26 09:05:31", Alterou o Cliente de vale 404234 => "INFORMAÇÕES ALTERADAS => "1 => 4052 => 35 => 19 => 21 => 2 => 0 => 01/06/2012 => 404234 => 245 => 38037 => 27/01/2012 => ANDREIA DA CONCEIÇÃO => 470641/199 => ODETE SANTOS BASTOS =>  => RUA SETE LAGOAS => 145 => BL 09 CASA 101 => JACAREPAGUA => RIO DE JANEIRO => RJ => 7497-9100 =>  =>  => NA ESTRADA DO RIO GRANDE DEPOIS DO MERCADO ESPECIAL COND NUME 4181. => agendado p/16/06/12,passado email p/camila acompanhar.mirian cliente só pode sabado . => 1 => 135481 => COZ KIPLAC RENATA PLUS BR/PTO => 0 =>  => 0 =>  => 0 =>  => 0 =>  => 0 =>  => 0 =>  => 0 =>  => 0 =>  => 0 =>  => 0 =>  => 0 =>  => 0 =>  => 0 =>  => 0 =>  => 0 =>  => 0 =>  => 0 =>  => 0 =>  => 0 =>  => "

-------------------------------
 
ALTERAÇÃO DE CLIENTE
POST => "luciana" Data => "2012-06-26 09:31:12", Alterou o Cliente de vale 518733 => "INFORMAÇÕES ALTERADAS => "1 => 4149 => 5 => 14 => 11 => 0 => 2 => 11/06/2012 => 518733 => 241 => 518733 => 05/06/2012 =>  =>  => ISABEL CRISTINA DA SILVA =>  => RUA VISCONDE DA GAVEA => 133 => QUIT 101 => CENTRO => RIO DE JANEIRO => RJ => 8233-8667 =>  =>  => PROX AO HOTEL VERLAINE PROC ISABEL RECADO: 2223-4865 DONA VERA  PASSEI O LAUDO DIA 26/6 LUCIANA . =>  => 1 => 136216 => G.ROUPA MOVAL 6P PARIS TB/BR => 0 =>  => 0 =>  => 0 =>  => 0 =>  => 0 =>  => 0 =>  => 0 =>  => 0 =>  => 0 =>  => 0 =>  => 0 =>  => 0 =>  => 0 =>  => 0 =>  => 0 =>  => 0 =>  => 0 =>  => 0 =>  => 0 =>  => "

-------------------------------
 
ALTERAÇÃO DE CLIENTE
POST => "simone" Data => "2012-06-26 09:33:55", Alterou o Cliente de vale 505290 => "INFORMAÇÕES ALTERADAS => "1 => 4233 => 35 => 29 => 25 => 0 => 0 => 15/06/2012 => 505290 => 242 => 1039 => 14/06/2012 => MARCIO ANDRE COSTA USECKAS => 16724 => GRACIELE BEZERRA DUTRA =>  => PADRE JOSINO => 27 =>  => NOVA AURORA => BELFORD ROXO =>  => 2615-7340 =>  =>  => PROX AO SITIO NDA MARISA E PROX AO ASILO ANTES DO FAROL PRO CLEIA MORA EM FRENTE QUEM RECEBERA MARIA DAS GRAÇAS => OBS:passado e-mail para o naec no dia 25/06/2012 solicitando o telefone. => 1 => 141552 => CJ SALA JANTAR ORTIZ VALENCIA 6C AMEN => 1 => 134892 => COZ ITAT CRIATIVA MAXII2VPTO => 0 =>  => 0 =>  => 0 =>  => 0 =>  => 0 =>  => 0 =>  => 0 =>  => 0 =>  => 0 =>  => 0 =>  => 0 =>  => 0 =>  => 0 =>  => 0 =>  => 0 =>  => 0 =>  => 0 =>  => 0 =>  => "

-------------------------------
 
ALTERAÇÃO DE CLIENTE
POST => "luciana" Data => "2012-06-26 09:37:37", Alterou o Cliente de vale 518733 => "INFORMAÇÕES ALTERADAS => "1 => 4149 => 5 => 33 => 6 => 0 => 2 => 11/06/2012 => 518733 => 241 => 518733 => 05/06/2012 =>  =>  => ISABEL CRISTINA DA SILVA =>  => RUA VISCONDE DA GAVEA => 133 => QUIT 101 => CENTRO => RIO DE JANEIRO => RJ => 8233-8667 =>  =>  => PROX AO HOTEL VERLAINE PROC ISABEL RECADO: 2223-4865 DONA VERA  PASSEI O LAUDO DIA 26/6 2º A O MONTADO O PRODUTO ESTA OK MAS A CLIENTE QUER A TROCA DO PRODUTO LUCIANA . =>  => 1 => 136216 => G.ROUPA MOVAL 6P PARIS TB/BR => 0 =>  => 0 =>  => 0 =>  => 0 =>  => 0 =>  => 0 =>  => 0 =>  => 0 =>  => 0 =>  => 0 =>  => 0 =>  => 0 =>  => 0 =>  => 0 =>  => 0 =>  => 0 =>  => 0 =>  => 0 =>  => 0 =>  => "

-------------------------------
 
ALTERAÇÃO DE CLIENTE
POST => "luciana" Data => "2012-06-26 09:49:42", Alterou o Cliente de vale 568031 => "INFORMAÇÕES ALTERADAS => "1 => 3838 => 5 => 40 => 8 => 0 => 2 => 23/05/2012 => 568031 => 169 => 568031 => 23/05/2012 =>  =>  => ELANNE MACIEL OLIVEIRA DOS SANTOS =>  => LADEIRA DO BARROSO-TRAV MACIEL CS 05 => 208 =>  => GAMBOA => RIO DEJANEIRO => RJ => 2263-1660 =>  =>  => PROX A PRAÇA AMERICO BRUM ELAINE MANICURE => 1- TAMPO DO BALÇÃO  => 1 => 9074 => COZINHA COMP COLOR ECLIPSE TOP PTO => 1 => 9072 => ARM.COLOR ECLIPSE 2P4G BAL C/T VD => 0 =>  => 0 =>  => 0 =>  => 0 =>  => 0 =>  => 0 =>  => 0 =>  => 0 =>  => 0 =>  => 0 =>  => 0 =>  => 0 =>  => 0 =>  => 0 =>  => 0 =>  => 0 =>  => 0 =>  => 0 =>  => "

-------------------------------
 
CADASTRO DE CLIENTE
POST => "MIRIAN" Data => "2012-06-26 09:50:08", Cadastrou o Cliente de vale 420256 => "INFORMAÇÕES CADASTRADAS => "11 => 22 => 21 => 0 => 0 => 14/02/2012 => 420256 => 194 => 40335 => 14/02/2012 => RAFAEL A LOPES THOMAZ => 492412/199 => ALESSANDRO DOS SANTOS => 21073170 => RUA: JOEL NUNES => 5 =>  => OLARIA => RIO DE JANEIRO => RJ => 3507-0719 => 7862-4302 =>  => PROX AO MERCADO SUPER MARQUETI 16 BATALHAO  => 01 => 140391 => G.ROUPA ARAPLAC 8P AUSTRIA TB/BR =>  =>  =>  =>  =>  =>  =>  =>  =>  =>  =>  =>  =>  =>  =>  =>  =>  =>  =>  =>  =>  =>  =>  =>  =>  =>  =>  =>  =>  =>  =>  =>  =>  =>  =>  =>  =>  =>  => "

-------------------------------
 
ALTERAÇÃO DE CLIENTE
POST => "camila" Data => "2012-06-26 09:52:20", Alterou o Cliente de vale 496296 => "INFORMAÇÕES ALTERADAS => "1 => 3964 => 6 => 1 => 18 => 0 => 0 => 29/05/2012 => 496296 => 173 => 32265 => 26/05/2012 => MARIANA DA SILVA MARINHO => 518619/199 => EDUARDO SA PIRES => 21931440 => RUA: JABURANA => 266 =>  => JARDIM CARIOCA => RIO DE JANEIRO => RJ => 9818-2273 => 3386-8254 =>  => SUBINDO A COMBU DPS D PAM SEG ESQ =>  => 1 => 135251 => G.ROUPA FRITZ 6P DANY TB/BR => 0 =>  => 0 =>  => 0 =>  => 0 =>  => 0 =>  => 0 =>  => 0 =>  => 0 =>  => 0 =>  => 0 =>  => 0 =>  => 0 =>  => 0 =>  => 0 =>  => 0 =>  => 0 =>  => 0 =>  => 0 =>  => 0 =>  => "

-------------------------------
 
ALTERAÇÃO DE CLIENTE
POST => "marta" Data => "2012-06-26 09:52:38", Alterou o Cliente de vale 492408 => "INFORMAÇÕES ALTERADAS => "1 => 4305 => 22 => 32 => 27 => 0 => 0 => 25/06/2012 => 492408 => 204 => 2751 => 21/05/2012 => ALCIDES SANTOS EIRAS => 43593/199 => IGOR BENEDITO BORGES LISBOA DE CAMPOS => 24474110 => RUA: AZEVEDO LEMOS => 105 => CS 01 => ITAUNA => SÃO GONÇALO => RJ => 9367-2333 => 3909-6002 =>  => UMA RUA APOS A GARAGEM RIO ITA PROC SIMONE =>  => 1 => 16419 => COZ. COMP ARAMOVEIS LILIAN PLUS BR/VD => 0 =>  => 0 =>  => 0 =>  => 0 =>  => 0 =>  => 0 =>  => 0 =>  => 0 =>  => 0 =>  => 0 =>  => 0 =>  => 0 =>  => 0 =>  => 0 =>  => 0 =>  => 0 =>  => 0 =>  => 0 =>  => 0 =>  => "

-------------------------------
 
ALTERAÇÃO DE CLIENTE
POST => "luciana" Data => "2012-06-26 10:02:44", Alterou o Cliente de vale 548831 => "INFORMAÇÕES ALTERADAS => "1 => 3642 => 5 => 36 => 20 => 0 => 2 => 14/05/2012 => 548831 => 168 => 548831 => 09/05/2012 =>  =>  => DELFIM FERREIRA DOS SANTOS =>  => MORSE => 35 => CASA 3 FDS => VAZ LOBO => RIO DE JANEIRO => RJ => 9893-5094 =>  =>  => CLIENTE NÃO ATENDE O TEL ACIMA DIA 6/6 AS 13:52HS PARA AGENDAR PARA SABADO 9/6  PASSEI E-MAIL PARA I IGOR DIA 6/6 PARA PEDI OUTRO TEL DE CONTATO LUCIANA  => CONFIRMEI COM A VERONICA PARA  SABADO 23/6 LUCIANA  => 1 => 140391 => G.ROUPA ARAPLAC 8P AUSTRIA TB/BR => 0 =>  => 0 =>  => 0 =>  => 0 =>  => 0 =>  => 0 =>  => 0 =>  => 0 =>  => 0 =>  => 0 =>  => 0 =>  => 0 =>  => 0 =>  => 0 =>  => 0 =>  => 0 =>  => 0 =>  => 0 =>  => 0 =>  => "

-------------------------------
 
ALTERAÇÃO DE CLIENTE
POST => "camila" Data => "2012-06-26 10:05:37", Alterou o Cliente de vale 477497 => "INFORMAÇÕES ALTERADAS => "1 => 3438 => 6 => 36 => 16 => 0 => 0 => 11/05/2012 => 477497 => 169 => 1236 => 27/04/2012 => ROSANA SOUZA MONTEIRO => 20587/199 => MARLENE MARIA DA SILVA FERREIRA =>  => MARGARINO TORRES => 12 => CASA A => TIJUACU(ALTO DA BOA VISTA) => RIO DE JANEIRO => RJ => 2292-5762 =>  =>  => PX AO BOBS DO ALTO DA BOA VISTA BAIRRO DO TIJUACU. => MONTAGEM EXECUTADA DIA 14-06-12 PELO SEU WILTON.Camila => 1 => 140391 => G.ROUPA ARAPLAC 8P AUSTRIA TB/BR => 0 =>  => 0 =>  => 0 =>  => 0 =>  => 0 =>  => 0 =>  => 0 =>  => 0 =>  => 0 =>  => 0 =>  => 0 =>  => 0 =>  => 0 =>  => 0 =>  => 0 =>  => 0 =>  => 0 =>  => 0 =>  => 0 =>  => "

-------------------------------
 
ALTERAÇÃO DE CLIENTE
POST => "camila" Data => "2012-06-26 10:06:12", Alterou o Cliente de vale 470793 => "INFORMAÇÕES ALTERADAS => "1 => 3654 => 6 => 30 => 20 => 0 => 0 => 14/05/2012 => 470793 => 169 => 762 => 16/04/2012 => ROSANA SOUZA MONTEIRO => 11225 / 199 => IANNA LIVRAMENTO => 22230060 => RUA: MARQUÊS DE ABRANTES => 1 => APTO 1003 => FLAMENGO => RIO DE JANEIRO => RJ => 8889-2639 => 2285-0874 =>  => EM FRENTE AO RESTAURANTE LAMAS. => MONTAGEM EXECUTADA DIA 14-06-12 PELO SEU WILTON.Camila => 1 => 10786 => ARM ITAT MAD IPLDA-70 TECNO PTO/LAC => 0 =>  => 0 =>  => 0 =>  => 0 =>  => 0 =>  => 0 =>  => 0 =>  => 0 =>  => 0 =>  => 0 =>  => 0 =>  => 0 =>  => 0 =>  => 0 =>  => 0 =>  => 0 =>  => 0 =>  => 0 =>  => 0 =>  => "

-------------------------------
 
ALTERAÇÃO DE CLIENTE
POST => "camila" Data => "2012-06-26 10:07:28", Alterou o Cliente de vale 485369 => "INFORMAÇÕES ALTERADAS => "1 => 3474 => 6 => 44 => 8 => 0 => 0 => 11/05/2012 => 485369 => 172 => 60594 => 10/05/2012 => ROBSON CLAYTON DA COSTA SERULO => 563/199 => LINDENOR DA SILVA SERPA => 21041240 => RUA: ROSA DA FONSECA => 336 => APT102 => MANGUINHOS => RIO DE JANEIRO => RJ => 3976-7125 =>  =>  => Email enviado ao naec dia 05-06-12 Camila => OBS: Em contato com a esposa do cliente produto esta montado, mas cliente reclama que duas cadeiras estão com os parafusos estão para fora e o vidro da mesa  veio menor.Seu Wilton vai ligar para cliente a agendar a revisão .REVISÃO EXECUTADA DIA 18-06-12 PELO SEU WILTON. => 1 => 140344 => MESA FRITZ 4C MEGA AMEN/PTO => 0 =>  => 0 =>  => 0 =>  => 0 =>  => 0 =>  => 0 =>  => 0 =>  => 0 =>  => 0 =>  => 0 =>  => 0 =>  => 0 =>  => 0 =>  => 0 =>  => 0 =>  => 0 =>  => 0 =>  => 0 =>  => 0 =>  => "

-------------------------------
 
ALTERAÇÃO DE CLIENTE
POST => "camila" Data => "2012-06-26 10:07:56", Alterou o Cliente de vale 452573 => "INFORMAÇÕES ALTERADAS => "1 => 3477 => 6 => 24 => 20 => 0 => 0 => 12/05/2012 => 452573 => 203 => 81060 => 26/03/2012 => JORGE LUIZ GOMES DOS REIS => 518537 => REINALDO LAIA =>  => AVENIDA NOSSA SENHORA DE COPACABANA => 828 => APTO 403 => COPACABANA => RIO DE JANEIRO =>  => 8666-4177 => 7177-9719 =>  => PROX A AG DO CITY BANK PROC REINALDO OU ANDREIA => MONTAGEM EXECUTADA DIA 20-06-12 PELO SEU WILTON.Camila => 1 => 8372 => G.ROUPA BP 3P DUBAY TB/BR/MP => 0 =>  => 0 =>  => 0 =>  => 0 =>  => 0 =>  => 0 =>  => 0 =>  => 0 =>  => 0 =>  => 0 =>  => 0 =>  => 0 =>  => 0 =>  => 0 =>  => 0 =>  => 0 =>  => 0 =>  => 0 =>  => 0 =>  => "

-------------------------------
 
ALTERAÇÃO DE CLIENTE
POST => "luciana" Data => "2012-06-26 10:10:40", Alterou o Cliente de vale 344154 => "INFORMAÇÕES ALTERADAS => "1 => 3943 => 5 => 15 => 18 => 2 => 0 => 29/05/2012 => 344154 => 169 => 77450 => 02/12/2011 => ROSANA SOUZA MONTEIRO => 3445154 => MOZART EDUADO BATISTA => 20211320 => RUA: VAN ERVEN => 34 => APT 408 BL01 => CATUMBI => RIO DE JANEIRO => RJ => 2273-6589 => 9402-5221 => 9267-3776 => ATRS DA LIGTH => PASSEI E-MAIL PARA O NAEC DIA 22/6 PARA PEDI A PEÇAS LUCIANA  => 1 => 135481 => COZ KIPLAC RENATA PLUS BR/PTO => 1 => 136337 => BALCAO C/T KIPLAC  RENATA PLUS BR => 0 =>  => 0 =>  => 0 =>  => 0 =>  => 0 =>  => 0 =>  => 0 =>  => 0 =>  => 0 =>  => 0 =>  => 0 =>  => 0 =>  => 0 =>  => 0 =>  => 0 =>  => 0 =>  => 0 =>  => 0 =>  => "

-------------------------------
 
CADASTRO DE CLIENTE
POST => "MIRIAN" Data => "2012-06-26 10:13:19", Cadastrou o Cliente de vale 506290 => "INFORMAÇÕES CADASTRADAS => "11 => 34 => 10 => 0 => 0 => 15/06/2012 => 506290 => 204 => 33 => 15/06/2012 => MARCIO ANDRE DA COSTA FELIX => 19363/199 => MARIA DAS GRAÇAS AMARAL DE PINHO => 24415280 => RUA: ANA BIGNON => 316 =>  => BARRO VERMELHO => SÃO GONÇALO => RJ => 2606-2523 =>  =>  => NO FINAL DA RUA JOAOA PESSOA 1ºTRAVESSA A DIR PROC DOAN GRAÇA => 01 => 136651 => COZINHA TELASSUL CRISTAL 80123 BR =>  =>  =>  =>  =>  =>  =>  =>  =>  =>  =>  =>  =>  =>  =>  =>  =>  =>  =>  =>  =>  =>  =>  =>  =>  =>  =>  =>  =>  =>  =>  =>  =>  =>  =>  =>  =>  =>  => "

-------------------------------
 
CADASTRO DE CLIENTE
POST => "marta" Data => "2012-06-26 10:13:36", Cadastrou o Cliente de vale 511068 => "INFORMAÇÕES CADASTRADAS => "22 => 31 => 22 => 0 => 0 => 26/06/2012 => 511068 => 230 => 511068 => 26/06/2012 => EDMILSON SILVA LUZ => 506800 => VALDECI MARCELINO JR =>  => ESTRADA SETE  => 1515 => LT 16 QD A => SANTISSIMO => RIO DE JANEIRO =>  => 8405-1644 =>  =>  => ESTRADA 7 RIACHOS BAIRRO COQUEIROS NA RUA PONTO FINAL ONIBUS 395 PROC FABRICIO OU LEANDRO  => 1 => 138036 => G.ROUPA ARAPLAC 3P BARC PLUS TB/BR =>  =>  =>  =>  =>  =>  =>  =>  =>  =>  =>  =>  =>  =>  =>  =>  =>  =>  =>  =>  =>  =>  =>  =>  =>  =>  =>  =>  =>  =>  =>  =>  =>  =>  =>  =>  =>  =>  => "

-------------------------------
 
ALTERAÇÃO DE CLIENTE
POST => "MIRIAN" Data => "2012-06-26 10:20:49", Alterou o Cliente de vale 420256 => "INFORMAÇÕES ALTERADAS => "1 => 4318 => 11 => 31 => 20 => 0 => 0 => 26/06/2012 => 420256 => 194 => 40335 => 14/02/2012 => RAFAEL A LOPES THOMAZ => 492412/199 => ALESSANDRO DOS SANTOS => 21073170 => RUA: JOEL NUNES => 5 =>  => OLARIA => RIO DE JANEIRO => RJ => 3507-0719 => 7862-4302 =>  => PROX AO MERCADO SUPER MARQUETI 16 BATALHAO =>  => 1 => 140391 => G.ROUPA ARAPLAC 8P AUSTRIA TB/BR => 0 =>  => 0 =>  => 0 =>  => 0 =>  => 0 =>  => 0 =>  => 0 =>  => 0 =>  => 0 =>  => 0 =>  => 0 =>  => 0 =>  => 0 =>  => 0 =>  => 0 =>  => 0 =>  => 0 =>  => 0 =>  => 0 =>  => "

-------------------------------
 
ALTERAÇÃO DE CLIENTE
POST => "camila" Data => "2012-06-26 10:21:43", Alterou o Cliente de vale 362020 => "INFORMAÇÕES ALTERADAS => "1 => 4004 => 6 => 30 => 23 => 2 => 0 => 31/05/2012 => 362020 => 169 => 80849 => 16/12/2011 => ROSANA SOUZA MONTEIRO => 413469/199 => ANDREA DA SILVA MIRANDA =>  => RUA JAQUEIRA => 2000 => LT 16 CASA FDS => RIO COMPRIDO => RIO DE JANEIRO => RJ => 7271-1849 =>  =>  => PX AO LADO DA IGREJINHA EVANGELICA.Agend:30-06-12 Camila => Montador não encontra ninguem em casa. => 1 => 9095 => KIT COZKP 6P DELTA PRIMUS BR => 0 =>  => 0 =>  => 0 =>  => 0 =>  => 0 =>  => 0 =>  => 0 =>  => 0 =>  => 0 =>  => 0 =>  => 0 =>  => 0 =>  => 0 =>  => 0 =>  => 0 =>  => 0 =>  => 0 =>  => 0 =>  => 0 =>  => "

-------------------------------
 
ALTERAÇÃO DE CLIENTE
POST => "luciana" Data => "2012-06-26 10:21:43", Alterou o Cliente de vale 485369 => "INFORMAÇÕES ALTERADAS => "1 => 3474 => 5 => 37 => 28 => 0 => 0 => 11/05/2012 => 485369 => 172 => 60594 => 10/05/2012 => ROBSON CLAYTON DA COSTA SERULO => 563/199 => LINDENOR DA SILVA SERPA => 21041240 => RUA: ROSA DA FONSECA => 336 => APT102 => MANGUINHOS => RIO DE JANEIRO => RJ => 3976-7125 =>  =>  => Email enviado ao naec dia 05-06-12 Camila  O MARIDO DA CLIENTE AUTORIZOU A MONTAGEM DO PRODUTO DA COR ERRADO QUANDO A CLIENTE CHEGOU ELE NÃO QUIZ A MONTAGEM  FEITO O PEDIDO DE TROCA DIA 26/6 LUCIANA  => OBS: Em contato com a esposa do cliente produto esta montado, mas cliente reclama que duas cadeiras estão com os parafusos estão para fora e o vidro da mesa  veio menor.Seu Wilton vai ligar para cliente a agendar a revisão .REVISÃO EXECUTADA DIA 18-06-12 PELO SEU WILTON. => 1 => 140344 => MESA FRITZ 4C MEGA AMEN/PTO => 0 =>  => 0 =>  => 0 =>  => 0 =>  => 0 =>  => 0 =>  => 0 =>  => 0 =>  => 0 =>  => 0 =>  => 0 =>  => 0 =>  => 0 =>  => 0 =>  => 0 =>  => 0 =>  => 0 =>  => 0 =>  => 0 =>  => "

-------------------------------
 
ALTERAÇÃO DE CLIENTE
POST => "luciana" Data => "2012-06-26 10:33:17", Alterou o Cliente de vale 485369 => "INFORMAÇÕES ALTERADAS => "1 => 3474 => 5 => 25 => 19 => 0 => 0 => 11/05/2012 => 485369 => 172 => 60594 => 10/05/2012 => ROBSON CLAYTON DA COSTA SERULO => 563/199 => LINDENOR DA SILVA SERPA => 21041240 => RUA: ROSA DA FONSECA => 336 => APT102 => MANGUINHOS => RIO DE JANEIRO => RJ => 3976-7125 =>  =>  => Email enviado ao naec dia 05-06-12 Camila  PASSEI O PEDIDO DE TROCA DIA 26/6 LUCIANA  => OBS: Em contato com a esposa do cliente produto esta montado, mas cliente reclama que duas cadeiras estão com os parafusos estão para fora e o vidro da mesa  veio menor.Seu Wilton vai ligar para cliente a agendar a revisão .REVISÃO EXECUTADA DIA 18-06-12 PELO SEU WILTON. => 1 => 140344 => MESA FRITZ 4C MEGA AMEN/PTO => 0 =>  => 0 =>  => 0 =>  => 0 =>  => 0 =>  => 0 =>  => 0 =>  => 0 =>  => 0 =>  => 0 =>  => 0 =>  => 0 =>  => 0 =>  => 0 =>  => 0 =>  => 0 =>  => 0 =>  => 0 =>  => 0 =>  => "

-------------------------------
 
ALTERAÇÃO DE CLIENTE
POST => "luciana" Data => "2012-06-26 10:57:42", Alterou o Cliente de vale 485369 => "INFORMAÇÕES ALTERADAS => "1 => 3474 => 5 => 20 => 15 => 0 => 0 => 11/05/2012 => 485369 => 172 => 60594 => 10/05/2012 => ROBSON CLAYTON DA COSTA SERULO => 563/199 => LINDENOR DA SILVA SERPA => 21041240 => RUA: ROSA DA FONSECA => 336 => APT102 => MANGUINHOS => RIO DE JANEIRO => RJ => 3976-7125 =>  =>  => Email enviado ao naec dia 05-06-12 Camila  PASSEI O PEDIDO DE TROCA DIA 26/6 LUCIANA  => OBS: Em contato com a esposa do cliente produto esta montado, mas cliente reclama que duas cadeiras estão com os parafusos estão para fora e o vidro da mesa  veio menor.Seu Wilton vai ligar para cliente a agendar a revisão .REVISÃO EXECUTADA DIA 18-06-12 PELO SEU WILTON. => 1 => 140344 => MESA FRITZ 4C MEGA AMEN/PTO => 0 =>  => 0 =>  => 0 =>  => 0 =>  => 0 =>  => 0 =>  => 0 =>  => 0 =>  => 0 =>  => 0 =>  => 0 =>  => 0 =>  => 0 =>  => 0 =>  => 0 =>  => 0 =>  => 0 =>  => 0 =>  => 0 =>  => "

-------------------------------
 
ALTERAÇÃO DE CLIENTE
POST => "simone" Data => "2012-06-26 11:17:12", Alterou o Cliente de vale 527875 => "INFORMAÇÕES ALTERADAS => "1 => 4031 => 35 => 41 => 21 => 0 => 2 => 01/06/2012 => 527875 => 274 => 527875 => 31/05/2012 =>  =>  => ANA CRISTINA DE OLIVEIRA =>  => RUA ADAM BLUMER => 4029 => CASA => JARDIM ESMERALDA => MAGE => RJ => 7308-5387 => 2633-4393 =>  => PX AO COLEGIO DA NUBIA,PEDIDO: 13322 => OBS: De acordo com o e-mail passado no dia 26/06/12 solicitando outro telefone de contato, o retorno do igor do naec foi Só há essas informações, não tem outro telefone de contato!!!!!  => 1 => 6078 => RACK KIPLAC TORRE PLUS LUXO AR/MP => 0 =>  => 0 =>  => 0 =>  => 0 =>  => 0 =>  => 0 =>  => 0 =>  => 0 =>  => 0 =>  => 0 =>  => 0 =>  => 0 =>  => 0 =>  => 0 =>  => 0 =>  => 0 =>  => 0 =>  => 0 =>  => 0 =>  => "

-------------------------------
 
ALTERAÇÃO DE CLIENTE
POST => "luciana" Data => "2012-06-26 11:24:00", Alterou o Cliente de vale 485369 => "INFORMAÇÕES ALTERADAS => "1 => 3474 => 5 => 22 => 14 => 0 => 0 => 11/05/2012 => 485369 => 172 => 60594 => 10/05/2012 => ROBSON CLAYTON DA COSTA SERULO => 563/199 => LINDENOR DA SILVA SERPA => 21041240 => RUA: ROSA DA FONSECA => 336 => APT102 => MANGUINHOS => RIO DE JANEIRO => RJ => 3976-7125 =>  =>  => Email enviado ao naec dia 05-06-12 Camila  PASSEI O PEDIDO DE TROCA DIA 26/6 LUCIANA  => OBS: Em contato com a esposa do cliente produto esta montado, mas cliente reclama que duas cadeiras estão com os parafusos estão para fora e o vidro da mesa  veio menor.Seu Wilton vai ligar para cliente a agendar a revisão .REVISÃO EXECUTADA DIA 18-06-12 PELO SEU WILTON. => 1 => 140344 => MESA FRITZ 4C MEGA AMEN/PTO => 0 =>  => 0 =>  => 0 =>  => 0 =>  => 0 =>  => 0 =>  => 0 =>  => 0 =>  => 0 =>  => 0 =>  => 0 =>  => 0 =>  => 0 =>  => 0 =>  => 0 =>  => 0 =>  => 0 =>  => 0 =>  => 0 =>  => "

-------------------------------
 
ALTERAÇÃO DE CLIENTE
POST => "camila" Data => "2012-06-26 11:30:43", Alterou o Cliente de vale 436537 => "INFORMAÇÕES ALTERADAS => "1 => 533 => 6 => 21 => 4 => 0 => 0 => 06/03/2012 => 436537 => 168 => 52919 => 05/03/2012 =>  =>  => VANESSA PEREIRA VALENTE => 21321300 => RUA: TEJO => 407 => CASA  A => VILA VALQUEIRE => RIO DE JANEIRO => RJ => 3185-2768 =>  =>  => telefone só da ocupado. =>  => 1 => 140391 => G.ROUPA ARAPLAC 8P AUSTRIA TB/BR => 0 =>  => 0 =>  => 0 =>  => 0 =>  => 0 =>  => 0 =>  => 0 =>  => 0 =>  => 0 =>  => 0 =>  => 0 =>  => 0 =>  => 0 =>  => 0 =>  => 0 =>  => 0 =>  => 0 =>  => 0 =>  => 0 =>  => "

-------------------------------
 
ALTERAÇÃO DE CLIENTE
POST => "camila" Data => "2012-06-26 11:32:13", Alterou o Cliente de vale 563805 => "INFORMAÇÕES ALTERADAS => "1 => 3721 => 6 => 23 => 15 => 0 => 2 => 16/05/2012 => 563805 => 245 => 42126 => 15/05/2012 =>  =>  => GEDENIRA MOTA CHARLES => 22773090 => PRAÇA PEREZ OU TRAV PERIS => casa 07 =>  => CIDADE DE DEUS => RIO DE JANEIRO => RJ => 9308-8967 => 3585-6535 =>  => PRAÇA DE LAZER E ESCOLA LEILA DE CARVALHO. => ausente, muro no chapisco, portão preto. => 0 =>  => 0 =>  => 0 =>  => 0 =>  => 0 =>  => 0 =>  => 0 =>  => 0 =>  => 0 =>  => 0 =>  => 0 =>  => 0 =>  => 0 =>  => 0 =>  => 0 =>  => 0 =>  => 0 =>  => 0 =>  => 0 =>  => 0 =>  => "

-------------------------------
 
ALTERAÇÃO DE CLIENTE
POST => "marta" Data => "2012-06-26 11:36:55", Alterou o Cliente de vale 451990 => "INFORMAÇÕES ALTERADAS => "1 => 2561 => 22 => 27 => 18 => 0 => 0 => 13/04/2012 => 451990 => 179 => 166748 => 26/03/2012 => ANDERSON PEREIRA SANTOS =>  => RITA FERNANDES DE CARVALHO =>  => VALENÇA => 92 => CASA => VILA SAO JOAO => SA,O JOAO DE MERITI =>  => 2775-2823 =>  =>  => PROX AO POSTO DE SAUDE MARISETTI => LIGUEI P/CLIENTE E O TEL NÃO COMPLETA A LIGAÇÃO,ENVIEI O E-MAIL P/NAEC SOLICITANDO UM OUTRO TEL DE CONTATO.NO AGUARDO => 1 => 140391 => G.ROUPA ARAPLAC 8P AUSTRIA TB/BR => 0 =>  => 0 =>  => 0 =>  => 0 =>  => 0 =>  => 0 =>  => 0 =>  => 0 =>  => 0 =>  => 0 =>  => 0 =>  => 0 =>  => 0 =>  => 0 =>  => 0 =>  => 0 =>  => 0 =>  => 0 =>  => 0 =>  => "

-------------------------------
 
ALTERAÇÃO DE CLIENTE
POST => "marta" Data => "2012-06-26 11:45:45", Alterou o Cliente de vale  => "INFORMAÇÕES ALTERADAS => "1 => 2561 => 22 => 31 => 26 => 0 => 0 => 13/04/2012 =>  => 179 => 166748 => 26/03/2012 => ANDERSON PEREIRA SANTOS =>  => RITA FERNANDES DE CARVALHO =>  => VALENÇA => 92 => CASA => VILA SAO JOAO => SA,O JOAO DE MERITI =>  => 2775-2823 => 3755-0996 =>  => PROX AO POSTO DE SAUDE MARISETTI => LIGUEI P/CLIENTE E O TEL NÃO COMPLETA A LIGAÇÃO,ENVIEI O E-MAIL P/NAEC SOLICITANDO UM OUTRO TEL DE CONTATO.NO AGUARDO => 1 => 140391 => G.ROUPA ARAPLAC 8P AUSTRIA TB/BR => 0 =>  => 0 =>  => 0 =>  => 0 =>  => 0 =>  => 0 =>  => 0 =>  => 0 =>  => 0 =>  => 0 =>  => 0 =>  => 0 =>  => 0 =>  => 0 =>  => 0 =>  => 0 =>  => 0 =>  => 0 =>  => 0 =>  => "

-------------------------------
 
CADASTRO DE CLIENTE
POST => "MIRIAN" Data => "2012-06-26 11:45:47", Cadastrou o Cliente de vale 511253 => "INFORMAÇÕES CADASTRADAS => "11 => 29 => 19 => 0 => 1 => 26/06/2012 => 511253 => 179 => 152843 => 26/06/2012 => CLEBER CAMPISTA DA FONSECA => 448761/199 => CRISTIANE DALVA DA SILVA => 25571060 => RUA: JOSÉ CARLOS VIEIRA => 680 =>  => JARDIM PARAÍSO => SÃO JOÃO DE MERITI => RJ => 2757-4416 =>  =>  => PROX A PIZZARIA QUATRO PORTSA FICA QUASE DO LADO PORTAO DE FERRO => 01 => 136650 => COZINHA KP REFLECTA BR  / GRAF =>  =>  =>  =>  =>  =>  =>  =>  =>  =>  =>  =>  =>  =>  =>  =>  =>  =>  =>  =>  =>  =>  =>  =>  =>  =>  =>  =>  =>  =>  =>  =>  =>  =>  =>  =>  =>  =>  => "

-------------------------------
 
ALTERAÇÃO DE CLIENTE
POST => "marta" Data => "2012-06-26 11:47:25", Alterou o Cliente de vale 451990 => "INFORMAÇÕES ALTERADAS => "1 => 2561 => 22 => 25 => 20 => 0 => 0 => 13/04/2012 => 451990 => 179 => 166748 => 26/03/2012 => ANDERSON PEREIRA SANTOS =>  => RITA FERNANDES DE CARVALHO =>  => VALENÇA => 92 => CASA => VILA SAO JOAO => SA,O JOAO DE MERITI =>  => 2775-2823 => 3755-0996 =>  => PROX AO POSTO DE SAUDE MARISETTI => LIGUEI P/CLIENTE E O TEL NÃO COMPLETA A LIGAÇÃO,ENVIEI O E-MAIL P/NAEC SOLICITANDO UM OUTRO TEL DE CONTATO.NO AGUARDO => 1 => 140391 => G.ROUPA ARAPLAC 8P AUSTRIA TB/BR => 0 =>  => 0 =>  => 0 =>  => 0 =>  => 0 =>  => 0 =>  => 0 =>  => 0 =>  => 0 =>  => 0 =>  => 0 =>  => 0 =>  => 0 =>  => 0 =>  => 0 =>  => 0 =>  => 0 =>  => 0 =>  => 0 =>  => "

-------------------------------
 
CADASTRO DE CLIENTE
POST => "MIRIAN" Data => "2012-06-26 11:48:00", Cadastrou o Cliente de vale 511282 => "INFORMAÇÕES CADASTRADAS => "11 => 32 => 4 => 0 => 0 => 26/06/2012 => 511282 => 169 => 94195 => 26/06/2012 => RICARDO JOSE DE ABREU => 531905/199 => IZABEL CRISTINA ALVES DE MELLO => 20241260 => RUA: ALMIRANTE ALEXANDRINO => 535 => AP 304 => SANTA TERESA => RIO DE JANEIRO => RJ => 2224-5292 =>  =>  =>  => 01 => 140041 => SAPATEIRA CARRARO MULTI =>  =>  =>  =>  =>  =>  =>  =>  =>  =>  =>  =>  =>  =>  =>  =>  =>  =>  =>  =>  =>  =>  =>  =>  =>  =>  =>  =>  =>  =>  =>  =>  =>  =>  =>  =>  =>  =>  => "

-------------------------------
 
CADASTRO DE CLIENTE
POST => "" Data => "2012-06-26 12:13:30", Cadastrou o Cliente de vale 450050 => "INFORMAÇÕES CADASTRADAS => " => 23 => 20 => 0 => 0 => 26/06/2012 => 450050 => 280 => 4595 => 24/03/2012 => FABIO DOMINGOS VIEIRA TERRS => 507419/199 => LUCILEIDE OLIVEIRA LEITE => 21557300 => RUA: JABIRI => 265 =>  => MARECHAL HERMES => RIO DE JANEIRO => RJ =>  =>  =>  =>  => 01 => 16419 => COZ. COMP ARAMOVEIS LILIAN PLUS BR/VD =>  =>  =>  =>  =>  =>  =>  =>  =>  =>  =>  =>  =>  =>  =>  =>  =>  =>  =>  =>  =>  =>  =>  =>  =>  =>  =>  =>  =>  =>  =>  =>  =>  =>  =>  =>  =>  =>  => "

-------------------------------
 
ALTERAÇÃO DE CLIENTE
POST => "" Data => "2012-06-26 12:27:51", Alterou o Cliente de vale 487745 => "INFORMAÇÕES ALTERADAS => "1 => 3668 =>  => 7 => 21 => 0 => 0 => 15/05/2012 => 487745 => 179 => 6447 => 14/05/2012 => MARCIA LOPES DOS SANTOS =>  => ROSITA GOMES TRINDADE => 25035000 => TRAVESSA URU => 651 => 06 => GRAMACHO => DUQUE DE CAXIAS => RJ => 2653-8183 =>  =>  => SUBINDO A RUA REZENDE LOGO APOS O TREYLER E X DA PRACINHA DO CORTE OITO => OBS: FICHA NA PASTA DE NÃO MONTADO => 1 => 134895 => BALC ITAT.IG3G4-C CRIATIVA PTO => 0 =>  => 0 =>  => 0 =>  => 0 =>  => 0 =>  => 0 =>  => 0 =>  => 0 =>  => 0 =>  => 0 =>  => 0 =>  => 0 =>  => 0 =>  => 0 =>  => 0 =>  => 0 =>  => 0 =>  => 0 =>  => 0 =>  => "

-------------------------------
 
CADASTRO DE CLIENTE
POST => "MIRIAN" Data => "2012-06-26 12:53:54", Cadastrou o Cliente de vale 43865 => "INFORMAÇÕES CADASTRADAS => "11 => 21 => 24 => 0 => 0 => 26/06/2012 => 43865 => 237 => 43865 => 26/06/2012 => FLAVIO MNTE DA SILVA => 508609/199 => FERNANDA CRISTINA MONTEIRO DA SILVA => 21720080 => RUA: CORNELIUS => 164 =>  => REALENGO => RIO DE JANEIRO => RJ => 3331-2172 =>  =>  => ESTR RUA E PROX A ESTRADA DA AGUA BRANCA POSTO YPIRANGA PRO SE FABIO OU FERNANDA => 01 => 140391 => G.ROUPA ARAPLAC 8P AUSTRIA TB/BR =>  =>  =>  =>  =>  =>  =>  =>  =>  =>  =>  =>  =>  =>  =>  =>  =>  =>  =>  =>  =>  =>  =>  =>  =>  =>  =>  =>  =>  =>  =>  =>  =>  =>  =>  =>  =>  =>  => "

-------------------------------
 
ALTERAÇÃO DE CLIENTE
POST => "luciana" Data => "2012-06-26 13:06:40", Alterou o Cliente de vale 489507 => "INFORMAÇÕES ALTERADAS => "1 => 3772 => 5 => 18 => 14 => 0 => 0 => 17/05/2012 => 489507 => 179 => 139295 => 16/05/2012 => IGOR VIEIRA MAGALHAES => 404868/199 => MARILZA JOSE DE OLIVEIRA => 25900000 => HADOK LOBO => LT08 => QD39 => PARQUE PAULISTA => CAXIAS => RJ => 8771-1690 => 3652-7359 => 9556-6490 => CONFIRMEI MARIA COM A IRMÃO PARA QUINTA 28/6 LUCIANA  => obs: Tel não é da cliente 8771-1690!!!!.Passei e-mail para o naec no dia 08/06/2012 para pedir outro tel . => 1 => 141552 => CJ SALA JANTAR ORTIZ VALENCIA 6C AMEN => 0 =>  => 0 =>  => 0 =>  => 0 =>  => 0 =>  => 0 =>  => 0 =>  => 0 =>  => 0 =>  => 0 =>  => 0 =>  => 0 =>  => 0 =>  => 0 =>  => 0 =>  => 0 =>  => 0 =>  => 0 =>  => 0 =>  => "

-------------------------------
 
ALTERAÇÃO DE CLIENTE
POST => "luciana" Data => "2012-06-26 13:07:27", Alterou o Cliente de vale 489507 => "INFORMAÇÕES ALTERADAS => "1 => 3772 => 5 => 26 => 14 => 0 => 0 => 17/05/2012 => 489507 => 179 => 139295 => 16/05/2012 => IGOR VIEIRA MAGALHAES => 404868/199 => MARILZA JOSE DE OLIVEIRA => 25900000 => HADOK LOBO => LT08 => QD39 => PARQUE PAULISTA => CAXIAS => RJ => 8771-1690 => 3652-7359 => 9556-6490 => AGENDADO PARA QUINTA 28/6 CONFIRMEI COM A IRMÃ MARIA  LUCIANA  => obs: Tel não é da cliente 8771-1690!!!!.Passei e-mail para o naec no dia 08/06/2012 para pedir outro tel . => 1 => 141552 => CJ SALA JANTAR ORTIZ VALENCIA 6C AMEN => 0 =>  => 0 =>  => 0 =>  => 0 =>  => 0 =>  => 0 =>  => 0 =>  => 0 =>  => 0 =>  => 0 =>  => 0 =>  => 0 =>  => 0 =>  => 0 =>  => 0 =>  => 0 =>  => 0 =>  => 0 =>  => 0 =>  => "

-------------------------------
 
ALTERAÇÃO DE CLIENTE
POST => "luciana" Data => "2012-06-26 13:12:48", Alterou o Cliente de vale 395982 => "INFORMAÇÕES ALTERADAS => "1 => 4131 => 5 => 7 => 30 => 2 => 0 => 11/06/2012 => 395982 => 218 => 65661 => 19/01/2012 => BRUNA RENATA DE OLIVEIRA DAMASIO LUCAS => 460395/199 => KELLY DOS SANTOS => 26385450 => RUA IGREJA => 100 =>  => VALE OURO => QUEIMADOS => RJ => 9972-1772 =>  =>  => SUB A RUA ENF O CAMPO DO VALE OURO ULTIMA CASA PROC SEU JORGE  agend: QUARTA 27/6 LUCIANA. =>  => 1 => 140391 => G.ROUPA BP 3P DUBAY TB/BR => 0 =>  => 0 =>  => 0 =>  => 0 =>  => 0 =>  => 0 =>  => 0 =>  => 0 =>  => 0 =>  => 0 =>  => 0 =>  => 0 =>  => 0 =>  => 0 =>  => 0 =>  => 0 =>  => 0 =>  => 0 =>  => 0 =>  => "

-------------------------------
 
ALTERAÇÃO DE CLIENTE
POST => "luciana" Data => "2012-06-26 13:34:10", Alterou o Cliente de vale 566105 => "INFORMAÇÕES ALTERADAS => "1 => 4267 => 5 => 14 => 16 => 0 => 2 => 20/06/2012 => 566105 => 197 => 566105 => 15/06/2012 =>  =>  => WAGNER BOECHAT RAMOS =>  => RUA MARIA JOSE => 6 => FDS => ENG DE PEDREIRA => JAPERI => RJ => 7573-3800 =>  =>  => 2 RUA APOS O CIEP 207 => AGEND: SEXTA 28/06 LUCIANA :  => 1 => 138033 => G.ROUPA ARAPLAC 10P ATLAN PLUS TB/AM => 0 =>  => 0 =>  => 0 =>  => 0 =>  => 0 =>  => 0 =>  => 0 =>  => 0 =>  => 0 =>  => 0 =>  => 0 =>  => 0 =>  => 0 =>  => 0 =>  => 0 =>  => 0 =>  => 0 =>  => 0 =>  => 0 =>  => "

-------------------------------
 
ALTERAÇÃO DE CLIENTE
POST => "luciana" Data => "2012-06-26 13:34:48", Alterou o Cliente de vale 566105 => "INFORMAÇÕES ALTERADAS => "1 => 4267 => 5 => 33 => 14 => 0 => 2 => 20/06/2012 => 566105 => 197 => 566105 => 15/06/2012 =>  =>  => WAGNER BOECHAT RAMOS =>  => RUA MARIA JOSE => 6 => FDS => ENG DE PEDREIRA => JAPERI => RJ => 7573-3800 =>  =>  => 2 RUA APOS O CIEP 207 => AGEND: SEXTA 28/06 LUCIANA :  => 1 => 138033 => G.ROUPA ARAPLAC 10P ATLAN PLUS TB/AM => 0 =>  => 0 =>  => 0 =>  => 0 =>  => 0 =>  => 0 =>  => 0 =>  => 0 =>  => 0 =>  => 0 =>  => 0 =>  => 0 =>  => 0 =>  => 0 =>  => 0 =>  => 0 =>  => 0 =>  => 0 =>  => 0 =>  => "

-------------------------------
 
ALTERAÇÃO DE CLIENTE
POST => "simone" Data => "2012-06-26 13:36:44", Alterou o Cliente de vale 505010 => "INFORMAÇÕES ALTERADAS => "1 => 4212 => 35 => 22 => 24 => 0 => 0 => 15/06/2012 => 505010 => 169 => 94384 => 13/06/2012 => PAULO SERGIO DOS SANTOS MARINHO => 2806 => IVANETE DOS SANTOS =>  => RUA DO RESENDE => 50 => APTO 208 => CENTRO => RIO DE JANEIRO =>  =>  =>  =>  => TROCA COM RECOLHIMENTO PROCESSO JUDICIAL PROCESSO 0130093720108190001 => ENDEREÇO:RUA SENHOR MATOZINHO Nº 106 APT 210 CIDADE NOVA  TEL(21)2252-2987/9938-0415/TROCA COM RECOLHIMENTO PROCESSO JUDICIAL PROCESSO REF:  AO LADO DO SAMBODROMO. => 1 => 6078 => RACK KIPLAC TORRE PLUS LUXO AR/MP => 0 =>  => 0 =>  => 0 =>  => 0 =>  => 0 =>  => 0 =>  => 0 =>  => 0 =>  => 0 =>  => 0 =>  => 0 =>  => 0 =>  => 0 =>  => 0 =>  => 0 =>  => 0 =>  => 0 =>  => 0 =>  => 0 =>  => "

-------------------------------
 
ALTERAÇÃO DE CLIENTE
POST => "luciana" Data => "2012-06-26 13:41:12", Alterou o Cliente de vale 578356 => "INFORMAÇÕES ALTERADAS => "1 => 4210 => 5 => 30 => 0 => 0 => 2 => 15/06/2012 => 578356 => 243 => 578356 => 12/05/2012 =>  =>  => ROBERTA SOUZA DE OLIVEIRA =>  => RUA GRAVATA => 22 => 5A => CABUÇU => NOVA IGUAÇU => RJ => 3778-1579 => 9145-7261 =>  => PROX A TORRE DE CELULAR APOS O CAMPO CABUCU PROC ROBERTA => AGEND:TERÇA 27/6 LUCIANA  => 1 => 139756 => ARM COLOR CLASS SL PAN 6P C/V BR => 1 => 9074 => COZINHA COMP COLOR ECLIPSE TOP PTO => 1 => 9072 => ARM.COLOR ECLIPSE 2P4G BAL C/T VD => 0 =>  => 0 =>  => 0 =>  => 0 =>  => 0 =>  => 0 =>  => 0 =>  => 0 =>  => 0 =>  => 0 =>  => 0 =>  => 0 =>  => 0 =>  => 0 =>  => 0 =>  => 0 =>  => 0 =>  => "

-------------------------------
 
ALTERAÇÃO DE CLIENTE
POST => "luciana" Data => "2012-06-26 13:45:55", Alterou o Cliente de vale 488307 => "INFORMAÇÕES ALTERADAS => "1 => 4236 => 5 => 49 => 37 => 0 => 0 => 15/06/2012 => 488307 => 180 => 1660 => 15/05/2012 => ADILSON DA SILVA FILADELFO => 36551/199 => NILDA ARAUJO BARZAN => 26600000 => ALZIRA ZARU => 1265 =>  => CENTRO => PARACAMBI => RJ => 3693-4537 =>  =>  => ESSA RUA FICA NA ESTAÇÃO DE LAGES => agend:30/6 Luciana  => 1 => 140351 => G.ROUPA N.HORIZ 6P VENUS BR/PTO => 1 => 16377 => CAMA CS N.HORIZ ANGRA PLUS AM/AM/PT => 0 =>  => 0 =>  => 0 =>  => 0 =>  => 0 =>  => 0 =>  => 0 =>  => 0 =>  => 0 =>  => 0 =>  => 0 =>  => 0 =>  => 0 =>  => 0 =>  => 0 =>  => 0 =>  => 0 =>  => 0 =>  => "

-------------------------------
 
ALTERAÇÃO DE CLIENTE
POST => "simone" Data => "2012-06-26 13:53:05", Alterou o Cliente de vale 252175 => "INFORMAÇÕES ALTERADAS => "1 => 3435 => 35 => 46 => 23 => 2 => 0 => 11/05/2012 => 252175 => 241 => 27324 => 22/08/2012 => JULIO CESAR VIEIRA SOARES => 273099/199 => ELAINE MAURICIA SILVA =>  => RUA JOAO DE LERI => 68 => CASA 04 => COSME VELHO => RIO DE JANEIRO => RJ => 2533-3633 => 3235-4415 =>  => PX A PAD DO GENECI. => VAI ATENDER ATÉ O DIA 29/06/12 => 1 => 16419 => COZ. COMP ARAMOVEIS LILIAN PLUS BR/VD => 0 =>  => 0 =>  => 0 =>  => 0 =>  => 0 =>  => 0 =>  => 0 =>  => 0 =>  => 0 =>  => 0 =>  => 0 =>  => 0 =>  => 0 =>  => 0 =>  => 0 =>  => 0 =>  => 0 =>  => 0 =>  => 0 =>  => "

-------------------------------
 
ALTERAÇÃO DE CLIENTE
POST => "luciana" Data => "2012-06-26 13:58:24", Alterou o Cliente de vale 548831 => "INFORMAÇÕES ALTERADAS => "1 => 3642 => 5 => 33 => 32 => 0 => 2 => 14/05/2012 => 548831 => 168 => 548831 => 09/05/2012 =>  =>  => DELFIM FERREIRA DOS SANTOS =>  => MORSE => 35 => CASA 3 FDS => VAZ LOBO => RIO DE JANEIRO => RJ => 9893-5094 =>  =>  => CLIENTE NÃO ATENDE O TEL ACIMA DIA 6/6 AS 13:52HS PARA AGENDAR PARA SABADO 9/6  PASSEI E-MAIL PARA I IGOR DIA 6/6 PARA PEDI OUTRO TEL DE CONTATO LUCIANA  => CONFIRMEI COM A VERONICA PARA  SABADO 30/6 LUCIANA  => 1 => 140391 => G.ROUPA ARAPLAC 8P AUSTRIA TB/BR => 0 =>  => 0 =>  => 0 =>  => 0 =>  => 0 =>  => 0 =>  => 0 =>  => 0 =>  => 0 =>  => 0 =>  => 0 =>  => 0 =>  => 0 =>  => 0 =>  => 0 =>  => 0 =>  => 0 =>  => 0 =>  => 0 =>  => "

-------------------------------
 
ALTERAÇÃO DE CLIENTE
POST => "luciana" Data => "2012-06-26 13:59:38", Alterou o Cliente de vale 548831 => "INFORMAÇÕES ALTERADAS => "1 => 3642 => 5 => 26 => 8 => 0 => 2 => 14/05/2012 => 548831 => 168 => 548831 => 09/05/2012 =>  =>  => DELFIM FERREIRA DOS SANTOS =>  => MORSE => 35 => CASA 3 FDS => VAZ LOBO => RIO DE JANEIRO => RJ => 9893-5094 =>  =>  => CLIENTE NÃO ATENDE O TEL ACIMA DIA 6/6 AS 13:52HS PARA AGENDAR PARA SABADO 9/6  PASSEI E-MAIL PARA I IGOR DIA 6/6 PARA PEDI OUTRO TEL DE CONTATO LUCIANA  => CONFIRMEI COM A VERONICA PARA  SABADO 30/6 pela tarde LUCIANA  => 1 => 140391 => G.ROUPA ARAPLAC 8P AUSTRIA TB/BR => 0 =>  => 0 =>  => 0 =>  => 0 =>  => 0 =>  => 0 =>  => 0 =>  => 0 =>  => 0 =>  => 0 =>  => 0 =>  => 0 =>  => 0 =>  => 0 =>  => 0 =>  => 0 =>  => 0 =>  => 0 =>  => 0 =>  => "

-------------------------------
 
ALTERAÇÃO DE CLIENTE
POST => "luciana" Data => "2012-06-26 14:01:40", Alterou o Cliente de vale 548831 => "INFORMAÇÕES ALTERADAS => "1 => 3642 => 5 => 16 => 9 => 0 => 2 => 14/05/2012 => 548831 => 168 => 548831 => 09/05/2012 =>  =>  => DELFIM FERREIRA DOS SANTOS =>  => MORSE => 35 => CASA 3 FDS => VAZ LOBO => RIO DE JANEIRO => RJ => 9893-5094 =>  =>  => CLIENTE NÃO ATENDE O TEL ACIMA DIA 6/6 AS 13:52HS PARA AGENDAR PARA SABADO 9/6  PASSEI E-MAIL PARA I IGOR DIA 6/6 PARA PEDI OUTRO TEL DE CONTATO LUCIANA  => CONFIRMEI COM A VERONICA PARA  SABADO 30/6 pela tarde LUCIANA  => 1 => 140391 => G.ROUPA ARAPLAC 8P AUSTRIA TB/BR => 0 =>  => 0 =>  => 0 =>  => 0 =>  => 0 =>  => 0 =>  => 0 =>  => 0 =>  => 0 =>  => 0 =>  => 0 =>  => 0 =>  => 0 =>  => 0 =>  => 0 =>  => 0 =>  => 0 =>  => 0 =>  => 0 =>  => "

-------------------------------
 
ALTERAÇÃO DE CLIENTE
POST => "luciana" Data => "2012-06-26 14:04:06", Alterou o Cliente de vale 448106 => "INFORMAÇÕES ALTERADAS => "1 => 4271 => 5 => 27 => 21 => 0 => 0 => 21/06/2012 => 448106 => 218 => 70027 => 22/03/2012 => MARCO AURELIO DE AZEVEDO DE ALMEIDA => 508586/199 => VIVIANE DOS SANTOS SA => 26290720 => RUA: ZULEICA KILL => 286 =>  => VALVERDE => NOVA IGUAÇU => RJ => 9395-3655 => 7749-4684 =>  => DEPOIS DO SUP MERCADO NOVO VALVERDE AGEND:30/6 LUCIANA  =>  => 1 => 134708 => BALCAO LUCIANE DAKAR 2P4G CHAMP / NOG => 0 =>  => 0 =>  => 0 =>  => 0 =>  => 0 =>  => 0 =>  => 0 =>  => 0 =>  => 0 =>  => 0 =>  => 0 =>  => 0 =>  => 0 =>  => 0 =>  => 0 =>  => 0 =>  => 0 =>  => 0 =>  => 0 =>  => "

-------------------------------
 
ALTERAÇÃO DE CLIENTE
POST => "luciana" Data => "2012-06-26 14:06:12", Alterou o Cliente de vale 448106 => "INFORMAÇÕES ALTERADAS => "1 => 4271 => 5 => 15 => 22 => 0 => 0 => 21/06/2012 => 448106 => 218 => 70027 => 22/03/2012 => MARCO AURELIO DE AZEVEDO DE ALMEIDA => 508586/199 => VIVIANE DOS SANTOS SA => 26290720 => RUA: ZULEICA KILL => 286 =>  => VALVERDE => NOVA IGUAÇU => RJ => 9395-3655 => 7749-4684 =>  => DEPOIS DO SUP MERCADO NOVO VALVERDE AGEND:30/6 CLIENTE CIENTE  LUCIANA  =>  => 1 => 134708 => BALCAO LUCIANE DAKAR 2P4G CHAMP / NOG => 0 =>  => 0 =>  => 0 =>  => 0 =>  => 0 =>  => 0 =>  => 0 =>  => 0 =>  => 0 =>  => 0 =>  => 0 =>  => 0 =>  => 0 =>  => 0 =>  => 0 =>  => 0 =>  => 0 =>  => 0 =>  => 0 =>  => "

-------------------------------
 
ALTERAÇÃO DE CLIENTE
POST => "luciana" Data => "2012-06-26 14:06:49", Alterou o Cliente de vale 448106 => "INFORMAÇÕES ALTERADAS => "1 => 4271 => 5 => 29 => 31 => 0 => 0 => 21/06/2012 => 448106 => 218 => 70027 => 22/03/2012 => MARCO AURELIO DE AZEVEDO DE ALMEIDA => 508586/199 => VIVIANE DOS SANTOS SA => 26290720 => RUA: ZULEICA KILL => 286 =>  => VALVERDE => NOVA IGUAÇU => RJ => 9395-3655 => 7749-4684 =>  => DEPOIS DO SUP MERCADO NOVO VALVERDE AGEND:30/6 CLIENTE CIENTE  LUCIANA  =>  => 1 => 134708 => BALCAO LUCIANE DAKAR 2P4G CHAMP / NOG => 0 =>  => 0 =>  => 0 =>  => 0 =>  => 0 =>  => 0 =>  => 0 =>  => 0 =>  => 0 =>  => 0 =>  => 0 =>  => 0 =>  => 0 =>  => 0 =>  => 0 =>  => 0 =>  => 0 =>  => 0 =>  => 0 =>  => "

-------------------------------
 
ALTERAÇÃO DE CLIENTE
POST => "luciana" Data => "2012-06-26 14:08:00", Alterou o Cliente de vale 448106 => "INFORMAÇÕES ALTERADAS => "1 => 4271 => 5 => 17 => 18 => 0 => 0 => 21/06/2012 => 448106 => 218 => 70027 => 22/03/2012 => MARCO AURELIO DE AZEVEDO DE ALMEIDA => 508586/199 => VIVIANE DOS SANTOS SA => 26290720 => RUA: ZULEICA KILL => 286 =>  => VALVERDE => NOVA IGUAÇU => RJ => 9395-3655 => 7749-4684 =>  => DEPOIS DO SUP MERCADO NOVO VALVERDE AGEND:30/6 CLIENTE CIENTE  LUCIANA  =>  => 1 => 134708 => BALCAO LUCIANE DAKAR 2P4G CHAMP / NOG => 0 =>  => 0 =>  => 0 =>  => 0 =>  => 0 =>  => 0 =>  => 0 =>  => 0 =>  => 0 =>  => 0 =>  => 0 =>  => 0 =>  => 0 =>  => 0 =>  => 0 =>  => 0 =>  => 0 =>  => 0 =>  => 0 =>  => "

-------------------------------
 
ALTERAÇÃO DE CLIENTE
POST => "luciana" Data => "2012-06-26 14:12:52", Alterou o Cliente de vale 505010 => "INFORMAÇÕES ALTERADAS => "1 => 4212 => 5 => -1 => 2 => 0 => 0 => 15/06/2012 => 505010 => 169 => 94384 => 13/06/2012 => PAULO SERGIO DOS SANTOS MARINHO => 2806 => IVANETE DOS SANTOS =>  => RUA DO RESENDE => 50 => APTO 208 => CENTRO => RIO DE JANEIRO =>  =>  =>  =>  => TROCA COM RECOLHIMENTO PROCESSO JUDICIAL PROCESSO 0130093720108190001  FICHA COM EDSON  => ENDEREÇO:RUA SENHOR MATOZINHO Nº 106 APT 210 CIDADE NOVA  TEL(21)2252-2987/9938-0415/TROCA COM RECOLHIMENTO PROCESSO JUDICIAL PROCESSO REF:  AO LADO DO SAMBODROMO. => 1 => 6078 => RACK KIPLAC TORRE PLUS LUXO AR/MP => 0 =>  => 0 =>  => 0 =>  => 0 =>  => 0 =>  => 0 =>  => 0 =>  => 0 =>  => 0 =>  => 0 =>  => 0 =>  => 0 =>  => 0 =>  => 0 =>  => 0 =>  => 0 =>  => 0 =>  => 0 =>  => 0 =>  => "

-------------------------------
 
ALTERAÇÃO DE CLIENTE
POST => "luciana" Data => "2012-06-26 14:13:11", Alterou o Cliente de vale 505010 => "INFORMAÇÕES ALTERADAS => "1 => 4212 => 5 => 35 => 12 => 0 => 0 => 15/06/2012 => 505010 => 169 => 94384 => 13/06/2012 => PAULO SERGIO DOS SANTOS MARINHO => 2806 => IVANETE DOS SANTOS =>  => RUA DO RESENDE => 50 => APTO 208 => CENTRO => RIO DE JANEIRO =>  =>  =>  =>  => TROCA COM RECOLHIMENTO PROCESSO JUDICIAL PROCESSO 0130093720108190001  FICHA COM EDSON  => ENDEREÇO:RUA SENHOR MATOZINHO Nº 106 APT 210 CIDADE NOVA  TEL(21)2252-2987/9938-0415/TROCA COM RECOLHIMENTO PROCESSO JUDICIAL PROCESSO REF:  AO LADO DO SAMBODROMO. => 1 => 6078 => RACK KIPLAC TORRE PLUS LUXO AR/MP => 0 =>  => 0 =>  => 0 =>  => 0 =>  => 0 =>  => 0 =>  => 0 =>  => 0 =>  => 0 =>  => 0 =>  => 0 =>  => 0 =>  => 0 =>  => 0 =>  => 0 =>  => 0 =>  => 0 =>  => 0 =>  => 0 =>  => "

-------------------------------
 
ALTERAÇÃO DE CLIENTE
POST => "luciana" Data => "2012-06-26 14:15:27", Alterou o Cliente de vale 505010 => "INFORMAÇÕES ALTERADAS => "1 => 4212 => 5 => 25 => 11 => 0 => 0 => 15/06/2012 => 505010 => 169 => 94384 => 13/06/2012 => PAULO SERGIO DOS SANTOS MARINHO => 2806 => IVANETE DOS SANTOS =>  => RUA DO RESENDE => 50 => APTO 208 => CENTRO => RIO DE JANEIRO =>  =>  =>  =>  => TROCA COM RECOLHIMENTO PROCESSO JUDICIAL PROCESSO 0130093720108190001  FICHA COM EDSON agend:quarta 27/6 Luciana  => ENDEREÇO:RUA SENHOR MATOZINHO Nº 106 APT 210 CIDADE NOVA  TEL(21)2252-2987/9938-0415/TROCA COM RECOLHIMENTO PROCESSO JUDICIAL PROCESSO REF:  AO LADO DO SAMBODROMO. => 1 => 6078 => RACK KIPLAC TORRE PLUS LUXO AR/MP => 0 =>  => 0 =>  => 0 =>  => 0 =>  => 0 =>  => 0 =>  => 0 =>  => 0 =>  => 0 =>  => 0 =>  => 0 =>  => 0 =>  => 0 =>  => 0 =>  => 0 =>  => 0 =>  => 0 =>  => 0 =>  => 0 =>  => "

-------------------------------
 
ALTERAÇÃO DE CLIENTE
POST => "luciana" Data => "2012-06-26 14:32:43", Alterou o Cliente de vale 504315 => "INFORMAÇÕES ALTERADAS => "1 => 4256 => 5 => 26 => 8 => 0 => 1 => 12/06/2012 => 504315 => 169 => 79285 => 12/06/2012 => RICARDO JOSE DE ABREU => 397119/199 => JOSE LUIZ DOS SANTOS CORREA => 20221193 => RUA: DO LIVRAMENTO => 84 =>  => GAMBOA => RIO DE JANEIRO => RJ =>  =>  =>  => FICA PROX AO BAR DA ERICA E PRO SINDICATO PORTUARIOS PROC MAGALI => passei e-mail para o naec dia 26/6 para pedi um tel de contato  => 1 => 140391 => G.ROUPA ARAPLAC 8P AUSTRIA TB/BR => 0 =>  => 0 =>  => 0 =>  => 0 =>  => 0 =>  => 0 =>  => 0 =>  => 0 =>  => 0 =>  => 0 =>  => 0 =>  => 0 =>  => 0 =>  => 0 =>  => 0 =>  => 0 =>  => 0 =>  => 0 =>  => 0 =>  => "

-------------------------------
 
ALTERAÇÃO DE CLIENTE
POST => "simone" Data => "2012-06-26 14:33:14", Alterou o Cliente de vale 484782 => "INFORMAÇÕES ALTERADAS => "1 => 3348 => 35 => 25 => 22 => 0 => 0 => 10/05/2012 => 484782 => 230 => 83937 => 09/05/2012 => GLAUCE COSTA GABRIEL => 493257 / 199 => RITA DE CASSIA BEBIANO DE LIMA => 23064090 => RUA: MAURÍCIO GRABOIS => 1 => CASA => INHOAÍBA => RIO DE JANEIRO => RJ => 3377-5325 =>  =>  => RUA CAMPO GRANDE ENTRAR NAS CASINHAS PEGAR RUA ESMERALDA CASA NO SALAO DE CABELO ELSHADAY. => OBS: CLIENTE NÃO ATENDE O TEL AS 15:07  E NEM MONTADOR . OBS: O MONTADOR NIVALDO IRÁ FAZER A REVISÃO NO DIA 27/06/2012 => 1 => 140338 => G ROUPA FRITZ 3P MILAO AMEN/PTO => 0 =>  => 0 =>  => 0 =>  => 0 =>  => 0 =>  => 0 =>  => 0 =>  => 0 =>  => 0 =>  => 0 =>  => 0 =>  => 0 =>  => 0 =>  => 0 =>  => 0 =>  => 0 =>  => 0 =>  => 0 =>  => 0 =>  => "

-------------------------------
 
ALTERAÇÃO DE CLIENTE
POST => "camila" Data => "2012-06-26 14:34:11", Alterou o Cliente de vale 452574 => "INFORMAÇÕES ALTERADAS => "1 => 3649 => 6 => 12 => 18 => 0 => 0 => 14/05/2012 => 452574 => 228 => 27192 => 26/03/2012 => RANIERE DE SOUZA CAIAFFA => 518813 / 199 => JULIANA DE OLIVEIRA => 22740310 => RUA: MAENCA => 175 => CASA 20 => PECHINCHA => RIO DE JANEIRO => RJ => 9564-1326 => 9993-9211 =>  =>  =>  => 1 => 135481 => COZ KIPLAC RENATA PLUS BR/PTO => 0 =>  => 0 =>  => 0 =>  => 0 =>  => 0 =>  => 0 =>  => 0 =>  => 0 =>  => 0 =>  => 0 =>  => 0 =>  => 0 =>  => 0 =>  => 0 =>  => 0 =>  => 0 =>  => 0 =>  => 0 =>  => 0 =>  => "

-------------------------------
 
ALTERAÇÃO DE CLIENTE
POST => "luciana" Data => "2012-06-26 14:38:49", Alterou o Cliente de vale 504318 => "INFORMAÇÕES ALTERADAS => "1 => 4257 => 5 => 16 => 20 => 0 => 1 => 12/06/2012 => 504318 => 169 => 78094 => 12/06/2012 => RICARDO JOSE DE ABREU => 387365/199 => FABIANA GOMES DE OLIVEIRA => 20261160 => RUA: INFANTE DE SAGRES => 284 =>  => RIO COMPRIDO => RIO DE JANEIRO => RJ => 2502-3286 =>  =>  => FICA NO RODO PROX A FACULDADE ESTACAIO DE SA   FICHA COM EDSON MOREIRA  => AGEND: QUINTA 28/6 LUCIANA  => 1 => 134902 => BALCAO C/T ARAMOVEIS LILIAN BR/PTO => 1 => 134898 => COZ COMP ARAMOVEIS LILIAN PLUS  BR/PT => 0 =>  => 0 =>  => 0 =>  => 0 =>  => 0 =>  => 0 =>  => 0 =>  => 0 =>  => 0 =>  => 0 =>  => 0 =>  => 0 =>  => 0 =>  => 0 =>  => 0 =>  => 0 =>  => 0 =>  => 0 =>  => "

-------------------------------
 
ALTERAÇÃO DE CLIENTE
POST => "luciana" Data => "2012-06-26 14:40:38", Alterou o Cliente de vale 504318 => "INFORMAÇÕES ALTERADAS => "1 => 4257 => 5 => 13 => 3 => 0 => 1 => 12/06/2012 => 504318 => 169 => 78094 => 12/06/2012 => RICARDO JOSE DE ABREU => 387365/199 => FABIANA GOMES DE OLIVEIRA => 20261160 => RUA: INFANTE DE SAGRES => 284 =>  => RIO COMPRIDO => RIO DE JANEIRO => RJ => 2502-3286 =>  =>  => FICA NO RODO PROX A FACULDADE ESTACAIO DE SA   FICHA COM EDSON MOREIRA  => AGEND: QUINTA 28/6 LUCIANA  => 1 => 134902 => BALCAO C/T ARAMOVEIS LILIAN BR/PTO => 1 => 134898 => COZ COMP ARAMOVEIS LILIAN PLUS  BR/PT => 0 =>  => 0 =>  => 0 =>  => 0 =>  => 0 =>  => 0 =>  => 0 =>  => 0 =>  => 0 =>  => 0 =>  => 0 =>  => 0 =>  => 0 =>  => 0 =>  => 0 =>  => 0 =>  => 0 =>  => 0 =>  => "

-------------------------------
 
ALTERAÇÃO DE CLIENTE
POST => "luciana" Data => "2012-06-26 14:42:28", Alterou o Cliente de vale 504318 => "INFORMAÇÕES ALTERADAS => "1 => 4257 => 5 => 12 => 18 => 0 => 1 => 12/06/2012 => 504318 => 169 => 78094 => 12/06/2012 => RICARDO JOSE DE ABREU => 387365/199 => FABIANA GOMES DE OLIVEIRA => 20261160 => RUA: INFANTE DE SAGRES => 284 =>  => RIO COMPRIDO => RIO DE JANEIRO => RJ => 2502-3286 =>  =>  => FICA NO RODO PROX A FACULDADE ESTACAIO DE SA   FICHA COM EDSON MOREIRA  => AGEND: QUINTA 28/6 LUCIANA  => 1 => 134902 => BALCAO C/T ARAMOVEIS LILIAN BR/PTO => 1 => 134898 => COZ COMP ARAMOVEIS LILIAN PLUS  BR/PT => 0 =>  => 0 =>  => 0 =>  => 0 =>  => 0 =>  => 0 =>  => 0 =>  => 0 =>  => 0 =>  => 0 =>  => 0 =>  => 0 =>  => 0 =>  => 0 =>  => 0 =>  => 0 =>  => 0 =>  => 0 =>  => "

-------------------------------
 
ALTERAÇÃO DE CLIENTE
POST => "MIRIAN" Data => "2012-06-26 14:45:45", Alterou o Cliente de vale 487745 => "INFORMAÇÕES ALTERADAS => "1 => 3668 => 11 => 10 => 26 => 0 => 0 => 15/05/2012 => 487745 => 179 => 6447 => 14/05/2012 => MARCIA LOPES DOS SANTOS =>  => ROSITA GOMES TRINDADE => 25035000 => TRAVESSA URU => 651 => 06 => GRAMACHO => DUQUE DE CAXIAS => RJ => 2653-8183 =>  =>  => SUBINDO A RUA REZENDE LOGO APOS O TREYLER E X DA PRACINHA DO CORTE OITO => OBS: FICHA NA PASTA DE NÃO MONTADO//Ag.27/06/12. => 1 => 134895 => BALC ITAT.IG3G4-C CRIATIVA PTO => 0 =>  => 0 =>  => 0 =>  => 0 =>  => 0 =>  => 0 =>  => 0 =>  => 0 =>  => 0 =>  => 0 =>  => 0 =>  => 0 =>  => 0 =>  => 0 =>  => 0 =>  => 0 =>  => 0 =>  => 0 =>  => 0 =>  => "

-------------------------------
 
ALTERAÇÃO DE CLIENTE
POST => "luciana" Data => "2012-06-26 14:54:53", Alterou o Cliente de vale 505774 => "INFORMAÇÕES ALTERADAS => "1 => 4268 => 5 => 39 => 25 => 0 => 0 => 20/06/2012 => 505774 => 197 => 53567 => 15/06/2012 => LEANDRO GONÇALVES RODRIGUES => 494782/199 => MARCELO SARMENTO DE CASTRO => 26053540 => RUA: HUDSON => 45 =>  => JARDIM CACHOEIRA => NOVA IGUAÇU => RJ =>  =>  =>  => PROX AO CAMPAO DE JARDIM CACHOEIRA  => passei e-mail para o naec dia 26/6 para pedi um tel Luciana  => 1 => 136651 => COZINHA TELASSUL CRISTAL 80123 BR => 0 =>  => 0 =>  => 0 =>  => 0 =>  => 0 =>  => 0 =>  => 0 =>  => 0 =>  => 0 =>  => 0 =>  => 0 =>  => 0 =>  => 0 =>  => 0 =>  => 0 =>  => 0 =>  => 0 =>  => 0 =>  => 0 =>  => "

-------------------------------
 
ALTERAÇÃO DE CLIENTE
POST => "camila" Data => "2012-06-26 14:55:58", Alterou o Cliente de vale 404220 => "INFORMAÇÕES ALTERADAS => "1 => 4281 => 6 => 24 => 29 => 0 => 0 => 22/06/2012 => 404220 => 245 => 38064 => 27/01/2012 => JORGE MAURICIO RODRIGUES DA CO => 470704 => MANOEL VIDAL DA SILVA =>  => GENERAL MIGUEL PEREIRA => 178 => RUA C 153 => TAQUARA => RIO DE JANEIRO =>  => 3348-8940 => 9131-8887 =>  => ESQUINA DO RESTAURANTE CAVALINO EM FRENTE AO CLUBE BANDEIRANTES..Agend:27-06-12 Camila =>  => 1 => 135481 => COZ KIPLAC RENATA PLUS BR/PTO => 0 =>  => 0 =>  => 0 =>  => 0 =>  => 0 =>  => 0 =>  => 0 =>  => 0 =>  => 0 =>  => 0 =>  => 0 =>  => 0 =>  => 0 =>  => 0 =>  => 0 =>  => 0 =>  => 0 =>  => 0 =>  => 0 =>  => "

-------------------------------
 
ALTERAÇÃO DE CLIENTE
POST => "camila" Data => "2012-06-26 14:56:27", Alterou o Cliente de vale 404220 => "INFORMAÇÕES ALTERADAS => "1 => 4281 => 6 => 25 => 19 => 0 => 0 => 22/06/2012 => 404220 => 245 => 38064 => 27/01/2012 => JORGE MAURICIO RODRIGUES DA CO => 470704 => MANOEL VIDAL DA SILVA =>  => GENERAL MIGUEL PEREIRA => 178 => RUA C 153 => TAQUARA => RIO DE JANEIRO =>  => 3348-8940 => 9131-8887 =>  => ESQUINA DO RESTAURANTE CAVALINO EM FRENTE AO CLUBE BANDEIRANTES..Agend:27-06-12 Camila =>  => 1 => 135481 => COZ KIPLAC RENATA PLUS BR/PTO => 0 =>  => 0 =>  => 0 =>  => 0 =>  => 0 =>  => 0 =>  => 0 =>  => 0 =>  => 0 =>  => 0 =>  => 0 =>  => 0 =>  => 0 =>  => 0 =>  => 0 =>  => 0 =>  => 0 =>  => 0 =>  => 0 =>  => "

-------------------------------
 
ALTERAÇÃO DE CLIENTE
POST => "luciana" Data => "2012-06-26 15:21:39", Alterou o Cliente de vale 503530 => "INFORMAÇÕES ALTERADAS => "1 => 4186 => 5 => 12 => 15 => 0 => 0 => 12/06/2012 => 503530 => 195 => 80184 => 11/06/2012 => ANDRE ROBERTO OLIVEIRA DA COST => 535572/199 => MARIA DE FATIMA FELIX BARRETO => 26171370 => JOSE MARIA => qd e => LT 01 => VILA PAULINE => BELFORD ROXO => RJ => 2788-1876 =>  =>  => NA SUBIDA DO BAR DO NILO SUBIR PELA RUA ALBUQUERQUEm  CONFIRMEI COM SOBRINHA FERNANDA PARA QUINTA 28/6 LUCIANA  => AGEND: SABADO 16/6 CONFIRMEI COM FERNANDA  CLIENTE NÃO ATENDE O TEL ACIMA DIA 18/6 AS 11:03HS PARA CONFIRMAR ATENDIMENTO PARA TERÇA 19/6 LUCIANA  => 1 => 136365 => ESTANTE DJ CRONOS HOME MAR/PTO => 0 =>  => 0 =>  => 0 =>  => 0 =>  => 0 =>  => 0 =>  => 0 =>  => 0 =>  => 0 =>  => 0 =>  => 0 =>  => 0 =>  => 0 =>  => 0 =>  => 0 =>  => 0 =>  => 0 =>  => 0 =>  => 0 =>  => "

-------------------------------
 
ALTERAÇÃO DE CLIENTE
POST => "simone" Data => "2012-06-26 15:33:43", Alterou o Cliente de vale 484419 => "INFORMAÇÕES ALTERADAS => "1 => 3232 => 35 => 28 => 27 => 0 => 0 => 09/05/2012 => 484419 => 241 => 43311 => 09/05/2012 => JULIO CESAR VIEIRA SOARES => 3560/199 => MIRIAM OLIVEIRA ALVES => 26125560 => RUA: DA LAPA => 180 => CS 01 => VILA HELIOPOLIS => BELFORD ROXO => RJ => 2761-7657 => 7580-9152 =>  => PROX A UMA CRECHE PROC PELA MAE DA LARISSA.CRECHE  PROF TATIANA ,  => Email enviado ao naec dia 12-06-12 Camila . CLIENTE QUER A MONTAGEM PARA SÁBADO 16/06/2012 => 1 => 136651 => COZINHA TELASSUL CRISTAL 80123 BR => 0 =>  => 0 =>  => 0 =>  => 0 =>  => 0 =>  => 0 =>  => 0 =>  => 0 =>  => 0 =>  => 0 =>  => 0 =>  => 0 =>  => 0 =>  => 0 =>  => 0 =>  => 0 =>  => 0 =>  => 0 =>  => 0 =>  => "

-------------------------------
 
ALTERAÇÃO DE CLIENTE
POST => "luciana" Data => "2012-06-26 15:41:08", Alterou o Cliente de vale 505365 => "INFORMAÇÕES ALTERADAS => "1 => 4230 => 5 => 16 => 6 => 0 => 0 => 15/06/2012 => 505365 => 243 => 57597 => 14/06/2012 => NUBIA DOS SANTOS FERREIRA => 494881 => EMMANUELLE AIME AIDA DE ALMEIDA SANTIAGO =>  => RIJO => 260 => APTO 201 => IPIRANGA => NOVA IGUAÇU =>  => 7978-1105 =>  =>  => PROX AO ANTIGO AMBULATORIO DA MARINHA PROC EMMANUELLE  => CONFIRMEI COM A CLIENTE PARA SABADO  30/6 LUCIANA  => 1 => 136651 => COZINHA TELASSUL CRISTAL 80123 BR => 1 => 136654 => BALCAO C/T TELASUL CRISTAL BR => 0 =>  => 0 =>  => 0 =>  => 0 =>  => 0 =>  => 0 =>  => 0 =>  => 0 =>  => 0 =>  => 0 =>  => 0 =>  => 0 =>  => 0 =>  => 0 =>  => 0 =>  => 0 =>  => 0 =>  => 0 =>  => "

-------------------------------
 
ALTERAÇÃO DE CLIENTE
POST => "luciana" Data => "2012-06-26 15:41:24", Alterou o Cliente de vale 505365 => "INFORMAÇÕES ALTERADAS => "1 => 4230 => 5 => 34 => 21 => 0 => 0 => 15/06/2012 => 505365 => 243 => 57597 => 14/06/2012 => NUBIA DOS SANTOS FERREIRA => 494881 => EMMANUELLE AIME AIDA DE ALMEIDA SANTIAGO =>  => RIJO => 260 => APTO 201 => IPIRANGA => NOVA IGUAÇU =>  => 7978-1105 =>  =>  => PROX AO ANTIGO AMBULATORIO DA MARINHA PROC EMMANUELLE  => CONFIRMEI COM A CLIENTE PARA SABADO  30/6 LUCIANA  => 1 => 136651 => COZINHA TELASSUL CRISTAL 80123 BR => 1 => 136654 => BALCAO C/T TELASUL CRISTAL BR => 0 =>  => 0 =>  => 0 =>  => 0 =>  => 0 =>  => 0 =>  => 0 =>  => 0 =>  => 0 =>  => 0 =>  => 0 =>  => 0 =>  => 0 =>  => 0 =>  => 0 =>  => 0 =>  => 0 =>  => 0 =>  => "

-------------------------------
 
ALTERAÇÃO DE CLIENTE
POST => "luciana" Data => "2012-06-26 16:15:54", Alterou o Cliente de vale 505365 => "INFORMAÇÕES ALTERADAS => "1 => 4230 => 5 => 29 => 13 => 0 => 0 => 15/06/2012 => 505365 => 243 => 57597 => 14/06/2012 => NUBIA DOS SANTOS FERREIRA => 494881 => EMMANUELLE AIME AIDA DE ALMEIDA SANTIAGO =>  => RIJO => 260 => APTO 201 => IPIRANGA => NOVA IGUAÇU =>  => 7978-1105 =>  =>  => PROX AO ANTIGO AMBULATORIO DA MARINHA PROC EMMANUELLE  => CONFIRMEI COM A CLIENTE PARA SABADO  30/6 LUCIANA  => 1 => 136651 => COZINHA TELASSUL CRISTAL 80123 BR => 1 => 136654 => BALCAO C/T TELASUL CRISTAL BR => 0 =>  => 0 =>  => 0 =>  => 0 =>  => 0 =>  => 0 =>  => 0 =>  => 0 =>  => 0 =>  => 0 =>  => 0 =>  => 0 =>  => 0 =>  => 0 =>  => 0 =>  => 0 =>  => 0 =>  => 0 =>  => "

-------------------------------
 
ALTERAÇÃO DE CLIENTE
POST => "luciana" Data => "2012-06-26 16:18:28", Alterou o Cliente de vale 504874 => "INFORMAÇÕES ALTERADAS => "1 => 4232 => 5 => 10 => 21 => 0 => 1 => 15/06/2012 => 504874 => 243 => 43384 => 13/06/2012 => RAMILE DOS REIS FERREIRA => 319354/199 => ALEXANDRE ITABORAY ALMADA => 26040541 => RUA ANGELA MARIA => 148 => CS 03 => POSSE => NOVA IGUAÇU => RJ => 7844-9269 =>  =>  => PROX AO SUPERMARKET NA RUA DA CASA DE FERRO E AÇO =>  => 1 => 140391 => G.ROUPA ARAPLAC 8P AUSTRIA TB/BR => 1 => 138724 => CONJ BOX PLUMATEX STAR VIP 138X64 MOLA GENERICA => 0 =>  => 0 =>  => 0 =>  => 0 =>  => 0 =>  => 0 =>  => 0 =>  => 0 =>  => 0 =>  => 0 =>  => 0 =>  => 0 =>  => 0 =>  => 0 =>  => 0 =>  => 0 =>  => 0 =>  => 0 =>  => "

-------------------------------
 
CADASTRO DE CLIENTE
POST => "MIRIAN" Data => "2012-06-26 17:13:09", Cadastrou o Cliente de vale 595725 => "INFORMAÇÕES CADASTRADAS => "11 => 31 => 4 => 0 => 2 => 26/06/2012 => 595725 => 243 => 595725 => 26/06/2012 =>  =>  => MARIA IRACEMA SANTOS MOREIRA =>  => RUA AZALEIAS => 268 =>  => JARDIM DA POSSE => NOVA IGUAÇU => RJ => 3101-3709 =>  =>  => BAIRRO CARMARY PELA ESTRADA LUIS D LEMOS APOS O CONDMINIO DA AZALEIA PROX A OFICINA DO NANDO PI AO BORRACHARIA CACO => 01 => 139517 => KIT ITAT I3 VD FL CRIATIVA 5P/4G PT =>  =>  =>  =>  =>  =>  =>  =>  =>  =>  =>  =>  =>  =>  =>  =>  =>  =>  =>  =>  =>  =>  =>  =>  =>  =>  =>  =>  =>  =>  =>  =>  =>  =>  =>  =>  =>  =>  => "

-------------------------------
 
ALTERAÇÃO DE CLIENTE
POST => "marta" Data => "2012-06-26 17:19:19", Alterou o Cliente de vale 452635 => "INFORMAÇÕES ALTERADAS => "1 => 3267 => 22 => 18 => 33 => 0 => 0 => 10/05/2012 => 452635 => 215 => 96269 => 26/03/2012 => ANDRE DA SILVA MOREIRA => 525109 / 199 => GILVANA ARAUJO DA SILVA => 24722330 => RUA: LAUDELINO FREIRE-QD 29 LT 33 => 29 =>  => GUAXINDIBA => SÃO GONÇALO => RJ => 3092-5927 =>  =>  => RUA DA FABRICA DA BATATA CRAC PROX AO JOVANY. =>  => 1 => 135481 => COZ KIPLAC RENATA PLUS BR/PTO => 0 =>  => 0 =>  => 0 =>  => 0 =>  => 0 =>  => 0 =>  => 0 =>  => 0 =>  => 0 =>  => 0 =>  => 0 =>  => 0 =>  => 0 =>  => 0 =>  => 0 =>  => 0 =>  => 0 =>  => 0 =>  => 0 =>  => "

-------------------------------
 
CADASTRO DE CLIENTE
POST => "camila" Data => "2012-06-26 17:26:27", Cadastrou o Cliente de vale 605940 => "INFORMAÇÕES CADASTRADAS => "6 => 24 => 18 => 0 => 2 => 25/06/2012 => 605940 => RE => 605940 => 25/06/2012 =>  =>  => LINDENOR DA SILVA SERPA =>  => RUA:ROSA DA FONSECA => 336 => APTO 102 => Manguinhos => Rio de Janeiro => RJ => 3976-7125 =>  =>  =>  => 01 => 140344 => MESA FRITZ 4C MEGA AMEN/PTO =>  =>  =>  =>  =>  =>  =>  =>  =>  =>  =>  =>  =>  =>  =>  =>  =>  =>  =>  =>  =>  =>  =>  =>  =>  =>  =>  =>  =>  =>  =>  =>  =>  =>  =>  =>  =>  =>  => "

-------------------------------
 
ALTERAÇÃO DE CLIENTE
POST => "luciana" Data => "2012-06-26 17:28:40", Alterou o Cliente de vale 504320 => "INFORMAÇÕES ALTERADAS => "1 => 4258 => 5 => 23 => 22 => 0 => 1 => 12/06/2012 => 504320 => 241 => 37868 => 12/06/2012 => JULIO CESAR VIEIRA SOARES => 451858/199 => MONICA RIBEIRO DA CRUZ => 20241360 => RUA: FALET => 567 =>  => SANTA TERESA => RIO DE JANEIRO => RJ => 2224-0885 => 7268-4752 => 9150-1816 => PROX AO CAMPO DO CAPITAO =>  => 1 => 134933 => ESTANTE CAEMMUN CLEAN TB/BR/MP => 0 =>  => 0 =>  => 0 =>  => 0 =>  => 0 =>  => 0 =>  => 0 =>  => 0 =>  => 0 =>  => 0 =>  => 0 =>  => 0 =>  => 0 =>  => 0 =>  => 0 =>  => 0 =>  => 0 =>  => 0 =>  => 0 =>  => "

-------------------------------
 
ALTERAÇÃO DE CLIENTE
POST => "simone" Data => "2012-06-26 17:30:19", Alterou o Cliente de vale 568825 => "INFORMAÇÕES ALTERADAS => "1 => 3823 => 35 => 36 => 15 => 0 => 2 => 21/05/2012 => 568825 => 230 => 568825 => 18/05/2012 =>  =>  => VERA MARIA QUINTANA RAMOS =>  => TRAVESSA PROFESSOR ANTONIO => 7 =>  => PEDRA DE GUARATIBA => RIO DE JANEIRO => RJ => 9626-0209 =>  =>  => NA RUA DA IGREJA DE SAO PEDRO PRX AO ABRIGO EVANGELICO => OBS: VISTORIA TAMBÉM DO GUARDA-ROUPA => 1 => 1936 => CAMA CS BECHARA FLORIDA MG => 0 =>  => 0 =>  => 0 =>  => 0 =>  => 0 =>  => 0 =>  => 0 =>  => 0 =>  => 0 =>  => 0 =>  => 0 =>  => 0 =>  => 0 =>  => 0 =>  => 0 =>  => 0 =>  => 0 =>  => 0 =>  => 0 =>  => "

-------------------------------
 
ALTERAÇÃO DE CLIENTE
POST => "luciana" Data => "2012-06-26 17:30:31", Alterou o Cliente de vale 504320 => "INFORMAÇÕES ALTERADAS => "1 => 4258 => 5 => 35 => 29 => 0 => 1 => 12/06/2012 => 504320 => 241 => 37868 => 12/06/2012 => JULIO CESAR VIEIRA SOARES => 451858/199 => MONICA RIBEIRO DA CRUZ => 20241360 => RUA: FALET => 545 => CASA 6 => SANTA TERESA => RIO DE JANEIRO => RJ => 2224-0885 => 7268-4752 => 9150-1816 => PROX AO CAMPO DO CAPITAO => CONFIRMEI COM A CLIENTE PARA QUARTA 27/6 LUCIANA  => 1 => 134933 => ESTANTE CAEMMUN CLEAN TB/BR/MP => 0 =>  => 0 =>  => 0 =>  => 0 =>  => 0 =>  => 0 =>  => 0 =>  => 0 =>  => 0 =>  => 0 =>  => 0 =>  => 0 =>  => 0 =>  => 0 =>  => 0 =>  => 0 =>  => 0 =>  => 0 =>  => 0 =>  => "

-------------------------------
 
ALTERAÇÃO DE CLIENTE
POST => "luciana" Data => "2012-06-26 17:30:50", Alterou o Cliente de vale 504320 => "INFORMAÇÕES ALTERADAS => "1 => 4258 => 5 => 27 => 16 => 0 => 1 => 12/06/2012 => 504320 => 241 => 37868 => 12/06/2012 => JULIO CESAR VIEIRA SOARES => 451858/199 => MONICA RIBEIRO DA CRUZ => 20241360 => RUA: FALET => 545 => CASA 6 => SANTA TERESA => RIO DE JANEIRO => RJ => 2224-0885 => 7268-4752 => 9150-1816 => PROX AO CAMPO DO CAPITAO => CONFIRMEI COM A CLIENTE PARA QUARTA 27/6 LUCIANA  => 1 => 134933 => ESTANTE CAEMMUN CLEAN TB/BR/MP => 0 =>  => 0 =>  => 0 =>  => 0 =>  => 0 =>  => 0 =>  => 0 =>  => 0 =>  => 0 =>  => 0 =>  => 0 =>  => 0 =>  => 0 =>  => 0 =>  => 0 =>  => 0 =>  => 0 =>  => 0 =>  => 0 =>  => "

-------------------------------
 
ALTERAÇÃO DE CLIENTE
POST => "luciana" Data => "2012-06-26 17:32:55", Alterou o Cliente de vale 504320 => "INFORMAÇÕES ALTERADAS => "1 => 4258 => 5 => 18 => 18 => 0 => 1 => 12/06/2012 => 504320 => 241 => 37868 => 12/06/2012 => JULIO CESAR VIEIRA SOARES => 451858/199 => MONICA RIBEIRO DA CRUZ => 20241360 => RUA: FALET => 545 => CASA 6 => SANTA TERESA => RIO DE JANEIRO => RJ => 2224-0885 => 7268-4752 => 9150-1816 => PROX AO CAMPO DO CAPITAO  FICHA COM EDSON MOREIRA  => CONFIRMEI COM A CLIENTE PARA QUARTA 27/6 LUCIANA  => 1 => 134933 => ESTANTE CAEMMUN CLEAN TB/BR/MP => 0 =>  => 0 =>  => 0 =>  => 0 =>  => 0 =>  => 0 =>  => 0 =>  => 0 =>  => 0 =>  => 0 =>  => 0 =>  => 0 =>  => 0 =>  => 0 =>  => 0 =>  => 0 =>  => 0 =>  => 0 =>  => 0 =>  => "

-------------------------------
