 
CADASTRO DE CLIENTE
POST => "luciana" Data => "2012-05-17 09:22:25", Cadastrou o Cliente de vale 406615 => "INFORMAÇÕES CADASTRADAS => "5 => 33 => 9 => 0 => 0 => 17/05/2012 => 406615 => 198 => 49888 => 30/01/2012 => ROSIMARI MIRANDA DOS SANTOS  => 472851 => RICARDO ALVES DE MORAES => 25515053 => Rua: Antônio Alexandre de Oliveira => LT06 => QD33 => Centro => São João de Meriti => RJ => 2755-1677 =>  =>  =>  => 01 => 135481 => COZ KIPLAC RENATA PLUS BR/PTO =>  =>  =>  =>  =>  =>  =>  =>  =>  =>  =>  =>  =>  =>  =>  =>  =>  =>  =>  =>  =>  =>  =>  =>  =>  =>  =>  =>  =>  =>  =>  =>  =>  =>  =>  =>  =>  =>  => "

-------------------------------
 
ALTERAÇÃO DE CLIENTE
POST => "luciana" Data => "2012-05-17 09:24:01", Alterou o Cliente de vale 406615 => "INFORMAÇÕES ALTERADAS => "1 => 3760 => 5 => 23 => 16 => 0 => 0 => 17/05/2012 => 406615 => 198 => 49888 => 30/01/2012 => ROSIMARI MIRANDA DOS SANTOS => 472851 => RICARDO ALVES DE MORAES => 25515053 => RUA: ANTÔNIO ALEXANDRE DE OLIVEIRA => LT06 => QD33 => CENTRO => SÃO JOÃO DE MERITI => RJ => 2755-1677 =>  =>  =>  =>  => 1 => 135481 => COZ KIPLAC RENATA PLUS BR/PTO => 0 =>  => 0 =>  => 0 =>  => 0 =>  => 0 =>  => 0 =>  => 0 =>  => 0 =>  => 0 =>  => 0 =>  => 0 =>  => 0 =>  => 0 =>  => 0 =>  => 0 =>  => 0 =>  => 0 =>  => 0 =>  => 0 =>  => "

-------------------------------
 
ALTERAÇÃO DE CLIENTE
POST => "luciana" Data => "2012-05-17 09:42:37", Alterou o Cliente de vale 485388 => "INFORMAÇÕES ALTERADAS => "1 => 3473 => 5 => 43 => 12 => 0 => 0 => 12/05/2012 => 485388 => 182 => 29 => 10/05/2012 => ELUCIANA BARBOSA SANTOS => 4779/199 => REGINA ALVES RODRIGUES CAMOES => 21635270 => RUA: LISSES MELGAÇO => 75 =>  => PARQUE ANCHIETA => RIO DE JANEIRO => RJ => 3358-3285 =>  =>  => PADARIA CANDOZA APOS PADARIA 1 A ESQ CRUZAMNETO  FICHA COM ALEX OLIVEIRA  CONFIRMEI COM MARCELO  ESPOSO PARA SEXTA 18/5 LUCIANA  =>  => 1 => 140094 => G.ROUPA BERGAMO 5P LISBOA IMB/PTO => 0 =>  => 0 =>  => 0 =>  => 0 =>  => 0 =>  => 0 =>  => 0 =>  => 0 =>  => 0 =>  => 0 =>  => 0 =>  => 0 =>  => 0 =>  => 0 =>  => 0 =>  => 0 =>  => 0 =>  => 0 =>  => 0 =>  => "

-------------------------------
 
ALTERAÇÃO DE CLIENTE
POST => "ANNE" Data => "2012-05-17 09:46:25", Alterou o Cliente de vale 484474 => "INFORMAÇÕES ALTERADAS => "1 => 3265 => 18 => 34 => 8 => 0 => 0 => 10/05/2012 => 484474 => 247 => 28099 => 09/05/2012 => WALLACE MIRANDA DAUDT => 1731 / 199 => SHEILA DIAS DE PAULA => 24420000 => RUA: CÔNEGO LUIZ MONTES => 17 => CASA => LINDO PARQUE => SÃO GONÇALO => RJ => 9435-4603 =>  =>  => NA ENTRADA DO POSTO GALAPAGOS RUA EM FRENTE A SERAPIA. => AGENDADO P/O DIA 16/05! => 1 => 132414 => RACK DJ FLASH IMB/PTO => 0 =>  => 0 =>  => 0 =>  => 0 =>  => 0 =>  => 0 =>  => 0 =>  => 0 =>  => 0 =>  => 0 =>  => 0 =>  => 0 =>  => 0 =>  => 0 =>  => 0 =>  => 0 =>  => 0 =>  => 0 =>  => 0 =>  => "

-------------------------------
 
CADASTRO DE CLIENTE
POST => "marta" Data => "2012-05-17 09:50:31", Cadastrou o Cliente de vale 540000 => "INFORMAÇÕES CADASTRADAS => "22 => 23 => 27 => 0 => 2 => 17/05/2012 => 540000 => RE => 540000 => 08/05/2012 =>  =>  => GILMARA DE ANDRADE CASTRO =>  => RUA VINTE E DOIS => 0 => CASA 1124 => JOAQUIM DE OLIVEIRA => ITABORAI =>  => 7440-5291 => 9820-5738 =>  => NA RUA DO POSTO DE SAUDE => 1 => 8323 => RACK SOMOPAR 20000 TB/MP =>  =>  =>  =>  =>  =>  =>  =>  =>  =>  =>  =>  =>  =>  =>  =>  =>  =>  =>  =>  =>  =>  =>  =>  =>  =>  =>  =>  =>  =>  =>  =>  =>  =>  =>  =>  =>  =>  => "

-------------------------------
 
ALTERAÇÃO DE CLIENTE
POST => "simone" Data => "2012-05-17 09:52:49", Alterou o Cliente de vale 481608 => "INFORMAÇÕES ALTERADAS => "1 => 3082 => 35 => 26 => 28 => 0 => 0 => 08/05/2012 => 481608 => 179 => 146131 => 04/05/2012 => ROBSON CARVALHO LOPES => 429573/199 => MONIQUE TEIXEIRA CAETANO DA SILVA => 25041170 => RUA: SAMBAITIBA => lt 27 => QD 40 => VILA ROSÁRIO => DUQUE DE CAXIAS => RJ => 3134-1201 =>  =>  => PROC AO CLUBE DO MIKITA => AGENDADO P/DIA 15/05/2012. CLIENTE NÃO ATENDE AS 09:57 => 1 => 135481 => COZ KIPLAC RENATA PLUS => 0 =>  => 0 =>  => 0 =>  => 0 =>  => 0 =>  => 0 =>  => 0 =>  => 0 =>  => 0 =>  => 0 =>  => 0 =>  => 0 =>  => 0 =>  => 0 =>  => 0 =>  => 0 =>  => 0 =>  => 0 =>  => 0 =>  => "

-------------------------------
 
CADASTRO DE CLIENTE
POST => "camila" Data => "2012-05-17 09:56:39", Cadastrou o Cliente de vale 452297 => "INFORMAÇÕES CADASTRADAS => "6 => 38 => 29 => 0 => 0 => 11/05/2012 => 452297 => 249 => 28226 => 26/03/2012 => JORGE LUIZ FERREIRA FILHO => 516639 / 199 => NEIVA BARBOSA FELIPE  => 24330060 => Rua: Senador Fernandes da Cunha => 67 => CASA => Rio do Ouro => Niterói => RJ => 3611-8014 => 2617-4234 =>  => ENTRAR NA RUA DA CLINICA DO BELO, APOS DO CAMPO DO BAGAÇO. => 01 => 135479 => BALCAO C/T KIPLAC RENATA PLUS BR/PT => 01 => 135481 => COZ KIPLAC RENATA PLUS BR/PTO =>  =>  =>  =>  =>  =>  =>  =>  =>  =>  =>  =>  =>  =>  =>  =>  =>  =>  =>  =>  =>  =>  =>  =>  =>  =>  =>  =>  =>  =>  =>  =>  =>  =>  =>  =>  => "

-------------------------------
 
CADASTRO DE CLIENTE
POST => "camila" Data => "2012-05-17 09:59:06", Cadastrou o Cliente de vale 452293 => "INFORMAÇÕES CADASTRADAS => "6 => 34 => 22 => 0 => 0 => 11/05/2012 => 452293 => 249 => 28347 => 26/03/2012 => JOCEMAR GONCALVES DA SILVA => 516641 / 199 => CRISTIANE GONCALVES CUNHA CORREA => 24240070 => Rua: Itaperuna => 150 => APTO 302 => Pe Pequeno => Niterói => RJ => 2621-3936 => 9433-7536 =>  => LARGO MARROM ENTAR NA RUA DA PADARIA LEDA. => 01 => 135481 => COZ KIPLAC RENATA PLUS BR/PTO =>  =>  =>  =>  =>  =>  =>  =>  =>  =>  =>  =>  =>  =>  =>  =>  =>  =>  =>  =>  =>  =>  =>  =>  =>  =>  =>  =>  =>  =>  =>  =>  =>  =>  =>  =>  =>  =>  => "

-------------------------------
 
ALTERAÇÃO DE CLIENTE
POST => "ANNE" Data => "2012-05-17 10:00:36", Alterou o Cliente de vale 450123 => "INFORMAÇÕES ALTERADAS => "1 => 3261 => 18 => 31 => 23 => 0 => 0 => 10/05/2012 => 450123 => 215 => 96735 => 24/03/2012 => LUCIANA MOURA DA SILVA LOPES => 507497 => CELIA REGINA WYNCKLE DE AZEVEDO => 24744120 => RUA: EXPEDICIONÁRIO ALBERTO CÂNDIDO MELO => lt 10 => QD 13 CS 01 => COLUBANDE => SÃO GONÇALO => RJ => 3719-7673 =>  =>  => ENTRAR RUA DO BATALHAO FLORESTAL VIR 1 RUA ESQU ANTES DO COND DO TIJOLINHO. => AGENDADO PARA O DIA 16/05!,[PASSEI E-MAIL NO DIA 17/05 PARA ROMULO SOLICITANDO O NOVO ENDEREÇO DESTE CLIENTE]. => 1 => 140391 => G.ROUPA ARAPLAC 8P AUSTRIA TB/BR => 0 =>  => 0 =>  => 0 =>  => 0 =>  => 0 =>  => 0 =>  => 0 =>  => 0 =>  => 0 =>  => 0 =>  => 0 =>  => 0 =>  => 0 =>  => 0 =>  => 0 =>  => 0 =>  => 0 =>  => 0 =>  => 0 =>  => "

-------------------------------
 
ALTERAÇÃO DE CLIENTE
POST => "luciana" Data => "2012-05-17 10:08:43", Alterou o Cliente de vale 406615 => "INFORMAÇÕES ALTERADAS => "1 => 3760 => 5 => 25 => 10 => 0 => 0 => 17/05/2012 => 406615 => 198 => 49888 => 30/01/2012 => ROSIMARI MIRANDA DOS SANTOS => 472851 => RICARDO ALVES DE MORAES => 25515053 => RUA: ANTÔNIO ALEXANDRE DE OLIVEIRA => LT06 => QD33 => CENTRO => SÃO JOÃO DE MERITI => RJ => 2755-1677 =>  =>  => AGEND: QUINTA 17/5 CLIENTE CIENTE LUCIANA  =>  => 1 => 135481 => COZ KIPLAC RENATA PLUS BR/PTO => 0 =>  => 0 =>  => 0 =>  => 0 =>  => 0 =>  => 0 =>  => 0 =>  => 0 =>  => 0 =>  => 0 =>  => 0 =>  => 0 =>  => 0 =>  => 0 =>  => 0 =>  => 0 =>  => 0 =>  => 0 =>  => 0 =>  => "

-------------------------------
 
ALTERAÇÃO DE CLIENTE
POST => "marta" Data => "2012-05-17 10:15:27", Alterou o Cliente de vale 484189 => "INFORMAÇÕES ALTERADAS => "1 => 3268 => 22 => 37 => 21 => 0 => 0 => 10/05/2012 => 484189 => 215 => 101571 => 09/05/2012 => ANDRE DA SILVA MOREIRA => 4039 / 199 => ANANIAS JOSE DA SILVA => 24723335 => RUA: LOS ANGELES => LT 12 => QD 44 => MONJOLO => SÃO GONÇALO => RJ => 3711-0728 =>  =>  => prox a padaria vitorosa,vai pegar a rua do clube dos medicos,e depois do brizolao vem antiga brama,na esquina tem a padaria do tio sobir a rua e virar 1º rua direita => AGENDADO P/DIA 17/05/2012 => 1 => 136651 => COZINHA TELASSUL CRISTAL 80123 BR => 0 =>  => 0 =>  => 0 =>  => 0 =>  => 0 =>  => 0 =>  => 0 =>  => 0 =>  => 0 =>  => 0 =>  => 0 =>  => 0 =>  => 0 =>  => 0 =>  => 0 =>  => 0 =>  => 0 =>  => 0 =>  => 0 =>  => "

-------------------------------
 
ALTERAÇÃO DE CLIENTE
POST => "luciana" Data => "2012-05-17 10:16:15", Alterou o Cliente de vale 406615 => "INFORMAÇÕES ALTERADAS => "1 => 3760 => 5 => 22 => 16 => 0 => 0 => 17/05/2012 => 406615 => 198 => 49888 => 30/01/2012 => ROSIMARI MIRANDA DOS SANTOS => 472851 => RICARDO ALVES DE MORAES => 25515053 => RUA: ANTÔNIO ALEXANDRE DE OLIVEIRA => LT06 => QD33 => CENTRO => SÃO JOÃO DE MERITI => RJ => 2755-1677 =>  =>  => AGEND: QUINTA 17/5 CLIENTE CIENTE LUCIANA  =>  => 1 => 135481 => COZ KIPLAC RENATA PLUS BR/PTO => 0 =>  => 0 =>  => 0 =>  => 0 =>  => 0 =>  => 0 =>  => 0 =>  => 0 =>  => 0 =>  => 0 =>  => 0 =>  => 0 =>  => 0 =>  => 0 =>  => 0 =>  => 0 =>  => 0 =>  => 0 =>  => 0 =>  => "

-------------------------------
 
CADASTRO DE CLIENTE
POST => "ANNE" Data => "2012-05-17 10:17:27", Cadastrou o Cliente de vale 471821 => "INFORMAÇÕES CADASTRADAS => "18 => 25 => 16 => 0 => 0 => 11/05/2012 => 471821 => 204 => 471821 => 17/04/2012 => PAULO CESAR COELHO PEREIRA => 12347/199 => KEILA REGINA PEREIRA DA SILVA =>  => RUA 15 DE NOVEMBRO  => 155 => APTO 302 BL 4 => ARSENAL => SAO GONCALO => RJ => 3605-2222 =>  =>  => NA RUA DA QUADRA FICA DUAS RUA DPS DO LABORATORIO. => 01 => 139576 => G ROUPA IRMOL 2P APOLO CHOC/IMB/MP =>  =>  =>  =>  =>  =>  =>  =>  =>  =>  =>  =>  =>  =>  =>  =>  =>  =>  =>  =>  =>  =>  =>  =>  =>  =>  =>  =>  =>  =>  =>  =>  =>  =>  =>  =>  =>  =>  => "

-------------------------------
 
CADASTRO DE CLIENTE
POST => "ANNE" Data => "2012-05-17 10:20:37", Cadastrou o Cliente de vale 471804 => "INFORMAÇÕES CADASTRADAS => "18 => 28 => 19 => 0 => 0 => 11/05/2012 => 471804 => 204 => 471804 => 17/04/2012 => PAULO CESAR COELHO PEREIRA => 12392/199 => KEILA REGINA PEREIRA DA SILVA =>  => RUA 15 DE NOVEMBRO => 155 => APTO 302 BL4 => ARSENAL => SAO GONCALO => RJ => 3605-2222 =>  =>  => NA RUA DA QUADRA FICA DUAS RUAS DPS DO LABORATORIO. => 01 => 135481 => COZ KIPLAC RENATA PLUS BR/PTO =>  =>  =>  =>  =>  =>  =>  =>  =>  =>  =>  =>  =>  =>  =>  =>  =>  =>  =>  =>  =>  =>  =>  =>  =>  =>  =>  =>  =>  =>  =>  =>  =>  =>  =>  =>  =>  =>  => "

-------------------------------
 
ALTERAÇÃO DE CLIENTE
POST => "simone" Data => "2012-05-17 10:23:05", Alterou o Cliente de vale 481562 => "INFORMAÇÕES ALTERADAS => "1 => 3114 => 35 => 18 => 35 => 0 => 0 => 08/05/2012 => 481562 => 194 => 42854 => 04/05/2012 => SIMONE MAIA MACIEIRA LOPES => 1164 => MARIA DA GRAÇAS DA COSTA DOS SANTOS =>  => FREI GASPAR => 292 => CASA 03 => PENHA CIRCULAR => RIO DE JANEIRO =>  => 2485-3909 =>  =>  => ESTACIONAMENTO DO OLIMPO 8009-1315. => email enviado ao naec dia 16-05-12 camila. FEITO PEDIDO DE PEÇA EM 16/05/2012 => 1 => 134708 => BALCAO LUCIANE DAKAR 2P4G CHAMP / NOG => 0 =>  => 0 =>  => 0 =>  => 0 =>  => 0 =>  => 0 =>  => 0 =>  => 0 =>  => 0 =>  => 0 =>  => 0 =>  => 0 =>  => 0 =>  => 0 =>  => 0 =>  => 0 =>  => 0 =>  => 0 =>  => 0 =>  => "

-------------------------------
 
ALTERAÇÃO DE CLIENTE
POST => "marta" Data => "2012-05-17 10:49:49", Alterou o Cliente de vale 456484 => "INFORMAÇÕES ALTERADAS => "1 => 2390 => 22 => 23 => 7 => 0 => 2 => 10/04/2012 => 456484 => 170 => 456484 => 09/04/2012 =>  =>  => SIMONE G XAVIER =>  => RUA DOUTOR BERNARDINO => 861 => CS 01 => PRAÇA SECA => RIO DE JANEIRO => RJ => 3123-6878 =>  =>  => EM FRENTE A IGREJA ASSEMBLEIA DE DEUS => OBS: LIGUEI P/ A CLIENTE MAIS QUEM ATENDEU FOI A EMPREGADA E PASSOU O TEL DA CLIENTE. CEL 7286-0846.AGENDADO P/DIA 17/5/2012 MARCELO ALEXANDRE,FICHA COM MARCOS ANTONIO. => 1 => 141552 => CJ SALA JANTAR ORTIZ VALENCIA 6C AMEN => 0 =>  => 0 =>  => 0 =>  => 0 =>  => 0 =>  => 0 =>  => 0 =>  => 0 =>  => 0 =>  => 0 =>  => 0 =>  => 0 =>  => 0 =>  => 0 =>  => 0 =>  => 0 =>  => 0 =>  => 0 =>  => 0 =>  => "

-------------------------------
 
ALTERAÇÃO DE CLIENTE
POST => "luciana" Data => "2012-05-17 10:51:43", Alterou o Cliente de vale 470749 => "INFORMAÇÕES ALTERADAS => "1 => 3564 => 5 => 10 => 19 => 0 => 0 => 14/05/2012 => 470749 => 249 => 293 => 16/04/2012 => JORGE LUIZ GOMES DOS REIS => 6618/199 => GABRIEL CASSIANO T DA SILVA => 28000000 => GOUVEIA 13 => 13 => AP 102 => VILA LAGE => SAO GONÇALO => RJ => 9445-6391 =>  =>  =>  =>  => 1 => 8358 => ESCRIVANINHA JB BECHARA 6000 AM/PTO => 0 =>  => 0 =>  => 0 =>  => 0 =>  => 0 =>  => 0 =>  => 0 =>  => 0 =>  => 0 =>  => 0 =>  => 0 =>  => 0 =>  => 0 =>  => 0 =>  => 0 =>  => 0 =>  => 0 =>  => 0 =>  => 0 =>  => "

-------------------------------
 
ALTERAÇÃO DE CLIENTE
POST => "marta" Data => "2012-05-17 10:52:37", Alterou o Cliente de vale 539644 => "INFORMAÇÕES ALTERADAS => "1 => 2989 => 22 => 19 => 21 => 0 => 2 => 02/05/2012 => 539644 => 282 =>  => 30/04/2012 =>  =>  => MARIA APARECIDA DA SILVA =>  => AV ENGENHEIRO SOUSA FILHO => 2600 => AP 302 PREDIO 25 => ITANHAGA => RIO DE JANEIRO => RJ => 9249-7529 => 9438-8536 =>  => AO LADO DA OFICINA DE GIPE ENGENHEIRO MUZEMA => montador não localizou o endereço e o mesmo não vai lá mas.AGENDADO P/DIA 17/05 => 1 => 139500 => ARM.ITAT.3P PREMIUM BR => 0 =>  => 0 =>  => 0 =>  => 0 =>  => 0 =>  => 0 =>  => 0 =>  => 0 =>  => 0 =>  => 0 =>  => 0 =>  => 0 =>  => 0 =>  => 0 =>  => 0 =>  => 0 =>  => 0 =>  => 0 =>  => 0 =>  => "

-------------------------------
 
ALTERAÇÃO DE CLIENTE
POST => "luciana" Data => "2012-05-17 10:52:39", Alterou o Cliente de vale 483185 => "INFORMAÇÕES ALTERADAS => "1 => 3673 => 5 => 23 => 15 => 0 => 1 => 15/05/2012 => 483185 => 274 => 2027 => 07/05/2012 => MAURO LIMA MACHADO => 304433/199 => VILMA BARROS BATISTA => 25900000 => RUA ESTRADA DA PIEDADE => 524 =>  => CRUZEIRO => MAGÉ => RJ => 2633-5705 =>  =>  => PROX ANTIGA GARAGEM DE ONIBUS PROX AO BAR DA IVONE =>  => 1 => 138033 => G.ROUPA ARAPLAC 10P ATLAN PLUS TB/AM => 0 =>  => 0 =>  => 0 =>  => 0 =>  => 0 =>  => 0 =>  => 0 =>  => 0 =>  => 0 =>  => 0 =>  => 0 =>  => 0 =>  => 0 =>  => 0 =>  => 0 =>  => 0 =>  => 0 =>  => 0 =>  => 0 =>  => "

-------------------------------
 
ALTERAÇÃO DE CLIENTE
POST => "luciana" Data => "2012-05-17 11:16:34", Alterou o Cliente de vale 483185 => "INFORMAÇÕES ALTERADAS => "1 => 3673 => 5 => 39 => 2 => 0 => 0 => 15/05/2012 => 483185 => 274 => 2027 => 07/05/2012 => MAURO LIMA MACHADO => 304433/199 => VILMA BARROS BATISTA => 25900000 => RUA ESTRADA DA PIEDADE => 524 =>  => CRUZEIRO => MAGÉ => RJ => 2633-5705 =>  =>  => PROX ANTIGA GARAGEM DE ONIBUS PROX AO BAR DA IVONE =>  => 1 => 138033 => G.ROUPA ARAPLAC 10P ATLAN PLUS TB/AM => 0 =>  => 0 =>  => 0 =>  => 0 =>  => 0 =>  => 0 =>  => 0 =>  => 0 =>  => 0 =>  => 0 =>  => 0 =>  => 0 =>  => 0 =>  => 0 =>  => 0 =>  => 0 =>  => 0 =>  => 0 =>  => 0 =>  => "

-------------------------------
 
ALTERAÇÃO DE CLIENTE
POST => "luciana" Data => "2012-05-17 11:17:14", Alterou o Cliente de vale 483185 => "INFORMAÇÕES ALTERADAS => "1 => 3673 => 5 => 13 => 23 => 0 => 0 => 15/05/2012 => 483185 => 274 => 2027 => 07/05/2012 => MAURO LIMA MACHADO => 304433/199 => VILMA BARROS BATISTA => 25900000 => RUA ESTRADA DA PIEDADE => 524 =>  => CRUZEIRO => MAGÉ => RJ => 2633-5705 =>  =>  => PROX ANTIGA GARAGEM DE ONIBUS PROX AO BAR DA IVONE =>  => 1 => 138033 => G.ROUPA ARAPLAC 10P ATLAN PLUS TB/AM => 0 =>  => 0 =>  => 0 =>  => 0 =>  => 0 =>  => 0 =>  => 0 =>  => 0 =>  => 0 =>  => 0 =>  => 0 =>  => 0 =>  => 0 =>  => 0 =>  => 0 =>  => 0 =>  => 0 =>  => 0 =>  => 0 =>  => "

-------------------------------
 
ALTERAÇÃO DE CLIENTE
POST => "marta" Data => "2012-05-17 11:27:44", Alterou o Cliente de vale 525712 => "INFORMAÇÕES ALTERADAS => "1 => 2288 => 22 => 37 => 19 => 0 => 2 => 02/04/2012 => 525712 => 168 => 54985 => 02/04/2012 =>  =>  => IVONE MANHAES DE OLIVEIRA =>  => OTAVIO MANGABEIRA => 499 =>  => JARDIM AMRICA => RIO DE JANEIRO => RJ => 3346-6176 => 9471-3968 =>  => PROX A PONTE NOVA ANTIGA RUA 11 EM FRENTE AO RESTAURANTE DO ROMERO => OBS: CLIENTE NÃO ATENDE O TEL AS 11:57 PARA CONFIRMAR O AGENDAMENTO P/ DIA 27/04/2012.REAGENDADO P/DIA 18/05 => 1 => 134892 => COZ ITAT CRIATIVA MAXII2VPTO => 0 =>  => 0 =>  => 0 =>  => 0 =>  => 0 =>  => 0 =>  => 0 =>  => 0 =>  => 0 =>  => 0 =>  => 0 =>  => 0 =>  => 0 =>  => 0 =>  => 0 =>  => 0 =>  => 0 =>  => 0 =>  => 0 =>  => "

-------------------------------
 
ALTERAÇÃO DE CLIENTE
POST => "ANNE" Data => "2012-05-17 12:09:01", Alterou o Cliente de vale 470749 => "INFORMAÇÕES ALTERADAS => "1 => 3564 => 18 => 13 => 13 => 0 => 0 => 14/05/2012 => 470749 => 249 => 293 => 16/04/2012 => JORGE LUIZ GOMES DOS REIS => 6618/199 => GABRIEL CASSIANO T DA SILVA => 28000000 => GOUVEIA  => 13 => AP 102 => VILA LAGE => SAO GONÇALO => RJ => 9445-6391 => 9162-9713 =>  => antigo clube vila lage,uma rua antes escola de sampa porto da pedra,proc duice,tem uma grade na porta. => CLIENTE SÓ A  => 1 => 8358 => ESCRIVANINHA JB BECHARA 6000 AM/PTO => 0 =>  => 0 =>  => 0 =>  => 0 =>  => 0 =>  => 0 =>  => 0 =>  => 0 =>  => 0 =>  => 0 =>  => 0 =>  => 0 =>  => 0 =>  => 0 =>  => 0 =>  => 0 =>  => 0 =>  => 0 =>  => 0 =>  => "

-------------------------------
 
ALTERAÇÃO DE CLIENTE
POST => "MIRIAN" Data => "2012-05-17 12:12:00", Alterou o Cliente de vale 484872 => "INFORMAÇÕES ALTERADAS => "1 => 3307 => 11 => 25 => 20 => 0 => 0 => 10/05/2012 => 484872 => 213 => 65379 => 09/05/2012 => ANA PAULA TEIXEIRA BASTOS => 1506 / 199 => TAMIRES CRISTINA SANTANA DOS SANTOS => 25915000 => RUA:ELIANE => 26 => CASA => PIABETA => MAGÉ => RJ => 8665-6221 => 7549-0367 => 2659-1206 => NA ESQUINA DO DEPOSITO DO ALEX DO GAS. =>  => 1 => 140391 => G.ROUPA ARAPLAC 8P AUSTRIA TB/BR => 0 =>  => 0 =>  => 0 =>  => 0 =>  => 0 =>  => 0 =>  => 0 =>  => 0 =>  => 0 =>  => 0 =>  => 0 =>  => 0 =>  => 0 =>  => 0 =>  => 0 =>  => 0 =>  => 0 =>  => 0 =>  => 0 =>  => "

-------------------------------
 
ALTERAÇÃO DE CLIENTE
POST => "ANNE" Data => "2012-05-17 12:19:54", Alterou o Cliente de vale 470749 => "INFORMAÇÕES ALTERADAS => "1 => 3564 => 18 => 18 => 21 => 0 => 0 => 14/05/2012 => 470749 => 249 => 293 => 16/04/2012 => JORGE LUIZ GOMES DOS REIS => 6618/199 => GABRIEL CASSIANO T DA SILVA => 28000000 => GOUVEIA  => 13 => AP 102 => VILA LAGE => SAO GONÇALO => RJ => 9445-6391 => 9162-9713 =>  => antigo clube vila lage,uma rua antes escola de sampa porto da pedra,proc duice,tem uma grade na porta. => COMFIRMADO COM CLIENTE QUE SÓ ACEITA MONTAGEM PARA O SÁBADO 19/05,AGENDADO A MONTAGEM COM SEU JOSE PAULO MONERATH NA PARTE DA MANHÃ! => 1 => 8358 => ESCRIVANINHA JB BECHARA 6000 AM/PTO => 0 =>  => 0 =>  => 0 =>  => 0 =>  => 0 =>  => 0 =>  => 0 =>  => 0 =>  => 0 =>  => 0 =>  => 0 =>  => 0 =>  => 0 =>  => 0 =>  => 0 =>  => 0 =>  => 0 =>  => 0 =>  => 0 =>  => "

-------------------------------
 
ALTERAÇÃO DE CLIENTE
POST => "ANNE" Data => "2012-05-17 12:45:02", Alterou o Cliente de vale 280425 => "INFORMAÇÕES ALTERADAS => "1 => 795 => 18 => 35 => 27 => 0 => 0 => 09/03/2012 => 280425 => 202 => 22030 => 22/09/2012 =>  =>  => MARIOO FRANCA JUNIOR => 23510241 => RUA: GENERAL OLÍMPIO => 9 =>  => SANTA CRUZ => RIO DE JANEIRO => RJ => 3069-4138 =>  =>  => NAEC => AGENDADO PARA O DIA 19/05 (SÁBADO),COM MONTADOR JULIO CESAR. => 1 => 16419 => COZ. COMP ARAMOVEIS LILIAN PLUS BR/VD => 0 =>  => 0 =>  => 0 =>  => 0 =>  => 0 =>  => 0 =>  => 0 =>  => 0 =>  => 0 =>  => 0 =>  => 0 =>  => 0 =>  => 0 =>  => 0 =>  => 0 =>  => 0 =>  => 0 =>  => 0 =>  => 0 =>  => "

-------------------------------
 
ALTERAÇÃO DE CLIENTE
POST => "luciana" Data => "2012-05-17 12:45:41", Alterou o Cliente de vale 280425 => "INFORMAÇÕES ALTERADAS => "1 => 795 => 5 => 14 => 28 => 0 => 0 => 09/03/2012 => 280425 => 202 => 22030 => 22/09/2012 =>  =>  => MARIO FRANCA JUNIOR => 23510241 => RUA: GENERAL OLÍMPIO => 9 =>  => SANTA CRUZ => RIO DE JANEIRO => RJ => 3069-4138 =>  =>  => NAEC AGEND: SABADO 19/5  LUCIANA  =>  => 1 => 16419 => COZ. COMP ARAMOVEIS LILIAN PLUS BR/VD => 0 =>  => 0 =>  => 0 =>  => 0 =>  => 0 =>  => 0 =>  => 0 =>  => 0 =>  => 0 =>  => 0 =>  => 0 =>  => 0 =>  => 0 =>  => 0 =>  => 0 =>  => 0 =>  => 0 =>  => 0 =>  => 0 =>  => "

-------------------------------
 
ALTERAÇÃO DE CLIENTE
POST => "simone" Data => "2012-05-17 13:02:50", Alterou o Cliente de vale 485888 => "INFORMAÇÕES ALTERADAS => "1 => 3383 => 35 => 29 => 13 => 0 => 0 => 12/05/2012 => 485888 => 198 => 54867 => 11/05/2012 => MARIA ELENIR DE MATOS DIAS => 776/199 => ROSANA REGINA TEIXEIRA => 21616170 => RUA: BRIGADA BELO => 15 =>  => DEODORO => RIO DE JANEIRO => RJ => 2457-3276 => 8530-9276 =>  => EM FRENTE AO BAR DO BILL =>  => 1 => 136337 => BALCAO C/T KIPLAC  RENATA PLUS BR => 1 => 135481 => COZ KIPLAC RENATA PLUS BR/PTO => 0 =>  => 0 =>  => 0 =>  => 0 =>  => 0 =>  => 0 =>  => 0 =>  => 0 =>  => 0 =>  => 0 =>  => 0 =>  => 0 =>  => 0 =>  => 0 =>  => 0 =>  => 0 =>  => 0 =>  => 0 =>  => "

-------------------------------
 
ALTERAÇÃO DE CLIENTE
POST => "simone" Data => "2012-05-17 13:08:52", Alterou o Cliente de vale 485888 => "INFORMAÇÕES ALTERADAS => "1 => 3383 => 35 => 35 => 38 => 0 => 0 => 12/05/2012 => 485888 => 198 => 54867 => 11/05/2012 => MARIA ELENIR DE MATOS DIAS => 776/199 => ROSANA REGINA TEIXEIRA => 21616170 => RUA: BRIGADA BELO => 15 =>  => DEODORO => RIO DE JANEIRO => RJ => 2457-3276 => 8530-9276 =>  => EM FRENTE AO BAR DO BILL => obs: cliente agendado para dia 18/05/2012.com jose arimateia. => 1 => 136337 => BALCAO C/T KIPLAC  RENATA PLUS BR => 1 => 135481 => COZ KIPLAC RENATA PLUS BR/PTO => 0 =>  => 0 =>  => 0 =>  => 0 =>  => 0 =>  => 0 =>  => 0 =>  => 0 =>  => 0 =>  => 0 =>  => 0 =>  => 0 =>  => 0 =>  => 0 =>  => 0 =>  => 0 =>  => 0 =>  => 0 =>  => "

-------------------------------
 
ALTERAÇÃO DE CLIENTE
POST => "luciana" Data => "2012-05-17 13:14:55", Alterou o Cliente de vale 485888 => "INFORMAÇÕES ALTERADAS => "1 => 3383 => 5 => 33 => 21 => 0 => 0 => 12/05/2012 => 485888 => 198 => 54867 => 11/05/2012 => MARIA ELENIR DE MATOS DIAS => 776/199 => ROSANA REGINA TEIXEIRA => 21616170 => RUA: BRIGADA BELO => 15 =>  => DEODORO => RIO DE JANEIRO => RJ => 2457-3276 => 8530-9276 =>  => EM FRENTE AO BAR DO BILL FICHA CO ALEX OLIVEIRA => obs: cliente agendado para dia 18/05/2012.com jose arimateia. => 1 => 136337 => BALCAO C/T KIPLAC  RENATA PLUS BR => 1 => 135481 => COZ KIPLAC RENATA PLUS BR/PTO => 0 =>  => 0 =>  => 0 =>  => 0 =>  => 0 =>  => 0 =>  => 0 =>  => 0 =>  => 0 =>  => 0 =>  => 0 =>  => 0 =>  => 0 =>  => 0 =>  => 0 =>  => 0 =>  => 0 =>  => 0 =>  => "

-------------------------------
 
ALTERAÇÃO DE CLIENTE
POST => "luciana" Data => "2012-05-17 13:23:45", Alterou o Cliente de vale 485570 => "INFORMAÇÕES ALTERADAS => "1 => 3470 => 5 => 33 => 19 => 0 => 0 => 11/05/2012 => 485570 => 282 => 485570 => 10/05/2012 => MARCELO ALVES BAISTA => 1006/199 => JOAB DA COSTA SILVA => 22753050 => GRAVIOLAS => 26 => APT3 => ANIL => RIO DE JANEIRO => RJ => 3415-0571 =>  =>  => RELATÓRIO ENVIADO PARA MIRIAM DIA 17/5 LUCIANA  =>  => 1 => 140094 => G.ROUPA BERGAMO 5P LISBOA IMB/PTO => 0 =>  => 0 =>  => 0 =>  => 0 =>  => 0 =>  => 0 =>  => 0 =>  => 0 =>  => 0 =>  => 0 =>  => 0 =>  => 0 =>  => 0 =>  => 0 =>  => 0 =>  => 0 =>  => 0 =>  => 0 =>  => 0 =>  => "

-------------------------------
 
ALTERAÇÃO DE CLIENTE
POST => "simone" Data => "2012-05-17 13:30:15", Alterou o Cliente de vale 450523 => "INFORMAÇÕES ALTERADAS => "1 => 3355 => 35 => 31 => 22 => 0 => 0 => 12/05/2012 => 450523 => 179 => 169074 => 24/03/2012 => CLEBER CAMPISTA DA FONSECA => 510028/199 => JESSICA DE CASTRO RAMOS =>  => RUA SETE => 165 => CASA FDS => JARDIM CRISTINA => BELFORD ROXO => RJ => 2785-1531 =>  =>  => FICA NA BARRACA DA RITA,NA RUA DA MINA. => OBS: CLIENTE NÃO ATENDE O TEL AS 13:34 => 1 => 135251 => G.ROUPA FRITZ 6P DANY TB/BR => 0 =>  => 0 =>  => 0 =>  => 0 =>  => 0 =>  => 0 =>  => 0 =>  => 0 =>  => 0 =>  => 0 =>  => 0 =>  => 0 =>  => 0 =>  => 0 =>  => 0 =>  => 0 =>  => 0 =>  => 0 =>  => 0 =>  => "

-------------------------------
 
ALTERAÇÃO DE CLIENTE
POST => "suzi" Data => "2012-05-17 13:31:44", Alterou o Cliente de vale 478148 => "INFORMAÇÕES ALTERADAS => "1 => 2921 => 3 => 19 => 22 => 0 => 0 => 28/04/2012 => 478148 => 216 => 34764 => 27/04/2012 => LEANDRO PADILHA DE CARVALHO => 1408/199 => SIMONE DA SILVA ARAUJO => 20730030 => RUA: PERNAMBUCO => 1161 =>  => ENGENHO DE DENTRO => RIO DE JANEIRO => RJ => 7661-5910 =>  =>  => CLIENTE NÃO ATENDE O TEL ACIMA DIA 31/4 AS 11:15HS PARA CONFIRMAR ATENDIMENTO PARA sabado 12/05 LUCIANA  => CONFIRMADO PARA HOJE . 12/5 WILTON- MONTAGEM OK => 1 => 100136 => COZINHA ITAT DAYANE BR => 0 =>  => 0 =>  => 0 =>  => 0 =>  => 0 =>  => 0 =>  => 0 =>  => 0 =>  => 0 =>  => 0 =>  => 0 =>  => 0 =>  => 0 =>  => 0 =>  => 0 =>  => 0 =>  => 0 =>  => 0 =>  => 0 =>  => "

-------------------------------
 
ALTERAÇÃO DE CLIENTE
POST => "luciana" Data => "2012-05-17 13:55:42", Alterou o Cliente de vale 468753 => "INFORMAÇÕES ALTERADAS => "1 => 3719 => 5 => 40 => 3 => 0 => 0 => 16/05/2012 => 468753 => 169 => 290 => 12/04/2012 => ROSANA SOUZA MONTEIRO => 5834/199 => ARENILDE MARIA HIGINIO DA SILVA => 20221310 => LADEIRA: DO BARROSO => 197 => CASA 03 => GAMBOA => RIO DE JANEIRO => RJ => 9153-4569 => 9672-1883 =>  => ENTREGA SEM RECOLHIMNETO, NÃO ACREDITO CADE O PRODUTO AVISARAM A LOGISTICA? CONFIRMEI COM A CLIENTE PARA SEXTA 18/5 LUCIANA  =>  => 1 => 140391 => G.ROUPA ARAPLAC 8P AUSTRIA TB/BR => 0 =>  => 0 =>  => 0 =>  => 0 =>  => 0 =>  => 0 =>  => 0 =>  => 0 =>  => 0 =>  => 0 =>  => 0 =>  => 0 =>  => 0 =>  => 0 =>  => 0 =>  => 0 =>  => 0 =>  => 0 =>  => 0 =>  => "

-------------------------------
 
ALTERAÇÃO DE CLIENTE
POST => "simone" Data => "2012-05-17 14:07:58", Alterou o Cliente de vale 480875 => "INFORMAÇÕES ALTERADAS => "1 => 3068 => 35 => 26 => 14 => 2 => 0 => 05/05/2012 => 480875 => 208 => 15624 => 03/05/2012 => MARIA CLEIA DO NASCIMENTO => 68255 => CIRLEIA SILVA FERREIRA DE OLIVEIRA =>  => CAMINHO DA CHACRIHA => 526 => CASA => PRAÇA SECA => RIO DE JANEIRO =>  => 2435-2473 => 8789-1701 =>  => EM FRENTE A CEDAE PROC DONA NEIA DEP 06 PCS => cliente não atende o tel as 10:11 para confirmar o agendamento.simone => 1 => 8488 => G.ROUPA ARAMOVEIS 3P 4149 TB/BR => 0 =>  => 0 =>  => 0 =>  => 0 =>  => 0 =>  => 0 =>  => 0 =>  => 0 =>  => 0 =>  => 0 =>  => 0 =>  => 0 =>  => 0 =>  => 0 =>  => 0 =>  => 0 =>  => 0 =>  => 0 =>  => 0 =>  => "

-------------------------------
 
ALTERAÇÃO DE CLIENTE
POST => "simone" Data => "2012-05-17 14:08:05", Alterou o Cliente de vale 480875 => "INFORMAÇÕES ALTERADAS => "1 => 3068 => 35 => 37 => 28 => 2 => 0 => 05/05/2012 => 480875 => 208 => 15624 => 03/05/2012 => MARIA CLEIA DO NASCIMENTO => 68255 => CIRLEIA SILVA FERREIRA DE OLIVEIRA =>  => CAMINHO DA CHACRIHA => 526 => CASA => PRAÇA SECA => RIO DE JANEIRO =>  => 2435-2473 => 8789-1701 =>  => EM FRENTE A CEDAE PROC DONA NEIA DEP 06 PCS =>  => 1 => 8488 => G.ROUPA ARAMOVEIS 3P 4149 TB/BR => 0 =>  => 0 =>  => 0 =>  => 0 =>  => 0 =>  => 0 =>  => 0 =>  => 0 =>  => 0 =>  => 0 =>  => 0 =>  => 0 =>  => 0 =>  => 0 =>  => 0 =>  => 0 =>  => 0 =>  => 0 =>  => 0 =>  => "

-------------------------------
 
CADASTRO DE CLIENTE
POST => "luciana" Data => "2012-05-17 14:14:26", Cadastrou o Cliente de vale 566199 => "INFORMAÇÕES CADASTRADAS => "5 => 36 => 7 => 0 => 2 => 17/05/2012 => 566199 => 179 => 566199 => 16/05/2012 =>  =>  => AUGUSTO DA PAIXÃO RANGEL  =>  => PEDRA RUIVA => LT49 => QD0 => PARQUE TITE => São João de Meriti =>  => 2653-2246 =>  =>  =>  => 01 => 134708 => BALCAO LUCIANE DAKAR 2P4G CHAMP / NOG =>  =>  =>  =>  =>  =>  =>  =>  =>  =>  =>  =>  =>  =>  =>  =>  =>  =>  =>  =>  =>  =>  =>  =>  =>  =>  =>  =>  =>  =>  =>  =>  =>  =>  =>  =>  =>  =>  => "

-------------------------------
 
ALTERAÇÃO DE CLIENTE
POST => "ANNE" Data => "2012-05-17 14:14:46", Alterou o Cliente de vale 511824 => "INFORMAÇÕES ALTERADAS => "1 => 1643 => 18 => 5 => 15 => 0 => 2 => 20/03/2012 => 511824 => RE => 511824 => 15/03/2012 =>  =>  => VALDYR CAVALCANTE DE ALBUQUERQUE =>  => MAJOR TMAS GNÇALVES => lt 04 qd 04 =>  => PARQ LAGUNAS  E DOURADOS => DUQUE DE CAXIAS => RJ => 2673-2105 => 9997-0736 =>  => APOS O CIEP DE LAGUNA 1 A RUA DIREITA => E-MAIL COM LAUDO ENVIADO PARA ROMULO SOLICITANDO A TROCA NO DIA 17/05! => 1 => 98934 => CJ SALA JANTAR RUFATO ATLA 6C TB/MP => 0 =>  => 0 =>  => 0 =>  => 0 =>  => 0 =>  => 0 =>  => 0 =>  => 0 =>  => 0 =>  => 0 =>  => 0 =>  => 0 =>  => 0 =>  => 0 =>  => 0 =>  => 0 =>  => 0 =>  => 0 =>  => 0 =>  => "

-------------------------------
 
ALTERAÇÃO DE CLIENTE
POST => "luciana" Data => "2012-05-17 14:22:08", Alterou o Cliente de vale 452216 => "INFORMAÇÕES ALTERADAS => "1 => 3489 => 5 => 27 => 32 => 0 => 0 => 12/05/2012 => 452216 => 203 => 80583 => 26/03/2012 => JORGE LUIZ GOMES DOS REIS => 516663/199 => MOIZES PEREIRA DA SILVA => 20751350 => RUA: PEQUI => 93 =>  => PIEDADE => RIO DE JANEIRO => RJ => 3979-4866 => 8729-7389 =>  => PROX A IGREJA DE SANTA CRIZ NA R LUIZ VARGAS PROC ALINE AGEND: QUARTA FEIRA 17/5 CLIENTE CIENTE RELATÓRIO ENVIADO DIA 17/5 P/MIRIAM . LUCIANA  =>  => 1 => 140094 => G.ROUPA BERGAMO 5P LISBOA IMB/PTO => 0 =>  => 0 =>  => 0 =>  => 0 =>  => 0 =>  => 0 =>  => 0 =>  => 0 =>  => 0 =>  => 0 =>  => 0 =>  => 0 =>  => 0 =>  => 0 =>  => 0 =>  => 0 =>  => 0 =>  => 0 =>  => 0 =>  => "

-------------------------------
 
ALTERAÇÃO DE CLIENTE
POST => "ANNE" Data => "2012-05-17 14:22:21", Alterou o Cliente de vale 450588 => "INFORMAÇÕES ALTERADAS => "1 => 3239 => 18 => 31 => 16 => 0 => 0 => 11/05/2012 => 450588 => 213 => 62745 => 24/03/2012 => RONALDO DOS SANTOS FIGUEIREDO =>  => ANA PAULA ALVES DA SILVA =>  => AVENIDA MAUA -LT 01QD 4 => 160 => CASA => PIABETA => MAGE =>  => 2659-7711 =>  =>  => COM REOLHIMENTO NA RUA DO VALÃO PROX DA RODOVIARIO DE PIABETA PROC POR IVONETE OU EDUARDO 81272439 => FEITO PEDIDO DE PEÇA 17/05! => 1 => 16419 => COZ. COMP ARAMOVEIS LILIAN PLUS BR/VD => 0 =>  => 0 =>  => 0 =>  => 0 =>  => 0 =>  => 0 =>  => 0 =>  => 0 =>  => 0 =>  => 0 =>  => 0 =>  => 0 =>  => 0 =>  => 0 =>  => 0 =>  => 0 =>  => 0 =>  => 0 =>  => 0 =>  => "

-------------------------------
 
CADASTRO DE CLIENTE
POST => "luciana" Data => "2012-05-17 14:27:48", Cadastrou o Cliente de vale 551549 => "INFORMAÇÕES CADASTRADAS => "5 => 53 => 33 => 0 => 2 => 17/05/2012 => 551549 => 230 => 551549 => 16/05/2012 =>  =>  => ELIANA DE FATIMA RIBEIRO CARDOSO =>  => TRAVESSA DOS CONSTRUTORES => 66 =>  => GUARATIBA  => Rio de Janeiro =>  => 3313-1618 =>  =>  =>  => 01 => 136543 => COZINHA  LUCIANE DAKAR CHAMP/NOG =>  =>  =>  =>  =>  =>  =>  =>  =>  =>  =>  =>  =>  =>  =>  =>  =>  =>  =>  =>  =>  =>  =>  =>  =>  =>  =>  =>  =>  =>  =>  =>  =>  =>  =>  =>  =>  =>  => "

-------------------------------
 
CADASTRO DE CLIENTE
POST => "luciana" Data => "2012-05-17 14:29:18", Cadastrou o Cliente de vale 489617 => "INFORMAÇÕES CADASTRADAS => "5 => 25 => 17 => 0 => 0 => 17/05/2012 => 489617 => 230 => 86214 => 16/05/2012 =>  =>  => GENISON MOREIRA DE LIRA => 23595590 => BECO EVA JUSES MACHADO => 6 =>  => Paciência => Rio de Janeiro => RJ => 9429-2799 =>  =>  =>  => 01 => 6121 => ESTANTE JB BECHARA 3040 AM /PT =>  =>  =>  =>  =>  =>  =>  =>  =>  =>  =>  =>  =>  =>  =>  =>  =>  =>  =>  =>  =>  =>  =>  =>  =>  =>  =>  =>  =>  =>  =>  =>  =>  =>  =>  =>  =>  =>  => "

-------------------------------
 
CADASTRO DE CLIENTE
POST => "luciana" Data => "2012-05-17 14:32:54", Cadastrou o Cliente de vale 489483 => "INFORMAÇÕES CADASTRADAS => "5 => 17 => 28 => 0 => 0 => 17/05/2012 => 489483 => 245 => 42605 => 16/05/2012 => JORGE MAURICIO RODRIGUES DA CO => 537109/199 => KATIA CRISTINA DE F SILVA  => 22753501 => Rua: Araticum => 936 => CS29 => Anil => Rio de Janeiro => RJ => 3183-6618 =>  =>  =>  => 01 => 135481 => COZ KIPLAC RENATA PLUS BR/PTO =>  =>  =>  =>  =>  =>  =>  =>  =>  =>  =>  =>  =>  =>  =>  =>  =>  =>  =>  =>  =>  =>  =>  =>  =>  =>  =>  =>  =>  =>  =>  =>  =>  =>  =>  =>  =>  =>  => "

-------------------------------
 
CADASTRO DE CLIENTE
POST => "luciana" Data => "2012-05-17 14:34:37", Cadastrou o Cliente de vale 489490 => "INFORMAÇÕES CADASTRADAS => "5 => 33 => 27 => 0 => 0 => 17/05/2012 => 489490 => 245 => 42605 => 16/05/2012 => JORGE MAURICIO RODRIGUES DA CO => 537148/199 => KATIA CRISTINA DE F SILVA => 22753501 => Rua: Araticum => 936 =>  => Anil => Rio de Janeiro => RJ => 3183-6618 =>  =>  =>  => 01 => 135479 => BALCAO C/T KIPLAC RENATA PLUS BR/PT =>  =>  =>  =>  =>  =>  =>  =>  =>  =>  =>  =>  =>  =>  =>  =>  =>  =>  =>  =>  =>  =>  =>  =>  =>  =>  =>  =>  =>  =>  =>  =>  =>  =>  =>  =>  =>  =>  => "

-------------------------------
 
CADASTRO DE CLIENTE
POST => "luciana" Data => "2012-05-17 14:36:19", Cadastrou o Cliente de vale 489621 => "INFORMAÇÕES CADASTRADAS => "5 => 11 => 6 => 0 => 0 => 17/05/2012 => 489621 => 179 => 2926 => 16/05/2012 => ANDERSONDA SILVA VERNIN => 18441/199 => JESSICA DA SILVA VERNIN => 25055230 => AURINO => 150 =>  => Jardim Gramacho => Duque de Caxias => RJ => 2655-2118 =>  =>  =>  => 01 => 136216 => G.ROUPA MOVAL 6P PARIS TB/BR =>  =>  =>  =>  =>  =>  =>  =>  =>  =>  =>  =>  =>  =>  =>  =>  =>  =>  =>  =>  =>  =>  =>  =>  =>  =>  =>  =>  =>  =>  =>  =>  =>  =>  =>  =>  =>  =>  => "

-------------------------------
 
ALTERAÇÃO DE CLIENTE
POST => "ANNE" Data => "2012-05-17 14:40:36", Alterou o Cliente de vale 484732 => "INFORMAÇÕES ALTERADAS => "1 => 3280 => 18 => 25 => 25 => 0 => 0 => 10/05/2012 => 484732 => 179 => 2742 => 09/05/2012 => CAMILA PEREIRA DE OLIVEIRA => 13199 / 199 => SANDRA HELENA FARIAS DE MEDEIROS => 25233020 => RUA: NATIVIDADE SALDANHA => LT 18 => QD 06 => PILAR => DUQUE DE CAXIAS => RJ => 7413-6208 =>  =>  => RUA PARARELA AO POSTO DE SAUDE DO PILAR RUA DO MERCADO DO SEU DINO VEREADOR. => FEITO PEDIDO DE PEÇA 17/05! => 1 => 138066 => G.ROUPA ARAPLAC 12P DAKAR PLUS TB/AM => 1 => 8340 => CAMA CS N HORIZ AREZZO TB/BR/MP => 1 => 140091 => G.ROUPA BERGAMO 6P LAZIO IMB/PTO => 0 =>  => 0 =>  => 0 =>  => 0 =>  => 0 =>  => 0 =>  => 0 =>  => 0 =>  => 0 =>  => 0 =>  => 0 =>  => 0 =>  => 0 =>  => 0 =>  => 0 =>  => 0 =>  => 0 =>  => "

-------------------------------
 
CADASTRO DE CLIENTE
POST => "luciana" Data => "2012-05-17 14:41:47", Cadastrou o Cliente de vale 489507 => "INFORMAÇÕES CADASTRADAS => "5 => 45 => 33 => 0 => 0 => 17/05/2012 => 489507 => 179 => 139295 => 16/05/2012 => IGOR VIEIRA MAGALHAES => 404868/199 => MARILZA JOSE DE OLIVEIRA => 25900000 => HADOK LOBO => LT08 => QD39 => PARQUE PAULISTA  => CAXIAS => RJ => 8771-1690 =>  =>  =>  => 01 => 141552 => CJ SALA JANTAR ORTIZ VALENCIA 6C AMEN =>  =>  =>  =>  =>  =>  =>  =>  =>  =>  =>  =>  =>  =>  =>  =>  =>  =>  =>  =>  =>  =>  =>  =>  =>  =>  =>  =>  =>  =>  =>  =>  =>  =>  =>  =>  =>  =>  => "

-------------------------------
 
CADASTRO DE CLIENTE
POST => "luciana" Data => "2012-05-17 14:44:08", Cadastrou o Cliente de vale 564838 => "INFORMAÇÕES CADASTRADAS => "5 => 18 => 16 => 0 => 2 => 17/05/2012 => 564838 => 230 => 564838 => 16/05/2012 =>  =>  => BENEDITA RODRIGUES DE ALMEIDA =>  => AVENIDA CESARIO DE MELO => 69 => BL08 APT302 => SENADOR VASCONCELOS  => Rio de Janeiro =>  => 8657-9382 => 33736-649 =>  =>  => 01 => 139754 => ARM COLOR CLASS SL 3P  AP3P  BR =>  =>  =>  =>  =>  =>  =>  =>  =>  =>  =>  =>  =>  =>  =>  =>  =>  =>  =>  =>  =>  =>  =>  =>  =>  =>  =>  =>  =>  =>  =>  =>  =>  =>  =>  =>  =>  =>  => "

-------------------------------
 
ALTERAÇÃO DE CLIENTE
POST => "ANNE" Data => "2012-05-17 14:45:15", Alterou o Cliente de vale 413257 => "INFORMAÇÕES ALTERADAS => "1 => 3276 => 18 => 38 => 9 => 0 => 0 => 10/05/2012 => 413257 => 179 => 152055 => 06/02/2012 => ANDERSON PEREIRA SANTOS => 483400 / 199 => DALVA DE OLIVEIRA => 25211300 => RUA: C => LT 29 => QD C CASA 2 => PARQUE INDEPENDÊNCIA => DUQUE DE CAXIAS => RJ => 2778-0493 => 9879-3443 =>  => RUA DO COLEGIO MARCILIO DIAS. => FEITO PEDIDO DE PEÇA 17/05! => 1 => 140391 => G.ROUPA ARAPLAC 8P AUSTRIA TB/BR => 0 =>  => 0 =>  => 0 =>  => 0 =>  => 0 =>  => 0 =>  => 0 =>  => 0 =>  => 0 =>  => 0 =>  => 0 =>  => 0 =>  => 0 =>  => 0 =>  => 0 =>  => 0 =>  => 0 =>  => 0 =>  => 0 =>  => "

-------------------------------
 
ALTERAÇÃO DE CLIENTE
POST => "luciana" Data => "2012-05-17 14:48:25", Alterou o Cliente de vale 475984 => "INFORMAÇÕES ALTERADAS => "1 => 2854 => 5 => 36 => 34 => 0 => 0 => 26/04/2012 => 475984 => 213 => 65422 => 24/04/2012 => ANA PAULA TEIXEIRA BASTOS => 1490/199 => JOARES CARLOS MURI => 25935000 => RUA RAFAEL COZZOLINO => 216 => CS 02 => FRAGOSO => MAGE => RJ => 8875-3796 =>  =>  => APOS O POSTO DE SAUDE DE FRAGOSO ENTRAR NA RUA EM FRENTE NA FUNERARIA 2 PORTAO  FICHA COM UBIRAJARA AGEND: QUINTA 17/5 RELATÓRIO ENVIADO P/ MIRIAM DIA 17/5 LUCIANA  =>  => 1 => 99076 => ARM ITAT MAD IP HT-105 TECNO B/PT/L => 0 =>  => 0 =>  => 0 =>  => 0 =>  => 0 =>  => 0 =>  => 0 =>  => 0 =>  => 0 =>  => 0 =>  => 0 =>  => 0 =>  => 0 =>  => 0 =>  => 0 =>  => 0 =>  => 0 =>  => 0 =>  => 0 =>  => "

-------------------------------
 
ALTERAÇÃO DE CLIENTE
POST => "luciana" Data => "2012-05-17 14:51:37", Alterou o Cliente de vale 488519 => "INFORMAÇÕES ALTERADAS => "1 => 3690 => 5 => 10 => 27 => 0 => 0 => 16/05/2012 => 488519 => 203 => 54034 => 15/05/2012 => MARCOS MOURA => 238434/199 => GISELE DE SOUZA SILVA NARCISO => 21555500 => RUA: DOUTOR GONÇALVES LIMA => 434 => CASA 2 => MARECHAL HERMES => RIO DE JANEIRO => RJ => 3241-4171 =>  => 9948--715 => PROX A FACULDADE CELSO LISBOA  CONFIRMEI COM A CLIENTE PARA QUINTA 17/5  RELATÓRIO ENVIADO P/ MIRIAM DIA 17/05 LUCIANA  =>  => 1 => 100136 => COZINHA ITAT DAYANE BR => 0 =>  => 0 =>  => 0 =>  => 0 =>  => 0 =>  => 0 =>  => 0 =>  => 0 =>  => 0 =>  => 0 =>  => 0 =>  => 0 =>  => 0 =>  => 0 =>  => 0 =>  => 0 =>  => 0 =>  => 0 =>  => 0 =>  => "

-------------------------------
 
ALTERAÇÃO DE CLIENTE
POST => "luciana" Data => "2012-05-17 15:03:12", Alterou o Cliente de vale 472368 => "INFORMAÇÕES ALTERADAS => "1 => 3195 => 5 => 25 => 28 => 0 => 0 => 09/05/2012 => 472368 => 274 => 1144 => 18/04/2012 => MAURO LIMA MACHADO => 13656 / 199 => ALEXANDER DE OLIVA => 25925000 => RUA:ESTRADA MUNICIPAL => 822 => CASA => SANTA DALILA => MAGÉ => RJ => 8832-3744 => 2647-0248 =>  => APOS A IGREJA ASSEMBLEIA DE DEUS DO CANTAO.CONFIRMEI COM IRMÃO LUAN PARA QUARTA FEIRA 16/5 LUCIANA  => APOS A IGREJA ASSEMBLEIA DE DEUS DO CANTAO. => 1 => 138033 => G.ROUPA ARAPLAC 10P ATLAN PLUS TB/AM => 0 =>  => 0 =>  => 0 =>  => 0 =>  => 0 =>  => 0 =>  => 0 =>  => 0 =>  => 0 =>  => 0 =>  => 0 =>  => 0 =>  => 0 =>  => 0 =>  => 0 =>  => 0 =>  => 0 =>  => 0 =>  => 0 =>  => "

-------------------------------
 
ALTERAÇÃO DE CLIENTE
POST => "luciana" Data => "2012-05-17 15:03:33", Alterou o Cliente de vale 472368 => "INFORMAÇÕES ALTERADAS => "1 => 3195 => 5 => 40 => 14 => 0 => 0 => 09/05/2012 => 472368 => 274 => 1144 => 18/04/2012 => MAURO LIMA MACHADO => 13656 / 199 => ALEXANDER DE OLIVA => 25925000 => RUA:ESTRADA MUNICIPAL => 822 => CASA => SANTA DALILA => MAGÉ => RJ => 8832-3744 => 2647-0248 =>  => APOS A IGREJA ASSEMBLEIA DE DEUS DO CANTAO.CONFIRMEI COM IRMÃO LUAN PARA QUARTA FEIRA 16/5 LUCIANA  => APOS A IGREJA ASSEMBLEIA DE DEUS DO CANTAO. => 1 => 138033 => G.ROUPA ARAPLAC 10P ATLAN PLUS TB/AM => 0 =>  => 0 =>  => 0 =>  => 0 =>  => 0 =>  => 0 =>  => 0 =>  => 0 =>  => 0 =>  => 0 =>  => 0 =>  => 0 =>  => 0 =>  => 0 =>  => 0 =>  => 0 =>  => 0 =>  => 0 =>  => 0 =>  => "

-------------------------------
 
CADASTRO DE CLIENTE
POST => "luciana" Data => "2012-05-17 15:10:20", Cadastrou o Cliente de vale 452271 => "INFORMAÇÕES CADASTRADAS => "5 => 29 => 27 => 0 => 0 => 17/05/2012 => 452271 => 236 => 42809 => 28/03/2012 => RENATA LAURA DE OLIVEIRA  NICAC => 516418/199 => DEBORA DE OLIVEIRA  ALVEIS => 25530000 => JOSE ALVES DA COSTA => 63 => APT102 => São Mateus => São João de Meriti => RJ => 2757-1338 =>  =>  =>  => 01 => 135481 => COZ KIPLAC RENATA PLUS BR/PTO =>  =>  =>  =>  =>  =>  =>  =>  =>  =>  =>  =>  =>  =>  =>  =>  =>  =>  =>  =>  =>  =>  =>  =>  =>  =>  =>  =>  =>  =>  =>  =>  =>  =>  =>  =>  =>  =>  => "

-------------------------------
 
ALTERAÇÃO DE CLIENTE
POST => "luciana" Data => "2012-05-17 15:13:08", Alterou o Cliente de vale 452271 => "INFORMAÇÕES ALTERADAS => "1 => 3774 => 5 => 8 => 12 => 0 => 0 => 17/05/2012 => 452271 => 236 => 42809 => 28/03/2012 => RENATA LAURA DE OLIVEIRA  NICAC => 516418/199 => DEBORA DE OLIVEIRA  ALVEIS => 25530000 => JOSE ALVES DA COSTA => 63 => APT102 => SÃO MATEUS => SÃO JOÃO DE MERITI => RJ => 2757-1338 =>  =>  => AGEND: SABADO 19/5 LUCIANA  =>  => 1 => 135481 => COZ KIPLAC RENATA PLUS BR/PTO => 0 =>  => 0 =>  => 0 =>  => 0 =>  => 0 =>  => 0 =>  => 0 =>  => 0 =>  => 0 =>  => 0 =>  => 0 =>  => 0 =>  => 0 =>  => 0 =>  => 0 =>  => 0 =>  => 0 =>  => 0 =>  => 0 =>  => "

-------------------------------
 
ALTERAÇÃO DE CLIENTE
POST => "MIRIAN" Data => "2012-05-17 15:35:34", Alterou o Cliente de vale 484848 => "INFORMAÇÕES ALTERADAS => "1 => 3454 => 11 => 33 => 10 => 0 => 0 => 12/05/2012 => 484848 => 182 => 46568 => 09/05/2012 => HENRIQUE ORLANDO NOGUEIRA DA SILVA => 519144/199 => DEISE DA LUZ FRANCISCO => 26521100 => RUA: INÁCIO SERRA => 206 =>  => CHATUBA => NILÓPOLIS => RJ => 2660-6572 =>  =>  =>  => jOSE ARIMATEIA VAI ATENDER 17/05/12. => 1 => 8342 => G ROUPA N.HORIZ 3P AREZZO TB/BR/MP => 0 =>  => 0 =>  => 0 =>  => 0 =>  => 0 =>  => 0 =>  => 0 =>  => 0 =>  => 0 =>  => 0 =>  => 0 =>  => 0 =>  => 0 =>  => 0 =>  => 0 =>  => 0 =>  => 0 =>  => 0 =>  => 0 =>  => "

-------------------------------
 
ALTERAÇÃO DE CLIENTE
POST => "luciana" Data => "2012-05-17 15:37:30", Alterou o Cliente de vale 472368 => "INFORMAÇÕES ALTERADAS => "1 => 3195 => 5 => 22 => 29 => 0 => 0 => 09/05/2012 => 472368 => 274 => 1144 => 18/04/2012 => MAURO LIMA MACHADO => 13656 / 199 => ALEXANDER DE OLIVA => 25925000 => RUA:ESTRADA MUNICIPAL => 822 => CASA => SANTA DALILA => MAGÉ => RJ => 8832-3744 => 2647-0248 =>  => APOS A IGREJA ASSEMBLEIA DE DEUS DO CANTAO.CONFIRMEI COM IRMÃO LUAN PARA QUARTA FEIRA 16/5 RELATÓRIO ENVIADO P/MIRIAM DIA 17/5 LUCIANA  => APOS A IGREJA ASSEMBLEIA DE DEUS DO CANTAO. => 1 => 138033 => G.ROUPA ARAPLAC 10P ATLAN PLUS TB/AM => 0 =>  => 0 =>  => 0 =>  => 0 =>  => 0 =>  => 0 =>  => 0 =>  => 0 =>  => 0 =>  => 0 =>  => 0 =>  => 0 =>  => 0 =>  => 0 =>  => 0 =>  => 0 =>  => 0 =>  => 0 =>  => 0 =>  => "

-------------------------------
 
ALTERAÇÃO DE CLIENTE
POST => "MIRIAN" Data => "2012-05-17 15:41:34", Alterou o Cliente de vale 484848 => "INFORMAÇÕES ALTERADAS => "1 => 3454 => 11 => 25 => 12 => 0 => 0 => 12/05/2012 => 484848 => 182 => 46568 => 09/05/2012 => HENRIQUE ORLANDO NOGUEIRA DA SILVA => 519144/199 => DEISE DA LUZ FRANCISCO => 26521100 => RUA: INÁCIO SERRA => 206 =>  => CHATUBA => NILÓPOLIS => RJ => 2660-6572 =>  =>  =>  => jOSE ARIMATEIA VAI ATENDER 17/05/12. => 1 => 8342 => G ROUPA N.HORIZ 3P AREZZO TB/BR/MP => 0 =>  => 0 =>  => 0 =>  => 0 =>  => 0 =>  => 0 =>  => 0 =>  => 0 =>  => 0 =>  => 0 =>  => 0 =>  => 0 =>  => 0 =>  => 0 =>  => 0 =>  => 0 =>  => 0 =>  => 0 =>  => 0 =>  => "

-------------------------------
 
ALTERAÇÃO DE CLIENTE
POST => "luciana" Data => "2012-05-17 15:52:41", Alterou o Cliente de vale 470749 => "INFORMAÇÕES ALTERADAS => "1 => 3564 => 5 => 23 => 21 => 0 => 0 => 14/05/2012 => 470749 => 249 => 293 => 16/04/2012 => JORGE LUIZ GOMES DOS REIS => 6618/199 => GABRIEL CASSIANO T DA SILVA => 28000000 => GOUVEIA  => 13 => AP 102 => VILA LAGE => SAO GONÇALO => RJ => 9445-6391 => 9162-9713 =>  => antigo clube vila lage,uma rua antes escola de sampa porto da pedra,proc duice,tem uma grade na porta. => COMFIRMADO COM CLIENTE QUE SÓ ACEITA MONTAGEM PARA O SÁBADO 19/05,AGENDADO A MONTAGEM COM SEU JOSE PAULO MONERATH NA PARTE DA MANHÃ! => 1 => 8358 => ESCRIVANINHA JB BECHARA 6000 AM/PTO => 0 =>  => 0 =>  => 0 =>  => 0 =>  => 0 =>  => 0 =>  => 0 =>  => 0 =>  => 0 =>  => 0 =>  => 0 =>  => 0 =>  => 0 =>  => 0 =>  => 0 =>  => 0 =>  => 0 =>  => 0 =>  => 0 =>  => "

-------------------------------
 
ALTERAÇÃO DE CLIENTE
POST => "MIRIAN" Data => "2012-05-17 16:14:43", Alterou o Cliente de vale 484848 => "INFORMAÇÕES ALTERADAS => "1 => 3454 => 11 => 32 => 21 => 0 => 0 => 12/05/2012 => 484848 => 182 => 46568 => 09/05/2012 => HENRIQUE ORLANDO NOGUEIRA DA SILVA => 519144/199 => DEISE DA LUZ FRANCISCO => 26521100 => RUA: INÁCIO SERRA => 206 =>  => CHATUBA => NILÓPOLIS => RJ => 2660-6572 =>  =>  =>  => jOSE ARIMATEIA VAI ATENDER 17/05/12. => 1 => 8342 => G ROUPA N.HORIZ 3P AREZZO TB/BR/MP => 0 =>  => 0 =>  => 0 =>  => 0 =>  => 0 =>  => 0 =>  => 0 =>  => 0 =>  => 0 =>  => 0 =>  => 0 =>  => 0 =>  => 0 =>  => 0 =>  => 0 =>  => 0 =>  => 0 =>  => 0 =>  => 0 =>  => "

-------------------------------
 
CADASTRO DE CLIENTE
POST => "marta" Data => "2012-05-17 16:29:37", Cadastrou o Cliente de vale 397746 => "INFORMAÇÕES CADASTRADAS => "22 => 38 => 18 => 0 => 0 => 17/05/2012 => 397746 => 242 => 466826 => 24/01/2012 => SILVINO FERREIRA DA SILVA JUNI => 46214 => ADALCIONE BEZERRA MENDES =>  => RUA GOIAS  => 363 => CASA 03 => CENTRO => SAO  JOAO DE MERITI =>  =>  =>  =>  => ATRAS DO POSTO CARINHOSO RUA DE MA PROC ALCIONE => 1 => 134895 => BALC ITAT.IG3G4-C CRIATIVA PTO => 1 => 134892 => COZ ITAT CRIATIVA MAXII2VPTO =>  =>  =>  =>  =>  =>  =>  =>  =>  =>  =>  =>  =>  =>  =>  =>  =>  =>  =>  =>  =>  =>  =>  =>  =>  =>  =>  =>  =>  =>  =>  =>  =>  =>  =>  =>  => "

-------------------------------
 
ALTERAÇÃO DE CLIENTE
POST => "luciana" Data => "2012-05-17 16:38:13", Alterou o Cliente de vale 548831 => "INFORMAÇÕES ALTERADAS => "1 => 3642 => 5 => 31 => 22 => 0 => 2 => 14/05/2012 => 548831 => 168 => 548831 => 09/05/2012 =>  =>  => DELFIM FERREIRA DOS SANTOS =>  => MORSE => 35 => CASA 3 FDS => VAZ LOBO => RIO DE JANEIRO => RJ => 9893-5094 =>  =>  => AGEND: 21/5 LUCIANA  =>  => 1 => 140391 => G.ROUPA ARAPLAC 8P AUSTRIA TB/BR => 0 =>  => 0 =>  => 0 =>  => 0 =>  => 0 =>  => 0 =>  => 0 =>  => 0 =>  => 0 =>  => 0 =>  => 0 =>  => 0 =>  => 0 =>  => 0 =>  => 0 =>  => 0 =>  => 0 =>  => 0 =>  => 0 =>  => "

-------------------------------
 
ALTERAÇÃO DE CLIENTE
POST => "luciana" Data => "2012-05-17 16:39:40", Alterou o Cliente de vale 484496 => "INFORMAÇÕES ALTERADAS => "1 => 3384 => 5 => 23 => 25 => 0 => 0 => 11/05/2012 => 484496 => 203 => 85363 => 09/05/2012 => JORGE FRANCISCO OLIVEIRA ALVES => 539524/199 => THAIS REGINA MARTINS ROSA => 21311170 => RUA: SÃO PEDRO => 288 => APT301 => CASCADURA => RIO DE JANEIRO => RJ => 7886-3778 =>  =>  =>  =>  => 1 => 136651 => COZINHA TELASSUL CRISTAL 80123 BR => 0 =>  => 0 =>  => 0 =>  => 0 =>  => 0 =>  => 0 =>  => 0 =>  => 0 =>  => 0 =>  => 0 =>  => 0 =>  => 0 =>  => 0 =>  => 0 =>  => 0 =>  => 0 =>  => 0 =>  => 0 =>  => 0 =>  => "

-------------------------------
 
ALTERAÇÃO DE CLIENTE
POST => "simone" Data => "2012-05-17 16:47:31", Alterou o Cliente de vale 479805 => "INFORMAÇÕES ALTERADAS => "1 => 3111 => 35 => 23 => 24 => 0 => 0 => 08/05/2012 => 479805 => 169 => 1737 => 02/05/2012 => ROSANA SOUZA MONTEIRO => 24555 => RENATA RIBAS VIEIRA DA SILVA =>  => RITA DEODORO => 446 => CASA 3 FRENTE => MARECHAL HERMES => RIO DE JANEIRO =>  => 8431-9626 =>  =>  => PROX A FINAL DO 638 PROC RENATO OU MARCIA => OBS: CLIENTE NÃO ATENDE O TEL AS 11:50 E O TEL DO MONTADOR CAIXA POSTAL.EM CONTATO COM A CLEINTE JA FOI MONTADO PELO MONTADOR DA RICARDO ELETRO. => 1 => 138036 => G.ROUPA ARAPLAC 3P BARC PLUS TB/BR => 0 =>  => 0 =>  => 0 =>  => 0 =>  => 0 =>  => 0 =>  => 0 =>  => 0 =>  => 0 =>  => 0 =>  => 0 =>  => 0 =>  => 0 =>  => 0 =>  => 0 =>  => 0 =>  => 0 =>  => 0 =>  => 0 =>  => "

-------------------------------
 
CADASTRO DE CLIENTE
POST => "MIRIAN" Data => "2012-05-17 16:53:06", Cadastrou o Cliente de vale 490562 => "INFORMAÇÕES CADASTRADAS => "11 => 15 => 23 => 0 => 0 => 17/05/2012 => 490562 => 172 => 60564 => 17/05/012 => IARLA GUIMARAES SANTOS => 539604/199 => PAULO ROBERTO R FERREIRA => 21031760 => TRAVESSA: HORÁCIO => 24 =>  => RAMOS => RIO DE JANEIRO => RJ => 3868-8003 =>  =>  => PERTO DA BARREIROS C JOAO ROMARIZ PERTO DO MERCADO CAMPEAO => 01 => 9072 => ARM.COLOR ECLIPSE 2P4G BAL C/T VD => 01 => 9072 => ARM.COLOR ECLIPSE 2P4G BAL C/T VD =>  =>  =>  =>  =>  =>  =>  =>  =>  =>  =>  =>  =>  =>  =>  =>  =>  =>  =>  =>  =>  =>  =>  =>  =>  =>  =>  =>  =>  =>  =>  =>  =>  =>  =>  =>  => "

-------------------------------
 
ALTERAÇÃO DE CLIENTE
POST => "ANNE" Data => "2012-05-17 17:17:13", Alterou o Cliente de vale 483869 => "INFORMAÇÕES ALTERADAS => "1 => 3188 => 18 => 28 => 29 => 0 => 0 => 09/05/2012 => 483869 => 201 => 39110 => 08/05/2012 => VICTOR DONATO PESSANHA => 474826/199 => CLODOALDO ITAMAR CARNEIRO PEIXOTO => 24452001 => RUA: DOUTOR ALFREDO BACKER => 989 => BL 8 => COND ALCANATARA => SÃO GONÇALO => RJ =>  =>  =>  => ATRAS DO ANTIGO PAM AGORA POLICLINICA DE ALCANATARA PROX AO JARD CATARINA => AGENDADO  PARA O DIA 18/05 COM ADELINO! => 1 => 140041 => SAPATEIRA CARRARO MULTI => 0 =>  => 0 =>  => 0 =>  => 0 =>  => 0 =>  => 0 =>  => 0 =>  => 0 =>  => 0 =>  => 0 =>  => 0 =>  => 0 =>  => 0 =>  => 0 =>  => 0 =>  => 0 =>  => 0 =>  => 0 =>  => 0 =>  => "

-------------------------------
 
CADASTRO DE CLIENTE
POST => "MIRIAN" Data => "2012-05-17 17:22:17", Cadastrou o Cliente de vale 490257 => "INFORMAÇÕES CADASTRADAS => "11 => 7 => 31 => 0 => 0 => 17/05/2012 => 490257 => 169 => 94810 => 17/05/2012 => ROSANA SOUZA MONTEIRO => 11199/199 => JULIMAR CRDEIRO CARVALHO  => 20261020 => RUA: BATISTA DAS NEVES => 34 => AP 402 => RIO COMPRIDO => RIO DE JANEIRO => RJ => 3292-0425 => 8193-5497 =>  => PROX AO VIADUTO PAULO DE FRONTEM E RUA HADOCK LOBO => 01 => 140391 => G.ROUPA ARAPLAC 8P AUSTRIA TB/BR =>  =>  =>  =>  =>  =>  =>  =>  =>  =>  =>  =>  =>  =>  =>  =>  =>  =>  =>  =>  =>  =>  =>  =>  =>  =>  =>  =>  =>  =>  =>  =>  =>  =>  =>  =>  =>  =>  => "

-------------------------------
 
ALTERAÇÃO DE CLIENTE
POST => "suzi" Data => "2012-05-17 17:38:48", Alterou o Cliente de vale 467308 => "INFORMAÇÕES ALTERADAS => "1 => 2818 => 3 => 21 => 25 => 0 => 0 => 26/04/2012 => 467308 => 241 => 207 => 11/04/2012 => JULIO CESAR VIEIRA SOARES => 3887 /199 => ELZA BARBOSA => 20241260 => RUA: ALMIRANTE ALEXANDRINO => 3380 =>  => SANTA TERESA => RIO DE JANEIRO => RJ => 2245-4168 =>  =>  => PROX AO CORPO DE BOMEIROS FICA NO COND EQUITATIVA. PX AO COLEGIO JULIA LOPES. => Falei com Erica sobrinha da dona Elza para agenda a montagem para dia 09/05.Andreia. A CLIENTE E A MESMA MORA EM COMUNIDADE E TEM VÁRIOS NºS 3380. NÃO SABERIA INFORMAR MAIS OU MENOS A QUE ALTURA MORA. 2ª FEIRA 07/05. CONFIRMADO COM A SOBRINHA DA CLIENTE PARA AMANHÃ 9/5.-  AGENDADO PARA\" 14/05\"- reagendado para o dia 18/05- confirmado com seu WILTON. => 1 => 138033 => G.ROUPA ARAPLAC 10P ATLAN PLUS TB/AM => 0 =>  => 0 =>  => 0 =>  => 0 =>  => 0 =>  => 0 =>  => 0 =>  => 0 =>  => 0 =>  => 0 =>  => 0 =>  => 0 =>  => 0 =>  => 0 =>  => 0 =>  => 0 =>  => 0 =>  => 0 =>  => 0 =>  => "

-------------------------------
 
ALTERAÇÃO DE CLIENTE
POST => "suzi" Data => "2012-05-17 17:44:58", Alterou o Cliente de vale 535236 => "INFORMAÇÕES ALTERADAS => "1 => 3176 => 3 => 25 => 19 => 0 => 2 => 10/05/2012 => 535236 => 175 => 535236 => 10/05/2012 =>  =>  => EDITE MARIA DA SILVA =>  => CONDE DE BONFIM => 1136 => APT304 => TIJUCA => RIO DE JANEIRO =>  => 2278-1793 =>  =>  => CONFIRMEI ESPOSO ANTONIO PARA SABADO 12/5 LUCIANA => CONFIRMADO COM O CLIENTE. -  REAGENDADO POIS O MESMO TEVE QUE FAZER OUTRO ATERNDIMENTO SOLICITADO PELA LUCIANA .16/5 REAGENDADO. - REVISAO OK- SUZI => 1 => 21221 => COZ LUCIANE DAKAR CZ/ROV => 0 =>  => 0 =>  => 0 =>  => 0 =>  => 0 =>  => 0 =>  => 0 =>  => 0 =>  => 0 =>  => 0 =>  => 0 =>  => 0 =>  => 0 =>  => 0 =>  => 0 =>  => 0 =>  => 0 =>  => 0 =>  => 0 =>  => "

-------------------------------
 
ALTERAÇÃO DE CLIENTE
POST => "luciana" Data => "2012-05-17 17:45:25", Alterou o Cliente de vale 485353 => "INFORMAÇÕES ALTERADAS => "1 => 3170 => 5 => 32 => 1 => 0 => 0 => 10/05/2012 => 485353 => 203 => 85475 => 10/05/2012 => MARCOS MOURA => 1252 / 199 => ALESSANDRA DE ANDRADE CABRAL => 21061610 => RUA: JOAQUIM DE QUEIROS => 17 => CASA => RAMOS => RIO DE JANEIRO => RJ => 3881-4555 => 7704-4304 =>  => ENTRA NO BECO UNIÃO AO LADO DA LOJA LUADEL MOVEIS.FICHA COM MARCELO AGEND: QUINTA 17/5 passei e-mail para Suzi dia 17/5 LUCIANA  => AGENDADO P/DIA 12/05 => 1 => 100136 => COZINHA ITAT DAYANE BR => 0 =>  => 0 =>  => 0 =>  => 0 =>  => 0 =>  => 0 =>  => 0 =>  => 0 =>  => 0 =>  => 0 =>  => 0 =>  => 0 =>  => 0 =>  => 0 =>  => 0 =>  => 0 =>  => 0 =>  => 0 =>  => 0 =>  => "

-------------------------------
 
ALTERAÇÃO DE CLIENTE
POST => "marta" Data => "2012-05-17 17:48:01", Alterou o Cliente de vale 482897 => "INFORMAÇÕES ALTERADAS => "1 => 3101 => 22 => 31 => 22 => 0 => 0 => 08/05/2012 => 482897 => 215 => 101993 => 07/05/2012 => ANTONIO TEOFILO DE OLIVEIRA => 15895 => CARLOS EDUARDO DA SILVA CHICANELIS =>  => ESTRANHA DA SERRINHA,0, LT  01 QD B =>  =>  => SAO JOSE => ITABORAI =>  =>  =>  =>  => agendado p/dia 18/05/2012 =>  => 1 => 140391 => G.ROUPA ARAPLAC 8P AUSTRIA TB/BR => 0 =>  => 0 =>  => 0 =>  => 0 =>  => 0 =>  => 0 =>  => 0 =>  => 0 =>  => 0 =>  => 0 =>  => 0 =>  => 0 =>  => 0 =>  => 0 =>  => 0 =>  => 0 =>  => 0 =>  => 0 =>  => 0 =>  => "

-------------------------------
