 
ALTERAÇÃO DE CLIENTE
POST => "luciana" Data => "2012-09-14 09:04:50", Alterou o Cliente de vale 449955 => "INFORMAÇÕES ALTERADAS => "1 => 5163 => 5 => 16 => 16 => 2 => 0 => 06/09/2012 => 449955 => 167 => 54932 => 24/03/2012 => JOSE CARLOS MELO DE SA => 507328 / 199 => LAIS ARAUJO AGUIAR => 22071060 => RUA: SAINT ROMAN => 5 => CASA => COPACABANA => RIO DE JANEIRO => RJ => 7520-8184 =>  =>  => PAVAO EM FRENTE AO BONDE. => O MONTADOR FOI NA RESIDENCIA DA CLIENTE DIA 8/* CLIENTE SE RECUSOU ASSINAR A RECUSA DE MONTAGEM ELA AGUARDA A INDENIZAÇÃO.E- MAIL ENVIADO NOVAMENTE PARA O NAEC DIA 14/9 IGOR,LIDIANE ,LAZARO E JANDIRA LUCIANA  => 1 => 140391 => G.ROUPA ARAPLAC 8P AUSTRIA TB/BR => 0 =>  => 0 =>  => 0 =>  => 0 =>  => 0 =>  => 0 =>  => 0 =>  => 0 =>  => 0 =>  => 0 =>  => 0 =>  => 0 =>  => 0 =>  => 0 =>  => 0 =>  => 0 =>  => 0 =>  => 0 =>  => 0 =>  => "

-------------------------------
 
ALTERAÇÃO DE CLIENTE
POST => "luciana" Data => "2012-09-14 09:13:33", Alterou o Cliente de vale 386780 => "INFORMAÇÕES ALTERADAS => "1 => 4857 => 5 => 21 => 4 => 0 => 2 => 15/07/2012 => 386780 => 175 => 386780 => 15/07/2012 =>  =>  => ANDREA DA COSTA NUNES =>  => RUA CASTELNUOVO => 314 =>  => TIJUCA => RIO DE JANEIRO => RJ => 2278--263 => 2278-2636 =>  => COMUNIDADE DO FORMIGA AO LADO DO BAR DA IONE PROC MARILDA agend:14/9 LUCIANA . =>  => 1 => 8981 => G. ROUPA MOVAL 6P40065 COL PLUS TB/M => 0 =>  => 0 =>  => 0 =>  => 0 =>  => 0 =>  => 0 =>  => 0 =>  => 0 =>  => 0 =>  => 0 =>  => 0 =>  => 0 =>  => 0 =>  => 0 =>  => 0 =>  => 0 =>  => 0 =>  => 0 =>  => 0 =>  => "

-------------------------------
 
ALTERAÇÃO DE CLIENTE
POST => "luciana" Data => "2012-09-14 09:27:15", Alterou o Cliente de vale 449955 => "INFORMAÇÕES ALTERADAS => "1 => 5163 => 5 => 37 => 18 => 2 => 0 => 06/09/2012 => 449955 => 167 => 54932 => 24/03/2012 => JOSE CARLOS MELO DE SA => 507328 / 199 => LAIS ARAUJO AGUIAR => 22071060 => RUA: SAINT ROMAN => 5 => CASA => COPACABANA => RIO DE JANEIRO => RJ => 7520-8184 =>  =>  => PAVAO EM FRENTE AO BONDE. => O MONTADOR FOI NA RESIDENCIA DA CLIENTE DIA 8/9 CLIENTE SE RECUSOU ASSINAR A RECUSA DE MONTAGEM ELA AGUARDA A INDENIZAÇÃO.E- MAIL ENVIADO NOVAMENTE PARA O NAEC DIA 14/9 IGOR,LIDIANE ,LAZARO E JANDIRA LUCIANA  => 1 => 140391 => G.ROUPA ARAPLAC 8P AUSTRIA TB/BR => 0 =>  => 0 =>  => 0 =>  => 0 =>  => 0 =>  => 0 =>  => 0 =>  => 0 =>  => 0 =>  => 0 =>  => 0 =>  => 0 =>  => 0 =>  => 0 =>  => 0 =>  => 0 =>  => 0 =>  => 0 =>  => 0 =>  => "

-------------------------------
 
CADASTRO DE CLIENTE
POST => "luciana" Data => "2012-09-14 10:13:17", Cadastrou o Cliente de vale 417194 => "INFORMAÇÕES CADASTRADAS => "5 => 24 => 12 => 0 => 0 => 14/09/2012 => 417194 => 203 => 79801 => 10/02/2012 => MARCOS MOURA => 489312 => KATIA PEREIRA DA SILVA  => 20760700 => Rua: Edmundo => 67 =>  => Pilares => Rio de Janeiro => RJ => 2583-0890 =>  =>  =>  => 01 => 138033 => G.ROUPA ARAPLAC 10P ATLAN PLUS TB/AM =>  =>  =>  =>  =>  =>  =>  =>  =>  =>  =>  =>  =>  =>  =>  =>  =>  =>  =>  =>  =>  =>  =>  =>  =>  =>  =>  =>  =>  =>  =>  =>  =>  =>  =>  =>  =>  =>  => "

-------------------------------
 
ALTERAÇÃO DE CLIENTE
POST => "luciana" Data => "2012-09-14 10:15:11", Alterou o Cliente de vale 417194 => "INFORMAÇÕES ALTERADAS => "1 => 5187 => 5 => 39 => 28 => 0 => 0 => 14/09/2012 => 417194 => 203 => 79801 => 10/02/2012 => MARCOS MOURA => 489312 => KATIA PEREIRA DA SILVA => 20760700 => RUA: EDMUNDO => 67 =>  => PILARES => RIO DE JANEIRO => RJ => 2583-0890 => 7753-5583 => 9419-2134 =>  =>  => 1 => 138033 => G.ROUPA ARAPLAC 10P ATLAN PLUS TB/AM => 0 =>  => 0 =>  => 0 =>  => 0 =>  => 0 =>  => 0 =>  => 0 =>  => 0 =>  => 0 =>  => 0 =>  => 0 =>  => 0 =>  => 0 =>  => 0 =>  => 0 =>  => 0 =>  => 0 =>  => 0 =>  => 0 =>  => "

-------------------------------
 
CADASTRO DE CLIENTE
POST => "luciana" Data => "2012-09-14 13:14:18", Cadastrou o Cliente de vale 384882 => "INFORMAÇÕES CADASTRADAS => "5 => 32 => 22 => 0 => 0 => 14/09/2012 => 384882 => 249 => 25367 => 10/01/2012 => WILLIAN DE MELO MATTOS => 446892 => VOLUCJACQUENILDA DE OLIVEIRA DIAS =>  => RUA DEZOITO LT9 => qd33 =>  => JACAROa => MARICa =>  => 9646-5710 =>  =>  =>  => 01 => 6121 => ESTANTE JB BECHARA 3040 AM /PT =>  =>  =>  =>  =>  =>  =>  =>  =>  =>  =>  =>  =>  =>  =>  =>  =>  =>  =>  =>  =>  =>  =>  =>  =>  =>  =>  =>  =>  =>  =>  =>  =>  =>  =>  =>  =>  =>  => "

-------------------------------
 
ALTERAÇÃO DE CLIENTE
POST => "suzi" Data => "2012-09-14 13:40:55", Alterou o Cliente de vale 543605 => "INFORMAÇÕES ALTERADAS => "1 => 4827 => 3 => 16 => 28 => 0 => 2 => 27/07/2012 => 543605 => 242 => 543605 => 24/07/2012 =>  =>  => ANA LUCIA DOS ANJOS SILVA =>  => RUA EULINA => 377 => CA 05 => COELHO DA ROCHA => SAO JOAO DE MERITI => RJ => 3753-9947 =>  =>  => PROX AO BAR DO RUSSO PROX A DELIO GUARANA PROC ANA LUCIA.PED.52518 => PEDIDO: 52518 => 1 => 140391 => G.ROUPA ARAPLAC 8P AUSTRIA TB/BR => 1 => 16377 => CAMA CS N.HORIZ ANGRA PLUS AM/AM/PT => 0 =>  => 0 =>  => 0 =>  => 0 =>  => 0 =>  => 0 =>  => 0 =>  => 0 =>  => 0 =>  => 0 =>  => 0 =>  => 0 =>  => 0 =>  => 0 =>  => 0 =>  => 0 =>  => 0 =>  => 0 =>  => "

-------------------------------
 
CADASTRO DE CLIENTE
POST => "luciana" Data => "2012-09-14 13:45:52", Cadastrou o Cliente de vale 352737 => "INFORMAÇÕES CADASTRADAS => "5 => 48 => 20 => 0 => 2 => 14/09/2012 => 352737 => 243 => 352737 => 13/09/2012 =>  =>  => ELIANA BALDEZ =>  => RUA MORRO AGUDO =>  =>  => MORRO AGUDO => Nova Iguaçu =>  => 9624-21 =>  =>  =>  => 01 => 6078 => RACK KIPLAC TORRE PLUS LUXO AR/MP =>  =>  =>  =>  =>  =>  =>  =>  =>  =>  =>  =>  =>  =>  =>  =>  =>  =>  =>  =>  =>  =>  =>  =>  =>  =>  =>  =>  =>  =>  =>  =>  =>  =>  =>  =>  =>  =>  => "

-------------------------------
 
CADASTRO DE CLIENTE
POST => "luciana" Data => "2012-09-14 13:57:06", Cadastrou o Cliente de vale 351481 => "INFORMAÇÕES CADASTRADAS => "5 => 29 => -1 => 0 => 2 => 14/09/2012 => 351481 => 179 => 351481 => 13/09/2012 =>  =>  => ROSENEIDE JOSE DA SILVA  =>  => RUA:MIGUEL COUTO => lt 12 => QD 29 => SARACURUNA => Duque de Caxias =>  => 7346-3052 =>  =>  =>  => 01 => 134933 => ESTANTE CAEMMUN CLEAN TB/BR/MP =>  =>  =>  =>  =>  =>  =>  =>  =>  =>  =>  =>  =>  =>  =>  =>  =>  =>  =>  =>  =>  =>  =>  =>  =>  =>  =>  =>  =>  =>  =>  =>  =>  =>  =>  =>  =>  =>  => "

-------------------------------
 
CADASTRO DE CLIENTE
POST => "luciana" Data => "2012-09-14 14:04:48", Cadastrou o Cliente de vale 348094 => "INFORMAÇÕES CADASTRADAS => "5 => 29 => 26 => 0 => 2 => 14/09/2012 => 348094 => 179 => 348094 => 13/09/2012 =>  =>  => MARILEIDE GONÇALVES  =>  => SÃO BeNTO  =>  =>  => SAO BENTo => Duque de Caxias =>  => 3135-7714 => 9852-6335 =>  => ARILA SAT => 01 => 140391 => G.ROUPA ARAPLAC 8P AUSTRIA TB/BR =>  =>  =>  =>  =>  =>  =>  =>  =>  =>  =>  =>  =>  =>  =>  =>  =>  =>  =>  =>  =>  =>  =>  =>  =>  =>  =>  =>  =>  =>  =>  =>  =>  =>  =>  =>  =>  =>  => "

-------------------------------
 
CADASTRO DE CLIENTE
POST => "luciana" Data => "2012-09-14 14:14:25", Cadastrou o Cliente de vale 573810 => "INFORMAÇÕES CADASTRADAS => "5 => 14 => 19 => 0 => 2 => 14/09/2012 => 573810 => 179 => 573810 => 13/09/2012 =>  =>  => KATIA DOS SANTOS MARQUES =>  => ALMIRANTE  ALEXANDREINO => 939 =>  => Parque Lafaiete => Duque de Caxias =>  => 2652-3956 =>  =>  =>  => 01 => 10230 => COMODA SAP RVTOPAZIO TB/BR =>  =>  =>  =>  =>  =>  =>  =>  =>  =>  =>  =>  =>  =>  =>  =>  =>  =>  =>  =>  =>  =>  =>  =>  =>  =>  =>  =>  =>  =>  =>  =>  =>  =>  =>  =>  =>  =>  => "

-------------------------------
 
CADASTRO DE CLIENTE
POST => "suzi" Data => "2012-09-14 14:14:45", Cadastrou o Cliente de vale 559617 => "INFORMAÇÕES CADASTRADAS => "3 => 22 => 12 => 0 => 1 => 10/09/2012 => 559617 => 250 => 124883 => 10/09/2012 => ALESSANDRA DE CASTRO FONTELA => 228401/199 => LIDIA ANASTACIAO DARKO SAKYI => 24800000 => RUA ABDORAL CHAGAS VIEIRA => 50 => QD CASA 27 => AMPLIAÇÃO => ITABORAÍ => RJ =>  => 2639-0664 =>  => NA RUA DO MERCADO PEGUE E PAGUE PC RUTHI => 1 => 10785 => ARM ITAT MAS IPLA-35 TECNO PTO/LACA =>  =>  =>  =>  =>  =>  =>  =>  =>  =>  =>  =>  =>  =>  =>  =>  =>  =>  =>  =>  =>  =>  =>  =>  =>  =>  =>  =>  =>  =>  =>  =>  =>  =>  =>  =>  =>  =>  => "

-------------------------------
 
CADASTRO DE CLIENTE
POST => "luciana" Data => "2012-09-14 14:19:41", Cadastrou o Cliente de vale 353355 => "INFORMAÇÕES CADASTRADAS => "5 => 14 => 14 => 0 => 2 => 14/09/2012 => 353355 => 238 => 353355 => 13/09/2012 =>  =>  => CRISALVA LIMA FERREIRA  =>  => RUA A3  => qd47 => LT7 => Guaratiba => GUARATIBA  =>  => 2431-0132 =>  =>  =>  => 01 => 9095 => KIT COZKP 6P DELTA PRIMUS BR =>  =>  =>  =>  =>  =>  =>  =>  =>  =>  =>  =>  =>  =>  =>  =>  =>  =>  =>  =>  =>  =>  =>  =>  =>  =>  =>  =>  =>  =>  =>  =>  =>  =>  =>  =>  =>  =>  => "

-------------------------------
 
CADASTRO DE CLIENTE
POST => "luciana" Data => "2012-09-14 14:22:12", Cadastrou o Cliente de vale 250533 => "INFORMAÇÕES CADASTRADAS => "5 => 32 => 14 => 0 => 2 => 14/09/2012 => 250533 => 244 => 250533 => 13/09/2012 =>  =>  => VANSSA NOGUEIRA DA SILVA =>  => ESRADA SETE RIADHO => 85 => LT7 => SANTISSIMO => Rio de Janeiro =>  => 3208-2897 =>  =>  =>  => 01 => 100136 => COZINHA ITAT DAYANE BR =>  =>  =>  =>  =>  =>  =>  =>  =>  =>  =>  =>  =>  =>  =>  =>  =>  =>  =>  =>  =>  =>  =>  =>  =>  =>  =>  =>  =>  =>  =>  =>  =>  =>  =>  =>  =>  =>  => "

-------------------------------
 
CADASTRO DE CLIENTE
POST => "suzi" Data => "2012-09-14 14:26:02", Cadastrou o Cliente de vale 560396 => "INFORMAÇÕES CADASTRADAS => "3 => 29 => 19 => 0 => 1 => 11/09/2012 => 560396 => 238 => 16225 => 11/09/2012 => RENAN RUFINO DA SILVA => 142983/199 => LUCIMERI DOS SANTOS GOMES => 23035380 => ESTRADA: DO MAGARÇA => 2566 => CASA => CAMPO GRANDE => RIO DE JANEIRO => RJ => 9380-7437 => 7413-8829 =>  => TROCA COM RECOLHIMENTO MAGARÇA APOS IGJ ASSEMBLEIA DE DEUS AO LADO DA LJ DE ROUPA DINIZ  => 1 => 141256 => CAMA BOX ORTOBOM CS BLACK 138X40 =>  =>  =>  =>  =>  =>  =>  =>  =>  =>  =>  =>  =>  =>  =>  =>  =>  =>  =>  =>  =>  =>  =>  =>  =>  =>  =>  =>  =>  =>  =>  =>  =>  =>  =>  =>  =>  =>  => "

-------------------------------
 
CADASTRO DE CLIENTE
POST => "luciana" Data => "2012-09-14 14:29:22", Cadastrou o Cliente de vale 281176 => "INFORMAÇÕES CADASTRADAS => "5 => 23 => 17 => 0 => 2 => 14/09/2012 => 281176 => 211 => 281176 => 13/09/2012 =>  =>  => MARLENE DOMINGO DA SILVA  =>  => JOSENO FERNANDES NUNES  => lt7 => QD92 => FAZENDA CAXIAS => SEROPEDICa =>  =>  =>  =>  =>  => 01 => 135586 => CAMA CS BP DUBAY TB/BR/MP =>  =>  =>  =>  =>  =>  =>  =>  =>  =>  =>  =>  =>  =>  =>  =>  =>  =>  =>  =>  =>  =>  =>  =>  =>  =>  =>  =>  =>  =>  =>  =>  =>  =>  =>  =>  =>  =>  => "

-------------------------------
 
CADASTRO DE CLIENTE
POST => "camila" Data => "2012-09-14 14:33:58", Cadastrou o Cliente de vale 346177 => "INFORMAÇÕES CADASTRADAS => "6 => 33 => 20 => 0 => 2 => 14/09/2012 => 346177 => WA => 346177 => 13/09/2012 =>  =>  => WAGNER MAYATO =>  => TRAVESSA REGINA TERESA  => casa 1 B =>  => NILOPOLIS => Rio de Janeiro => RJ => 8824-3084 =>  =>  => PROX A RUA SALGADO FILHO, ESQUINA COM A RUA JOÃO EVANGELISTA DE CARVALHO PRO WAGNER. => 01 => 135481 => COZ KIPLAC RENATA PLUS BR/PTO =>  =>  =>  =>  =>  =>  =>  =>  =>  =>  =>  =>  =>  =>  =>  =>  =>  =>  =>  =>  =>  =>  =>  =>  =>  =>  =>  =>  =>  =>  =>  =>  =>  =>  =>  =>  =>  =>  => "

-------------------------------
 
CADASTRO DE CLIENTE
POST => "luciana" Data => "2012-09-14 14:34:47", Cadastrou o Cliente de vale 286909 => "INFORMAÇÕES CADASTRADAS => "5 => 25 => 29 => 0 => 2 => 14/09/2012 => 286909 => 244 => 286909 => 13/09/2012 =>  =>  => WHAYDE JACINTA MOREIRA DE SOUZA  =>  => JOSE LOURENÇO => 166 =>  => ANCHIETA => Rio de Janeiro =>  => 9890-5002 =>  =>  =>  => 01 => 140391 => G.ROUPA ARAPLAC 8P AUSTRIA TB/BR =>  =>  =>  =>  =>  =>  =>  =>  =>  =>  =>  =>  =>  =>  =>  =>  =>  =>  =>  =>  =>  =>  =>  =>  =>  =>  =>  =>  =>  =>  =>  =>  =>  =>  =>  =>  =>  =>  => "

-------------------------------
 
CADASTRO DE CLIENTE
POST => "luciana" Data => "2012-09-14 14:36:33", Cadastrou o Cliente de vale 349953 => "INFORMAÇÕES CADASTRADAS => "5 => 27 => 27 => 0 => 2 => 14/09/2012 => 349953 => 242 => 349953 => 13/09/2012 =>  =>  => MARIA CREUZA  DE SOUZA =>  => MARECHAL GUILHERME => 172 =>  => Pavuna => Rio de Janeiro =>  => 3091-1921 =>  =>  =>  => 01 => 135481 => COZ KIPLAC RENATA PLUS BR/PTO =>  =>  =>  =>  =>  =>  =>  =>  =>  =>  =>  =>  =>  =>  =>  =>  =>  =>  =>  =>  =>  =>  =>  =>  =>  =>  =>  =>  =>  =>  =>  =>  =>  =>  =>  =>  =>  =>  => "

-------------------------------
 
CADASTRO DE CLIENTE
POST => "camila" Data => "2012-09-14 14:38:33", Cadastrou o Cliente de vale 346640 => "INFORMAÇÕES CADASTRADAS => "6 => 22 => 14 => 0 => 2 => 14/09/2012 => 346640 => WA => 346640 => 13/09/2012 =>  =>  => THAYANA DA SILVA MACEDO =>  => DURANTA  => 45 =>  => Parque Anchieta => Rio de Janeiro => RJ => 3019-0571 => 9291-1906 =>  =>  => 01 => 140391 => G.ROUPA ARAPLAC 8P AUSTRIA TB/BR =>  =>  =>  =>  =>  =>  =>  =>  =>  =>  =>  =>  =>  =>  =>  =>  =>  =>  =>  =>  =>  =>  =>  =>  =>  =>  =>  =>  =>  =>  =>  =>  =>  =>  =>  =>  =>  =>  => "

-------------------------------
 
CADASTRO DE CLIENTE
POST => "luciana" Data => "2012-09-14 14:39:01", Cadastrou o Cliente de vale 346076 => "INFORMAÇÕES CADASTRADAS => "5 => 32 => 26 => 0 => 2 => 14/09/2012 => 346076 => 245 => 346076 => 13/09/2012 =>  =>  => ODETE SANTOS BASTOS =>  => SETS LAOAS  => 145 => BL9 => Jacarepaguá => Rio de Janeiro =>  => 7497-9100 =>  =>  =>  => 01 => 135481 => COZ KIPLAC RENATA PLUS BR/PTO => 01 => 135479 => BALCAO C/T KIPLAC RENATA PLUS BR/PT =>  =>  =>  =>  =>  =>  =>  =>  =>  =>  =>  =>  =>  =>  =>  =>  =>  =>  =>  =>  =>  =>  =>  =>  =>  =>  =>  =>  =>  =>  =>  =>  =>  =>  =>  =>  => "

-------------------------------
 
CADASTRO DE CLIENTE
POST => "luciana" Data => "2012-09-14 14:44:34", Cadastrou o Cliente de vale 340247 => "INFORMAÇÕES CADASTRADAS => "5 => 34 => 11 => 0 => 2 => 14/09/201 => 340247 => 203 => 340247 => 13/09/2012 =>  =>  => DANIELE CORREIA DOS SANTOS =>  => DOS RUBIS  => 574 => APT101 => ROCHA MIRANDA => Rio de Janeiro =>  => 7727-3033 =>  =>  =>  => 01 => 140391 => G.ROUPA ARAPLAC 8P AUSTRIA TB/BR =>  =>  =>  =>  =>  =>  =>  =>  =>  =>  =>  =>  =>  =>  =>  =>  =>  =>  =>  =>  =>  =>  =>  =>  =>  =>  =>  =>  =>  =>  =>  =>  =>  =>  =>  =>  =>  =>  => "

-------------------------------
 
CADASTRO DE CLIENTE
POST => "luciana" Data => "2012-09-14 14:48:29", Cadastrou o Cliente de vale 342837 => "INFORMAÇÕES CADASTRADAS => "5 => 34 => 21 => 0 => 2 => 14/09/2012 => 342837 => 168 => 342837 => 13/09/2012 =>  =>  => JORGE ANTONIO ALVES  =>  => DAS SAFIRAS => 70 => CS12 => ROCHA MIRANDA => RIO DE JANEIRO =>  => 9358-8678 =>  =>  =>  => 01 => 138033 => G.ROUPA ARAPLAC 10P ATLAN PLUS TB/AM =>  =>  =>  =>  =>  =>  =>  =>  =>  =>  =>  =>  =>  =>  =>  =>  =>  =>  =>  =>  =>  =>  =>  =>  =>  =>  =>  =>  =>  =>  =>  =>  =>  =>  =>  =>  =>  =>  => "

-------------------------------
 
Exclusão Produto
POST => "SUZI" Data => "2012-09-14 15:05:29", Deletou o produto => "13" - ", Id => 1515"

-------------------------------
 
CADASTRO DE CLIENTE
POST => "luciana" Data => "2012-09-14 15:06:29", Cadastrou o Cliente de vale 355284 => "INFORMAÇÕES CADASTRADAS => "5 => 17 => 3 => 0 => 2 => 14/09/2012 => 355284 => 216 => 355284 => 13/09/2012 =>  =>  => SUELLEN FERREIRA PEREIRA =>  => JABAIIRA => 132 =>  => OSWALDO CRUZ => Rio de Janeiro =>  => 7713-4336 =>  =>  =>  => 01 => 134898 => COZ COMP ARAMOVEIS LILIAN PLUS  BR/PT => 01 => 6069 => BALCAO C/T ARAMOVEIS LILIAN VD/BR =>  =>  =>  =>  =>  =>  =>  =>  =>  =>  =>  =>  =>  =>  =>  =>  =>  =>  =>  =>  =>  =>  =>  =>  =>  =>  =>  =>  =>  =>  =>  =>  =>  =>  =>  =>  => "

-------------------------------
 
CADASTRO DE CLIENTE
POST => "luciana" Data => "2012-09-14 15:10:34", Cadastrou o Cliente de vale 353741 => "INFORMAÇÕES CADASTRADAS => "5 => 26 => 32 => 0 => 2 => 14/09/2012 => 353741 => 203 => 353741 => 13/09/2012 =>  =>  => DEBORA DA CONCEIÇÃO F BARBOSA  =>  => RIO 110 =>  =>  => JACARE  =>  =>  => 8625-1465 => 7356-0063 =>  =>  => 01 => 140351 => G.ROUPA N.HORIZ 6P VENUS BR/PTO =>  =>  =>  =>  =>  =>  =>  =>  =>  =>  =>  =>  =>  =>  =>  =>  =>  =>  =>  =>  =>  =>  =>  =>  =>  =>  =>  =>  =>  =>  =>  =>  =>  =>  =>  =>  =>  =>  => "

-------------------------------
 
CADASTRO DE CLIENTE
POST => "luciana" Data => "2012-09-14 15:12:56", Cadastrou o Cliente de vale 358849 => "INFORMAÇÕES CADASTRADAS => "5 => 34 => 16 => 0 => 2 => 14/09/2012 => 358849 => 203 => 358849 => 13/09/2012 =>  =>  => MARYLLI RAMOS ALVES  =>  => BISPO LACERDA  => 115 => APT607 BL02 => DEL CASTILHo => Rio de Janeiro =>  => 3771-7358 =>  =>  =>  => 01 => 140391 => G.ROUPA ARAPLAC 8P AUSTRIA TB/BR =>  =>  =>  =>  =>  =>  =>  =>  =>  =>  =>  =>  =>  =>  =>  =>  =>  =>  =>  =>  =>  =>  =>  =>  =>  =>  =>  =>  =>  =>  =>  =>  =>  =>  =>  =>  =>  =>  => "

-------------------------------
 
CADASTRO DE CLIENTE
POST => "luciana" Data => "2012-09-14 15:19:36", Cadastrou o Cliente de vale 271391 => "INFORMAÇÕES CADASTRADAS => "5 => 39 => 22 => 0 => 0 => 14/09/2012 => 271391 => 182 => 31945 => 12/09/2012 => ELUCIANA BARBOSA SANTOS => 294777 => DAIANE DE FATIMA DOS SANTOS  => 26540130 => Estrada: Deputado Andrade Figueira => 1575 => CASA02 => Cabuis => Nilópolis => RJ =>  =>  =>  =>  => 01 => 9072 => ARM.COLOR ECLIPSE 2P4G BAL C/T VD =>  =>  =>  =>  =>  =>  =>  =>  =>  =>  =>  =>  =>  =>  =>  =>  =>  =>  =>  =>  =>  =>  =>  =>  =>  =>  =>  =>  =>  =>  =>  =>  =>  =>  =>  =>  =>  =>  => "

-------------------------------
 
CADASTRO DE CLIENTE
POST => "luciana" Data => "2012-09-14 15:38:45", Cadastrou o Cliente de vale 3533550 => "INFORMAÇÕES CADASTRADAS => "5 => 34 => 21 => 0 => 2 => 14/09/2012 => 3533550 => 238 => 3533550 => 13/09/2012 =>  =>  => CRISALDA LIMA FERREIRA =>  => RUA A 3QD47 => lt7 =>  => PEDRA DE GUARATIBA  => Rio de Janeiro =>  => 2431-0132 =>  =>  =>  => 01 => 9095 => KIT COZKP 6P DELTA PRIMUS BR =>  =>  =>  =>  =>  =>  =>  =>  =>  =>  =>  =>  =>  =>  =>  =>  =>  =>  =>  =>  =>  =>  =>  =>  =>  =>  =>  =>  =>  =>  =>  =>  =>  =>  =>  =>  =>  =>  => "

-------------------------------
 
CADASTRO DE CLIENTE
POST => "luciana" Data => "2012-09-14 15:46:30", Cadastrou o Cliente de vale 485450 => "INFORMAÇÕES CADASTRADAS => "5 => 34 => 20 => 0 => 2 => 14/09/2012 => 485450 => 238 => 485450 => 13/09/2012 =>  =>  => JESSICA AUGUSTO SIQUEIRA  =>  => QUARENTA E CINCO  => 39 => QD230 => CAMPO LINDO  => SEROPEDICa =>  => 3487-3072 =>  =>  =>  => 01 => 138033 => G.ROUPA ARAPLAC 10P ATLAN PLUS TB/AM =>  =>  =>  =>  =>  =>  =>  =>  =>  =>  =>  =>  =>  =>  =>  =>  =>  =>  =>  =>  =>  =>  =>  =>  =>  =>  =>  =>  =>  =>  =>  =>  =>  =>  =>  =>  =>  =>  => "

-------------------------------
 
CADASTRO DE CLIENTE
POST => "luciana" Data => "2012-09-14 16:21:47", Cadastrou o Cliente de vale 165060 => "INFORMAÇÕES CADASTRADAS => "5 => 8 => 14 => 0 => 2 => 14/09/2012 => 165060 => 211 => 165060 => 13/09/2012 =>  =>  => MARIA LUZ GONÇALVES VIDAL =>  => ADALBERTO PEREIRA PINTO  => c517 =>  => CONCEIÇAO DE JACAREi => MANGARATIBA =>  =>  =>  =>  =>  => 01 => 8981 => G. ROUPA MOVAL 6P40065 COL PLUS TB/M =>  =>  =>  =>  =>  =>  =>  =>  =>  =>  =>  =>  =>  =>  =>  =>  =>  =>  =>  =>  =>  =>  =>  =>  =>  =>  =>  =>  =>  =>  =>  =>  =>  =>  =>  =>  =>  =>  => "

-------------------------------
 
CADASTRO DE CLIENTE
POST => "luciana" Data => "2012-09-14 16:24:12", Cadastrou o Cliente de vale 345369 => "INFORMAÇÕES CADASTRADAS => "5 => 32 => 28 => 0 => 2 => 14/09/2012 => 345369 => 211 => 345369 => 13/09/2012 =>  =>  => ALEXANDRE CARVALHO DE OLIVEIRA =>  => TAMOIO  => 70 =>  => MURIQUI => MANGARATIBA =>  => 7583-0820 =>  =>  =>  => 01 => 98715 => ESTANTE BECHARA CANADA HO AMEND/PTO =>  =>  =>  =>  =>  =>  =>  =>  =>  =>  =>  =>  =>  =>  =>  =>  =>  =>  =>  =>  =>  =>  =>  =>  =>  =>  =>  =>  =>  =>  =>  =>  =>  =>  =>  =>  =>  =>  => "

-------------------------------
 
CADASTRO DE CLIENTE
POST => "luciana" Data => "2012-09-14 16:27:53", Cadastrou o Cliente de vale 79285 => "INFORMAÇÕES CADASTRADAS => "5 => 15 => 20 => 0 => 2 => 14/09/2012 => 79285 => 169 => 79285 => 13/09/2012 =>  =>  => JOSE LUIZ DOS SANTOS CORREA =>  => DO LIVRAMENTO  => 84 =>  => Gamboa => Rio de Janeiro =>  =>  =>  =>  =>  => 01 => 14031 => G.ROUPA ARAPLAC 8P AUSTRIA TB/AM =>  =>  =>  =>  =>  =>  =>  =>  =>  =>  =>  =>  =>  =>  =>  =>  =>  =>  =>  =>  =>  =>  =>  =>  =>  =>  =>  =>  =>  =>  =>  =>  =>  =>  =>  =>  =>  =>  => "

-------------------------------
 
CADASTRO DE CLIENTE
POST => "luciana" Data => "2012-09-14 16:31:49", Cadastrou o Cliente de vale 348837 => "INFORMAÇÕES CADASTRADAS => "5 => 24 => 23 => 0 => 2 => 14/09/2012 => 348837 => 173 => 348837 => 13/09/2012 =>  =>  => MARCIA MARIA LIMA HOLDER =>  => COMENDADOR BASTOS  => 309 => APT103 => ILHA DO GOVERNADOR  => Rio de Janeiro =>  => 9116-3375 =>  =>  =>  => 1 => 135251 => G.ROUPA FRITZ 6P DANY TB/BR =>  =>  =>  =>  =>  =>  =>  =>  =>  =>  =>  =>  =>  =>  =>  =>  =>  =>  =>  =>  =>  =>  =>  =>  =>  =>  =>  =>  =>  =>  =>  =>  =>  =>  =>  =>  =>  =>  => "

-------------------------------
 
ALTERAÇÃO DE CLIENTE
POST => "luciana" Data => "2012-09-14 16:44:24", Alterou o Cliente de vale 271391 => "INFORMAÇÕES ALTERADAS => "1 => 5208 => 5 => 25 => 17 => 0 => 0 => 14/09/2012 => 271391 => 182 => 31945 => 12/09/2012 => ELUCIANA BARBOSA SANTOS => 294777 => DAIANE DE FATIMA DOS SANTOS => 26540130 => ESTRADA: DEPUTADO ANDRADE FIGUEIRA => 1575 => CASA02 => CABUIS => NILÓPOLIS => RJ =>  =>  =>  => AGEND: SABADO 15/9 LUCIANA  =>  => 1 => 9072 => ARM.COLOR ECLIPSE 2P4G BAL C/T VD => 0 =>  => 0 =>  => 0 =>  => 0 =>  => 0 =>  => 0 =>  => 0 =>  => 0 =>  => 0 =>  => 0 =>  => 0 =>  => 0 =>  => 0 =>  => 0 =>  => 0 =>  => 0 =>  => 0 =>  => 0 =>  => 0 =>  => "

-------------------------------
 
ALTERAÇÃO DE CLIENTE
POST => "luciana" Data => "2012-09-14 17:03:54", Alterou o Cliente de vale 271391 => "INFORMAÇÕES ALTERADAS => "1 => 5208 => 5 => 36 => 12 => 0 => 0 => 14/09/2012 => 271391 => 182 => 31945 => 12/09/2012 => ELUCIANA BARBOSA SANTOS => 294777 => DAIANE DE FATIMA DOS SANTOS => 26540130 => ESTRADA: DEPUTADO ANDRADE FIGUEIRA => 1575 => CASA02 => CABUIS => NILÓPOLIS => RJ =>  =>  =>  => agend: sabado 15/9 LUCIANA  =>  => 1 => 9072 => ARM.COLOR ECLIPSE 2P4G BAL C/T VD => 0 =>  => 0 =>  => 0 =>  => 0 =>  => 0 =>  => 0 =>  => 0 =>  => 0 =>  => 0 =>  => 0 =>  => 0 =>  => 0 =>  => 0 =>  => 0 =>  => 0 =>  => 0 =>  => 0 =>  => 0 =>  => 0 =>  => "

-------------------------------
 
CADASTRO DE CLIENTE
POST => "luciana" Data => "2012-09-14 17:11:07", Cadastrou o Cliente de vale 341204 => "INFORMAÇÕES CADASTRADAS => "5 => 14 => 26 => 0 => 2 => 14/09/2012 => 341204 => 169 => 341204 => 13/09/2012 =>  =>  => KATIA SILVA DOS SANTOS FIRMINO =>  => SACAURA  => 160 => APT62 => SAUDE => Rio de Janeiro =>  => 2516-7320 => 7849-4351 =>  =>  => 01 => 134898 => COZ COMP ARAMOVEIS LILIAN PLUS  BR/PT =>  =>  =>  =>  =>  =>  =>  =>  =>  =>  =>  =>  =>  =>  =>  =>  =>  =>  =>  =>  =>  =>  =>  =>  =>  =>  =>  =>  =>  =>  =>  =>  =>  =>  =>  =>  =>  =>  => "

-------------------------------
 
CADASTRO DE CLIENTE
POST => "luciana" Data => "2012-09-14 17:13:23", Cadastrou o Cliente de vale 344431 => "INFORMAÇÕES CADASTRADAS => "5 => 30 => 24 => 0 => 2 => 14/09/2012 => 344431 => 175 => 344431 => 13/09/2012 =>  =>  => LUCIANA FERREIRA MARQUES DA SILVA  =>  => BARAO DE IGUATEMI  => 370 => APT302 => PRAÇA DA BANDEIRA  => Rio de Janeiro =>  => 2273-6217 =>  =>  =>  => 01 => 141871 => MESA P/MICRO MULTI CONJ UNION BR =>  =>  =>  =>  =>  =>  =>  =>  =>  =>  =>  =>  =>  =>  =>  =>  =>  =>  =>  =>  =>  =>  =>  =>  =>  =>  =>  =>  =>  =>  =>  =>  =>  =>  =>  =>  =>  =>  => "

-------------------------------
 
CADASTRO DE CLIENTE
POST => "camila" Data => "2012-09-14 17:22:46", Cadastrou o Cliente de vale 8555 => "INFORMAÇÕES CADASTRADAS => "6 => 48 => 7 => 0 => 2 => 14/09/2012 => 8555 => 223 => 8555 => 13/09/2012 =>  =>  => LUCINEA FERREIRA DOS SANTOS =>  => LEANDRO MARTINS  => 22 => APTO 607 => CENTRO => Rio de Janeiro => RJ => 8821-6435 =>  =>  =>  => 01 => 8981 => G. ROUPA MOVAL 6P40065 COL PLUS TB/M =>  =>  =>  =>  =>  =>  =>  =>  =>  =>  =>  =>  =>  =>  =>  =>  =>  =>  =>  =>  =>  =>  =>  =>  =>  =>  =>  =>  =>  =>  =>  =>  =>  =>  =>  =>  =>  =>  => "

-------------------------------
 
CADASTRO DE CLIENTE
POST => "camila" Data => "2012-09-14 17:23:54", Cadastrou o Cliente de vale 330628 => "INFORMAÇÕES CADASTRADAS => "6 => 38 => 7 => 0 => 2 => 14/09/2012 => 330628 => 241 => 330628 => 13/09/2012 =>  =>  => CRISTOVAO ALEXANDRE RIOS LUNSE =>  => RUA DO RIACHUELO  => 221 => APTO 1111 => CENTRO => Rio de Janeiro => RJ => 3472-7050 => 9393-2542 =>  =>  => 01 => 140391 => G.ROUPA ARAPLAC 8P AUSTRIA TB/BR =>  =>  =>  =>  =>  =>  =>  =>  =>  =>  =>  =>  =>  =>  =>  =>  =>  =>  =>  =>  =>  =>  =>  =>  =>  =>  =>  =>  =>  =>  =>  =>  =>  =>  =>  =>  =>  =>  => "

-------------------------------
 
CADASTRO DE CLIENTE
POST => "camila" Data => "2012-09-14 17:26:37", Cadastrou o Cliente de vale 27987 => "INFORMAÇÕES CADASTRADAS => "6 => 19 => 16 => 0 => 2 => 14/09/2012 => 27987 => 241 => 27987 => 13/09/2012 =>  =>  => RITA YNES VALADAO DE MORAIS =>  => ALMIRANTE ALEXANDRINO => 5909 => CASA 2 => Santa Teresa => Rio de Janeiro => RJ => 2245-3187 =>  =>  =>  => 01 => 6049 => TABUA DE PASSAR D\'ITALIAMP-50 =>  =>  =>  =>  =>  =>  =>  =>  =>  =>  =>  =>  =>  =>  =>  =>  =>  =>  =>  =>  =>  =>  =>  =>  =>  =>  =>  =>  =>  =>  =>  =>  =>  =>  =>  =>  =>  =>  => "

-------------------------------
