 
ALTERAÇÃO DE CLIENTE
POST => "luciana" Data => "2012-06-13 10:18:30", Alterou o Cliente de vale 487751 => "INFORMAÇÕES ALTERADAS => "1 => 3665 => 5 => 20 => 23 => 0 => 0 => 15/05/2012 => 487751 => 179 => 4323 => 14/05/2012 => ANDERSON PEREIRA SANTOS =>  => MARCOS VINICIOS REPIZO BELO => 26193210 => RUA LAGUARI => 96 => CASA => VILA SANTA TERESA => BELFORD ROXO => RJ => 7658-4801 =>  =>  => PROX A ESCOLA ESTATUAL SANTA TERESA..Email enviado ao naec dia 21-05-2012 Camila => cliente não quer a montagem colocou no procon. => 1 => 8340 => CAMA CS N HORIZ AREZZO TB/BR/MP => 1 => 138033 => G.ROUPA ARAPLAC 10P ATLAN PLUS TB/AM => 0 =>  => 0 =>  => 0 =>  => 0 =>  => 0 =>  => 0 =>  => 0 =>  => 0 =>  => 0 =>  => 0 =>  => 0 =>  => 0 =>  => 0 =>  => 0 =>  => 0 =>  => 0 =>  => 0 =>  => 0 =>  => "

-------------------------------
 
ALTERAÇÃO DE CLIENTE
POST => "luciana" Data => "2012-06-13 10:33:01", Alterou o Cliente de vale 488539 => "INFORMAÇÕES ALTERADAS => "1 => 3692 => 5 => 26 => 23 => 0 => 0 => 16/05/2012 => 488539 => 244 => 35244 => 15/05/2012 => LEANDRA GOMZAGA DOS SANTOS => 538180/199 => JAQUELINE DA SILVA BARROS => 21832250 => RUA: JOSÉ ISAÍAS => 0 => LT 07 QD 1 => SENADOR CAMARÁ => RIO DE JANEIRO => RJ => 3437-1383 =>  =>  => PROX. AO PONTO FINAL DO 918 => CONFIRMEI COM EDSON ESPOSO PARA TERÇA 19/6 LUCIANA  => 1 => 100136 => COZINHA ITAT DAYANE BR => 0 =>  => 0 =>  => 0 =>  => 0 =>  => 0 =>  => 0 =>  => 0 =>  => 0 =>  => 0 =>  => 0 =>  => 0 =>  => 0 =>  => 0 =>  => 0 =>  => 0 =>  => 0 =>  => 0 =>  => 0 =>  => 0 =>  => "

-------------------------------
 
ALTERAÇÃO DE CLIENTE
POST => "luciana" Data => "2012-06-13 11:08:29", Alterou o Cliente de vale 525130 => "INFORMAÇÕES ALTERADAS => "1 => 3507 => 5 => 22 => 29 => 0 => 2 => 12/05/2012 => 525130 => 282 => 525130 => 11/05/2012 =>  =>  => ZELIA SANTOS BERNARDES =>  => RUA ORQUIDAS => 10 => CASA => ITANHANGA => RIO DE JANEIRO => RJ => 3116-0404 => 9511-7292 =>  => AREAL 1 RIO DAS PEDRAS RUA DEPOIS DA PADARIA DO CARECA. AGEND:SEXTA  15/6 PASSEI E-MAIL PARA CAMILA ACOMPANHAR LUCIANA  =>  => 1 => 140391 => G.ROUPA ARAPLAC 8P AUSTRIA TB/BR => 0 =>  => 0 =>  => 0 =>  => 0 =>  => 0 =>  => 0 =>  => 0 =>  => 0 =>  => 0 =>  => 0 =>  => 0 =>  => 0 =>  => 0 =>  => 0 =>  => 0 =>  => 0 =>  => 0 =>  => 0 =>  => 0 =>  => "

-------------------------------
 
ALTERAÇÃO DE CLIENTE
POST => "luciana" Data => "2012-06-13 11:10:58", Alterou o Cliente de vale 525130 => "INFORMAÇÕES ALTERADAS => "1 => 3507 => 5 => 22 => 39 => 0 => 2 => 12/05/2012 => 525130 => 282 => 525130 => 11/05/2012 =>  =>  => ZELIA SANTOS BERNARDES =>  => RUA ORQUIDAS => 10 => CASA => ITANHANGA => RIO DE JANEIRO => RJ => 3116-0404 => 9511-7292 =>  => AREAL 1 RIO DAS PEDRAS RUA DEPOIS DA PADARIA DO CARECA. AGEND:SABADO 16/6 PASSEI E-MAIL PARA CAMILA ACOMPANHAR LUCIANA  =>  => 1 => 140391 => G.ROUPA ARAPLAC 8P AUSTRIA TB/BR => 0 =>  => 0 =>  => 0 =>  => 0 =>  => 0 =>  => 0 =>  => 0 =>  => 0 =>  => 0 =>  => 0 =>  => 0 =>  => 0 =>  => 0 =>  => 0 =>  => 0 =>  => 0 =>  => 0 =>  => 0 =>  => 0 =>  => "

-------------------------------
 
ALTERAÇÃO DE CLIENTE
POST => "luciana" Data => "2012-06-13 11:20:08", Alterou o Cliente de vale 486252 => "INFORMAÇÕES ALTERADAS => "1 => 3469 => 5 => 18 => 13 => 0 => 0 => 12/05/2012 => 486252 => 241 => 111 => 11/05/2012 => JULIO CESAR VIEIRA SOARES => 11036 => ELAINE SILVA =>  => MANOEL GOMES => 13 =>  => VILA KENNEDY => RIO DE JANEIRO =>  => 6885-0666 => 3467-6937 =>  => PROX A PRAÇA DP BARRAO PROC ELAINE PROC ELAINE AGEND:QUINTA 14/6 CLIENTE CIENTE LUCIANA . => OBS: CLIENTE SÓ ESTA EM CASA AOS SÁBADOS. => 1 => 134902 => BALCAO C/T ARAMOVEIS LILIAN BR/PTO => 0 =>  => 0 =>  => 0 =>  => 0 =>  => 0 =>  => 0 =>  => 0 =>  => 0 =>  => 0 =>  => 0 =>  => 0 =>  => 0 =>  => 0 =>  => 0 =>  => 0 =>  => 0 =>  => 0 =>  => 0 =>  => 0 =>  => "

-------------------------------
 
ALTERAÇÃO DE CLIENTE
POST => "luciana" Data => "2012-06-13 11:25:21", Alterou o Cliente de vale 379523 => "INFORMAÇÕES ALTERADAS => "1 => 1430 => 5 => 14 => 27 => 0 => 0 => 16/03/2012 => 379523 => 180 => 38998 => 04/01/2012 => BARBARA CABRAL DE OLIVEIRA => 438809/199 => ESTEFANIO THOMAZ DA SILVA =>  => RUA ITOROROS => 160 => CASA => AUSTIN => NOVA IGUAÇU => RJ => 2764-3992 =>  =>  => COLEGIO WALFREDO RUA DA CAPELA.RELATORIO ENVIADO PARA MIRIAM DIA 6/6 LUCIANA  => 3-PORTAS DO ARM.AEREO QUEBRADO NA PONTA FEITO O PEDIDO DE PEÇAS DIA 11/6 LUCIANA  => 1 => 135481 => COZ KIPLAC RENATA PLUS BR/PTO => 0 =>  => 0 =>  => 0 =>  => 0 =>  => 0 =>  => 0 =>  => 0 =>  => 0 =>  => 0 =>  => 0 =>  => 0 =>  => 0 =>  => 0 =>  => 0 =>  => 0 =>  => 0 =>  => 0 =>  => 0 =>  => 0 =>  => "

-------------------------------
 
CADASTRO DE CLIENTE
POST => "MIRIAN" Data => "2012-06-13 12:14:07", Cadastrou o Cliente de vale 504869 => "INFORMAÇÕES CADASTRADAS => "11 => 24 => 7 => 2 => 0 => 13/06/2012 => 504869 => 242 => 52075 => 13/06/2012 => LUCIENE CASSIMIRO DO NASCIMENTO => 10385/199 => SIMONE DE SOUZA => 25000000 => AVENIDA TUCAO => 166 =>  => VILAR DOS TELES => SAO JOAO DE MERITI => RJ => 2757-4314 => 9902-7791 =>  => ANTES DAS TRES PONTES ENTRDA BARRACA DA DONA MARIA => 01 => 139517 => KIT ITAT I3 VD FL CRIATIVA 5P/4G PT =>  =>  =>  =>  =>  =>  =>  =>  =>  =>  =>  =>  =>  =>  =>  =>  =>  =>  =>  =>  =>  =>  =>  =>  =>  =>  =>  =>  =>  =>  =>  =>  =>  =>  =>  =>  =>  =>  => "

-------------------------------
 
ALTERAÇÃO DE CLIENTE
POST => "luciana" Data => "2012-06-13 14:14:34", Alterou o Cliente de vale 573329 => "INFORMAÇÕES ALTERADAS => "1 => 3912 => 5 => 39 => 22 => 0 => 2 => 24/05/2012 => 573329 => 230 => 573329 => 24/05/2012 =>  =>  => ADELMIRA ARAUJO FERREIRA =>  => ESTRADA DO CABUCU => 2498 => SUB SOLO => CAMPO GRANDE => RIO DE JANEIRO => RJ => 8075-1834 => 3489-3816 =>  => PEDIDO:56833 .PROX PANIFICACAO BRUND EM CIMA DO BAR. =>  => 1 => 8839 => G.ROUPA S ANDIRA HAV PLUS 6P IMB/BR => 1 => 6078 => RACK KIPLAC TORRE PLUS LUXO AR/MP => 0 =>  => 0 =>  => 0 =>  => 0 =>  => 0 =>  => 0 =>  => 0 =>  => 0 =>  => 0 =>  => 0 =>  => 0 =>  => 0 =>  => 0 =>  => 0 =>  => 0 =>  => 0 =>  => 0 =>  => 0 =>  => "

-------------------------------
 
ALTERAÇÃO DE CLIENTE
POST => "luciana" Data => "2012-06-13 14:21:31", Alterou o Cliente de vale 573329 => "INFORMAÇÕES ALTERADAS => "1 => 3912 => 5 => 30 => 24 => 0 => 2 => 24/05/2012 => 573329 => 230 => 573329 => 24/05/2012 =>  =>  => ADELMIRA ARAUJO FERREIRA =>  => ESTRADA DO CABUCU => 2498 => SUB SOLO => CAMPO GRANDE => RIO DE JANEIRO => RJ => 8075-1834 => 3489-3816 =>  => PEDIDO:56833 .PROX PANIFICACAO BRUND EM CIMA DO BAR. NILVALDO VAI ATENDE QUARTA 13/6 LUCIANA. =>  => 1 => 8839 => G.ROUPA S ANDIRA HAV PLUS 6P IMB/BR => 1 => 6078 => RACK KIPLAC TORRE PLUS LUXO AR/MP => 0 =>  => 0 =>  => 0 =>  => 0 =>  => 0 =>  => 0 =>  => 0 =>  => 0 =>  => 0 =>  => 0 =>  => 0 =>  => 0 =>  => 0 =>  => 0 =>  => 0 =>  => 0 =>  => 0 =>  => 0 =>  => "

-------------------------------
 
ALTERAÇÃO DE CLIENTE
POST => "luciana" Data => "2012-06-13 14:25:35", Alterou o Cliente de vale 479910 => "INFORMAÇÕES ALTERADAS => "1 => 3708 => 5 => 20 => 8 => 0 => 0 => 16/05/2012 => 479910 => 230 => 1487 => 02/05/2012 => ISABEL SALES DE OLIVEIRA => 14120/199 => MARIA CRISTINA MONTEIRO STELLING => 23010295 => TRAVESSA: B VITOR BRECHERET => 46 => CASA0 => SANTÍSSIMO => RIO DE JANEIRO => RJ =>  =>  =>  => APOS A ETERJ 1 RUA A DIREITA SEGUIR EM FRENTE 1º RUA A ESQUERDA passe1 e-mail para o naec dia 13/6Luciana =>  => 1 => 136651 => COZINHA TELASSUL CRISTAL 80123 BR => 0 =>  => 0 =>  => 0 =>  => 0 =>  => 0 =>  => 0 =>  => 0 =>  => 0 =>  => 0 =>  => 0 =>  => 0 =>  => 0 =>  => 0 =>  => 0 =>  => 0 =>  => 0 =>  => 0 =>  => 0 =>  => 0 =>  => "

-------------------------------
 
ALTERAÇÃO DE CLIENTE
POST => "luciana" Data => "2012-06-13 16:25:42", Alterou o Cliente de vale 566199 => "INFORMAÇÕES ALTERADAS => "1 => 3766 => 5 => 34 => 19 => 0 => 2 => 17/05/2012 => 566199 => 179 => 566199 => 16/05/2012 =>  =>  => AUGUSTO DA PAIXÃO RANGEL =>  => PEDRA RUIVA => LT49 => QD0 => PARQUE TITE => SÃO JOÃO DE MERITI =>  => 2653-2246 =>  =>  => passei e-mail para o naec dia 12/6 para passar o laudo passei e-mail para o Lazaro e lidiaine  dia 13/6 o atre não autorizou a troca do produto  Luciana  => OBS: CLIENTE NÃO ATENDE O TEL AS 15:55 E O MONTADOR : TEL CAIXA POSTAL. => 1 => 134708 => BALCAO LUCIANE DAKAR 2P4G CHAMP / NOG => 0 =>  => 0 =>  => 0 =>  => 0 =>  => 0 =>  => 0 =>  => 0 =>  => 0 =>  => 0 =>  => 0 =>  => 0 =>  => 0 =>  => 0 =>  => 0 =>  => 0 =>  => 0 =>  => 0 =>  => 0 =>  => 0 =>  => "

-------------------------------
 
ALTERAÇÃO DE CLIENTE
POST => "luciana" Data => "2012-06-13 16:29:07", Alterou o Cliente de vale 566199 => "INFORMAÇÕES ALTERADAS => "1 => 3766 => 5 => 8 => 14 => 0 => 2 => 17/05/2012 => 566199 => 179 => 566199 => 16/05/2012 =>  =>  => AUGUSTO DA PAIXÃO RANGEL =>  => PEDRA RUIVA => LT49 => QD0 => PARQUE TITE => SÃO JOÃO DE MERITI =>  => 2653-2246 =>  =>  => passei e-mail para o naec dia 12/6 para passar o laudo passei e-mail para o Lazaro e lidiaine  dia 13/6 o atre não autorizou a troca do produto  Luciana  => OBS: CLIENTE NÃO ATENDE O TEL AS 15:55 E O MONTADOR : TEL CAIXA POSTAL. => 1 => 134708 => BALCAO LUCIANE DAKAR 2P4G CHAMP / NOG => 0 =>  => 0 =>  => 0 =>  => 0 =>  => 0 =>  => 0 =>  => 0 =>  => 0 =>  => 0 =>  => 0 =>  => 0 =>  => 0 =>  => 0 =>  => 0 =>  => 0 =>  => 0 =>  => 0 =>  => 0 =>  => 0 =>  => "

-------------------------------
 
ALTERAÇÃO DE CLIENTE
POST => "luciana" Data => "2012-06-13 16:35:22", Alterou o Cliente de vale 400134 => "INFORMAÇÕES ALTERADAS => "1 => 1451 => 5 => 6 => 23 => 0 => 0 => 16/03/2012 => 400134 => 239 => 27074 => 24/01/2012 => RAFAEL MELO DE SOUSA => 465931 => JANAINA SOUZA DE OLIVEIRA => 24360018 => ALAMEDA: PARIS => 135 => CS 05 => SÃO FRANCISCO => NITERÓI => RJ => 2704-9275 =>  =>  => AO LADO DO GPA EM FRENTE A IGREJA METODISTA CLIENTE NÃO ATENDE O TEL ACIMA DIA 12/6 AS 9:42HS PASSEI E-MAIL PARA O NAEC DIA 12/6 PARA PEDI OUTRO TEL LUCIANA  =>  => 1 => 140391 =>  N => 0 =>  => 0 =>  => 0 =>  => 0 =>  => 0 =>  => 0 =>  => 0 =>  => 0 =>  => 0 =>  => 0 =>  => 0 =>  => 0 =>  => 0 =>  => 0 =>  => 0 =>  => 0 =>  => 0 =>  => 0 =>  => 0 =>  => "

-------------------------------
 
ALTERAÇÃO DE CLIENTE
POST => "luciana" Data => "2012-06-13 16:39:10", Alterou o Cliente de vale 400134 => "INFORMAÇÕES ALTERADAS => "1 => 1451 => 5 => 35 => 5 => 0 => 0 => 16/03/2012 => 400134 => 239 => 27074 => 24/01/2012 => RAFAEL MELO DE SOUSA => 465931 => JANAINA SOUZA DE OLIVEIRA => 24360018 => ALAMEDA: PARIS => 135 => CS 05 => SÃO FRANCISCO => NITERÓI => RJ => 2704-9275 =>  =>  => AO LADO DO GPA EM FRENTE A IGREJA METODISTA CLIENTE NÃO ATENDE O TEL ACIMA DIA 12/6 AS 9:42HS PASSEI E-MAIL PARA O NAEC DIA 12/6 PARA PEDI OUTRO TEL LUCIANA.  =>  => 1 => 140391 =>  N => 0 =>  => 0 =>  => 0 =>  => 0 =>  => 0 =>  => 0 =>  => 0 =>  => 0 =>  => 0 =>  => 0 =>  => 0 =>  => 0 =>  => 0 =>  => 0 =>  => 0 =>  => 0 =>  => 0 =>  => 0 =>  => 0 =>  => "

-------------------------------
 
ALTERAÇÃO DE CLIENTE
POST => "luciana" Data => "2012-06-13 16:42:39", Alterou o Cliente de vale 400134 => "INFORMAÇÕES ALTERADAS => "1 => 1451 => 5 => 2 => 19 => 0 => 0 => 16/03/2012 => 400134 => 239 => 27074 => 24/01/2012 => RAFAEL MELO DE SOUSA => 465931 => JANAINA SOUZA DE OLIVEIRA => 24360018 => ALAMEDA: PARIS => 135 => CS 05 => SÃO FRANCISCO => NITERÓI => RJ => 2704-9275 => 9830-8472 => 3227-6633 => AO LADO DO GPA EM FRENTE A IGREJA METODISTA CLIENTE NÃO ATENDE O TEL ACIMA DIA 12/6 AS 9:42HS PASSEI E-MAIL PARA O NAEC DIA 12/6 PARA PEDI OUTRO TEL LUCIANA.  =>  => 1 => 140391 =>  N => 0 =>  => 0 =>  => 0 =>  => 0 =>  => 0 =>  => 0 =>  => 0 =>  => 0 =>  => 0 =>  => 0 =>  => 0 =>  => 0 =>  => 0 =>  => 0 =>  => 0 =>  => 0 =>  => 0 =>  => 0 =>  => 0 =>  => "

-------------------------------
 
ALTERAÇÃO DE CLIENTE
POST => "luciana" Data => "2012-06-13 16:47:48", Alterou o Cliente de vale 484340 => "INFORMAÇÕES ALTERADAS => "1 => 3218 => 5 => 20 => 12 => 0 => 0 => 11/05/2012 => 484340 => 250 => 22 => 09/05/2012 => JONATAS DE OLIVEIRA SILVA => 2673 => ELIANE MARIA COSTA MIRANDA =>  => PROFESSOR SILVA CHAGAS => 113 => CASA00 => CENTRO => TANGUA =>  => 2747-1168 =>  =>  => RUA DA ADEGA PROC ELINETE  PASSEI E-MAIL PARA O  NAEC DIA 11/6 PARA PEDI PEÇA LUCIANA: => Email enviado ao naec dia 11-06-12 Camila => 1 => 16068 => MESA MODECOR BRUNA 4C T.VID BR/PT => 0 =>  => 0 =>  => 0 =>  => 0 =>  => 0 =>  => 0 =>  => 0 =>  => 0 =>  => 0 =>  => 0 =>  => 0 =>  => 0 =>  => 0 =>  => 0 =>  => 0 =>  => 0 =>  => 0 =>  => 0 =>  => 0 =>  => "

-------------------------------
