 
ALTERAÇÃO DE CLIENTE
POST => "luciana" Data => "2012-09-13 08:59:11", Alterou o Cliente de vale 45786 => "INFORMAÇÕES ALTERADAS => "1 => 2887 => 5 => 17 => 30 => 0 => 0 => 26/04/2012 => 45786 => 236 => 477361 => 24/04/2012 => EDIR SILVA DOS SANTOS => 672/199 => MARCELO PEREIRA DE SENA => 25550340 => RUA: URANI =>  => LT 08 => PARQUE ALIAN => SÃO JOÃO DE MERITI => RJ => 7279-1677 =>  =>  => Ligar antes de ir. AGEND:13/9 CLIENTE CIENTE  LUCIANA  => compensado danificado. => 1 => 140391 => G.ROUPA ARAPLAC 8P AUSTRIA TB/BR => 0 =>  => 0 =>  => 0 =>  => 0 =>  => 0 =>  => 0 =>  => 0 =>  => 0 =>  => 0 =>  => 0 =>  => 0 =>  => 0 =>  => 0 =>  => 0 =>  => 0 =>  => 0 =>  => 0 =>  => 0 =>  => 0 =>  => "

-------------------------------
 
ALTERAÇÃO DE CLIENTE
POST => "luciana" Data => "2012-09-13 09:10:14", Alterou o Cliente de vale 452567 => "INFORMAÇÕES ALTERADAS => "1 => 3599 => 5 => 42 => 6 => 0 => 0 => 14/05/2012 => 452567 => 198 => 51259 => 26/03/2012 => SUELY DA SILVA => 519195/199 => LUCIANA DA SILVA PEREIRA => 21842550 => Q => 331 =>  => BANGU => RIO DE JANEIRO => RJ => 2655-7389 => 3469-1585 => 8265-2024 => FICA NO JARDIM TAQUARAL PERTO DE CRECHE PRO LUCIANA    AGEND: SABADO 15/9 CLIENTE CIENTE LUCIANA  =>  => 1 => 135479 => BALCAO C/T KIPLAC RENATA PLUS BR/PT => 0 =>  => 0 =>  => 0 =>  => 0 =>  => 0 =>  => 0 =>  => 0 =>  => 0 =>  => 0 =>  => 0 =>  => 0 =>  => 0 =>  => 0 =>  => 0 =>  => 0 =>  => 0 =>  => 0 =>  => 0 =>  => 0 =>  => "

-------------------------------
 
ALTERAÇÃO DE CLIENTE
POST => "luciana" Data => "2012-09-13 10:19:44", Alterou o Cliente de vale 527392 => "INFORMAÇÕES ALTERADAS => "1 => 5172 => 5 => 12 => 1 => 0 => 0 => 12/09/2012 => 527392 => 179 => 28337 => 23/07/2012 => MARCOS ANTONIO DE SOUZA NASCIME => 95973 => SERGIO ROGERIO ROSA DA SILVA => 25580740 => RUA: BOM JARDIM => lt0 => QD09 => PARQUE TIETÊ => SÃO JOÃO DE MERITI => RJ => 3673-5457 =>  =>  => AGEND: QUINTA FEIRA 13/09 LUCIANA =>  => 1 => 140391 => G.ROUPA ARAPLAC 8P AUSTRIA TB/BR => 0 =>  => 0 =>  => 0 =>  => 0 =>  => 0 =>  => 0 =>  => 0 =>  => 0 =>  => 0 =>  => 0 =>  => 0 =>  => 0 =>  => 0 =>  => 0 =>  => 0 =>  => 0 =>  => 0 =>  => 0 =>  => 0 =>  => "

-------------------------------
 
ALTERAÇÃO DE CLIENTE
POST => "luciana" Data => "2012-09-13 10:22:16", Alterou o Cliente de vale 524472 => "INFORMAÇÕES ALTERADAS => "1 => 3616 => 5 => 40 => 22 => 0 => 2 => 14/05/2012 => 524472 => 212 => 524472 => 30/11/-0001 =>  =>  => MARCILENE MARTINS DA SILVA =>  => RUA MARTINS FERREIRA => 16 =>  => AREIA BRANCA => BELFORD ROXO => RJ => 2785-2928 => 7880-5243 =>  => PX GARAGEM DE ONIBUS BLANCO AGEND:15/09  ALEX LUCIANA  => CLIENTE AUSENTE DIA 21/05/2012,NAO TINHA RESPONSÁVEL EM CASA E O MONTADOR ESTARA RETORNANDO AMANHA DIA 22/05 => 1 =>  => G ROUPA S ANDIRA HAVANA PLUS 6P IMB/MP => 0 =>  => 0 =>  => 0 =>  => 0 =>  => 0 =>  => 0 =>  => 0 =>  => 0 =>  => 0 =>  => 0 =>  => 0 =>  => 0 =>  => 0 =>  => 0 =>  => 0 =>  => 0 =>  => 0 =>  => 0 =>  => 0 =>  => "

-------------------------------
 
CADASTRO DE CLIENTE
POST => "luciana" Data => "2012-09-13 10:34:04", Cadastrou o Cliente de vale 559613 => "INFORMAÇÕES CADASTRADAS => "5 => 18 => 17 => 0 => 0 => 10/09/2012 => 559613 => 250 => 23894 => 10/09/2012 => OLGA MARIA FERNANDES ROCHA => 532207 => LIDIA ANASTACIO DAKO SAKYI => 2480000 => ABDORAL CHAGAS VIEIRa => 50qd => CASA 27 => AMPLIAÇÃo => Itaboraí => RJ =>  =>  =>  =>  => 01 => 10785 => ARM ITAT MAS IPLA-35 TECNO PTO/LACA =>  =>  =>  =>  =>  =>  =>  =>  =>  =>  =>  =>  =>  =>  =>  =>  =>  =>  =>  =>  =>  =>  =>  =>  =>  =>  =>  =>  =>  =>  =>  =>  =>  =>  =>  =>  =>  =>  => "

-------------------------------
 
CADASTRO DE CLIENTE
POST => "luciana" Data => "2012-09-13 10:36:33", Cadastrou o Cliente de vale 559616 => "INFORMAÇÕES CADASTRADAS => "5 => 21 => 23 => 0 => 0 => 10/09/2012 => 559616 => 215 => 100632 => 10/09/2012 => MANOEL CLAUDIO NAPOLEAO FERREIRA  =>  => MARCIA MARIA SIMEÃO ORTMAN PEREIRA  =>  => AV PADRE VIEIRA => lt21 => QD308 => Jardim Catarina => São Gonçalo =>  =>  =>  =>  =>  => 01 => 141552 => CJ SALA JANTAR ORTIZ VALENCIA 6C AMEN =>  =>  =>  =>  =>  =>  =>  =>  =>  =>  =>  =>  =>  =>  =>  =>  =>  =>  =>  =>  =>  =>  =>  =>  =>  =>  =>  =>  =>  =>  =>  =>  =>  =>  =>  =>  =>  =>  => "

-------------------------------
 
CADASTRO DE CLIENTE
POST => "luciana" Data => "2012-09-13 10:38:42", Cadastrou o Cliente de vale 559619 => "INFORMAÇÕES CADASTRADAS => "5 => 15 => 16 => 0 => 1 => 10/09/2012 => 559619 => 215 => 82730 => 10/09/2012 => RICARDO RODRIGO DA SILVA  => 408609 => MARCIA MARIA SIMEÃO ORTMAN PEREIRA =>  => AV PADRE VIEIRA => 0lt => 21QD => Jardim Catarina => São Gonçalo =>  =>  =>  =>  =>  => 01 => 141552 => CJ SALA JANTAR ORTIZ VALENCIA 6C AMEN =>  =>  =>  =>  =>  =>  =>  =>  =>  =>  =>  =>  =>  =>  =>  =>  =>  =>  =>  =>  =>  =>  =>  =>  =>  =>  =>  =>  =>  =>  =>  =>  =>  =>  =>  =>  =>  =>  => "

-------------------------------
 
CADASTRO DE CLIENTE
POST => "luciana" Data => "2012-09-13 10:40:28", Cadastrou o Cliente de vale 559589 => "INFORMAÇÕES CADASTRADAS => "5 => 21 => 27 => 0 => 0 => 10/09/2012 => 559589 => 218 => 2798 => 10/09/2012 => BRUNA RENATA DE OLIVEIRA => 29265 => MEIRE APARECIDA A CONCEIÇÃO SILVA  => 26521230 => Rua: Antônio Pereira => 436 =>  => Chatuba => Nilópolis => RJ =>  =>  =>  =>  => 01 => 140391 => G.ROUPA ARAPLAC 8P AUSTRIA TB/BR =>  =>  =>  =>  =>  =>  =>  =>  =>  =>  =>  =>  =>  =>  =>  =>  =>  =>  =>  =>  =>  =>  =>  =>  =>  =>  =>  =>  =>  =>  =>  =>  =>  =>  =>  =>  =>  =>  => "

-------------------------------
 
CADASTRO DE CLIENTE
POST => "luciana" Data => "2012-09-13 10:43:45", Cadastrou o Cliente de vale 559570 => "INFORMAÇÕES CADASTRADAS => "5 => 33 => 21 => 0 => 0 => 10/09/2012 => 559570 => 244 => 28454 => 10/09/2012 => DEBORA CUNHA DAS NEVES => 406882 => JONATAN CASTRO ALVES DOS SANTOS  => 25535210 => Travessa: Sueli => 83 =>  => Éden => São João de Meriti => RJ =>  =>  =>  =>  => 01 => 138033 => G.ROUPA ARAPLAC 10P ATLAN PLUS TB/AM =>  =>  =>  =>  =>  =>  =>  =>  =>  =>  =>  =>  =>  =>  =>  =>  =>  =>  =>  =>  =>  =>  =>  =>  =>  =>  =>  =>  =>  =>  =>  =>  =>  =>  =>  =>  =>  =>  => "

-------------------------------
 
CADASTRO DE CLIENTE
POST => "luciana" Data => "2012-09-13 10:45:25", Cadastrou o Cliente de vale 559604 => "INFORMAÇÕES CADASTRADAS => "5 => 26 => 15 => 0 => 0 => 10/09/2012 => 559604 => 218 => 2616 => 10/09/2012 => BRUNA RENATA DE OLIVEIRA => 28256 => JUSSARA HELENA ROQUE => 26275400 => Rua: Washington Luís => 115 =>  => Jardim Pernambuco => Nova Iguaçu => RJ =>  =>  =>  =>  => 01 => 8981 => G. ROUPA MOVAL 6P40065 COL PLUS TB/M =>  =>  =>  =>  =>  =>  =>  =>  =>  =>  =>  =>  =>  =>  =>  =>  =>  =>  =>  =>  =>  =>  =>  =>  =>  =>  =>  =>  =>  =>  =>  =>  =>  =>  =>  =>  =>  =>  => "

-------------------------------
 
CADASTRO DE CLIENTE
POST => "luciana" Data => "2012-09-13 10:47:05", Cadastrou o Cliente de vale 560368 => "INFORMAÇÕES CADASTRADAS => "5 => 24 => 15 => 0 => 1 => 11/09/2012 => 560368 => 209 => 51857 => 11/09/2012 => REGINA CAELI PONCIANO => 405292 => ANDERSON DE OLIVEIRA SILVA  => 27275510 => Rua: Projetada => 36 =>  => Jardim Cidade do Aço => Volta Redonda => RJ =>  =>  =>  =>  => 01 => 98934 => CJ SALA JANTAR RUFATO ATLA 6C TB/MP =>  =>  =>  =>  =>  =>  =>  =>  =>  =>  =>  =>  =>  =>  =>  =>  =>  =>  =>  =>  =>  =>  =>  =>  =>  =>  =>  =>  =>  =>  =>  =>  =>  =>  =>  =>  =>  =>  => "

-------------------------------
 
ALTERAÇÃO DE CLIENTE
POST => "camila" Data => "2012-09-13 10:49:19", Alterou o Cliente de vale 521572 => "INFORMAÇÕES ALTERADAS => "1 => 4617 => 6 => 20 => 23 => 2 => 0 => 11/07/2012 => 521572 => 175 => 38678 => 11/07/2012 => MARCO AURELIO OLIVEIRA DOS SANTOS => 1207/199 => ANDREA DA COSTA  NUNES => 20530120 => RUA: CASTEL NUOVO => 314 =>  => TIJUCA => RIO DE JANEIRO => RJ => 2278-2636 =>  =>  => COMUNIDADE DO FORMIGA AO LADO DO BAR DA IONE PROC MARILDA OU MARCELA.perto da segunda upp. é na loja tres irmã. Marilia, marilda ou marilena. => e- mail enviado para JANDIRA E LIDIANE DIA 4/9 O MONTADOR WILTON VAI RETORNAR COM A DECLARAÇÃO DA CLIENTE DIA 13/9 QUINTA FEIRA  LUCIANA  => 1 => 8981 => G. ROUPA MOVAL 6P40065 COL PLUS TB/M => 0 =>  => 0 =>  => 0 =>  => 0 =>  => 0 =>  => 0 =>  => 0 =>  => 0 =>  => 0 =>  => 0 =>  => 0 =>  => 0 =>  => 0 =>  => 0 =>  => 0 =>  => 0 =>  => 0 =>  => 0 =>  => 0 =>  => "

-------------------------------
 
CADASTRO DE CLIENTE
POST => "luciana" Data => "2012-09-13 10:49:34", Cadastrou o Cliente de vale 560380 => "INFORMAÇÕES CADASTRADAS => "5 => 30 => 9 => 0 => 0 => 11/09/2012 => 560380 => 209 => 11030 => 11/09/2012 => REGINA CAELI PONCIANO => 144422 => ANDERSON OLIVEIRA SILVA  => 27275510 => RUA: PROJETADA => 36 =>  => Jardim Cidade do Aço => Volta Redonda => RJ =>  =>  =>  =>  => 01 => 98934 => CJ SALA JANTAR RUFATO ATLA 6C TB/MP =>  =>  =>  =>  =>  =>  =>  =>  =>  =>  =>  =>  =>  =>  =>  =>  =>  =>  =>  =>  =>  =>  =>  =>  =>  =>  =>  =>  =>  =>  =>  =>  =>  =>  =>  =>  =>  =>  => "

-------------------------------
 
CADASTRO DE CLIENTE
POST => "luciana" Data => "2012-09-13 11:00:09", Cadastrou o Cliente de vale 560395 => "INFORMAÇÕES CADASTRADAS => "5 => 31 => 24 => 0 => 1 => 11/09/2012 => 560395 => 238 => 15499 => 11/09/2012 => ROBENITA BRITO DA FONSECA => 58017 => LUCIMERI DOS SANTOS GOMES  => 23035380 => Estrada: do Magarça => 2566 =>  => Campo Grande => Rio de Janeiro => RJ =>  =>  =>  =>  => 01 => 16377 => CAMA CS N.HORIZ ANGRA PLUS AM/AM/PT =>  =>  =>  =>  =>  =>  =>  =>  =>  =>  =>  =>  =>  =>  =>  =>  =>  =>  =>  =>  =>  =>  =>  =>  =>  =>  =>  =>  =>  =>  =>  =>  =>  =>  =>  =>  =>  =>  => "

-------------------------------
 
CADASTRO DE CLIENTE
POST => "luciana" Data => "2012-09-13 11:02:20", Cadastrou o Cliente de vale 560381 => "INFORMAÇÕES CADASTRADAS => "5 => 28 => 17 => 0 => 1 => 11/09/2012 => 560381 => 245 => 8299 => 11/09/2012 => JORGE MAURICIO RODRIGUES SA CO => 9304 => MARIA APRECIDA FERREIRA  => 22720012 => ESTRADA: DO RIO GRANDE => 556 =>  => Taquara => Rio de Janeiro => RJ =>  =>  =>  =>  => 01 => 134902 => BALCAO C/T ARAMOVEIS LILIAN BR/PTO => 01 => 134898 => COZ COMP ARAMOVEIS LILIAN PLUS  BR/PT =>  =>  =>  =>  =>  =>  =>  =>  =>  =>  =>  =>  =>  =>  =>  =>  =>  =>  =>  =>  =>  =>  =>  =>  =>  =>  =>  =>  =>  =>  =>  =>  =>  =>  =>  =>  => "

-------------------------------
 
CADASTRO DE CLIENTE
POST => "luciana" Data => "2012-09-13 11:04:24", Cadastrou o Cliente de vale 560366 => "INFORMAÇÕES CADASTRADAS => "5 => 23 => 19 => 0 => 0 => 11/09/2012 => 560366 => 212 => 11710 => 11/09/2012 => JOSINIR LUIZ DE OLIVEIRA FERRE => 146559 => LUCIANO VIEIRA BELLO =>  => MARCELINO LOPES  => 235 =>  => ANDRADA DE ARAUJO => Belford Roxo =>  =>  =>  =>  =>  => 01 => 742 => COZINHA ITATANITA VD =>  =>  =>  =>  =>  =>  =>  =>  =>  =>  =>  =>  =>  =>  =>  =>  =>  =>  =>  =>  =>  =>  =>  =>  =>  =>  =>  =>  =>  =>  =>  =>  =>  =>  =>  =>  =>  =>  => "

-------------------------------
 
CADASTRO DE CLIENTE
POST => "luciana" Data => "2012-09-13 11:06:26", Cadastrou o Cliente de vale 560365 => "INFORMAÇÕES CADASTRADAS => "5 => 38 => 9 => 0 => 1 => 11/09/2012 => 560365 => 212 => 55874 => 11/09/2012 => LEONARDO DA SILVA PACHECO => 529919 => LUCIANO VIEIRA BELLO => 26554000 => Avenida: União => 531 => APT 101 => Santa Terezinha => Mesquita => RJ =>  =>  =>  =>  => 01 => 136651 => COZINHA TELASSUL CRISTAL 80123 BR =>  =>  =>  =>  =>  =>  =>  =>  =>  =>  =>  =>  =>  =>  =>  =>  =>  =>  =>  =>  =>  =>  =>  =>  =>  =>  =>  =>  =>  =>  =>  =>  =>  =>  =>  =>  =>  =>  => "

-------------------------------
 
ALTERAÇÃO DE CLIENTE
POST => "luciana" Data => "2012-09-13 11:25:33", Alterou o Cliente de vale 524191 => "INFORMAÇÕES ALTERADAS => "1 => 4669 => 5 => 23 => 22 => 2 => 0 => 17/07/2012 => 524191 => 212 => 60399 => 16/07/2012 => PEDRO DA SILVA PARANHOS => 522698/199 => EDNA EGIDIA CURVELO => 26115390 => RUA: AJUARA => lt 215 => QD 10 => HITERLAND => BELFORD ROXO => RJ =>  =>  =>  => APOS A PADARIA STA AAMELIA ANTES DO BATALHAO ENTRADA NA QUADRA DE FUTEBOLJOSE ARIMATEIA VAI PEGAR A RECUSA DIA 13/9 E-MAIL ENVIADO PARA O IGOR DIA 13/9 LUCIANA  => e- mail enviado para Jandira e Lidiane  dia 4/9 Luciana  => 1 => 139517 => KIT ITAT I3 VD FL CRIATIVA 5P/4G PT => 0 =>  => 0 =>  => 0 =>  => 0 =>  => 0 =>  => 0 =>  => 0 =>  => 0 =>  => 0 =>  => 0 =>  => 0 =>  => 0 =>  => 0 =>  => 0 =>  => 0 =>  => 0 =>  => 0 =>  => 0 =>  => 0 =>  => "

-------------------------------
 
ALTERAÇÃO DE CLIENTE
POST => "luciana" Data => "2012-09-13 11:35:03", Alterou o Cliente de vale 452567 => "INFORMAÇÕES ALTERADAS => "1 => 3599 => 5 => 31 => 31 => 0 => 0 => 14/05/2012 => 452567 => 198 => 51259 => 26/03/2012 => SUELY DA SILVA => 519195/199 => LUCIANA DA SILVA PEREIRA => 21842550 => Q => 331 =>  => BANGU => RIO DE JANEIRO => RJ => 2655-7389 => 3469-1585 => 8265-2024 => FICA NO JARDIM TAQUARAL PERTO DE CRECHE PRO LUCIANA    AGEND:  CLIENTE CIENTE LUCIANA  =>  => 1 => 135479 => BALCAO C/T KIPLAC RENATA PLUS BR/PT => 0 =>  => 0 =>  => 0 =>  => 0 =>  => 0 =>  => 0 =>  => 0 =>  => 0 =>  => 0 =>  => 0 =>  => 0 =>  => 0 =>  => 0 =>  => 0 =>  => 0 =>  => 0 =>  => 0 =>  => 0 =>  => 0 =>  => "

-------------------------------
 
ALTERAÇÃO DE CLIENTE
POST => "camila" Data => "2012-09-13 12:53:46", Alterou o Cliente de vale 415407 => "INFORMAÇÕES ALTERADAS => "1 => 438 => 6 => 17 => 28 => 0 => 0 => 03/03/2012 => 415407 => 179 => 161385 => 08/02/2012 =>  =>  => ROSENEIDE JOSE DA SILVA => 25010000 => RUA:MIGUEL COUTO => lt 12 => QD 29 => SARACURUNA => DUQUE DE CAXIAS => RJ => 7346-3052 =>  =>  => atras do posto de saude cras. =>  => 1 => 134933 => ESTANTE CAEMMUN CLEAN TB/BR/MP => 0 =>  => 0 =>  => 0 =>  => 0 =>  => 0 =>  => 0 =>  => 0 =>  => 0 =>  => 0 =>  => 0 =>  => 0 =>  => 0 =>  => 0 =>  => 0 =>  => 0 =>  => 0 =>  => 0 =>  => 0 =>  => 0 =>  => "

-------------------------------
 
ALTERAÇÃO DE CLIENTE
POST => "camila" Data => "2012-09-13 12:57:05", Alterou o Cliente de vale 415407 => "INFORMAÇÕES ALTERADAS => "1 => 438 => 6 => 24 => 22 => 0 => 0 => 03/03/2012 => 415407 => 179 => 161385 => 08/02/2012 =>  =>  => ROSENEIDE JOSE DA SILVA => 25010000 => RUA:MIGUEL COUTO => lt 12 => QD 29 => SARACURUNA => DUQUE DE CAXIAS => RJ => 7346-3052 =>  =>  => Atras do posto de Saúde Cras. =>  => 1 => 134933 => ESTANTE CAEMMUN CLEAN TB/BR/MP => 0 =>  => 0 =>  => 0 =>  => 0 =>  => 0 =>  => 0 =>  => 0 =>  => 0 =>  => 0 =>  => 0 =>  => 0 =>  => 0 =>  => 0 =>  => 0 =>  => 0 =>  => 0 =>  => 0 =>  => 0 =>  => 0 =>  => "

-------------------------------
 
ALTERAÇÃO DE CLIENTE
POST => "luciana" Data => "2012-09-13 13:13:53", Alterou o Cliente de vale 415407 => "INFORMAÇÕES ALTERADAS => "1 => 438 => 5 => 23 => 12 => 0 => 0 => 03/03/2012 => 415407 => 179 => 161385 => 08/02/2012 =>  =>  => ROSENEIDE JOSE DA SILVA => 25010000 => RUA:MIGUEL COUTO => lt 12 => QD 29 => SARACURUNA => DUQUE DE CAXIAS => RJ => 7346-3052 =>  =>  => Atras do posto de Saúde Cras. UBIRAJARA VAI ATENDE SABADO 15/9 PELA MANHA LUCIANA =>  => 1 => 134933 => ESTANTE CAEMMUN CLEAN TB/BR/MP => 0 =>  => 0 =>  => 0 =>  => 0 =>  => 0 =>  => 0 =>  => 0 =>  => 0 =>  => 0 =>  => 0 =>  => 0 =>  => 0 =>  => 0 =>  => 0 =>  => 0 =>  => 0 =>  => 0 =>  => 0 =>  => 0 =>  => "

-------------------------------
 
ALTERAÇÃO DE CLIENTE
POST => "luciana" Data => "2012-09-13 13:14:14", Alterou o Cliente de vale 415407 => "INFORMAÇÕES ALTERADAS => "1 => 438 => 5 => 15 => 25 => 0 => 0 => 03/03/2012 => 415407 => 179 => 161385 => 08/02/2012 =>  =>  => ROSENEIDE JOSE DA SILVA => 25010000 => RUA:MIGUEL COUTO => lt 12 => QD 29 => SARACURUNA => DUQUE DE CAXIAS => RJ => 7346-3052 =>  =>  => Atras do posto de Saúde Cras. UBIRAJARA VAI ATENDE SABADO 15/9 PELA MANHA LUCIANA =>  => 1 => 134933 => ESTANTE CAEMMUN CLEAN TB/BR/MP => 0 =>  => 0 =>  => 0 =>  => 0 =>  => 0 =>  => 0 =>  => 0 =>  => 0 =>  => 0 =>  => 0 =>  => 0 =>  => 0 =>  => 0 =>  => 0 =>  => 0 =>  => 0 =>  => 0 =>  => 0 =>  => 0 =>  => "

-------------------------------
 
ALTERAÇÃO DE CLIENTE
POST => "luciana" Data => "2012-09-13 13:16:47", Alterou o Cliente de vale 415407 => "INFORMAÇÕES ALTERADAS => "1 => 438 => 5 => 36 => 7 => 0 => 0 => 03/03/2012 => 415407 => 179 => 161385 => 08/02/2012 =>  =>  => ROSENEIDE JOSE DA SILVA => 25010000 => RUA:MIGUEL COUTO => lt 12 => QD 29 => SARACURUNA => DUQUE DE CAXIAS => RJ => 7346-3052 =>  =>  => Atras do posto de Saúde Cras. UBIRAJARA VAI ATENDE SABADO 15/9 PELA MANHA LUCIANA =>  => 1 => 134933 => ESTANTE CAEMMUN CLEAN TB/BR/MP => 0 =>  => 0 =>  => 0 =>  => 0 =>  => 0 =>  => 0 =>  => 0 =>  => 0 =>  => 0 =>  => 0 =>  => 0 =>  => 0 =>  => 0 =>  => 0 =>  => 0 =>  => 0 =>  => 0 =>  => 0 =>  => 0 =>  => "

-------------------------------
 
CADASTRO DE CLIENTE
POST => "luciana" Data => "2012-09-13 13:23:14", Cadastrou o Cliente de vale 561797 => "INFORMAÇÕES CADASTRADAS => "5 => 5 => 19 => 0 => 0 => 13/09/2012 => 561797 => 213 => 65565 => 13/09/2012 => MOISES CASTELO JUNIOR => 8297 => PRISCILA LEANDRO MEDEIROS => 25915000 => ALAMEDA ALBERTINHO  => 94 =>  => JARDIM  => MAGe => RJ => 2659-8749 =>  =>  => ATENDIMENTO EM 48HS LUCIANA  => 01 => 140391 => G.ROUPA ARAPLAC 8P AUSTRIA TB/BR =>  =>  =>  =>  =>  =>  =>  =>  =>  =>  =>  =>  =>  =>  =>  =>  =>  =>  =>  =>  =>  =>  =>  =>  =>  =>  =>  =>  =>  =>  =>  =>  =>  =>  =>  =>  =>  =>  => "

-------------------------------
 
ALTERAÇÃO DE CLIENTE
POST => "luciana" Data => "2012-09-13 13:24:55", Alterou o Cliente de vale 561797 => "INFORMAÇÕES ALTERADAS => "1 => 5185 => 5 => 9 => 26 => 0 => 0 => 13/09/2012 => 561797 => 213 => 65565 => 13/09/2012 => MOISES CASTELO JUNIOR => 8297 => PRISCILA LEANDRO MEDEIROS => 25915000 => ALAMEDA ALBERTINHO => 94 =>  => JARDIM => MAGE => RJ => 2659-8749 =>  =>  => ATENDIMENTO EM 48HS LUCIANA =>  => 1 => 140391 => G.ROUPA ARAPLAC 8P AUSTRIA TB/BR => 0 =>  => 0 =>  => 0 =>  => 0 =>  => 0 =>  => 0 =>  => 0 =>  => 0 =>  => 0 =>  => 0 =>  => 0 =>  => 0 =>  => 0 =>  => 0 =>  => 0 =>  => 0 =>  => 0 =>  => 0 =>  => 0 =>  => "

-------------------------------
 
ALTERAÇÃO DE CLIENTE
POST => "luciana" Data => "2012-09-13 13:27:47", Alterou o Cliente de vale 561797 => "INFORMAÇÕES ALTERADAS => "1 => 5185 => 5 => 34 => 8 => 0 => 0 => 13/09/2012 => 561797 => 213 => 65565 => 13/09/2012 => MOISES CASTELO JUNIOR => 8297 => PRISCILA LEANDRO MEDEIROS => 25915000 => ALAMEDA ALBERTINHO => 94 =>  => JARDIM => MAGE => RJ => 2659-8749 =>  =>  => ATENDIMENTO EM 48HS LUCIANA =>  => 1 => 140391 => G.ROUPA ARAPLAC 8P AUSTRIA TB/BR => 0 =>  => 0 =>  => 0 =>  => 0 =>  => 0 =>  => 0 =>  => 0 =>  => 0 =>  => 0 =>  => 0 =>  => 0 =>  => 0 =>  => 0 =>  => 0 =>  => 0 =>  => 0 =>  => 0 =>  => 0 =>  => 0 =>  => "

-------------------------------
 
ALTERAÇÃO DE CLIENTE
POST => "luciana" Data => "2012-09-13 13:33:07", Alterou o Cliente de vale 442481 => "INFORMAÇÕES ALTERADAS => "1 => 1906 => 5 => 16 => 11 => 0 => 2 => 23/03/2012 => 442481 => RE => 442481 => 21/03/2012 =>  =>  => LUIZ CARLOS PEREIRA DUARTE JUNIOR =>  => RUA ADILSON MAIA => 283 => CASA => PARQUE ANCHIETA => RIO DE JANEIRO => RJ => 2455-9118 => 7881-1592 =>  => PX AO BRIZOLAO,PEDIDO:33485 => E-MAIL COM LAUDO SOLICITANDO A TROCA DO PANELEIRO,OS OUTROS PRODUTOS ESTÃO OK,ENVIADO PARA ROMULO NO DIA 29/03!,vai sair novamente com montador Farly para verificar este caso. => 1 => 10786 => ARM ITAT MAD IPLDA-70 TECNO PTO/LAC => 1 => 99076 => ARM ITAT MAD IP HT-105 TECNO B/PT/L => 1 => 10794 => ARM ITAT IPH-70 GAR TEC BR/LA => 0 =>  => 0 =>  => 0 =>  => 0 =>  => 0 =>  => 0 =>  => 0 =>  => 0 =>  => 0 =>  => 0 =>  => 0 =>  => 0 =>  => 0 =>  => 0 =>  => 0 =>  => 0 =>  => 0 =>  => "

-------------------------------
 
ALTERAÇÃO DE CLIENTE
POST => "luciana" Data => "2012-09-13 13:37:51", Alterou o Cliente de vale 386780 => "INFORMAÇÕES ALTERADAS => "1 => 4857 => 5 => 20 => 28 => 0 => 2 => 15/07/2012 => 386780 => 175 => 386780 => 15/07/2012 =>  =>  => ANDREA DA COSTA NUNES =>  => RUA CASTELNUOVO => 314 =>  => TIJUCA => RIO DE JANEIRO => RJ => 2278--263 => 2278-2636 =>  => COMUNIDADE DO FORMIGA AO LADO DO BAR DA IONE PROC MARILDA agend:14/9 LUCIANA . =>  => 1 => 8981 => G. ROUPA MOVAL 6P40065 COL PLUS TB/M => 0 =>  => 0 =>  => 0 =>  => 0 =>  => 0 =>  => 0 =>  => 0 =>  => 0 =>  => 0 =>  => 0 =>  => 0 =>  => 0 =>  => 0 =>  => 0 =>  => 0 =>  => 0 =>  => 0 =>  => 0 =>  => 0 =>  => "

-------------------------------
 
ALTERAÇÃO DE CLIENTE
POST => "luciana" Data => "2012-09-13 13:46:52", Alterou o Cliente de vale 561028 => "INFORMAÇÕES ALTERADAS => "1 => 5171 => 5 => 29 => 18 => 0 => 0 => 12/09/2012 => 561028 => 171 => 24808 => 12/09/2012 => PENHA ROSANA DA SILVA CAMPOS => 4027 => MARLUCE AGUIAR PEREIRA => 21820140 => RUA: FIAÇÃO => 183 =>  => BANGU => RIO DE JANEIRO => RJ =>  =>  =>  => agend: quinta feira 13/9 LUCIANA  =>  => 1 => 134898 => COZ COMP ARAMOVEIS LILIAN PLUS  BR/PT => 0 =>  => 0 =>  => 0 =>  => 0 =>  => 0 =>  => 0 =>  => 0 =>  => 0 =>  => 0 =>  => 0 =>  => 0 =>  => 0 =>  => 0 =>  => 0 =>  => 0 =>  => 0 =>  => 0 =>  => 0 =>  => 0 =>  => "

-------------------------------
 
ALTERAÇÃO DE CLIENTE
POST => "luciana" Data => "2012-09-13 13:49:23", Alterou o Cliente de vale 560395 => "INFORMAÇÕES ALTERADAS => "1 => 5181 => 5 => 30 => 23 => 0 => 0 => 11/09/2012 => 560395 => 238 => 15499 => 11/09/2012 => ROBENITA BRITO DA FONSECA => 58017 => LUCIMERI DOS SANTOS GOMES => 23035380 => ESTRADA: DO MAGARÇA => 2566 =>  => CAMPO GRANDE => RIO DE JANEIRO => RJ =>  =>  =>  =>  =>  => 1 => 16377 => CAMA CS N.HORIZ ANGRA PLUS AM/AM/PT => 0 =>  => 0 =>  => 0 =>  => 0 =>  => 0 =>  => 0 =>  => 0 =>  => 0 =>  => 0 =>  => 0 =>  => 0 =>  => 0 =>  => 0 =>  => 0 =>  => 0 =>  => 0 =>  => 0 =>  => 0 =>  => 0 =>  => "

-------------------------------
 
ALTERAÇÃO DE CLIENTE
POST => "luciana" Data => "2012-09-13 13:49:31", Alterou o Cliente de vale 560395 => "INFORMAÇÕES ALTERADAS => "1 => 5181 => 5 => 48 => 33 => 0 => 1 => 11/09/2012 => 560395 => 238 => 15499 => 11/09/2012 => ROBENITA BRITO DA FONSECA => 58017 => LUCIMERI DOS SANTOS GOMES => 23035380 => ESTRADA: DO MAGARÇA => 2566 =>  => CAMPO GRANDE => RIO DE JANEIRO => RJ =>  =>  =>  =>  =>  => 1 => 16377 => CAMA CS N.HORIZ ANGRA PLUS AM/AM/PT => 0 =>  => 0 =>  => 0 =>  => 0 =>  => 0 =>  => 0 =>  => 0 =>  => 0 =>  => 0 =>  => 0 =>  => 0 =>  => 0 =>  => 0 =>  => 0 =>  => 0 =>  => 0 =>  => 0 =>  => 0 =>  => 0 =>  => "

-------------------------------
 
ALTERAÇÃO DE CLIENTE
POST => "luciana" Data => "2012-09-13 14:20:12", Alterou o Cliente de vale 561028 => "INFORMAÇÕES ALTERADAS => "1 => 5171 => 5 => 17 => 27 => 0 => 0 => 12/09/2012 => 561028 => 171 => 24808 => 12/09/2012 => PENHA ROSANA DA SILVA CAMPOS => 4027 => MARLUCE AGUIAR PEREIRA => 21820140 => RUA: FIAÇÃO => 183 =>  => BANGU => RIO DE JANEIRO => RJ =>  =>  =>  => agend: quinta feira 13/9 LUCIANA  =>  => 1 => 134898 => COZ COMP ARAMOVEIS LILIAN PLUS  BR/PT => 0 =>  => 0 =>  => 0 =>  => 0 =>  => 0 =>  => 0 =>  => 0 =>  => 0 =>  => 0 =>  => 0 =>  => 0 =>  => 0 =>  => 0 =>  => 0 =>  => 0 =>  => 0 =>  => 0 =>  => 0 =>  => 0 =>  => "

-------------------------------
 
ALTERAÇÃO DE CLIENTE
POST => "luciana" Data => "2012-09-13 14:23:03", Alterou o Cliente de vale 561028 => "INFORMAÇÕES ALTERADAS => "1 => 5171 => 5 => 24 => 18 => 0 => 0 => 12/09/2012 => 561028 => 171 => 24808 => 12/09/2012 => PENHA ROSANA DA SILVA CAMPOS => 4027 => MARLUCE AGUIAR PEREIRA => 21820140 => RUA: FIAÇÃO => 183 =>  => BANGU => RIO DE JANEIRO => RJ =>  =>  =>  => agend: quinta feira 13/9 LUCIANA  => ninguem conhece esta cliente neste endereço .e-mail enviado para o naec dia 13/9 para pedi um tel de contato LUCIANA  => 1 => 134898 => COZ COMP ARAMOVEIS LILIAN PLUS  BR/PT => 0 =>  => 0 =>  => 0 =>  => 0 =>  => 0 =>  => 0 =>  => 0 =>  => 0 =>  => 0 =>  => 0 =>  => 0 =>  => 0 =>  => 0 =>  => 0 =>  => 0 =>  => 0 =>  => 0 =>  => 0 =>  => 0 =>  => "

-------------------------------
 
ALTERAÇÃO DE CLIENTE
POST => "luciana" Data => "2012-09-13 14:27:22", Alterou o Cliente de vale 561028 => "INFORMAÇÕES ALTERADAS => "1 => 5171 => 5 => 36 => 7 => 0 => 0 => 12/09/2012 => 561028 => 171 => 24808 => 12/09/2012 => PENHA ROSANA DA SILVA CAMPOS => 4027 => MARLUCE AGUIAR PEREIRA => 21820140 => RUA: FIAÇÃO => 183 =>  => BANGU => RIO DE JANEIRO => RJ =>  =>  =>  => agend: quinta feira 13/9 LUCIANA  => ninguem conhece esta cliente neste endereço .e-mail enviado para o naec dia 13/9 para pedi um tel de contato LUCIANA  => 1 => 134898 => COZ COMP ARAMOVEIS LILIAN PLUS  BR/PT => 0 =>  => 0 =>  => 0 =>  => 0 =>  => 0 =>  => 0 =>  => 0 =>  => 0 =>  => 0 =>  => 0 =>  => 0 =>  => 0 =>  => 0 =>  => 0 =>  => 0 =>  => 0 =>  => 0 =>  => 0 =>  => 0 =>  => "

-------------------------------
 
ALTERAÇÃO DE CLIENTE
POST => "luciana" Data => "2012-09-13 16:23:51", Alterou o Cliente de vale 452567 => "INFORMAÇÕES ALTERADAS => "1 => 3599 => 5 => 44 => 19 => 0 => 0 => 14/05/2012 => 452567 => 198 => 51259 => 26/03/2012 => SUELY DA SILVA => 519195/199 => LUCIANA DA SILVA PEREIRA => 21842550 => Q => 331 =>  => BANGU => RIO DE JANEIRO => RJ => 2655-7389 => 3469-1585 => 8265-2024 => FICA NO JARDIM TAQUARAL PERTO DE CRECHE PRO LUCIANA   LUCIANA  =>  => 1 => 135479 => BALCAO C/T KIPLAC RENATA PLUS BR/PT => 0 =>  => 0 =>  => 0 =>  => 0 =>  => 0 =>  => 0 =>  => 0 =>  => 0 =>  => 0 =>  => 0 =>  => 0 =>  => 0 =>  => 0 =>  => 0 =>  => 0 =>  => 0 =>  => 0 =>  => 0 =>  => 0 =>  => "

-------------------------------
 
ALTERAÇÃO DE CLIENTE
POST => "luciana" Data => "2012-09-13 16:24:05", Alterou o Cliente de vale 452567 => "INFORMAÇÕES ALTERADAS => "1 => 3599 => 5 => 23 => 36 => 0 => 0 => 14/05/2012 => 452567 => 198 => 51259 => 26/03/2012 => SUELY DA SILVA => 519195/199 => LUCIANA DA SILVA PEREIRA => 21842550 => Q => 331 =>  => BANGU => RIO DE JANEIRO => RJ => 2655-7389 => 3469-1585 => 8265-2024 => FICA NO JARDIM TAQUARAL PERTO DE CRECHE PRO LUCIANA    =>  => 1 => 135479 => BALCAO C/T KIPLAC RENATA PLUS BR/PT => 0 =>  => 0 =>  => 0 =>  => 0 =>  => 0 =>  => 0 =>  => 0 =>  => 0 =>  => 0 =>  => 0 =>  => 0 =>  => 0 =>  => 0 =>  => 0 =>  => 0 =>  => 0 =>  => 0 =>  => 0 =>  => 0 =>  => "

-------------------------------
 
CADASTRO DE CLIENTE
POST => "luciana" Data => "2012-09-13 16:34:48", Cadastrou o Cliente de vale 561980 => "INFORMAÇÕES CADASTRADAS => "5 => 3 => 23 => 0 => 0 => 13/09/2012 => 561980 => 179 => 32371 => 13/09/2012 => JOELSON CUSTODIO DA SILVA  => 109424 => DAMIANA DOS SANTOS SILVA  => 26175025 => Rua: Tangi => 0 => LT03QDF => Parque Real => Belford Roxo => RJ => 3771-7864 =>  =>  => AGEND:SEXTA 14/9 LUCIANA  => 01 => 156274 => CAB BOX GELIUS YASMIM1,40/1,60 CARV/PTO =>  =>  =>  =>  =>  =>  =>  =>  =>  =>  =>  =>  =>  =>  =>  =>  =>  =>  =>  =>  =>  =>  =>  =>  =>  =>  =>  =>  =>  =>  =>  =>  =>  =>  =>  =>  =>  =>  => "

-------------------------------
