 
ALTERAÇÃO DE CLIENTE
POST => "MIRIAN" Data => "2012-06-05 08:49:50", Alterou o Cliente de vale 475257 => "INFORMAÇÕES ALTERADAS => "1 => 3299 => 11 => 34 => 18 => 0 => 0 => 11/05/2012 => 475257 => 196 => 640 => 24/04/2012 => SEBASTIAO ANTONIO GONÇALVES => 16798 => SANDRA REGINA DE OLIVEIRA =>  => ALGA MARINHA => 103 => CASA 201 => PARAISO => NOVA IGUAÇU =>  => 9226-6443 => 8780-5718 =>  => PROX AO MERCADO VIANENSE KM 32 => Email enviado ao naec dia 22-05-2012 Camila => 1 => 100136 => COZINHA ITAT DAYANE BR => 0 =>  => 0 =>  => 0 =>  => 0 =>  => 0 =>  => 0 =>  => 0 =>  => 0 =>  => 0 =>  => 0 =>  => 0 =>  => 0 =>  => 0 =>  => 0 =>  => 0 =>  => 0 =>  => 0 =>  => 0 =>  => 0 =>  => "

-------------------------------
 
ALTERAÇÃO DE CLIENTE
POST => "MIRIAN" Data => "2012-06-05 09:31:20", Alterou o Cliente de vale 399466 => "INFORMAÇÕES ALTERADAS => "1 => 1449 => 11 => 21 => 13 => 0 => 0 => 16/03/2012 => 399466 => 169 => 86768 => 23/01/2012 => ROSANA SOUZA MONTEIRO => 463378 => ROZYAVANIA CERQUEIRA DOS SANTOS =>  => ESTRADA DOS CABOCLOS BL53 => 1185 => APTO 104 => CAMPO GRANDE => RIO DE JANEIRO =>  => 8668-1719 => 9821-0757 =>  => AO NACIONAL GAS E POSTO DA SHELL NO SEGUNDO CONDOMINIO ENTREGAR SABADO => Montagem agendada p/09/06/12,já confirmei com a cliente  e a mesma pediu p/não ligar mais p/ela. => 1 => 9072 => ARM.COLOR ECLIPSE 2P4G BAL C/T VD => 0 =>  => 0 =>  => 0 =>  => 0 =>  => 0 =>  => 0 =>  => 0 =>  => 0 =>  => 0 =>  => 0 =>  => 0 =>  => 0 =>  => 0 =>  => 0 =>  => 0 =>  => 0 =>  => 0 =>  => 0 =>  => 0 =>  => "

-------------------------------
 
ALTERAÇÃO DE CLIENTE
POST => "MIRIAN" Data => "2012-06-05 09:31:45", Alterou o Cliente de vale 421433 => "INFORMAÇÕES ALTERADAS => "1 => 1448 => 11 => 4 => 6 => 0 => 0 => 16/03/2012 => 421433 => 169 => 86768 => 15/02/2012 => ROSANA SOUZA MONTEIRO => 493202 => ROZYAVANIA CERQUEIRA DOS SANTOS =>  => ESTRADA DOS CABOCLOS BL 53 => 1185 => APTO 104 => CAMPO GRANDE => RIO DE JANEIRO =>  => 8668-1719 => 9821-0757 =>  => AO NACIONAL GAS E POSTO DA SHELLNO SEGUNDO CONDOMINIO ENT SABADO => Montagem agendada p/09/06/12,já confirmei com a cliente  e a mesma pediu p/não ligar mais p/ela. => 1 => 9074 => COZINHA COMP COLOR ECLIPSE TOP PTO => 0 =>  => 0 =>  => 0 =>  => 0 =>  => 0 =>  => 0 =>  => 0 =>  => 0 =>  => 0 =>  => 0 =>  => 0 =>  => 0 =>  => 0 =>  => 0 =>  => 0 =>  => 0 =>  => 0 =>  => 0 =>  => 0 =>  => "

-------------------------------
 
ALTERAÇÃO DE CLIENTE
POST => "luciana" Data => "2012-06-05 10:18:50", Alterou o Cliente de vale 483119 => "INFORMAÇÕES ALTERADAS => "1 => 3088 => 5 => 8 => 15 => 0 => 0 => 08/05/2012 => 483119 => 245 => 40462 => 07/05/2012 => JORGE MAURICIO RODRIGUES DA CO => 503347/199 => MARIA AVANI DA SILVA => 22770331 => ESTRADA: MARECHAL MIGUEL SALAZAR MENDES DE MORAIS => 291 => AP 302 => TAQUARA => RIO DE JANEIRO => RJ => 7884-5440 =>  =>  => PROX AO RESTAURANTE LACO DE OURO E CAVALINO => PASSEI E-MAIL PARA O MAEC DIA 5/6 PARA O WAGNER E AMARILDO  PARA PEDI AS PEÇAS LUCIANA  => 1 => 139576 => G ROUPA IRMOL 2P APOLO CHOC/IMB/MP => 0 =>  => 0 =>  => 0 =>  => 0 =>  => 0 =>  => 0 =>  => 0 =>  => 0 =>  => 0 =>  => 0 =>  => 0 =>  => 0 =>  => 0 =>  => 0 =>  => 0 =>  => 0 =>  => 0 =>  => 0 =>  => 0 =>  => "

-------------------------------
 
ALTERAÇÃO DE CLIENTE
POST => "luciana" Data => "2012-06-05 10:43:19", Alterou o Cliente de vale 485252 => "INFORMAÇÕES ALTERADAS => "1 => 3457 => 5 => 33 => 20 => 0 => 0 => 11/05/2012 => 485252 => 245 => 42569 => 10/05/2012 => JORGE MAURICIO RODRIGUES DA CO => 535734/199 => MARIA JOSE RIBEIRO FERREIRA =>  => RUA CALMON => LT 22 => QD 88 => CURICICA => RIO DE JANEIRO => RJ => 3342-9842 => 7123-4326 =>  => DEPOIS DO PARDAL,PX DA CHONA DA CALMON. => PASSEI E-MAIL PARA O NAEC DIA 5/6 WAGNER ,AMARILDO EUFFUMAN PARA PEDI AS PEÇAS LUCIANA . => 1 => 136337 => BALCAO C/T KIPLAC  RENATA PLUS BR => 1 => 135481 => COZ KIPLAC RENATA PLUS BR/PTO => 0 =>  => 0 =>  => 0 =>  => 0 =>  => 0 =>  => 0 =>  => 0 =>  => 0 =>  => 0 =>  => 0 =>  => 0 =>  => 0 =>  => 0 =>  => 0 =>  => 0 =>  => 0 =>  => 0 =>  => 0 =>  => "

-------------------------------
 
ALTERAÇÃO DE CLIENTE
POST => "simone" Data => "2012-06-05 10:52:04", Alterou o Cliente de vale 486467 => "INFORMAÇÕES ALTERADAS => "1 => 3607 => 35 => 31 => 26 => 0 => 0 => 14/05/2012 => 486467 => 238 => 67143 => 11/05/2012 => GILMAR DIAS RIBEIRO => 539382/199 => RAIMUNDA GOMES DE PONTES => 23587410 => TRAVESSA: DO GOUVEIA => 110 =>  => PACIÊNCIA => RIO DE JANEIRO => RJ => 3156-2861 =>  =>  =>  => OBS: FALEI COM TAIANE VIZINHA DISSE QU EO MONTADOR IA HOJE DIA 05/06/2012 => 1 => 136654 => BALCAO C/T TELASUL CRISTAL BR => 0 =>  => 0 =>  => 0 =>  => 0 =>  => 0 =>  => 0 =>  => 0 =>  => 0 =>  => 0 =>  => 0 =>  => 0 =>  => 0 =>  => 0 =>  => 0 =>  => 0 =>  => 0 =>  => 0 =>  => 0 =>  => 0 =>  => "

-------------------------------
 
ALTERAÇÃO DE CLIENTE
POST => "simone" Data => "2012-06-05 10:59:51", Alterou o Cliente de vale 486621 => "INFORMAÇÕES ALTERADAS => "1 => 3646 => 35 => 14 => 24 => 0 => 0 => 14/05/2012 => 486621 => 247 => 28152 => 11/05/2012 => ANA CAROLINA DA CONCEICAO LOPES => 3407 / 199 => ROSANGELA CENI DA CRUZ => 24400000 => RUA:HEITOR RODRIGUES => 883 => CASA => FAZENDA DOS MINEIROS => SAO GONCALO => RJ => 2725-3521 =>  =>  => NA RUA DO LADO DA SERRARIA DO VALTINHO. => AGENDADO PARA O DIA 01/06 COM ADELINO,TENTEI FALAR COM A CLIENTE NO NÙMERO 27253521 MAS SÓ CHAMA PARA CONFIRMAR O AGENDADO PARA 01/06. OBS: FICHA COM PABLO .... => 1 => 135481 => COZ KIPLAC RENATA PLUS BR/PTO => 0 =>  => 0 =>  => 0 =>  => 0 =>  => 0 =>  => 0 =>  => 0 =>  => 0 =>  => 0 =>  => 0 =>  => 0 =>  => 0 =>  => 0 =>  => 0 =>  => 0 =>  => 0 =>  => 0 =>  => 0 =>  => 0 =>  => "

-------------------------------
 
ALTERAÇÃO DE CLIENTE
POST => "simone" Data => "2012-06-05 11:07:20", Alterou o Cliente de vale 450174 => "INFORMAÇÕES ALTERADAS => "1 => 3552 => 35 => 22 => 11 => 0 => 0 => 14/05/2012 => 450174 => 215 => 96737 => 24/03/2012 => GILBERTO DA SILVA GONCALVES => 507513 / 199 => SOLANGE DE SA CORDEIRO CUNHA => 24736030 => RUA: GUSTAVO DE MATOS => LT 36 => QD 11 => PACHECO => SÃO GONÇALO => RJ => 3710-6209 =>  =>  => SEGUNDO ALZIRA VARGAS 2 RUA A DIREITA NA RUA DA IG TESTEMUNHAS DE JEOVA. => Monatgem agendada /21/05/12,passado email p/marta acompanhar.REAGEND: 06/06/2012 => 1 => 140391 => G.ROUPA ARAPLAC 8P AUSTRIA TB/BR => 0 =>  => 0 =>  => 0 =>  => 0 =>  => 0 =>  => 0 =>  => 0 =>  => 0 =>  => 0 =>  => 0 =>  => 0 =>  => 0 =>  => 0 =>  => 0 =>  => 0 =>  => 0 =>  => 0 =>  => 0 =>  => 0 =>  => "

-------------------------------
 
ALTERAÇÃO DE CLIENTE
POST => "luciana" Data => "2012-06-05 11:11:21", Alterou o Cliente de vale 483072 => "INFORMAÇÕES ALTERADAS => "1 => 3094 => 5 => 31 => 29 => 0 => 0 => 08/05/2012 => 483072 => 245 => 40857 => 07/05/2012 => CARLOS ALBERTO RODRIGUES VELOS => 517489/199 => AURENICE MARIA OLIVEIRA => 21321370 => RUA: LAERCIO ROSA => cs 19 =>  => PRAÇA SECA => RIO DE JANEIRO => RJ => 3355-0952 => 9862-7962 =>  => SUBIR A RUA PRIMEIRO DE MAIO DA ASS DE DEUS => OBS:COLOCAR NA ROTA PASSEI E-MAIL PARA O NAEC DIA 5/6 PARA AMARILDO E WAGNER LUCIANA  => 1 => 135479 => BALCAO C/T KIPLAC RENATA PLUS BR/PT => 1 => 135481 => COZ KIPLAC RENATA PLUS BR/PTO => 0 =>  => 0 =>  => 0 =>  => 0 =>  => 0 =>  => 0 =>  => 0 =>  => 0 =>  => 0 =>  => 0 =>  => 0 =>  => 0 =>  => 0 =>  => 0 =>  => 0 =>  => 0 =>  => 0 =>  => 0 =>  => "

-------------------------------
 
ALTERAÇÃO DE CLIENTE
POST => "simone" Data => "2012-06-05 11:17:21", Alterou o Cliente de vale 413055 => "INFORMAÇÕES ALTERADAS => "1 => 3542 => 35 => 15 => 32 => 0 => 0 => 14/05/2012 => 413055 => 239 => 28233 => 06/02/2012 => PAULO ROBERTO GONCALVES DIAS => 483065 / 199 => LUANA FERNANDES DA SILVA => 24741135 => RUA: FRANCISCO DE GÓES BASTOS => 9 => CASA => ANAIA PEQUENO => SÃO GONÇALO => RJ => 8585-0419 => 2725-2921 =>  =>  => AGENDADO A MONTAGEM PARA O DIA 01/06 COM ADELINO!FICHA PABLO!!!! => 1 => 138033 => G.ROUPA ARAPLAC 10P ATLAN PLUS TB/AM => 0 =>  => 0 =>  => 0 =>  => 0 =>  => 0 =>  => 0 =>  => 0 =>  => 0 =>  => 0 =>  => 0 =>  => 0 =>  => 0 =>  => 0 =>  => 0 =>  => 0 =>  => 0 =>  => 0 =>  => 0 =>  => 0 =>  => "

-------------------------------
 
ALTERAÇÃO DE CLIENTE
POST => "luciana" Data => "2012-06-05 11:19:25", Alterou o Cliente de vale 483119 => "INFORMAÇÕES ALTERADAS => "1 => 3088 => 5 => 26 => 31 => 0 => 0 => 08/05/2012 => 483119 => 245 => 40462 => 07/05/2012 => JORGE MAURICIO RODRIGUES DA CO => 503347/199 => MARIA AVANI DA SILVA => 22770331 => ESTRADA: MARECHAL MIGUEL SALAZAR MENDES DE MORAIS => 291 => AP 302 => TAQUARA => RIO DE JANEIRO => RJ => 7884-5440 =>  =>  => PROX AO RESTAURANTE LACO DE OURO E CAVALINO => PASSEI E-MAIL PARA O MAEC DIA 5/6 PARA O WAGNER E AMARILDO  PARA PEDI AS PEÇAS LUCIANA  => 1 => 139576 => G ROUPA IRMOL 2P APOLO CHOC/IMB/MP => 0 =>  => 0 =>  => 0 =>  => 0 =>  => 0 =>  => 0 =>  => 0 =>  => 0 =>  => 0 =>  => 0 =>  => 0 =>  => 0 =>  => 0 =>  => 0 =>  => 0 =>  => 0 =>  => 0 =>  => 0 =>  => 0 =>  => "

-------------------------------
 
ALTERAÇÃO DE CLIENTE
POST => "luciana" Data => "2012-06-05 11:27:48", Alterou o Cliente de vale 512134 => "INFORMAÇÕES ALTERADAS => "1 => 883 => 5 => 35 => 13 => 0 => 2 => 10/03/2012 => 512134 => WA => 512134 => 09/03/2012 =>  =>  => DANIELA NASCIMENTO COSTA ASSIS =>  => RUA PARTICULAR ESPERANCA => 8A => APTO 303 => PRAÇA SECA => RIO DE JANEIRO => RJ => 7595-2282 =>  =>  => FICA ATRAS DO IPASE EM FRENTE CAMPO DE FUTEBOL PREDIO VERDE.PEDIDO: 81634 => CLIENTE AGENDADO PARA DIA 11/05/2012.PESSEI E-MAIL PRA O NAEC DIA 5/6 PARA PEDI O TAMPO PASSEI PARA AMARILDO WAGNER EUFFUMAN .LUCIANA  => 1 => 5733 => MESA MARMORE LIVIA 4C QUA VERDE => 0 =>  => 0 =>  => 0 =>  => 0 =>  => 0 =>  => 0 =>  => 0 =>  => 0 =>  => 0 =>  => 0 =>  => 0 =>  => 0 =>  => 0 =>  => 0 =>  => 0 =>  => 0 =>  => 0 =>  => 0 =>  => 0 =>  => "

-------------------------------
 
ALTERAÇÃO DE CLIENTE
POST => "luciana" Data => "2012-06-05 11:34:44", Alterou o Cliente de vale 512134 => "INFORMAÇÕES ALTERADAS => "1 => 883 => 5 => 18 => 11 => 0 => 2 => 10/03/2012 => 512134 => WA => 512134 => 09/03/2012 =>  =>  => DANIELA NASCIMENTO COSTA ASSIS =>  => RUA PARTICULAR ESPERANCA => 8A => APTO 303 => PRAÇA SECA => RIO DE JANEIRO => RJ => 7595-2282 =>  =>  => FICA ATRAS DO IPASE EM FRENTE CAMPO DE FUTEBOL PREDIO VERDE.PEDIDO: 81634 => CLIENTE AGENDADO PARA DIA 11/05/2012.PESSEI E-MAIL PRA O NAEC DIA 5/6 PARA PEDI O TAMPO PASSEI PARA AMARILDO WAGNER EUFFUMAN .LUCIANA  => 1 => 5733 => MESA MARMORE LIVIA 4C QUA VERDE => 0 =>  => 0 =>  => 0 =>  => 0 =>  => 0 =>  => 0 =>  => 0 =>  => 0 =>  => 0 =>  => 0 =>  => 0 =>  => 0 =>  => 0 =>  => 0 =>  => 0 =>  => 0 =>  => 0 =>  => 0 =>  => 0 =>  => "

-------------------------------
 
ALTERAÇÃO DE CLIENTE
POST => "luciana" Data => "2012-06-05 11:46:20", Alterou o Cliente de vale 472701 => "INFORMAÇÕES ALTERADAS => "1 => 3225 => 5 => 20 => 11 => 0 => 0 => 11/05/2012 => 472701 => 241 => 759 => 18/04/2012 => ALESSANDRA SILVA DA ROCHA PAULO => 14359 => GISLANE CONRADO BAPTISTA =>  => ELISEU VISCONTI => 120 => APTO FDS => CATUMBI => RIO DE JANEIRO =>  => 8086-9690 =>  =>  => PERGUNTAR PELA QD VITALINO FRENTE DA CASA DA JUCIARA  CONFIRMEI COM O ESPOSO VAGNER agend: quarta 16/5 FICHA COM  JOSE FERNANDO  RELATORIO ENVIADO PARA MIRIAM DIA 28/5  LUCIANA  => PASSEI E-MAIL PARA O NAEC WAGNER AMARILDO EUFFUMAN DIA 5/6 PARA PEDI AS PEÇAS LUCIANA  => 1 => 136651 => COZINHA TELASSUL CRISTAL 80123 BR => 1 => 140391 => G.ROUPA ARAPLAC 8P AUSTRIA TB/BR => 0 =>  => 0 =>  => 0 =>  => 0 =>  => 0 =>  => 0 =>  => 0 =>  => 0 =>  => 0 =>  => 0 =>  => 0 =>  => 0 =>  => 0 =>  => 0 =>  => 0 =>  => 0 =>  => 0 =>  => 0 =>  => "

-------------------------------
 
ALTERAÇÃO DE CLIENTE
POST => "simone" Data => "2012-06-05 11:55:07", Alterou o Cliente de vale 534564 => "INFORMAÇÕES ALTERADAS => "1 => 3142 => 35 => 21 => 37 => 0 => 2 => 08/05/2012 => 534564 => 274 => 534564 => 07/05/2012 =>  =>  => THAMIRES DA SILVA ROCHA =>  => RUA 03 => 240 =>  => VILA ESPERANÇA => MAGE => RJ => 3630-0711 => 8670-1791 =>  => NA SUBIDA DA RUA DA IGREJA BATISTA => AGEN A REVISÃO PARA DIA 05/06/2012 COM VALMIR , CONFIRMADO COM CLIENTE. => 1 => 140391 => G.ROUPA ARAPLAC 8P AUSTRIA TB/BR => 0 =>  => 0 =>  => 0 =>  => 0 =>  => 0 =>  => 0 =>  => 0 =>  => 0 =>  => 0 =>  => 0 =>  => 0 =>  => 0 =>  => 0 =>  => 0 =>  => 0 =>  => 0 =>  => 0 =>  => 0 =>  => 0 =>  => "

-------------------------------
 
ALTERAÇÃO DE CLIENTE
POST => "simone" Data => "2012-06-05 13:03:53", Alterou o Cliente de vale 342828 => "INFORMAÇÕES ALTERADAS => "1 => 3956 => 35 => 41 => 32 => 2 => 0 => 29/05/2012 => 342828 => 169 => 77755 => 01/12/2011 => ROSANA SOUZA MONTEIRO => 385080/199 => DIVALDO BATISTA DA SILVA =>  => ESTRADA DO CAXAMORRA => 1209 => BL 04 APTO 104 => CAMPO GRANDE => RIO DE JANEIRO => RJ => 3402-4563 => 9874-9145 =>  => PX AO BAR DO 500 COND SABIA. => obs: cliente não atende o tel as 13:08 e o montador tel caixa postal => 1 => 138062 => G. ROUPA ARAPLAC 2P DUQUE PLUS BR/LI => 0 =>  => 0 =>  => 0 =>  => 0 =>  => 0 =>  => 0 =>  => 0 =>  => 0 =>  => 0 =>  => 0 =>  => 0 =>  => 0 =>  => 0 =>  => 0 =>  => 0 =>  => 0 =>  => 0 =>  => 0 =>  => 0 =>  => "

-------------------------------
 
CADASTRO DE CLIENTE
POST => "marta" Data => "2012-06-05 13:13:53", Cadastrou o Cliente de vale 499918 => "INFORMAÇÕES CADASTRADAS => "22 => 37 => 18 => 0 => 1 => 05/06/2012 => 499918 => 179 => 13069 => 02/06/2012 => MAURICIO GONÇALVES VIANA => 57970 => MARCIO DE OLIVEIRA BEZERRA =>  => JAPERI => 100 => CASA => PARQUE SENHOR DO BOFIM => DUQUE DE CAXIAS =>  => 2652-3592 =>  =>  => TROCA COM REC AO CHUIQUINHO CAIPIRA/MARQUINHO OI => 1 => 136825 => BALC. ITAT. 1P 3G STILO BR/PTO => 1 => 136833 => PAN ITAT 2P 60CM ESQ STILO PTO =>  =>  =>  =>  =>  =>  =>  =>  =>  =>  =>  =>  =>  =>  =>  =>  =>  =>  =>  =>  =>  =>  =>  =>  =>  =>  =>  =>  =>  =>  =>  =>  =>  =>  =>  =>  => "

-------------------------------
 
ALTERAÇÃO DE CLIENTE
POST => "simone" Data => "2012-06-05 13:16:49", Alterou o Cliente de vale 497168 => "INFORMAÇÕES ALTERADAS => "1 => 3946 => 35 => 32 => 16 => 2 => 0 => 29/05/2012 => 497168 => 223 => 18555 => 28/05/2012 => JOFFRE VELOSO ALVES OLIVEIRA => 20961/s => LUCINEA FERREIRA DOS SANTOS => 20080070 => RUA: LEANDRO MARTINS => 22 => APT607 => CENTRO => RIO DE JANEIRO => RJ =>  =>  =>  => CL SO PODERA  RECEBER AO SABADO => OBS:passei e-mail para o naec no dia 02/06/2012 as 13:20 pedido tel da cliente  => 1 => 8981 => G. ROUPA MOVAL 6P40065 COL PLUS TB/M => 0 =>  => 0 =>  => 0 =>  => 0 =>  => 0 =>  => 0 =>  => 0 =>  => 0 =>  => 0 =>  => 0 =>  => 0 =>  => 0 =>  => 0 =>  => 0 =>  => 0 =>  => 0 =>  => 0 =>  => 0 =>  => 0 =>  => "

-------------------------------
 
CADASTRO DE CLIENTE
POST => "marta" Data => "2012-06-05 13:18:16", Cadastrou o Cliente de vale 499962 => "INFORMAÇÕES CADASTRADAS => "22 => 23 => 22 => 0 => 1 => 05/06/2012 => 499962 => 179 => 155318 => 02/06/2012 => WANDERSON DAMASCENO => 490666 => SIONE MEDEIROS DA SILVA =>  => DOUTOR MANOEL REIS  => 344 => CASA => CENTENARIO => DUQUE DE CAXIAS =>  => 7577-8016 =>  =>  => TROCA CO RECOLHIMENTO PROX PREZUNIC => 1 => 135481 => COZ KIPLAC RENATA PLUS BR/PTO =>  =>  =>  =>  =>  =>  =>  =>  =>  =>  =>  =>  =>  =>  =>  =>  =>  =>  =>  =>  =>  =>  =>  =>  =>  =>  =>  =>  =>  =>  =>  =>  =>  =>  =>  =>  =>  =>  => "

-------------------------------
 
ALTERAÇÃO DE CLIENTE
POST => "marta" Data => "2012-06-05 13:19:21", Alterou o Cliente de vale 499962 => "INFORMAÇÕES ALTERADAS => "1 => 4078 => 22 => 36 => 23 => 0 => 1 => 05/06/2012 => 499962 => 179 => 155318 => 02/06/2012 => WANDERSON DAMASCENO => 490666 => SIMONE MEDEIROS DA SILVA =>  => DOUTOR MANOEL REIS => 344 => CASA => CENTENARIO => DUQUE DE CAXIAS =>  => 7577-8016 =>  =>  => TROCA CO RECOLHIMENTO PROX PREZUNIC =>  => 1 => 135481 => COZ KIPLAC RENATA PLUS BR/PTO => 0 =>  => 0 =>  => 0 =>  => 0 =>  => 0 =>  => 0 =>  => 0 =>  => 0 =>  => 0 =>  => 0 =>  => 0 =>  => 0 =>  => 0 =>  => 0 =>  => 0 =>  => 0 =>  => 0 =>  => 0 =>  => 0 =>  => "

-------------------------------
 
CADASTRO DE CLIENTE
POST => "marta" Data => "2012-06-05 13:27:35", Cadastrou o Cliente de vale 499935 => "INFORMAÇÕES CADASTRADAS => "22 => 28 => 10 => 0 => 1 => 05/06/2012 => 499935 => 179 => 499935 => 02/06/2012 => CLEBER HONORATO DA LUZ => 31981 => JOSENITA DE ALMEIDA SOUSA =>  => CAPITAO SILVA BARROS => 65 =>  => VILA URUSSAI => DUQUE DE CAXIAS =>  => 3092-1226 =>  =>  => TROCA CO RECOLHIMENTO PEGAR ESTRADA SANTA CRUZ EM SARACURUNA SUBIR AO LADO DA PADARIA DO JOAO => 1 => 139537 => COZ ITA SUPREMA NOG/S LAC =>  =>  =>  =>  =>  =>  =>  =>  =>  =>  =>  =>  =>  =>  =>  =>  =>  =>  =>  =>  =>  =>  =>  =>  =>  =>  =>  =>  =>  =>  =>  =>  =>  =>  =>  =>  =>  =>  => "

-------------------------------
 
CADASTRO DE CLIENTE
POST => "marta" Data => "2012-06-05 13:31:27", Cadastrou o Cliente de vale 499523 => "INFORMAÇÕES CADASTRADAS => "22 => 24 => 21 => 0 => 1 => 05/06/2012 => 499523 => 179 => 13659 => 01/06/2012 => MAURICIO GONÇALVES VIANA => 56914 => MISAEL RODRIGUES RIBEIRO =>  => PROFESSOR PIRES SALGADO => 127 => CASA => JARDIM AMERICA => RIO DE JANEIRO =>  =>  =>  =>  => TROCA OM RECOLHIMENTO MESMA RUA DO DEPOSITO DE GAZ E DA COOPERATIVA SHOPEN CARIOCA => 1 => 8981 => G. ROUPA MOVAL 6P40065 COL PLUS TB/M =>  =>  =>  =>  =>  =>  =>  =>  =>  =>  =>  =>  =>  =>  =>  =>  =>  =>  =>  =>  =>  =>  =>  =>  =>  =>  =>  =>  =>  =>  =>  =>  =>  =>  =>  =>  =>  =>  => "

-------------------------------
 
ALTERAÇÃO DE CLIENTE
POST => "simone" Data => "2012-06-05 13:34:13", Alterou o Cliente de vale 480875 => "INFORMAÇÕES ALTERADAS => "1 => 3068 => 35 => 25 => 20 => 2 => 0 => 05/05/2012 => 480875 => 208 => 15624 => 03/05/2012 => MARIA CLEIA DO NASCIMENTO => 68255 => CIRLEIA SILVA FERREIRA DE OLIVEIRA =>  => CAMINHO DA CHACRIHA => 526 => CASA => PRAÇA SECA => RIO DE JANEIRO =>  => 2435-2473 => 8789-1701 =>  => EM FRENTE A CEDAE PROC DONA NEIA DEP 06 PCS => OBS: CLIENTE NÃO ATENDE O TEL AS 13:38  NEM O MONTADOR ! => 1 => 8488 => G.ROUPA ARAMOVEIS 3P 4149 TB/BR => 0 =>  => 0 =>  => 0 =>  => 0 =>  => 0 =>  => 0 =>  => 0 =>  => 0 =>  => 0 =>  => 0 =>  => 0 =>  => 0 =>  => 0 =>  => 0 =>  => 0 =>  => 0 =>  => 0 =>  => 0 =>  => 0 =>  => "

-------------------------------
 
CADASTRO DE CLIENTE
POST => "marta" Data => "2012-06-05 13:37:37", Cadastrou o Cliente de vale 499951 => "INFORMAÇÕES CADASTRADAS => "22 => 19 => 17 => 0 => 1 => 05/06/2012 => 499951 => 179 => 123856 => 02/06/2012 => ANDERSON PEREIRA SANTOS => 341815 => MARCIO DE OLIVEIRA BEZERRA =>  => JAPERI => 100 => CASA => PARQUE SENHOR DO BOFIM => DUQUE DE CAXIAS =>  => 2652-3592 => 9199-3476 =>  => PROX AO CHIQUINHO CAIPIRA /MARQUINHO OI MARCIO DA LINGUIÇA => 1 => 136833 => PAN ITAT 2P 60CM ESQ STILO PTO => 1 => 136836 => ARM ITAT 2P 120CM C/VID STILO PTA =>  =>  =>  =>  =>  =>  =>  =>  =>  =>  =>  =>  =>  =>  =>  =>  =>  =>  =>  =>  =>  =>  =>  =>  =>  =>  =>  =>  =>  =>  =>  =>  =>  =>  =>  =>  => "

-------------------------------
 
CADASTRO DE CLIENTE
POST => "marta" Data => "2012-06-05 13:43:18", Cadastrou o Cliente de vale 499950 => "INFORMAÇÕES CADASTRADAS => "22 => 23 => 18 => 0 => 1 => 05/06/2012 => 499950 => 179 => 11082 => 02/06/2012 => MAURICIO GONÇALVES VIANA => 57962 => LUCILENE DA SILVA CUSTODIO =>  => CARAIBAS QD 24 LT 215 C =>  => CASA => CHACARAS RIO PETROPOLIS => DUQUE DE CAXIAS =>  => 3654-2938 => 9864-6774 =>  => TROCA COM RECOLHIMENTO AO BRIZOLÃO DA RUA 12 SEGUNDA RUA A DIREITA DEPOIS DO BRIZOLÃO PROC ERIVELTO => 1 => 139573 => G ROUPA 6P6G VENEZUELA BR /PTO =>  =>  =>  =>  =>  =>  =>  =>  =>  =>  =>  =>  =>  =>  =>  =>  =>  =>  =>  =>  =>  =>  =>  =>  =>  =>  =>  =>  =>  =>  =>  =>  =>  =>  =>  =>  =>  =>  => "

-------------------------------
 
CADASTRO DE CLIENTE
POST => "marta" Data => "2012-06-05 13:47:52", Cadastrou o Cliente de vale 499954 => "INFORMAÇÕES CADASTRADAS => "22 => 23 => 16 => 0 => 1 => 05/06/2012 => 499954 => 213 => 4010 => 02/06/2012 => ANA PAULA TEXEIRA BASTOS => 57958 => ADRIANA COSTA PEREIRA =>  => RUA TREZE => 226 => CASA 01 => JARDIM IMBARIE => DUQUE DE CAXIAS =>  => 3666-1527 => 9159-4656 =>  => COM RECOLHIMENTO REF PROX AO DEPOSITO DAS CASAS BAHIA PROC ADRIANA OU ANDREIA => 1 => 135481 => COZ KIPLAC RENATA PLUS =>  =>  =>  =>  =>  =>  =>  =>  =>  =>  =>  =>  =>  =>  =>  =>  =>  =>  =>  =>  =>  =>  =>  =>  =>  =>  =>  =>  =>  =>  =>  =>  =>  =>  =>  =>  =>  =>  => "

-------------------------------
 
CADASTRO DE CLIENTE
POST => "marta" Data => "2012-06-05 13:52:23", Cadastrou o Cliente de vale 499952 => "INFORMAÇÕES CADASTRADAS => "22 => 26 => 12 => 0 => 1 => 05/06/2012 => 499952 => 179 => 499952 => 02/06/2012 => ANDERON PEREIRA SANTOS => 341804 => MARCIO DE OLIVEIRA BEZERRA =>  => JAPERI => 100 => CASA => PARQUE SENHOR DO BOFIM => DUQUE DE CAXIAS =>  => 2652-3592 => 9199-3476 =>  => PROX AO CHIQUINHO CAIPIRA/MARQUINHO DA OI MARCIO DA LINGUIÇA => 1 => 136825 => BALC. ITAT. 1P 3G STILO BR/PTO =>  =>  =>  =>  =>  =>  =>  =>  =>  =>  =>  =>  =>  =>  =>  =>  =>  =>  =>  =>  =>  =>  =>  =>  =>  =>  =>  =>  =>  =>  =>  =>  =>  =>  =>  =>  =>  =>  => "

-------------------------------
 
CADASTRO DE CLIENTE
POST => "marta" Data => "2012-06-05 13:56:48", Cadastrou o Cliente de vale 499926 => "INFORMAÇÕES CADASTRADAS => "22 => 27 => 20 => 0 => 1 => 05/06/2012 => 499926 => 179 => 7983 => 02/06/2012 => CLEBER HONORATO DA LUZ => 57960 => JAIR ROSARIO JUNIOR =>  => MINAS GERAIS => 26 => CASA => JARDIM BALNEARIO ANA CLARA => DUQUE DE CAXIAS =>  => 2676-0382 =>  =>  => TROCA COM REC PROX AO MERC MERCALEX E IG UNIVERSAL => 1 => 98715 => ESTANTE BECHARA CANADA HO AMEND/PTO =>  =>  =>  =>  =>  =>  =>  =>  =>  =>  =>  =>  =>  =>  =>  =>  =>  =>  =>  =>  =>  =>  =>  =>  =>  =>  =>  =>  =>  =>  =>  =>  =>  =>  =>  =>  =>  =>  => "

-------------------------------
 
ALTERAÇÃO DE CLIENTE
POST => "simone" Data => "2012-06-05 13:59:50", Alterou o Cliente de vale 243408 => "INFORMAÇÕES ALTERADAS => "1 => 3482 => 35 => 24 => 20 => 2 => 0 => 12/05/2012 => 243408 => 244 => 22805 => 12/08/2012 => DENISE DOS SANTOS LIMA => 262049/199 => WHAYDE JACINTA MOREIRA DE SOUZA => 21645340 => RUA: JOSÉ LOURENÇO => 166 =>  => ANCHIETA => RIO DE JANEIRO => RJ =>  =>  =>  => PROX A PRAÇA NOSSA SENHORA DO NAZARE ENTRAR NA QUINTA => OBS: AGENDADO P/ DIA 06/06/2012 JOSE ARIMATEIA VAI FAZER!! FICHA COM ALEX => 1 => 140391 => G.ROUPA ARAPLAC 8P AUSTRIA TB/BR => 0 =>  => 0 =>  => 0 =>  => 0 =>  => 0 =>  => 0 =>  => 0 =>  => 0 =>  => 0 =>  => 0 =>  => 0 =>  => 0 =>  => 0 =>  => 0 =>  => 0 =>  => 0 =>  => 0 =>  => 0 =>  => 0 =>  => "

-------------------------------
 
CADASTRO DE CLIENTE
POST => "marta" Data => "2012-06-05 14:05:04", Cadastrou o Cliente de vale 498776 => "INFORMAÇÕES CADASTRADAS => "22 => 23 => 9 => 0 => 1 => 05/06/2012 => 498776 => 213 => 1924 => 31/05/2012 => ANA PAULA TEXEIRA BASTOS => 45599 => ISABEL CHRISTINA PECLAT DOS SANTOS =>  => AVENIDA CAIOBA  => 384 => CASA 2 FDS => PIABETA => MAGE =>  => 2659-9204 =>  =>  => COM RECOLHIMENTO REF AO LADO DA CASA MODERNA  VIZINHA DA LOJA DA RICARDO DE PIABETA PROC ESTEFANE CRISTINA OU KEZIA => 1 => 16419 => COZ. COMP ARAMOVEIS LILIAN PLUS BR/VD =>  =>  =>  =>  =>  =>  =>  =>  =>  =>  =>  =>  =>  =>  =>  =>  =>  =>  =>  =>  =>  =>  =>  =>  =>  =>  =>  =>  =>  =>  =>  =>  =>  =>  =>  =>  =>  =>  => "

-------------------------------
 
ALTERAÇÃO DE CLIENTE
POST => "simone" Data => "2012-06-05 14:05:32", Alterou o Cliente de vale 391636 => "INFORMAÇÕES ALTERADAS => "1 => 4003 => 35 => 18 => 35 => 2 => 0 => 31/05/2012 => 391636 => 198 => 49797 => 16/01/2012 => CRISTIANE SANTANA SANTOS COUTI => 455392 => MARIA DE FATIMA M PINHEIRO => 21655340 => RUA: IGUABA GRANDE N 167 => bl4 => APT 1606 => PAVUNA => RIO DE JANEIRO => RJ => 2755-5383 =>  =>  =>  => OBS: AGEND: 06/06/2012 => 1 => 140391 => G.ROUPA ARAPLAC 8P AUSTRIA TB/BR => 0 =>  => 0 =>  => 0 =>  => 0 =>  => 0 =>  => 0 =>  => 0 =>  => 0 =>  => 0 =>  => 0 =>  => 0 =>  => 0 =>  => 0 =>  => 0 =>  => 0 =>  => 0 =>  => 0 =>  => 0 =>  => 0 =>  => "

-------------------------------
 
ALTERAÇÃO DE CLIENTE
POST => "simone" Data => "2012-06-05 14:09:34", Alterou o Cliente de vale 497168 => "INFORMAÇÕES ALTERADAS => "1 => 3946 => 35 => 39 => 9 => 2 => 0 => 29/05/2012 => 497168 => 223 => 18555 => 28/05/2012 => JOFFRE VELOSO ALVES OLIVEIRA => 20961/s => LUCINEA FERREIRA DOS SANTOS => 20080070 => RUA: LEANDRO MARTINS => 22 => APT607 => CENTRO => RIO DE JANEIRO => RJ => 8821-6435 =>  =>  => CL SO PODERA  RECEBER AO SABADO => OBS:passei e-mail para o naec no dia 02/06/2012 as 13:20 pedido tel da cliente  => 1 => 8981 => G. ROUPA MOVAL 6P40065 COL PLUS TB/M => 0 =>  => 0 =>  => 0 =>  => 0 =>  => 0 =>  => 0 =>  => 0 =>  => 0 =>  => 0 =>  => 0 =>  => 0 =>  => 0 =>  => 0 =>  => 0 =>  => 0 =>  => 0 =>  => 0 =>  => 0 =>  => 0 =>  => "

-------------------------------
 
CADASTRO DE CLIENTE
POST => "marta" Data => "2012-06-05 14:10:20", Cadastrou o Cliente de vale 496979 => "INFORMAÇÕES CADASTRADAS => "22 => 37 => 15 => 0 => 1 => 05/06/2012 => 496979 => 212 => 30997 => 28/05/2012 => JOSINIR LUIZ DE OLIVEIRA FERRE => 138280 => CRISTIANO MOREIRA PINTO =>  => TRAVESSA SIDONIO PAES LT 6 QD 3 A => CASA =>  => SAO BERNARDO => BELFORD ROXO =>  => 9207-0462 =>  =>  => PROX AO CORPO DE BOMBEIROS DA FONTE DA ROSA PROC ALINE  => 1 => 136159 => G. ROUPA TCIL 6 BARI IMB/PTO =>  =>  =>  =>  =>  =>  =>  =>  =>  =>  =>  =>  =>  =>  =>  =>  =>  =>  =>  =>  =>  =>  =>  =>  =>  =>  =>  =>  =>  =>  =>  =>  =>  =>  =>  =>  =>  =>  => "

-------------------------------
 
CADASTRO DE CLIENTE
POST => "marta" Data => "2012-06-05 14:14:23", Cadastrou o Cliente de vale 497144 => "INFORMAÇÕES CADASTRADAS => "22 => 33 => 10 => 0 => 1 => 05/06/2012 => 497144 => 197 => 3217 => 28/05/2012 => ANGELA SUZELA ROCHA LEONI => 53244 => LEANDRO DA SILVA SANTANA =>  => CESARIO => 14 => CASA => BANCO DE AREIA => MESQUITA =>  =>  =>  =>  => TROCA COM RECOLHIENTO OBS NUMERO 298 CASA 02 SANTOS ELIAS => 1 => 141552 => CJ SALA JANTAR ORTIZ VALENCIA 6C AMEN =>  =>  =>  =>  =>  =>  =>  =>  =>  =>  =>  =>  =>  =>  =>  =>  =>  =>  =>  =>  =>  =>  =>  =>  =>  =>  =>  =>  =>  =>  =>  =>  =>  =>  =>  =>  =>  =>  => "

-------------------------------
 
ALTERAÇÃO DE CLIENTE
POST => "simone" Data => "2012-06-05 14:14:52", Alterou o Cliente de vale 497168 => "INFORMAÇÕES ALTERADAS => "1 => 3946 => 35 => 37 => 25 => 2 => 0 => 29/05/2012 => 497168 => 223 => 18555 => 28/05/2012 => JOFFRE VELOSO ALVES OLIVEIRA => 20961/s => LUCINEA FERREIRA DOS SANTOS => 20080070 => RUA: LEANDRO MARTINS => 22 => APT607 => CENTRO => RIO DE JANEIRO => RJ => 8821-6435 =>  =>  => CL SO PODERA  RECEBER AO SABADO => OBS:passei e-mail para o naec no dia 02/06/2012 as 13:20 pedido tel da cliente AGEND: SERÁ ATENDIDO ATÉ O DIA 09/06/2012  => 1 => 8981 => G. ROUPA MOVAL 6P40065 COL PLUS TB/M => 0 =>  => 0 =>  => 0 =>  => 0 =>  => 0 =>  => 0 =>  => 0 =>  => 0 =>  => 0 =>  => 0 =>  => 0 =>  => 0 =>  => 0 =>  => 0 =>  => 0 =>  => 0 =>  => 0 =>  => 0 =>  => 0 =>  => "

-------------------------------
 
CADASTRO DE CLIENTE
POST => "marta" Data => "2012-06-05 14:18:15", Cadastrou o Cliente de vale 498774 => "INFORMAÇÕES CADASTRADAS => "22 => 29 => 6 => 0 => 1 => 05/06/2012 => 498774 => 274 => 5542 => 31/05/2012 => PATRICIA APARECIDA DE SOUZA => 56687 => IARA VIEIRA SOARES =>  => ESTRADA DA CONCEIÇÃO => 2660 => CASA => SURUI => MAGE =>  => 2647-4042 => 9831-4561 =>  => TROCA COM RECOLHIMENTO AO LADO DO BAR NEGAO AO LADO DA PONTE CABO FRIO PROC ROMILDO OU ALEXANDRE => 1 => 135251 => G.ROUPA FRITZ 6P DANY TB/BR =>  =>  =>  =>  =>  =>  =>  =>  =>  =>  =>  =>  =>  =>  =>  =>  =>  =>  =>  =>  =>  =>  =>  =>  =>  =>  =>  =>  =>  =>  =>  =>  =>  =>  =>  =>  =>  =>  => "

-------------------------------
 
CADASTRO DE CLIENTE
POST => "marta" Data => "2012-06-05 14:22:31", Cadastrou o Cliente de vale 496183 => "INFORMAÇÕES CADASTRADAS => "22 => 22 => 19 => 0 => 1 => 05/06/2012 => 496183 => 182 => 47209 => 25/05/2012 => EVERTON RODRIGO => 528075 => MONIQUE ALVES MARTINS DE AMORIM =>  => MAGNO DE CARVALHO => 1025 => CASA => CHATUBA => MESQUITA =>  =>  =>  =>  => PROX AO MERCADO REDENTOR => 1 => 135481 => COZ KIPLAC RENATA PLUS BR/PTO =>  =>  =>  =>  =>  =>  =>  =>  =>  =>  =>  =>  =>  =>  =>  =>  =>  =>  =>  =>  =>  =>  =>  =>  =>  =>  =>  =>  =>  =>  =>  =>  =>  =>  =>  =>  =>  =>  => "

-------------------------------
 
ALTERAÇÃO DE CLIENTE
POST => "marta" Data => "2012-06-05 14:23:35", Alterou o Cliente de vale 496163 => "INFORMAÇÕES ALTERADAS => "1 => 4090 => 22 => 16 => 22 => 0 => 1 => 05/06/2012 => 496163 => 182 => 47209 => 25/05/2012 => EVERTON RODRIGO => 528075 => MONIQUE ALVES MARTINS DE AMORIM =>  => MAGNO DE CARVALHO => 1025 => CASA => CHATUBA => MESQUITA =>  =>  =>  =>  => PROX AO MERCADO REDENTOR =>  => 1 => 135481 => COZ KIPLAC RENATA PLUS BR/PTO => 0 =>  => 0 =>  => 0 =>  => 0 =>  => 0 =>  => 0 =>  => 0 =>  => 0 =>  => 0 =>  => 0 =>  => 0 =>  => 0 =>  => 0 =>  => 0 =>  => 0 =>  => 0 =>  => 0 =>  => 0 =>  => 0 =>  => "

-------------------------------
 
CADASTRO DE CLIENTE
POST => "marta" Data => "2012-06-05 14:34:13", Cadastrou o Cliente de vale 490270 => "INFORMAÇÕES CADASTRADAS => "22 => 40 => 27 => 0 => 0 => 05/06/2012 => 490270 => 197 => 490270 => 26/04/2012 => ADEILSON DA CRUZ GABRIEL => 426239 => LEANDRO DA SILVA SANTANA =>  => CESARIO => 14 => CASA => BANCO DE AREIA => MESQUITA =>  =>  =>  =>  =>  => 1 => 141552 => CJ SALA JANTAR ORTIZ VALENCIA 6C AMEN =>  =>  =>  =>  =>  =>  =>  =>  =>  =>  =>  =>  =>  =>  =>  =>  =>  =>  =>  =>  =>  =>  =>  =>  =>  =>  =>  =>  =>  =>  =>  =>  =>  =>  =>  =>  =>  =>  => "

-------------------------------
 
CADASTRO DE CLIENTE
POST => "marta" Data => "2012-06-05 14:42:36", Cadastrou o Cliente de vale 499936 => "INFORMAÇÕES CADASTRADAS => "22 => 33 => 22 => 0 => 0 => 05/06/2012 => 499936 => 179 => 499936 => 02/06/2012 => MAURICIO GONÇALVES VIANA => 57970 => MARCIO DE OLIVEIRA BEZERRA =>  => JAPERI => 100 =>  => PARQUE SENHOR DO BOFIM => DUQUE DE CAXIAS =>  => 2652-3592 =>  =>  => TROCA COM REC PROX AO CHIQUINHO CAIPIRA/MARQUINHO OI => 1 => 136825 => BALC. ITAT. 1P 3G STILO BR/PTO => 1 => 136833 => PAN ITAT 2P 60CM ESQ STILO PTO =>  =>  =>  =>  =>  =>  =>  =>  =>  =>  =>  =>  =>  =>  =>  =>  =>  =>  =>  =>  =>  =>  =>  =>  =>  =>  =>  =>  =>  =>  =>  =>  =>  =>  =>  =>  => "

-------------------------------
 
ALTERAÇÃO DE CLIENTE
POST => "simone" Data => "2012-06-05 14:46:31", Alterou o Cliente de vale 484235 => "INFORMAÇÕES ALTERADAS => "1 => 3351 => 35 => 34 => 26 => 0 => 0 => 11/05/2012 => 484235 => 179 => 144407 => 09/05/2012 => MARCO ANTONIO DE SOUZA NASCIMENTN => 436429/199 => ELIZABETH GOMES BAHIA => 21230070 => RUA: FREI ALEXANDRE => 102 =>  => IRAJÁ => RIO DE JANEIRO => RJ => 2471-8414 => 7740-7063 =>  => PROX A ESTRADA DO PORTINHO PROX AO MERCADO GUANABARA ANTIGA RUA 4 => PASSEI E-MAIL PARA CAMILA COBRAR DO MONTADOR FARLY NO DIA 14/05! AGEND: 06/06/2012. => 1 => 8921 => G.ROUPA BIANCHI 6P REQUINTE TB/MP => 0 =>  => 0 =>  => 0 =>  => 0 =>  => 0 =>  => 0 =>  => 0 =>  => 0 =>  => 0 =>  => 0 =>  => 0 =>  => 0 =>  => 0 =>  => 0 =>  => 0 =>  => 0 =>  => 0 =>  => 0 =>  => 0 =>  => "

-------------------------------
 
ALTERAÇÃO DE CLIENTE
POST => "simone" Data => "2012-06-05 14:47:28", Alterou o Cliente de vale 484235 => "INFORMAÇÕES ALTERADAS => "1 => 3351 => 35 => 33 => 23 => 0 => 0 => 11/05/2012 => 484235 => 179 => 144407 => 09/05/2012 => MARCO ANTONIO DE SOUZA NASCIMENTN => 436429/199 => ELIZABETH GOMES BAHIA => 21230070 => RUA: FREI ALEXANDRE => 102 =>  => IRAJÁ => RIO DE JANEIRO => RJ => 2471-8414 => 7740-7063 =>  => PROX A ESTRADA DO PORTINHO PROX AO MERCADO GUANABARA ANTIGA RUA 4 => PASSEI E-MAIL PARA CAMILA COBRAR DO MONTADOR FARLY NO DIA 14/05! AGEND: 06/06/2012. => 1 => 8921 => G.ROUPA BIANCHI 6P REQUINTE TB/MP => 0 =>  => 0 =>  => 0 =>  => 0 =>  => 0 =>  => 0 =>  => 0 =>  => 0 =>  => 0 =>  => 0 =>  => 0 =>  => 0 =>  => 0 =>  => 0 =>  => 0 =>  => 0 =>  => 0 =>  => 0 =>  => 0 =>  => "

-------------------------------
 
CADASTRO DE CLIENTE
POST => "marta" Data => "2012-06-05 14:48:41", Cadastrou o Cliente de vale 110820 => "INFORMAÇÕES CADASTRADAS => "22 => 25 => 21 => 0 => 0 => 05/06/2012 => 110820 => 179 => 110820 => 02/06/2012 => MAURICIO GONÇALVES VIANA => 57962 => LUCILENE DA SILVA CUSTODIO =>  => CARAIBAS QD 24 LT 215 C =>  =>  => CHACARAS RIO PETROPOLIS => DUQUE DE CAXIAS =>  => 3654-2938 =>  =>  => TROCA COM RECOLHIMENTO PEOX AO BRIZOLÃO DA RUA 12 SEGUNDA RUA A DIREITA DEPOIS DO BRIZOLAO PROC ERIVELTO => 1 => 139573 => G ROUPA 6P6G VENEZUELA BR /PTO =>  =>  =>  =>  =>  =>  =>  =>  =>  =>  =>  =>  =>  =>  =>  =>  =>  =>  =>  =>  =>  =>  =>  =>  =>  =>  =>  =>  =>  =>  =>  =>  =>  =>  =>  =>  =>  =>  => "

-------------------------------
 
CADASTRO DE CLIENTE
POST => "marta" Data => "2012-06-05 14:53:37", Cadastrou o Cliente de vale 136590 => "INFORMAÇÕES CADASTRADAS => "22 => 36 => 30 => 0 => 0 => 05/06/2012 => 136590 => 179 => 136590 => 01/06/2012 => MAURICIO GONÇALVES VIANA => 56914 => MISAEL RODRIGUES RIBEIRO =>  => PROFESSOR PIRES SALGADO => 127 => CASA => JARDIM AMERICA => RIO DE JANEIRO =>  =>  =>  =>  => TROCA COM RECOLHIENTO TROCA COM REC MESMA RUA DO DEPOSITO DE GAZ E DA COOPERATIVA SHOIPEN CARIOCA => 1 => 8981 => G. ROUPA MOVAL 6P40065 COL PLUS TB/M =>  =>  =>  =>  =>  =>  =>  =>  =>  =>  =>  =>  =>  =>  =>  =>  =>  =>  =>  =>  =>  =>  =>  =>  =>  =>  =>  =>  =>  =>  =>  =>  =>  =>  =>  =>  =>  =>  => "

-------------------------------
 
ALTERAÇÃO DE CLIENTE
POST => "simone" Data => "2012-06-05 14:58:07", Alterou o Cliente de vale 484959 => "INFORMAÇÕES ALTERADAS => "1 => 3332 => 35 => 32 => 27 => 0 => 0 => 10/05/2012 => 484959 => 230 => 83352 => 10/05/2012 => ANDERSON DE LIMA BARBOSA => 494912 / 199 => ANTONIO CARLOS DA ROCHA BERTOLDO => 23020220 => RUA:CAMINHÃO DA BICA => 345 =>  => GUARATIBA => RIO DE JANEIRO => RJ => 6813-4456 =>  =>  => APOS O PONTO DO MATO TAXI SUBIR PELA RUA DA BICA APOS O PREDIO DE TIJOLINHO NA ESQUINA COM CAMINHÃO DA BICA.PONTO DE MOTO TAXI E MERCADO SUPER REDE. => não localizado o numero da casa 345 a rua : caminhão da bica indo para direita  é sem saída e pela esquerda sai na rua principal. não tem esse numero. 19/05 e 20/05. 6813-4456 suzi(maria jose ) => 1 => 140391 => G.ROUPA ARAPLAC 8P AUSTRIA TB/BR => 0 =>  => 0 =>  => 0 =>  => 0 =>  => 0 =>  => 0 =>  => 0 =>  => 0 =>  => 0 =>  => 0 =>  => 0 =>  => 0 =>  => 0 =>  => 0 =>  => 0 =>  => 0 =>  => 0 =>  => 0 =>  => 0 =>  => "

-------------------------------
 
CADASTRO DE CLIENTE
POST => "marta" Data => "2012-06-05 15:00:39", Cadastrou o Cliente de vale 74120 => "INFORMAÇÕES CADASTRADAS => "22 => 31 => 22 => 0 => 0 => 05/06/2012 => 74120 => 179 => 74120 => 02/06/2012 => CLEBER HONORATO DA LUZ => 31981 => JOSENITA DE ALMEIDA SOUSA =>  => JOSENITA DE ALMEIDA SOUSA => 65 =>  => VILA URUSSAI => DUQUE DE CAXIAS =>  => 3092-1226 =>  =>  => TROCA COM RECOLHIMENTO PEGAR ESTRADA SANTA CRUZ EM SARACURUNA SUBIAR AO LADO DA PADARIA DO JOAO => 1 => 139537 => COZ ITA SUPREMA NOG/S LAC =>  =>  =>  =>  =>  =>  =>  =>  =>  =>  =>  =>  =>  =>  =>  =>  =>  =>  =>  =>  =>  =>  =>  =>  =>  =>  =>  =>  =>  =>  =>  =>  =>  =>  =>  =>  =>  =>  => "

-------------------------------
 
ALTERAÇÃO DE CLIENTE
POST => "simone" Data => "2012-06-05 15:01:44", Alterou o Cliente de vale 484782 => "INFORMAÇÕES ALTERADAS => "1 => 3348 => 35 => 31 => 13 => 0 => 0 => 10/05/2012 => 484782 => 230 => 83937 => 09/05/2012 => GLAUCE COSTA GABRIEL => 493257 / 199 => RITA DE CASSIA BEBIANO DE LIMA => 23064090 => RUA: MAURÍCIO GRABOIS => 1 => CASA => INHOAÍBA => RIO DE JANEIRO => RJ => 3377-5325 =>  =>  => RUA CAMPO GRANDE ENTRAR NAS CASINHAS PEGAR RUA ESMERALDA CASA NO SALAO DE CABELO ELSHADAY. => OBS: CLIENTE NÃO ATENDE O TEL AS 15:07  E NEM MONTADOR  => 1 => 140338 => G ROUPA FRITZ 3P MILAO AMEN/PTO => 0 =>  => 0 =>  => 0 =>  => 0 =>  => 0 =>  => 0 =>  => 0 =>  => 0 =>  => 0 =>  => 0 =>  => 0 =>  => 0 =>  => 0 =>  => 0 =>  => 0 =>  => 0 =>  => 0 =>  => 0 =>  => 0 =>  => "

-------------------------------
 
CADASTRO DE CLIENTE
POST => "MIRIAN" Data => "2012-06-05 15:03:49", Cadastrou o Cliente de vale 310252 => "INFORMAÇÕES CADASTRADAS => "11 => 21 => 32 => 0 => 0 => 05/06/2012 => 310252 => 179 => 310252 => 27/10/2011 => ANDERSON PEREIRA SANTOS => 341815/199 => MARCIO DE OLIVEIRA BEZERRA => 25025080 => RUA: JAPERI => 100 =>  => PARQUE SENHOR DO BONFIM => DUQUE DE CAXIAS => RJ => 2652-3592 => 9199-3476 =>  => PROX AO CHIQUINHO CAIPIRA/MARQUINHO DA OI PED.123856 => 01 => 136833 => PAN ITAT 2P 60CM ESQ STILO PTO => 01 => 136836 => ARM ITAT 2P 120CM C/VID STILO PTA =>  =>  =>  =>  =>  =>  =>  =>  =>  =>  =>  =>  =>  =>  =>  =>  =>  =>  =>  =>  =>  =>  =>  =>  =>  =>  =>  =>  =>  =>  =>  =>  =>  =>  =>  =>  => "

-------------------------------
 
ALTERAÇÃO DE CLIENTE
POST => "simone" Data => "2012-06-05 15:05:24", Alterou o Cliente de vale 484832 => "INFORMAÇÕES ALTERADAS => "1 => 3350 => 35 => 16 => 17 => 0 => 0 => 10/05/2012 => 484832 => 230 => 78171 => 09/05/2012 => EDMILSON SILVA LUZ => 432843 / 199 => ALEX BARRETO DA SILVA => 23065540 => RUA: A => 6385 => CASA => PACIÊNCIA => RIO DE JANEIRO => RJ => 7353-0029 =>  =>  => EST CAMPINHO PROX MERCADO UNIDOS. => OBS: CLIENTE NÃO ATENDE O TEL AS 15:10, MONTADOR : TEL FORA DE AREA => 1 => 6078 => RACK KIPLAC TORRE PLUS LUXO AR/MP => 0 =>  => 0 =>  => 0 =>  => 0 =>  => 0 =>  => 0 =>  => 0 =>  => 0 =>  => 0 =>  => 0 =>  => 0 =>  => 0 =>  => 0 =>  => 0 =>  => 0 =>  => 0 =>  => 0 =>  => 0 =>  => 0 =>  => "

-------------------------------
 
CADASTRO DE CLIENTE
POST => "marta" Data => "2012-06-05 15:06:02", Cadastrou o Cliente de vale 310278 => "INFORMAÇÕES CADASTRADAS => "22 => 25 => 13 => 0 => 0 => 05/06/2012 => 310278 => 179 => 310278 => 27/10/2011 => ANDERSON PEREIRA SANTOS => 341804 => MARCIO DE OLIVEIRA BEZERRA =>  => JAPERI => 100 =>  => PARQUE SENHOR DO BOFIM => DUQUE DE CAXIAS =>  => 2652-3592 =>  =>  => PROX AO CHIQUINHO CAIPIRA/MARQUINHO OI 91993476 MARCIO DA LINGUIÇA => 1 => 136825 => BALC. ITAT. 1P 3G STILO BR/PTO =>  =>  =>  =>  =>  =>  =>  =>  =>  =>  =>  =>  =>  =>  =>  =>  =>  =>  =>  =>  =>  =>  =>  =>  =>  =>  =>  =>  =>  =>  =>  =>  =>  =>  =>  =>  =>  =>  => "

-------------------------------
 
ALTERAÇÃO DE CLIENTE
POST => "simone" Data => "2012-06-05 15:07:50", Alterou o Cliente de vale 484840 => "INFORMAÇÕES ALTERADAS => "1 => 3460 => 35 => 21 => 3 => 0 => 0 => 11/05/2012 => 484840 => 171 => 65245 => 09/05/2012 => PENHA ROSANA DA SILVA CAMPOS => 470748/199 => JOSEMAR DUTRA => 21830550 => RUA: CABROBÓ => 38 => CS1 => SENADOR CAMARÁ => RIO DE JANEIRO => RJ => 3337-8796 =>  =>  =>  => OBS: CLIENTE NÃO ATENDE O TEL AS 15:12. O MONTADOR : O TEL ESTÁ FORA DE AREA AS 15:12 => 1 => 135481 => COZ KIPLAC RENATA PLUS BR/PTO => 1 => 135479 => BALCAO C/T KIPLAC RENATA PLUS BR/PT => 0 =>  => 0 =>  => 0 =>  => 0 =>  => 0 =>  => 0 =>  => 0 =>  => 0 =>  => 0 =>  => 0 =>  => 0 =>  => 0 =>  => 0 =>  => 0 =>  => 0 =>  => 0 =>  => 0 =>  => 0 =>  => "

-------------------------------
 
CADASTRO DE CLIENTE
POST => "MIRIAN" Data => "2012-06-05 15:08:26", Cadastrou o Cliente de vale 496978 => "INFORMAÇÕES CADASTRADAS => "11 => 18 => 16 => 0 => 0 => 05/06/2012 => 496978 => 212 => 3975 => 28/05/2012 => PEDRO DA SILVA PARANHOS => 47923/199 => CRISTIANO MOREIRA PINTO => 25000991 => TRAVESSA SIDONIO PAES => lt 06 => QD 3A => SAO BERNARDO => BELFORD ROXO => RJ => 9207-0462 =>  =>  => PROX AO CORPO DE BOMEIRO DA FINTE DA ROSA PROC ALINE => 01 => 8372 => G.ROUPA BP 3P DUBAY TB/BR/MP =>  =>  =>  =>  =>  =>  =>  =>  =>  =>  =>  =>  =>  =>  =>  =>  =>  =>  =>  =>  =>  =>  =>  =>  =>  =>  =>  =>  =>  =>  =>  =>  =>  =>  =>  =>  =>  =>  => "

-------------------------------
 
ALTERAÇÃO DE CLIENTE
POST => "simone" Data => "2012-06-05 15:12:31", Alterou o Cliente de vale 484847 => "INFORMAÇÕES ALTERADAS => "1 => 3353 => 35 => 23 => 11 => 0 => 0 => 10/05/2012 => 484847 => 230 => 83404 => 09/05/2012 => ANDERSON DE LIMA BARBOSA => 488745 / 199 => ATILA SOARES DA SILVA => 23045825 => RUA: JOSÉLANDIA => 32 => QD H => CAMPO GRANDE => RIO DE JANEIRO => RJ => 7286-4157 => 9819-3622 =>  => SEGUIR PELA RUA OLINDA ELIS APOS O CENTRO ESPORTIVO MIESSIMO DA SILVA. => OBS: CLIENTE NÃO DEIXOU FALAR, USOU PALAVRAS DE BAIXO CALÃO E DESLIGOU O TEL AS 15:16 PARA VERIFICAR SE O PRODUTO FOI MONTADO!!!!! => 1 => 140391 => ESTOVADO SALVADOR 3.2 PTO => 0 =>  => 0 =>  => 0 =>  => 0 =>  => 0 =>  => 0 =>  => 0 =>  => 0 =>  => 0 =>  => 0 =>  => 0 =>  => 0 =>  => 0 =>  => 0 =>  => 0 =>  => 0 =>  => 0 =>  => 0 =>  => 0 =>  => "

-------------------------------
 
CADASTRO DE CLIENTE
POST => "marta" Data => "2012-06-05 15:12:44", Cadastrou o Cliente de vale 40100 => "INFORMAÇÕES CADASTRADAS => "22 => 21 => 9 => 0 => 0 => 05/06/2012 => 40100 => 213 => 40100 => 02/06/2012 => ANA PAULA TEXEIRA BASTOS => 57958 => ADRIANA COSTA PEREIRA =>  => TREZE  => 226 => CASA 01 => JARDIM IMBARIE  => DUQUE DE CAXIAS =>  => 3666-1527 => 9159-4656 =>  =>  COM RECOLHIMENTO REF PROX AO DEPOSITO DAS CASAS BAHIA PROC  ADRIANA OU ANDREIA => 1 => 135481 => COZ KIPLAC RENATA PLUS BR/PTO =>  =>  =>  =>  =>  =>  =>  =>  =>  =>  =>  =>  =>  =>  =>  =>  =>  =>  =>  =>  =>  =>  =>  =>  =>  =>  =>  =>  =>  =>  =>  =>  =>  =>  =>  =>  =>  =>  => "

-------------------------------
 
ALTERAÇÃO DE CLIENTE
POST => "camila" Data => "2012-06-05 15:27:28", Alterou o Cliente de vale 487673 => "INFORMAÇÕES ALTERADAS => "1 => 3663 => 6 => 0 => 12 => 0 => 1 => 15/05/2012 => 487673 => 170 => 934 => 14/05/2012 => DENIS ALLAN MOREIRA JACQUES =>  => ROSANIA OLIVEIRA DE ALMEIDA => 22745005 => ESTRADA: DOS TRÊS RIOS => 2782 => CASA => FREGUESIA (JACAREPAGUÁ) => RIO DE JANEIRO => RJ => 3264-1564 =>  =>  => PROX AO HOSPITAL CARDOSO FONTES E CASA DE FESTAS RECANTO DA SERRA => Email enviado ao naec dia 05-06-12 Camila => 1 => 9074 => COZINHA COMP COLOR ECLIPSE TOP PTO => 0 =>  => 0 =>  => 0 =>  => 0 =>  => 0 =>  => 0 =>  => 0 =>  => 0 =>  => 0 =>  => 0 =>  => 0 =>  => 0 =>  => 0 =>  => 0 =>  => 0 =>  => 0 =>  => 0 =>  => 0 =>  => 0 =>  => "

-------------------------------
 
ALTERAÇÃO DE CLIENTE
POST => "camila" Data => "2012-06-05 15:29:30", Alterou o Cliente de vale 421405 => "INFORMAÇÕES ALTERADAS => "1 => 1042 => 6 => 10 => 20 => 0 => 0 => 12/03/2012 => 421405 => 170 => 38378 => 15/02/2012 =>  =>  => MARIA DO SOCORRO CRUZ MOURA => 22785600 => RUA: MANHUAÇU => 11 => CS08 => VARGEM GRANDE => RIO DE JANEIRO => RJ => 2428-6303 =>  =>  => Email enviado ao naec dia 05-06-12 Camila => CLIENTE NÃO ATENDE O TEL AS 17:47 SIMONE => 1 => 8488 => G.ROUPA ARAMOVEIS 3P 4149 TB/BR => 0 =>  => 0 =>  => 0 =>  => 0 =>  => 0 =>  => 0 =>  => 0 =>  => 0 =>  => 0 =>  => 0 =>  => 0 =>  => 0 =>  => 0 =>  => 0 =>  => 0 =>  => 0 =>  => 0 =>  => 0 =>  => 0 =>  => "

-------------------------------
 
ALTERAÇÃO DE CLIENTE
POST => "camila" Data => "2012-06-05 15:30:04", Alterou o Cliente de vale 420409 => "INFORMAÇÕES ALTERADAS => "1 => 3221 => 6 => 21 => 8 => 0 => 0 => 11/05/2012 => 420409 => 168 => 55483 => 14/02/2012 => ELIMAR ALVES OLIVEIRA => 491942 => ALAN DE CARVALHO FRANCA =>  => CAPITAO MACHADO BL 02 => 395 => APTO 202 => PRAÇA SECA => RIO DE JANEIRO =>  => 9488-4567 =>  =>  => PROX A RUA PEDRO TELES PROC PELO ZELADOR => Email enviado ao naec dia 05-06-12 Camila => 1 => 139497 => KIT ITAT I3 PREMIUM 6P/3G BR => 0 =>  => 0 =>  => 0 =>  => 0 =>  => 0 =>  => 0 =>  => 0 =>  => 0 =>  => 0 =>  => 0 =>  => 0 =>  => 0 =>  => 0 =>  => 0 =>  => 0 =>  => 0 =>  => 0 =>  => 0 =>  => 0 =>  => "

-------------------------------
 
ALTERAÇÃO DE CLIENTE
POST => "camila" Data => "2012-06-05 15:30:40", Alterou o Cliente de vale 416577 => "INFORMAÇÕES ALTERADAS => "1 => 768 => 6 => 32 => 0 => 0 => 0 => 09/03/2012 => 416577 => 170 => 37970 => 09/02/2012 =>  =>  => OTAVIANO JOSE DOS REIS NETO => 22733000 => RUA: CÂNDIDO BENICIO => 1 =>  => TANQUE => RIO DE JANEIRO => RJ => 7911-7066 =>  =>  => NAEC => Email enviado ao naec dia 05-06-12 Camila => 1 => 8919 => CAB BOX BIANCHI IMPERATIZ IMB => 0 =>  => 0 =>  => 0 =>  => 0 =>  => 0 =>  => 0 =>  => 0 =>  => 0 =>  => 0 =>  => 0 =>  => 0 =>  => 0 =>  => 0 =>  => 0 =>  => 0 =>  => 0 =>  => 0 =>  => 0 =>  => 0 =>  => "

-------------------------------
 
ALTERAÇÃO DE CLIENTE
POST => "camila" Data => "2012-06-05 15:30:53", Alterou o Cliente de vale 416261 => "INFORMAÇÕES ALTERADAS => "1 => 3433 => 6 => 27 => 14 => 2 => 0 => 11/05/2012 => 416261 => 245 => 14548 => 08/02/2012 => LEANDRO CARNEIRO DA SILVA => 102925/S => JOAQUIM TADEU DE CARVALHO =>  => RUA ANDRE ROCHA => 537 => CASA 02 => TAQUARA => RIO DE JANEIRO => RJ => 7589-6899 =>  =>  => ATRAS DA UPA DA TAQUARA. => Email enviado ao naec dia 05-06-12 Camila => 1 => 136651 => COZINHA TELASSUL CRISTAL 80123 BR => 0 =>  => 0 =>  => 0 =>  => 0 =>  => 0 =>  => 0 =>  => 0 =>  => 0 =>  => 0 =>  => 0 =>  => 0 =>  => 0 =>  => 0 =>  => 0 =>  => 0 =>  => 0 =>  => 0 =>  => 0 =>  => 0 =>  => "

-------------------------------
 
ALTERAÇÃO DE CLIENTE
POST => "camila" Data => "2012-06-05 15:31:07", Alterou o Cliente de vale 452566 => "INFORMAÇÕES ALTERADAS => "1 => 3109 => 6 => 26 => 30 => 0 => 0 => 08/05/2012 => 452566 => 167 => 55173 => 26/03/2012 => WALDIR RODRIGUES DE SOUSA =>  => NAIZA MARIA RODRIGUES =>  => SAO JUDAS TADEU => 328 => CASA => CAJU => RIO DE JANEIRO =>  => 2524-4144 => 8365-8402 => 9132-3617 => PROC TORTO  NA VILA MEXICANA AC NAIZA. AGENDADO P/ 26/05- SUZI..Email enviado ao naec dia 05-06-12 Camila => OBS: CLIENTE NÃO ATENDE O TEL AS 16:33 PARA VERIFICAR SE JÁ FOI MONTADO SEM SUCESSO.(17/05- O ENDEREÇO É UMA ASSOCIAÇÃO).O MONTADOR FOI ATÉ A ASSOCIAÇÃO E NINGUÉM CONHECE A CLIENTE OS TELEFONES NÃO ATENDEM. 21/05 SUZI => 1 => 135481 => COZ KIPLAC RENATA PLUS BR/PTO => 0 =>  => 0 =>  => 0 =>  => 0 =>  => 0 =>  => 0 =>  => 0 =>  => 0 =>  => 0 =>  => 0 =>  => 0 =>  => 0 =>  => 0 =>  => 0 =>  => 0 =>  => 0 =>  => 0 =>  => 0 =>  => 0 =>  => "

-------------------------------
 
ALTERAÇÃO DE CLIENTE
POST => "camila" Data => "2012-06-05 15:31:19", Alterou o Cliente de vale 473939 => "INFORMAÇÕES ALTERADAS => "1 => 3702 => 6 => 37 => 0 => 0 => 0 => 16/05/2012 => 473939 => 203 => 1439 => 20/04/2012 => MARCOS MOURA => 15972/199 => ADRIANA BARBOSA DE LIMA => 20931001 => : RUA TRES => 47 => CASA FDS => CAJU => RIO DE JANEIRO => RJ =>  =>  =>  => PROX AO MERCADINHO DO CEARA FAVOR EFETUAR A ENTREGA 2º, 4º E SEXTAS E A MONTAGEM? QUANDO PODEMOS FAZER?..Email enviado ao naec dia 05-06-12 Camila => não confirmei com o montador nem a cliente, não tem  telefone   e o do montador estar desligado. passado email para lidiane e naec. 28/05 => 1 => 16378 => CAMA ST N. HORIZ ANGRA PLUS TB/BR/MP => 0 =>  => 0 =>  => 0 =>  => 0 =>  => 0 =>  => 0 =>  => 0 =>  => 0 =>  => 0 =>  => 0 =>  => 0 =>  => 0 =>  => 0 =>  => 0 =>  => 0 =>  => 0 =>  => 0 =>  => 0 =>  => 0 =>  => "

-------------------------------
 
ALTERAÇÃO DE CLIENTE
POST => "camila" Data => "2012-06-05 15:31:33", Alterou o Cliente de vale 494906 => "INFORMAÇÕES ALTERADAS => "1 => 3877 => 6 => 22 => 32 => 0 => 0 => 24/05/2012 => 494906 => 194 => 42983 => 24/05/2012 => RAFAELA LOPES THOMAZ => 3137 / 199 => LUCINETE BARBOSA SILVA => 21020121 => 1 A TRAVESSA BOM JESUS => 16 => CASA => PENHA CIRCULAR => RIO DE JANEIRO => RJ => 2584-1379 => 8617-5132 =>  => NA KELSON ATRAS DO SHOPPING MATRIZ.AGEND: SEXTA FEIRA 25/5 LUCIANA  => Email enviado ao naec dia 05-06-12 Camila => 1 => 139576 => G ROUPA IRMOL 2P APOLO CHOC/IMB/MP => 0 =>  => 0 =>  => 0 =>  => 0 =>  => 0 =>  => 0 =>  => 0 =>  => 0 =>  => 0 =>  => 0 =>  => 0 =>  => 0 =>  => 0 =>  => 0 =>  => 0 =>  => 0 =>  => 0 =>  => 0 =>  => 0 =>  => "

-------------------------------
 
ALTERAÇÃO DE CLIENTE
POST => "camila" Data => "2012-06-05 15:32:03", Alterou o Cliente de vale 248244 => "INFORMAÇÕES ALTERADAS => "1 => 3867 => 6 => 26 => 4 => 2 => 0 => 24/05/2012 => 248244 => 173 => 25164 => 18/08/2012 => ALLAN CARLOS DA SILVA => 269196/199 => PAULO DAVYD STADLER JUNIOR => 21910115 => RUA SAO LAZARO S/ N  =>  =>  =>  => QUEIMADOS  => RJ => 9838-3962 =>  =>  => PROXIMO AO SITIO CHALON...Email enviado ao naec dia 05-06-12 Camila => CLIENTE MUDOU DE ENDEREÇO, PARA QUEIMADOS JA MODIFIQUEI O ENDEREÇO.LIGUEI PARA PERGUNTAR QUAL ERA O BAIRRO MAIS ESTA NA CAIXA POSTAL. => 1 => 9302 => KIT COZ KP 6P DELTA COLOR BR/ VD => 0 =>  => 0 =>  => 0 =>  => 0 =>  => 0 =>  => 0 =>  => 0 =>  => 0 =>  => 0 =>  => 0 =>  => 0 =>  => 0 =>  => 0 =>  => 0 =>  => 0 =>  => 0 =>  => 0 =>  => 0 =>  => 0 =>  => "

-------------------------------
 
ALTERAÇÃO DE CLIENTE
POST => "camila" Data => "2012-06-05 15:32:17", Alterou o Cliente de vale 477345 => "INFORMAÇÕES ALTERADAS => "1 => 3849 => 6 => 31 => 18 => 0 => 0 => 19/05/2012 => 477345 => 169 => 1525 => 26/04/2012 => RICARDO JOSE DE ABREU => 19645/199 => CAZUZA DOS SANTOS PEREIRA => 21000000 => RUA PARAIBA => 27 => CASA APEAR BELA => FEIRA DOS PARAIBA => RIO DE JANEIRO => RJ => 7581-6576 => 7317-4571 => 7588-6576 => NA RUA DO BAR DA DONA SEVERINA .Email enviado ao naec dia 05-06-12 Camila => CLIENTE PAGOU PARA MONTAR- PASSADO  EMAIL PARA NAEC. => 1 => 140391 => G.ROUPA ARAPLAC 8P AUSTRIA TB/BR => 0 =>  => 0 =>  => 0 =>  => 0 =>  => 0 =>  => 0 =>  => 0 =>  => 0 =>  => 0 =>  => 0 =>  => 0 =>  => 0 =>  => 0 =>  => 0 =>  => 0 =>  => 0 =>  => 0 =>  => 0 =>  => 0 =>  => "

-------------------------------
 
ALTERAÇÃO DE CLIENTE
POST => "camila" Data => "2012-06-05 15:32:30", Alterou o Cliente de vale 476900 => "INFORMAÇÕES ALTERADAS => "1 => 3523 => 6 => 6 => 8 => 0 => 0 => 14/05/2012 => 476900 => 203 => 1800 => 26/04/2012 => MARCOS MOURA => 19590/199 => ANTONIO DA SILVA PIO => 20771490 => RUA: BAMBORE => 250 => AP 102 => DEL CASTILHO => RIO DE JANEIRO => RJ => 2228-0850 => 3566-1125 =>  => ROX A CATEDRAL DA FE => Email enviado ao naec dia 05-06-12 Camila => 1 => 136216 => G.ROUPA MOVAL 6P PARIS TB/BR => 0 =>  => 0 =>  => 0 =>  => 0 =>  => 0 =>  => 0 =>  => 0 =>  => 0 =>  => 0 =>  => 0 =>  => 0 =>  => 0 =>  => 0 =>  => 0 =>  => 0 =>  => 0 =>  => 0 =>  => 0 =>  => 0 =>  => "

-------------------------------
 
ALTERAÇÃO DE CLIENTE
POST => "camila" Data => "2012-06-05 15:32:50", Alterou o Cliente de vale 484230 => "INFORMAÇÕES ALTERADAS => "1 => 3381 => 6 => 20 => 14 => 0 => 0 => 11/05/2012 => 484230 => 172 => 59758 => 09/05/2012 => IARLA GUIMARAES SANTOS => 529014/199 => ANDERSON MARINHO COUTO => 21042010 => VILA: DO JOÃO => 01 => APT401 BL03 => MARE => RIO DE JANEIRO => RJ =>  =>  =>  => Email enviado ao naec dia 05-06-12 Camila =>  => 1 => 140391 => G.ROUPA ARAPLAC 8P AUSTRIA TB/BR => 0 =>  => 0 =>  => 0 =>  => 0 =>  => 0 =>  => 0 =>  => 0 =>  => 0 =>  => 0 =>  => 0 =>  => 0 =>  => 0 =>  => 0 =>  => 0 =>  => 0 =>  => 0 =>  => 0 =>  => 0 =>  => 0 =>  => "

-------------------------------
 
ALTERAÇÃO DE CLIENTE
POST => "camila" Data => "2012-06-05 15:33:07", Alterou o Cliente de vale 264427 => "INFORMAÇÕES ALTERADAS => "1 => 3871 => 6 => 19 => 9 => 2 => 0 => 24/05/2012 => 264427 => 173 => 25872 => 02/09/2011 => FELIPE SILVA SANTOS => 286977/199 => CRISTINA DOURADO ROCHA => 21941545 => RUA: OITENTA E TRÊS => 18 =>  => GALEÃO => RIO DE JANEIRO => RJ => 3383-8666 =>  =>  => ENTRANDO PELO DPO...Email enviado ao naec dia 05-06-12 Camila => CLIENTE AUSENTE, MORA DENTRO DO CONDOMINIO , CASA NO TIJOLO, DE 2 ANDAR  PORTA DE ALUMINIO. => 1 => 135251 => G.ROUPA FRITZ 6P DANY TB/BR => 0 =>  => 0 =>  => 0 =>  => 0 =>  => 0 =>  => 0 =>  => 0 =>  => 0 =>  => 0 =>  => 0 =>  => 0 =>  => 0 =>  => 0 =>  => 0 =>  => 0 =>  => 0 =>  => 0 =>  => 0 =>  => 0 =>  => "

-------------------------------
 
ALTERAÇÃO DE CLIENTE
POST => "simone" Data => "2012-06-05 15:51:35", Alterou o Cliente de vale 566199 => "INFORMAÇÕES ALTERADAS => "1 => 3766 => 35 => 42 => 25 => 0 => 2 => 17/05/2012 => 566199 => 179 => 566199 => 16/05/2012 =>  =>  => AUGUSTO DA PAIXÃO RANGEL =>  => PEDRA RUIVA => LT49 => QD0 => PARQUE TITE => SÃO JOÃO DE MERITI =>  => 2653-2246 =>  =>  =>  => OBS: CLIENTE NÃO ATENDE O TEL AS 15:55 E O MONTADOR : TEL CAIXA POSTAL. => 1 => 134708 => BALCAO LUCIANE DAKAR 2P4G CHAMP / NOG => 0 =>  => 0 =>  => 0 =>  => 0 =>  => 0 =>  => 0 =>  => 0 =>  => 0 =>  => 0 =>  => 0 =>  => 0 =>  => 0 =>  => 0 =>  => 0 =>  => 0 =>  => 0 =>  => 0 =>  => 0 =>  => 0 =>  => "

-------------------------------
 
ALTERAÇÃO DE CLIENTE
POST => "luciana" Data => "2012-06-05 15:51:51", Alterou o Cliente de vale 534564 => "INFORMAÇÕES ALTERADAS => "1 => 3142 => 5 => 18 => 23 => 0 => 2 => 08/05/2012 => 534564 => 274 => 534564 => 07/05/2012 =>  =>  => THAMIRES DA SILVA ROCHA =>  => RUA 03 => 240 =>  => VILA ESPERANÇA => MAGE => RJ => 3630-0711 => 8670-1791 =>  => NA SUBIDA DA RUA DA IGREJA BATISTA => AGEN A REVISÃO PARA DIA 05/06/2012 COM VALMIR , CONFIRMADO COM CLIENTE. => 1 => 140391 => G.ROUPA ARAPLAC 8P AUSTRIA TB/BR => 0 =>  => 0 =>  => 0 =>  => 0 =>  => 0 =>  => 0 =>  => 0 =>  => 0 =>  => 0 =>  => 0 =>  => 0 =>  => 0 =>  => 0 =>  => 0 =>  => 0 =>  => 0 =>  => 0 =>  => 0 =>  => 0 =>  => "

-------------------------------
 
ALTERAÇÃO DE CLIENTE
POST => "luciana" Data => "2012-06-05 16:10:49", Alterou o Cliente de vale 561949 => "INFORMAÇÕES ALTERADAS => "1 => 3423 => 5 => 22 => 11 => 0 => 2 => 12/05/2012 => 561949 => RE => 561949 => 11/05/2012 =>  =>  => NORALINA MIGUEL DOS SANTOS =>  => JAMARI => 98 =>  => JARDIM OLAVO BILAC => DUQUE DE CAXIAS =>  => 3777-4719 =>  =>  => NA RUA DA IGREJA NOSSA SENHORA DO CARMO PROC IZAIL => PASSEI E-MAIL PARA O NAEC DIA 5/6 PARA AMARILDO WAGNER LUCIANA  => 1 => 136651 => COZINHA TELASSUL CRISTAL 80123 BR => 0 =>  => 0 =>  => 0 =>  => 0 =>  => 0 =>  => 0 =>  => 0 =>  => 0 =>  => 0 =>  => 0 =>  => 0 =>  => 0 =>  => 0 =>  => 0 =>  => 0 =>  => 0 =>  => 0 =>  => 0 =>  => 0 =>  => "

-------------------------------
 
ALTERAÇÃO DE CLIENTE
POST => "camila" Data => "2012-06-05 16:12:49", Alterou o Cliente de vale 40100 => "INFORMAÇÕES ALTERADAS => "1 => 4099 => 6 => 20 => 24 => 0 => 0 => 05/06/2012 => 40100 => 213 => 40100 => 02/06/2012 => ANA PAULA TEXEIRA BASTOS => 57958 => ADRIANA COSTA PEREIRA =>  => TREZE => 226 => CASA 01 => JARDIM IMBARIE => DUQUE DE CAXIAS =>  => 3666-1527 => 9159-4656 =>  => COM RECOLHIMENTO REF PROX AO DEPOSITO DAS CASAS BAHIA PROC  ADRIANA OU ANDREIA => Email enviado ao naec dia 05-06-12 Camila => 1 => 135481 => COZ KIPLAC RENATA PLUS BR/PTO => 0 =>  => 0 =>  => 0 =>  => 0 =>  => 0 =>  => 0 =>  => 0 =>  => 0 =>  => 0 =>  => 0 =>  => 0 =>  => 0 =>  => 0 =>  => 0 =>  => 0 =>  => 0 =>  => 0 =>  => 0 =>  => 0 =>  => "

-------------------------------
 
ALTERAÇÃO DE CLIENTE
POST => "camila" Data => "2012-06-05 16:15:14", Alterou o Cliente de vale 74120 => "INFORMAÇÕES ALTERADAS => "1 => 4095 => 6 => 10 => 22 => 0 => 0 => 05/06/2012 => 74120 => 179 => 74120 => 02/06/2012 => CLEBER HONORATO DA LUZ => 31981 => JOSENITA DE ALMEIDA SOUSA =>  => JOSENITA DE ALMEIDA SOUSA => 65 =>  => VILA URUSSAI => DUQUE DE CAXIAS =>  => 3092-1226 =>  =>  => TROCA COM RECOLHIMENTO PEGAR ESTRADA SANTA CRUZ EM SARACURUNA SUBIAR AO LADO DA PADARIA DO JOAO => Email enviado ao naec dia 05-06-12 Camila => 1 => 139537 => COZ ITA SUPREMA NOG/S LAC => 0 =>  => 0 =>  => 0 =>  => 0 =>  => 0 =>  => 0 =>  => 0 =>  => 0 =>  => 0 =>  => 0 =>  => 0 =>  => 0 =>  => 0 =>  => 0 =>  => 0 =>  => 0 =>  => 0 =>  => 0 =>  => 0 =>  => "

-------------------------------
 
ALTERAÇÃO DE CLIENTE
POST => "camila" Data => "2012-06-05 16:16:05", Alterou o Cliente de vale 110820 => "INFORMAÇÕES ALTERADAS => "1 => 4093 => 6 => 10 => 20 => 0 => 0 => 05/06/2012 => 110820 => 179 => 110820 => 02/06/2012 => MAURICIO GONÇALVES VIANA => 57962 => LUCILENE DA SILVA CUSTODIO =>  => CARAIBAS QD 24 LT 215 C =>  =>  => CHACARAS RIO PETROPOLIS => DUQUE DE CAXIAS =>  => 3654-2938 =>  =>  => TROCA COM RECOLHIMENTO PEOX AO BRIZOLÃO DA RUA 12 SEGUNDA RUA A DIREITA DEPOIS DO BRIZOLAO PROC ERIVELTO => Email enviado ao naec dia 05-06-12 Camila => 1 => 139573 => G ROUPA 6P6G VENEZUELA BR /PTO => 0 =>  => 0 =>  => 0 =>  => 0 =>  => 0 =>  => 0 =>  => 0 =>  => 0 =>  => 0 =>  => 0 =>  => 0 =>  => 0 =>  => 0 =>  => 0 =>  => 0 =>  => 0 =>  => 0 =>  => 0 =>  => 0 =>  => "

-------------------------------
 
ALTERAÇÃO DE CLIENTE
POST => "camila" Data => "2012-06-05 16:18:07", Alterou o Cliente de vale 136590 => "INFORMAÇÕES ALTERADAS => "1 => 4094 => 6 => 35 => 18 => 0 => 0 => 05/06/2012 => 136590 => 179 => 136590 => 01/06/2012 => MAURICIO GONÇALVES VIANA => 56914 => MISAEL RODRIGUES RIBEIRO =>  => PROFESSOR PIRES SALGADO => 127 => CASA => JARDIM AMERICA => RIO DE JANEIRO =>  =>  =>  =>  => TROCA COM RECOLHIENTO TROCA COM REC MESMA RUA DO DEPOSITO DE GAZ E DA COOPERATIVA SHOIPEN CARIOCA => Email enviado ao naec dia 05-06-12 Camila => 1 => 8981 => G. ROUPA MOVAL 6P40065 COL PLUS TB/M => 0 =>  => 0 =>  => 0 =>  => 0 =>  => 0 =>  => 0 =>  => 0 =>  => 0 =>  => 0 =>  => 0 =>  => 0 =>  => 0 =>  => 0 =>  => 0 =>  => 0 =>  => 0 =>  => 0 =>  => 0 =>  => 0 =>  => "

-------------------------------
 
ALTERAÇÃO DE CLIENTE
POST => "luciana" Data => "2012-06-05 16:24:30", Alterou o Cliente de vale 562467 => "INFORMAÇÕES ALTERADAS => "1 => 3429 => 5 => 42 => 9 => 0 => 2 => 12/05/2012 => 562467 => RE => 562467 => 11/05/2012 =>  =>  => CREUCI VIEIRA DA SILVA  =>  => ANIBAL BENEVOLO => 4 => CASA => FIGUEIRAS CHACARAS RIO PETROPOLIS => DUQUE DE CAXIAS =>  => 3656-3514 => 7293-2153 =>  => PERTO DA BARRACA DO CHICO NO FINAL DA ANIBAL BENEVOLO PROC CREUCI PASSEI E-MAIL PARA O NAEC DIA 5/6 PARA AMARILDA E WAGNER LUCIANA  =>  => 1 => 5728 => MESA GRANITO AUSTRALIA 6C RET OURO => 0 =>  => 0 =>  => 0 =>  => 0 =>  => 0 =>  => 0 =>  => 0 =>  => 0 =>  => 0 =>  => 0 =>  => 0 =>  => 0 =>  => 0 =>  => 0 =>  => 0 =>  => 0 =>  => 0 =>  => 0 =>  => 0 =>  => "

-------------------------------
 
ALTERAÇÃO DE CLIENTE
POST => "camila" Data => "2012-06-05 16:25:15", Alterou o Cliente de vale 310252 => "INFORMAÇÕES ALTERADAS => "1 => 4096 => 6 => 22 => 10 => 0 => 0 => 05/06/2012 => 310252 => 179 => 310252 => 27/10/2011 => ANDERSON PEREIRA SANTOS => 341815/199 => MARCIO DE OLIVEIRA BEZERRA => 25025080 => RUA: JAPERI => 100 =>  => PARQUE SENHOR DO BONFIM => DUQUE DE CAXIAS => RJ => 2652-3592 => 9199-3476 =>  => PROX AO CHIQUINHO CAIPIRA/MARQUINHO DA OI PED.123856 => Email enviado ao naec dia 05-06-12 Camila => 1 => 136833 => PAN ITAT 2P 60CM ESQ STILO PTO => 1 => 136836 => ARM ITAT 2P 120CM C/VID STILO PTA => 0 =>  => 0 =>  => 0 =>  => 0 =>  => 0 =>  => 0 =>  => 0 =>  => 0 =>  => 0 =>  => 0 =>  => 0 =>  => 0 =>  => 0 =>  => 0 =>  => 0 =>  => 0 =>  => 0 =>  => 0 =>  => "

-------------------------------
 
ALTERAÇÃO DE CLIENTE
POST => "camila" Data => "2012-06-05 16:30:19", Alterou o Cliente de vale 310278 => "INFORMAÇÕES ALTERADAS => "1 => 4097 => 6 => 40 => 13 => 0 => 0 => 05/06/2012 => 310278 => 179 => 310278 => 27/10/2011 => ANDERSON PEREIRA SANTOS => 341804 => MARCIO DE OLIVEIRA BEZERRA =>  => JAPERI => 100 =>  => PARQUE SENHOR DO BOFIM => DUQUE DE CAXIAS =>  => 2652-3592 =>  =>  => PROX AO CHIQUINHO CAIPIRA/MARQUINHO OI 91993476 MARCIO DA LINGUIÇA => Email enviado ao naec dia 05-06-12 Camila => 1 => 136825 => BALC. ITAT. 1P 3G STILO BR/PTO => 0 =>  => 0 =>  => 0 =>  => 0 =>  => 0 =>  => 0 =>  => 0 =>  => 0 =>  => 0 =>  => 0 =>  => 0 =>  => 0 =>  => 0 =>  => 0 =>  => 0 =>  => 0 =>  => 0 =>  => 0 =>  => 0 =>  => "

-------------------------------
 
ALTERAÇÃO DE CLIENTE
POST => "simone" Data => "2012-06-05 16:36:57", Alterou o Cliente de vale 496296 => "INFORMAÇÕES ALTERADAS => "1 => 3964 => 35 => 35 => 29 => 0 => 1 => 29/05/2012 => 496296 => 173 => 32265 => 26/05/2012 => MARIANA DA SILVA MARINHO => 518619/199 => EDUARDO SA PIRES => 21931440 => RUA: JABURANA => 266 =>  => JARDIM CARIOCA => RIO DE JANEIRO => RJ => 9818-2273 => 3386-8254 =>  => SUBINDO A COMBU DPS D PAM SEG ESQ => OBS: VAI ATENDER ENTRE O DIA 07/06/ E 08/06. => 1 => 135251 => G.ROUPA FRITZ 6P DANY TB/BR => 0 =>  => 0 =>  => 0 =>  => 0 =>  => 0 =>  => 0 =>  => 0 =>  => 0 =>  => 0 =>  => 0 =>  => 0 =>  => 0 =>  => 0 =>  => 0 =>  => 0 =>  => 0 =>  => 0 =>  => 0 =>  => 0 =>  => "

-------------------------------
 
ALTERAÇÃO DE CLIENTE
POST => "camila" Data => "2012-06-05 16:38:54", Alterou o Cliente de vale 391588 => "INFORMAÇÕES ALTERADAS => "1 => 3982 => 6 => 22 => 15 => 0 => 0 => 30/05/2012 => 391588 => 245 => 34049 => 16/01/2012 => JORGE MAURICIO RODRIGUES SA CO => 454676 => CARLOS EDUARDO NAVEGA => 22785050 => CAMINHO: DA CASCATINHA => 560 =>  => VARGEM GRANDE => RIO DE JANEIRO => RJ => 3411-6388 =>  =>  => PX RUA DA ASSEMBLEIA DE DEUS => Email enviado ao naec dia 05-06-12 Camila => 1 => 8839 => G.ROUPA S ANDIRA HAV PLUS 6P IMB/BR => 0 =>  => 0 =>  => 0 =>  => 0 =>  => 0 =>  => 0 =>  => 0 =>  => 0 =>  => 0 =>  => 0 =>  => 0 =>  => 0 =>  => 0 =>  => 0 =>  => 0 =>  => 0 =>  => 0 =>  => 0 =>  => 0 =>  => "

-------------------------------
 
ALTERAÇÃO DE CLIENTE
POST => "luciana" Data => "2012-06-05 16:40:37", Alterou o Cliente de vale 539734 => "INFORMAÇÕES ALTERADAS => "1 => 3329 => 5 => 27 => 16 => 0 => 2 => 11/05/2012 => 539734 => 198 => 539734 => 10/05/2012 =>  =>  => BENEDITO BATISTA GONÇALO =>  => JOSE SAMPAIO DE SOUZA => lt 14 => QD30 => JARDIM JOSE BNIFACIO => SAO JOAO DE MERITI => RJ => 2757-6456 => 2756-3463 =>  => PROX A IGREJA DO SR VALDIR EM FRENTE A BARRACA DA DONA MARI APROC DONA MARIA PASSEI E-MAIL PARA O NAEC DIA 5/6 PARA AMARILDA E WAGNER LUCIANA . => AGENDADO PARA 26/05/12 SUZI, REAGENDADO PARA 28/05. SUZI => 1 => 136543 => COZINHA  LUCIANE DAKAR CHAMP/NOG => 0 =>  => 0 =>  => 0 =>  => 0 =>  => 0 =>  => 0 =>  => 0 =>  => 0 =>  => 0 =>  => 0 =>  => 0 =>  => 0 =>  => 0 =>  => 0 =>  => 0 =>  => 0 =>  => 0 =>  => 0 =>  => 0 =>  => "

-------------------------------
 
ALTERAÇÃO DE CLIENTE
POST => "camila" Data => "2012-06-05 16:46:28", Alterou o Cliente de vale 444997 => "INFORMAÇÕES ALTERADAS => "1 => 3475 => 6 => 25 => 14 => 0 => 0 => 12/05/2012 => 444997 => 230 => 85860 => 17/03/2012 => EDMILSON SILVA LUZ => 506019 => DURVAL JOSE =>  => RUA JUAN PABLO DUARTE => 1155 => CASA => ILHA DO GOVERNADOR => RIO DE JANEIRO =>  => 3396-0882 =>  =>  => AV BRASIL ESTRADA ILHA BAIRRO BANCARIOS PROX AO BRIZOLAO DO INPS PROC SR SEBASTIANA...Email enviado ao naec dia 05-06-12 Camila => OBS: LIGUEI PARA SEU WILTON ELE FALOU QUE IA FAZER HOJE NO DIA 30/05/2012.SIMONE => 1 => 140391 => G.ROUPA ARAPLAC 8P AUSTRIA TB/BR => 1 => 140391 => G.ROUPA ARAPLAC 8P AUSTRIA TB/BR => 0 =>  => 0 =>  => 0 =>  => 0 =>  => 0 =>  => 0 =>  => 0 =>  => 0 =>  => 0 =>  => 0 =>  => 0 =>  => 0 =>  => 0 =>  => 0 =>  => 0 =>  => 0 =>  => 0 =>  => 0 =>  => "

-------------------------------
 
ALTERAÇÃO DE CLIENTE
POST => "camila" Data => "2012-06-05 16:48:41", Alterou o Cliente de vale 452185 => "INFORMAÇÕES ALTERADAS => "1 => 3608 => 6 => 20 => 13 => 0 => 0 => 15/05/2012 => 452185 => 251 => 15814 => 26/03/2012 => RONALDO JOSE SOUZA MIRANDA => 515648 => RONALDO JOSE SOUZA MIRANDA =>  => VIA SAO JOSE => 3 => APTO => JACARE => RIO DE JANEIRO =>  => 8446-1759 =>  =>  => PRINCIPAL RUA OAQUIM SILVA => Email enviado ao naec dia 05-06-12 Camila => 1 => 140391 => G.ROUPA ARAPLAC 8P AUSTRIA TB/BR => 0 =>  => 0 =>  => 0 =>  => 0 =>  => 0 =>  => 0 =>  => 0 =>  => 0 =>  => 0 =>  => 0 =>  => 0 =>  => 0 =>  => 0 =>  => 0 =>  => 0 =>  => 0 =>  => 0 =>  => 0 =>  => 0 =>  => "

-------------------------------
 
ALTERAÇÃO DE CLIENTE
POST => "camila" Data => "2012-06-05 16:51:08", Alterou o Cliente de vale 452300 => "INFORMAÇÕES ALTERADAS => "1 => 3009 => 6 => 25 => 6 => 0 => 0 => 03/05/2012 => 452300 => 194 => 40644 => 26/03/2012 => SIMONE MAIA MACIEIRA LOPES => 516722/199 => MARCELO FRANCISCA => 21061600 => RUA: ENGENHEIRO MANUEL SEGURADO => 96 => AP 403 => BONSUCESSO => RIO DE JANEIRO => RJ => 7342-1989 => 9253-0755 =>  => UPA DO ITARARE...Email enviado ao naec dia 05-06-12 Camila => CLIENTE SÓ ESTÁ EM CASA NO SÁBADO 02/06,COM SEU WILTON. => 1 => 135481 => COZ KIPLAC RENATA PLUS BR/PTO => 1 => 135479 => BALCAO C/T KIPLAC RENATA PLUS BR/PT => 0 =>  => 0 =>  => 0 =>  => 0 =>  => 0 =>  => 0 =>  => 0 =>  => 0 =>  => 0 =>  => 0 =>  => 0 =>  => 0 =>  => 0 =>  => 0 =>  => 0 =>  => 0 =>  => 0 =>  => 0 =>  => "

-------------------------------
 
ALTERAÇÃO DE CLIENTE
POST => "camila" Data => "2012-06-05 16:54:23", Alterou o Cliente de vale 452599 => "INFORMAÇÕES ALTERADAS => "1 => 3601 => 6 => 23 => 10 => 0 => 0 => 15/05/2012 => 452599 => 203 => 80966 => 26/03/2012 => JOAO CARLOS MARASCO DOS SANTOS => 518607 => JUPIRA BARBOSA DE SOUZA =>  => IZA => 19 => CASA => JACAREZINHO => RIO DE JANEIRO =>  => 9313-0996 =>  =>  => SUBINDO PELO AZUL PROX A CAIXA  DE AGUA FAVOR LIGAR CASA VAZIA => Email enviado ao naec dia 05-06-12 Camila => 1 => 135481 => COZ KIPLAC RENATA PLUS BR/PTO => 0 =>  => 0 =>  => 0 =>  => 0 =>  => 0 =>  => 0 =>  => 0 =>  => 0 =>  => 0 =>  => 0 =>  => 0 =>  => 0 =>  => 0 =>  => 0 =>  => 0 =>  => 0 =>  => 0 =>  => 0 =>  => 0 =>  => "

-------------------------------
 
ALTERAÇÃO DE CLIENTE
POST => "camila" Data => "2012-06-05 16:56:41", Alterou o Cliente de vale 472701 => "INFORMAÇÕES ALTERADAS => "1 => 3225 => 6 => 25 => 21 => 0 => 0 => 11/05/2012 => 472701 => 241 => 759 => 18/04/2012 => ALESSANDRA SILVA DA ROCHA PAULO => 14359 => GISLANE CONRADO BAPTISTA =>  => ELISEU VISCONTI => 120 => APTO FDS => CATUMBI => RIO DE JANEIRO =>  => 8086-9690 =>  =>  => PERGUNTAR PELA QD VITALINO FRENTE DA CASA DA JUCIARA  CONFIRMEI COM O ESPOSO VAGNER agend: quarta 16/5 FICHA COM  JOSE FERNANDO  RELATORIO ENVIADO PARA MIRIAM DIA 28/5  LUCIANA....Email enviado ao naec dia 05-06-12 Camila => PASSEI E-MAIL PARA O NAEC WAGNER AMARILDO EUFFUMAN DIA 5/6 PARA PEDI AS PEÇAS LUCIANA  => 1 => 136651 => COZINHA TELASSUL CRISTAL 80123 BR => 1 => 140391 => G.ROUPA ARAPLAC 8P AUSTRIA TB/BR => 0 =>  => 0 =>  => 0 =>  => 0 =>  => 0 =>  => 0 =>  => 0 =>  => 0 =>  => 0 =>  => 0 =>  => 0 =>  => 0 =>  => 0 =>  => 0 =>  => 0 =>  => 0 =>  => 0 =>  => 0 =>  => "

-------------------------------
 
ALTERAÇÃO DE CLIENTE
POST => "camila" Data => "2012-06-05 17:03:01", Alterou o Cliente de vale 475206 => "INFORMAÇÕES ALTERADAS => "1 => 3672 => 6 => 33 => 29 => 0 => 0 => 14/05/2012 => 475206 => 281 => 1433 => 24/04/2012 => RAIMUNDO ANASTACIO DOS SANTOS JUNIOR => 16927 / 199 => MELQUISEDECK SOUZA DO NASCIMENTO SANTOS => 22451265 => TRAVESSA VALE => 44 => CASA 15 => ROCINHA => RIO DE JANEIRO => RJ => 7740-4838 => 8417-9775 =>  => ATRAS DA PADARIA DO MAURICIO NA DIONEIA PARA NA CORRENTE. => Email enviado ao naec dia 05-06-12 Camila => 1 => 140391 => G.ROUPA ARAPLAC 8P AUSTRIA TB/BR => 0 =>  => 0 =>  => 0 =>  => 0 =>  => 0 =>  => 0 =>  => 0 =>  => 0 =>  => 0 =>  => 0 =>  => 0 =>  => 0 =>  => 0 =>  => 0 =>  => 0 =>  => 0 =>  => 0 =>  => 0 =>  => 0 =>  => "

-------------------------------
 
ALTERAÇÃO DE CLIENTE
POST => "camila" Data => "2012-06-05 17:12:26", Alterou o Cliente de vale 475337 => "INFORMAÇÕES ALTERADAS => "1 => 3655 => 6 => 22 => 25 => 0 => 0 => 14/05/2012 => 475337 => 230 => 1212 => 24/04/2012 => EDMILSON SILVA LUZ => 18260 / 199 => GERSON DOS SANTOS MENDONÇA => 23845200 => RUA:JOSE COELHO RIBEIRO => 190 => CASA => CAMPO LINDO => SEROPEDICA => RJ => 3787-5078 =>  =>  => EST RIO SAO PAULO KM 40 CAMPO LINDO NA RUA DO BRIZOLÃO DIRETO VIRA ESQUERDA. => Email enviado ao naec dia 05-06-12 Camila => 1 => 140391 => G.ROUPA ARAPLAC 8P AUSTRIA TB/BR => 0 =>  => 0 =>  => 0 =>  => 0 =>  => 0 =>  => 0 =>  => 0 =>  => 0 =>  => 0 =>  => 0 =>  => 0 =>  => 0 =>  => 0 =>  => 0 =>  => 0 =>  => 0 =>  => 0 =>  => 0 =>  => 0 =>  => "

-------------------------------
