 
ALTERAÇÃO DE CLIENTE
POST => "luciana" Data => "2012-06-20 13:11:39", Alterou o Cliente de vale 364849 => "INFORMAÇÕES ALTERADAS => "1 => 714 => 5 => 27 => 8 => 0 => 0 => 15/02/2012 => 364849 => 203 => 71584 => 19/12/2011 =>  =>  => CESA GONSALVES DE OLIVEIRA => 20755170 => RUA: DA ABOLIÇÃO => 332 => ENTR H APT130 => ABOLIÇÃO => RIO DE JANEIRO => RJ => 3899-6468 =>  =>  => CONJ DOS FERROVIARIOS  PROX A OBRA DO VIADUTO DA ABOLÇAO CONFIRMEI COM O CLIENTE PARA SABADO 23/6 LUCIANA . =>  => 1 => 16419 => COZ. COMP ARAMOVEIS LILIAN PLUS BR/VD => 0 =>  => 0 =>  => 0 =>  => 0 =>  => 0 =>  => 0 =>  => 0 =>  => 0 =>  => 0 =>  => 0 =>  => 0 =>  => 0 =>  => 0 =>  => 0 =>  => 0 =>  => 0 =>  => 0 =>  => 0 =>  => 0 =>  => "

-------------------------------
 
CADASTRO DE CLIENTE
POST => "MIRIAN" Data => "2012-06-20 13:23:32", Cadastrou o Cliente de vale 566105 => "INFORMAÇÕES CADASTRADAS => "11 => 23 => 18 => 0 => 2 => 20/06/2012 => 566105 => 197 => 566105 => 15/06/2012 =>  =>  => WAGNER BOECHAT RAMOS =>  => RUA MARIA JOSE => 6 => FDS => ENG DE PEDREIRA => JAPERI => RJ => 7573-3800 =>  =>  => 2 RUA APOS O CIEP 207 => 01 => 138033 => G.ROUPA ARAPLAC 10P ATLAN PLUS TB/AM =>  =>  =>  =>  =>  =>  =>  =>  =>  =>  =>  =>  =>  =>  =>  =>  =>  =>  =>  =>  =>  =>  =>  =>  =>  =>  =>  =>  =>  =>  =>  =>  =>  =>  =>  =>  =>  =>  => "

-------------------------------
 
ALTERAÇÃO DE CLIENTE
POST => "luciana" Data => "2012-06-20 13:24:21", Alterou o Cliente de vale 535728 => "INFORMAÇÕES ALTERADAS => "1 => 2588 => 5 => 22 => 15 => 0 => 2 => 14/04/2012 => 535728 => 181 => 535728 => 14/04/2012 =>  =>  => MARILANE DA SILVA FESTA =>  => ALAMEDA JANDIRA FROES => 132 =>  => SAO FRANCISCO => NITERÓI => RJ => 2710-8784 =>  =>  => CONFIRMEI COM A CLIENTE  PARA terça 19/6   FEITO O PEDIDO DE PEÇAS DIA 20/6 LUCIANA  => FICHA COM JOSE PAULO MONNERAT => 1 => 141552 => CJ SALA JANTAR ORTIZ VALENCIA 6C AMEN => 0 =>  => 0 =>  => 0 =>  => 0 =>  => 0 =>  => 0 =>  => 0 =>  => 0 =>  => 0 =>  => 0 =>  => 0 =>  => 0 =>  => 0 =>  => 0 =>  => 0 =>  => 0 =>  => 0 =>  => 0 =>  => 0 =>  => "

-------------------------------
 
CADASTRO DE CLIENTE
POST => "MIRIAN" Data => "2012-06-20 13:26:20", Cadastrou o Cliente de vale 505774 => "INFORMAÇÕES CADASTRADAS => "11 => 19 => 26 => 0 => 0 => 20/06/2012 => 505774 => 197 => 53567 => 15/06/2012 => LEANDRO GONÇALVES RODRIGUES => 494782/199 => MARCELO SARMENTO DE CASTRO => 26053540 => RUA: HUDSON  => 45 =>  => JARDIM CACHOEIRA => NOVA IGUAÇU => RJ =>  =>  =>  => PROX AO CAMPAO DE JARDIM CACHOEIRA => 01 => 136651 => COZINHA TELASSUL CRISTAL 80123 BR =>  =>  =>  =>  =>  =>  =>  =>  =>  =>  =>  =>  =>  =>  =>  =>  =>  =>  =>  =>  =>  =>  =>  =>  =>  =>  =>  =>  =>  =>  =>  =>  =>  =>  =>  =>  =>  =>  => "

-------------------------------
 
CADASTRO DE CLIENTE
POST => "MIRIAN" Data => "2012-06-20 13:30:21", Cadastrou o Cliente de vale 505778 => "INFORMAÇÕES CADASTRADAS => "11 => 34 => 15 => 0 => 0 => 20/06/2012 => 505778 => 197 => 847 => 15/06/2012 => ABILIO MARCOS SANTOS => 15678/199 => ANA CRISTINA AGNACIO SANTOS NUNES => 26215532 => AVENIDA DOUTOR LUIZ GUIMARAES => 1190 => CS 02 => CENTRO => NOVA IGUAÇU => RJ => 2669-1347 =>  =>  => PROX DA LOJA DE FERRAGEM COREFEL E PROX DA NILO PESSANHA => 01 => 100136 => COZINHA ITAT DAYANE BR =>  =>  =>  =>  =>  =>  =>  =>  =>  =>  =>  =>  =>  =>  =>  =>  =>  =>  =>  =>  =>  =>  =>  =>  =>  =>  =>  =>  =>  =>  =>  =>  =>  =>  =>  =>  =>  =>  => "

-------------------------------
 
CADASTRO DE CLIENTE
POST => "MIRIAN" Data => "2012-06-20 13:34:06", Cadastrou o Cliente de vale 505972 => "INFORMAÇÕES CADASTRADAS => "11 => 25 => 9 => 0 => 0 => 20/06/2012 => 505972 => 241 => 21 => 15/06/2012 => JULIO CESAR VIEIRA SOARES => 8597/199 => HELEN ROSE PAIXAO ABREU  => 20251250 => TRAVESSA MARROCOS  => 12 =>  => RIO COMPRIDO => RIO DE JANEIRO => RJ => 3971-2162 => 3094-8250 => 9668-9172 => PROX A QUADRA DO FOGUETEIRO PROC HELIDA => 01 => 136543 => COZINHA  LUCIANE DAKAR CHAMP/NOG =>  =>  =>  =>  =>  =>  =>  =>  =>  =>  =>  =>  =>  =>  =>  =>  =>  =>  =>  =>  =>  =>  =>  =>  =>  =>  =>  =>  =>  =>  =>  =>  =>  =>  =>  =>  =>  =>  => "

-------------------------------
 
ALTERAÇÃO DE CLIENTE
POST => "simone" Data => "2012-06-20 13:41:31", Alterou o Cliente de vale 405811 => "INFORMAÇÕES ALTERADAS => "1 => 806 => 35 => 30 => 27 => 0 => 0 => 09/03/2012 => 405811 => 249 => 25697 => 30/01/2012 =>  =>  => ELIANE RODRIGUES DA COSTA =>  => ESTRADA FRANCISCO DA CRUZ NUNES => 35 =>  => CANTAGALO => NITERÓI =>  => 9673-5747 =>  =>  => NAEC => OBS:  Passado e-mail ao naec solicitando outro telefone e referencia no dia 20/06/2012. simone => 1 => 135481 => COZ KIPLAC RENATA PLUS BR/PTO => 0 =>  => 0 =>  => 0 =>  => 0 =>  => 0 =>  => 0 =>  => 0 =>  => 0 =>  => 0 =>  => 0 =>  => 0 =>  => 0 =>  => 0 =>  => 0 =>  => 0 =>  => 0 =>  => 0 =>  => 0 =>  => 0 =>  => "

-------------------------------
 
ALTERAÇÃO DE CLIENTE
POST => "simone" Data => "2012-06-20 13:50:47", Alterou o Cliente de vale 307422 => "INFORMAÇÕES ALTERADAS => "1 => 4015 => 35 => 33 => 25 => 2 => 0 => 31/05/2012 => 307422 => 195 => 62345 => 25/10/2011 => RONALDO SANTANA FAVACHO => 338925 => OSMARA CARINE COUTO GIOVANINI =>  => RUA  SAFIRA => 49 => CASA => COELHO DA ROCHA => SAO  JOAO DE MERITI =>  => 2786-1875 =>  =>  => PERTO DA BELKIS E NA RUA DO DEPOSITO DA RENANGAS PELO JUAREZ.TEL 8753-6353 OU 2753-9396(TEL DA CASA LIGAR A NOITE ) =>  => 1 => 8839 => G.ROUPA S ANDIRA HAV PLUS 6P IMB/BR => 0 =>  => 0 =>  => 0 =>  => 0 =>  => 0 =>  => 0 =>  => 0 =>  => 0 =>  => 0 =>  => 0 =>  => 0 =>  => 0 =>  => 0 =>  => 0 =>  => 0 =>  => 0 =>  => 0 =>  => 0 =>  => 0 =>  => "

-------------------------------
 
ALTERAÇÃO DE CLIENTE
POST => "simone" Data => "2012-06-20 13:54:41", Alterou o Cliente de vale 307422 => "INFORMAÇÕES ALTERADAS => "1 => 4015 => 35 => 40 => 25 => 2 => 0 => 31/05/2012 => 307422 => 195 => 62345 => 25/10/2011 => RONALDO SANTANA FAVACHO => 338925 => OSMARA CARINE COUTO GIOVANINI =>  => RUA  SAFIRA => 49 => CASA => COELHO DA ROCHA => SAO  JOAO DE MERITI =>  => 2786-1875 =>  =>  => PERTO DA BELKIS E NA RUA DO DEPOSITO DA RENANGAS PELO JUAREZ.TEL 8753-6353 OU 2753-9396(TEL DA CASA LIGAR A NOITE ) => OBS: PEGUEI O TEL COM A VIZINHA, MAS NINGUÉM ATENDE !!! => 1 => 8839 => G.ROUPA S ANDIRA HAV PLUS 6P IMB/BR => 0 =>  => 0 =>  => 0 =>  => 0 =>  => 0 =>  => 0 =>  => 0 =>  => 0 =>  => 0 =>  => 0 =>  => 0 =>  => 0 =>  => 0 =>  => 0 =>  => 0 =>  => 0 =>  => 0 =>  => 0 =>  => 0 =>  => "

-------------------------------
 
ALTERAÇÃO DE CLIENTE
POST => "luciana" Data => "2012-06-20 14:05:19", Alterou o Cliente de vale 503649 => "INFORMAÇÕES ALTERADAS => "1 => 4179 => 5 => 31 => 18 => 0 => 0 => 11/06/2012 => 503649 => 280 => 5843 => 11/06/2012 => CASSIO FERNANDO BEZERRA DOS SA => 3207 => FABIO ALVES DOS SANTOS => 21670410 => RUA: MATIOLA => 65 => APT 203 BL4 => GUADALUPE => RIO DE JANEIRO => RJ => 7809-4310 =>  =>  => CONFIRMEI COM O CLIENTE  PARA QUARTA 20/6 FARLY  LUCIANA  =>  => 1 => 16068 => MESA MODECOR BRUNA 4C T.VID BR/PT => 0 =>  => 0 =>  => 0 =>  => 0 =>  => 0 =>  => 0 =>  => 0 =>  => 0 =>  => 0 =>  => 0 =>  => 0 =>  => 0 =>  => 0 =>  => 0 =>  => 0 =>  => 0 =>  => 0 =>  => 0 =>  => 0 =>  => "

-------------------------------
 
ALTERAÇÃO DE CLIENTE
POST => "luciana" Data => "2012-06-20 14:24:11", Alterou o Cliente de vale 248244 => "INFORMAÇÕES ALTERADAS => "1 => 3867 => 5 => 15 => 20 => 2 => 0 => 24/05/2012 => 248244 => 173 => 25164 => 18/08/2012 => ALLAN CARLOS DA SILVA => 269196/199 => PAULO DAVYD STADLER JUNIOR => 21910115 => RUA SAO LAZARO  S/N =>  =>  => SANTO EXPEDITO  => QUEIMADOS  => RJ => 9838-3962 =>  =>  => PROXIMO AO SITIO CHALON...Email enviado ao naec dia 05-06-12 Camila. PX AO SITIO SHALON , 1 DIREITA , UNICA CASA COM DOIS ANDARES . PASSEI PARA JOSE FERNANDO VAI ATENDER ATÉ O DIA 27/06/2012 LUCIANA  => CLIENTE MUDOU DE ENDEREÇO, PARA QUEIMADOS JA MODIFIQUEI O ENDEREÇO.LIGUEI PARA PERGUNTAR QUAL ERA O BAIRRO MAIS ESTA NA CAIXA POSTAL. => 1 => 9302 => KIT COZ KP 6P DELTA COLOR BR/ VD => 0 =>  => 0 =>  => 0 =>  => 0 =>  => 0 =>  => 0 =>  => 0 =>  => 0 =>  => 0 =>  => 0 =>  => 0 =>  => 0 =>  => 0 =>  => 0 =>  => 0 =>  => 0 =>  => 0 =>  => 0 =>  => 0 =>  => "

-------------------------------
 
ALTERAÇÃO DE CLIENTE
POST => "simone" Data => "2012-06-20 15:04:59", Alterou o Cliente de vale 377842 => "INFORMAÇÕES ALTERADAS => "1 => 24 => 35 => 16 => 19 => 0 => 0 => 28/02/2012 => 377842 => 169 => 83855 => 28/02/2012 =>  =>  => ARNALDO MAGNAVITA =>  => DIAS DE BARROS => 54 => CASA => SANTA TERESA => RIO DE JANEIRO =>  => 2224-4344 => 9985-9985 =>  => GLORIA CANDIDO MENDES HERMENEGILDO DE BARROS ENTREGAR ATE AS 14 HS.FATURAMENTO 02/01/2012.NAEC COLEGIO MACHADO DE ASSIS. => OBS: AGEND : 20/06/2012 WILTON  => 1 => 9066 => MESA MODECOR LUMA 4C T VID BR => 0 =>  => 0 =>  => 0 =>  => 0 =>  => 0 =>  => 0 =>  => 0 =>  => 0 =>  => 0 =>  => 0 =>  => 0 =>  => 0 =>  => 0 =>  => 0 =>  => 0 =>  => 0 =>  => 0 =>  => 0 =>  => 0 =>  => "

-------------------------------
 
ALTERAÇÃO DE CLIENTE
POST => "simone" Data => "2012-06-20 16:25:34", Alterou o Cliente de vale 486467 => "INFORMAÇÕES ALTERADAS => "1 => 3607 => 35 => 13 => 23 => 0 => 0 => 14/05/2012 => 486467 => 238 => 67143 => 11/05/2012 => GILMAR DIAS RIBEIRO => 539382/199 => RAIMUNDA GOMES DE PONTES => 23587410 => TRAVESSA: DO GOUVEIA => 110 =>  => PACIÊNCIA => RIO DE JANEIRO => RJ => 3156-2861 =>  =>  =>  =>  => 1 => 136654 => BALCAO C/T TELASUL CRISTAL BR => 0 =>  => 0 =>  => 0 =>  => 0 =>  => 0 =>  => 0 =>  => 0 =>  => 0 =>  => 0 =>  => 0 =>  => 0 =>  => 0 =>  => 0 =>  => 0 =>  => 0 =>  => 0 =>  => 0 =>  => 0 =>  => 0 =>  => "

-------------------------------
 
ALTERAÇÃO DE CLIENTE
POST => "simone" Data => "2012-06-20 17:10:37", Alterou o Cliente de vale 496296 => "INFORMAÇÕES ALTERADAS => "1 => 3964 => 35 => 39 => 30 => 0 => 1 => 29/05/2012 => 496296 => 173 => 32265 => 26/05/2012 => MARIANA DA SILVA MARINHO => 518619/199 => EDUARDO SA PIRES => 21931440 => RUA: JABURANA => 266 =>  => JARDIM CARIOCA => RIO DE JANEIRO => RJ => 9818-2273 => 3386-8254 =>  => SUBINDO A COMBU DPS D PAM SEG ESQ =>  => 1 => 135251 => G.ROUPA FRITZ 6P DANY TB/BR => 0 =>  => 0 =>  => 0 =>  => 0 =>  => 0 =>  => 0 =>  => 0 =>  => 0 =>  => 0 =>  => 0 =>  => 0 =>  => 0 =>  => 0 =>  => 0 =>  => 0 =>  => 0 =>  => 0 =>  => 0 =>  => 0 =>  => "

-------------------------------
