 
ALTERAÇÃO DE CLIENTE
POST => "simone" Data => "2012-06-14 08:47:49", Alterou o Cliente de vale 486177 => "INFORMAÇÕES ALTERADAS => "1 => 3680 => 35 => 19 => 29 => 0 => 0 => 15/05/2012 => 486177 => 241 => 25836 => 11/05/2012 => JULIO CESAR VIEIRA SOARES => 233534 => VERA LUCIA SOUZA DA SILVA =>  => ALEXANDRE RANGEL => 19 => CASA => VILA GUIMARES => NOVA IGUAÇU =>  => 2763-4190 =>  =>  => PROC SR VERA LUCIA TROCA SEM RECOLHIMENTO..Email enviado ao naec dia 22-05-2012 Camila. ENDEREÇO:RUA SAO MARTINHO, 14 CASA 02 AUSTIN, NOVA IGUACU (21)2763-4190 => obs: passei e-mail para marta no dia 19/05/2012 as 10:05 para cobrar do montador.simone => 1 => 136651 => COZINHA TELASSUL CRISTAL 80123 BR => 0 =>  => 0 =>  => 0 =>  => 0 =>  => 0 =>  => 0 =>  => 0 =>  => 0 =>  => 0 =>  => 0 =>  => 0 =>  => 0 =>  => 0 =>  => 0 =>  => 0 =>  => 0 =>  => 0 =>  => 0 =>  => 0 =>  => "

-------------------------------
 
ALTERAÇÃO DE CLIENTE
POST => "simone" Data => "2012-06-14 08:52:17", Alterou o Cliente de vale 495109 => "INFORMAÇÕES ALTERADAS => "1 => 3895 => 35 => 18 => 21 => 0 => 0 => 25/05/2012 => 495109 => 197 => 55334 => 24/05/2012 => ADEILSON MAX DE AGUIAR => 502864/199 => SIMONE MELO SILVA => 26290249 => ESTRADA GRANJA => 544 =>  => PALHADA => NOVA IGUAÇU => RJ => 2694-4703 =>  =>  => PROX A MERCEARIA E NOVO COND EM CONSTRUÇÃO.2657-6101 / 6867-3993 / 2694-4703  => OBS: CLIENTE NÃO ATENDE O TEL,PARA PEGAR OUTRA REFERÊNCIA.PASSEI E-MAIL PARA O NAEC NO DIA 08/06/2012  SOLICITANDO OUTRO TELEFONE E REFERÊNCIA!ENDEREÇO : RUA RUA 3, 559 CASA PARQUE DAS PAUMEIRAS, NOVA IGUACU/RJ-26587933 . OBS : PROX A MERSEARIA SILVA E NOVO CONDOMINEO EM CONSTRUCAO NO ANTIGO CAMPO TEL 26944703 . DATA DA ENTREGA 25/02/2012. => 1 => 140391 => G.ROUPA ARAPLAC 8P AUSTRIA TB/BR => 0 =>  => 0 =>  => 0 =>  => 0 =>  => 0 =>  => 0 =>  => 0 =>  => 0 =>  => 0 =>  => 0 =>  => 0 =>  => 0 =>  => 0 =>  => 0 =>  => 0 =>  => 0 =>  => 0 =>  => 0 =>  => 0 =>  => "

-------------------------------
 
ALTERAÇÃO DE CLIENTE
POST => "luciana" Data => "2012-06-14 09:16:43", Alterou o Cliente de vale 450184 => "INFORMAÇÕES ALTERADAS => "1 => 4067 => 5 => 24 => 15 => 2 => 0 => 01/06/2012 => 450184 => 175 => 37152 => 24/03/2012 => ANSELMO DS SANTOS FARIAS => 509041/199 => ERNESTO RIOS DA CUNHA => 20531010 => RUA: ÂNGELO DOS REIS => 245 => CS 02 => ALTO DA BOA VISTA => RIO DE JANEIRO => RJ => 2278-4874 =>  =>  => ANTES DA SUBIDA DOUTOR CATRAMBI PROC ERNESTO OU TEREZINHA  AGEND: SEXTA 15/06 cliente ciente  MONTADOR WILTON LUCIANA  =>  => 1 => 136216 => G.ROUPA MOVAL 6P PARIS TB/BR => 0 =>  => 0 =>  => 0 =>  => 0 =>  => 0 =>  => 0 =>  => 0 =>  => 0 =>  => 0 =>  => 0 =>  => 0 =>  => 0 =>  => 0 =>  => 0 =>  => 0 =>  => 0 =>  => 0 =>  => 0 =>  => 0 =>  => "

-------------------------------
 
CADASTRO DE CLIENTE
POST => "MIRIAN" Data => "2012-06-14 09:57:18", Cadastrou o Cliente de vale 468746 => "INFORMAÇÕES CADASTRADAS => "11 => 23 => 17 => 0 => 0 => 14/06/2012 => 468746 => 169 => 345 => 12/04/2012 => RICARDO JOSE DE ABREU => 5843/199 => VANIA PEREIRA GONÇALVES => 20211350 => PRAÇA: DA REPUBLICA => 13 => AP 211 => CENTRO => RIO DE JANEIRO => RJ =>  =>  =>  => FICA AO LADO DO CORP DE BOMBEIROS PROX AO CAMPO  DE SANTANA => 01 => 140391 => G.ROUPA ARAPLAC 8P AUSTRIA TB/BR =>  =>  =>  =>  =>  =>  =>  =>  =>  =>  =>  =>  =>  =>  =>  =>  =>  =>  =>  =>  =>  =>  =>  =>  =>  =>  =>  =>  =>  =>  =>  =>  =>  =>  =>  =>  =>  =>  => "

-------------------------------
 
ALTERAÇÃO DE CLIENTE
POST => "camila" Data => "2012-06-14 10:03:30", Alterou o Cliente de vale 421509 => "INFORMAÇÕES ALTERADAS => "1 => 3074 => 6 => 27 => 15 => 0 => 0 => 30/04/2012 => 421509 => 282 => 7320 => 15/02/2012 => ANDREA LISBOA RIBEIRO SILVA => 493539/199 => GILVAN DA SILVA SOUSA => 22753050 => AMELIAS => 74 =>  => RIO DAS PEDRAS => RIO DE JANEIRO => RJ => 9642-2429 => 8050-9975 => 7202-8497 => Reagend:16-06-12 Camila =>  => 1 => 134708 => BALCAO LUCIANE DAKAR 2P4G CHAMP / NOG => 1 => 136543 => COZINHA  LUCIANE DAKAR CHAMP/NOG => 0 =>  => 0 =>  => 0 =>  => 0 =>  => 0 =>  => 0 =>  => 0 =>  => 0 =>  => 0 =>  => 0 =>  => 0 =>  => 0 =>  => 0 =>  => 0 =>  => 0 =>  => 0 =>  => 0 =>  => 0 =>  => "

-------------------------------
 
ALTERAÇÃO DE CLIENTE
POST => "luciana" Data => "2012-06-14 10:04:05", Alterou o Cliente de vale 252031 => "INFORMAÇÕES ALTERADAS => "1 => 3899 => 5 => 41 => 21 => 2 => 0 => 24/05/2012 => 252031 => 176 => 22274 => 22/08/2011 => JULIO ROBERTO PAIVA BARRETO => 271561 / 199 => RAHHANA VANESSA LUCIO SILVA => 20220750 => RUA: REGO BARROS => 79 => CASA => SANTO CRISTO => RIO DE JANEIRO => RJ => 9208-8765 => 3884-5914 =>  => GARAGEM SAO SILVESTRE.  CONFIRMEI COM A CLIENTE PARA SABADO 16/6 LUCIANA  =>  => 1 => 138033 => G.ROUPA ARAPLAC 10P ATLAN PLUS TB/AM => 0 =>  => 0 =>  => 0 =>  => 0 =>  => 0 =>  => 0 =>  => 0 =>  => 0 =>  => 0 =>  => 0 =>  => 0 =>  => 0 =>  => 0 =>  => 0 =>  => 0 =>  => 0 =>  => 0 =>  => 0 =>  => 0 =>  => "

-------------------------------
 
ALTERAÇÃO DE CLIENTE
POST => "suzi" Data => "2012-06-14 10:04:12", Alterou o Cliente de vale 520496 => "INFORMAÇÕES ALTERADAS => "1 => 3919 => 3 => 19 => 31 => 0 => 2 => 24/05/2012 => 520496 => 245 => 520496 => 24/05/2012 =>  =>  => MARIA DAS GRACAS FERRAO =>  => RUA:NAIR SABINO => 14 =>  => TAQUARA => RIO DE JANEIRO => RJ => 9214-4438 =>  =>  => COMUNIDADE VILA SAPE.PEDIDO:40882 => agendado com O montador e o Igor para hoje 14/06. suzi passado email para camila. => 1 => 136651 => COZINHA TELASSUL CRISTAL 80123 BR => 0 =>  => 0 =>  => 0 =>  => 0 =>  => 0 =>  => 0 =>  => 0 =>  => 0 =>  => 0 =>  => 0 =>  => 0 =>  => 0 =>  => 0 =>  => 0 =>  => 0 =>  => 0 =>  => 0 =>  => 0 =>  => 0 =>  => "

-------------------------------
 
ALTERAÇÃO DE CLIENTE
POST => "simone" Data => "2012-06-14 10:08:01", Alterou o Cliente de vale 486341 => "INFORMAÇÕES ALTERADAS => "1 => 3497 => 35 => 10 => 25 => 0 => 1 => 12/05/2012 => 486341 => 182 => 30904 => 11/05/2012 => ELUCIANA BARBOSA SANTOS => 276955 => ANA LUCIA DOS SANTOS =>  => PRO FESSORA MARIA ALICEDUARTE => 102 => CASA => POSSE => NOVA IGUAÇU =>  =>  =>  =>  => RUA DO CONDOMINIO DA BEIJA FLOR E HOTEL LEDOURADO EM CIMA DA PADARIA..Email enviado ao naec dia 22-05-2012 Camila. ENDEREÇO : ESTRADA DOUTOR MANOEL REIS, 190 APTO 201 CENTRO, NILOPOLIS TEL: (21)2692-4926. => OBS: passei e-mail no dia 19/05/2012 as 09:42 para cobrar do montador.MONTADOR VAI ESTAR FAZENDO ESSE ATENDIMENTO HOJE DIA 19/05 => 1 => 136468 => G.ROUPA KAPPS 6P3G INT VIENA TECA/PT => 0 =>  => 0 =>  => 0 =>  => 0 =>  => 0 =>  => 0 =>  => 0 =>  => 0 =>  => 0 =>  => 0 =>  => 0 =>  => 0 =>  => 0 =>  => 0 =>  => 0 =>  => 0 =>  => 0 =>  => 0 =>  => 0 =>  => "

-------------------------------
 
ALTERAÇÃO DE CLIENTE
POST => "luciana" Data => "2012-06-14 10:09:26", Alterou o Cliente de vale 450184 => "INFORMAÇÕES ALTERADAS => "1 => 4067 => 5 => 46 => 12 => 2 => 0 => 01/06/2012 => 450184 => 175 => 37152 => 24/03/2012 => ANSELMO DS SANTOS FARIAS => 509041/199 => ERNESTO RIOS DA CUNHA => 20531010 => RUA: ÂNGELO DOS REIS => 245 => CS 02 => ALTO DA BOA VISTA => RIO DE JANEIRO => RJ => 2278-4874 =>  =>  => ANTES DA SUBIDA DOUTOR CATRAMBI PROC ERNESTO OU TEREZINHA  AGEND: SEXTA 15/06 cliente ciente  MONTADOR WILTON LUCIANA  =>  => 1 => 136216 => G.ROUPA MOVAL 6P PARIS TB/BR => 0 =>  => 0 =>  => 0 =>  => 0 =>  => 0 =>  => 0 =>  => 0 =>  => 0 =>  => 0 =>  => 0 =>  => 0 =>  => 0 =>  => 0 =>  => 0 =>  => 0 =>  => 0 =>  => 0 =>  => 0 =>  => 0 =>  => "

-------------------------------
 
ALTERAÇÃO DE CLIENTE
POST => "luciana" Data => "2012-06-14 10:21:43", Alterou o Cliente de vale 252031 => "INFORMAÇÕES ALTERADAS => "1 => 3899 => 5 => 26 => 10 => 2 => 0 => 24/05/2012 => 252031 => 176 => 22274 => 22/08/2011 => JULIO ROBERTO PAIVA BARRETO => 271561 / 199 => RAHHANA VANESSA LUCIO SILVA => 20220750 => RUA: REGO BARROS => 79 => CASA => SANTO CRISTO => RIO DE JANEIRO => RJ => 9208-8765 => 3884-5914 =>  => GARAGEM SAO SILVESTRE.  CONFIRMEI COM A CLIENTE PARA SABADO 16/6  WILTON LUCIANA  =>  => 1 => 138033 => G.ROUPA ARAPLAC 10P ATLAN PLUS TB/AM => 0 =>  => 0 =>  => 0 =>  => 0 =>  => 0 =>  => 0 =>  => 0 =>  => 0 =>  => 0 =>  => 0 =>  => 0 =>  => 0 =>  => 0 =>  => 0 =>  => 0 =>  => 0 =>  => 0 =>  => 0 =>  => 0 =>  => "

-------------------------------
 
ALTERAÇÃO DE CLIENTE
POST => "luciana" Data => "2012-06-14 10:23:34", Alterou o Cliente de vale 569346 => "INFORMAÇÕES ALTERADAS => "1 => 3822 => 5 => 49 => 22 => 0 => 2 => 21/05/2012 => 569346 => 230 => 569346 => 18/05/2012 =>  =>  => GISELE PEREIRA =>  => RUA A RNALDO ROCHA SALAZAR => 25 =>  => INHOAIBA => RIO DE JANEIRO => RJ => 7310-8700 => 8574-8630 =>  => ESTRA DO CAMPINHO BAIRRO NOVA CIDADE PROX AO CAMPO DA MARIA LUIZA E PROX PRAÇA DO EUCALIPTOS  CLIENTE NÃO ATENDE O TEL ACIMA DIA 22/5 AS 15:51HS PARA FAZER O AGENDAMENTO PARA QUINTA 24/5 PASSEI O E-MAIL PARA O IGOR DIA 22/5 PARA PEDI O TEL DE CONTATO LUCIANA  => NILVALDO VAI ATENDE SEXTA 15/6 CLIENTE NÃO ATENDE OS 2 TEL ACIMA PARA CONFIRMAR  LUCIANA  => 1 => 140391 => G.ROUPA ARAPLAC 8P AUSTRIA TB/BR => 0 =>  => 0 =>  => 0 =>  => 0 =>  => 0 =>  => 0 =>  => 0 =>  => 0 =>  => 0 =>  => 0 =>  => 0 =>  => 0 =>  => 0 =>  => 0 =>  => 0 =>  => 0 =>  => 0 =>  => 0 =>  => 0 =>  => "

-------------------------------
 
ALTERAÇÃO DE CLIENTE
POST => "luciana" Data => "2012-06-14 10:28:22", Alterou o Cliente de vale 240214 => "INFORMAÇÕES ALTERADAS => "1 => 3863 => 5 => 20 => 24 => 2 => 0 => 24/05/2012 => 240214 => 239 => 18312 => 23/05/2012 => RENAN DE ARAUJO COSTA => 258656/199 => JOAO BOSCO DE AMORIM TAVARES => 24020340 => AV BRASIL  => 21158 => CASA 2 => BARROS FILHO => Rio de Janeiro => RJ => 2622-7523 => 8035-1085 =>  => prox ao viaduto de barros filho.Agend:7-06-12 CLIENTE CIENTE RELATORIO ENVIADO PARA MIRIAM DIA 14/6 LUCIANA. =>  => 1 => 138066 => G.ROUPA ARAPLAC 12P DAKAR PLUS TB/AM => 0 =>  => 0 =>  => 0 =>  => 0 =>  => 0 =>  => 0 =>  => 0 =>  => 0 =>  => 0 =>  => 0 =>  => 0 =>  => 0 =>  => 0 =>  => 0 =>  => 0 =>  => 0 =>  => 0 =>  => 0 =>  => 0 =>  => "

-------------------------------
 
ALTERAÇÃO DE CLIENTE
POST => "luciana" Data => "2012-06-14 10:47:23", Alterou o Cliente de vale 485354 => "INFORMAÇÕES ALTERADAS => "1 => 3335 => 5 => 29 => 15 => 0 => 0 => 10/05/2012 => 485354 => 238 => 67132 => 10/05/2012 => HUGO LEONARDO FERREIRA MORAIS => 538013 / 199 => PEDRO PAULO VEIGA => 23580250 => ESTRADA: DA PACIENCIA => 53 => CASA => PACIÊNCIA => RIO DE JANEIRO => RJ => 3394-6719 => 8409-1284 => 2409-8078 => CONFIRMEI COM O CLIENTE PARA SABADO 26/5 ENDEREÇO NÃO LOCALIZADO CLIENTE NÃO ATENDE OS 3 TEL ACIMA DIA 12/6 PASSEI E-MAIL PARA O NAEC DIA 12/6 LUCIANA  => AO LADO DA LOJA CLAUDIO BATERIA CONFIRMEI COM O CLIENTE PARA SEXTA 15/6 APARTI DE 13:00HS Luciana . => 1 => 100136 => COZINHA ITAT DAYANE BR => 0 =>  => 0 =>  => 0 =>  => 0 =>  => 0 =>  => 0 =>  => 0 =>  => 0 =>  => 0 =>  => 0 =>  => 0 =>  => 0 =>  => 0 =>  => 0 =>  => 0 =>  => 0 =>  => 0 =>  => 0 =>  => 0 =>  => "

-------------------------------
 
ALTERAÇÃO DE CLIENTE
POST => "luciana" Data => "2012-06-14 10:49:48", Alterou o Cliente de vale 485354 => "INFORMAÇÕES ALTERADAS => "1 => 3335 => 5 => 17 => 14 => 0 => 0 => 10/05/2012 => 485354 => 238 => 67132 => 10/05/2012 => HUGO LEONARDO FERREIRA MORAIS => 538013 / 199 => PEDRO PAULO VEIGA => 23580250 => ESTRADA: DA PACIENCIA => 53 => CASA => PACIÊNCIA => RIO DE JANEIRO => RJ => 3394-6719 => 8409-1284 => 2409-8078 => CONFIRMEI COM O CLIENTE PARA SABADO 26/5 ENDEREÇO NÃO LOCALIZADO CLIENTE NÃO ATENDE OS 3 TEL ACIMA DIA 12/6 PASSEI E-MAIL PARA O NAEC DIA 12/6 LUCIANA  => AO LADO DA LOJA CLAUDIO BATERIA CONFIRMEI COM O CLIENTE PARA SEXTA 15/6 APARTI DE 13:00HS Nivaldo  Luciana . => 1 => 100136 => COZINHA ITAT DAYANE BR => 0 =>  => 0 =>  => 0 =>  => 0 =>  => 0 =>  => 0 =>  => 0 =>  => 0 =>  => 0 =>  => 0 =>  => 0 =>  => 0 =>  => 0 =>  => 0 =>  => 0 =>  => 0 =>  => 0 =>  => 0 =>  => 0 =>  => "

-------------------------------
 
ALTERAÇÃO DE CLIENTE
POST => "simone" Data => "2012-06-14 10:54:44", Alterou o Cliente de vale 480875 => "INFORMAÇÕES ALTERADAS => "1 => 3068 => 35 => 37 => 25 => 2 => 0 => 05/05/2012 => 480875 => 208 => 15624 => 03/05/2012 => MARIA CLEIA DO NASCIMENTO => 68255 => CIRLEIA SILVA FERREIRA DE OLIVEIRA =>  => CAMINHO DA CHACRIHA => 526 => CASA => PRAÇA SECA => RIO DE JANEIRO =>  => 2435-2473 => 8789-1701 =>  => EM FRENTE A CEDAE PROC DONA NEIA DEP 06 PCS => OBS: CLIENTE NÃO ATENDE O TEL AS 13:38  NEM O MONTADOR ! => 1 => 8488 => G.ROUPA ARAMOVEIS 3P 4149 TB/BR => 0 =>  => 0 =>  => 0 =>  => 0 =>  => 0 =>  => 0 =>  => 0 =>  => 0 =>  => 0 =>  => 0 =>  => 0 =>  => 0 =>  => 0 =>  => 0 =>  => 0 =>  => 0 =>  => 0 =>  => 0 =>  => 0 =>  => "

-------------------------------
 
ALTERAÇÃO DE CLIENTE
POST => "luciana" Data => "2012-06-14 10:59:33", Alterou o Cliente de vale 403036 => "INFORMAÇÕES ALTERADAS => "1 => 4073 => 5 => 32 => 16 => 2 => 0 => 01/06/2012 => 403036 => 241 => 37609 => 26/01/2012 => JULIO CESRA VIEIRA SOARES => 469577/199 => AUREA CHARMAINE ROMEIRO COSTA => 20251400 => RUA: SANTA CATARINA => 100 => AP 401 => SANTA TERESA => RIO DE JANEIRO => RJ => 9865-7037 => 9613-6989 =>  => ACESSO PELA RUA GONCALVES PROX A CLINICA DA FAMILIA PROC AUREA OU RAFAEL  WILTON VAI ATENDE SEGUNDA 18/6 CLIENTE CIENTE LUCIANA  => OBS: CLIENTE NÃO ATENDE O TEL AS 10:30 => 1 => 135481 => COZ KIPLAC RENATA PLUS BR/PTO => 0 =>  => 0 =>  => 0 =>  => 0 =>  => 0 =>  => 0 =>  => 0 =>  => 0 =>  => 0 =>  => 0 =>  => 0 =>  => 0 =>  => 0 =>  => 0 =>  => 0 =>  => 0 =>  => 0 =>  => 0 =>  => 0 =>  => "

-------------------------------
 
ALTERAÇÃO DE CLIENTE
POST => "luciana" Data => "2012-06-14 11:01:03", Alterou o Cliente de vale 403036 => "INFORMAÇÕES ALTERADAS => "1 => 4073 => 5 => 8 => 9 => 2 => 0 => 01/06/2012 => 403036 => 241 => 37609 => 26/01/2012 => JULIO CESRA VIEIRA SOARES => 469577/199 => AUREA CHARMAINE ROMEIRO COSTA => 20251400 => RUA: SANTA CATARINA => 100 => AP 401 => SANTA TERESA => RIO DE JANEIRO => RJ => 9865-7037 => 9613-6989 =>  => ACESSO PELA RUA GONCALVES PROX A CLINICA DA FAMILIA PROC AUREA OU RAFAEL  WILTON VAI ATENDE SEGUNDA 18/6 CLIENTE CIENTE LUCIANA  => OBS: CLIENTE NÃO ATENDE O TEL AS 10:30 => 1 => 135481 => COZ KIPLAC RENATA PLUS BR/PTO => 0 =>  => 0 =>  => 0 =>  => 0 =>  => 0 =>  => 0 =>  => 0 =>  => 0 =>  => 0 =>  => 0 =>  => 0 =>  => 0 =>  => 0 =>  => 0 =>  => 0 =>  => 0 =>  => 0 =>  => 0 =>  => 0 =>  => "

-------------------------------
 
ALTERAÇÃO DE CLIENTE
POST => "luciana" Data => "2012-06-14 11:13:36", Alterou o Cliente de vale 497255 => "INFORMAÇÕES ALTERADAS => "1 => 3961 => 5 => 17 => 25 => 0 => 1 => 28/05/2012 => 497255 => 230 => 47668 => 28/05/2012 => ANDERSON DE LIMA BARBOSA => 158761 => JESUHUA FREITAS LEITE =>  => BERNARDINO DA SILVA MATOS => 75 => CASA 01 => SANTA CRUZ => RIO DE JANEIRO =>  => 7152-6267 => 3155-6657 => 8422-5170 => SEGUIR PELA ESTRADA JOAO XXIII ENTRAR NA RUA APOS O UPA 3 RUA A DIREITA AGEND: SEXTA 1.6 LUCIANA ANTIGA RUA 17. => OBS: FALEI COM A MÃE DONA EXPEDITA, AGEND: 16/06/2012.Nivaldo  => 1 => 135593 => G. ROUPA BP 2P LUKA BR/PTO => 0 =>  => 0 =>  => 0 =>  => 0 =>  => 0 =>  => 0 =>  => 0 =>  => 0 =>  => 0 =>  => 0 =>  => 0 =>  => 0 =>  => 0 =>  => 0 =>  => 0 =>  => 0 =>  => 0 =>  => 0 =>  => 0 =>  => "

-------------------------------
 
ALTERAÇÃO DE CLIENTE
POST => "luciana" Data => "2012-06-14 11:14:42", Alterou o Cliente de vale 497255 => "INFORMAÇÕES ALTERADAS => "1 => 3961 => 5 => 54 => 23 => 0 => 1 => 28/05/2012 => 497255 => 230 => 47668 => 28/05/2012 => ANDERSON DE LIMA BARBOSA => 158761 => JESUHUA FREITAS LEITE =>  => BERNARDINO DA SILVA MATOS => 75 => CASA 01 => SANTA CRUZ => RIO DE JANEIRO =>  => 7152-6267 => 3155-6657 => 8422-5170 => SEGUIR PELA ESTRADA JOAO XXIII ENTRAR NA RUA APOS O UPA 3 RUA A DIREITA AGEND: SEXTA 1.6 LUCIANA ANTIGA RUA 17. => OBS: FALEI COM A MÃE DONA EXPEDITA, AGEND: 16/06/2012.Nivaldo Luciana  => 1 => 135593 => G. ROUPA BP 2P LUKA BR/PTO => 0 =>  => 0 =>  => 0 =>  => 0 =>  => 0 =>  => 0 =>  => 0 =>  => 0 =>  => 0 =>  => 0 =>  => 0 =>  => 0 =>  => 0 =>  => 0 =>  => 0 =>  => 0 =>  => 0 =>  => 0 =>  => 0 =>  => "

-------------------------------
 
ALTERAÇÃO DE CLIENTE
POST => "luciana" Data => "2012-06-14 11:16:38", Alterou o Cliente de vale 485354 => "INFORMAÇÕES ALTERADAS => "1 => 3335 => 5 => 21 => 12 => 0 => 0 => 10/05/2012 => 485354 => 238 => 67132 => 10/05/2012 => HUGO LEONARDO FERREIRA MORAIS => 538013 / 199 => PEDRO PAULO VEIGA => 23580250 => ESTRADA: DA PACIENCIA => 53 => CASA => PACIÊNCIA => RIO DE JANEIRO => RJ => 3394-6719 => 8409-1284 => 2409-8078 => CONFIRMEI COM O CLIENTE PARA SABADO 26/5 ENDEREÇO NÃO LOCALIZADO CLIENTE NÃO ATENDE OS 3 TEL ACIMA DIA 12/6 PASSEI E-MAIL PARA O NAEC DIA 12/6 LUCIANA  => AO LADO DA LOJA CLAUDIO BATERIA CONFIRMEI COM O CLIENTE PARA SEXTA 15/6 APARTI DE 13:00HS Nivaldo  Luciana . => 1 => 100136 => COZINHA ITAT DAYANE BR => 0 =>  => 0 =>  => 0 =>  => 0 =>  => 0 =>  => 0 =>  => 0 =>  => 0 =>  => 0 =>  => 0 =>  => 0 =>  => 0 =>  => 0 =>  => 0 =>  => 0 =>  => 0 =>  => 0 =>  => 0 =>  => 0 =>  => "

-------------------------------
 
ALTERAÇÃO DE CLIENTE
POST => "luciana" Data => "2012-06-14 11:28:29", Alterou o Cliente de vale 419768 => "INFORMAÇÕES ALTERADAS => "1 => 3380 => 5 => 25 => 20 => 0 => 0 => 10/05/2012 => 419768 => 279 => 3752 => 13/02/2012 => MARGARETH DOS SANTOS => 490278 / 199 => LUCIA MARIA DE ARAUJO ARRUDA => 23555020 => RUA:DO IMPERIO => 1607 => CASA 26 => SANTA CRUZ => RIO DE JANEIRO => RJ => 9293-8976 => 3365-1563 =>  => EM FRENTE AO MURO DAS CASAS DA CAIXA ECONOMICA NA RETA DA BASE PROJETADA.3752 CONFIRMEI COM A CLIENTE PARA QUINTA 24/5  FOI 2 LATERAIS ESQUERDAS IGUAIS CLIENTE QUER A TROCA DO PRODUTO PASSEI O LAUDO DIA 14/6 LUCIANA 
 => produto danificado passei e-mail para Lidiaine dia 25/5 para ela entrar em contato com a cliente  relatorio enviado p/ miriam dia 12/6 Luciana  => 1 => 135251 => G.ROUPA FRITZ 6P DANY TB/BR => 0 =>  => 0 =>  => 0 =>  => 0 =>  => 0 =>  => 0 =>  => 0 =>  => 0 =>  => 0 =>  => 0 =>  => 0 =>  => 0 =>  => 0 =>  => 0 =>  => 0 =>  => 0 =>  => 0 =>  => 0 =>  => 0 =>  => "

-------------------------------
 
ALTERAÇÃO DE CLIENTE
POST => "luciana" Data => "2012-06-14 11:31:06", Alterou o Cliente de vale 307448 => "INFORMAÇÕES ALTERADAS => "1 => 3993 => 5 => 25 => 16 => 2 => 0 => 31/05/2012 => 307448 => 171 => 55856 => 25/10/2011 => SERGIO JOAQUIM DOS SANTOS => 337166/199 => MARIA JOSE ALVES DA SILVA =>  => RUA ALTO => 10 => CASA => CABUCU/IPIRANGA => NOVA IGUAÇU => RJ =>  =>  =>  => ESTR MADUREIRA ENTRAR  ESTR DO MUNGANGO,BAIRRO ALIANACA,PX LEAO DOS CABRITOS.agend: sexta 15/6 Luciana  =>  => 1 => 139495 => KIT ITAT I3 PREMIUM 6P/3G BR => 0 =>  => 0 =>  => 0 =>  => 0 =>  => 0 =>  => 0 =>  => 0 =>  => 0 =>  => 0 =>  => 0 =>  => 0 =>  => 0 =>  => 0 =>  => 0 =>  => 0 =>  => 0 =>  => 0 =>  => 0 =>  => 0 =>  => "

-------------------------------
 
ALTERAÇÃO DE CLIENTE
POST => "luciana" Data => "2012-06-14 11:33:42", Alterou o Cliente de vale 307448 => "INFORMAÇÕES ALTERADAS => "1 => 3993 => 5 => 30 => 34 => 2 => 0 => 31/05/2012 => 307448 => 171 => 55856 => 25/10/2011 => SERGIO JOAQUIM DOS SANTOS => 337166/199 => MARIA JOSE ALVES DA SILVA =>  => RUA ALTO => 10 => CASA => CABUCU/IPIRANGA => NOVA IGUAÇU => RJ =>  =>  =>  => ESTR MADUREIRA ENTRAR  ESTR DO MUNGANGO,BAIRRO ALIANACA,PX LEAO DOS CABRITOS.agend: sexta 15/6 Luciana  =>  => 1 => 139495 => KIT ITAT I3 PREMIUM 6P/3G BR => 0 =>  => 0 =>  => 0 =>  => 0 =>  => 0 =>  => 0 =>  => 0 =>  => 0 =>  => 0 =>  => 0 =>  => 0 =>  => 0 =>  => 0 =>  => 0 =>  => 0 =>  => 0 =>  => 0 =>  => 0 =>  => 0 =>  => "

-------------------------------
 
CADASTRO DE CLIENTE
POST => "MIRIAN" Data => "2012-06-14 11:49:54", Cadastrou o Cliente de vale 505405 => "INFORMAÇÕES CADASTRADAS => "11 => 14 => 25 => 0 => 1 => 14/06/2012 => 505405 => 245 => 37121 => 14/06/2012 => CARLOS ALBERTO RODRIGUES VELOS => 431726/199 => VERA LUCIA VILAS BOAS SANTOS => 22710355 => RUA: JORNALISTA BUENO FILHO => 78 =>  => TAQUARA => RIO DE JANEIRO => RJ => 3342-8957 => 9658-8305 =>  => FICA ATRAS  DO POSTO DE GASOLINA DA MERCK => 01 => 6069 => BALCAO C/T ARAMOVEIS LILIAN VD/BR => 01 => 16419 => COZ. COMP ARAMOVEIS LILIAN PLUS BR/VD =>  =>  =>  =>  =>  =>  =>  =>  =>  =>  =>  =>  =>  =>  =>  =>  =>  =>  =>  =>  =>  =>  =>  =>  =>  =>  =>  =>  =>  =>  =>  =>  =>  =>  =>  =>  => "

-------------------------------
 
ALTERAÇÃO DE CLIENTE
POST => "luciana" Data => "2012-06-14 13:42:09", Alterou o Cliente de vale 470521 => "INFORMAÇÕES ALTERADAS => "1 => 3481 => 5 => 41 => 28 => 0 => 0 => 12/05/2012 => 470521 => 228 => 331 => 16/04/2012 => VANESSA SILVA ARAGONEZ DE FARIA => 11895 => DANIEL RODRIGUES DE OLIVEIRA =>  => AVENIDA CANDIDO BENICIO => 7 => CASA => TANQUE => RIO DE JANEIRO =>  =>  =>  =>  => ENTRADA DA ESCOLA DE SAMBA RENASCER AP LADO DO BAR DO CEARA PROCURAR CAROL TRAVESSA DAS ROSAS => montagem concluida  => 1 => 140391 => G.ROUPA ARAPLAC 8P AUSTRIA TB/BR => 0 =>  => 0 =>  => 0 =>  => 0 =>  => 0 =>  => 0 =>  => 0 =>  => 0 =>  => 0 =>  => 0 =>  => 0 =>  => 0 =>  => 0 =>  => 0 =>  => 0 =>  => 0 =>  => 0 =>  => 0 =>  => 0 =>  => "

-------------------------------
 
ALTERAÇÃO DE CLIENTE
POST => "luciana" Data => "2012-06-14 13:56:59", Alterou o Cliente de vale 485355 => "INFORMAÇÕES ALTERADAS => "1 => 3337 => 5 => 23 => 35 => 0 => 0 => 10/05/2012 => 485355 => 241 => 42304 => 10/05/2012 => JULIO CESAR VIEIRA SOARES => 531487 / 199 => CLAUDIA DO CARMO CABRAL => 23520240 => JORNALISTA PAULO REDER  => 230 => CASA 2 => SANTA CRUZ => RIO DE JANEIRO => RJ => 2406-8392 => 8506-2824 =>  => PROX AO CESARAO NO CONJ DA CAIXA.CONFIRMEI COM O ESPOSO GUTIERRE SABADO  16.6 .LUCIANA  =>  => 1 => 136651 => COZINHA TELASSUL CRISTAL 80123 BR => 0 =>  => 0 =>  => 0 =>  => 0 =>  => 0 =>  => 0 =>  => 0 =>  => 0 =>  => 0 =>  => 0 =>  => 0 =>  => 0 =>  => 0 =>  => 0 =>  => 0 =>  => 0 =>  => 0 =>  => 0 =>  => 0 =>  => "

-------------------------------
 
ALTERAÇÃO DE CLIENTE
POST => "luciana" Data => "2012-06-14 13:58:41", Alterou o Cliente de vale 497255 => "INFORMAÇÕES ALTERADAS => "1 => 3961 => 5 => 14 => 22 => 0 => 1 => 28/05/2012 => 497255 => 230 => 47668 => 28/05/2012 => ANDERSON DE LIMA BARBOSA => 158761 => JESUHUA FREITAS LEITE =>  => BERNARDINO DA SILVA MATOS => 75 => CASA 01 => SANTA CRUZ => RIO DE JANEIRO =>  => 7152-6267 => 3155-6657 => 8422-5170 => SEGUIR PELA ESTRADA JOAO XXIII ENTRAR NA RUA APOS O UPA 3 RUA A DIREITA AGEND: SEXTA 1.6 LUCIANA ANTIGA RUA 17. => OBS: FALEI COM A MÃE DONA EXPEDITA, AGEND: 16/06/2012. Luciana  => 1 => 135593 => G. ROUPA BP 2P LUKA BR/PTO => 0 =>  => 0 =>  => 0 =>  => 0 =>  => 0 =>  => 0 =>  => 0 =>  => 0 =>  => 0 =>  => 0 =>  => 0 =>  => 0 =>  => 0 =>  => 0 =>  => 0 =>  => 0 =>  => 0 =>  => 0 =>  => 0 =>  => "

-------------------------------
 
CADASTRO DE CLIENTE
POST => "MIRIAN" Data => "2012-06-14 14:12:17", Cadastrou o Cliente de vale 451932 => "INFORMAÇÕES CADASTRADAS => "11 => 35 => 20 => 0 => 0 => 14/06/2012 => 451932 => 195 => 77373 => 26/03/2012 => WANDERSON RODRIGUES TEMOTEO => 510172/199 => MARIA JANETE DO NASCIMENTO  => 25565700 => RUA: INHAÚMA => LT 09 => QD 6 CS 03 => VILAR DOS TELES => SÃO JOÃO DE MERITI => RJ => 3757-8198 => 9101-8933 =>  => PROX BARRACA DA LUCIANA PROC CARLA => 01 => 140391 => G.ROUPA ARAPLAC 8P AUSTRIA TB/BR =>  =>  =>  =>  =>  =>  =>  =>  =>  =>  =>  =>  =>  =>  =>  =>  =>  =>  =>  =>  =>  =>  =>  =>  =>  =>  =>  =>  =>  =>  =>  =>  =>  =>  =>  =>  =>  =>  => "

-------------------------------
 
ALTERAÇÃO DE CLIENTE
POST => "MIRIAN" Data => "2012-06-14 14:30:12", Alterou o Cliente de vale 451932 => "INFORMAÇÕES ALTERADAS => "1 => 4197 => 11 => 29 => 10 => 0 => 0 => 14/06/2012 => 451932 => 195 => 77373 => 26/03/2012 => WANDERSON RODRIGUES TEMOTEO => 510172/199 => MARIA JANETE DO NASCIMENTO => 25565700 => RUA: INHAÚMA => LT 09 => QD 6 CS 03 => VILAR DOS TELES => SÃO JOÃO DE MERITI => RJ => 3757-8198 => 9101-8933 =>  => PROX BARRACA DA LUCIANA PROC CARLA => Agendado p/15/06/12,passado email p/camila acompanhar.Mirian => 1 => 140391 => G.ROUPA ARAPLAC 8P AUSTRIA TB/BR => 0 =>  => 0 =>  => 0 =>  => 0 =>  => 0 =>  => 0 =>  => 0 =>  => 0 =>  => 0 =>  => 0 =>  => 0 =>  => 0 =>  => 0 =>  => 0 =>  => 0 =>  => 0 =>  => 0 =>  => 0 =>  => 0 =>  => "

-------------------------------
 
ALTERAÇÃO DE CLIENTE
POST => "simone" Data => "2012-06-14 14:43:01", Alterou o Cliente de vale 484419 => "INFORMAÇÕES ALTERADAS => "1 => 3232 => 35 => 16 => 24 => 0 => 0 => 09/05/2012 => 484419 => 241 => 43311 => 09/05/2012 => JULIO CESAR VIEIRA SOARES => 3560/199 => MIRIAM OLIVEIRA ALVES => 26125560 => RUA: DA LAPA => 180 => CS 01 => VILA HELIOPOLIS => BELFORD ROXO => RJ => 2761-7657 => 7580-9152 =>  => PROX A UMA CRECHE PROC PELA MAE DA LARISSA => Email enviado ao naec dia 12-06-12 Camila => 1 => 136651 => COZINHA TELASSUL CRISTAL 80123 BR => 0 =>  => 0 =>  => 0 =>  => 0 =>  => 0 =>  => 0 =>  => 0 =>  => 0 =>  => 0 =>  => 0 =>  => 0 =>  => 0 =>  => 0 =>  => 0 =>  => 0 =>  => 0 =>  => 0 =>  => 0 =>  => 0 =>  => "

-------------------------------
 
ALTERAÇÃO DE CLIENTE
POST => "simone" Data => "2012-06-14 14:43:26", Alterou o Cliente de vale 484419 => "INFORMAÇÕES ALTERADAS => "1 => 3232 => 35 => 19 => 16 => 0 => 0 => 09/05/2012 => 484419 => 241 => 43311 => 09/05/2012 => JULIO CESAR VIEIRA SOARES => 3560/199 => MIRIAM OLIVEIRA ALVES => 26125560 => RUA: DA LAPA => 180 => CS 01 => VILA HELIOPOLIS => BELFORD ROXO => RJ => 2761-7657 => 7580-9152 =>  => PROX A UMA CRECHE PROC PELA MAE DA LARISSA => Email enviado ao naec dia 12-06-12 Camila . CLIENTE QUER A MONTAGEM PARA SÁBADO 16/06/2012 => 1 => 136651 => COZINHA TELASSUL CRISTAL 80123 BR => 0 =>  => 0 =>  => 0 =>  => 0 =>  => 0 =>  => 0 =>  => 0 =>  => 0 =>  => 0 =>  => 0 =>  => 0 =>  => 0 =>  => 0 =>  => 0 =>  => 0 =>  => 0 =>  => 0 =>  => 0 =>  => 0 =>  => "

-------------------------------
 
ALTERAÇÃO DE CLIENTE
POST => "simone" Data => "2012-06-14 14:53:04", Alterou o Cliente de vale 248244 => "INFORMAÇÕES ALTERADAS => "1 => 3867 => 35 => 27 => 32 => 2 => 0 => 24/05/2012 => 248244 => 173 => 25164 => 18/08/2012 => ALLAN CARLOS DA SILVA => 269196/199 => PAULO DAVYD STADLER JUNIOR => 21910115 => RUA SAO LAZARO  S/N =>  =>  => SANTO EXPEDITO  => QUEIMADOS  => RJ => 9838-3962 =>  =>  => PROXIMO AO SITIO CHALON...Email enviado ao naec dia 05-06-12 Camila. PX AO SITIO SHALON , 1 DIREITA , UNICA CASA COM DOIS ANDARES  => CLIENTE MUDOU DE ENDEREÇO, PARA QUEIMADOS JA MODIFIQUEI O ENDEREÇO.LIGUEI PARA PERGUNTAR QUAL ERA O BAIRRO MAIS ESTA NA CAIXA POSTAL. => 1 => 9302 => KIT COZ KP 6P DELTA COLOR BR/ VD => 0 =>  => 0 =>  => 0 =>  => 0 =>  => 0 =>  => 0 =>  => 0 =>  => 0 =>  => 0 =>  => 0 =>  => 0 =>  => 0 =>  => 0 =>  => 0 =>  => 0 =>  => 0 =>  => 0 =>  => 0 =>  => 0 =>  => "

-------------------------------
 
CADASTRO DE CLIENTE
POST => "MIRIAN" Data => "2012-06-14 14:53:30", Cadastrou o Cliente de vale 505544 => "INFORMAÇÕES CADASTRADAS => "11 => 11 => 24 => 2 => 0 => 14/06/2012 => 505544 => 244 => 5552 => 14/06/2012 => ALISON MACIEL BARCELLOS => 550615/s => VANESSA NOGUEIRA DA SILVA => 26515150 => RUA: INOCÊNCIO DA COSTA SOUTO => 3 =>  => CABRAL => NILÓPOLIS => RJ => 9321-8067 =>  =>  => NA RUA DO PONTO FINAL DO ONIBUS 395 PROX A UMA VIDRAÇARIA PROC HELENO OU ROSA => 01 => 100136 => COZINHA ITAT DAYANE BR =>  =>  =>  =>  =>  =>  =>  =>  =>  =>  =>  =>  =>  =>  =>  =>  =>  =>  =>  =>  =>  =>  =>  =>  =>  =>  =>  =>  =>  =>  =>  =>  =>  =>  =>  =>  =>  =>  => "

-------------------------------
 
ALTERAÇÃO DE CLIENTE
POST => "marta" Data => "2012-06-14 15:18:29", Alterou o Cliente de vale 451822 => "INFORMAÇÕES ALTERADAS => "1 => 3368 => 22 => 19 => 20 => 0 => 0 => 11/05/2012 => 451822 => 237 => 43865 => 26/03/2012 => LAVIO MONTEIRO SILVA => 508609/199 => FERNANDA CRISINA MONTEIRO DA SILVA => 21720080 => RUA: CORNELIUS => 164 =>  => REALENGO => RIO DE JANEIRO => RJ => 3331-2172 =>  =>  => MARCELO SANTOS JA ESTAR MONTANDO ESSE PRODUTO AS 17:00 CAMILA => PASSADO P/ROTA DO CAMINHÃO => 1 => 140391 => G.ROUPA ARAPLAC 8P AUSTRIA TB/BR => 0 =>  => 0 =>  => 0 =>  => 0 =>  => 0 =>  => 0 =>  => 0 =>  => 0 =>  => 0 =>  => 0 =>  => 0 =>  => 0 =>  => 0 =>  => 0 =>  => 0 =>  => 0 =>  => 0 =>  => 0 =>  => 0 =>  => "

-------------------------------
 
ALTERAÇÃO DE CLIENTE
POST => "marta" Data => "2012-06-14 15:21:42", Alterou o Cliente de vale 536500 => "INFORMAÇÕES ALTERADAS => "1 => 3382 => 22 => 37 => 19 => 0 => 2 => 10/05/2012 => 536500 => 230 => 536500 => 10/05/2012 =>  =>  => PEDRO PEREIRA PAXU =>  => RUA:DOM AQUINO CORREIA => 30 =>  => GUARATIBA => RIO DE JANEIRO => RJ => 3317-1049 =>  =>  => PROX AO COLEGIO GASTAO RAGEL PEGAR RUA ABERLADO NUNES. => PASSADO P/ROTA DO CAMINHÃO => 1 => 508 => CAB BOX GELIUS PUMA TB/BR/MP 1.40 => 0 =>  => 0 =>  => 0 =>  => 0 =>  => 0 =>  => 0 =>  => 0 =>  => 0 =>  => 0 =>  => 0 =>  => 0 =>  => 0 =>  => 0 =>  => 0 =>  => 0 =>  => 0 =>  => 0 =>  => 0 =>  => 0 =>  => "

-------------------------------
 
ALTERAÇÃO DE CLIENTE
POST => "marta" Data => "2012-06-14 15:43:08", Alterou o Cliente de vale 551629 => "INFORMAÇÕES ALTERADAS => "1 => 3326 => 22 => 38 => 27 => 0 => 2 => 10/05/2012 => 551629 => 265 => 551629 => 10/05/2012 =>  =>  => FABIANA DE OLIVEIRA =>  => JAPOBIM => 260 => CASA => PARADA DE LUCAS => RIO DE JANEIRO => RJ => 7850-3984 =>  =>  =>  => AGENDADO P/DIA 15/06/2012 COM SERGIO LEMOS. => 1 => 140391 => G.ROUPA ARAPLAC 8P AUSTRIA TB/BR => 0 =>  => 0 =>  => 0 =>  => 0 =>  => 0 =>  => 0 =>  => 0 =>  => 0 =>  => 0 =>  => 0 =>  => 0 =>  => 0 =>  => 0 =>  => 0 =>  => 0 =>  => 0 =>  => 0 =>  => 0 =>  => 0 =>  => "

-------------------------------
 
ALTERAÇÃO DE CLIENTE
POST => "luciana" Data => "2012-06-14 16:13:20", Alterou o Cliente de vale 4738860 => "INFORMAÇÕES ALTERADAS => "1 => 3888 => 5 => 21 => 9 => 0 => 2 => 24/05/2012 => 4738860 => RE => 4738860 => 20/04/2012 =>  =>  => MARIA DA PENHA DE OLIVEIRA MATOS =>  => ESTRADA VELHA HUMBERTO ALVES => 46 =>  => RIO DO OURO => SAO GONÇALO =>  => 8871-8991 =>  =>  => DEPOIS DA BARRACA DO EDMILSON   => 1 dobradiça DA PORTA PASSEI E-MAIL PARA O NAEC DIA 14/6 LUCIANA  => 1 => 139500 => ARM.ITAT.3P PREMIUM BR => 0 =>  => 0 =>  => 0 =>  => 0 =>  => 0 =>  => 0 =>  => 0 =>  => 0 =>  => 0 =>  => 0 =>  => 0 =>  => 0 =>  => 0 =>  => 0 =>  => 0 =>  => 0 =>  => 0 =>  => 0 =>  => 0 =>  => "

-------------------------------
 
ALTERAÇÃO DE CLIENTE
POST => "simone" Data => "2012-06-14 16:16:50", Alterou o Cliente de vale 452581 => "INFORMAÇÕES ALTERADAS => "1 => 3644 => 35 => 40 => 12 => 0 => 0 => 14/05/2012 => 452581 => 169 => 92227 => 26/03/2012 => RICARDO JOSE DE ABREU => 519461 / 199 => CARLA MONTEIRO DOS SANTOS => 20211320 => RUA: VAN ERVEN => 2 => CASA => CATUMBI => RIO DE JANEIRO => RJ => 2293-3516 =>  =>  =>  => SEU WILTON VAI FAZER A REVISÃO ENTRE O DIA 18/06 E 19/06 => 1 => 140391 => G.ROUPA ARAPLAC 8P AUSTRIA TB/BR => 0 =>  => 0 =>  => 0 =>  => 0 =>  => 0 =>  => 0 =>  => 0 =>  => 0 =>  => 0 =>  => 0 =>  => 0 =>  => 0 =>  => 0 =>  => 0 =>  => 0 =>  => 0 =>  => 0 =>  => 0 =>  => 0 =>  => "

-------------------------------
 
CADASTRO DE CLIENTE
POST => "MIRIAN" Data => "2012-06-14 16:48:36", Cadastrou o Cliente de vale 492807 => "INFORMAÇÕES CADASTRADAS => "11 => 9 => 26 => 0 => 0 => 14/06/2012 => 492807 => 247 => 28172 => 21/05/2012 => WALLACE MIRANDA DAUDT => 19351/199 => MONICA DE CASSIA REIS => 24471637 => AVENIDA: IVAN DOS SANTOS => 21 => QD 49 => ITAOCA => SÃO GONÇALO => RJ => 2607-8900 => 7501-4914 =>  => AO LADO DA BARRACA DA RITA PROC RITA OU MONICA => 01 => 141552 => CJ SALA JANTAR ORTIZ VALENCIA 6C AMEN =>  =>  =>  =>  =>  =>  =>  =>  =>  =>  =>  =>  =>  =>  =>  =>  =>  =>  =>  =>  =>  =>  =>  =>  =>  =>  =>  =>  =>  =>  =>  =>  =>  =>  =>  =>  =>  =>  => "

-------------------------------
 
CADASTRO DE CLIENTE
POST => "MIRIAN" Data => "2012-06-14 16:51:50", Cadastrou o Cliente de vale 575261 => "INFORMAÇÕES CADASTRADAS => "11 => 21 => 25 => 0 => 2 => 14/06/2012 => 575261 => 179 => 575261 => 14/06/2012 =>  =>  => ANDERSON SOUZA ALEIXO  =>  => RUA NOSSA SENHORA DA PENHA => lt 17 qd 09 =>  => PILAR => DUQUE DE CAXIAS => RJ => 2677-9017 => 8851-7530 =>  => PROX CASA DE MATERIAL PILHÃO PERTO DO MANGUE SANTO => 01 => 136543 => COZINHA  LUCIANE DAKAR CHAMP/NOG =>  =>  =>  =>  =>  =>  =>  =>  =>  =>  =>  =>  =>  =>  =>  =>  =>  =>  =>  =>  =>  =>  =>  =>  =>  =>  =>  =>  =>  =>  =>  =>  =>  =>  =>  =>  =>  =>  => "

-------------------------------
 
CADASTRO DE CLIENTE
POST => "MIRIAN" Data => "2012-06-14 16:55:10", Cadastrou o Cliente de vale 450129 => "INFORMAÇÕES CADASTRADAS => "11 => 34 => 25 => 0 => 0 => 24/03/2012 => 450129 => 215 => 96916 => 24/03/2012 => LUCIANA MOURA DA SILVA LOPES => 507486/199 => MARCO AURELIO DE ALMEIDA LIMA => 24732010 => RUA: GENERAL GUEDES ALCOFORADO => 98 =>  => PACHECO => SÃO GONÇALO => RJ => 7894-9008 =>  =>  => UMA RUA ANTES DA MARMORARIA WALTER BRANCO LD DIR DEPOIS 1 RUA LD ESQ CS EM FRENTE BAR DO MARCELO => 01 => 138033 => G.ROUPA ARAPLAC 10P ATLAN PLUS TB/AM =>  =>  =>  =>  =>  =>  =>  =>  =>  =>  =>  =>  =>  =>  =>  =>  =>  =>  =>  =>  =>  =>  =>  =>  =>  =>  =>  =>  =>  =>  =>  =>  =>  =>  =>  =>  =>  =>  => "

-------------------------------
 
ALTERAÇÃO DE CLIENTE
POST => "marta" Data => "2012-06-14 16:59:57", Alterou o Cliente de vale 450129 => "INFORMAÇÕES ALTERADAS => "1 => 4201 => 22 => 19 => 16 => 0 => 0 => 24/03/2012 => 450129 => 215 => 96916 => 24/03/2012 => LUCIANA MOURA DA SILVA LOPES => 507486/199 => MARCO AURELIO DE ALMEIDA LIMA => 24732010 => RUA: GENERAL GUEDES ALCOFORADO => 98 =>  => PACHECO => SÃO GONÇALO => RJ => 7894-9008 =>  =>  => UMA RUA ANTES DA MARMORARIA WALTER BRANCO LD DIR DEPOIS 1 RUA LD ESQ CS EM FRENTE BAR DO MARCELO => AGENDADO P/DIA 15/06/2012 => 1 => 138033 => G.ROUPA ARAPLAC 10P ATLAN PLUS TB/AM => 0 =>  => 0 =>  => 0 =>  => 0 =>  => 0 =>  => 0 =>  => 0 =>  => 0 =>  => 0 =>  => 0 =>  => 0 =>  => 0 =>  => 0 =>  => 0 =>  => 0 =>  => 0 =>  => 0 =>  => 0 =>  => 0 =>  => "

-------------------------------
 
ALTERAÇÃO DE CLIENTE
POST => "marta" Data => "2012-06-14 17:00:36", Alterou o Cliente de vale 492807 => "INFORMAÇÕES ALTERADAS => "1 => 4199 => 22 => 34 => 21 => 0 => 0 => 14/06/2012 => 492807 => 247 => 28172 => 21/05/2012 => WALLACE MIRANDA DAUDT => 19351/199 => MONICA DE CASSIA REIS => 24471637 => AVENIDA: IVAN DOS SANTOS => 21 => QD 49 => ITAOCA => SÃO GONÇALO => RJ => 2607-8900 => 7501-4914 =>  => AO LADO DA BARRACA DA RITA PROC RITA OU MONICA => AGENDADO P/DIA 15/06/2012 => 1 => 141552 => CJ SALA JANTAR ORTIZ VALENCIA 6C AMEN => 0 =>  => 0 =>  => 0 =>  => 0 =>  => 0 =>  => 0 =>  => 0 =>  => 0 =>  => 0 =>  => 0 =>  => 0 =>  => 0 =>  => 0 =>  => 0 =>  => 0 =>  => 0 =>  => 0 =>  => 0 =>  => 0 =>  => "

-------------------------------
 
ALTERAÇÃO DE CLIENTE
POST => "luciana" Data => "2012-06-14 17:08:07", Alterou o Cliente de vale 505544 => "INFORMAÇÕES ALTERADAS => "1 => 4198 => 5 => 4 => 39 => 2 => 0 => 14/06/2012 => 505544 => 244 => 5552 => 14/06/2012 => ALISON MACIEL BARCELLOS => 550615/s => VANESSA NOGUEIRA DA SILVA => 26515150 => RUA: INOCÊNCIO DA COSTA SOUTO => 3 =>  => CABRAL => NILÓPOLIS => RJ => 9321-8067 =>  =>  => NA RUA DO PONTO FINAL DO ONIBUS 395 PROX A UMA VIDRAÇARIA PROC HELENO OU ROSA => AGEND: SEXTA 15/6 Luciana: => 1 => 100136 => COZINHA ITAT DAYANE BR => 0 =>  => 0 =>  => 0 =>  => 0 =>  => 0 =>  => 0 =>  => 0 =>  => 0 =>  => 0 =>  => 0 =>  => 0 =>  => 0 =>  => 0 =>  => 0 =>  => 0 =>  => 0 =>  => 0 =>  => 0 =>  => 0 =>  => "

-------------------------------
