 
CADASTRO DE CLIENTE
POST => "MIRIAN" Data => "2012-08-09 09:08:18", Cadastrou o Cliente de vale 552099 => "INFORMAÇÕES CADASTRADAS => "11 => 34 => 15 => 0 => 2 => 08/08/2012 => 552099 => 197 => 552099 => 15/06/2012 =>  =>  => ROSANGELA PINTO BETTCHER =>  => ARIO INDIO DO BRASIL => 151 =>  => LAGES => PARACAMBI => RJ => 6885-6654 =>  =>  => PROX A PIZZARIA QUEN ANTIGA RUA 8 PED.55179 => 01 => 140391 => G.ROUPA ARAPLAC 8P AUSTRIA TB/BR =>  =>  =>  =>  =>  =>  =>  =>  =>  =>  =>  =>  =>  =>  =>  =>  =>  =>  =>  =>  =>  =>  =>  =>  =>  =>  =>  =>  =>  =>  =>  =>  =>  =>  =>  =>  =>  =>  => "

-------------------------------
 
CADASTRO DE CLIENTE
POST => "MIRIAN" Data => "2012-08-09 09:11:43", Cadastrou o Cliente de vale 492884 => "INFORMAÇÕES CADASTRADAS => "11 => 29 => 20 => 0 => 0 => 08/08/2012 => 492884 => 243 => 2490 => 21/05/2012 => NUBIA DOS SANTOS FERREIRA => 31447/199 => ROBERTA  GONÇALVES DE CASTRO => 26263080 => RUA: CARLOS FREDERICO => 278 =>  => FLORES => NOVA IGUAÇU => RJ => 7703-8713 =>  =>  => PROX AOA ANTIGO COLEGIO CENECISTA PROC ROBERTA OU CRISTIAN => 01 => 16068 => MESA MODECOR BRUNA 4C T.VID BR/PT =>  =>  =>  =>  =>  =>  =>  =>  =>  =>  =>  =>  =>  =>  =>  =>  =>  =>  =>  =>  =>  =>  =>  =>  =>  =>  =>  =>  =>  =>  =>  =>  =>  =>  =>  =>  =>  =>  => "

-------------------------------
 
ALTERAÇÃO DE CLIENTE
POST => "luciana" Data => "2012-08-09 09:23:54", Alterou o Cliente de vale 314709 => "INFORMAÇÕES ALTERADAS => "1 => 3960 => 5 => 19 => 14 => 2 => 0 => 29/05/2012 => 314709 => 238 => 48545 => 01/11/2011 => JOSIANE CLAUDINO NUNES => 345998/199 => JESSICA AUGUSTO SIQUEIRA =>  => RUA QUARENTA E CINCO => 39 => QD 230 => CAMPO LINDO => SEROPEDICA => RJ => 3487-3072 => 9164-1565 =>  => VIA RUA JOSE LEOTERIO NA RUA DO POSTO DE SAUDE A ESQUERDA NO FINAL,PX A BARRACA. => CLIENTE NÃO ATENDE OS 2 TEL ACIMA DIA 9/8 PARA CONFIRMAR AGENDAMENTO  PARA SABADO 11/8  PASSEI E-MAIL PARA O NAEC DIA 9/8 PARA PEDI OUTRO TEL LUCIANA  => 1 => 138033 => G.ROUPA ARAPLAC 10P ATLAN PLUS TB/AM => 0 =>  => 0 =>  => 0 =>  => 0 =>  => 0 =>  => 0 =>  => 0 =>  => 0 =>  => 0 =>  => 0 =>  => 0 =>  => 0 =>  => 0 =>  => 0 =>  => 0 =>  => 0 =>  => 0 =>  => 0 =>  => 0 =>  => "

-------------------------------
 
CADASTRO DE CLIENTE
POST => "MIRIAN" Data => "2012-08-09 09:28:45", Cadastrou o Cliente de vale 533382 => "INFORMAÇÕES CADASTRADAS => "11 => 26 => 28 => 0 => 1 => 31/07/2012 => 533382 => 204 => 533382 => 31/07/2012 => CLAUDIA DA CONCEIÇÃO SILVA => 502133/199 => DEBORA MARQUES PAIVA => 24141330 => AVENIDA: DESEMBARGADOR NESTOR RODRIGUES PERLINGEIRO => lt 304  => RUA 18 => SANTA BARBARA => NITERÓI => RJ => 7543-4761 => 2802-2012 =>  => PROX AO COLEGIO DAVID CAPISTRANO RUA BAR BAHIANINHO => 01 => 140094 => G.ROUPA BERGAMO 5P LISBOA IMB/PTO =>  =>  =>  =>  =>  =>  =>  =>  =>  =>  =>  =>  =>  =>  =>  =>  =>  =>  =>  =>  =>  =>  =>  =>  =>  =>  =>  =>  =>  =>  =>  =>  =>  =>  =>  =>  =>  =>  => "

-------------------------------
 
ALTERAÇÃO DE CLIENTE
POST => "MIRIAN" Data => "2012-08-09 09:37:46", Alterou o Cliente de vale 363588 => "INFORMAÇÕES ALTERADAS => "1 => 1621 => 11 => 12 => 27 => 2 => 0 => 15/03/2012 => 363588 => 239 => 24688 => 19/12/2011 => LUCIA HELENA DA SILVA => 417446 => ANTONIO MIGUEL JOAQUIM =>  => SILVIO PICANCO-BLB => 40 => APTO 307 => JURUJUBA => NITEROI =>  => 3611-1647 => 7277-4647 =>  => PREDIO DO PACK EM FRENTE AO CATAMARA PROC TOINHO =>  => 1 => 140391 => G.ROUPA ARAPLAC 8P AUSTRIA TB/BR => 0 =>  => 0 =>  => 0 =>  => 0 =>  => 0 =>  => 0 =>  => 0 =>  => 0 =>  => 0 =>  => 0 =>  => 0 =>  => 0 =>  => 0 =>  => 0 =>  => 0 =>  => 0 =>  => 0 =>  => 0 =>  => 0 =>  => "

-------------------------------
 
ALTERAÇÃO DE CLIENTE
POST => "MIRIAN" Data => "2012-08-09 09:46:59", Alterou o Cliente de vale 363583 => "INFORMAÇÕES ALTERADAS => "1 => 4783 => 11 => 32 => 31 => 2 => 0 => 24/07/2012 => 363583 => 239 => 24691 => 19/12/2011 => LUCIA HELNA DA SILVA => 417452 => ANTONIO MIGUEL JOAQUIM => 24370005 => AVENIDA: SÍLVIO PICANCO => 40 => APT 306 => JURUJUBA => NITERÓI => RJ => 3611-1644 =>  =>  =>  =>  => 1 => 140391 => G.ROUPA ARAPLAC 8P AUSTRIA TB/BR => 0 =>  => 0 =>  => 0 =>  => 0 =>  => 0 =>  => 0 =>  => 0 =>  => 0 =>  => 0 =>  => 0 =>  => 0 =>  => 0 =>  => 0 =>  => 0 =>  => 0 =>  => 0 =>  => 0 =>  => 0 =>  => 0 =>  => "

-------------------------------
 
CADASTRO DE CLIENTE
POST => "MIRIAN" Data => "2012-08-09 09:50:43", Cadastrou o Cliente de vale 393653 => "INFORMAÇÕES CADASTRADAS => "11 => 23 => 21 => 0 => 1 => 20/07/2012 => 393653 => 239 => 27032 => 17/01/2012 => LUCIA HELENA DA SILVA => 457547/199 => ROSELMA GONSALVES FERREIRA => 24210050 => RUA: PADRE ANCHIETA => 30 => CS30FDS => SÃO DOMINGOS => NITERÓI => RJ => 2717-8296 => 8456-9062 =>  => MORRO ESTADO CAMPINHO FICA EM FRENTE A PADARIA  => 01 => 16422 => BALC ITAT IGH-97 DAYANE BR/PTO =>  =>  =>  =>  =>  =>  =>  =>  =>  =>  =>  =>  =>  =>  =>  =>  =>  =>  =>  =>  =>  =>  =>  =>  =>  =>  =>  =>  =>  =>  =>  =>  =>  =>  =>  =>  =>  =>  => "

-------------------------------
 
CADASTRO DE CLIENTE
POST => "MIRIAN" Data => "2012-08-09 10:01:37", Cadastrou o Cliente de vale 537368 => "INFORMAÇÕES CADASTRADAS => "11 => 25 => 16 => 0 => 1 => 07/08/2012 => 537368 => 175 => 21272 => 07/08/2012 => ANSELMO DS SANTOS FARIAS => 184568/199 => EVANDRO FERREIRA DE FIGUEIREDO => 26388040 => RUA PRINCIPAL  AMARO CAVALCANTE SN  => 03 => LT06 QDI => SAO FRANCISCO => NITEROI => RJ => 3698-5661 =>  =>  => RUA DO FERRO VELHO ANTIGO PAGODE DO SOBRADINHO ESQUINA COM A RUA REALENGO PROC SAMARA => 01 => 136470 => CAMA CS KAPP VIENA TECA/PT =>  =>  =>  =>  =>  =>  =>  =>  =>  =>  =>  =>  =>  =>  =>  =>  =>  =>  =>  =>  =>  =>  =>  =>  =>  =>  =>  =>  =>  =>  =>  =>  =>  =>  =>  =>  =>  =>  => "

-------------------------------
 
CADASTRO DE CLIENTE
POST => "MIRIAN" Data => "2012-08-09 10:04:31", Cadastrou o Cliente de vale 535341 => "INFORMAÇÕES CADASTRADAS => "11 => 9 => 9 => 0 => 1 => 03/08/2012 => 535341 => 168 => 37950 => 03/08/2012 => JORGE FRANCISCO OLIVEIRA ALVES => 235751/199 => MARCIO DO NASCIMENTO CLAPP => 21371510 => RUA: ALMIRANTE OLIVEIRA PINTO => 214 =>  => COLÉGIO => RIO DE JANEIRO => RJ => 3209-5352 => 7534-3666 => 9324-4553 => DEPOIS DA ESTAÇÃO DE COLEGIO AUTOMOVEL CLUB SEN IRAJA 2 RUA A DIR => 01 => 9302 => KIT COZ KP 6P DELTA COLOR BR/ VD =>  =>  =>  =>  =>  =>  =>  =>  =>  =>  =>  =>  =>  =>  =>  =>  =>  =>  =>  =>  =>  =>  =>  =>  =>  =>  =>  =>  =>  =>  =>  =>  =>  =>  =>  =>  =>  =>  => "

-------------------------------
 
ALTERAÇÃO DE CLIENTE
POST => "luciana" Data => "2012-08-09 11:20:29", Alterou o Cliente de vale 529140 => "INFORMAÇÕES ALTERADAS => "1 => 4797 => 5 => 13 => 23 => 2 => 0 => 24/07/2012 => 529140 => 167 => 51529 => 24/07/2012 => JOSE CARLOS MELO DE SA => 462634/199 => SIMONE PACHECO DE OLIVEIRA => 24000000 => TRAVESSA ARVELO => 27 =>  => BARRETO => NITEROI => RJ => 3706-8843 =>  =>  => AO LADO DA GARAGEM DA 1001 => FEITO O PEDIDO DE PEÇA DIA 9/8 LUCIANA => 1 => 138062 => G. ROUPA ARAPLAC 2P DUQUE PLUS BR/LI => 0 =>  => 0 =>  => 0 =>  => 0 =>  => 0 =>  => 0 =>  => 0 =>  => 0 =>  => 0 =>  => 0 =>  => 0 =>  => 0 =>  => 0 =>  => 0 =>  => 0 =>  => 0 =>  => 0 =>  => 0 =>  => 0 =>  => "

-------------------------------
 
ALTERAÇÃO DE CLIENTE
POST => "luciana" Data => "2012-08-09 11:21:27", Alterou o Cliente de vale 529140 => "INFORMAÇÕES ALTERADAS => "1 => 4797 => 5 => 21 => 21 => 2 => 0 => 24/07/2012 => 529140 => 167 => 51529 => 24/07/2012 => JOSE CARLOS MELO DE SA => 462634/199 => SIMONE PACHECO DE OLIVEIRA => 24000000 => TRAVESSA ARVELO => 27 =>  => BARRETO => NITEROI => RJ => 3706-8843 =>  =>  => AO LADO DA GARAGEM DA 1001 => 1- PUXADOR  FEITO O PEDIDO DE PEÇA DIA 9/8 LUCIANA => 1 => 138062 => G. ROUPA ARAPLAC 2P DUQUE PLUS BR/LI => 0 =>  => 0 =>  => 0 =>  => 0 =>  => 0 =>  => 0 =>  => 0 =>  => 0 =>  => 0 =>  => 0 =>  => 0 =>  => 0 =>  => 0 =>  => 0 =>  => 0 =>  => 0 =>  => 0 =>  => 0 =>  => 0 =>  => "

-------------------------------
 
ALTERAÇÃO DE CLIENTE
POST => "luciana" Data => "2012-08-09 11:24:41", Alterou o Cliente de vale 529140 => "INFORMAÇÕES ALTERADAS => "1 => 4797 => 5 => 23 => 25 => 2 => 0 => 24/07/2012 => 529140 => 167 => 51529 => 24/07/2012 => JOSE CARLOS MELO DE SA => 462634/199 => SIMONE PACHECO DE OLIVEIRA => 24000000 => TRAVESSA ARVELO => 27 =>  => BARRETO => NITEROI => RJ => 3706-8843 =>  =>  => AO LADO DA GARAGEM DA 1001 => 1- PUXADOR  FEITO O PEDIDO DE PEÇA DIA 9/8 LUCIANA => 1 => 138062 => G. ROUPA ARAPLAC 2P DUQUE PLUS BR/LI => 0 =>  => 0 =>  => 0 =>  => 0 =>  => 0 =>  => 0 =>  => 0 =>  => 0 =>  => 0 =>  => 0 =>  => 0 =>  => 0 =>  => 0 =>  => 0 =>  => 0 =>  => 0 =>  => 0 =>  => 0 =>  => 0 =>  => "

-------------------------------
 
CADASTRO DE CLIENTE
POST => "MIRIAN" Data => "2012-08-09 11:30:13", Cadastrou o Cliente de vale 537168 => "INFORMAÇÕES CADASTRADAS => "11 => 35 => 13 => 0 => 0 => 09/08/2012 => 537168 => 180 => 4279 => 06/08/2012 => VANESSA DOS SANTOS CALIXTO => 83081/199 => MARCUS VINICIUS DE JESUS INCIO => 26495390 => RUA: ROGERIA DE BARROS => 40 =>  => ROSARIO => QUEIMADOS => RJ => 3769-8861 => 7614-7674 =>  => PROX A PRAÇA DA CARMEN OU COLEGIO MILTON CAMPOS PROC DONA NORMA OU VINICIUS  => 01 => 98715 => ESTANTE BECHARA CANADA HO AMEND/PTO =>  =>  =>  =>  =>  =>  =>  =>  =>  =>  =>  =>  =>  =>  =>  =>  =>  =>  =>  =>  =>  =>  =>  =>  =>  =>  =>  =>  =>  =>  =>  =>  =>  =>  =>  =>  =>  =>  => "

-------------------------------
 
ALTERAÇÃO DE CLIENTE
POST => "luciana" Data => "2012-08-09 11:30:25", Alterou o Cliente de vale 529140 => "INFORMAÇÕES ALTERADAS => "1 => 4797 => 5 => 26 => 25 => 2 => 0 => 24/07/2012 => 529140 => 167 => 51529 => 24/07/2012 => JOSE CARLOS MELO DE SA => 462634/199 => SIMONE PACHECO DE OLIVEIRA => 24000000 => TRAVESSA ARVELO => 27 =>  => BARRETO => NITEROI => RJ => 3706-8843 =>  =>  => AO LADO DA GARAGEM DA 1001 => 1-PUXADOR  FEITO O PEDIDO DE PEÇA DIA 9/8 LUCIANA => 1 => 138062 => G. ROUPA ARAPLAC 2P DUQUE PLUS BR/LI => 0 =>  => 0 =>  => 0 =>  => 0 =>  => 0 =>  => 0 =>  => 0 =>  => 0 =>  => 0 =>  => 0 =>  => 0 =>  => 0 =>  => 0 =>  => 0 =>  => 0 =>  => 0 =>  => 0 =>  => 0 =>  => 0 =>  => "

-------------------------------
 
CADASTRO DE CLIENTE
POST => "MIRIAN" Data => "2012-08-09 11:34:29", Cadastrou o Cliente de vale 519640 => "INFORMAÇÕES CADASTRADAS => "11 => 30 => 10 => 0 => 0 => 09/08/2012 => 519640 => 243 => 6867 => 09/07/2012 => NUBIA DOS SANTOS FERREIRA => 84097/199 => ROBERTO CARLOS GONSALVES ARAUJO => 26088455 => RUA IRINEU MARINHO => 260 =>  => SANTA CECILIA => NOVA IGUAÇU => RJ => 2763-7030 =>  =>  => APOS O MERCADINHO ESTRELA DO NORTE E AO BAR DO HELIO NO FINAL DA RUA => 01 => 140094 => G.ROUPA BERGAMO 5P LISBOA IMB/PTO =>  =>  =>  =>  =>  =>  =>  =>  =>  =>  =>  =>  =>  =>  =>  =>  =>  =>  =>  =>  =>  =>  =>  =>  =>  =>  =>  =>  =>  =>  =>  =>  =>  =>  =>  =>  =>  =>  => "

-------------------------------
 
CADASTRO DE CLIENTE
POST => "MIRIAN" Data => "2012-08-09 11:38:12", Cadastrou o Cliente de vale 537782 => "INFORMAÇÕES CADASTRADAS => "11 => 12 => 23 => 0 => 0 => 09/08/2012 => 537782 => 204 => 33444 => 07/08/2012 => MARCIO ANDRE DA COSTA FELIX => 350525/199 => TELMA MARIA DA CRUZ => 24450170 => RUA: ÁLVARO ESTEVES => 1826 =>  => MUTONDO => SÃO GONÇALO => RJ => 9747-7941 =>  =>  => BAR DA DONA GRAÇA OU TRAILER DO MARIO PROC POR DONA TELMA OU CLAUDIO => 01 => 135481 => COZ KIPLAC RENATA PLUS BR/PTO =>  =>  =>  =>  =>  =>  =>  =>  =>  =>  =>  =>  =>  =>  =>  =>  =>  =>  =>  =>  =>  =>  =>  =>  =>  =>  =>  =>  =>  =>  =>  =>  =>  =>  =>  =>  =>  =>  => "

-------------------------------
 
CADASTRO DE CLIENTE
POST => "MIRIAN" Data => "2012-08-09 11:41:48", Cadastrou o Cliente de vale 537185 => "INFORMAÇÕES CADASTRADAS => "11 => 35 => 33 => 0 => 0 => 06/08/2012 => 537185 => 243 => 4703 => 06/08/2012 => VANESSA DOMINGUES FERREIRA DE => 58258/199 => ALLINE PAZ RODRIGUEZ => 26140110 => RUA: AIMORÉS => 47 =>  => HELIOPOLIS => BELFORD ROXO => RJ => 3646-1709 => 9333-6819 =>  => PROX AO ANTIGO POSTO DE SAUDE NO BAR DO EDISON  => 01 => 134933 => ESTANTE CAEMMUN CLEAN TB/BR/MP =>  =>  =>  =>  =>  =>  =>  =>  =>  =>  =>  =>  =>  =>  =>  =>  =>  =>  =>  =>  =>  =>  =>  =>  =>  =>  =>  =>  =>  =>  =>  =>  =>  =>  =>  =>  =>  =>  => "

-------------------------------
 
CADASTRO DE CLIENTE
POST => "MIRIAN" Data => "2012-08-09 11:49:37", Cadastrou o Cliente de vale 537169 => "INFORMAÇÕES CADASTRADAS => "11 => 21 => 22 => 0 => 0 => 08/08/2012 => 537169 => 168 => 45321 => 06/08/2012 => ELIMAR ALVES OLIVEIRA => 336202/199 => DONATO SANCHES RODRIGUES => 21510003 => RUA: DOS DIAMANTES => 1431 => CS 02 => ROCHA MIRANDA => RIO DE JANEIRO => RJ => 8395-8141 =>  =>  => PROX A IGREJA PENTECOSTAL PROC SR GEOVANI => 01 => 140391 => G.ROUPA ARAPLAC 8P AUSTRIA TB/BR =>  =>  =>  =>  =>  =>  =>  =>  =>  =>  =>  =>  =>  =>  =>  =>  =>  =>  =>  =>  =>  =>  =>  =>  =>  =>  =>  =>  =>  =>  =>  =>  =>  =>  =>  =>  =>  =>  => "

-------------------------------
 
CADASTRO DE CLIENTE
POST => "MIRIAN" Data => "2012-08-09 11:53:06", Cadastrou o Cliente de vale 537048 => "INFORMAÇÕES CADASTRADAS => "11 => 32 => 14 => 0 => 0 => 09/08/2012 => 537048 => 169 => 9140 => 06/08/2012 => ROSANA SOUZA MONTEIRO => 90575/199 => MARIA ODETE DOS SANTOS => 20251061 => RUA: BARÃO DE PETRÓPOLIS => 721 => RUA 15 CS 12 => RIO COMPRIDO => RIO DE JANEIRO => RJ => 9574-4123 => 3245-8467 =>  => PROX A PADARIA DO FOGUETEIRO => 01 => 138033 => G.ROUPA ARAPLAC 10P ATLAN PLUS TB/AM =>  =>  =>  =>  =>  =>  =>  =>  =>  =>  =>  =>  =>  =>  =>  =>  =>  =>  =>  =>  =>  =>  =>  =>  =>  =>  =>  =>  =>  =>  =>  =>  =>  =>  =>  =>  =>  =>  => "

-------------------------------
 
CADASTRO DE CLIENTE
POST => "MIRIAN" Data => "2012-08-09 11:55:38", Cadastrou o Cliente de vale 537045 => "INFORMAÇÕES CADASTRADAS => "11 => 24 => 28 => 0 => 0 => 06/08/2012 => 537045 => 171 => 43190 => 06/08/2012 => SERGIO JOAQUIM DOS SANTOS => 537045/199 => SONIA MARIA PREDOZA => 21842030 => RUA: DO DESENHISTA => 164 =>  => BANGU => RIO DE JANEIRO => RJ => 3463-3238 =>  =>  => ESTR ENGENHO ESTR DO TAQUARAL PROX MAT DE CONSTRUÇÃO COVAQUE PROC SONIA => 01 => 136216 => G.ROUPA MOVAL 6P PARIS TB/BR =>  =>  =>  =>  =>  =>  =>  =>  =>  =>  =>  =>  =>  =>  =>  =>  =>  =>  =>  =>  =>  =>  =>  =>  =>  =>  =>  =>  =>  =>  =>  =>  =>  =>  =>  =>  =>  =>  => "

-------------------------------
 
CADASTRO DE CLIENTE
POST => "MIRIAN" Data => "2012-08-09 12:05:51", Cadastrou o Cliente de vale 503712 => "INFORMAÇÕES CADASTRADAS => "11 => 14 => 32 => 0 => 0 => 08/08/2012 => 503712 => 282 => 4362 => 12/06/2012 => JORGE EDUARDO FIZ => 62233/199 => JOAO PAULO CAMPOS FERREIRA => 22753212 => ESTRADA: DE JACAREPAGUÁ => 3145 =>  => RIO DAS PEDRAS => RIO DE JANEIRO => RJ => 3382-0321 => 7736-8318 =>  => CASINHAS RUA 5 NUMERO 14 ANDAR03 PROX A RICARDO ELETRO  => 01 => 140094 => G.ROUPA BERGAMO 5P LISBOA IMB/PTO =>  =>  =>  =>  =>  =>  =>  =>  =>  =>  =>  =>  =>  =>  =>  =>  =>  =>  =>  =>  =>  =>  =>  =>  =>  =>  =>  =>  =>  =>  =>  =>  =>  =>  =>  =>  =>  =>  => "

-------------------------------
 
CADASTRO DE CLIENTE
POST => "MIRIAN" Data => "2012-08-09 12:09:14", Cadastrou o Cliente de vale 503713 => "INFORMAÇÕES CADASTRADAS => "11 => 21 => 14 => 0 => 0 => 08/08/2012 => 503713 => 168 => 4190 => 12/06/2012 => ELIMAR ALVES OLIVEIRA => 62234/199 => MARCO ANTONIO AURELIO DA SILVA => 21331635 => BECO DA FONTINHA  => 969 => CS 04 FDS => BENTO RIBEIRO => RIO DE JANEIRO => RJ => 3016-3631 => 3086-3638 => 8215-5867 =>  => 01 => 8839 => G.ROUPA S ANDIRA HAV PLUS 6P IMB/BR =>  =>  =>  =>  =>  =>  =>  =>  =>  =>  =>  =>  =>  =>  =>  =>  =>  =>  =>  =>  =>  =>  =>  =>  =>  =>  =>  =>  =>  =>  =>  =>  =>  =>  =>  =>  =>  =>  => "

-------------------------------
 
CADASTRO DE CLIENTE
POST => "MIRIAN" Data => "2012-08-09 12:21:18", Cadastrou o Cliente de vale 495509 => "INFORMAÇÕES CADASTRADAS => "11 => 16 => 11 => 0 => 1 => 09/08/2012 => 495509 => 230 => 4568 => 25/05/2012 => EDMILSON SILVA LUZ => 41927/199 => DOLORES ALVES DA SILVA => 21755410 => AVENIDA: CANAL => 720 => BL 08 => REALENGO => RIO DE JANEIRO => RJ => 9470-9070 =>  =>  => RUA CAPITAO TEIXEIRA EM FRENTE AO COLEGIO PADRE LEONEL => 01 => 141552 => CJ SALA JANTAR ORTIZ VALENCIA 6C AMEN =>  =>  =>  =>  =>  =>  =>  =>  =>  =>  =>  =>  =>  =>  =>  =>  =>  =>  =>  =>  =>  =>  =>  =>  =>  =>  =>  =>  =>  =>  =>  =>  =>  =>  =>  =>  =>  =>  => "

-------------------------------
 
CADASTRO DE CLIENTE
POST => "MIRIAN" Data => "2012-08-09 12:24:52", Cadastrou o Cliente de vale 545667 => "INFORMAÇÕES CADASTRADAS => "11 => 13 => 30 => 0 => 2 => 08/08/2012 => 545667 => 179 => 545667 => 18/06/2012 =>  =>  => CARLOS ALEXANDRE LIMA =>  => ALTO VILA BEIRA SERRA => 655 =>  => SANTO ANTONIO => DUQUE DE CAXIAS => RJ => 3658-5094 =>  =>  => PED.174771 => 01 => 6121 => ESTANTE JB BECHARA 3040 AM /PT =>  =>  =>  =>  =>  =>  =>  =>  =>  =>  =>  =>  =>  =>  =>  =>  =>  =>  =>  =>  =>  =>  =>  =>  =>  =>  =>  =>  =>  =>  =>  =>  =>  =>  =>  =>  =>  =>  => "

-------------------------------
 
CADASTRO DE CLIENTE
POST => "MIRIAN" Data => "2012-08-09 12:27:03", Cadastrou o Cliente de vale 538177 => "INFORMAÇÕES CADASTRADAS => "11 => 32 => 11 => 0 => 0 => 08/08/2012 => 538177 => 179 => 166177 => 08/08/2012 => CLEBER CAMPISTA DA FONSECA => 499251/199 => CLEIDIANE GONCALVES DOS SANTOS => 25213342 => RUA: GERALDO ROCHA => 82 =>  => VILA MARIA HELENA => DUQUE DE CAXIAS => RJ =>  =>  =>  => PROX A FABRICA DE POSTE CENERJ  => 01 => 136651 => COZINHA TELASSUL CRISTAL 80123 BR =>  =>  =>  =>  =>  =>  =>  =>  =>  =>  =>  =>  =>  =>  =>  =>  =>  =>  =>  =>  =>  =>  =>  =>  =>  =>  =>  =>  =>  =>  =>  =>  =>  =>  =>  =>  =>  =>  => "

-------------------------------
 
CADASTRO DE CLIENTE
POST => "MIRIAN" Data => "2012-08-09 12:29:03", Cadastrou o Cliente de vale 625185 => "INFORMAÇÕES CADASTRADAS => "11 => 41 => 18 => 0 => 0 => 08/08/2012 => 625185 => 179 => 625185 => 08/08/2012 =>  =>  => REGINALDO FRANCISCO DE OLIVEIRA =>  => RUA IVONE  => LT 06  => QD A => SANTO TIRCO => BELFORD ROXO => RJ => 6854-4059 =>  =>  => PROX A BARRACA DO PENETRA LAD ESQ NO PE DE AMENDOA => 01 => 140391 => G.ROUPA ARAPLAC 8P AUSTRIA TB/BR =>  =>  =>  =>  =>  =>  =>  =>  =>  =>  =>  =>  =>  =>  =>  =>  =>  =>  =>  =>  =>  =>  =>  =>  =>  =>  =>  =>  =>  =>  =>  =>  =>  =>  =>  =>  =>  =>  => "

-------------------------------
 
ALTERAÇÃO DE CLIENTE
POST => "MIRIAN" Data => "2012-08-09 12:29:16", Alterou o Cliente de vale 625185 => "INFORMAÇÕES ALTERADAS => "1 => 4925 => 11 => 21 => 29 => 0 => 2 => 08/08/2012 => 625185 => 179 => 625185 => 08/08/2012 =>  =>  => REGINALDO FRANCISCO DE OLIVEIRA =>  => RUA IVONE => LT 06 => QD A => SANTO TIRCO => BELFORD ROXO => RJ => 6854-4059 =>  =>  => PROX A BARRACA DO PENETRA LAD ESQ NO PE DE AMENDOA =>  => 1 => 140391 => G.ROUPA ARAPLAC 8P AUSTRIA TB/BR => 0 =>  => 0 =>  => 0 =>  => 0 =>  => 0 =>  => 0 =>  => 0 =>  => 0 =>  => 0 =>  => 0 =>  => 0 =>  => 0 =>  => 0 =>  => 0 =>  => 0 =>  => 0 =>  => 0 =>  => 0 =>  => 0 =>  => "

-------------------------------
 
CADASTRO DE CLIENTE
POST => "MIRIAN" Data => "2012-08-09 12:33:48", Cadastrou o Cliente de vale 527621 => "INFORMAÇÕES CADASTRADAS => "11 => 39 => 12 => 0 => 0 => 23/07/2012 => 527621 => 172 => 5954 => 23/07/2012 => PAULO CESAR PINHEIRO DA SILVA => 96072/199 => VILMA BANDEIRA FRANCISCO => 20911140 => RUA: TRINTA E UM DE MAIO => 42 =>  => MANGUEIRA => RIO DE JANEIRO => RJ => 8896-9910 =>  =>  => LARGO DO PREDEGULHO PROX A RICK SOM PROC VILMA OU ANDREA => 01 => 135481 => COZ KIPLAC RENATA PLUS =>  =>  =>  =>  =>  =>  =>  =>  =>  =>  =>  =>  =>  =>  =>  =>  =>  =>  =>  =>  =>  =>  =>  =>  =>  =>  =>  =>  =>  =>  =>  =>  =>  =>  =>  =>  =>  =>  => "

-------------------------------
 
CADASTRO DE CLIENTE
POST => "camila" Data => "2012-08-09 12:52:07", Cadastrou o Cliente de vale 535397 => "INFORMAÇÕES CADASTRADAS => "6 => 22 => 19 => 0 => 0 => 03/08/2012 => 535397 => 245 => 8108 => 03/08/2012 => JANDRE BERNARDO => 107847 / 199 => LUIZ CLAUDIO SOARES PESSANHA => 22785070 => Via: Serviente Três => lt 13 => CS 26 => Vargem Grande => Rio de Janeiro => RJ => 3412-0394 =>  =>  =>  => 01 => 742 => COZINHA ITATANITA VD =>  =>  =>  =>  =>  =>  =>  =>  =>  =>  =>  =>  =>  =>  =>  =>  =>  =>  =>  =>  =>  =>  =>  =>  =>  =>  =>  =>  =>  =>  =>  =>  =>  =>  =>  =>  =>  =>  => "

-------------------------------
 
CADASTRO DE CLIENTE
POST => "camila" Data => "2012-08-09 12:57:58", Cadastrou o Cliente de vale 51070 => "INFORMAÇÕES CADASTRADAS => "6 => 32 => 9 => 0 => 2 => 03/08/2012 => 51070 => 245 => 51070 => 25/07/2012 =>  =>  => ADILEA VIEIRA SANTIAGO => 22783410 => Rua: Jornalista Luiz Eduardo Lobo => 437 => QD 3 CASA 5 => Recreio dos Bandeirantes => Rio de Janeiro => RJ =>  =>  =>  =>  => 01 => 99076 => ARM ITAT MAD IP HT-105 TECNO B/PT/L =>  =>  =>  =>  =>  =>  =>  =>  =>  =>  =>  =>  =>  =>  =>  =>  =>  =>  =>  =>  =>  =>  =>  =>  =>  =>  =>  =>  =>  =>  =>  =>  =>  =>  =>  =>  =>  =>  => "

-------------------------------
 
ALTERAÇÃO DE CLIENTE
POST => "luciana" Data => "2012-08-09 13:17:43", Alterou o Cliente de vale 50052 => "INFORMAÇÕES ALTERADAS => "1 => 4595 => 5 => 13 => 16 => 0 => 2 => 12/07/2012 => 50052 => 181 => 50052 => 11/07/2012 =>  =>  => CAROLINA CARLA MOREIRA AVILEZ =>  => AVENIDA THOMAZ EDISON DE ANDRADE => 393 => CASA 01 => VILA PROGRESSO => NITEROI => RJ => 2718-1153 =>  =>  => PX A BAR BU,PROCOLO: 442771  ATENDIMENTO ATÉ SEXTA 3/8 CAMILA VAI ACOMPANHAR AGENDAMENTO FEITO O PEDIDO DE PEÇAS DIA 9/8 LUCIANA  => OBS: O TEL DO MONTADOR ESTA FORA DE AREA => 1 => 138033 => G.ROUPA ARAPLAC 10P ATLAN PLUS TB/AM => 0 =>  => 0 =>  => 0 =>  => 0 =>  => 0 =>  => 0 =>  => 0 =>  => 0 =>  => 0 =>  => 0 =>  => 0 =>  => 0 =>  => 0 =>  => 0 =>  => 0 =>  => 0 =>  => 0 =>  => 0 =>  => 0 =>  => "

-------------------------------
 
ALTERAÇÃO DE CLIENTE
POST => "luciana" Data => "2012-08-09 13:23:34", Alterou o Cliente de vale 514538 => "INFORMAÇÕES ALTERADAS => "1 => 4713 => 5 => 29 => 5 => 0 => 2 => 17/07/2012 => 514538 => 241 => 514538 => 13/07/2012 =>  =>  => JOSE CARLOS FERNANDES PINHEIRO =>  => RUA CAPITAO ANTERO => 460 =>  => ANDORINHAS => MAGE => RJ => 2630-2364 => 9457-6776 =>  => PROX AO SINDICATO DOS TEXTIL. => FEITO O PEDIDO DE PEÇAS DIA 9/8 LUCIANA  => 1 => 135481 => COZ KIPLAC RENATA PLUS BR/PTO => 0 =>  => 0 =>  => 0 =>  => 0 =>  => 0 =>  => 0 =>  => 0 =>  => 0 =>  => 0 =>  => 0 =>  => 0 =>  => 0 =>  => 0 =>  => 0 =>  => 0 =>  => 0 =>  => 0 =>  => 0 =>  => 0 =>  => "

-------------------------------
 
ALTERAÇÃO DE CLIENTE
POST => "luciana" Data => "2012-08-09 13:28:24", Alterou o Cliente de vale 556045 => "INFORMAÇÕES ALTERADAS => "1 => 3448 => 5 => 28 => 1 => 0 => 2 => 10/05/2012 => 556045 => 169 => 556045 => 10/05/2012 =>  =>  => SIMONE DE OLIVEIRA BALTHAR =>  => RUA:DINAMARCA => 90 => CASA 101 => CAMPO GRANDE => RIO DE JANEIRO => RJ => 7274-0381 =>  =>  => FICA PROX AO BAIRRO PARQUE SAO PEDRO E AO CIEP ESTR DA POSSE ALT 1100. => FEITO O PEDIDO DE PEÇAS DIA 9/8 LUCIANA => 1 => 140348 => MESA FRITZ 6C MEGA AMEN/PTO => 0 =>  => 0 =>  => 0 =>  => 0 =>  => 0 =>  => 0 =>  => 0 =>  => 0 =>  => 0 =>  => 0 =>  => 0 =>  => 0 =>  => 0 =>  => 0 =>  => 0 =>  => 0 =>  => 0 =>  => 0 =>  => 0 =>  => "

-------------------------------
 
ALTERAÇÃO DE CLIENTE
POST => "luciana" Data => "2012-08-09 13:36:49", Alterou o Cliente de vale 576714 => "INFORMAÇÕES ALTERADAS => "1 => 4684 => 5 => 26 => 17 => 0 => 2 => 17/07/2012 => 576714 => 249 => 576714 => 16/07/2012 =>  =>  => CRISTIANE GONCALVES CUNHA CORREA =>  => RUA ITAPERUNA => 150 => APTO 302 => ENGENHO PEQUENO => NITEROI => RJ => 9433-7536 => 2719-7068 => 2621-3936 => LARGO DO MARROM, ENTRAR NA RUA DA PADARIA LEDA. => FEITO O PEDIDO DE PEÇAS DIA 9/8 LUCIANA  => 1 => 135481 => COZ KIPLAC RENATA PLUS BR/PTO => 0 =>  => 0 =>  => 0 =>  => 0 =>  => 0 =>  => 0 =>  => 0 =>  => 0 =>  => 0 =>  => 0 =>  => 0 =>  => 0 =>  => 0 =>  => 0 =>  => 0 =>  => 0 =>  => 0 =>  => 0 =>  => 0 =>  => "

-------------------------------
 
CADASTRO DE CLIENTE
POST => "MIRIAN" Data => "2012-08-09 14:42:47", Cadastrou o Cliente de vale 538188 => "INFORMAÇÕES CADASTRADAS => "11 => 39 => 26 => 0 => 0 => 09/08/2012 => 538188 => 208 => 36194 => 08/08/2012 => THIAGO SOTERO MARCELINO => 538188/199 => MARCOS VINICIUS DE ARAUJO PINHEIRO => 21941730 => RUA: GAIVOTA => 21 =>  => GALEÃO => RIO DE JANEIRO => RJ => 2465-0439 => 3352-8326 =>  => PROX AO BAR DO MARQUINHO VILA JUANIZA PROC YURI => 01 => 135479 => BALCAO C/T KIPLAC RENATA PLUS BR/PT => 01 => 135481 => COZ KIPLAC RENATA PLUS BR/PTO =>  =>  =>  =>  =>  =>  =>  =>  =>  =>  =>  =>  =>  =>  =>  =>  =>  =>  =>  =>  =>  =>  =>  =>  =>  =>  =>  =>  =>  =>  =>  =>  =>  =>  =>  =>  => "

-------------------------------
 
CADASTRO DE CLIENTE
POST => "MIRIAN" Data => "2012-08-09 14:52:40", Cadastrou o Cliente de vale 538180 => "INFORMAÇÕES CADASTRADAS => "11 => 15 => 23 => 0 => 0 => 09/08/2012 => 538180 => 167 => 538180 => 08/08/2012 => TIAGO SOARES BRANDAO => 521162/199 => LIU TIANJUN => 22011002 => RUA MORZAT => qd 18 => LT 12 => SARACURUNA => DUQUE DE CAXIAS => RJ => 2777-6392 => 2778-2053 => 2777-6173 => PROX REF BAR DA DONA VANDETE PROC ISABEL.PED.56358 => 01 => 140094 => G.ROUPA BERGAMO 5P LISBOA IMB/PTO =>  =>  =>  =>  =>  =>  =>  =>  =>  =>  =>  =>  =>  =>  =>  =>  =>  =>  =>  =>  =>  =>  =>  =>  =>  =>  =>  =>  =>  =>  =>  =>  =>  =>  =>  =>  =>  =>  => "

-------------------------------
 
ALTERAÇÃO DE CLIENTE
POST => "luciana" Data => "2012-08-09 16:01:29", Alterou o Cliente de vale 524384 => "INFORMAÇÕES ALTERADAS => "1 => 4668 => 5 => 25 => 11 => 2 => 0 => 17/07/2012 => 524384 => 230 => 86152 => 17/07/2012 => GLAUCE COSTA GABRIEL => 524308/199 => EMANUEL PINHEIRO DA COSTA => 23066630 => RUA: GETÚLIO VARGAS => 14 =>  => COSMOS => RIO DE JANEIRO => RJ => 3384-8927 =>  =>  => AO LADO DA IGREJA BATISTA => AGENDADO P/08/08/12. => 1 => 10230 => COMODA SAP RVTOPAZIO TB/BR => 0 =>  => 0 =>  => 0 =>  => 0 =>  => 0 =>  => 0 =>  => 0 =>  => 0 =>  => 0 =>  => 0 =>  => 0 =>  => 0 =>  => 0 =>  => 0 =>  => 0 =>  => 0 =>  => 0 =>  => 0 =>  => 0 =>  => "

-------------------------------
