 
ALTERAÇÃO DE CLIENTE
POST => "simone" Data => "2012-06-25 09:10:08", Alterou o Cliente de vale 479934 => "INFORMAÇÕES ALTERADAS => "1 => 3041 => 35 => 39 => 26 => 0 => 1 => 04/05/2012 => 479934 => 211 => 11742 => 02/05/2012 => DANIELA VENTURI MARQUES => 556279 => ROSILANE DE CASSIA DA COSTA PEREIRA =>  => ORQUIDEAS => 18 => CASA 118 => CHAPERO => ITAGUAI =>  => 2780-2248 => 9127-5074 =>  => PASSANDO A LINHA DO TREM PRIMEIRA A ESQUERDA ATE O FINAL DA RUA PROC ROSILANE => EMAIL ENVIADO AO NAEC DIA 11-06-12 CAMILA => 1 => 1936 => CAMA CS BECHARA FLORIDA MG => 0 =>  => 0 =>  => 0 =>  => 0 =>  => 0 =>  => 0 =>  => 0 =>  => 0 =>  => 0 =>  => 0 =>  => 0 =>  => 0 =>  => 0 =>  => 0 =>  => 0 =>  => 0 =>  => 0 =>  => 0 =>  => 0 =>  => "

-------------------------------
 
ALTERAÇÃO DE CLIENTE
POST => "camila" Data => "2012-06-25 09:42:20", Alterou o Cliente de vale 503556 => "INFORMAÇÕES ALTERADAS => "1 => 4185 => 6 => 11 => 12 => 0 => 0 => 12/06/2012 => 503556 => 213 => 39066 => 11/06/2012 => ANA PAULA TEIXEIRA BASTOS =>  => SUELEN RIBEIRO COSTA => 25911500 => ESTRADA MUNICIPAL => 11 => CASA => CACHOEIRA GRANDEC => MAGÉ => RJ =>  =>  =>  => AO LADO DO BAR DO BOTAFOGO DEPOIS DO MOTEL COCE DECIDE PROC ELVIS....Email passado ao naec dia 25-06-12 Camila => agend: terça 19/6  LUCIANA  => 1 => 136543 => COZINHA  LUCIANE DAKAR CHAMP/NOG => 0 =>  => 0 =>  => 0 =>  => 0 =>  => 0 =>  => 0 =>  => 0 =>  => 0 =>  => 0 =>  => 0 =>  => 0 =>  => 0 =>  => 0 =>  => 0 =>  => 0 =>  => 0 =>  => 0 =>  => 0 =>  => 0 =>  => "

-------------------------------
 
ALTERAÇÃO DE CLIENTE
POST => "simone" Data => "2012-06-25 09:43:17", Alterou o Cliente de vale 485355 => "INFORMAÇÕES ALTERADAS => "1 => 3337 => 35 => 21 => 28 => 0 => 0 => 10/05/2012 => 485355 => 241 => 42304 => 10/05/2012 => JULIO CESAR VIEIRA SOARES => 531487 / 199 => CLAUDIA DO CARMO CABRAL => 23520240 => JORNALISTA PAULO REDER  => 230 => CASA 2 => SANTA CRUZ => RIO DE JANEIRO => RJ => 2406-8392 => 8506-2824 =>  => PROX AO CESARAO NO CONJ DA CAIXA.CONFIRMEI COM O ESPOSO GUTIERRE CLIENTE NÃO ATENDE OS 2 TEL ACIMA PARA AGENDAR P/ SABADO 23/6 LUCIANA. => FICHA COM JULIO CESAR.o montador agendou para dia 26/06/2012. => 1 => 136651 => COZINHA TELASSUL CRISTAL 80123 BR => 0 =>  => 0 =>  => 0 =>  => 0 =>  => 0 =>  => 0 =>  => 0 =>  => 0 =>  => 0 =>  => 0 =>  => 0 =>  => 0 =>  => 0 =>  => 0 =>  => 0 =>  => 0 =>  => 0 =>  => 0 =>  => 0 =>  => "

-------------------------------
 
ALTERAÇÃO DE CLIENTE
POST => "camila" Data => "2012-06-25 09:44:55", Alterou o Cliente de vale 485021 => "INFORMAÇÕES ALTERADAS => "1 => 3364 => 6 => 13 => 10 => 0 => 0 => 10/05/2012 => 485021 => 230 => 1071 => 10/05/2012 => GLAUCE COSTA GABRIEL => 11956 / 199 => EDVANIA DE LIMA BENTO => 23097650 => RUA: RESTINGA => casa r =>  => CAMPO GRANDE => RIO DE JANEIRO => RJ =>  =>  =>  => AV BRASIL APOS LOJA PISCINAS 1 PONTO...Email passado ao naec dia 25-06-12 Camila =>  => 1 => 134898 => COZ COMP ARAMOVEIS LILIAN PLUS  BR/PT => 0 =>  => 0 =>  => 0 =>  => 0 =>  => 0 =>  => 0 =>  => 0 =>  => 0 =>  => 0 =>  => 0 =>  => 0 =>  => 0 =>  => 0 =>  => 0 =>  => 0 =>  => 0 =>  => 0 =>  => 0 =>  => 0 =>  => "

-------------------------------
 
ALTERAÇÃO DE CLIENTE
POST => "camila" Data => "2012-06-25 09:46:07", Alterou o Cliente de vale 484832 => "INFORMAÇÕES ALTERADAS => "1 => 3350 => 6 => 27 => 20 => 0 => 0 => 10/05/2012 => 484832 => 230 => 78171 => 09/05/2012 => EDMILSON SILVA LUZ => 432843 / 199 => ALEX BARRETO DA SILVA => 23065540 => RUA: A => 6385 => CASA => PACIÊNCIA => RIO DE JANEIRO => RJ => 7353-0029 =>  =>  => EST CAMPINHO PROX MERCADO UNIDOS...Email passado ao naec dia 25-06-12 Camila => OBS: CLIENTE NÃO ATENDE O TEL AS 15:10, MONTADOR : TEL FORA DE AREA => 1 => 6078 => RACK KIPLAC TORRE PLUS LUXO AR/MP => 0 =>  => 0 =>  => 0 =>  => 0 =>  => 0 =>  => 0 =>  => 0 =>  => 0 =>  => 0 =>  => 0 =>  => 0 =>  => 0 =>  => 0 =>  => 0 =>  => 0 =>  => 0 =>  => 0 =>  => 0 =>  => 0 =>  => "

-------------------------------
 
ALTERAÇÃO DE CLIENTE
POST => "camila" Data => "2012-06-25 09:49:12", Alterou o Cliente de vale 542022 => "INFORMAÇÕES ALTERADAS => "1 => 3452 => 6 => 10 => 16 => 0 => 2 => 10/05/2012 => 542022 => 230 => 542022 => 10/05/2012 =>  =>  => LAIS CUSTODIO DE OLIVEIRA =>  => AVENIDA CESARIO DE MELO => 9400 =>  => COSMOS => RIO DE JANEIRO => RJ => 7537-6956 =>  =>  => PROX A ESTAÇÃO DE COSMOS.Email passado ao naec dia 25-06-12 Camila =>  => 1 => 140391 => G.ROUPA ARAPLAC 8P AUSTRIA TB/BR => 0 =>  => 0 =>  => 0 =>  => 0 =>  => 0 =>  => 0 =>  => 0 =>  => 0 =>  => 0 =>  => 0 =>  => 0 =>  => 0 =>  => 0 =>  => 0 =>  => 0 =>  => 0 =>  => 0 =>  => 0 =>  => 0 =>  => "

-------------------------------
 
ALTERAÇÃO DE CLIENTE
POST => "camila" Data => "2012-06-25 09:50:48", Alterou o Cliente de vale 486237 => "INFORMAÇÕES ALTERADAS => "1 => 3392 => 6 => 23 => 19 => 0 => 0 => 12/05/2012 => 486237 => 230 => 934 => 11/05/2012 => NILCILENE DA SILVA BISPO => 9644 => MADALENA FRANCISCA S DE CARVALHO =>  => MAURICIO VAITSMAN => 26 => CASA => JARDIM PAULISTA => CAMPO GRANDE => RJ => 3394-3901 =>  =>  => APOS AO DEP DE GAS A ESQUERDA PROC JAMIR OU DELURDES...Email passado ao naec dia 25-06-12 Camila =>  => 1 => 139754 => ARM COLOR CLASS SL 3P  AP3P  BR => 0 =>  => 0 =>  => 0 =>  => 0 =>  => 0 =>  => 0 =>  => 0 =>  => 0 =>  => 0 =>  => 0 =>  => 0 =>  => 0 =>  => 0 =>  => 0 =>  => 0 =>  => 0 =>  => 0 =>  => 0 =>  => 0 =>  => "

-------------------------------
 
CADASTRO DE CLIENTE
POST => "marta" Data => "2012-06-25 09:53:34", Cadastrou o Cliente de vale 471599 => "INFORMAÇÕES CADASTRADAS => "22 => 18 => 8 => 0 => 0 => 25/06/2012 => 471599 => 178 => 471599 => 17/04/2012 => GILCIMAR ALVES CORREA => 14603 => LUIS CLAUDIO MONTEIRO E FREITAS =>  => SAO LOURENÇO => 650 => CASA => SANTA RITA DO ZARUR => VOLTA REDONDA => RJ => 3340-7573 =>  =>  => AO LADO DA OFICINA DO BEBECA => 1 => 9072 => ARM.COLOR ECLIPSE 2P4G BAL C/T VD =>  =>  =>  =>  =>  =>  =>  =>  =>  =>  =>  =>  =>  =>  =>  =>  =>  =>  =>  =>  =>  =>  =>  =>  =>  =>  =>  =>  =>  =>  =>  =>  =>  =>  =>  =>  =>  =>  => "

-------------------------------
 
ALTERAÇÃO DE CLIENTE
POST => "camila" Data => "2012-06-25 09:54:12", Alterou o Cliente de vale 496035 => "INFORMAÇÕES ALTERADAS => "1 => 3970 => 6 => 21 => 6 => 0 => 0 => 29/05/2012 => 496035 => 216 => 34267 => 25/05/2012 => SERGIO OLIVEIRA => 532905/199 => THIAGO SOUZA RIBEIRO => 21815280 => RUA: EVANIR PEREIRA DA COSTA => 370 =>  => BANGU => RIO DE JANEIRO => RJ => 3333-5011 => 7501-1324 =>  => ULTIMA RUA DO PARQUE LEPOLDINA UMA RUA ABAIXO DA USINA...Email passado ao naec dia 25-06-12 Camila =>  => 1 => 135479 => BALCAO C/T KIPLAC RENATA PLUS BR/PT => 0 =>  => 0 =>  => 0 =>  => 0 =>  => 0 =>  => 0 =>  => 0 =>  => 0 =>  => 0 =>  => 0 =>  => 0 =>  => 0 =>  => 0 =>  => 0 =>  => 0 =>  => 0 =>  => 0 =>  => 0 =>  => 0 =>  => "

-------------------------------
 
ALTERAÇÃO DE CLIENTE
POST => "camila" Data => "2012-06-25 09:54:22", Alterou o Cliente de vale 484911 => "INFORMAÇÕES ALTERADAS => "1 => 4032 => 6 => 14 => 13 => 0 => 0 => 01/06/2012 => 484911 => 171 => 2594 => 10/05/2012 => PENHA ROSANA DA SILVA CAMPOS => 31276 => ALEX LUIZ CARDOSO =>  => PORTO DE PEDRAS -BL 330 => 330 => APTO 407 => BANGU => RIO DE JANEIRO =>  =>  =>  =>  => PROX AO SUPERMERCADO PREZUNIC DE PADRE MIGUEL PROC NICE => Email passado ao naec dia 25-06-12 Camila => 1 => 98715 => ESTANTE BECHARA CANADA HO AMEND/PTO => 0 =>  => 0 =>  => 0 =>  => 0 =>  => 0 =>  => 0 =>  => 0 =>  => 0 =>  => 0 =>  => 0 =>  => 0 =>  => 0 =>  => 0 =>  => 0 =>  => 0 =>  => 0 =>  => 0 =>  => 0 =>  => 0 =>  => "

-------------------------------
 
ALTERAÇÃO DE CLIENTE
POST => "camila" Data => "2012-06-25 09:55:19", Alterou o Cliente de vale 469120 => "INFORMAÇÕES ALTERADAS => "1 => 4036 => 6 => 20 => 22 => 0 => 0 => 01/06/2012 => 469120 => 171 => 416 => 14/04/2012 => SERGIO JOAQUIM DOS SANTOS => 9870 => MARINA BRAGA PEYNEAU =>  => OLIVEIRA RIBEIRO => 1366 => CASA => BANGU => RIO DE JANEIRO =>  => 9771-9279 => 3681-7224 =>  => CENTRO DE BANGU ENTRE A RUA FONSECA E RUA BANGU ATRAS IGREJA SANTA CECILIA => Email passado ao naec dia 25-06-12 Camila => 1 => 100136 => COZINHA ITAT DAYANE BR => 0 =>  => 0 =>  => 0 =>  => 0 =>  => 0 =>  => 0 =>  => 0 =>  => 0 =>  => 0 =>  => 0 =>  => 0 =>  => 0 =>  => 0 =>  => 0 =>  => 0 =>  => 0 =>  => 0 =>  => 0 =>  => 0 =>  => "

-------------------------------
 
ALTERAÇÃO DE CLIENTE
POST => "camila" Data => "2012-06-25 09:55:31", Alterou o Cliente de vale 482284 => "INFORMAÇÕES ALTERADAS => "1 => 4028 => 6 => 12 => 13 => 0 => 0 => 01/06/2012 => 482284 => 171 => 2287 => 07/05/2012 => SERGIO JOAQUIM DOS SANTOS => 28167 => ANTONIO FERREIRA DE CARVALHO =>  => TEXEIRA CAMPOS,QD 04 LT 16 RUA PROJETADA B => 205 =>  => SANTISSIMO => RIO DE JANEIRO =>  =>  =>  =>  => ESTRADA DA POSSE RUA TEXEIRA CAMPOS ENTRE LOJA CONTRUÇÃO E PADARIA => Email passado ao naec dia 25-06-12 Camila => 1 => 138033 => G.ROUPA ARAPLAC 10P ATLAN PLUS TB/AM => 0 =>  => 0 =>  => 0 =>  => 0 =>  => 0 =>  => 0 =>  => 0 =>  => 0 =>  => 0 =>  => 0 =>  => 0 =>  => 0 =>  => 0 =>  => 0 =>  => 0 =>  => 0 =>  => 0 =>  => 0 =>  => 0 =>  => "

-------------------------------
 
ALTERAÇÃO DE CLIENTE
POST => "camila" Data => "2012-06-25 09:59:08", Alterou o Cliente de vale 485708 => "INFORMAÇÕES ALTERADAS => "1 => 3455 => 6 => 13 => 11 => 0 => 1 => 12/05/2012 => 485708 => 238 => 61278 => 11/05/2012 => NAILSON DA SILVA PEREIRA => 480546 => JUSSARA DA SILVA =>  => SOLDADO FRANCISCO SAVASTANA-BL 6 => 350 => APTO => CAMPO GRANDE => RIO DE JANEIRO =>  => 3497-4114 =>  =>  => PROX A ESCOLA AMAZONAS CONHECIA COMO INVASAO PROC CATIA VIZINHA DE FRENTE ENTREGAR CEL:8442-5123 => Email passado ao naec dia 25-06-12 Camila => 1 => 8372 => G.ROUPA BP 3P DUBAY TB/BR/MP => 0 =>  => 0 =>  => 0 =>  => 0 =>  => 0 =>  => 0 =>  => 0 =>  => 0 =>  => 0 =>  => 0 =>  => 0 =>  => 0 =>  => 0 =>  => 0 =>  => 0 =>  => 0 =>  => 0 =>  => 0 =>  => 0 =>  => "

-------------------------------
 
ALTERAÇÃO DE CLIENTE
POST => "camila" Data => "2012-06-25 09:59:19", Alterou o Cliente de vale 486255 => "INFORMAÇÕES ALTERADAS => "1 => 3593 => 6 => 27 => 22 => 0 => 0 => 15/05/2012 => 486255 => 238 => 67056 => 11/05/2012 => GILMAR DIAS RIBEIRO => 537054 => MARIA DE FATIMA FRAGOSO DOS SANTOS =>  => CAMPO GRANDE => 23 => CASA => CAMPO GRANDE => RIO DE JANEIRO =>  => 8162-9350 =>  =>  => RUA PARELELA A LINHA DO TREM CONTINUAÇÃO DA RUA TRINDADE AO LADO ESCOLA DE MUSICA PROC FRANCISCA 81629350 => Email passado ao naec dia 25-06-12 Camila => 1 => 8981 => G. ROUPA MOVAL 6P40065 COL PLUS TB/M => 0 =>  => 0 =>  => 0 =>  => 0 =>  => 0 =>  => 0 =>  => 0 =>  => 0 =>  => 0 =>  => 0 =>  => 0 =>  => 0 =>  => 0 =>  => 0 =>  => 0 =>  => 0 =>  => 0 =>  => 0 =>  => 0 =>  => "

-------------------------------
 
ALTERAÇÃO DE CLIENTE
POST => "camila" Data => "2012-06-25 09:59:32", Alterou o Cliente de vale 484859 => "INFORMAÇÕES ALTERADAS => "1 => 3370 => 6 => 17 => 13 => 0 => 0 => 10/05/2012 => 484859 => 169 => 94949 => 09/05/2012 => ROSANA SOUZA MONTEIRO => 539409 / 199 => DOUGLAS DA SILVA RESENDE => 23066530 => RUA: LOUZAL TELLES DE MENEZES => lt 5 => QD 01 CASA => COSMOS => RIO DE JANEIRO => RJ => 7702-5936 =>  =>  => SUBIR RUA PERICO ANT RUA 11 PELA ESTRAD DO CAMPINHO VIRANDO PIM A DIRE. => Email passado ao naec dia 25-06-12 Camila => 1 => 100136 => COZINHA ITAT DAYANE BR => 0 =>  => 0 =>  => 0 =>  => 0 =>  => 0 =>  => 0 =>  => 0 =>  => 0 =>  => 0 =>  => 0 =>  => 0 =>  => 0 =>  => 0 =>  => 0 =>  => 0 =>  => 0 =>  => 0 =>  => 0 =>  => 0 =>  => "

-------------------------------
 
ALTERAÇÃO DE CLIENTE
POST => "camila" Data => "2012-06-25 09:59:45", Alterou o Cliente de vale 484853 => "INFORMAÇÕES ALTERADAS => "1 => 3354 => 6 => 4 => 18 => 0 => 0 => 10/05/2012 => 484853 => 230 => 922 => 09/05/2012 => VANDA GOMES => 11022 / 199 => LUCIELHO SOARES JARDIM => 23056070 => RUA: DOS CAQUIZEIROS => 975 => BL 06 APTO 201 => COSMOS => RIO DE JANEIRO => RJ => 2409-0840 =>  =>  => AV CESARIO DE MELO 2 PONTO APOS GARAGEM DA PEGASO. => Email passado ao naec dia 25-06-12 Camila => 1 => 135519 => TRELICHE TCIL VENUS BR => 0 =>  => 0 =>  => 0 =>  => 0 =>  => 0 =>  => 0 =>  => 0 =>  => 0 =>  => 0 =>  => 0 =>  => 0 =>  => 0 =>  => 0 =>  => 0 =>  => 0 =>  => 0 =>  => 0 =>  => 0 =>  => 0 =>  => "

-------------------------------
 
ALTERAÇÃO DE CLIENTE
POST => "camila" Data => "2012-06-25 10:00:56", Alterou o Cliente de vale 484875 => "INFORMAÇÕES ALTERADAS => "1 => 3334 => 6 => 15 => 6 => 0 => 0 => 10/05/2012 => 484875 => 230 => 85402 => 10/05/2012 => GLAUCE COSTA GABRIEL => 23071632 => JANILDA CAMPOS DE SOUZA => 23071632 => TRAVESSA PIXINGUINHA => 11 =>  => CAMPO GRANDE => RIO DE JANEIRO => RJ => 3425-6877 =>  =>  => PEGAR RIO SAO PAULO APOS GAS BRAS NA RUA MERCADO LESTE.CONJ SANTA MARIA. => Email passado ao naec dia 25-06-12 Camila => 1 => 140391 => G.ROUPA ARAPLAC 8P AUSTRIA TB/BR => 0 =>  => 0 =>  => 0 =>  => 0 =>  => 0 =>  => 0 =>  => 0 =>  => 0 =>  => 0 =>  => 0 =>  => 0 =>  => 0 =>  => 0 =>  => 0 =>  => 0 =>  => 0 =>  => 0 =>  => 0 =>  => 0 =>  => "

-------------------------------
 
ALTERAÇÃO DE CLIENTE
POST => "camila" Data => "2012-06-25 10:03:25", Alterou o Cliente de vale 379044 => "INFORMAÇÕES ALTERADAS => "1 => 3459 => 6 => 23 => 1 => 2 => 0 => 10/05/2012 => 379044 => 230 => 40637 => 03/01/2012 => EDMILSON SILVA LUZ => 100659 / 199 => SHEILA DE MIRANDA FUOCO => 23087520 => RUA: MÁRIO JORGE DE CARVALHO => 21 => CASA 2 => CAMPO GRANDE => RIO DE JANEIRO => RJ => 3426-4723 =>  =>  => EM FRENTE AO WEST SHOPPING COND VILAGE TIMBAUBA. => Email passado ao naec dia 25-06-12 Camila => 1 => 742 => COZINHA ITATANITA VD => 0 =>  => 0 =>  => 0 =>  => 0 =>  => 0 =>  => 0 =>  => 0 =>  => 0 =>  => 0 =>  => 0 =>  => 0 =>  => 0 =>  => 0 =>  => 0 =>  => 0 =>  => 0 =>  => 0 =>  => 0 =>  => 0 =>  => "

-------------------------------
 
ALTERAÇÃO DE CLIENTE
POST => "camila" Data => "2012-06-25 10:03:39", Alterou o Cliente de vale 500063 => "INFORMAÇÕES ALTERADAS => "1 => 4075 => 6 => 24 => 14 => 0 => 1 => 02/06/2012 => 500063 => 238 => 50047 => 02/06/2012 => HUGO LEONARDO FERREIRA MORAIS => 363559 => FERNANDADA COSTA MEDEIROS => 23017350 => RUA: IPERANA => 118 => CS12 => CAMPO GRANDE => RIO DE JANEIRO => RJ => 9405-2831 =>  =>  => Email passado ao naec dia 25-06-12 Camila =>  => 1 => 138033 => G.ROUPA ARAPLAC 10P ATLAN PLUS TB/AM => 0 =>  => 0 =>  => 0 =>  => 0 =>  => 0 =>  => 0 =>  => 0 =>  => 0 =>  => 0 =>  => 0 =>  => 0 =>  => 0 =>  => 0 =>  => 0 =>  => 0 =>  => 0 =>  => 0 =>  => 0 =>  => 0 =>  => "

-------------------------------
 
ALTERAÇÃO DE CLIENTE
POST => "camila" Data => "2012-06-25 10:05:08", Alterou o Cliente de vale 505407 => "INFORMAÇÕES ALTERADAS => "1 => 4231 => 6 => 21 => 32 => 0 => 0 => 15/06/2012 => 505407 => 236 => 45671 => 14/06/2012 => EDIR SILVA DOS SANTOS => 19901 => FLAVIO DORNELAS ANICETO NASCIMENTO =>  => AVENIDA ALBINO IMPARATO => 110 => LJ => PARQUE PAULICEIA => DUQUE DE CAXIAS =>  => 2776-7965 => 9689-6497 =>  => LIGAR ANTES DA ENTREGA LOJA VAZIA EM FRENTE O CLEGIO FLAMA => Email passado ao naec dia 25-06-12 Camila => 1 => 135481 => COZ KIPLAC RENATA PLUS BR/PTO => 0 =>  => 0 =>  => 0 =>  => 0 =>  => 0 =>  => 0 =>  => 0 =>  => 0 =>  => 0 =>  => 0 =>  => 0 =>  => 0 =>  => 0 =>  => 0 =>  => 0 =>  => 0 =>  => 0 =>  => 0 =>  => 0 =>  => "

-------------------------------
 
ALTERAÇÃO DE CLIENTE
POST => "simone" Data => "2012-06-25 10:05:10", Alterou o Cliente de vale 497255 => "INFORMAÇÕES ALTERADAS => "1 => 3961 => 35 => 41 => 23 => 0 => 1 => 28/05/2012 => 497255 => 230 => 47668 => 28/05/2012 => ANDERSON DE LIMA BARBOSA => 158761 => JESUHUA FREITAS LEITE =>  => BERNARDINO DA SILVA MATOS => 75 => CASA 01 => SANTA CRUZ => RIO DE JANEIRO =>  => 7152-6267 => 3155-6657 => 8422-5170 => SEGUIR PELA ESTRADA JOAO XXIII ENTRAR NA RUA APOS O UPA 3 RUA A DIREITA AGEND: SEXTA 1.6 LUCIANA ANTIGA RUA 17. FICHA COM JULIO CESAR DE SALES  => OBS: FALEI COM A MÃE DONA EXPEDITA: REAGENDADO P / 26/06/2012, MONTADOR CONFIRMOU COM A CLIENTE. => 1 => 135593 => G. ROUPA BP 2P LUKA BR/PTO => 0 =>  => 0 =>  => 0 =>  => 0 =>  => 0 =>  => 0 =>  => 0 =>  => 0 =>  => 0 =>  => 0 =>  => 0 =>  => 0 =>  => 0 =>  => 0 =>  => 0 =>  => 0 =>  => 0 =>  => 0 =>  => 0 =>  => "

-------------------------------
 
ALTERAÇÃO DE CLIENTE
POST => "camila" Data => "2012-06-25 10:08:24", Alterou o Cliente de vale 388095 => "INFORMAÇÕES ALTERADAS => "1 => 4010 => 6 => 31 => 15 => 2 => 0 => 31/05/2012 => 388095 => 178 => 71376 => 12/01/2012 => GILMAR ALVES CORREA => 449363 => JOAO BATISTA DOS SANTOS SILVA =>  => NOSSA SENHORA DAS GRAÇAS => 293 => APTO 201 => SAO GERALDO => VOLTA REDONDA => R =>  =>  =>  => AO LADO DO HOSPITAL SAO JOAO ATISTA PROC POR CLEMILDA => Email passado ao naec dia 25-06-12 Camila => 1 => 136749 => BALCAO KP REFLECTA 2P BR/GRAF => 1 => 136650 => COZINHA KP REFLECTA BR  / GRAF => 0 =>  => 0 =>  => 0 =>  => 0 =>  => 0 =>  => 0 =>  => 0 =>  => 0 =>  => 0 =>  => 0 =>  => 0 =>  => 0 =>  => 0 =>  => 0 =>  => 0 =>  => 0 =>  => 0 =>  => 0 =>  => "

-------------------------------
 
ALTERAÇÃO DE CLIENTE
POST => "simone" Data => "2012-06-25 10:09:34", Alterou o Cliente de vale 485355 => "INFORMAÇÕES ALTERADAS => "1 => 3337 => 35 => 22 => 23 => 0 => 0 => 10/05/2012 => 485355 => 241 => 42304 => 10/05/2012 => JULIO CESAR VIEIRA SOARES => 531487 / 199 => CLAUDIA DO CARMO CABRAL => 23520240 => JORNALISTA PAULO REDER  => 230 => CASA 2 => SANTA CRUZ => RIO DE JANEIRO => RJ => 2406-8392 => 8506-2824 =>  => PROX AO CESARAO NO CONJ DA CAIXA.CONFIRMEI COM O ESPOSO GUTIERRE CLIENTE NÃO ATENDE OS 2 TEL ACIMA PARA AGENDAR P/ SABADO 23/6 LUCIANA. => FICHA COM JULIO CESAR.o montador reagendou para dia 26/06/2012. => 1 => 136651 => COZINHA TELASSUL CRISTAL 80123 BR => 0 =>  => 0 =>  => 0 =>  => 0 =>  => 0 =>  => 0 =>  => 0 =>  => 0 =>  => 0 =>  => 0 =>  => 0 =>  => 0 =>  => 0 =>  => 0 =>  => 0 =>  => 0 =>  => 0 =>  => 0 =>  => 0 =>  => "

-------------------------------
 
ALTERAÇÃO DE CLIENTE
POST => "camila" Data => "2012-06-25 10:10:09", Alterou o Cliente de vale 465279 => "INFORMAÇÕES ALTERADAS => "1 => 3638 => 6 => 11 => 24 => 0 => 0 => 14/05/2012 => 465279 => 178 => 170 => 09/04/2012 => JULIANA ALBERTASSI DOS SANTOS => 1812 / 199 => MARIA APARECIDA TEIXEIRA => 27253560 => RUA: GENERAL NELSON DE MELO => 316 => APTO 101 => SÃO GERALDO => VOLTA REDONDA => RJ => 3348-8799 =>  =>  => DO LADO DA IGREJA SAO GERALDO. => Email passado ao naec dia 25-06-12 Camila => 1 => 9066 => MESA MODECOR LUMA 4C T VID BR => 0 =>  => 0 =>  => 0 =>  => 0 =>  => 0 =>  => 0 =>  => 0 =>  => 0 =>  => 0 =>  => 0 =>  => 0 =>  => 0 =>  => 0 =>  => 0 =>  => 0 =>  => 0 =>  => 0 =>  => 0 =>  => 0 =>  => "

-------------------------------
 
ALTERAÇÃO DE CLIENTE
POST => "camila" Data => "2012-06-25 10:11:50", Alterou o Cliente de vale 498407 => "INFORMAÇÕES ALTERADAS => "1 => 4072 => 6 => 30 => 16 => 2 => 0 => 01/06/2012 => 498407 => 238 => 20144 => 30/05/2012 => ROBENITA BRITO DA FONSECA => 76799/S => AUREA NASCIMENTO CONCEIÇÃO => 23052090 => RUA POENTE => QD 09 LT 06 =>  => GUARATIBA => RIO DE JANEIRO => RJ => 3316-9230 =>  =>  => VIA ESTR DO MATOALTO ENTR R VICENTE PERROTA PRIM R APOS ECL => Email passado ao naec dia 25-06-12 Camila => 1 => 8981 => G. ROUPA MOVAL 6P40065 COL PLUS TB/M => 0 =>  => 0 =>  => 0 =>  => 0 =>  => 0 =>  => 0 =>  => 0 =>  => 0 =>  => 0 =>  => 0 =>  => 0 =>  => 0 =>  => 0 =>  => 0 =>  => 0 =>  => 0 =>  => 0 =>  => 0 =>  => 0 =>  => "

-------------------------------
 
ALTERAÇÃO DE CLIENTE
POST => "camila" Data => "2012-06-25 10:12:58", Alterou o Cliente de vale 307448 => "INFORMAÇÕES ALTERADAS => "1 => 3993 => 6 => 21 => 11 => 2 => 0 => 31/05/2012 => 307448 => 171 => 55856 => 25/10/2011 => SERGIO JOAQUIM DOS SANTOS => 337166/199 => MARIA JOSE ALVES DA SILVA =>  => RUA ALTO => 10 => CASA => CABUCU/IPIRANGA => NOVA IGUAÇU => RJ => 9771-2006 =>  =>  => ESTR MADUREIRA ENTRAR  ESTR DO MUNGANGO,BAIRRO ALIANACA,PX LEAO DOS CABRITOS.agend: sexta 15/6 Luciana  => Email passado ao naec dia 25-06-12 Camila => 1 => 139495 => KIT ITAT I3 PREMIUM 6P/3G BR => 0 =>  => 0 =>  => 0 =>  => 0 =>  => 0 =>  => 0 =>  => 0 =>  => 0 =>  => 0 =>  => 0 =>  => 0 =>  => 0 =>  => 0 =>  => 0 =>  => 0 =>  => 0 =>  => 0 =>  => 0 =>  => 0 =>  => "

-------------------------------
 
ALTERAÇÃO DE CLIENTE
POST => "camila" Data => "2012-06-25 10:13:51", Alterou o Cliente de vale 484718 => "INFORMAÇÕES ALTERADAS => "1 => 3373 => 6 => 15 => 8 => 0 => 0 => 10/05/2012 => 484718 => 279 => 9057 => 09/05/2012 => DAYANA CRISTIANE DA SILVA KENG => 535493 / 199 => THIAGO PESSOA SILVA => 23560150 => ESTRADA: DO GUANDU => lt 9 => RUA 7 => SANTA CRUZ => RIO DE JANEIRO => RJ => 3365-5603 => 7673-8147 =>  => ATRAS A LONA CULTURAL.RELATORIO ENVIADO P/ MIRIAM DIA 6/6 LUCIANA  => Email passado ao naec dia 25-06-12 Camila => 1 => 134892 => COZ ITAT CRIATIVA MAXII2VPTO => 0 =>  => 0 =>  => 0 =>  => 0 =>  => 0 =>  => 0 =>  => 0 =>  => 0 =>  => 0 =>  => 0 =>  => 0 =>  => 0 =>  => 0 =>  => 0 =>  => 0 =>  => 0 =>  => 0 =>  => 0 =>  => 0 =>  => "

-------------------------------
 
ALTERAÇÃO DE CLIENTE
POST => "camila" Data => "2012-06-25 10:14:30", Alterou o Cliente de vale 484850 => "INFORMAÇÕES ALTERADAS => "1 => 3356 => 6 => 17 => 3 => 0 => 0 => 10/05/2012 => 484850 => 230 => 143 => 09/05/2012 => EDESIO RORIGUES COELHO => 3636 / 199 => ANA LUCIA DA SILVA => 23520660 => RUA:DEZESSEIS => 57 => CASA => SANTA CRUZ => RIO DE JANEIRO => RJ => 2418-4257 =>  => 7731-8805 => CONJ NOVA SEPETIBA PROX A CRECHE VOVO BENTA E CAMPO DE FUTEBOL.AGEND: QUINTA 17/5  REAGENDEI COM O GILBERTO FILHO PARA SEXTA 25/5  RELATORIO ENVIADO P/ MIRIAM DIA 6/6 LUCIANA  => Email passado ao naec dia 25-06-12 Camila => 1 => 16410 => CJ EST RONDOMOVEIS 3/2L 380 TABUATR.CH => 0 =>  => 0 =>  => 0 =>  => 0 =>  => 0 =>  => 0 =>  => 0 =>  => 0 =>  => 0 =>  => 0 =>  => 0 =>  => 0 =>  => 0 =>  => 0 =>  => 0 =>  => 0 =>  => 0 =>  => 0 =>  => 0 =>  => "

-------------------------------
 
ALTERAÇÃO DE CLIENTE
POST => "camila" Data => "2012-06-25 10:16:01", Alterou o Cliente de vale 500545 => "INFORMAÇÕES ALTERADAS => "1 => 4074 => 6 => 7 => 13 => 0 => 0 => 04/06/2012 => 500545 => 629 => 629 => 04/06/2012 => ALVARO LIMA DA SILVA => 12045 => RENATA SANTANA => 23595040 => TREZE => 167 =>  => SANTA CRUZ => RIO DE JANEIRO => RJ => 7599-1861 =>  =>  => AGEND:TERÇA 5/6 cliente afirmar que CANCELOU A COMPRA  LUCIANA => Email passado ao naec dia 25-06-12 Camila => 1 => 140341 => BICAMA FRITZ TURIM BR/LILAS => 0 =>  => 0 =>  => 0 =>  => 0 =>  => 0 =>  => 0 =>  => 0 =>  => 0 =>  => 0 =>  => 0 =>  => 0 =>  => 0 =>  => 0 =>  => 0 =>  => 0 =>  => 0 =>  => 0 =>  => 0 =>  => 0 =>  => "

-------------------------------
 
ALTERAÇÃO DE CLIENTE
POST => "camila" Data => "2012-06-25 10:21:30", Alterou o Cliente de vale 361922 => "INFORMAÇÕES ALTERADAS => "1 => 3724 => 6 => 16 => 8 => 0 => 0 => 14/05/2012 => 361922 => 264 => 11459 => 16/12/2011 => LUANA APARECIDA DA SILVA => 412144 / 199 => CARLOS EDUARDO MARTINS => 27500000 => RUA:PRINCIPAL RODOLFO ANECHINO => 3 => APTO 3 => NOVO SURUBI => RESENDE => RJ => 9952-5987 =>  =>  => PERTO DA PONTE VELHA. => Email passado ao naec dia 25-06-12 Camila => 1 => 9303 => KIT COZ KP 8P DELTA COLOR BR/VD => 0 =>  => 0 =>  => 0 =>  => 0 =>  => 0 =>  => 0 =>  => 0 =>  => 0 =>  => 0 =>  => 0 =>  => 0 =>  => 0 =>  => 0 =>  => 0 =>  => 0 =>  => 0 =>  => 0 =>  => 0 =>  => 0 =>  => "

-------------------------------
 
ALTERAÇÃO DE CLIENTE
POST => "camila" Data => "2012-06-25 10:27:54", Alterou o Cliente de vale 379404 => "INFORMAÇÕES ALTERADAS => "1 => 3505 => 6 => 32 => 33 => 0 => 0 => 11/05/2012 => 379404 => 178 => 69892 => 04/01/2012 => GILCIMAR ALVES CORREA => 439153 / 199 => PAULO CESAR DO NASCIMENTO => 27257240 => RUA: SETECENTOS E CINQUENTA E DOIS => 169 => CASA => CASA DE PEDRA => VOLTA REDONDA => RJ => 3348-7323 =>  =>  => ATRAS DA PADARIA CASA DE PEDRA. => Email passado ao naec dia 25-06-12 Camila => 1 => 140391 => G.ROUPA ARAPLAC 8P AUSTRIA TB/BR => 0 =>  => 0 =>  => 0 =>  => 0 =>  => 0 =>  => 0 =>  => 0 =>  => 0 =>  => 0 =>  => 0 =>  => 0 =>  => 0 =>  => 0 =>  => 0 =>  => 0 =>  => 0 =>  => 0 =>  => 0 =>  => 0 =>  => "

-------------------------------
 
ALTERAÇÃO DE CLIENTE
POST => "camila" Data => "2012-06-25 10:33:00", Alterou o Cliente de vale 450296 => "INFORMAÇÕES ALTERADAS => "1 => 4214 => 6 => 10 => 32 => 0 => 0 => 15/06/2012 => 450296 => 179 => 167687 => 24/03/2012 => LEONARDO OLIVEIRA DE FREITAS => 505478 => MARIA DAS GRAÇAS GALDINO FERREIRA =>  => DO DIVINO => 224 => CASA A => PARQUE BEIRA MAR => DUQUE DE CAXIAS =>  => 9443-3561 =>  =>  => PELA WASHITON LUIS ENTRADA PELO DOIS IRMAOS TERCEIRARUA A DIREITA PROC DONA CONCEIÇÃO  AGEND: QUARTA 20/6 LUCIANA  => Email passado ao naec dia 25-06-12 Camila => 1 => 6078 => RACK KIPLAC TORRE PLUS LUXO AR/MP => 0 =>  => 0 =>  => 0 =>  => 0 =>  => 0 =>  => 0 =>  => 0 =>  => 0 =>  => 0 =>  => 0 =>  => 0 =>  => 0 =>  => 0 =>  => 0 =>  => 0 =>  => 0 =>  => 0 =>  => 0 =>  => 0 =>  => "

-------------------------------
 
ALTERAÇÃO DE CLIENTE
POST => "camila" Data => "2012-06-25 10:34:21", Alterou o Cliente de vale 467042 => "INFORMAÇÕES ALTERADAS => "1 => 3625 => 6 => 33 => 10 => 0 => 0 => 14/05/2012 => 467042 => 264 => 123 => 11/04/2012 => PAMELA MARCELE VALDOPIRES JARDIM RIBEIRO => 5271 / 199 => SALVADOR OLIVEIRA DA SILVA => 27521040 => RUA: SÃO PAULO => 40 => CASA C => VILA JULIETA => RESENDE => RJ => 9917-2814 => 3354-4808 =>  => PROX CEGIL 24. => Email passado ao naec dia 25-06-12 Camila => 1 => 140391 => G.ROUPA ARAPLAC 8P AUSTRIA TB/BR => 0 =>  => 0 =>  => 0 =>  => 0 =>  => 0 =>  => 0 =>  => 0 =>  => 0 =>  => 0 =>  => 0 =>  => 0 =>  => 0 =>  => 0 =>  => 0 =>  => 0 =>  => 0 =>  => 0 =>  => 0 =>  => 0 =>  => "

-------------------------------
 
ALTERAÇÃO DE CLIENTE
POST => "camila" Data => "2012-06-25 10:35:36", Alterou o Cliente de vale 467072 => "INFORMAÇÕES ALTERADAS => "1 => 3631 => 6 => 11 => 20 => 0 => 0 => 14/05/2012 => 467072 => 178 => 480 => 11/04/2012 => RAFAEL BELMONTE VALENTE => 5129 / 199 => MARIA ROXILENI DE SOUZA => 27250000 => RUA:ANGELICA => 150 => CASA 02 => ÁGUA LIMPA => VOLTA REDONDA => RJ => 3341-5789 =>  =>  => Email passado ao naec dia 25-06-12 Camila =>  => 1 => 8729 => RACK BECHARA COPACABANA AMEND/PTO => 0 =>  => 0 =>  => 0 =>  => 0 =>  => 0 =>  => 0 =>  => 0 =>  => 0 =>  => 0 =>  => 0 =>  => 0 =>  => 0 =>  => 0 =>  => 0 =>  => 0 =>  => 0 =>  => 0 =>  => 0 =>  => 0 =>  => "

-------------------------------
 
ALTERAÇÃO DE CLIENTE
POST => "camila" Data => "2012-06-25 10:37:30", Alterou o Cliente de vale 467410 => "INFORMAÇÕES ALTERADAS => "1 => 3630 => 6 => 17 => 13 => 0 => 0 => 14/05/2012 => 467410 => 209 => 61923 => 11/04/2012 => CLERIA AVENTINA FERNANDES RODR => 252 / 199 => CLEUZA APARECIDA DE SOUZA => 27323390 => BECO: DOS CARVALHOS => 19 => CASA => ANO BOM => BARRA MANSA => RJ => 8134-7312 => 3324-3253 =>  => EM FRENTE A MARCENARIA NO BECO DOS CARVALHOS.  RELATORIO ENVIADO PARA MIRIM DIA 22/6 LUCIANA  => Email passado ao naec dia 25-06-12 Camila => 1 => 100136 => COZINHA ITAT DAYANE BR => 0 =>  => 0 =>  => 0 =>  => 0 =>  => 0 =>  => 0 =>  => 0 =>  => 0 =>  => 0 =>  => 0 =>  => 0 =>  => 0 =>  => 0 =>  => 0 =>  => 0 =>  => 0 =>  => 0 =>  => 0 =>  => 0 =>  => "

-------------------------------
 
ALTERAÇÃO DE CLIENTE
POST => "camila" Data => "2012-06-25 10:38:50", Alterou o Cliente de vale 469284 => "INFORMAÇÕES ALTERADAS => "1 => 3613 => 6 => 16 => 4 => 0 => 0 => 15/05/2012 => 469284 => 178 => 978 => 13/04/2012 => JULIANA ALBERTASSI DOS SANTOS => 11511 => MARIA ROSA DOS SANTOS LIMA SANTOS =>  => AVENIDA HENRIQUE VALADARE => 217 => CASA => RETIRO => VOLTA REDONDA =>  => 3345-5216 =>  =>  => EM FRENTE A IGREJA PREBITERIANA => Email passado ao naec dia 25-06-12 Camila => 1 => 140391 => G.ROUPA ARAPLAC 8P AUSTRIA TB/BR => 0 =>  => 0 =>  => 0 =>  => 0 =>  => 0 =>  => 0 =>  => 0 =>  => 0 =>  => 0 =>  => 0 =>  => 0 =>  => 0 =>  => 0 =>  => 0 =>  => 0 =>  => 0 =>  => 0 =>  => 0 =>  => 0 =>  => "

-------------------------------
 
ALTERAÇÃO DE CLIENTE
POST => "camila" Data => "2012-06-25 10:40:12", Alterou o Cliente de vale 471602 => "INFORMAÇÕES ALTERADAS => "1 => 3696 => 6 => 24 => 29 => 0 => 0 => 16/05/2012 => 471602 => 178 => 1274 => 17/04/2012 => GILCIMAR ALVES CORREIA => 14584/199 => LUIZ CLAUDIO MONTEIRO DE FREITAS => 27288270 => RUA: SÃO LOURENÇO => 650 => CASA => SANTA RITA DO ZARUR => VOLTA REDONDA => RJ =>  =>  =>  => 24 33407573 AO LADO DA OFICINA BEBECA. RELATORIO ENVIADO PARA MIRIAM DIA 22/6 LUCIANA  => Email passado ao naec dia 25-06-12 Camila => 1 => 9074 => COZINHA COMP COLOR ECLIPSE TOP PTO => 0 =>  => 0 =>  => 0 =>  => 0 =>  => 0 =>  => 0 =>  => 0 =>  => 0 =>  => 0 =>  => 0 =>  => 0 =>  => 0 =>  => 0 =>  => 0 =>  => 0 =>  => 0 =>  => 0 =>  => 0 =>  => 0 =>  => "

-------------------------------
 
ALTERAÇÃO DE CLIENTE
POST => "camila" Data => "2012-06-25 10:41:36", Alterou o Cliente de vale 473842 => "INFORMAÇÕES ALTERADAS => "1 => 3706 => 6 => 16 => 10 => 0 => 0 => 16/05/2012 => 473842 => 209 => 583 => 20/04/2012 => REGINA CAELI PONCIANO => 16106/199 => HERMES DE ALMEIDA DA SILVEIRA => 27355180 => RUA MELVIN JONES => 513 => CASA 03 => VILA ORLANDELIA => BARRA MANSA => RJ =>  =>  =>  => 24 33241372 PROX AO COLEGIO REGINALDO ARAUJO PROC HERMES  RELATORIO ENVIADO PARA MIRIAM DIA 22/6 LUCIANA  => Email passado ao naec dia 25-06-12 Camila => 1 => 140391 => G.ROUPA ARAPLAC 8P AUSTRIA TB/BR => 0 =>  => 0 =>  => 0 =>  => 0 =>  => 0 =>  => 0 =>  => 0 =>  => 0 =>  => 0 =>  => 0 =>  => 0 =>  => 0 =>  => 0 =>  => 0 =>  => 0 =>  => 0 =>  => 0 =>  => 0 =>  => 0 =>  => "

-------------------------------
 
ALTERAÇÃO DE CLIENTE
POST => "camila" Data => "2012-06-25 10:42:52", Alterou o Cliente de vale 475069 => "INFORMAÇÕES ALTERADAS => "1 => 3726 => 6 => 44 => 12 => 0 => 0 => 14/05/2012 => 475069 => 178 => 1498 => 24/04/2012 => LUCIO RODRIGUES DE FARIAS => 17302/199 => VERA LUCIA RODRIGUES DE FARIAS => 27210390 => RUA: JOÃO PESSOA => 110 =>  => SANTO AGOSTINHO => VOLTA REDONDA => RJ => 3338-4166 => 9904-3297 => 3350-4631 => PRETO DO BAR DO TINGUE => Email passado ao naec dia 25-06-12 Camila => 1 => 98934 =>  => 0 =>  => 0 =>  => 0 =>  => 0 =>  => 0 =>  => 0 =>  => 0 =>  => 0 =>  => 0 =>  => 0 =>  => 0 =>  => 0 =>  => 0 =>  => 0 =>  => 0 =>  => 0 =>  => 0 =>  => 0 =>  => 0 =>  => "

-------------------------------
 
ALTERAÇÃO DE CLIENTE
POST => "camila" Data => "2012-06-25 10:44:29", Alterou o Cliente de vale 475084 => "INFORMAÇÕES ALTERADAS => "1 => 3740 => 6 => 17 => 21 => 0 => 0 => 14/05/2012 => 475084 => 178 => 1603 => 24/04/2012 => GILCIMAR ALVES CORREA => 17311/199 => ANA REGINA SENHORINHO DE OLIVEIRA => 27240550 => RUA: ERIKA BERBETE => 154 => CS 01 => VILA RICA => VOLTA REDONDA => RJ =>  =>  =>  => AO LADO DA IGREJA ASSEMBLEIA DE DEUS PROC VIZINHA IRENE => Email passado ao naec dia 25-06-12 Camila => 1 => 140391 => G.ROUPA ARAPLAC 8P AUSTRIA TB/BR => 0 =>  => 0 =>  => 0 =>  => 0 =>  => 0 =>  => 0 =>  => 0 =>  => 0 =>  => 0 =>  => 0 =>  => 0 =>  => 0 =>  => 0 =>  => 0 =>  => 0 =>  => 0 =>  => 0 =>  => 0 =>  => 0 =>  => "

-------------------------------
 
ALTERAÇÃO DE CLIENTE
POST => "camila" Data => "2012-06-25 10:45:42", Alterou o Cliente de vale 486392 => "INFORMAÇÕES ALTERADAS => "1 => 3641 => 6 => 8 => 18 => 0 => 0 => 14/05/2012 => 486392 => 238 => 67217 => 11/05/2012 => JOSIANE CLAUDINO NUNES => 539343 / 199 => ALEXANDRE VENANCIO NORONHA => 23030360 => ESTRADA: DO MORRO CAVADO => 1360 =>  => GUARATIBA => RIO DE JANEIRO => RJ => 8652-0964 => 2132-9262 =>  => PROX MERCADO JOAO CARLOS NO SITIO ALERECA...Email passado ao naec dia 25-06-12 Camila => AGENDADO PARA O DIA 22/05!,PASSEI E-MAIL PARA STEPHANIE,IGOR E WAGNER SOLICITANDO ENDEREÇO CORRETO,NÚMERO CORRETO,PONTO REFERENCIA,MAS TELEFONE PARA FALAR COM CLIENTE NO DIA 29/05! => 1 => 138033 => G.ROUPA ARAPLAC 10P ATLAN PLUS TB/AM => 0 =>  => 0 =>  => 0 =>  => 0 =>  => 0 =>  => 0 =>  => 0 =>  => 0 =>  => 0 =>  => 0 =>  => 0 =>  => 0 =>  => 0 =>  => 0 =>  => 0 =>  => 0 =>  => 0 =>  => 0 =>  => 0 =>  => "

-------------------------------
 
ALTERAÇÃO DE CLIENTE
POST => "camila" Data => "2012-06-25 10:47:07", Alterou o Cliente de vale 486393 => "INFORMAÇÕES ALTERADAS => "1 => 3576 => 6 => 25 => 27 => 0 => 0 => 14/05/2012 => 486393 => 238 => 67202 => 11/05/2012 => JOSIANE CLAUDINO NUNES => 900 / 199 => ANA JESSICA DIAS DA SILVA => 23033150 => RUA: PASSA-QUATRO => lt 18 => QD 13 => GUARATIBA => RIO DE JANEIRO => RJ => 2394-5042 =>  =>  => NO BAIRRO JARDIM MARAVILHA ENTR NA RUA DA FARMACIA 24H SEGUIR DIRETO 3 RUA ESQ...Email passado ao naec dia 25-06-12 Camila => AGENDADO PARA O DIA 22/05! RELATORIO ENVIADO PARA MIRIAM DIA 22/6 LUCIANA  => 1 => 140041 => SAPATEIRA CARRARO MULTI 424 TB => 0 =>  => 0 =>  => 0 =>  => 0 =>  => 0 =>  => 0 =>  => 0 =>  => 0 =>  => 0 =>  => 0 =>  => 0 =>  => 0 =>  => 0 =>  => 0 =>  => 0 =>  => 0 =>  => 0 =>  => 0 =>  => 0 =>  => "

-------------------------------
 
ALTERAÇÃO DE CLIENTE
POST => "camila" Data => "2012-06-25 10:48:08", Alterou o Cliente de vale 486886 => "INFORMAÇÕES ALTERADAS => "1 => 4135 => 6 => 27 => 14 => 0 => 0 => 11/06/2012 => 486886 => 230 => 1658 => 12/05/2012 => EDESIO RODRIGUES COELHO =>  => TATIANE CARDOSO => 23035380 => TRAVESSA H => LT 05 => QD 10 => GUARATIBA CAMPO GRANDE => RIO DE JANEIRO => RJ => 8737-9154 =>  =>  => PELA EST DO MARGAÇA ENTRAR NA RUA EM FRENTE A IGREJA DE REABILITACAO ESQ DO MECANICO NERINHO ENT ROSANA => Email passado ao naec dia 25-06-12 Camila => 1 => 140338 => G ROUPA FRITZ 3P MILAO AMEN/PTO => 0 =>  => 0 =>  => 0 =>  => 0 =>  => 0 =>  => 0 =>  => 0 =>  => 0 =>  => 0 =>  => 0 =>  => 0 =>  => 0 =>  => 0 =>  => 0 =>  => 0 =>  => 0 =>  => 0 =>  => 0 =>  => 0 =>  => "

-------------------------------
 
ALTERAÇÃO DE CLIENTE
POST => "camila" Data => "2012-06-25 10:49:31", Alterou o Cliente de vale 495109 => "INFORMAÇÕES ALTERADAS => "1 => 3895 => 6 => 22 => 27 => 0 => 0 => 25/05/2012 => 495109 => 197 => 55334 => 24/05/2012 => ADEILSON MAX DE AGUIAR => 502864/199 => SIMONE MELO SILVA => 26290249 => ESTRADA GRANJA => 544 =>  => PALHADA => NOVA IGUAÇU => RJ => 2694-4703 =>  =>  => PROX A MERCEARIA E NOVO COND EM CONSTRUÇÃO.2657-6101 / 6867-3993 / 2694-4703....Email passado ao naec dia 25-06-12 Camila => OBS: CLIENTE NÃO ATENDE O TEL,PARA PEGAR OUTRA REFERÊNCIA.PASSEI E-MAIL PARA O NAEC NO DIA 08/06/2012  SOLICITANDO OUTRO TELEFONE E REFERÊNCIA!ENDEREÇO : RUA RUA 3, 559 CASA PARQUE DAS PAUMEIRAS, NOVA IGUACU/RJ-26587933 . OBS : PROX A MERSEARIA SILVA E NOVO CONDOMINEO EM CONSTRUCAO NO ANTIGO CAMPO TEL 26944703 . DATA DA ENTREGA 25/02/2012. => 1 => 140391 => G.ROUPA ARAPLAC 8P AUSTRIA TB/BR => 0 =>  => 0 =>  => 0 =>  => 0 =>  => 0 =>  => 0 =>  => 0 =>  => 0 =>  => 0 =>  => 0 =>  => 0 =>  => 0 =>  => 0 =>  => 0 =>  => 0 =>  => 0 =>  => 0 =>  => 0 =>  => 0 =>  => "

-------------------------------
 
ALTERAÇÃO DE CLIENTE
POST => "camila" Data => "2012-06-25 10:50:38", Alterou o Cliente de vale 498614 => "INFORMAÇÕES ALTERADAS => "1 => 4046 => 6 => 36 => 8 => 0 => 0 => 01/06/2012 => 498614 => 178 => 80491 => 30/05/2012 => JULIANA ALBERTASSI DOS SANTOS => 2991 => ADRIANA PINTO DA ROCHA => 27292080 => RUA B => 195 =>  => SANTO AGOSTINHO => VOLTA REDONDA =>  => 3345-5006 =>  =>  => (24) => Email passado ao naec dia 25-06-12 Camila => 1 => 100136 => COZINHA ITAT DAYANE BR => 0 =>  => 0 =>  => 0 =>  => 0 =>  => 0 =>  => 0 =>  => 0 =>  => 0 =>  => 0 =>  => 0 =>  => 0 =>  => 0 =>  => 0 =>  => 0 =>  => 0 =>  => 0 =>  => 0 =>  => 0 =>  => 0 =>  => "

-------------------------------
 
ALTERAÇÃO DE CLIENTE
POST => "camila" Data => "2012-06-25 10:52:04", Alterou o Cliente de vale 499254 => "INFORMAÇÕES ALTERADAS => "1 => 4022 => 6 => 30 => 3 => 0 => 0 => 31/05/2012 => 499254 => 181 => 62185 => 31/05/2012 => ERNANI DA SILVA SANTOS => 441010/199 => ALBA VALERIA R DOS SANTOS => 24315215 => RUA: COMANDANTE MINERVINO => 14 => CS 01 => ATALAIA => NITERÓI => RJ => 3046-7417 => 9751-5466 =>  => NA SUBIDA D BARDO JACARE PROC ALA OU VALTINHO OU KELLY => Email passado ao naec dia 25-06-12 Camila => 1 => 10794 => ARM ITAT IPH-70 GAR TEC BR/LA => 1 => 138033 => G.ROUPA ARAPLAC 10P ATLAN PLUS TB/AM => 1 => 99076 => ARM ITAT MAD IP HT-105 TECNO B/PT/L => 0 =>  => 0 =>  => 0 =>  => 0 =>  => 0 =>  => 0 =>  => 0 =>  => 0 =>  => 0 =>  => 0 =>  => 0 =>  => 0 =>  => 0 =>  => 0 =>  => 0 =>  => 0 =>  => 0 =>  => "

-------------------------------
 
ALTERAÇÃO DE CLIENTE
POST => "camila" Data => "2012-06-25 10:52:38", Alterou o Cliente de vale 499254 => "INFORMAÇÕES ALTERADAS => "1 => 4022 => 6 => 28 => 20 => 0 => 0 => 31/05/2012 => 499254 => 181 => 62185 => 31/05/2012 => ERNANI DA SILVA SANTOS => 441010/199 => ALBA VALERIA R DOS SANTOS => 24315215 => RUA: COMANDANTE MINERVINO => 14 => CS 01 => ATALAIA => NITERÓI => RJ => 3046-7417 => 9751-5466 =>  => NA SUBIDA D BARDO JACARE PROC ALA OU VALTINHO OU KELLY => Email passado ao naec dia 25-06-12 Camila => 1 => 10794 => ARM ITAT IPH-70 GAR TEC BR/LA => 1 => 138033 => G.ROUPA ARAPLAC 10P ATLAN PLUS TB/AM => 1 => 99076 => ARM ITAT MAD IP HT-105 TECNO B/PT/L => 0 =>  => 0 =>  => 0 =>  => 0 =>  => 0 =>  => 0 =>  => 0 =>  => 0 =>  => 0 =>  => 0 =>  => 0 =>  => 0 =>  => 0 =>  => 0 =>  => 0 =>  => 0 =>  => 0 =>  => "

-------------------------------
 
ALTERAÇÃO DE CLIENTE
POST => "camila" Data => "2012-06-25 10:56:14", Alterou o Cliente de vale 499266 => "INFORMAÇÕES ALTERADAS => "1 => 4023 => 6 => 24 => 21 => 0 => 0 => 31/05/2012 => 499266 => 181 => 62185 => 31/05/2012 => ERNANI DA SILVA SANTOS => 440996/199 => ALBA VALERIA R DOS SANTOS => 24315215 => RUA: COMANDANTE MINERVINO => 14 => CS 01 => ATALAIA => NITERÓI => RJ => 3046-7417 => 9751-5466 =>  => NA SUBIDA DO BAR DO JACARE PROC ALBA,VALTINHO OU KELLY => Email passado ao naec dia 25-06-12 Camila => 1 => 99059 => ARM ITAT MAD IG HT-105 TEC BR/PT/LA => 1 => 10786 => ARM ITAT MAD IPLDA-70 TECNO PTO/LAC => 0 =>  => 0 =>  => 0 =>  => 0 =>  => 0 =>  => 0 =>  => 0 =>  => 0 =>  => 0 =>  => 0 =>  => 0 =>  => 0 =>  => 0 =>  => 0 =>  => 0 =>  => 0 =>  => 0 =>  => 0 =>  => "

-------------------------------
 
ALTERAÇÃO DE CLIENTE
POST => "camila" Data => "2012-06-25 10:57:36", Alterou o Cliente de vale 499681 => "INFORMAÇÕES ALTERADAS => "1 => 4027 => 6 => 54 => 1 => 0 => 0 => 01/06/2012 => 499681 => 178 => 74610 => 01/06/2012 => EUCIDIA ELOIZA AFONSO => 484826/199 => DILCE ENI ALVES DA SILVA TRINDADE =>  => RUA ANGELICA => 263 => CASA => AGUA LIMPA => VOLTA REDONDA => RJ => 3350-2709 =>  =>  => ACIMA DO MERCADO PEROLA. => Email passado ao naec dia 25-06-12 Camila => 1 => 8372 => G.ROUPA BP 3P DUBAY TB/BR/MP => 0 =>  => 0 =>  => 0 =>  => 0 =>  => 0 =>  => 0 =>  => 0 =>  => 0 =>  => 0 =>  => 0 =>  => 0 =>  => 0 =>  => 0 =>  => 0 =>  => 0 =>  => 0 =>  => 0 =>  => 0 =>  => 0 =>  => "

-------------------------------
 
ALTERAÇÃO DE CLIENTE
POST => "camila" Data => "2012-06-25 10:58:30", Alterou o Cliente de vale 503403 => "INFORMAÇÕES ALTERADAS => "1 => 4184 => 6 => 24 => 4 => 0 => 0 => 11/06/2012 => 503403 => 179 => 503403 => 11/06/2012 => CAMILA PEREIRA DE OLIVEIRA => 450637/199 => KISSILA MUNIZ FERREIRA => 25010060 => AVENIDA TANCREDO NEVES => 611 =>  => ITATIAIA => DUQUE DE CAXIAS => RJ => 2775-0182 => 7860-5183 =>  => UMA RUA ANTES DA IGEJA NOVA VIDA ENTRADA PELA RUA ITABIRA PORTAO PRETO PED.152987 => Email passado ao naec dia 25-06-12 Camila => 1 => 139155 => G.ROUPA FRITZ 6P DANY AMEND /PTO => 0 =>  => 0 =>  => 0 =>  => 0 =>  => 0 =>  => 0 =>  => 0 =>  => 0 =>  => 0 =>  => 0 =>  => 0 =>  => 0 =>  => 0 =>  => 0 =>  => 0 =>  => 0 =>  => 0 =>  => 0 =>  => 0 =>  => "

-------------------------------
 
ALTERAÇÃO DE CLIENTE
POST => "marta" Data => "2012-06-25 11:06:19", Alterou o Cliente de vale 450179 => "INFORMAÇÕES ALTERADAS => "1 => 3154 => 22 => 38 => 18 => 0 => 0 => 09/05/2012 => 450179 => 247 => 26438 => 24/03/2012 => WALTER DE SOUSA MANHAES => 50785/199 => NILSA MUNIZ DE ALMEIDA => 24716140 => RUA: AUGUSTO DA FONSECA => 28 => LT371 => JARDIM CATARINA => SÃO GONÇALO => RJ => 3712-0955 => 9120-4578 =>  => AGEND: QUINTA 10/5 LUCIANA,AGENDADO P/DIA 18/05 LUCIANA FALE TATIAINE ela afirma que não quer mais a montagem cliente entrou na justiça.Jandira vai me ligar assim que consequir agendar com a cliente .CLIENTE SÓ VAI ESTÁ NA RESIDENCIA SEXTA FEIRA 25/5 CONFIRMEI COM TATIAINE (FILHA )ELA VAI LIGAR PARA O MONTADOR PARA PASSAR MAIS REFERENCIAS LUCIANA .REAGENDADO P/DIA 26/06 => NA PONTA FINAL 13..EMAIL ENVIADO AO NAEC DIA 30-05-12 CAMILA => 1 => 20222 => CAMA TCIL MIRAGE BIBOX TB/BR/MP => 0 =>  => 0 =>  => 0 =>  => 0 =>  => 0 =>  => 0 =>  => 0 =>  => 0 =>  => 0 =>  => 0 =>  => 0 =>  => 0 =>  => 0 =>  => 0 =>  => 0 =>  => 0 =>  => 0 =>  => 0 =>  => 0 =>  => "

-------------------------------
 
CADASTRO DE CLIENTE
POST => "marta" Data => "2012-06-25 11:41:27", Cadastrou o Cliente de vale 497833 => "INFORMAÇÕES CADASTRADAS => "22 => 12 => 26 => 0 => 1 => 25/06/2012 => 497833 => RE => 7089 => 29/05/2012 => CARLOS ALBERTO RODRIGUES VELOS => 565213 => JANSEN ALMEIDA SILVA =>  => ESTRADA MERINGUAVA => 1763 => APTO 301 BL 6 => TAQUARA => RIO DE JANEIRO =>  => 2435-0989 =>  =>  => INDO PELA AVENIDA DOS MANACIAS NUMERO 1044 AO LADO DO BAR DO ELINHO => 1 => 135226 => MESA ORTIZ 4C SAFIRA BR/PTO =>  =>  =>  =>  =>  =>  =>  =>  =>  =>  =>  =>  =>  =>  =>  =>  =>  =>  =>  =>  =>  =>  =>  =>  =>  =>  =>  =>  =>  =>  =>  =>  =>  =>  =>  =>  =>  =>  => "

-------------------------------
 
ALTERAÇÃO DE CLIENTE
POST => "marta" Data => "2012-06-25 11:43:22", Alterou o Cliente de vale 503970 => "INFORMAÇÕES ALTERADAS => "1 => 4228 => 22 => 33 => 19 => 0 => 0 => 15/06/2012 => 503970 => 230 => 63305 => 12/06/2012 => EDMILSON SILVA LUZ => 274433/199 => VALDEMAR TORRES CAETANO => 23060720 => RUA CECILIA MEIRELES => 17 =>  => COSMOS => RIO DE JANEIRO => RJ => 3356-5199 => 9410-1525 =>  => RUA CAMPO GRANDE BAIRRO NOVA CONQUISTA COSMOS PROX A BARRACA DO LUIZ =>  => 1 => 134892 => COZ ITAT CRIATIVA MAXII2VPTO => 0 =>  => 0 =>  => 0 =>  => 0 =>  => 0 =>  => 0 =>  => 0 =>  => 0 =>  => 0 =>  => 0 =>  => 0 =>  => 0 =>  => 0 =>  => 0 =>  => 0 =>  => 0 =>  => 0 =>  => 0 =>  => 0 =>  => "

-------------------------------
 
CADASTRO DE CLIENTE
POST => "marta" Data => "2012-06-25 11:48:32", Cadastrou o Cliente de vale 498644 => "INFORMAÇÕES CADASTRADAS => "22 => 21 => 22 => 0 => 1 => 25/06/2012 => 498644 => 274 => 10732 => 30/05/2012 => PATRICIA APARECIDA DE SOUZA => 499468 => SEBASTIAO LIMEIRA MARTINS =>  => DOUTOR PAULO CLARO => 491 => CASA 02 => JARDIM ESMERALDA => MAGE =>  => 8640-1624 =>  =>  => APOS O VIADUTO PRIMEIRA CURVA EM FORMA A DIREITA FINAL DA RUA ULTIMA CASA PROC ANDREIA OU SEBASTIAO => 1 => 140351 => G.ROUPA N.HORIZ 6P VENUS BR/PTO =>  =>  =>  =>  =>  =>  =>  =>  =>  =>  =>  =>  =>  =>  =>  =>  =>  =>  =>  =>  =>  =>  =>  =>  =>  =>  =>  =>  =>  =>  =>  =>  =>  =>  =>  =>  =>  =>  => "

-------------------------------
 
CADASTRO DE CLIENTE
POST => "marta" Data => "2012-06-25 11:52:23", Cadastrou o Cliente de vale 496332 => "INFORMAÇÕES CADASTRADAS => "22 => 23 => 23 => 0 => 0 => 25/06/2012 => 496332 => 274 => 5456 => 26/05/2012 => MAURO LIMA MACHADO => 50859 => SEBASTIAO LIMEIRA MARTINS =>  => DOUTOR PAULO CLARO => 491 => CASA 2 => JARDIM ESMERALDA => MAGE =>  =>  =>  =>  => APOS O VIADUTO SEGUNDA CURVA DO S PROCURAR ANDREA OU SEBATIAO => 1 => 135251 => G.ROUPA FRITZ 6P DANY TB/BR =>  =>  =>  =>  =>  =>  =>  =>  =>  =>  =>  =>  =>  =>  =>  =>  =>  =>  =>  =>  =>  =>  =>  =>  =>  =>  =>  =>  =>  =>  =>  =>  =>  =>  =>  =>  =>  =>  => "

-------------------------------
 
CADASTRO DE CLIENTE
POST => "marta" Data => "2012-06-25 13:10:00", Cadastrou o Cliente de vale 503506 => "INFORMAÇÕES CADASTRADAS => "22 => 27 => 15 => 0 => 1 => 25/06/2012 => 503506 => 178 => 56610 => 11/06/2012 => EUCIDIA ELOIA AFONSO => 292999 => ADALBERTO DE ANDRADE DUQUE =>  => HELENA CORREIA DE MIRANDA  => 3077 => CASA => CENTRO => PINHERAL =>  => 3356-3058 =>  =>  => ENTRADA O CAFUNDO LIGAR ANTES 9848-1642 => 1 => 139537 => COZ ITA SUPREMA NOG/S LAC =>  =>  =>  =>  =>  =>  =>  =>  =>  =>  =>  =>  =>  =>  =>  =>  =>  =>  =>  =>  =>  =>  =>  =>  =>  =>  =>  =>  =>  =>  =>  =>  =>  =>  =>  =>  =>  =>  => "

-------------------------------
 
ALTERAÇÃO DE CLIENTE
POST => "simone" Data => "2012-06-25 13:33:02", Alterou o Cliente de vale 421289 => "INFORMAÇÕES ALTERADAS => "1 => 2798 => 35 => 27 => 24 => 0 => 0 => 25/04/2012 => 421289 => 211 => 41256 => 15/02/2012 => DANIELA VENTURI BRITO => 493307/199 => ELIZEU VIANA BRITO => 26277720 => PEREIRAS => 111 =>  => PALMARES => NOVA IGUAÇU =>  => 3794-4126 => 81059655 => 3794-1775 => REFERÊNCIA:CONJUNTO PALMARES , ESTRADA DE MADUREIRA ANTES DO CIEP. => OBS: Passei e-mail para camila no dia 11/05/2012 para pedir ao naec para pedir uma referência do endereço.simone => 1 => 140391 => G.ROUPA ARAPLAC 8P AUSTRIA TB/BR => 0 =>  => 0 =>  => 0 =>  => 0 =>  => 0 =>  => 0 =>  => 0 =>  => 0 =>  => 0 =>  => 0 =>  => 0 =>  => 0 =>  => 0 =>  => 0 =>  => 0 =>  => 0 =>  => 0 =>  => 0 =>  => 0 =>  => "

-------------------------------
 
CADASTRO DE CLIENTE
POST => "MIRIAN" Data => "2012-06-25 15:35:46", Cadastrou o Cliente de vale 521656 => "INFORMAÇÕES CADASTRADAS => "11 => 26 => 12 => 0 => 2 => 25/06/2012 => 521656 => 168 => 521656 => 19/06/2012 =>  =>  => SANDRA MARIA ARAUJO DO NASCIMENTO =>  => RUA SERGIO SILVA  => 101 => CS02 => ENGENHO DA RAINHA => RIO DE JANEIRO => RJ => 3275-3803 => 7439-6668 =>  => RUA EM FRENTE AO CONJUNTO DOS MUSICOS PROX AO BAR DA MARI => 01 => 138033 => G.ROUPA ARAPLAC 10P ATLAN PLUS TB/AM =>  =>  =>  =>  =>  =>  =>  =>  =>  =>  =>  =>  =>  =>  =>  =>  =>  =>  =>  =>  =>  =>  =>  =>  =>  =>  =>  =>  =>  =>  =>  =>  =>  =>  =>  =>  =>  =>  => "

-------------------------------
 
CADASTRO DE CLIENTE
POST => "MIRIAN" Data => "2012-06-25 15:39:29", Cadastrou o Cliente de vale 479517 => "INFORMAÇÕES CADASTRADAS => "11 => 25 => 4 => 0 => 2 => 23/06/2012 => 479517 => 230 => 479517 => 23/06/2012 =>  =>  => MARCOS CUTIA DOS SANTOS =>  => RUA JOSE BASILIO => 43 =>  => GUADALUPE => RIO DE JANEIRO => RJ => 3106-0734 => 9689-8073 =>  => PROX AO SHOPPING GUADALUPE SEGUIR PELA ESTR DO CAMBOATA ENTRAR A DIR PED.62987 => 01 => 100136 => COZINHA ITAT DAYANE BR =>  =>  =>  =>  =>  =>  =>  =>  =>  =>  =>  =>  =>  =>  =>  =>  =>  =>  =>  =>  =>  =>  =>  =>  =>  =>  =>  =>  =>  =>  =>  =>  =>  =>  =>  =>  =>  =>  => "

-------------------------------
 
CADASTRO DE CLIENTE
POST => "MIRIAN" Data => "2012-06-25 15:44:03", Cadastrou o Cliente de vale 469236 => "INFORMAÇÕES CADASTRADAS => "11 => 19 => 22 => 0 => 0 => 25/06/2012 => 469236 => 167 => 53481 => 13/04/2012 => JHOSE CARLOS MELO DE SA => 489146/199 => RENE PFEIFER => 21931350 => RUA: GREGÓRIO DE CASTRO MORAIS => 70 => AP 203 => JARDIM GUANABARA => RIO DE JANEIRO => RJ =>  =>  =>  => ENTRADA DO CASA SHOW RUA PRINC DO JARDIM G QUASE ESQUINA  => 01 => 6069 => BALCAO C/T ARAMOVEIS LILIAN VD/BR =>  =>  =>  =>  =>  =>  =>  =>  =>  =>  =>  =>  =>  =>  =>  =>  =>  =>  =>  =>  =>  =>  =>  =>  =>  =>  =>  =>  =>  =>  =>  =>  =>  =>  =>  =>  =>  =>  => "

-------------------------------
 
CADASTRO DE CLIENTE
POST => "MIRIAN" Data => "2012-06-25 15:46:57", Cadastrou o Cliente de vale 492408 => "INFORMAÇÕES CADASTRADAS => "11 => 32 => 23 => 0 => 0 => 25/06/2012 => 492408 => 204 => 2751 => 21/05/2012 => ALCIDES SANTOS EIRAS => 43593/199 => IGOR BENEDITO BORGES LISBOA DE CAMPOS => 24474110 => RUA: AZEVEDO LEMOS => 105 => CS 01 => ITAUNA => SÃO GONÇALO => RJ =>  =>  =>  => UMA RUA APOS A GARAGEM RIO ITA PROC SIMONE => 01 => 16419 => COZ. COMP ARAMOVEIS LILIAN PLUS BR/VD =>  =>  =>  =>  =>  =>  =>  =>  =>  =>  =>  =>  =>  =>  =>  =>  =>  =>  =>  =>  =>  =>  =>  =>  =>  =>  =>  =>  =>  =>  =>  =>  =>  =>  =>  =>  =>  =>  => "

-------------------------------
 
CADASTRO DE CLIENTE
POST => "MIRIAN" Data => "2012-06-25 15:54:20", Cadastrou o Cliente de vale 510197 => "INFORMAÇÕES CADASTRADAS => "11 => 16 => 14 => 0 => 0 => 23/06/2012 => 510197 => 238 => 67162 => 23/06/2012 => JOSIANE CLAUDINO NUNES => 539415/199 => SANDRA MARIA DA SILVA => 23042470 => RUA: SOLDADO FRANCISCO MALAFÁIA => 51 =>  => CAMPO GRANDE => RIO DE JANEIRO => RJ => 2415-4309 => 7365-3975 =>  => VIA ESTRA AGULHAS NEGRAS PROX AO COLEGIO SEIVA PURA E BRIZOLAO ANITA MALFATE PROC SANDRA => 01 => 100136 => COZINHA ITAT DAYANE BR =>  =>  =>  =>  =>  =>  =>  =>  =>  =>  =>  =>  =>  =>  =>  =>  =>  =>  =>  =>  =>  =>  =>  =>  =>  =>  =>  =>  =>  =>  =>  =>  =>  =>  =>  =>  =>  =>  => "

-------------------------------
 
CADASTRO DE CLIENTE
POST => "MIRIAN" Data => "2012-06-25 15:58:40", Cadastrou o Cliente de vale 452200 => "INFORMAÇÕES CADASTRADAS => "11 => 23 => 19 => 0 => 0 => 26/03/2012 => 452200 => 244 => 33362 => 26/03/2012 => DEBORA CUNHA  DAS NEVES => 516298/199 => MARIA ELIZABETH GIMENEZ => 26535330 => ESTRADA: GENERAL MENA BARRETO => 895 => CS 01 => CENTRO => NILÓPOLIS => RJ => 3762-9416 =>  =>  => PROX AO COLEGIO MEDICI PROC DONA NAIR => 01 => 140094 => G.ROUPA BERGAMO 5P LISBOA IMB/PTO =>  =>  =>  =>  =>  =>  =>  =>  =>  =>  =>  =>  =>  =>  =>  =>  =>  =>  =>  =>  =>  =>  =>  =>  =>  =>  =>  =>  =>  =>  =>  =>  =>  =>  =>  =>  =>  =>  => "

-------------------------------
 
ALTERAÇÃO DE CLIENTE
POST => "simone" Data => "2012-06-25 15:59:37", Alterou o Cliente de vale 484899 => "INFORMAÇÕES ALTERADAS => "1 => 3333 => 35 => 15 => 38 => 0 => 0 => 10/05/2012 => 484899 => 230 => 83603 => 10/05/2012 => ANDERSON DE LIMA BARBOSA => 485559 / 199 => MARIA JESUS CARVALHO DA NOBREGA => 23075450 => RUA:FRANCISCO DEOCLECIO DOS SANTOS => LT 43 => QD 19 => CAMPO GRANDE => RIO DE JANEIRO => RJ => 8509-1495 => 8644-3275 =>  => APOS O DEPOSITO DO GUARACAMP PROX A PRAÇA DO LETICIA 7 RUA ANTIGA. => ag 23/06 AUSENTE 23/06 E DIA 25/06/12, MONTADOR REAGENDOU PARA DIA 30/06/2012. => 1 => 9074 => COZINHA COMP COLOR ECLIPSE TOP PTO => 0 =>  => 0 =>  => 0 =>  => 0 =>  => 0 =>  => 0 =>  => 0 =>  => 0 =>  => 0 =>  => 0 =>  => 0 =>  => 0 =>  => 0 =>  => 0 =>  => 0 =>  => 0 =>  => 0 =>  => 0 =>  => 0 =>  => "

-------------------------------
 
ALTERAÇÃO DE CLIENTE
POST => "simone" Data => "2012-06-25 15:59:54", Alterou o Cliente de vale 484899 => "INFORMAÇÕES ALTERADAS => "1 => 3333 => 35 => 31 => 33 => 0 => 0 => 10/05/2012 => 484899 => 230 => 83603 => 10/05/2012 => ANDERSON DE LIMA BARBOSA => 485559 / 199 => MARIA JESUS CARVALHO DA NOBREGA => 23075450 => RUA:FRANCISCO DEOCLECIO DOS SANTOS => LT 43 => QD 19 => CAMPO GRANDE => RIO DE JANEIRO => RJ => 8509-1495 => 8644-3275 =>  => APOS O DEPOSITO DO GUARACAMP PROX A PRAÇA DO LETICIA 7 RUA ANTIGA. =>  AUSENTE 23/06 E DIA 25/06/12, MONTADOR REAGENDOU PARA DIA 30/06/2012. => 1 => 9074 => COZINHA COMP COLOR ECLIPSE TOP PTO => 0 =>  => 0 =>  => 0 =>  => 0 =>  => 0 =>  => 0 =>  => 0 =>  => 0 =>  => 0 =>  => 0 =>  => 0 =>  => 0 =>  => 0 =>  => 0 =>  => 0 =>  => 0 =>  => 0 =>  => 0 =>  => 0 =>  => "

-------------------------------
 
CADASTRO DE CLIENTE
POST => "MIRIAN" Data => "2012-06-25 16:03:39", Cadastrou o Cliente de vale 510734 => "INFORMAÇÕES CADASTRADAS => "11 => 30 => 17 => 0 => 0 => 25/06/2012 => 510734 => 208 => 36634 => 25/06/2012 => GILBERTO BHI DE OLIVEIRA => 4239/199 => MARIA DA PENHA ALVES DUTRA => 21330170 => RUA: BRUGES => 162 => CS07 => VILA VALQUEIRE => RIO DE JANEIRO => RJ =>  =>  =>  => GARAGEM BARRA  PROX AO COLEGIO SAO PEDRO TRANSVERSAL QUIRIM PROC DINA MARIA => 01 => 135479 => BALCAO C/T KIPLAC RENATA PLUS BR/PT =>  =>  =>  =>  =>  =>  =>  =>  =>  =>  =>  =>  =>  =>  =>  =>  =>  =>  =>  =>  =>  =>  =>  =>  =>  =>  =>  =>  =>  =>  =>  =>  =>  =>  =>  =>  =>  =>  => "

-------------------------------
 
CADASTRO DE CLIENTE
POST => "MIRIAN" Data => "2012-06-25 16:08:31", Cadastrou o Cliente de vale 510741 => "INFORMAÇÕES CADASTRADAS => "11 => 35 => 18 => 0 => 0 => 25/06/2012 => 510741 => 212 => 63740 => 25/06/2012 => JOSINIR LUIZ DE OLIVEIRA FERRE => 539107/199 => SUELI VIEIRA DA COSTA DA SILVA => 2600009 => RUA MARIA LUIZA => 31 =>  => NOVA AURORA => BELFORD ROXO => RJ => 3772-9128 =>  =>  => MORRO DA CAIXA DAGUA PROX A BARRACA DO SR ROMILDO  => 01 => 141552 => CJ SALA JANTAR ORTIZ VALENCIA 6C AMEN =>  =>  =>  =>  =>  =>  =>  =>  =>  =>  =>  =>  =>  =>  =>  =>  =>  =>  =>  =>  =>  =>  =>  =>  =>  =>  =>  =>  =>  =>  =>  =>  =>  =>  =>  =>  =>  =>  => "

-------------------------------
 
CADASTRO DE CLIENTE
POST => "MIRIAN" Data => "2012-06-25 16:16:05", Cadastrou o Cliente de vale 8074 => "INFORMAÇÕES CADASTRADAS => "11 => 22 => 17 => 0 => 0 => 25/06/2012 => 8074 => 179 => 8074 => 25/06/2012 => RONALDO BARBOSA DE MOURA => 33748/199 => ELISETE TEODORO DA SILVA DAS VIRGENS => 26185665 => RUA: TAVEIRA => 19 =>  => PARQUE VENEZA => BELFORD ROXO => RJ => 3134-0808 => 7602-5096 =>  => DEPOIS DO LOTE XV CHEGA NO VASCO PROX AO POSTINHO DE GASOLINA DO VASCO => 01 => 138036 => G.ROUPA ARAPLAC 3P BARC PLUS TB/BR =>  =>  =>  =>  =>  =>  =>  =>  =>  =>  =>  =>  =>  =>  =>  =>  =>  =>  =>  =>  =>  =>  =>  =>  =>  =>  =>  =>  =>  =>  =>  =>  =>  =>  =>  =>  =>  =>  => "

-------------------------------
 
CADASTRO DE CLIENTE
POST => "MIRIAN" Data => "2012-06-25 16:18:17", Cadastrou o Cliente de vale 510155 => "INFORMAÇÕES CADASTRADAS => "11 => 23 => 24 => 0 => 0 => 25/06/2012 => 510155 => 171 => 23805 => 23/06/2012 => PENHA ROSANA DA SILVA CAMPOS => 568211/s => LUZINETE CORREIA DOS SANTOS => 21725060 => RUA: MIRANGA => 70 =>  => REALENGO => RIO DE JANEIRO => RJ => 3337-1791 =>  =>  => PROX AO ANTIGO POSTO 200 AV BRASIL E FABRICA FERPAN => 01 => 98721 => MESA FRITZ 4C LEBLON BR/VD =>  =>  =>  =>  =>  =>  =>  =>  =>  =>  =>  =>  =>  =>  =>  =>  =>  =>  =>  =>  =>  =>  =>  =>  =>  =>  =>  =>  =>  =>  =>  =>  =>  =>  =>  =>  =>  =>  => "

-------------------------------
 
CADASTRO DE CLIENTE
POST => "MIRIAN" Data => "2012-06-25 16:25:07", Cadastrou o Cliente de vale 582204 => "INFORMAÇÕES CADASTRADAS => "11 => 22 => 28 => 0 => 2 => 25/06/2012 => 582204 => 241 => 582204 => 25/06/2012 =>  =>  => ELIANE BARBARA C R COSTA =>  => TRAVESSA XAVIR DOS PASSOS => 3 =>  => SANTA TERESA => RIO DE JANEIRO => RJ => 2265-2361 =>  =>  => EM FRENTE AO COLEGIO CEAT PED.3267 => 01 => 134822 => CAMA BOX  RECONFLEX ST D60 CM AUX =>  =>  =>  =>  =>  =>  =>  =>  =>  =>  =>  =>  =>  =>  =>  =>  =>  =>  =>  =>  =>  =>  =>  =>  =>  =>  =>  =>  =>  =>  =>  =>  =>  =>  =>  =>  =>  =>  => "

-------------------------------
 
CADASTRO DE CLIENTE
POST => "MIRIAN" Data => "2012-06-25 16:35:40", Cadastrou o Cliente de vale 493189 => "INFORMAÇÕES CADASTRADAS => "11 => 12 => 25 => 0 => 0 => 25/06/2012 => 493189 => 241 => 2774 => 22/05/2012 => JULIO CESAR VIEIRA SOARES => 44854/199 => MARIA ANGELICA FERREIRA DA SILVA => 22780808 => RUA: MAROLO => qd 74 =>  => CURICICA => RIO DE JANEIRO => RJ => 2225-3010 => 8437-1933 =>  => EM FRENTE AO COL QUEEN NO COND DE APTOS DE 2 ANADARES VERDE DE ESQUINA  => 01 => 135519 => TRELICHE TCIL VENUS BR =>  =>  =>  =>  =>  =>  =>  =>  =>  =>  =>  =>  =>  =>  =>  =>  =>  =>  =>  =>  =>  =>  =>  =>  =>  =>  =>  =>  =>  =>  =>  =>  =>  =>  =>  =>  =>  =>  => "

-------------------------------
 
CADASTRO DE CLIENTE
POST => "MIRIAN" Data => "2012-06-25 16:38:10", Cadastrou o Cliente de vale 575384 => "INFORMAÇÕES CADASTRADAS => "11 => 23 => 18 => 0 => 2 => 25/06/2012 => 575384 => 244 => 575384 => 25/06/2012 =>  =>  => JILSON ALVES DE SOUZA =>  => TRAVESSA ELZA  => 90 => CS 03 => CHATUBA  => MESQUITA => RJ => 2796-4164 => 9905-1056 =>  => TRAVESSA DEPOIS DA IGREJA UNIVERSAL PROC SALETE => 01 => 136216 => G.ROUPA MOVAL 6P PARIS TB/BR =>  =>  =>  =>  =>  =>  =>  =>  =>  =>  =>  =>  =>  =>  =>  =>  =>  =>  =>  =>  =>  =>  =>  =>  =>  =>  =>  =>  =>  =>  =>  =>  =>  =>  =>  =>  =>  =>  => "

-------------------------------
 
ALTERAÇÃO DE CLIENTE
POST => "simone" Data => "2012-06-25 16:41:43", Alterou o Cliente de vale 562308 => "INFORMAÇÕES ALTERADAS => "1 => 3910 => 35 => 40 => 5 => 0 => 2 => 24/05/2012 => 562308 => 230 => 562308 => 24/05/2012 =>  =>  => SOLANGE MARIA SOUZA CORREA DA PAIXAO =>  => RUA:TRINTA E NOVE => 171 =>  => PACIÊNCIA => RIO DE JANEIRO => RJ => 3354-0749 => 9889-0388 =>  => PEDIDO:84946 => 2 PORTAS QUE CAIRAM  E QUEBROU E UMA GAVETA ARRANHADA. => 1 => 138033 => G.ROUPA ARAPLAC 10P ATLAN PLUS TB/AM => 0 =>  => 0 =>  => 0 =>  => 0 =>  => 0 =>  => 0 =>  => 0 =>  => 0 =>  => 0 =>  => 0 =>  => 0 =>  => 0 =>  => 0 =>  => 0 =>  => 0 =>  => 0 =>  => 0 =>  => 0 =>  => 0 =>  => "

-------------------------------
 
CADASTRO DE CLIENTE
POST => "MIRIAN" Data => "2012-06-25 16:43:15", Cadastrou o Cliente de vale 493184 => "INFORMAÇÕES CADASTRADAS => "11 => 34 => 24 => 0 => 0 => 25/06/2012 => 493184 => 241 => 2774 => 22/05/2012 => JULIO CESAR VIEIRA SOARES => 44840/199 => MARIA ANGELICA FERREIRA DA SILVA => 22780808 => RUA: MAROLO => qd 74 => LT 04 AP 204 => CURICICA => RIO DE JANEIRO => RJ => 2225-3010 => 8437-1933 =>  => EM FRENTE AO COLQUEEN N OCOND DE APTOS DE 2 ANDARES VERDE DE ESQUINA  => 01 => 138033 => G.ROUPA ARAPLAC 10P ATLAN PLUS TB/AM =>  =>  =>  =>  =>  =>  =>  =>  =>  =>  =>  =>  =>  =>  =>  =>  =>  =>  =>  =>  =>  =>  =>  =>  =>  =>  =>  =>  =>  =>  =>  =>  =>  =>  =>  =>  =>  =>  => "

-------------------------------
 
ALTERAÇÃO DE CLIENTE
POST => "simone" Data => "2012-06-25 16:53:11", Alterou o Cliente de vale 505290 => "INFORMAÇÕES ALTERADAS => "1 => 4233 => 35 => 30 => 27 => 0 => 0 => 15/06/2012 => 505290 => 242 => 1039 => 14/06/2012 => MARCIO ANDRE COSTA USECKAS => 16724 => GRACIELE BEZERRA DUTRA =>  => PADRE JOSINO => 27 =>  => NOVA AURORA => BELFORD ROXO =>  =>  =>  =>  => PROX AO SITIO NDA MARISA E PROX AO ASILO ANTES DO FAROL PRO CLEIA MORA EM FRENTE QUEM RECEBERA MARIA DAS GRAÇAS => OBS:passado e-mail para o naec no dia 25/06/2012 solicitando o telefone. => 1 => 141552 => CJ SALA JANTAR ORTIZ VALENCIA 6C AMEN => 1 => 134892 => COZ ITAT CRIATIVA MAXII2VPTO => 0 =>  => 0 =>  => 0 =>  => 0 =>  => 0 =>  => 0 =>  => 0 =>  => 0 =>  => 0 =>  => 0 =>  => 0 =>  => 0 =>  => 0 =>  => 0 =>  => 0 =>  => 0 =>  => 0 =>  => 0 =>  => "

-------------------------------
 
ALTERAÇÃO DE CLIENTE
POST => "MIRIAN" Data => "2012-06-25 17:03:45", Alterou o Cliente de vale 509875 => "INFORMAÇÕES ALTERADAS => "1 => 4295 => 11 => 7 => 19 => 0 => 1 => 22/06/2012 => 509875 => 245 => 42126 => 22/06/2012 => JORGE MAURICIO RDRIGUES DA CO => 533973/199 => GEDENIRA MOTA CHARLES => 22773090 => PRAÇA PERES => CS07 =>  => CIDADE DE DEUS => RIO DE JANEIRO => RJ => 3585-6535 => 9308-8967 =>  => PRAÇA DO LAZER E ESCOLS LEILA DE CARVALHO => Agendado p/26/06/12,passado email p/Camila acompanhar.Mirian => 1 => 136654 => BALCAO C/T TELASUL CRISTAL BR => 1 => 136651 => COZINHA TELASSUL CRISTAL 80123 BR => 0 =>  => 0 =>  => 0 =>  => 0 =>  => 0 =>  => 0 =>  => 0 =>  => 0 =>  => 0 =>  => 0 =>  => 0 =>  => 0 =>  => 0 =>  => 0 =>  => 0 =>  => 0 =>  => 0 =>  => 0 =>  => "

-------------------------------
 
CADASTRO DE CLIENTE
POST => "MIRIAN" Data => "2012-06-25 17:06:52", Cadastrou o Cliente de vale 467257 => "INFORMAÇÕES CADASTRADAS => "11 => 25 => 19 => 0 => 0 => 25/06/2012 => 467257 => 243 => 241 => 11/04/2012 => ANDREWS DE OLIVEIRA NEY => 3665/199 => MARIA CLOTILDES DIAS GUIMARAES => 26282260 => RUA: FREDERICO => 2 => CS  => JARDIM IGUAÇU => NOVA IGUAÇU => RJ => 2696-4729 =>  =>  =>  => 01 => 508 => CAB BOX GELIUS PUMA TB/BR/MP 1.40 =>  =>  =>  =>  =>  =>  =>  =>  =>  =>  =>  =>  =>  =>  =>  =>  =>  =>  =>  =>  =>  =>  =>  =>  =>  =>  =>  =>  =>  =>  =>  =>  =>  =>  =>  =>  =>  =>  => "

-------------------------------
 
ALTERAÇÃO DE CLIENTE
POST => "camila" Data => "2012-06-25 17:09:31", Alterou o Cliente de vale 456484 => "INFORMAÇÕES ALTERADAS => "1 => 2390 => 6 => 27 => 22 => 0 => 2 => 10/04/2012 => 456484 => 170 => 456484 => 09/04/2012 =>  =>  => SIMONE G XAVIER =>  => RUA DOUTOR BERNARDINO => 861 => CS 01 => PRAÇA SECA => RIO DE JANEIRO => RJ => 3123-6878 => 7286-0846 =>  => EM FRENTE A IGREJA ASSEMBLEIA DE DEUS..Derrepente ele va lá hoje dia 23-05-12 Camila => OBS: LIGUEI P/ A CLIENTE MAIS QUEM ATENDEU FOI A EMPREGADA E PASSOU O TEL DA CLIENTE. CEL 7286-0846.AGENDADO P/DIA 17/5/2012 MARCELO ALEXANDRE,FICHA COM MARCOS ANTONIO. => 1 => 141552 => CJ SALA JANTAR ORTIZ VALENCIA 6C AMEN => 0 =>  => 0 =>  => 0 =>  => 0 =>  => 0 =>  => 0 =>  => 0 =>  => 0 =>  => 0 =>  => 0 =>  => 0 =>  => 0 =>  => 0 =>  => 0 =>  => 0 =>  => 0 =>  => 0 =>  => 0 =>  => 0 =>  => "

-------------------------------
 
CADASTRO DE CLIENTE
POST => "MIRIAN" Data => "2012-06-25 17:09:41", Cadastrou o Cliente de vale 510988 => "INFORMAÇÕES CADASTRADAS => "11 => 18 => 15 => 0 => 0 => 25/06/2012 => 510988 => 213 => 64411 => 25/06/2012 => ANA PAULA TEIXEIRA BASTOS => 530067/199 => CLAUDIO BISPO  => 25915000 => RUA ANSELMO DUARTE => lt 11 => QD 18 => PARQUE DOS ARTISTAS => MAGE => RJ => 7516-8073 =>  =>  => NO CAMPO DO BOQUINHA PROC LUCIANA OU SENHOR AUGUSTO => 01 => 134933 => ESTANTE CAEMMUN CLEAN TB/BR/MP =>  =>  =>  =>  =>  =>  =>  =>  =>  =>  =>  =>  =>  =>  =>  =>  =>  =>  =>  =>  =>  =>  =>  =>  =>  =>  =>  =>  =>  =>  =>  =>  =>  =>  =>  =>  =>  =>  => "

-------------------------------
