 
ALTERAÇÃO DE CLIENTE
POST => "ANNE" Data => "2012-07-04 10:08:11", Alterou o Cliente de vale 524458 => "INFORMAÇÕES ALTERADAS => "1 => 3506 => 18 => 27 => 9 => 0 => 2 => 12/05/2012 => 524458 => 178 => 524458 => 11/05/2012 =>  =>  => PAULA MAGALY PEREIRA EVANGELISTA DUARTE =>  => RUA ZILMAR MARIA COSTA AUGUSTO => 350 => CASA 01 FDS => BOA VISTA II => BARRA MANSA => RJ => 3320-1216 =>  =>  => RUA DO MERCADO CHAVE DE OURO DE OURO. => FEITO PEDIDO DE PEÇA 04/07! => 1 => 136654 => BALCAO C/T TELASUL CRISTAL BR => 0 =>  => 0 =>  => 0 =>  => 0 =>  => 0 =>  => 0 =>  => 0 =>  => 0 =>  => 0 =>  => 0 =>  => 0 =>  => 0 =>  => 0 =>  => 0 =>  => 0 =>  => 0 =>  => 0 =>  => 0 =>  => 0 =>  => "

-------------------------------
 
ALTERAÇÃO DE CLIENTE
POST => "ANNE" Data => "2012-07-04 10:14:23", Alterou o Cliente de vale 555550 => "INFORMAÇÕES ALTERADAS => "1 => 3746 => 18 => 20 => 15 => 0 => 2 => 11/05/2012 => 555550 => 178 => 555550 => 11/05/2012 =>  =>  => IRACI  ALVES  FEITOSA =>  => PARACAMBI => 39 =>  => SIDERLANDIA => VOLTA REDONDA => RJ => 3337-6276 => 9943-0734 =>  =>  => FEITO PEDIDO DE PEÇA NO DIA 04/07! => 1 => 100136 => COZINHA ITAT DAYANE BR => 0 =>  => 0 =>  => 0 =>  => 0 =>  => 0 =>  => 0 =>  => 0 =>  => 0 =>  => 0 =>  => 0 =>  => 0 =>  => 0 =>  => 0 =>  => 0 =>  => 0 =>  => 0 =>  => 0 =>  => 0 =>  => 0 =>  => "

-------------------------------
 
ALTERAÇÃO DE CLIENTE
POST => "simone" Data => "2012-07-04 10:30:45", Alterou o Cliente de vale 551629 => "INFORMAÇÕES ALTERADAS => "1 => 3326 => 35 => 15 => 4 => 0 => 2 => 10/05/2012 => 551629 => 265 => 551629 => 10/05/2012 =>  =>  => FABIANA DE OLIVEIRA =>  => JAPOBIM => 260 => CASA => PARADA DE LUCAS => RIO DE JANEIRO => RJ => 7850-3984 => 7403-8409 =>  =>  => AGENDADO P/DIA 15/06/2012 COM SERGIO LEMOS.CLIENTE AUSENTE , TEL DE OUTRA PESSOA.PASSEI E-MAIL PARA O NAEC NO DIA 22/06/2012 SOLICITANDO OUTRO TEL => 1 => 140391 => G.ROUPA ARAPLAC 8P AUSTRIA TB/BR => 0 =>  => 0 =>  => 0 =>  => 0 =>  => 0 =>  => 0 =>  => 0 =>  => 0 =>  => 0 =>  => 0 =>  => 0 =>  => 0 =>  => 0 =>  => 0 =>  => 0 =>  => 0 =>  => 0 =>  => 0 =>  => 0 =>  => "

-------------------------------
 
ALTERAÇÃO DE CLIENTE
POST => "simone" Data => "2012-07-04 10:35:39", Alterou o Cliente de vale 551629 => "INFORMAÇÕES ALTERADAS => "1 => 3326 => 35 => 6 => 19 => 0 => 2 => 10/05/2012 => 551629 => 265 => 551629 => 10/05/2012 =>  =>  => FABIANA DE OLIVEIRA =>  => JAPOBIM => 260 => CASA => PARADA DE LUCAS => RIO DE JANEIRO => RJ => 7850-3984 => 7403-8409 =>  =>  => OBS: Passei e-mail para o naec no dia 04/07/2012 solicitando outro telefone!, liguei para cliente mas os dois telefones não atende. => 1 => 140391 => G.ROUPA ARAPLAC 8P AUSTRIA TB/BR => 0 =>  => 0 =>  => 0 =>  => 0 =>  => 0 =>  => 0 =>  => 0 =>  => 0 =>  => 0 =>  => 0 =>  => 0 =>  => 0 =>  => 0 =>  => 0 =>  => 0 =>  => 0 =>  => 0 =>  => 0 =>  => 0 =>  => "

-------------------------------
 
ALTERAÇÃO DE CLIENTE
POST => "ANNE" Data => "2012-07-04 10:36:41", Alterou o Cliente de vale 555649 => "INFORMAÇÕES ALTERADAS => "1 => 3749 => 18 => 31 => 19 => 0 => 2 => 11/05/2012 => 555649 => 169 => 555649 => 10/05/2012 =>  =>  => WILLIAN TEIXEIRA DO CARMO =>  => AVENIDA MARECHAL FONTELE => 4784 => RUA03 CS 101 => JARDIM SULACAP => RIO DE JANEIRO => RJ => 9443-4806 =>  =>  => PROX AO MERCADO PREZUNIC CASA  => AGEND:QUINTA 28/06 LUCIANA // agendado 27/06/12 alex oliveira vai atender.E-MAIL COM LAUDO SOLICITANDO A TROCA DO PRODUTO ENVIADO NO DIA 04/07,POIS AS PEÇAS ESTÃO AMASSADAS FUNDO/LATERAIS/PRATELEIRAS/PORTAS,PRODUTO ESTÁ NA EMBALAGEM. => 1 => 8080 => ARM.COLOR.MARYAH APB1PV BR => 0 =>  => 0 =>  => 0 =>  => 0 =>  => 0 =>  => 0 =>  => 0 =>  => 0 =>  => 0 =>  => 0 =>  => 0 =>  => 0 =>  => 0 =>  => 0 =>  => 0 =>  => 0 =>  => 0 =>  => 0 =>  => 0 =>  => "

-------------------------------
 
ALTERAÇÃO DE CLIENTE
POST => "marta" Data => "2012-07-04 11:31:17", Alterou o Cliente de vale 512421 => "INFORMAÇÕES ALTERADAS => "1 => 4345 => 22 => 44 => 27 => 0 => 0 => 28/06/2012 => 512421 => 247 => 28042 => 27/06/2012 => WALTER DE SOUSA MANHAES => 539683/199 => SONIA RODRIGUES DO NASCIMENTO => 24451145 => RUA: FIRMINO DE OLIVEIRA => 246 =>  => COLUBANDE => SÃO GONÇALO => RJ => 2604-8882 => 9361-0945 =>  => ENTRAR NA RUA DO BAR DO PEIXE 1 RUA A DIRET FINAL DA RUA PROC ANA PAULA => AGENDADO P/DIA 5/07/2012 => 1 => 100136 => COZINHA ITAT DAYANE BR => 0 =>  => 0 =>  => 0 =>  => 0 =>  => 0 =>  => 0 =>  => 0 =>  => 0 =>  => 0 =>  => 0 =>  => 0 =>  => 0 =>  => 0 =>  => 0 =>  => 0 =>  => 0 =>  => 0 =>  => 0 =>  => 0 =>  => "

-------------------------------
 
CADASTRO DE CLIENTE
POST => "marta" Data => "2012-07-04 11:41:18", Cadastrou o Cliente de vale 354104 => "INFORMAÇÕES CADASTRADAS => "22 => 31 => 19 => 0 => 0 => 04/07/2012 => 354104 => 180 => 37663 => 10/12/2011 => AGNALDO FONSECA MOREIRA  => 400814 => LENILDA DA SILVA PEREIRA =>  => LONDRINA  => 80 =>  => JARDIM PERNAMBUCO => NOVA IGUAÇU =>  => 3103-9597 =>  =>  => PONTO FINAL DO ONIBUS EVANIL COMENDADOR SOARES => 1 => 8981 => G. ROUPA MOVAL 6P40065 COL PLUS TB/M =>  =>  =>  =>  =>  =>  =>  =>  =>  =>  =>  =>  =>  =>  =>  =>  =>  =>  =>  =>  =>  =>  =>  =>  =>  =>  =>  =>  =>  =>  =>  =>  =>  =>  =>  =>  =>  =>  => "

-------------------------------
 
ALTERAÇÃO DE CLIENTE
POST => "ANNE" Data => "2012-07-04 11:46:07", Alterou o Cliente de vale 546660 => "INFORMAÇÕES ALTERADAS => "1 => 4403 => 18 => 27 => 16 => 0 => 2 => 28/06/2012 => 546660 => 169 => 546660 => 27/06/2012 =>  =>  => CRISTIANE SILVA DE MOURA =>  => RUA ITAPIRU => 573 => CS 13 N 101 => CATUMBI => RIO DE JANEIRO => RJ => 8830-9579 =>  =>  => PROX AO MERCADO PREZUNIC PROC ENTR SRA DALVA FICA NUMA VILA DE CASASV PED.14 => AGENDADO PARA 05/07 ANNE,CONFIRMADO COM CLIENTE. => 1 => 8323 => RACK SOMOPAR 20000 TB/MP => 1 => 141552 => CJ SALA JANTAR ORTIZ VALENCIA 6C AMEN => 0 =>  => 0 =>  => 0 =>  => 0 =>  => 0 =>  => 0 =>  => 0 =>  => 0 =>  => 0 =>  => 0 =>  => 0 =>  => 0 =>  => 0 =>  => 0 =>  => 0 =>  => 0 =>  => 0 =>  => 0 =>  => "

-------------------------------
 
ALTERAÇÃO DE CLIENTE
POST => "ANNE" Data => "2012-07-04 12:12:07", Alterou o Cliente de vale 562467 => "INFORMAÇÕES ALTERADAS => "1 => 3429 => 18 => 20 => 20 => 0 => 2 => 12/05/2012 => 562467 => RE => 562467 => 11/05/2012 =>  =>  => CREUCI VIEIRA DA SILVA  =>  => ANIBAL BENEVOLO => 4 => CASA => FIGUEIRAS CHACARAS RIO PETROPOLIS => DUQUE DE CAXIAS =>  => 3656-3514 => 7293-2153 =>  => PERTO DA BARRACA DO CHICO NO FINAL DA ANIBAL BENEVOLO PROC CREUCI PASSEI E-MAIL PARA O NAEC DIA 5/6 PARA AMARILDA E WAGNER LUCIANA  => E-MAIL COM UM NOVO COM LAUDO CORRETO ENVIADO NO DIA 03/07,POIS IGOR PASSOU POR E-MAIL A DESMONTAGEM REFERENTE A ESTE CLIENTE,POIS BEM,PRODUTO JÁ ESTA DESMONTADO SÓ AGUARDANDO A RETIRADA DO PRODUTO. => 1 => 5728 => MESA GRANITO AUSTRALIA 6C RET OURO => 0 =>  => 0 =>  => 0 =>  => 0 =>  => 0 =>  => 0 =>  => 0 =>  => 0 =>  => 0 =>  => 0 =>  => 0 =>  => 0 =>  => 0 =>  => 0 =>  => 0 =>  => 0 =>  => 0 =>  => 0 =>  => 0 =>  => "

-------------------------------
 
CADASTRO DE CLIENTE
POST => "MIRIAN" Data => "2012-07-04 13:10:10", Cadastrou o Cliente de vale 506714 => "INFORMAÇÕES CADASTRADAS => "11 => 11 => 7 => 0 => 0 => 04/07/2012 => 506714 => 179 => 18305 => 18/06/2012 => CLEBER CAMPISTA DA FONSECA => 66605/199 => MARIA DA PAZ JERONIMO DA SILVA => 25040160 => AVENIDA: GOMES FREIRE => 20 =>  => VILA SANTO ANTÔNIO => DUQUE DE CAXIAS => RJ =>  =>  =>  => PROX COLEGIO SOLZINHO => 01 => 139760 => ARM. COLOR CLASS.SL 2P4G BAL C/T =>  =>  =>  =>  =>  =>  =>  =>  =>  =>  =>  =>  =>  =>  =>  =>  =>  =>  =>  =>  =>  =>  =>  =>  =>  =>  =>  =>  =>  =>  =>  =>  =>  =>  =>  =>  =>  =>  => "

-------------------------------
 
ALTERAÇÃO DE CLIENTE
POST => "simone" Data => "2012-07-04 14:05:42", Alterou o Cliente de vale 490675 => "INFORMAÇÕES ALTERADAS => "1 => 4237 => 35 => 45 => 31 => 0 => 0 => 15/06/2012 => 490675 => 237 => 3548 => 18/05/2012 => FLAVIO MONTE DA SILVA => 41980/199 => CRISTIANE SILVA SANTOS => 23094140 => RUA: IVAN PESSOA => 730 => CS 16 => SANTÍSSIMO => RIO DE JANEIRO => RJ => 3469-2438 =>  =>  => RU PROJETADA A PELA ESTRADA DA POSSE ENTRAR NARUA IVAN PESSOA 730. =>  => 1 => 6069 => BALCAO C/T ARAMOVEIS LILIAN VD/BR => 1 => 134898 => COZ COMP ARAMOVEIS LILIAN PLUS  BR/PT => 0 =>  => 0 =>  => 0 =>  => 0 =>  => 0 =>  => 0 =>  => 0 =>  => 0 =>  => 0 =>  => 0 =>  => 0 =>  => 0 =>  => 0 =>  => 0 =>  => 0 =>  => 0 =>  => 0 =>  => 0 =>  => "

-------------------------------
 
ALTERAÇÃO DE CLIENTE
POST => "simone" Data => "2012-07-04 14:31:23", Alterou o Cliente de vale 520004 => "INFORMAÇÕES ALTERADAS => "1 => 4284 => 35 => 43 => 10 => 0 => 2 => 22/06/2012 => 520004 => 217 => 520004 => 22/06/2012 =>  =>  => CLEIDE GOMES MACHADO =>  => ESTRADA JOAO MELO => 400 => AP 201 BL07 => CAMPO GRANDE => RIO DE JANEIRO => RJ =>  =>  =>  => ESTRADA DO MEDANHA  PROX AO RADAROU SINAL DE 50KL => TEL : 9785-8638/8441-7565
 => 1 => 141552 => CJ SALA JANTAR ORTIZ VALENCIA 6C AMEN => 0 =>  => 0 =>  => 0 =>  => 0 =>  => 0 =>  => 0 =>  => 0 =>  => 0 =>  => 0 =>  => 0 =>  => 0 =>  => 0 =>  => 0 =>  => 0 =>  => 0 =>  => 0 =>  => 0 =>  => 0 =>  => 0 =>  => "

-------------------------------
 
CADASTRO DE CLIENTE
POST => "MIRIAN" Data => "2012-07-04 14:31:33", Cadastrou o Cliente de vale 517262 => "INFORMAÇÕES CADASTRADAS => "11 => 15 => 14 => 0 => 0 => 04/07/2012 => 517262 => 212 => 65329 => 04/07/2012 => JOSINIR LUIZ DE OLIVEIRA FERRE => 539294/199 => TATIENE RITA BARBOSA DE OLIVEIRA => 26113770 => RUA: PORTO VELHO => 1129 =>  => VILAR NOVO => BELFORD ROXO => RJ => 2661-7269 =>  =>  => PROXA BARRACA DO VALTER E PRAÇA SANTAREM  => 01 => 100136 => COZINHA ITAT DAYANE BR =>  =>  =>  =>  =>  =>  =>  =>  =>  =>  =>  =>  =>  =>  =>  =>  =>  =>  =>  =>  =>  =>  =>  =>  =>  =>  =>  =>  =>  =>  =>  =>  =>  =>  =>  =>  =>  =>  => "

-------------------------------
 
CADASTRO DE CLIENTE
POST => "MIRIAN" Data => "2012-07-04 14:38:45", Cadastrou o Cliente de vale 517246 => "INFORMAÇÕES CADASTRADAS => "11 => 8 => 9 => 0 => 1 => 04/07/2012 => 517246 => 179 => 155380 => 04/07/2012 => CAMILA PEREIRA DE OLIVEIRA => 461014/199 => SELMA CRISTINA DE MACEDO => 25030040 => RUA: DOUTOR OTÁVIO ASCOLI => 984 =>  => VILA CENTENÁRIO => DUQUE DE CAXIAS => RJ =>  =>  =>  => PROX A LANCHONETE DO ANDRE AO LADO DO DEPOSITO DE GAS DO JORGE PEZAO => 01 => 138066 => G.ROUPA ARAPLAC 12P DAKAR PLUS TB/AM =>  =>  =>  =>  =>  =>  =>  =>  =>  =>  =>  =>  =>  =>  =>  =>  =>  =>  =>  =>  =>  =>  =>  =>  =>  =>  =>  =>  =>  =>  =>  =>  =>  =>  =>  =>  =>  =>  => "

-------------------------------
 
ALTERAÇÃO DE CLIENTE
POST => "marta" Data => "2012-07-04 14:39:23", Alterou o Cliente de vale 509979 => "INFORMAÇÕES ALTERADAS => "1 => 4296 => 22 => 27 => 30 => 0 => 0 => 21/06/2012 => 509979 => 249 => 30129 => 22/06/2012 => ALEXANDRA DE ALMEIDA VARGAS => 49933 => CRISTIANE MATOS GOMES => 24716100 => RUA: HERMINIO BORGES NOGUEIRA => 7 => QD214 => JARDIM CATARINA => SÃO GONÇALO => RJ => 2702-0162 => 7393-2107 => 67042241 => NA RUA 39 EM FRENTE A BR ESQUINA DO MERCADO BAIXINHO PROC CRISTIANE 94546927 =>  => 1 => 135575 => COMODA BP DUBAY 4G BR/PTO => 0 =>  => 0 =>  => 0 =>  => 0 =>  => 0 =>  => 0 =>  => 0 =>  => 0 =>  => 0 =>  => 0 =>  => 0 =>  => 0 =>  => 0 =>  => 0 =>  => 0 =>  => 0 =>  => 0 =>  => 0 =>  => 0 =>  => "

-------------------------------
 
ALTERAÇÃO DE CLIENTE
POST => "marta" Data => "2012-07-04 14:44:30", Alterou o Cliente de vale 492408 => "INFORMAÇÕES ALTERADAS => "1 => 4305 => 22 => 29 => 27 => 0 => 0 => 25/06/2012 => 492408 => 204 => 2751 => 21/05/2012 => ALCIDES SANTOS EIRAS => 43593/199 => IGOR BENEDITO BORGES LISBOA DE CAMPOS => 24474110 => RUA: AZEVEDO LEMOS => 105 => CS 01 => ITAUNA => SÃO GONÇALO => RJ => 9367-2333 => 3909-6002 =>  => UMA RUA APOS A GARAGEM RIO ITA PROC SIMONE => Vai ser feito até dia 07/07/2012 sábado => 1 => 16419 => COZ. COMP ARAMOVEIS LILIAN PLUS BR/VD => 0 =>  => 0 =>  => 0 =>  => 0 =>  => 0 =>  => 0 =>  => 0 =>  => 0 =>  => 0 =>  => 0 =>  => 0 =>  => 0 =>  => 0 =>  => 0 =>  => 0 =>  => 0 =>  => 0 =>  => 0 =>  => 0 =>  => "

-------------------------------
 
CADASTRO DE CLIENTE
POST => "MIRIAN" Data => "2012-07-04 16:04:16", Cadastrou o Cliente de vale 452390 => "INFORMAÇÕES CADASTRADAS => "11 => 28 => 10 => 0 => 0 => 04/07/2012 => 452390 => 177 => 32575 => 26/03/2012 => SERGIO DEL BIANCO => 516993/199 => EDCLEIDE DE ASSIS BARBOSA => 20551230 => RUA: SENADOR NABUCO => 480 => CS 01 => VILA ISABEL => RIO DE JANEIRO => RJ => 2258-7762 => 8664-1902 =>  => RUA AO LADO DA DELEGACIA E ANTIGO JD ZOO => 01 => 135481 => COZ KIPLAC RENATA PLUS BR/PTO =>  =>  =>  =>  =>  =>  =>  =>  =>  =>  =>  =>  =>  =>  =>  =>  =>  =>  =>  =>  =>  =>  =>  =>  =>  =>  =>  =>  =>  =>  =>  =>  =>  =>  =>  =>  =>  =>  => "

-------------------------------
 
CADASTRO DE CLIENTE
POST => "ANNE" Data => "2012-07-04 16:46:42", Cadastrou o Cliente de vale 516518 => "INFORMAÇÕES CADASTRADAS => "18 => 21 => 21 => 0 => 0 => 04/07/2012 => 516518 => 246 => 24289 => 03/07/2012 => MOISES SILVA PIRES => 585/199 => HELIO GUIMARAES BARBOSA =>  => RUA PRINCIPAL  RUA  UM  => 95 => CASA 02 ANDAR => ROCINHA => RIO DE JANEIRO => RJ => 3204-7211 =>  =>  => PX A PADARIA NA CASA DO BARAO,SRA HELOA. => 01 => 135586 => CAMA CS BP DUBAY TB/BR/MP =>  =>  =>  =>  =>  =>  =>  =>  =>  =>  =>  =>  =>  =>  =>  =>  =>  =>  =>  =>  =>  =>  =>  =>  =>  =>  =>  =>  =>  =>  =>  =>  =>  =>  =>  =>  =>  =>  => "

-------------------------------
 
CADASTRO DE CLIENTE
POST => "ANNE" Data => "2012-07-04 16:48:58", Cadastrou o Cliente de vale 516519 => "INFORMAÇÕES CADASTRADAS => "18 => 18 => 16 => 0 => 0 => 04/07/2012 => 516519 => 246 => 24289 => 03/07/2012 => MOISES SILVA PIRES => 598/199 => HELLOA GUIMARAES BARBOSA  =>  => RUA PRINCIPAL RUA UM CASA  => 02 ANDAR =>  => ROCINHA => RIO DE JANEIRO => RJ => 3204-7211 =>  =>  => PX A PADARIA NA CASA DO BARAO, SRA HELOA OU SRA SOLANGE. => 01 => 8981 => G. ROUPA MOVAL 6P40065 COL PLUS TB/M =>  =>  =>  =>  =>  =>  =>  =>  =>  =>  =>  =>  =>  =>  =>  =>  =>  =>  =>  =>  =>  =>  =>  =>  =>  =>  =>  =>  =>  =>  =>  =>  =>  =>  =>  =>  =>  =>  => "

-------------------------------
 
CADASTRO DE CLIENTE
POST => "ANNE" Data => "2012-07-04 16:51:28", Cadastrou o Cliente de vale 506707 => "INFORMAÇÕES CADASTRADAS => "18 => 24 => 22 => 0 => 0 => 04/07/2012 => 506707 => 230 => 7089 => 18/06/2012 => VANDA GOMES => 66367/199 => CASSIO S COSTA =>  => RUA SEBASTIAO CARLOS DA SILVA (CONJ MANGUARIBA) => 79 => CASA 01  => PACIENCIA => RIO DE JANEIRO => RJ => 2418-8221 => 9473-9473 =>  => ANTIGA RUA DEZENOVE,EM FRENTE A PRAÇA,NO FINAL DA EST DO CAMPINHO. => 01 => 141516 => GR KAPP 6P3G FENIX BR/PTO => 01 => 8358 => ESCRIVANINHA JB BECHARA 6000 AM/PTO =>  =>  =>  =>  =>  =>  =>  =>  =>  =>  =>  =>  =>  =>  =>  =>  =>  =>  =>  =>  =>  =>  =>  =>  =>  =>  =>  =>  =>  =>  =>  =>  =>  =>  =>  =>  => "

-------------------------------
 
ALTERAÇÃO DE CLIENTE
POST => "MIRIAN" Data => "2012-07-04 17:08:50", Alterou o Cliente de vale 510286 => "INFORMAÇÕES ALTERADAS => "1 => 4385 => 11 => 33 => 19 => 0 => 1 => 28/06/2012 => 510286 => 180 => 510286 => 23/06/2012 => GREICE CORREA DA SILVA => 519350 => JACQUELINE COSTA DE ARAUJO SANTOS =>  => PROFESSOR EDUARDO VIANA => 898 => CASA => ANDRADE ARAUJO => NOVA IGUAÇU =>  => 9224-8675 =>  =>  => PROX AO COLEGIO PAULO TARSO CLIENTE CIENTE DO PRE 29 DO 02 =>  => 1 => 135481 => COZ KIPLAC RENATA PLUS BR/PTO => 0 =>  => 0 =>  => 0 =>  => 0 =>  => 0 =>  => 0 =>  => 0 =>  => 0 =>  => 0 =>  => 0 =>  => 0 =>  => 0 =>  => 0 =>  => 0 =>  => 0 =>  => 0 =>  => 0 =>  => 0 =>  => 0 =>  => "

-------------------------------
