 
ALTERAÇÃO DE CLIENTE
POST => "luciana" Data => "2012-08-01 09:15:21", Alterou o Cliente de vale 429520 => "INFORMAÇÕES ALTERADAS => "1 => 4785 => 5 => 29 => 11 => 0 => 0 => 24/07/2012 => 429520 => 280 => 4255 => 27/02/2012 => FABIO DAMINGOS VIEIRA TERRS => 499941 => FABIO ALVES DOS SANTOS => 21670410 => RUA: MATIOLA => 65 => APT 203 => GUADALUPE => RIO DE JANEIRO => RJ =>  =>  =>  => AGEND: SABADO 28/7 O MONTADOR AGENDOU COM O CLIENTE PARA QUINTA 2/8 LUCIANA  =>  => 1 => 140391 => G.ROUPA ARAPLAC 8P AUSTRIA TB/BR => 0 =>  => 0 =>  => 0 =>  => 0 =>  => 0 =>  => 0 =>  => 0 =>  => 0 =>  => 0 =>  => 0 =>  => 0 =>  => 0 =>  => 0 =>  => 0 =>  => 0 =>  => 0 =>  => 0 =>  => 0 =>  => 0 =>  => "

-------------------------------
 
ALTERAÇÃO DE CLIENTE
POST => "MIRIAN" Data => "2012-08-01 09:39:46", Alterou o Cliente de vale 385161 => "INFORMAÇÕES ALTERADAS => "1 => 19 => 11 => 11 => 22 => 0 => 0 => 28/02/2012 => 385161 => 169 => 85242 => 28/02/2012 =>  =>  => RAUL VITOR DA SILVA MATOS =>  => SENADOR VERGUEIRO => 250 => 1104 => FLAMENGO => RIO DE JANEIRO =>  => 8089-0893 =>  =>  => FICA PROX AO FORNALHA E PRAIA DE BOTAFOGO PELA MANHA.FATURAMENTO DA NOTA 10/01/2012 => OBS: CLIENTE AUSENTE NO DIA 19/07/12 , PORTEIRO VALDECIR,  PREDIO MARRON E BRANCO, CLIENTE QUER A TROCA.LIGUEI NO DIA 24/07 PARA CLIENTE ,MAS SEM SUCESSO.ag com cliente p/01/08/12 as 14hs. => 1 => 140338 => G ROUPA FRITZ 3P MILAO AMEN/PTO => 0 =>  => 0 =>  => 0 =>  => 0 =>  => 0 =>  => 0 =>  => 0 =>  => 0 =>  => 0 =>  => 0 =>  => 0 =>  => 0 =>  => 0 =>  => 0 =>  => 0 =>  => 0 =>  => 0 =>  => 0 =>  => 0 =>  => "

-------------------------------
 
ALTERAÇÃO DE CLIENTE
POST => "luciana" Data => "2012-08-01 09:39:51", Alterou o Cliente de vale 546660 => "INFORMAÇÕES ALTERADAS => "1 => 4403 => 5 => 13 => 30 => 0 => 2 => 28/06/2012 => 546660 => 169 => 546660 => 27/06/2012 =>  =>  => CRISTIANE SILVA DE MOURA =>  => RUA ITAPIRU => 573 => CS 13 N 101 => CATUMBI => RIO DE JANEIRO => RJ => 8830-9579 =>  =>  => PROX AO MERCADO PREZUNIC PROC ENTR SRA DALVA FICA NUMA VILA DE CASASV PED.14  LAUDO PASSADO DIA 1/8 LUCIANA  => AGENDADO PARA 05/07 ANNE,CONFIRMADO COM CLIENTE.  1 TAMPO AS POTAS DO BUFFET MOLDURA  => 1 => 8323 => RACK SOMOPAR 20000 TB/MP => 1 => 141552 => CJ SALA JANTAR ORTIZ VALENCIA 6C AMEN => 0 =>  => 0 =>  => 0 =>  => 0 =>  => 0 =>  => 0 =>  => 0 =>  => 0 =>  => 0 =>  => 0 =>  => 0 =>  => 0 =>  => 0 =>  => 0 =>  => 0 =>  => 0 =>  => 0 =>  => 0 =>  => "

-------------------------------
 
ALTERAÇÃO DE CLIENTE
POST => "MIRIAN" Data => "2012-08-01 10:11:13", Alterou o Cliente de vale 421698 => "INFORMAÇÕES ALTERADAS => "1 => 254 => 11 => 11 => 2 => 2 => 0 => 01/03/2012 => 421698 => 175 => 32698 => 15/02/2012 =>  =>  => CORDELIA FIALHO DA SILVA => 20540003 => RUA: BARÃO DE MESQUITA => 314 => BL 02 AP 1304 => TIJUCA => RIO DE JANEIRO => RJ => 2567-9870 => 3350-8296 =>  =>  =>  => 1 => 136543 => COZINHA  LUCIANE DAKAR CHAMP/NOG => 0 =>  => 0 =>  => 0 =>  => 0 =>  => 0 =>  => 0 =>  => 0 =>  => 0 =>  => 0 =>  => 0 =>  => 0 =>  => 0 =>  => 0 =>  => 0 =>  => 0 =>  => 0 =>  => 0 =>  => 0 =>  => 0 =>  => "

-------------------------------
 
ALTERAÇÃO DE CLIENTE
POST => "luciana" Data => "2012-08-01 10:13:41", Alterou o Cliente de vale 534448 => "INFORMAÇÕES ALTERADAS => "1 => 4782 => 5 => 46 => 3 => 0 => 2 => 24/07/2012 => 534448 => RE => 534448 => 23/07/2012 =>  =>  => JAQUELINE DE PIZO =>  => SAQUAREMA => 71 => CASA => SANTO ALEIXO => MAGE =>  => 8424-1645 =>  =>  => NA RUA DO BAR DO ERONILDO SUBINDO O MORRO AO LADO DA CASA DO ZE JOAO PROC JAQUELINE => AGEND:28/7 RETORNAR DIA 1/8 cliente ciente .LUCIANA  => 1 => 139155 => G.ROUPA FRITZ 6P DANY AMEND /PTO => 0 =>  => 0 =>  => 0 =>  => 0 =>  => 0 =>  => 0 =>  => 0 =>  => 0 =>  => 0 =>  => 0 =>  => 0 =>  => 0 =>  => 0 =>  => 0 =>  => 0 =>  => 0 =>  => 0 =>  => 0 =>  => 0 =>  => "

-------------------------------
 
CADASTRO DE CLIENTE
POST => "MIRIAN" Data => "2012-08-01 10:35:27", Cadastrou o Cliente de vale 386780 => "INFORMAÇÕES CADASTRADAS => "11 => 27 => 9 => 0 => 2 => 15/07/2012 => 386780 => 175 => 386780 => 15/07/2012 =>  =>  => ANDREA DA COSTA NUNES =>  => RUA CASTELNUOVO => 328 =>  => TIJUCA => RIO DE JANEIRO => RJ => 2278--263 =>  =>  => COMUNIDADE DO FORMIGA AO LADO DO BAR DA IONE PROC MARILDA  => 01 => 8981 => G. ROUPA MOVAL 6P40065 COL PLUS TB/M =>  =>  =>  =>  =>  =>  =>  =>  =>  =>  =>  =>  =>  =>  =>  =>  =>  =>  =>  =>  =>  =>  =>  =>  =>  =>  =>  =>  =>  =>  =>  =>  =>  =>  =>  =>  =>  =>  => "

-------------------------------
 
ALTERAÇÃO DE CLIENTE
POST => "MIRIAN" Data => "2012-08-01 10:43:34", Alterou o Cliente de vale 561721 => "INFORMAÇÕES ALTERADAS => "1 => 4719 => 11 => 26 => 22 => 0 => 2 => 17/07/2012 => 561721 => 251 => 561721 => 16/07/2012 =>  =>  => TAULER STUTZ JUNIOR =>  => RUA SANTA BRIGIDA => 42 => APTO 302 => PENHA => RIO DE JANEIRO => RJ => 7830-9614 =>  =>  => PERTO DO BAR PINTO REI PERTO DA AV NOSSA SRA DA PENHA. => ag.04/08/12. => 1 => 140391 => G.ROUPA ARAPLAC 8P AUSTRIA TB/BR => 0 =>  => 0 =>  => 0 =>  => 0 =>  => 0 =>  => 0 =>  => 0 =>  => 0 =>  => 0 =>  => 0 =>  => 0 =>  => 0 =>  => 0 =>  => 0 =>  => 0 =>  => 0 =>  => 0 =>  => 0 =>  => 0 =>  => "

-------------------------------
 
ALTERAÇÃO DE CLIENTE
POST => "MIRIAN" Data => "2012-08-01 10:44:05", Alterou o Cliente de vale 549139 => "INFORMAÇÕES ALTERADAS => "1 => 4828 => 11 => 27 => 12 => 0 => 2 => 27/07/2012 => 549139 => 194 => 549139 => 24/07/2012 =>  =>  => MARIA ELOIZA DA COSTA RIBEIRO =>  => AVENIDA CAMOES => 473 => CS 05 => PENHA CIRCULAR => RIO DE JANEIRO => RJ => 7603-7873 => 3371-1016 =>  => EM FRENTE  AO CLUBE COIMBRA ELOIZA PED.42785 => ag.01/08/12 => 1 => 5730 => MESA GRANITO LIVIA 4C QUAD NAP/PTO => 0 =>  => 0 =>  => 0 =>  => 0 =>  => 0 =>  => 0 =>  => 0 =>  => 0 =>  => 0 =>  => 0 =>  => 0 =>  => 0 =>  => 0 =>  => 0 =>  => 0 =>  => 0 =>  => 0 =>  => 0 =>  => 0 =>  => "

-------------------------------
 
ALTERAÇÃO DE CLIENTE
POST => "MIRIAN" Data => "2012-08-01 10:45:33", Alterou o Cliente de vale 528025 => "INFORMAÇÕES ALTERADAS => "1 => 4773 => 11 => 19 => 24 => 0 => 2 => 20/07/2012 => 528025 => 175 => 528025 => 19/07/2012 =>  =>  => TANIA DE SOUZA LIMA =>  => TRAVESSA OLIMPIA => 8 =>  => TIJUCA => RIO DE JANEIRO => RJ => 3978-2413 => 8250-5154 =>  => OBS:COMUNIDADE DO SALGUEIRO ENTREGAR NO BAR DO CACIQUE PERTO DO CAMPO PED.37816 => ag.04/08/12. => 1 => 9095 => KIT COZKP 6P DELTA PRIMUS BR => 0 =>  => 0 =>  => 0 =>  => 0 =>  => 0 =>  => 0 =>  => 0 =>  => 0 =>  => 0 =>  => 0 =>  => 0 =>  => 0 =>  => 0 =>  => 0 =>  => 0 =>  => 0 =>  => 0 =>  => 0 =>  => 0 =>  => "

-------------------------------
 
ALTERAÇÃO DE CLIENTE
POST => "luciana" Data => "2012-08-01 10:55:44", Alterou o Cliente de vale 50052 => "INFORMAÇÕES ALTERADAS => "1 => 4595 => 5 => 10 => 28 => 0 => 2 => 12/07/2012 => 50052 => 181 => 50052 => 11/07/2012 =>  =>  => CAROLINA CARLA MOREIRA AVILEZ =>  => AVENIDA THOMAZ EDISON DE ANDRADE => 393 => CASA 01 => VILA PROGRESSO => NITEROI => RJ => 2718-1153 =>  =>  => PX A BAR BU,PROCOLO: 442771  ATENDIMENTO ATÉ SEXTA 3/8 CAMILA VAI ACOMPANHAR AGENDAMENTO LUCIANA  => OBS: O TEL DO MONTADOR ESTA FORA DE AREA => 1 => 138033 => G.ROUPA ARAPLAC 10P ATLAN PLUS TB/AM => 0 =>  => 0 =>  => 0 =>  => 0 =>  => 0 =>  => 0 =>  => 0 =>  => 0 =>  => 0 =>  => 0 =>  => 0 =>  => 0 =>  => 0 =>  => 0 =>  => 0 =>  => 0 =>  => 0 =>  => 0 =>  => 0 =>  => "

-------------------------------
 
ALTERAÇÃO DE CLIENTE
POST => "luciana" Data => "2012-08-01 11:09:14", Alterou o Cliente de vale 497916 => "INFORMAÇÕES ALTERADAS => "1 => 4547 => 5 => 31 => 17 => 0 => 2 => 10/07/2012 => 497916 => 203 => 497916 => 09/07/2012 =>  =>  => ROBSON GOMES BERNARDO =>  => RUA VIEIRA FAZENDA => 55 => CASA05 => JACARE => RIO DE JANEIRO => RJ => 3870-6874 => 7400-6293 =>  => PX A IGREJA BATISTA,PEDIDO: 68060  FEITO O PEDIDO DE PEÇAS DIA 1/8 LUCIANA . => agend: sabado 21/7 Luciana  => 1 => 136651 => COZINHA TELASSUL CRISTAL 80123 BR => 0 =>  => 0 =>  => 0 =>  => 0 =>  => 0 =>  => 0 =>  => 0 =>  => 0 =>  => 0 =>  => 0 =>  => 0 =>  => 0 =>  => 0 =>  => 0 =>  => 0 =>  => 0 =>  => 0 =>  => 0 =>  => 0 =>  => "

-------------------------------
 
ALTERAÇÃO DE CLIENTE
POST => "luciana" Data => "2012-08-01 11:16:29", Alterou o Cliente de vale 585505 => "INFORMAÇÕES ALTERADAS => "1 => 4561 => 5 => 26 => 18 => 0 => 2 => 10/07/2012 => 585505 => 167 => 585505 => 09/07/2012 =>  =>  => PRISCILA MARIA JAPIASSU SANTOS =>  => RUA DJALMA ULRICH => 271 => APTO 405 => COPACABANA => RIO DE JANEIRO => RJ => 2256-0325 => 8716-5694 =>  => ENTRE BARATA RIBEIRO E NOSSA SENHORA,PX A PADARIA ENTRAR NA RUA DO BOBS DA AV ATLANTICA,PEDIDO: 3443 => FEITO O PEDIDO DE PEÇAS DIA 1/8 LUCIANA  => 1 => 8921 => G.ROUPA BIANCHI 6P REQUINTE TB/MP => 0 =>  => 0 =>  => 0 =>  => 0 =>  => 0 =>  => 0 =>  => 0 =>  => 0 =>  => 0 =>  => 0 =>  => 0 =>  => 0 =>  => 0 =>  => 0 =>  => 0 =>  => 0 =>  => 0 =>  => 0 =>  => 0 =>  => "

-------------------------------
 
ALTERAÇÃO DE CLIENTE
POST => "luciana" Data => "2012-08-01 11:21:57", Alterou o Cliente de vale 523287 => "INFORMAÇÕES ALTERADAS => "1 => 4543 => 5 => 27 => 9 => 0 => 2 => 10/07/2012 => 523287 => 203 => 523287 => 09/07/2012 =>  =>  => ANA CLAUDIA CHAVES DA SILVA =>  => RUA COIMBRA DA LUZ => 72 => CASA 102 => PILARES => RIO DE JANEIRO => RJ => 3979-9322 =>  =>  => SUBIR R  MARIO CARPENTER EM FRENTE AO EXTRA DE PILARES,PEDIDO: 523287 => agend: terça 24/7  FEITO O PEDIDO DE PEÇAS DIA 1/8   LUCIANA  => 1 => 140094 => G.ROUPA BERGAMO 5P LISBOA IMB/PTO => 0 =>  => 0 =>  => 0 =>  => 0 =>  => 0 =>  => 0 =>  => 0 =>  => 0 =>  => 0 =>  => 0 =>  => 0 =>  => 0 =>  => 0 =>  => 0 =>  => 0 =>  => 0 =>  => 0 =>  => 0 =>  => 0 =>  => "

-------------------------------
 
ALTERAÇÃO DE CLIENTE
POST => "luciana" Data => "2012-08-01 11:33:12", Alterou o Cliente de vale 550133 => "INFORMAÇÕES ALTERADAS => "1 => 4705 => 5 => 32 => 19 => 0 => 2 => 17/07/2012 => 550133 => 203 => 550133 => 16/07/2012 =>  =>  => SILVIA DOS SANTOS RIBEIRO =>  => RUA CONSELHEIRO MAYRINK => 304 => CASA 129 => VILA UNIAO ROCHA => RIO DE JANEIRO => RJ => 8477-6191 => 8719-5537 =>  => PROX COLEGIO DELFIM MOREIRA. => PASSADO O LAUDO DIA 1/8 LUCIANA  => 1 => 140094 => G.ROUPA BERGAMO 5P LISBOA IMB/PTO => 0 =>  => 0 =>  => 0 =>  => 0 =>  => 0 =>  => 0 =>  => 0 =>  => 0 =>  => 0 =>  => 0 =>  => 0 =>  => 0 =>  => 0 =>  => 0 =>  => 0 =>  => 0 =>  => 0 =>  => 0 =>  => 0 =>  => "

-------------------------------
 
ALTERAÇÃO DE CLIENTE
POST => "luciana" Data => "2012-08-01 11:47:44", Alterou o Cliente de vale 543193 => "INFORMAÇÕES ALTERADAS => "1 => 4294 => 5 => 2 => 18 => 0 => 2 => 22/06/2012 => 543193 => 203 => 543193 => 22/06/2012 =>  =>  => DENYSE M GOMES DOS SANTOS =>  => RUA GENERAL CLARINDO => 488 => AP403 BL02 => ENGENHO DE DENTRO => RIO DE JANEIRO => RJ => 2597-7608 => 4105-4436 =>  => PRX AIGREJA DE SAO PEDRO PED.63481 => 2 -PORTAS DE VIDRO AMASSADA  10 PUXADOR QUBRADO LATERAL ESQ E DIREITA DO PEN LAUDO PASSADO DIA 1/8 LUCIANA  => 1 => 134892 => COZ ITAT CRIATIVA MAXII2VPTO => 0 =>  => 0 =>  => 0 =>  => 0 =>  => 0 =>  => 0 =>  => 0 =>  => 0 =>  => 0 =>  => 0 =>  => 0 =>  => 0 =>  => 0 =>  => 0 =>  => 0 =>  => 0 =>  => 0 =>  => 0 =>  => 0 =>  => "

-------------------------------
 
CADASTRO DE CLIENTE
POST => "MIRIAN" Data => "2012-08-01 11:51:52", Cadastrou o Cliente de vale 533651 => "INFORMAÇÕES CADASTRADAS => "11 => 20 => 20 => 0 => 1 => 01/08/2012 => 533651 => 179 => 6048 => 31/07/2012 => CLEBER CAMPISTA DA FONSECA => 26217/199 => AMELIA MARIA N SILVA => 25220000 => RUA CARLOS MAIA  => 50 =>  => SARACURUNA  => DUQUE DE CAXIAS => RJ =>  =>  =>  => PROX A BARRACA DO CLEBER AO LADO DA CASA DO JAMELAO PROC AMELIA => 01 => 139540 => BALCAO ITAT .120CM SUPREMA NOG/S LAC => 01 => 139537 => COZ ITA SUPREMA NOG/S LAC =>  =>  =>  =>  =>  =>  =>  =>  =>  =>  =>  =>  =>  =>  =>  =>  =>  =>  =>  =>  =>  =>  =>  =>  =>  =>  =>  =>  =>  =>  =>  =>  =>  =>  =>  =>  => "

-------------------------------
 
CADASTRO DE CLIENTE
POST => "MIRIAN" Data => "2012-08-01 11:54:28", Cadastrou o Cliente de vale 619544 => "INFORMAÇÕES CADASTRADAS => "11 => 31 => 2 => 0 => 2 => 01/08/2012 => 619544 => 179 => 619544 => 31/07/2012 =>  =>  => CLAUDIO NUNES DOS SANTOS =>  => RUA SANTAQ ALEXANDRINA  => lt 35 qd d =>  => PARQUE FLUMINENSE => DUQUE DE CAXIAS => RJ => 3134-2314 =>  =>  =>  => 01 => 138033 => G.ROUPA ARAPLAC 10P ATLAN PLUS TB/AM =>  =>  =>  =>  =>  =>  =>  =>  =>  =>  =>  =>  =>  =>  =>  =>  =>  =>  =>  =>  =>  =>  =>  =>  =>  =>  =>  =>  =>  =>  =>  =>  =>  =>  =>  =>  =>  =>  => "

-------------------------------
 
ALTERAÇÃO DE CLIENTE
POST => "luciana" Data => "2012-08-01 11:56:14", Alterou o Cliente de vale 580770 => "INFORMAÇÕES ALTERADAS => "1 => 4491 => 5 => 38 => 8 => 0 => 2 => 06/07/2012 => 580770 => RE => 580770 => 02/07/2012 =>  =>  => MARIA GORETE GONÇALVES DA S SILVA =>  => RUA C ACESSO EST ITARARE => 7801 => 26 => RAMOS => RIO DE JANEIRO =>  => 7855-7862 =>  =>  => UMA ENTRADA ANTES DO UPPA ITARARE ANTIGAPOESI NA RUA DO YPE PROC => agendado p/23/07/12.obs: Em contato com montador, local area de risco ,não podia entrar na comunidade ,  vai atender até o dia 31/07 FEITO O PEDIDO DE PEÇAS 1/8 LUCIANA  => 1 => 137137 => MESA CARRARO ISABELE 4C 375/152 RD BRSEM => 0 =>  => 0 =>  => 0 =>  => 0 =>  => 0 =>  => 0 =>  => 0 =>  => 0 =>  => 0 =>  => 0 =>  => 0 =>  => 0 =>  => 0 =>  => 0 =>  => 0 =>  => 0 =>  => 0 =>  => 0 =>  => 0 =>  => "

-------------------------------
 
ALTERAÇÃO DE CLIENTE
POST => "MIRIAN" Data => "2012-08-01 12:09:01", Alterou o Cliente de vale 523829 => "INFORMAÇÕES ALTERADAS => "1 => 4717 => 11 => 32 => 8 => 0 => 0 => 17/07/2012 => 523829 => 179 => 22437 => 16/07/2012 => RONALDO BARBOSA DE MOURA => 80101 => DELIANE ANTUNES DE FRANÇA =>  => MARAMBA => 157 => CASA => VILA ROSARIO => DUQUE DE CAXIAS =>  => 8383-4214 => 7918-4702 =>  => ATRAS DO ANTIGO CLUBE CEMA EM FRENTE A MACUMBA PROC MARCO DO PORCO => agend: ate sabado 21/7 Luciana //agendado p/02/0812,agendou com cliente. => 1 => 140094 => G.ROUPA BERGAMO 5P LISBOA IMB/PTO => 0 =>  => 0 =>  => 0 =>  => 0 =>  => 0 =>  => 0 =>  => 0 =>  => 0 =>  => 0 =>  => 0 =>  => 0 =>  => 0 =>  => 0 =>  => 0 =>  => 0 =>  => 0 =>  => 0 =>  => 0 =>  => 0 =>  => "

-------------------------------
 
CADASTRO DE CLIENTE
POST => "MIRIAN" Data => "2012-08-01 12:46:42", Cadastrou o Cliente de vale 533246 => "INFORMAÇÕES CADASTRADAS => "11 => 28 => 23 => 0 => 1 => 31/07/2012 => 533246 => 167 => 32654 => 31/07/2012 => WALDIR RODRIGUES DE SOUSA => 205290/199 => TEREZINHA ALBUQUERQUE COSTA => 22031100 => RUA: EUCLIDES DA ROCHA => 13 => CS 07 => COPACABANA => RIO DE JANEIRO => RJ => 2547-5481 => 8004-3451 =>  => SUBIR PELA LAD DOS TABAJARAS ENTRAR NA EUCLIDES DESCIDA AO LADO DO BAR DO TOIN => 01 => 136216 => G.ROUPA MOVAL 6P PARIS TB/BR =>  =>  =>  =>  =>  =>  =>  =>  =>  =>  =>  =>  =>  =>  =>  =>  =>  =>  =>  =>  =>  =>  =>  =>  =>  =>  =>  =>  =>  =>  =>  =>  =>  =>  =>  =>  =>  =>  => "

-------------------------------
 
CADASTRO DE CLIENTE
POST => "MIRIAN" Data => "2012-08-01 12:49:30", Cadastrou o Cliente de vale 533338 => "INFORMAÇÕES CADASTRADAS => "11 => 38 => 9 => 0 => 1 => 31/07/2012 => 533338 => 241 => 32742 => 31/07/2012 => SANDERSON VITOR MARIANO DE SOU => 371549/199 => NILCEA PEREIRA GIADINIERI => 20251400 => RUA: DE CATUMBI  => 70 => AP 202 => SANTA TERESA => RIO DE JANEIRO => RJ => 2504-6059 =>  =>  => PROX D IGREJA SALETE PROC FABIO => 01 => 6069 => BALCAO C/T ARAMOVEIS LILIAN VD/BR =>  =>  =>  =>  =>  =>  =>  =>  =>  =>  =>  =>  =>  =>  =>  =>  =>  =>  =>  =>  =>  =>  =>  =>  =>  =>  =>  =>  =>  =>  =>  =>  =>  =>  =>  =>  =>  =>  => "

-------------------------------
 
CADASTRO DE CLIENTE
POST => "MIRIAN" Data => "2012-08-01 12:52:49", Cadastrou o Cliente de vale 525885 => "INFORMAÇÕES CADASTRADAS => "11 => 29 => 3 => 0 => 1 => 31/07/2012 => 525885 => 243 => 9647 => 19/07/2012 => NUBIA DOS SANTOS FERREIRA => 535981/s => ANA CLAUDIA BEZERRA DE FRANCA => 26553490 => RUA: JÚPITER => 963 => CS 05 => CENTRO => MESQUITA => RJ => 9596-1754 => 7173-8571 =>  => PRX  A MERCEARIA DO BETO APOS O UNIAO FUTEBOL CLUBE => 01 => 8839 => G.ROUPA S ANDIRA HAV PLUS 6P IMB/BR =>  =>  =>  =>  =>  =>  =>  =>  =>  =>  =>  =>  =>  =>  =>  =>  =>  =>  =>  =>  =>  =>  =>  =>  =>  =>  =>  =>  =>  =>  =>  =>  =>  =>  =>  =>  =>  =>  => "

-------------------------------
 
ALTERAÇÃO DE CLIENTE
POST => "luciana" Data => "2012-08-01 13:07:56", Alterou o Cliente de vale 77079 => "INFORMAÇÕES ALTERADAS => "1 => 4662 => 5 => 23 => 8 => 0 => 2 => 16/07/2012 => 77079 => 203 => 77079 => 12/07/2012 =>  =>  => KARINA ANDRE LIMA =>  => TRAVESSA SÃO MANUEL => 31 =>  => JACARE => RIO DE JANEIRO =>  => 3279-7242 =>  =>  => PROT;526196 => FEITO O PED DIA 1/8 LUCIANA  => 1 => 9074 => COZINHA COMP COLOR ECLIPSE TOP PTO => 0 =>  => 0 =>  => 0 =>  => 0 =>  => 0 =>  => 0 =>  => 0 =>  => 0 =>  => 0 =>  => 0 =>  => 0 =>  => 0 =>  => 0 =>  => 0 =>  => 0 =>  => 0 =>  => 0 =>  => 0 =>  => 0 =>  => "

-------------------------------
 
ALTERAÇÃO DE CLIENTE
POST => "luciana" Data => "2012-08-01 13:14:04", Alterou o Cliente de vale 537489 => "INFORMAÇÕES ALTERADAS => "1 => 4511 => 5 => 14 => 34 => 0 => 2 => 06/07/2012 => 537489 => 172 => 537489 => 06/07/2012 =>  =>  => PAULO ALEXANDRE ALVES DO NASCIMENTO =>  => RUA MARIA DE LURDES MARTINS => 01 apto => QUARTO ANDAR => MARE => RIO DE JANEIRO => RJ => 7907-1674 =>  =>  => PX AO MERCADINHO,PX ACOUGUE CENTRAL DO NOVO PARQUE,PEDIDO: 60462 => FEITO O PEDIDO DAS CADEIRAS DIA 1/8 LUCIANA  => 1 => 16068 => MESA MODECOR BRUNA 4C T.VID BR/PT => 0 =>  => 0 =>  => 0 =>  => 0 =>  => 0 =>  => 0 =>  => 0 =>  => 0 =>  => 0 =>  => 0 =>  => 0 =>  => 0 =>  => 0 =>  => 0 =>  => 0 =>  => 0 =>  => 0 =>  => 0 =>  => 0 =>  => "

-------------------------------
 
ALTERAÇÃO DE CLIENTE
POST => "luciana" Data => "2012-08-01 13:20:00", Alterou o Cliente de vale 541238 => "INFORMAÇÕES ALTERADAS => "1 => 4508 => 5 => 35 => 31 => 0 => 2 => 06/07/2012 => 541238 => 209 => 541238 => 06/07/2012 =>  =>  => GABRIELA FRANCA ALVES =>  => RUA RONALDO DE CARVALHO => 250 => APTO 703 => COPACABANA => RIO DE JANEIRO => RJ => 2148-1665 => 7936-5982 =>  => PERTO DA PRAÇA DO LIDO OU POSTO 02 EDIFICIO RIO LIDO.(24) 81149343 / 8121231665. => FEITO O PEDIDO DE PEÇAS 1/8  LUCIANA  => 1 => 140344 => MESA FRITZ 4C MEGA AMEN/PTO => 0 =>  => 0 =>  => 0 =>  => 0 =>  => 0 =>  => 0 =>  => 0 =>  => 0 =>  => 0 =>  => 0 =>  => 0 =>  => 0 =>  => 0 =>  => 0 =>  => 0 =>  => 0 =>  => 0 =>  => 0 =>  => 0 =>  => "

-------------------------------
 
ALTERAÇÃO DE CLIENTE
POST => "luciana" Data => "2012-08-01 13:29:01", Alterou o Cliente de vale 3723 => "INFORMAÇÕES ALTERADAS => "1 => 4582 => 5 => 23 => 14 => 0 => 2 => 12/07/2012 => 3723 => RE => 3723 => 10/07/2012 =>  =>  => JUREMA DOS SANTOS SILVA =>  => ADELIA LOPES => 500 => CASA => VILA SAO LUIS => DUQUE DE CAXIAS =>  => 3902-9092 =>  =>  =>  => FEITO O PED DE PEÇAS DIA 1/8 LUCIANA . => 1 => 16376 => G.ROUPA KAPP 6P 3G LAGOS TECA/P( => 0 =>  => 0 =>  => 0 =>  => 0 =>  => 0 =>  => 0 =>  => 0 =>  => 0 =>  => 0 =>  => 0 =>  => 0 =>  => 0 =>  => 0 =>  => 0 =>  => 0 =>  => 0 =>  => 0 =>  => 0 =>  => 0 =>  => "

-------------------------------
 
ALTERAÇÃO DE CLIENTE
POST => "luciana" Data => "2012-08-01 13:46:25", Alterou o Cliente de vale 580117 => "INFORMAÇÕES ALTERADAS => "1 => 4687 => 5 => 24 => 7 => 0 => 2 => 17/07/2012 => 580117 => RE => 580117 => 16/07/2012 =>  =>  => ANTONIO CUSTODIO SABINO =>  => MEDEIROS E ALBUQUERQUE => 8 => CASA 2 => PARQUE LAFAIETE => DUQUE DE CAXIAS =>  => 9119-6546 =>  =>  => BAIRRO CAVALEIROS PROX A MANOEL TELLES PRAÇA DA RAINHA => agend:terça 24/7 Luciana  PASSADO O LAUDO DIA 1/8 LUCIANA  => 1 => 138033 => G.ROUPA ARAPLAC 10P ATLAN PLUS TB/AM => 0 =>  => 0 =>  => 0 =>  => 0 =>  => 0 =>  => 0 =>  => 0 =>  => 0 =>  => 0 =>  => 0 =>  => 0 =>  => 0 =>  => 0 =>  => 0 =>  => 0 =>  => 0 =>  => 0 =>  => 0 =>  => 0 =>  => "

-------------------------------
 
ALTERAÇÃO DE CLIENTE
POST => "MIRIAN" Data => "2012-08-01 14:05:25", Alterou o Cliente de vale 530520 => "INFORMAÇÕES ALTERADAS => "1 => 4833 => 11 => 15 => 11 => 0 => 0 => 30/07/2012 => 530520 => 179 => 21030 => 26/07/2012 => LEONARDO OLIVEIRA DE FREITAS => 74347/199 => DOMICIO MOTA DOS SANTOS => 25045340 => RUA: LUÍS CESAR => 28 =>  => JARDIM VILA NOVA => DUQUE DE CAXIAS => RJ => 2652-0437 =>  =>  => PROX A IGREJA SAO JORGE PORTAO CIZA PROC FRANCISCO =>  => 1 => 140391 => G.ROUPA ARAPLAC 8P AUSTRIA TB/BR => 0 =>  => 0 =>  => 0 =>  => 0 =>  => 0 =>  => 0 =>  => 0 =>  => 0 =>  => 0 =>  => 0 =>  => 0 =>  => 0 =>  => 0 =>  => 0 =>  => 0 =>  => 0 =>  => 0 =>  => 0 =>  => 0 =>  => "

-------------------------------
 
ALTERAÇÃO DE CLIENTE
POST => "luciana" Data => "2012-08-01 14:22:20", Alterou o Cliente de vale 541238 => "INFORMAÇÕES ALTERADAS => "1 => 4508 => 5 => 44 => 20 => 0 => 2 => 06/07/2012 => 541238 => 209 => 541238 => 06/07/2012 =>  =>  => GABRIELA FRANCA ALVES =>  => RUA RONALDO DE CARVALHO => 250 => APTO 703 => COPACABANA => RIO DE JANEIRO => RJ => 2148-1665 => 7936-5982 =>  => PERTO DA PRAÇA DO LIDO OU POSTO 02 EDIFICIO RIO LIDO.(24) 81149343 / 8121231665. => FEITO O PEDIDO DE PEÇAS 1/8  LUCIANA  => 1 => 140344 => MESA FRITZ 4C MEGA AMEN/PTO => 0 =>  => 0 =>  => 0 =>  => 0 =>  => 0 =>  => 0 =>  => 0 =>  => 0 =>  => 0 =>  => 0 =>  => 0 =>  => 0 =>  => 0 =>  => 0 =>  => 0 =>  => 0 =>  => 0 =>  => 0 =>  => 0 =>  => "

-------------------------------
 
CADASTRO DE CLIENTE
POST => "luciana" Data => "2012-08-01 14:28:38", Cadastrou o Cliente de vale 619464 => "INFORMAÇÕES CADASTRADAS => "5 => 31 => 16 => 0 => 2 => 31/07/2012 => 619464 => 179 => 619464 => 31/07/2012 =>  =>  => FRANCINELMA DE RAMOS  =>  => DEBUSSY => 385 => APT101 => JARDIM AMERICA  => Rio de Janeiro =>  => 3346-5812 =>  =>  =>  => 01 => 135251 => G.ROUPA FRITZ 6P DANY TB/BR =>  =>  =>  =>  =>  =>  =>  =>  =>  =>  =>  =>  =>  =>  =>  =>  =>  =>  =>  =>  =>  =>  =>  =>  =>  =>  =>  =>  =>  =>  =>  =>  =>  =>  =>  =>  =>  =>  => "

-------------------------------
 
ALTERAÇÃO DE CLIENTE
POST => "MIRIAN" Data => "2012-08-01 15:13:40", Alterou o Cliente de vale 485021 => "INFORMAÇÕES ALTERADAS => "1 => 3364 => 11 => 28 => 27 => 0 => 0 => 10/05/2012 => 485021 => 230 => 1071 => 10/05/2012 => GLAUCE COSTA GABRIEL => 11956 / 199 => EDVANIA DE LIMA BENTO => 23097650 => RUA: RESTINGA => CS 0 =>  => CAMPO GRANDE => RIO DE JANEIRO => RJ => 8032-2108 =>  =>  => AV BRASIL APOS LOJA PISCINAS 1 PONTO...Email passado ao naec dia 25-06-12 Camila => OBS:Passado e-mail para o naec no dia 30/07 solicitando telefone e referencias.. => 1 => 134898 => COZ COMP ARAMOVEIS LILIAN PLUS  BR/PT => 0 =>  => 0 =>  => 0 =>  => 0 =>  => 0 =>  => 0 =>  => 0 =>  => 0 =>  => 0 =>  => 0 =>  => 0 =>  => 0 =>  => 0 =>  => 0 =>  => 0 =>  => 0 =>  => 0 =>  => 0 =>  => 0 =>  => "

-------------------------------
 
ALTERAÇÃO DE CLIENTE
POST => "luciana" Data => "2012-08-01 17:09:35", Alterou o Cliente de vale 496615 => "INFORMAÇÕES ALTERADAS => "1 => 4848 => 5 => 33 => 20 => 0 => 0 => 31/07/2012 => 496615 => 280 => 4484 => 26/05/2012 => LUDIANA BRAZ DE OLIVEIRA => 516980 => KEILA MARIA NASCIMENTO SILVA =>  => DOUTOR AREOLINO DE ABREU => 85 =>  => HONORIO GURGEL => RIO DE JANEIRO =>  => 3453-7256 =>  =>  => PROX A CRECHE DA PREFEITURA E ANTIGA FABRICA MUNDIAL =>  QUINTA 2/8 LUCIANA  => 1 => 135481 => COZ KIPLAC RENATA PLUS BR/PTO => 1 => 135479 => BALCAO C/T KIPLAC RENATA PLUS BR/PT => 0 =>  => 0 =>  => 0 =>  => 0 =>  => 0 =>  => 0 =>  => 0 =>  => 0 =>  => 0 =>  => 0 =>  => 0 =>  => 0 =>  => 0 =>  => 0 =>  => 0 =>  => 0 =>  => 0 =>  => 0 =>  => "

-------------------------------
 
ALTERAÇÃO DE CLIENTE
POST => "luciana" Data => "2012-08-01 17:12:24", Alterou o Cliente de vale 496615 => "INFORMAÇÕES ALTERADAS => "1 => 4848 => 5 => 28 => 28 => 0 => 0 => 31/07/2012 => 496615 => 280 => 4484 => 26/05/2012 => LUDIANA BRAZ DE OLIVEIRA => 516980 => KEILA MARIA NASCIMENTO SILVA =>  => DOUTOR AREOLINO DE ABREU => 85 =>  => HONORIO GURGEL => RIO DE JANEIRO =>  => 3453-7256 =>  =>  => PROX A CRECHE DA PREFEITURA E ANTIGA FABRICA MUNDIAL =>  AGEND: QUINTA 2/8 LUCIANA  => 1 => 135481 => COZ KIPLAC RENATA PLUS BR/PTO => 1 => 135479 => BALCAO C/T KIPLAC RENATA PLUS BR/PT => 0 =>  => 0 =>  => 0 =>  => 0 =>  => 0 =>  => 0 =>  => 0 =>  => 0 =>  => 0 =>  => 0 =>  => 0 =>  => 0 =>  => 0 =>  => 0 =>  => 0 =>  => 0 =>  => 0 =>  => 0 =>  => "

-------------------------------
 
ALTERAÇÃO DE CLIENTE
POST => "luciana" Data => "2012-08-01 17:12:35", Alterou o Cliente de vale 496615 => "INFORMAÇÕES ALTERADAS => "1 => 4848 => 5 => 29 => 28 => 0 => 0 => 31/07/2012 => 496615 => 280 => 4484 => 26/05/2012 => LUDIANA BRAZ DE OLIVEIRA => 516980 => KEILA MARIA NASCIMENTO SILVA =>  => DOUTOR AREOLINO DE ABREU => 85 =>  => HONORIO GURGEL => RIO DE JANEIRO =>  => 3453-7256 =>  =>  => PROX A CRECHE DA PREFEITURA E ANTIGA FABRICA MUNDIAL =>  AGEND: QUINTA 2/8 LUCIANA  => 1 => 135481 => COZ KIPLAC RENATA PLUS BR/PTO => 1 => 135479 => BALCAO C/T KIPLAC RENATA PLUS BR/PT => 0 =>  => 0 =>  => 0 =>  => 0 =>  => 0 =>  => 0 =>  => 0 =>  => 0 =>  => 0 =>  => 0 =>  => 0 =>  => 0 =>  => 0 =>  => 0 =>  => 0 =>  => 0 =>  => 0 =>  => 0 =>  => "

-------------------------------
 
ALTERAÇÃO DE CLIENTE
POST => "luciana" Data => "2012-08-01 17:13:18", Alterou o Cliente de vale 523287 => "INFORMAÇÕES ALTERADAS => "1 => 4543 => 5 => 55 => 23 => 0 => 2 => 10/07/2012 => 523287 => 203 => 523287 => 09/07/2012 =>  =>  => ANA CLAUDIA CHAVES DA SILVA =>  => RUA COIMBRA DA LUZ => 72 => CASA 102 => PILARES => RIO DE JANEIRO => RJ => 3979-9322 =>  =>  => SUBIR R  MARIO CARPENTER EM FRENTE AO EXTRA DE PILARES,PEDIDO: 523287 => agend: terça 24/7  FEITO O PEDIDO DE PEÇAS DIA 1/8 LUCIANA  => 1 => 140094 => G.ROUPA BERGAMO 5P LISBOA IMB/PTO => 0 =>  => 0 =>  => 0 =>  => 0 =>  => 0 =>  => 0 =>  => 0 =>  => 0 =>  => 0 =>  => 0 =>  => 0 =>  => 0 =>  => 0 =>  => 0 =>  => 0 =>  => 0 =>  => 0 =>  => 0 =>  => 0 =>  => "

-------------------------------
