 
ALTERAÇÃO DE CLIENTE
POST => "luciana" Data => "2012-08-22 09:47:55", Alterou o Cliente de vale 524540 => "INFORMAÇÕES ALTERADAS => "1 => 4756 => 5 => 33 => 28 => 0 => 0 => 17/07/2012 => 524540 => 218 => 65661 => 17/07/2012 => BRUNA RENATA DE OLIVEIRA DAMASIO LUCAS => 460395/199 => KELLY DOS SANTOS => 26385450 => RUA IGREJA => 100 =>  => VALE DO OURO => QUEIMADOS => RJ => 9972-1772 =>  =>  => SUB A RUA EM FRENTE O CAMPO DO VALE DE OURO ULTIMA CASA PROC SEU JORGE....Email enviado ao naec dia 17-08-12 Camila => RELATORIO ENVIADO PARA O NAEC DIA 20/7 LUCIANA //MONTAGEM CONCLUIDA => 1 => 140391 => G.ROUPA ARAPLAC 8P AUSTRIA TB/AM => 0 =>  => 0 =>  => 0 =>  => 0 =>  => 0 =>  => 0 =>  => 0 =>  => 0 =>  => 0 =>  => 0 =>  => 0 =>  => 0 =>  => 0 =>  => 0 =>  => 0 =>  => 0 =>  => 0 =>  => 0 =>  => 0 =>  => "

-------------------------------
 
ALTERAÇÃO DE CLIENTE
POST => "luciana" Data => "2012-08-22 10:10:15", Alterou o Cliente de vale 544571 => "INFORMAÇÕES ALTERADAS => "1 => 5002 => 5 => 30 => 23 => 2 => 0 => 16/08/2012 => 544571 => 168 => 38344 => 16/08/2012 => JORGE FRANCISCO OLIVEIRA ALVES => 235755/199 => JORGE ANTONIO ALVES => 21511380 => RUA: DAS SAFIRAS => 70 => CS 12 => ROCHA MIRANDA => RIO DE JANEIRO => RJ => 2288-0420 => 9358-8678 =>  => EM FRENTE AO PONTO FINAL 349 AO LADO DA IGREJA => CLIENTE CONFIRMOU ATENDIMENTO PARA SABADO 25/8 LUCIANA  => 1 => 138033 => G.ROUPA ARAPLAC 10P ATLAN PLUS TB/AM => 0 =>  => 0 =>  => 0 =>  => 0 =>  => 0 =>  => 0 =>  => 0 =>  => 0 =>  => 0 =>  => 0 =>  => 0 =>  => 0 =>  => 0 =>  => 0 =>  => 0 =>  => 0 =>  => 0 =>  => 0 =>  => 0 =>  => "

-------------------------------
 
CADASTRO DE CLIENTE
POST => "MIRIAN" Data => "2012-08-22 14:48:41", Cadastrou o Cliente de vale 511621 => "INFORMAÇÕES CADASTRADAS => "11 => 25 => 22 => 0 => 0 => 26/06/2012 => 511621 => 179 => 511621 => 26/06/2012 => ANDERSON PEREIRA SANTOS => 73716/199 => MICHELE RAQUEL DE LIMA => 21675580 => RUA: MENEZES BRUM => 97 =>  => GUADALUPE => RIO DE JANEIRO => RJ => 3134-8080 => 9611-7149 =>  => ATRS DO SHPPING GUADALUPE PED.13717 => 01 => 139537 => COZ ITA SUPREMA NOG/S LAC =>  =>  =>  =>  =>  =>  =>  =>  =>  =>  =>  =>  =>  =>  =>  =>  =>  =>  =>  =>  =>  =>  =>  =>  =>  =>  =>  =>  =>  =>  =>  =>  =>  =>  =>  =>  =>  =>  => "

-------------------------------
 
CADASTRO DE CLIENTE
POST => "MIRIAN" Data => "2012-08-22 14:58:33", Cadastrou o Cliente de vale 494762 => "INFORMAÇÕES CADASTRADAS => "11 => 38 => 17 => 0 => 0 => 24/05/2012 => 494762 => 182 => 494762 => 24/05/2012 => ELUCIANA BARBOSA SANTOS => 47787/199 => MARIANGELA SILVA OLIVEIRA => 21625130 => RUA: CAPITÃO MÁRIO BARBEDO => 301 => CS 05 => PARQUE ANCHIETA => RIO DE JANEIRO => RJ => 3012-8222 =>  =>  => RUA DA UPA DE RICARDO.PED.3184 => 01 => 135481 => COZ KIPLAC RENATA PLUS BR/PTO =>  =>  =>  =>  =>  =>  =>  =>  =>  =>  =>  =>  =>  =>  =>  =>  =>  =>  =>  =>  =>  =>  =>  =>  =>  =>  =>  =>  =>  =>  =>  =>  =>  =>  =>  =>  =>  =>  => "

-------------------------------
 
CADASTRO DE CLIENTE
POST => "MIRIAN" Data => "2012-08-22 15:13:04", Cadastrou o Cliente de vale 479311 => "INFORMAÇÕES CADASTRADAS => "11 => 36 => 18 => 0 => 0 => 08/08/2012 => 479311 => 181 => 69655 => 30/04/2012 => SEVERINO RAMOS DA SILVA => 515224/199 => ROSIMERI MARIA MESQUITA VILLELA => 24320405 => RUA DOS APONSENTADOS => 53 =>  => BADU => NITERÓI => RJ => 2616-1671 => 8874-5705 =>  => ESTR DO CAETANO MONTEIRO SENTIDO MARIA PAULA 1 R DIR APOS O CAMPO 1 A DIR PROC RENATA => 01 => 138033 => G.ROUPA ARAPLAC 10P ATLAN PLUS TB/AM =>  =>  =>  =>  =>  =>  =>  =>  =>  =>  =>  =>  =>  =>  =>  =>  =>  =>  =>  =>  =>  =>  =>  =>  =>  =>  =>  =>  =>  =>  =>  =>  =>  =>  =>  =>  =>  =>  => "

-------------------------------
 
CADASTRO DE CLIENTE
POST => "MIRIAN" Data => "2012-08-22 15:21:10", Cadastrou o Cliente de vale 537176 => "INFORMAÇÕES CADASTRADAS => "11 => 39 => 27 => 0 => 0 => 06/08/2012 => 537176 => 243 => 537176 => 06/08/2012 => VANESSA DOMINGUES FERREIRA DE => 473773/199 => ALLINE PAZ RODRIGUEZ => 26140110 => RUA: AIMORÉS => 47 =>  => HELIOPOLIS => BELFORD ROXO => RJ => 3646-1709 => 9333-6819 =>  => PROX AO ANTIGO POSTO DE SAUDE NO BAR PROC ALINE.PED.55995 => 01 => 134933 => ESTANTE CAEMMUN CLEAN TB/BR/MP =>  =>  =>  =>  =>  =>  =>  =>  =>  =>  =>  =>  =>  =>  =>  =>  =>  =>  =>  =>  =>  =>  =>  =>  =>  =>  =>  =>  =>  =>  =>  =>  =>  =>  =>  =>  =>  =>  => "

-------------------------------
 
CADASTRO DE CLIENTE
POST => "MIRIAN" Data => "2012-08-22 15:32:44", Cadastrou o Cliente de vale 539107 => "INFORMAÇÕES CADASTRADAS => "11 => 42 => 28 => 0 => 1 => 09/08/2012 => 539107 => 250 => 16262 => 09/08/2012 => VANDERLEIA CORREA BRAGA => 342946/199 => ROSE MAY CORREA DA SILVA => 24800000 => RUA GOVERNADOR ROBERTO SILVEIRA => lt 166 => QD 10 => APOLO II => ITABORAÍ => RJ => 9180-2393 =>  =>  => AO LADO DO BAR TRES GAROTAS PROC ROSE OU NALDO  => 01 => 139573 => G ROUPA 6P6G VENEZUELA BR /PTO =>  =>  =>  =>  =>  =>  =>  =>  =>  =>  =>  =>  =>  =>  =>  =>  =>  =>  =>  =>  =>  =>  =>  =>  =>  =>  =>  =>  =>  =>  =>  =>  =>  =>  =>  =>  =>  =>  => "

-------------------------------
