 
ALTERAÇÃO DE CLIENTE
POST => "simone" Data => "2012-07-11 10:59:24", Alterou o Cliente de vale 420255 => "INFORMAÇÕES ALTERADAS => "1 => 3598 => 35 => 23 => 21 => 0 => 0 => 14/05/2012 => 420255 => 237 => 42921 => 14/02/2012 => FLAVIO MONTE DA SILVA => 491843 / 199 => MARTA DIAS FERREIRA => 21760150 => RUA: REGENCIA => 375 => CASA => REALENGO => RIO DE JANEIRO => RJ => 3936-6603 =>  =>  => PROX AO CAMPO DO SAO LUIS. => OBS: Cliente não atende o tel para confirmar ou não se o produto foi montado. => 1 => 16419 => COZ. COMP ARAMOVEIS LILIAN PLUS BR/VD => 0 =>  => 0 =>  => 0 =>  => 0 =>  => 0 =>  => 0 =>  => 0 =>  => 0 =>  => 0 =>  => 0 =>  => 0 =>  => 0 =>  => 0 =>  => 0 =>  => 0 =>  => 0 =>  => 0 =>  => 0 =>  => 0 =>  => "

-------------------------------
 
ALTERAÇÃO DE CLIENTE
POST => "ANNE" Data => "2012-07-11 11:36:59", Alterou o Cliente de vale 510286 => "INFORMAÇÕES ALTERADAS => "1 => 4385 => 18 => 14 => 20 => 0 => 0 => 28/06/2012 => 510286 => 180 => 510286 => 23/06/2012 => GREICE CORREA DA SILVA => 519350 => JACQUELINE COSTA DE ARAUJO SANTOS =>  => PROFESSOR EDUARDO VIANA => 898 => CASA => ANDRADE ARAUJO => NOVA IGUAÇU =>  => 9224-8675 =>  =>  => PROX AO COLEGIO PAULO TARSO CLIENTE CIENTE DO PRE 29 DO 02 =>  => 1 => 135481 => COZ KIPLAC RENATA PLUS BR/PTO => 0 =>  => 0 =>  => 0 =>  => 0 =>  => 0 =>  => 0 =>  => 0 =>  => 0 =>  => 0 =>  => 0 =>  => 0 =>  => 0 =>  => 0 =>  => 0 =>  => 0 =>  => 0 =>  => 0 =>  => 0 =>  => 0 =>  => "

-------------------------------
 
CADASTRO DE CLIENTE
POST => "ANNE" Data => "2012-07-11 11:40:25", Cadastrou o Cliente de vale 516706 => "INFORMAÇÕES CADASTRADAS => "18 => 18 => 18 => 0 => 1 => 11/07/2012 => 516706 => 241 => 41625 => 03/07/2012 => JULIO CESAR VIEIRA SOARES => 516750/199 => ISABEL CRISTINA DA SILVA =>  => RUA VISCONDE DA GAVEA => 133 => QUIT 101 => CENTRO => RIO DE JANEIRO => RJ => 8233-8687 => 2223-4865 =>  => PX AO HOTEL VERSALAINE. => 01 => 136216 => G.ROUPA MOVAL 6P PARIS TB/BR =>  =>  =>  =>  =>  =>  =>  =>  =>  =>  =>  =>  =>  =>  =>  =>  =>  =>  =>  =>  =>  =>  =>  =>  =>  =>  =>  =>  =>  =>  =>  =>  =>  =>  =>  =>  =>  =>  => "

-------------------------------
 
ALTERAÇÃO DE CLIENTE
POST => "ANNE" Data => "2012-07-11 11:42:43", Alterou o Cliente de vale 510285 => "INFORMAÇÕES ALTERADAS => "1 => 4384 => 18 => 35 => 19 => 0 => 0 => 28/06/2012 => 510285 => 180 => 510285 => 23/06/2012 => GREICE CORREA DA SILVA => 503411 => JACQUELINE COSTA DE ARAUJO SANTOS  =>  => PROFESSOR EDUARDO VIANA => 898 =>  => ANDRADE ARAUJO => NOVA IGUAÇU =>  => 9224-8675 =>  =>  => PROX AO COLEGIO PAULO TARSO CD 271 =>  => 1 => 140391 => G.ROUPA ARAPLAC 8P AUSTRIA TB/BR => 0 =>  => 0 =>  => 0 =>  => 0 =>  => 0 =>  => 0 =>  => 0 =>  => 0 =>  => 0 =>  => 0 =>  => 0 =>  => 0 =>  => 0 =>  => 0 =>  => 0 =>  => 0 =>  => 0 =>  => 0 =>  => 0 =>  => "

-------------------------------
 
CADASTRO DE CLIENTE
POST => "ANNE" Data => "2012-07-11 11:49:03", Cadastrou o Cliente de vale 499640 => "INFORMAÇÕES CADASTRADAS => "18 => 14 => 20 => 0 => 0 => 11/07/2012 => 499640 => 282 => 4548 => 01/06/2012 => ANDREA LISBOA RIBEIRO SILVA => 458298/199 => ANNA MARIA DA SILVA =>  => RUA BORBOLETA AMARELA => 48 => CASA => ANIL => RIO DE JANEIRO => RJ => 2436-6212 =>  =>  =>  => 01 => 140041 => SAPATEIRA CARRARO MULTI =>  =>  =>  =>  =>  =>  =>  =>  =>  =>  =>  =>  =>  =>  =>  =>  =>  =>  =>  =>  =>  =>  =>  =>  =>  =>  =>  =>  =>  =>  =>  =>  =>  =>  =>  =>  =>  =>  => "

-------------------------------
 
ALTERAÇÃO DE CLIENTE
POST => "ANNE" Data => "2012-07-11 12:43:32", Alterou o Cliente de vale 505972 => "INFORMAÇÕES ALTERADAS => "1 => 4270 => 18 => 23 => 19 => 0 => 0 => 20/06/2012 => 505972 => 241 => 21 => 15/06/2012 => JULIO CESAR VIEIRA SOARES => 8597/199 => HELEN ROSE PAIXAO ABREU => 20251250 => TRAVESSA MARROCOS => 12 =>  => RIO COMPRIDO => RIO DE JANEIRO => RJ => 3971-2162 => 3094-8250 => 9668-9172 => PROX A QUADRA DO FOGUETEIRO PROC HELIDA => OBS: CLIENTE SÓ PODE AOS SÁBADOS , WILTON VAI ATENDER 07/07/2012,(FEITO PEDIDO DE PEÇA 11/07) => 1 => 136543 => COZINHA  LUCIANE DAKAR CHAMP/NOG => 0 =>  => 0 =>  => 0 =>  => 0 =>  => 0 =>  => 0 =>  => 0 =>  => 0 =>  => 0 =>  => 0 =>  => 0 =>  => 0 =>  => 0 =>  => 0 =>  => 0 =>  => 0 =>  => 0 =>  => 0 =>  => 0 =>  => "

-------------------------------
 
ALTERAÇÃO DE CLIENTE
POST => "ANNE" Data => "2012-07-11 12:49:10", Alterou o Cliente de vale 568061 => "INFORMAÇÕES ALTERADAS => "1 => 4248 => 18 => 19 => 11 => 0 => 2 => 19/06/2012 => 568061 => 241 => 568061 => 19/06/2012 =>  =>  => SILVANA RODRIGUES DA SILVA =>  => GOMES LOPES => 12 => 27 => SANTA TERESA => RIO DE JANEIRO =>  => 2284-1088 =>  =>  => agend: terça 19/6 Luciana => FEITO PEDIDO DE PEÇA 11/07! => 1 => 16377 => CAMA CS N.HORIZ ANGRA PLUS AM/AM/PT => 0 =>  => 0 =>  => 0 =>  => 0 =>  => 0 =>  => 0 =>  => 0 =>  => 0 =>  => 0 =>  => 0 =>  => 0 =>  => 0 =>  => 0 =>  => 0 =>  => 0 =>  => 0 =>  => 0 =>  => 0 =>  => 0 =>  => "

-------------------------------
 
ALTERAÇÃO DE CLIENTE
POST => "ANNE" Data => "2012-07-11 12:55:24", Alterou o Cliente de vale 537955 => "INFORMAÇÕES ALTERADAS => "1 => 4373 => 18 => 12 => 14 => 0 => 2 => 28/06/2012 => 537955 => 167 => 537955 => 26/06/2012 =>  =>  => HENRIQUE ABREU DA SILVA VELHO =>  => RUA AV NOSSA SENHORA DE COPACABANA => 1049 => AP 404 => COPACABANA => RIO DE JANEIRO => RJ => 8750-2000 =>  =>  => ENTRE MIGUEL LEMOS E DJALAM URICH => FEITO PEDIDO DE PEÇA 11/07! => 1 => 138033 => G.ROUPA ARAPLAC 10P ATLAN PLUS TB/AM => 0 =>  => 0 =>  => 0 =>  => 0 =>  => 0 =>  => 0 =>  => 0 =>  => 0 =>  => 0 =>  => 0 =>  => 0 =>  => 0 =>  => 0 =>  => 0 =>  => 0 =>  => 0 =>  => 0 =>  => 0 =>  => 0 =>  => "

-------------------------------
 
ALTERAÇÃO DE CLIENTE
POST => "MIRIAN" Data => "2012-07-11 12:59:24", Alterou o Cliente de vale 488307 => "INFORMAÇÕES ALTERADAS => "1 => 4236 => 11 => 33 => 14 => 0 => 0 => 15/06/2012 => 488307 => 180 => 1660 => 15/05/2012 => ADILSON DA SILVA FILADELFO => 36551/199 => NILDA ARAUJO BARZAN => 26600000 => ALZIRA ZARU => 1265 =>  => CENTRO => PARACAMBI => RJ => 3693-4537 =>  =>  => ESSA RUA FICA NA ESTAÇÃO DE LAGES => agend:30/6 Luciana //agendado p/14/07/12. => 1 => 140351 => G.ROUPA N.HORIZ 6P VENUS BR/PTO => 1 => 16377 => CAMA CS N.HORIZ ANGRA PLUS AM/AM/PT => 0 =>  => 0 =>  => 0 =>  => 0 =>  => 0 =>  => 0 =>  => 0 =>  => 0 =>  => 0 =>  => 0 =>  => 0 =>  => 0 =>  => 0 =>  => 0 =>  => 0 =>  => 0 =>  => 0 =>  => 0 =>  => "

-------------------------------
 
ALTERAÇÃO DE CLIENTE
POST => "ANNE" Data => "2012-07-11 14:24:12", Alterou o Cliente de vale 515135 => "INFORMAÇÕES ALTERADAS => "1 => 4463 => 18 => 26 => 19 => 0 => 0 => 06/07/2012 => 515135 => 180 => 3123 => 02/07/2012 => ADRIANA DOS REIS MILIONE DOS SANTOS => 62379/199 => ROSILENE BATISTA DOS SANTOS GODES => 26143050 => RUA: MANUEL VIDAL => 14 => QD 30 => JARDIM DAS ACÁCIAS => BELFORD ROXO => RJ => 2762-4586 => 9868-8286 =>  => PROX A PRIMEIRA IGREJA BATISTA DE ITAIPU => PRODUTO FOI MONTADO POR OUTRO MONTADOR,FOI NECESSÁRIO SOLICITAR PEÇA,POIS PEÇA ENCONTRA-SE ARRANHADA/DESCASCANDO,FEITO PEDIDO DE PEÇA 11/07! => 1 => 141552 => CJ SALA JANTAR ORTIZ VALENCIA 6C AMEN => 0 =>  => 0 =>  => 0 =>  => 0 =>  => 0 =>  => 0 =>  => 0 =>  => 0 =>  => 0 =>  => 0 =>  => 0 =>  => 0 =>  => 0 =>  => 0 =>  => 0 =>  => 0 =>  => 0 =>  => 0 =>  => 0 =>  => "

-------------------------------
 
CADASTRO DE CLIENTE
POST => "ANNE" Data => "2012-07-11 14:39:49", Cadastrou o Cliente de vale 452384 => "INFORMAÇÕES CADASTRADAS => "18 => 10 => 18 => 0 => 0 => 11/07/2012 => 452384 => 180 => 42351 => 26/03/2012 => STEFANO DIAS DE MATOS => 516959/199 => MONIQUI ARCANJO DE OLIVEIRA =>  => RUA LUIS JOSE NETO JUNIOR => 196 => FDS CASA => PARQUE ANCHIETA => RIO DE JANEIRO => RJ => 7150-2724 =>  =>  => PX BRIZOLAO MONIQUE. => 01 => 135481 => COZ KIPLAC RENATA PLUS BR/PTO =>  =>  =>  =>  =>  =>  =>  =>  =>  =>  =>  =>  =>  =>  =>  =>  =>  =>  =>  =>  =>  =>  =>  =>  =>  =>  =>  =>  =>  =>  =>  =>  =>  =>  =>  =>  =>  =>  => "

-------------------------------
 
ALTERAÇÃO DE CLIENTE
POST => "simone" Data => "2012-07-11 14:58:49", Alterou o Cliente de vale 517448 => "INFORMAÇÕES ALTERADAS => "1 => 4471 => 35 => 41 => 23 => 0 => 0 => 06/07/2012 => 517448 => 179 => 18837 => 04/07/2012 => ANDERSON PEREIRA SANTOS =>  => BRUNO RAFAEL DE ALMEIDA LOURENCO => 25245810 => RUA ROGERIO => 3 => CASA => XERÉM => DUQUE DE CAXIAS => RJ => 3652-9789 =>  =>  => PROX A ESTRADA RIO DO OURO EM FRENTE AO CEMITERIO 51 SRA ADALINA CHAMAR  NA CASA SRA ADALINA OU JOSE MANOEL => obs: a empregada , falou que esta montado mas a porta esta com defeito, aguardando o montador trazer as peças. => 1 => 139530 => G. ROUPA MOVAL 3P SANTIAGO IMB/PTO => 0 =>  => 0 =>  => 0 =>  => 0 =>  => 0 =>  => 0 =>  => 0 =>  => 0 =>  => 0 =>  => 0 =>  => 0 =>  => 0 =>  => 0 =>  => 0 =>  => 0 =>  => 0 =>  => 0 =>  => 0 =>  => 0 =>  => "

-------------------------------
 
ALTERAÇÃO DE CLIENTE
POST => "ANNE" Data => "2012-07-11 14:59:51", Alterou o Cliente de vale 587248 => "INFORMAÇÕES ALTERADAS => "1 => 4336 => 18 => 2 => 11 => 0 => 2 => 28/06/2012 => 587248 => 216 => 587248 => 26/06/2012 =>  =>  => MARIA APARECIDA FERREIRA DA SILVA =>  => RUA TUPACIGUARA => 210 => CS A => NARECHAL HERMES => RIO DE JANEIRO => RJ => 2451-3505 => 7645-9713 =>  => PROX APOS A RUA OPERARIO PROX AO MERCADO => FEITO PEDIDO DE PEÇA 11/07! => 1 => 6078 => RACK KIPLAC TORRE PLUS LUXO AR/MP => 0 =>  => 0 =>  => 0 =>  => 0 =>  => 0 =>  => 0 =>  => 0 =>  => 0 =>  => 0 =>  => 0 =>  => 0 =>  => 0 =>  => 0 =>  => 0 =>  => 0 =>  => 0 =>  => 0 =>  => 0 =>  => 0 =>  => "

-------------------------------
 
ALTERAÇÃO DE CLIENTE
POST => "marta" Data => "2012-07-11 15:08:09", Alterou o Cliente de vale 518677 => "INFORMAÇÕES ALTERADAS => "1 => 4500 => 22 => 21 => 16 => 0 => 0 => 06/07/2012 => 518677 => 179 => 19310 => 06/07/2012 => ANDERSON PEREIRA SANTOS =>  => ALESSANDRA FARIAS SIMAO => 26187560 => RUA SÃO JOÃO => 11 => CASA 05 => MALHAPÃO => BELFORD ROXO => RJ => 2699-5622 => 9680-0871 =>  => APOS O CAMPO DO RODO 2 EQUINA COM ASS DE DEUS. =>  => 1 => 140094 => G.ROUPA BERGAMO 5P LISBOA IMB/PTO => 0 =>  => 0 =>  => 0 =>  => 0 =>  => 0 =>  => 0 =>  => 0 =>  => 0 =>  => 0 =>  => 0 =>  => 0 =>  => 0 =>  => 0 =>  => 0 =>  => 0 =>  => 0 =>  => 0 =>  => 0 =>  => 0 =>  => "

-------------------------------
 
ALTERAÇÃO DE CLIENTE
POST => "simone" Data => "2012-07-11 15:15:46", Alterou o Cliente de vale 429232 => "INFORMAÇÕES ALTERADAS => "1 => 1079 => 35 => 32 => 26 => 0 => 0 => 12/03/2012 => 429232 => 230 => 85049 => 27/02/2012 =>  =>  => EDVALDO FRANCISCO DO NASCIMENTO CUNHA => 23587010 => RUA: A => 40 =>  => SEPETIBA => RIO DE JANEIRO => RJ =>  =>  =>  => email passado ao naec dia 10-05-12 camila => END : RUA SENHOR JESUS, 40   PACIENCIA, RIO DE JANEIRO/RJ
REF: AV CES DE MELO BAIRRO PRIM DE ABRIL PROX CASAS DA CX ECONOMICA PROX PRACA DO JAMELA PROX  PONTO FINAL KOMBI SR EDIVALDO
TEL 33561150  , 92759484 => 1 => 136651 => COZINHA TELASSUL CRISTAL 80123 BR => 0 =>  => 0 =>  => 0 =>  => 0 =>  => 0 =>  => 0 =>  => 0 =>  => 0 =>  => 0 =>  => 0 =>  => 0 =>  => 0 =>  => 0 =>  => 0 =>  => 0 =>  => 0 =>  => 0 =>  => 0 =>  => 0 =>  => "

-------------------------------
 
ALTERAÇÃO DE CLIENTE
POST => "simone" Data => "2012-07-11 15:18:22", Alterou o Cliente de vale 429232 => "INFORMAÇÕES ALTERADAS => "1 => 1079 => 35 => 19 => 29 => 0 => 0 => 12/03/2012 => 429232 => 230 => 85049 => 27/02/2012 =>  =>  => EDVALDO FRANCISCO DO NASCIMENTO CUNHA => 23587010 => RUA: A => 40 =>  => SEPETIBA => RIO DE JANEIRO => RJ =>  =>  =>  => email passado ao naec dia 10-05-12 camila => END : RUA SENHOR JESUS, 40   PACIENCIA, RIO DE JANEIRO/RJ
REF: AV CES DE MELO BAIRRO PRIM DE ABRIL PROX CASAS DA CX ECONOMICA PROX PRACA DO JAMELA PROX  PONTO FINAL KOMBI SR EDIVALDO
TEL 33561150  , 92759484 => 1 => 136651 => COZINHA TELASSUL CRISTAL 80123 BR => 0 =>  => 0 =>  => 0 =>  => 0 =>  => 0 =>  => 0 =>  => 0 =>  => 0 =>  => 0 =>  => 0 =>  => 0 =>  => 0 =>  => 0 =>  => 0 =>  => 0 =>  => 0 =>  => 0 =>  => 0 =>  => 0 =>  => "

-------------------------------
 
ALTERAÇÃO DE CLIENTE
POST => "MIRIAN" Data => "2012-07-11 16:21:14", Alterou o Cliente de vale 518500 => "INFORMAÇÕES ALTERADAS => "1 => 4501 => 11 => 27 => 10 => 0 => 1 => 06/07/2012 => 518500 => 179 => 151723 => 06/07/2012 => ANDERSON PEREIRA SANTOS =>  => LUCINALDO NOBREGA DE LIMA => 25045360 => RUA NATIVIDADE SALDANHA => 111 =>  => PILAR => DUQUE DE CAXIAS => RJ => 9729-0597 =>  =>  => PROX A LOJA DE TINTAS , PROX AO POSTO MEDICOTEL. => cliente mudou de endereço ja alterado no sistema.o mesmo será atendido até 14/07/12. => 1 => 140391 => G.ROUPA ARAPLAC 8P AUSTRIA TB/BR => 0 =>  => 0 =>  => 0 =>  => 0 =>  => 0 =>  => 0 =>  => 0 =>  => 0 =>  => 0 =>  => 0 =>  => 0 =>  => 0 =>  => 0 =>  => 0 =>  => 0 =>  => 0 =>  => 0 =>  => 0 =>  => 0 =>  => "

-------------------------------
