 
CADASTRO DE CLIENTE
POST => "luciana" Data => "2012-06-04 13:11:10", Cadastrou o Cliente de vale 500545 => "INFORMAÇÕES CADASTRADAS => "5 => 33 => 31 => 0 => 0 => 04/06/2012 => 500545 => 629 => 629 => 04/06/2012 => ALVARO LIMA DA SILVA => 12045 => RENATA SANTANA => 23595040 => TREZe => 167 =>  => Santa Cruz => Rio de Janeiro => RJ => 7599-1861 =>  =>  => AGEND:TERÇA 5/6 LUCIANA => 01 => 140341 => BICAMA FRITZ TURIM BR/LILAS =>  =>  =>  =>  =>  =>  =>  =>  =>  =>  =>  =>  =>  =>  =>  =>  =>  =>  =>  =>  =>  =>  =>  =>  =>  =>  =>  =>  =>  =>  =>  =>  =>  =>  =>  =>  =>  =>  => "

-------------------------------
 
CADASTRO DE CLIENTE
POST => "luciana" Data => "2012-06-04 13:22:30", Cadastrou o Cliente de vale 500063 => "INFORMAÇÕES CADASTRADAS => "5 => 12 => 34 => 0 => 0 => 02/06/2012 => 500063 => 238 => 50047 => 02/06/2012 => HUGO LEONARDO FERREIRA MORAIS => 363559 => FERNANDADA COSTA MEDEIROS  => 23017350 => Rua: Iperana => 118 => CS12 => Campo Grande => Rio de Janeiro => RJ => 9405-2831 =>  =>  =>  => 01 => 138033 => G.ROUPA ARAPLAC 10P ATLAN PLUS TB/AM =>  =>  =>  =>  =>  =>  =>  =>  =>  =>  =>  =>  =>  =>  =>  =>  =>  =>  =>  =>  =>  =>  =>  =>  =>  =>  =>  =>  =>  =>  =>  =>  =>  =>  =>  =>  =>  =>  => "

-------------------------------
 
ALTERAÇÃO DE CLIENTE
POST => "luciana" Data => "2012-06-04 13:24:52", Alterou o Cliente de vale 500063 => "INFORMAÇÕES ALTERADAS => "1 => 4075 => 5 => 33 => 25 => 0 => 1 => 02/06/2012 => 500063 => 238 => 50047 => 02/06/2012 => HUGO LEONARDO FERREIRA MORAIS => 363559 => FERNANDADA COSTA MEDEIROS => 23017350 => RUA: IPERANA => 118 => CS12 => CAMPO GRANDE => RIO DE JANEIRO => RJ => 9405-2831 =>  =>  =>  =>  => 1 => 138033 => G.ROUPA ARAPLAC 10P ATLAN PLUS TB/AM => 0 =>  => 0 =>  => 0 =>  => 0 =>  => 0 =>  => 0 =>  => 0 =>  => 0 =>  => 0 =>  => 0 =>  => 0 =>  => 0 =>  => 0 =>  => 0 =>  => 0 =>  => 0 =>  => 0 =>  => 0 =>  => 0 =>  => "

-------------------------------
 
ALTERAÇÃO DE CLIENTE
POST => "luciana" Data => "2012-06-04 13:26:43", Alterou o Cliente de vale 500063 => "INFORMAÇÕES ALTERADAS => "1 => 4075 => 5 => 33 => 19 => 0 => 1 => 02/06/2012 => 500063 => 238 => 50047 => 02/06/2012 => HUGO LEONARDO FERREIRA MORAIS => 363559 => FERNANDADA COSTA MEDEIROS => 23017350 => RUA: IPERANA => 118 => CS12 => CAMPO GRANDE => RIO DE JANEIRO => RJ => 9405-2831 =>  =>  =>  =>  => 1 => 138033 => G.ROUPA ARAPLAC 10P ATLAN PLUS TB/AM => 0 =>  => 0 =>  => 0 =>  => 0 =>  => 0 =>  => 0 =>  => 0 =>  => 0 =>  => 0 =>  => 0 =>  => 0 =>  => 0 =>  => 0 =>  => 0 =>  => 0 =>  => 0 =>  => 0 =>  => 0 =>  => 0 =>  => "

-------------------------------
 
ALTERAÇÃO DE CLIENTE
POST => "simone" Data => "2012-06-04 13:38:02", Alterou o Cliente de vale 391636 => "INFORMAÇÕES ALTERADAS => "1 => 4003 => 35 => 29 => 21 => 2 => 0 => 31/05/2012 => 391636 => 198 => 49797 => 16/01/2012 => CRISTIANE SANTANA SANTOS COUTI => 455392 => MARIA DE FATIMA M PINHEIRO => 21655340 => RUA: IGUABA GRANDE N 167 => bl4 => APT 1606 => PAVUNA => RIO DE JANEIRO => RJ => 2755-5383 =>  =>  =>  =>  => 1 => 140391 => G.ROUPA ARAPLAC 8P AUSTRIA TB/BR => 0 =>  => 0 =>  => 0 =>  => 0 =>  => 0 =>  => 0 =>  => 0 =>  => 0 =>  => 0 =>  => 0 =>  => 0 =>  => 0 =>  => 0 =>  => 0 =>  => 0 =>  => 0 =>  => 0 =>  => 0 =>  => 0 =>  => "

-------------------------------
 
ALTERAÇÃO DE CLIENTE
POST => "simone" Data => "2012-06-04 14:04:49", Alterou o Cliente de vale 494626 => "INFORMAÇÕES ALTERADAS => "1 => 3870 => 35 => 26 => 20 => 2 => 0 => 24/05/2012 => 494626 => 213 => 14189 => 23/05/2012 => MOISES CASTELO JUNIOR => 493586/S => MIRIAM FARIAS DO AMARAL => 25900000 => RUA DUQUE DE CAXIAS => 484 => CS 03 => TIRIRICA => MAGÉ => RJ => 2633-2259 =>  =>  => EM FRENTE AO DEPOSITO DE PISO MARQUINS AO LADO DA BARRACA DA CELI => OBS: motivo maquina quebrou reagend:  05/06/2012  => 1 => 98715 => ESTANTE BECHARA CANADA HO AMEND/PTO => 0 =>  => 0 =>  => 0 =>  => 0 =>  => 0 =>  => 0 =>  => 0 =>  => 0 =>  => 0 =>  => 0 =>  => 0 =>  => 0 =>  => 0 =>  => 0 =>  => 0 =>  => 0 =>  => 0 =>  => 0 =>  => 0 =>  => "

-------------------------------
 
ALTERAÇÃO DE CLIENTE
POST => "simone" Data => "2012-06-04 14:15:24", Alterou o Cliente de vale 248244 => "INFORMAÇÕES ALTERADAS => "1 => 3867 => 35 => 24 => 20 => 2 => 0 => 24/05/2012 => 248244 => 173 => 25164 => 18/08/2012 => ALLAN CARLOS DA SILVA => 269196/199 => PAULO DAVYD STADLER JUNIOR => 21910115 => RUA SAO LAZARO S/ N  =>  =>  =>  => QUEIMADOS  => RJ => 9838-3962 =>  =>  => PROXIMO AO SITIO CHALON. => CLIENTE MUDOU DE ENDEREÇO, PARA QUEIMADOS JA MODIFIQUEI O ENDEREÇO.LIGUEI PARA PERGUNTAR QUAL ERA O BAIRRO MAIS ESTA NA CAIXA POSTAL. => 1 => 9302 => KIT COZ KP 6P DELTA COLOR BR/ VD => 0 =>  => 0 =>  => 0 =>  => 0 =>  => 0 =>  => 0 =>  => 0 =>  => 0 =>  => 0 =>  => 0 =>  => 0 =>  => 0 =>  => 0 =>  => 0 =>  => 0 =>  => 0 =>  => 0 =>  => 0 =>  => 0 =>  => "

-------------------------------
 
ALTERAÇÃO DE CLIENTE
POST => "MIRIAN" Data => "2012-06-04 14:32:15", Alterou o Cliente de vale 345173 => "INFORMAÇÕES ALTERADAS => "1 => 4060 => 11 => 20 => -1 => 2 => 0 => 01/06/2012 => 345173 => 198 => 46415 => 03/12/2011 => ROSIMARI MIRANDA DOS SANTOS => 388611/199 => FRANCISCO CLAUDIO HENRIQUE DE SOUZA => 26031031 => ESTRADA ARISCHIAVO => 744 => CS 01FDS => CHACRINHA => JAPERI => RJ => 2670-5237 =>  =>  => DE FRENTE DO BAR DO GEGE PERTO VOOLIVRE PROC CLAUDIA => agendado p/05/06/12. => 1 => 140391 => G.ROUPA ARAPLAC 8P AUSTRIA TB/BR => 0 =>  => 0 =>  => 0 =>  => 0 =>  => 0 =>  => 0 =>  => 0 =>  => 0 =>  => 0 =>  => 0 =>  => 0 =>  => 0 =>  => 0 =>  => 0 =>  => 0 =>  => 0 =>  => 0 =>  => 0 =>  => 0 =>  => "

-------------------------------
 
ALTERAÇÃO DE CLIENTE
POST => "MIRIAN" Data => "2012-06-04 15:13:36", Alterou o Cliente de vale 407892 => "INFORMAÇÕES ALTERADAS => "1 => 4070 => 11 => 47 => 32 => 2 => 0 => 01/06/2012 => 407892 => 243 => 57154 => 31/01/2012 => VANESSA DOMINGUES FERREIRA DE => 475440/199 => CAMILA SOARES => 26262060 => RUA: ALCINDO RAFAEL => 1 =>  => COMENDADOR SOARES => NOVA IGUAÇU => RJ => 3103-4819 => 9105-2191 =>  => PROX A SUB ESTAÇÃO DA LIGHT NA RUA DO BAR DO ZEZINHO => Agendado p/06/06/12. => 1 => 140391 => G.ROUPA ARAPLAC 8P AUSTRIA TB/BR => 0 =>  => 0 =>  => 0 =>  => 0 =>  => 0 =>  => 0 =>  => 0 =>  => 0 =>  => 0 =>  => 0 =>  => 0 =>  => 0 =>  => 0 =>  => 0 =>  => 0 =>  => 0 =>  => 0 =>  => 0 =>  => 0 =>  => "

-------------------------------
 
ALTERAÇÃO DE CLIENTE
POST => "luciana" Data => "2012-06-04 15:41:03", Alterou o Cliente de vale 490556 => "INFORMAÇÕES ALTERADAS => "1 => 3804 => 5 => 18 => 34 => 0 => 0 => 21/05/2012 => 490556 => 179 => 8547 => 17/05/2012 => CLEBER HONORATO DA LUZ => 34043/199 => PATRICIA CARDOSO DE ANDRADE => 25245810 => DOURO Nº 486 => 486 =>  => AMAPA => DUQUE DE CAXIAS => RJ => 3630-8579 => 9912-7841 =>  => Ponto final do onibus amapá. cliente não atende o tel acima dia 29/5 as 13:24hs  agend: 31/5 LUCIANA =>  => 1 => 6340 => COMODA RV LONDRES TB/BR => 0 =>  => 0 =>  => 0 =>  => 0 =>  => 0 =>  => 0 =>  => 0 =>  => 0 =>  => 0 =>  => 0 =>  => 0 =>  => 0 =>  => 0 =>  => 0 =>  => 0 =>  => 0 =>  => 0 =>  => 0 =>  => 0 =>  => "

-------------------------------
 
CADASTRO DE CLIENTE
POST => "luciana" Data => "2012-06-04 15:42:18", Cadastrou o Cliente de vale 49055 => "INFORMAÇÕES CADASTRADAS => "5 => 43 => 10 => 0 => 2 => 21/05/2012 => 49055 => 179 => 49055 => 21/05/2012 =>  =>  => PATRICIA CARDOSO DE ANDRADE =>  => DOURO  => 486 =>  => AMAPA => Duque de Caxias =>  =>  =>  =>  =>  => 01 => 6340 => COMODA RV LONDRES TB/BR =>  =>  =>  =>  =>  =>  =>  =>  =>  =>  =>  =>  =>  =>  =>  =>  =>  =>  =>  =>  =>  =>  =>  =>  =>  =>  =>  =>  =>  =>  =>  =>  =>  =>  =>  =>  =>  =>  => "

-------------------------------
