 
ALTERAÇÃO DE CLIENTE
POST => "luciana" Data => "2012-07-27 09:24:21", Alterou o Cliente de vale 462819 => "INFORMAÇÕES ALTERADAS => "1 => 3789 => 5 => 25 => 21 => 0 => 0 => 18/05/2012 => 462819 => 211 => 462819 => 04/04/2012 => DANIELA VENTURI MARQUES => 539502 => GEOVANIA APARECIDA DOS SANTOS HOLANDA =>  => DAS OLIVEIRAS  LT 22 QD 40 =>  =>  => JARDIM MAR => ITAGUAI =>  => 6717-1857 =>  =>  => ATRAS DA LINHA DO TREM PROC ADRIANO  JOSE FERNANDO VAI ATENDE  => TEM DO CLIENTE NAO ATENDE,ENVIEI UM E-MAIL P/NAEC PEDINDO UM OUTRO TEL DE CONTATO.NOTA COM MARCELO PASSADO P/ROTA COM OUTRO MONTADOR => 1 => 134892 => COZ ITAT CRIATIVA MAXII2VPTO => 0 =>  => 0 =>  => 0 =>  => 0 =>  => 0 =>  => 0 =>  => 0 =>  => 0 =>  => 0 =>  => 0 =>  => 0 =>  => 0 =>  => 0 =>  => 0 =>  => 0 =>  => 0 =>  => 0 =>  => 0 =>  => 0 =>  => "

-------------------------------
 
CADASTRO DE CLIENTE
POST => "luciana" Data => "2012-07-27 09:32:41", Cadastrou o Cliente de vale 543279 => "INFORMAÇÕES CADASTRADAS => "5 => 26 => 19 => 0 => 2 => 26/07/2012 => 543279 => 213 => 543279 => 24/07/2012 =>  =>  => LEONARDO MARCAL GUIMARAES =>  => AINO SATO => 98 =>  => PIABETA  => Magé =>  => 2659-0853 =>  =>  =>  => 01 => 140391 => G.ROUPA ARAPLAC 8P AUSTRIA TB/BR =>  =>  =>  =>  =>  =>  =>  =>  =>  =>  =>  =>  =>  =>  =>  =>  =>  =>  =>  =>  =>  =>  =>  =>  =>  =>  =>  =>  =>  =>  =>  =>  =>  =>  =>  =>  =>  =>  => "

-------------------------------
 
CADASTRO DE CLIENTE
POST => "simone" Data => "2012-07-27 09:33:18", Cadastrou o Cliente de vale 530051 => "INFORMAÇÕES CADASTRADAS => "35 => 28 => 21 => 0 => 0 => 26/07/2012 => 530051 => 197 => 6799 => 25/07/2012 => ADEILSON DA CRUZ GABRIEL =>  => JOAO DA SILVA SOBRINHO  => 26362566 => RUA TAUBATE  => 22 => CASA  => AUSTIN  => NOVA IGUACU => RJ => 2763-0158 =>  =>  => UMA RUA ANTES DO CAMPO DO VILA SÃO MIGUEL E RESTAURANTE DO PEIXE  => 1 => 8323 => RACK SOMOPAR 20000 TB/MP =>  =>  =>  =>  =>  =>  =>  =>  =>  =>  =>  =>  =>  =>  =>  =>  =>  =>  =>  =>  =>  =>  =>  =>  =>  =>  =>  =>  =>  =>  =>  =>  =>  =>  =>  =>  =>  =>  => "

-------------------------------
 
CADASTRO DE CLIENTE
POST => "simone" Data => "2012-07-27 09:44:26", Cadastrou o Cliente de vale 530049 => "INFORMAÇÕES CADASTRADAS => "35 => 46 => 25 => 0 => 0 => 26/07/2012 => 530049 => 245 => 5107 => 25/07/2012 => SUZY DE ARAUJO =>  => ADILEA VIEIRA SANTIAGO  => 22783410 => RUA JORNALISTA LUIZ EDUARDO LOBO => 437 => CS 5 QD 03 => RECREIO DOS BANDEIRANTES => RIO DE JANEIRO => RJ => 2442-1156 =>  =>  => ESTR DOS BANDEIRANTES N 13800 NA RUA TEM UM ORTIFRUTI ENTRAR NA RUA DA LOJA DE GESSO COND COQUEIRO ADILEA. => 1 => 99076 => ARM ITAT MAD IP HT-105 TECNO B/PT/L =>  =>  =>  =>  =>  =>  =>  =>  =>  =>  =>  =>  =>  =>  =>  =>  =>  =>  =>  =>  =>  =>  =>  =>  =>  =>  =>  =>  =>  =>  =>  =>  =>  =>  =>  =>  =>  =>  => "

-------------------------------
 
CADASTRO DE CLIENTE
POST => "simone" Data => "2012-07-27 09:48:07", Cadastrou o Cliente de vale 529641 => "INFORMAÇÕES CADASTRADAS => "35 => 40 => 19 => 0 => 1 => 26/07/2012 => 529641 => 245 => 649 => 25/07/2012 => RODRIGO ZANATTA MACHADO DA SIL  =>  => RODRIGO BRUNORO GOMES  => 22723205 => ESTRADA: DOS TEIXEIRAS => 407 => CS 24 AP 201 => TAQUARA => RIO DE JANEIRO => RJ => 2445-1423 => 9212-3322 =>  => REF PROX AO MERCADO ESTRELA DE DAVI CL CIENTE MERC SEM MONTAGEM OK => 1 => 140391 => G.ROUPA ARAPLAC 8P AUSTRIA TB/BR =>  =>  =>  =>  =>  =>  =>  =>  =>  =>  =>  =>  =>  =>  =>  =>  =>  =>  =>  =>  =>  =>  =>  =>  =>  =>  =>  =>  =>  =>  =>  =>  =>  =>  =>  =>  =>  =>  => "

-------------------------------
 
CADASTRO DE CLIENTE
POST => "simone" Data => "2012-07-27 09:51:22", Cadastrou o Cliente de vale 530047 => "INFORMAÇÕES CADASTRADAS => "35 => 35 => 19 => 0 => 0 => 26/07/2012 => 530047 => 243 => 8549 => 25/07/2012 => NUBIA DOS SANTOS FERREIRA  =>  => MARIA DE FATIMA DA SILVA NOGUEIRA  => 26130420 => RUA ALMEIDA SANTOS => 246 => CASA => VILA SANTO ANTÔNIO DA PRATA => BELFORD ROXO => RJ =>  =>  =>  => UMA RUA ANTES DO POMBAL PROC GILDA  => 1 => 140094 => G.ROUPA BERGAMO 5P LISBOA IMB/PTO =>  =>  =>  =>  =>  =>  =>  =>  =>  =>  =>  =>  =>  =>  =>  =>  =>  =>  =>  =>  =>  =>  =>  =>  =>  =>  =>  =>  =>  =>  =>  =>  =>  =>  =>  =>  =>  =>  => "

-------------------------------
 
CADASTRO DE CLIENTE
POST => "simone" Data => "2012-07-27 09:54:17", Cadastrou o Cliente de vale 530042 => "INFORMAÇÕES CADASTRADAS => "35 => 24 => 28 => 0 => 0 => 26/07/2012 => 530042 => 179 => 16812 => 25/07/2012 => ANDERSON PEREIRA SANTOS =>  => TATIANE SANTARONI DE CARVALHO  => 25560581 => RUA: IMBUI => LT 1 => QD X => VILAR DOS TELES  => SÃO JOÃO DE MERITI => RJ => 8790-8567 =>  =>  => PADARIA DA FABRICA DE GELO MONTE CARLOS SUBIDA DO P FINAL DO LINAVE MORRO DOSS PARAIBA PROC LUIZA => 1 => 139530 => G. ROUPA MOVAL 3P SANTIAGO IMB/PTO =>  =>  =>  =>  =>  =>  =>  =>  =>  =>  =>  =>  =>  =>  =>  =>  =>  =>  =>  =>  =>  =>  =>  =>  =>  =>  =>  =>  =>  =>  =>  =>  =>  =>  =>  =>  =>  =>  => "

-------------------------------
 
CADASTRO DE CLIENTE
POST => "simone" Data => "2012-07-27 09:57:17", Cadastrou o Cliente de vale 529817 => "INFORMAÇÕES CADASTRADAS => "35 => 38 => 11 => 0 => 1 => 26/07/2012 => 529817 => 245 => 28842 => 25/07/2012 => VANIA MARIA FERNANDES  =>  => GESELLE BERENICE P DE CARVALHO  => 22780791 => RUA ANDROCLES, APTO 205 => 12 => QD 12 LT 24 => CURICICA => RIO DE JANEIRO => RJ => 2427-8156 =>  =>  => PERTO DO COLEGIO ALINA DE BRITO PROC JANETE  => 1 => 8488 => G.ROUPA ARAMOVEIS 3P 4149 TB/BR =>  =>  =>  =>  =>  =>  =>  =>  =>  =>  =>  =>  =>  =>  =>  =>  =>  =>  =>  =>  =>  =>  =>  =>  =>  =>  =>  =>  =>  =>  =>  =>  =>  =>  =>  =>  =>  =>  => "

-------------------------------
 
CADASTRO DE CLIENTE
POST => "simone" Data => "2012-07-27 10:00:57", Cadastrou o Cliente de vale 529496 => "INFORMAÇÕES CADASTRADAS => "35 => 35 => 30 => 0 => 1 => 26/07/2012 => 529496 => 245 => 40477 => 25/07/2012 => JORGE MAURICIO RODRIGUES DA CO =>  => ELENI RIBEIRO SALSA  => 21321230 => RUA: LUÍS BELTRÃO => 1127 =>  => VILA VALQUEIRE => RIO DE JANEIRO => RJ => 3017-0088 => 9274-8166 =>  => ENTRADA PELO LADO ESQUERDO DO RIO PROX AO DEPOSITO DE TIJOLO DONA NELI MAE DO DAVI  => 1 => 134892 => COZ ITAT CRIATIVA MAXII2VPTO =>  =>  =>  =>  =>  =>  =>  =>  =>  =>  =>  =>  =>  =>  =>  =>  =>  =>  =>  =>  =>  =>  =>  =>  =>  =>  =>  =>  =>  =>  =>  =>  =>  =>  =>  =>  =>  =>  => "

-------------------------------
 
CADASTRO DE CLIENTE
POST => "MIRIAN" Data => "2012-07-27 10:38:05", Cadastrou o Cliente de vale 542902 => "INFORMAÇÕES CADASTRADAS => "11 => 27 => 18 => 0 => 2 => 27/07/2012 => 542902 => 281 => 542902 => 24/07/2012 =>  =>  => PRISCILA ALVES VIEIRA =>  => RUA VILA VERDE /TRAVESSA 15 => 15 => CS 01 => ROCINHA  => RIO DE JANEIRO => RJ => 3324-0720 => 7703-6154 =>  => PROX AO BAR DO BARRÃO => 01 => 140338 => G ROUPA FRITZ 3P MILAO AMEN/PTO =>  =>  =>  =>  =>  =>  =>  =>  =>  =>  =>  =>  =>  =>  =>  =>  =>  =>  =>  =>  =>  =>  =>  =>  =>  =>  =>  =>  =>  =>  =>  =>  =>  =>  =>  =>  =>  =>  => "

-------------------------------
 
ALTERAÇÃO DE CLIENTE
POST => "MIRIAN" Data => "2012-07-27 10:38:44", Alterou o Cliente de vale 542902 => "INFORMAÇÕES ALTERADAS => "1 => 4825 => 11 => 32 => 21 => 0 => 2 => 27/07/2012 => 542902 => 281 => 542902 => 24/07/2012 =>  =>  => PRISCILA ALVES VIEIRA =>  => RUA VILA VERDE /TRAVESSA 15 => 15 => CS 01 => ROCINHA => RIO DE JANEIRO => RJ => 3324-0720 => 7703-6154 =>  => PROX AO BAR DO BARRÃO ped.20385 =>  => 1 => 140338 => G ROUPA FRITZ 3P MILAO AMEN/PTO => 0 =>  => 0 =>  => 0 =>  => 0 =>  => 0 =>  => 0 =>  => 0 =>  => 0 =>  => 0 =>  => 0 =>  => 0 =>  => 0 =>  => 0 =>  => 0 =>  => 0 =>  => 0 =>  => 0 =>  => 0 =>  => 0 =>  => "

-------------------------------
 
CADASTRO DE CLIENTE
POST => "MIRIAN" Data => "2012-07-27 10:41:39", Cadastrou o Cliente de vale 543259 => "INFORMAÇÕES CADASTRADAS => "11 => 36 => 12 => 0 => 2 => 27/07/2012 => 543259 => 242 => 543259 => 24/07/2012 =>  =>  => ELIANE DE ARAUJO =>  => RUA PRINCIPAL DARCI VARGAS => 399 =>  => CENTRO => SAO JOAO DE MERITI => RJ => 2756-1809 =>  =>  => PROX AO MERCADO BRAULIO PED.47798 => 01 => 136543 => COZINHA  LUCIANE DAKAR CHAMP/NOG =>  =>  =>  =>  =>  =>  =>  =>  =>  =>  =>  =>  =>  =>  =>  =>  =>  =>  =>  =>  =>  =>  =>  =>  =>  =>  =>  =>  =>  =>  =>  =>  =>  =>  =>  =>  =>  =>  => "

-------------------------------
 
CADASTRO DE CLIENTE
POST => "MIRIAN" Data => "2012-07-27 10:45:48", Cadastrou o Cliente de vale 543605 => "INFORMAÇÕES CADASTRADAS => "11 => 41 => 28 => 0 => 2 => 27/07/2012 => 543605 => 242 => 543605 => 24/07/2012 =>  =>  => ANA LUCIA DOS ANJOS SILVA =>  => RUA EULINA  => 377 => CA 05 => COELHO DA ROCHA => SAO JOAO DE MERITI => RJ => 3753-9947 =>  =>  => PROX AO BAR DO RUSSO PROX A DELIO GUARANA PROC ANA LUCIA.PED.52518 => 01 => 140391 => G.ROUPA ARAPLAC 8P AUSTRIA TB/BR => 01 => 16377 => CAMA CS N.HORIZ ANGRA PLUS AM/AM/PT =>  =>  =>  =>  =>  =>  =>  =>  =>  =>  =>  =>  =>  =>  =>  =>  =>  =>  =>  =>  =>  =>  =>  =>  =>  =>  =>  =>  =>  =>  =>  =>  =>  =>  =>  =>  => "

-------------------------------
 
CADASTRO DE CLIENTE
POST => "MIRIAN" Data => "2012-07-27 10:49:09", Cadastrou o Cliente de vale 549139 => "INFORMAÇÕES CADASTRADAS => "11 => 12 => 8 => 0 => 2 => 27/07/2012 => 549139 => 194 => 549139 => 24/07/2012 =>  =>  => MARIA ELOIZA DA COSTA RIBEIRO =>  => AVENIDA CAMOES => 473 => CS 05 => PENHA CIRCULAR => RIO DE JANEIRO => RJ => 7603-7873 => 3371-1016 =>  => EM FRENTE  AO CLUBE COIMBRA ELOIZA PED.42785 => 01 => 5730 => MESA GRANITO LIVIA 4C QUAD NAP/PTO =>  =>  =>  =>  =>  =>  =>  =>  =>  =>  =>  =>  =>  =>  =>  =>  =>  =>  =>  =>  =>  =>  =>  =>  =>  =>  =>  =>  =>  =>  =>  =>  =>  =>  =>  =>  =>  =>  => "

-------------------------------
 
ALTERAÇÃO DE CLIENTE
POST => "marta" Data => "2012-07-27 11:05:14", Alterou o Cliente de vale 520408 => "INFORMAÇÕES ALTERADAS => "1 => 3619 => 22 => 20 => 12 => 0 => 2 => 14/05/2012 => 520408 => 211 => 520408 => 11/05/2012 =>  =>  => LUIZ ANTONIO LIMA COSTA =>  => RUA SAO LUIZ => 5 =>  => PRAIA DO SACO => MANGARATIBA => RJ => 9129-0879 => 3789-0874 =>  => RUA AO LADO DO VALAO PROX A ABARRACA LOURDES DO ASAI => FEITO O PEDIDO DE PEÇAS DIA 26/7 LUCIANA  => 1 => 135251 => G ROUPA FRITZ 3P MILAO AMEN/PTO => 0 =>  => 0 =>  => 0 =>  => 0 =>  => 0 =>  => 0 =>  => 0 =>  => 0 =>  => 0 =>  => 0 =>  => 0 =>  => 0 =>  => 0 =>  => 0 =>  => 0 =>  => 0 =>  => 0 =>  => 0 =>  => 0 =>  => "

-------------------------------
 
ALTERAÇÃO DE CLIENTE
POST => "marta" Data => "2012-07-27 11:08:53", Alterou o Cliente de vale 520408 => "INFORMAÇÕES ALTERADAS => "1 => 3619 => 22 => 32 => 25 => 0 => 2 => 14/05/2012 => 520408 => 211 => 520408 => 11/05/2012 =>  =>  => LUIZ ANTONIO LIMA COSTA =>  => RUA SAO LUIZ => 5 =>  => PRAIA DO SACO => MANGARATIBA => RJ => 9129-0879 => 3789-0874 =>  => RUA AO LADO DO VALAO PROX A ABARRACA LOURDES DO ASAI => FEITO O PEDIDO DE PEÇAS DIA 26/7 LUCIANA  => 1 => 135251 => G ROUPA FRITZ 3P MILAO AMEN/PTO => 0 =>  => 0 =>  => 0 =>  => 0 =>  => 0 =>  => 0 =>  => 0 =>  => 0 =>  => 0 =>  => 0 =>  => 0 =>  => 0 =>  => 0 =>  => 0 =>  => 0 =>  => 0 =>  => 0 =>  => 0 =>  => 0 =>  => "

-------------------------------
 
CADASTRO DE CLIENTE
POST => "marta" Data => "2012-07-27 11:13:45", Cadastrou o Cliente de vale 9566 => "INFORMAÇÕES CADASTRADAS => "22 => 23 => 15 => 0 => 2 => 27/07/2012 => 9566 => RE => 9566 => 12/07/2012 =>  =>  => ALINE BARROS DE SOUZA =>  => DOUTOR JOAO CLEMENTINO LT 21 QD 69 => 21 => CASA => JARDIM OLAVO BILAC => DUQUE DE CAXIAS =>  => 8608-1018 =>  =>  => EM FRENTE A BARRACA DO PEDRO NA TOCA DO SIRI PROC SR MOSAITA => 1 => 146661 => CJ CAMA ORTOBOM SLEEP SPRING 138X69 =>  =>  =>  =>  =>  =>  =>  =>  =>  =>  =>  =>  =>  =>  =>  =>  =>  =>  =>  =>  =>  =>  =>  =>  =>  =>  =>  =>  =>  =>  =>  =>  =>  =>  =>  =>  =>  =>  => "

-------------------------------
 
ALTERAÇÃO DE CLIENTE
POST => "luciana" Data => "2012-07-27 11:15:49", Alterou o Cliente de vale 526859 => "INFORMAÇÕES ALTERADAS => "1 => 4671 => 5 => 31 => 29 => 0 => 2 => 17/07/2012 => 526859 => RE => 526859 => 12/07/2012 =>  =>  => MARISTELE NUNES DE MESTRE =>  => PROFESSORA ZULEICA VALADARES => 71 => CASA A => ILHA DA CONCEIÇÃO => NITEROI =>  => 2717-6840 =>  =>  =>  => FEITO O PEDIDO DE PEÇA DIA 27/7 LUCIANA  => 1 => 142441 => CAMA CS KAPP FENIX S855 BR/PTO => 0 =>  => 0 =>  => 0 =>  => 0 =>  => 0 =>  => 0 =>  => 0 =>  => 0 =>  => 0 =>  => 0 =>  => 0 =>  => 0 =>  => 0 =>  => 0 =>  => 0 =>  => 0 =>  => 0 =>  => 0 =>  => 0 =>  => "

-------------------------------
 
ALTERAÇÃO DE CLIENTE
POST => "luciana" Data => "2012-07-27 11:39:26", Alterou o Cliente de vale 521789 => "INFORMAÇÕES ALTERADAS => "1 => 4651 => 5 => 17 => 7 => 0 => 0 => 16/07/2012 => 521789 => 179 => 20769 => 12/07/2012 => LEONARDO OLIVEIRA DE FREITAS => 73671 => TIAGO PEREIRA TELLES =>  => AVENIDA MIRACEMA LT 986 CASA 5 A =>  =>  => VILA LEPOLDINA => DUQUE DE CAXIAS =>  =>  =>  =>  => PROX DO BAR DO MANEL PROX DA IGREJA METODISTA PROC SILVANA   FEITO O PEDIDO DE PEÇAS DIA 27/7 LUCIANA  => agend: sexta 20/7 Luciana  => 1 => 139573 => G ROUPA 6P6G VENEZUELA BR /PTO => 0 =>  => 0 =>  => 0 =>  => 0 =>  => 0 =>  => 0 =>  => 0 =>  => 0 =>  => 0 =>  => 0 =>  => 0 =>  => 0 =>  => 0 =>  => 0 =>  => 0 =>  => 0 =>  => 0 =>  => 0 =>  => 0 =>  => "

-------------------------------
 
ALTERAÇÃO DE CLIENTE
POST => "simone" Data => "2012-07-27 11:43:20", Alterou o Cliente de vale 543279 => "INFORMAÇÕES ALTERADAS => "1 => 4817 => 35 => 38 => 16 => 0 => 2 => 27/07/2012 => 543279 => 213 => 543279 => 24/07/2012 =>  =>  => LEONARDO MARCAL GUIMARAES =>  => AINO SATO => 98 =>  => PIABETA => MAGÉ =>  => 2659-0853 =>  =>  =>  =>  => 1 => 140391 => G.ROUPA ARAPLAC 8P AUSTRIA TB/BR => 0 =>  => 0 =>  => 0 =>  => 0 =>  => 0 =>  => 0 =>  => 0 =>  => 0 =>  => 0 =>  => 0 =>  => 0 =>  => 0 =>  => 0 =>  => 0 =>  => 0 =>  => 0 =>  => 0 =>  => 0 =>  => 0 =>  => "

-------------------------------
 
ALTERAÇÃO DE CLIENTE
POST => "luciana" Data => "2012-07-27 14:10:56", Alterou o Cliente de vale 568825 => "INFORMAÇÕES ALTERADAS => "1 => 3823 => 5 => 34 => 29 => 0 => 2 => 21/05/2012 => 568825 => 230 => 568825 => 18/05/2012 =>  =>  => VERA MARIA QUINTANA RAMOS =>  => TRAVESSA PROFESSOR ANTONIO => 7 =>  => PEDRA DE GUARATIBA => RIO DE JANEIRO => RJ => 9626-0209 =>  =>  => NA RUA DA IGREJA DE SAO PEDRO PRX AO ABRIGO EVANGELICO  2 PORTAS GRANDE ARRANHADA DAGROR => OBS: VISTORIA TAMBÉM DO GUARDA-ROUPA agenadado p/20/07/12.FEITO O PEDIDO DE PEÇAS DIA 27/7 LUCIANA. => 1 => 1936 => CAMA CS BECHARA FLORIDA MG => 1 => 140391 => G.ROUPA ARAPLAC 8P AUSTRIA TB/BR => 0 =>  => 0 =>  => 0 =>  => 0 =>  => 0 =>  => 0 =>  => 0 =>  => 0 =>  => 0 =>  => 0 =>  => 0 =>  => 0 =>  => 0 =>  => 0 =>  => 0 =>  => 0 =>  => 0 =>  => 0 =>  => "

-------------------------------
 
ALTERAÇÃO DE CLIENTE
POST => "luciana" Data => "2012-07-27 14:14:38", Alterou o Cliente de vale 568825 => "INFORMAÇÕES ALTERADAS => "1 => 3823 => 5 => 39 => -1 => 0 => 2 => 21/05/2012 => 568825 => 230 => 568825 => 18/05/2012 =>  =>  => VERA MARIA QUINTANA RAMOS =>  => TRAVESSA PROFESSOR ANTONIO => 7 =>  => PEDRA DE GUARATIBA => RIO DE JANEIRO => RJ => 9626-0209 =>  =>  => NA RUA DA IGREJA DE SAO PEDRO PRX AO ABRIGO EVANGELICO  2 PORTAS GRANDE ARRANHADA DAGROR => OBS: VISTORIA TAMBÉM DO GUARDA-ROUPA agenadado p/20/07/12.FEITO O PEDIDO DE PEÇAS DIA 27/7 LUCIANA. => 1 => 1936 => CAMA CS BECHARA FLORIDA MG => 1 => 140391 => G.ROUPA ARAPLAC 8P AUSTRIA TB/BR => 0 =>  => 0 =>  => 0 =>  => 0 =>  => 0 =>  => 0 =>  => 0 =>  => 0 =>  => 0 =>  => 0 =>  => 0 =>  => 0 =>  => 0 =>  => 0 =>  => 0 =>  => 0 =>  => 0 =>  => 0 =>  => "

-------------------------------
 
ALTERAÇÃO DE CLIENTE
POST => "simone" Data => "2012-07-27 14:23:39", Alterou o Cliente de vale 516519 => "INFORMAÇÕES ALTERADAS => "1 => 4432 => 35 => 33 => 26 => 0 => 0 => 04/07/2012 => 516519 => 246 => 24289 => 03/07/2012 => MOISES SILVA PIRES => 598/199 => HELLOA GUIMARAES BARBOSA =>  => RUA PRINCIPAL RUA UM CASA => 02 ANDAR =>  => ROCINHA => RIO DE JANEIRO => RJ => 3204-7211 => 9836-1603 =>  => PX A PADARIA NA CASA DO BARAO, SRA HELOA OU SRA SOLANGE. =>  => 1 => 8981 => G. ROUPA MOVAL 6P40065 COL PLUS TB/M => 0 =>  => 0 =>  => 0 =>  => 0 =>  => 0 =>  => 0 =>  => 0 =>  => 0 =>  => 0 =>  => 0 =>  => 0 =>  => 0 =>  => 0 =>  => 0 =>  => 0 =>  => 0 =>  => 0 =>  => 0 =>  => 0 =>  => "

-------------------------------
 
ALTERAÇÃO DE CLIENTE
POST => "luciana" Data => "2012-07-27 14:28:01", Alterou o Cliente de vale 554176 => "INFORMAÇÕES ALTERADAS => "1 => 4272 => 5 => 22 => 33 => 0 => 2 => 21/06/2012 => 554176 => 170 => 554176 => 21/06/2012 =>  =>  => MARCO ANTONIO BORGES GONÇALVES =>  => RUA JAIME BARCELOS => 327 => CS => TAQUARA => RIO DE JANEIRO => RJ => 2440-1158 =>  =>  => CONDO BOSQUE ESTRADA BOIUNA NA ESQUINA TEM UM MERCADO REDE ECONOMIA.PED.26832 => agendado p/14/07/12 confirmado com a filha do cliente gisele. PASSADO O LAUDO DIA 27/7 LUCIANA  => 1 => 5724 => CJ SALA DE JANTAR ORTIZ VALEN 6C TB => 0 =>  => 0 =>  => 0 =>  => 0 =>  => 0 =>  => 0 =>  => 0 =>  => 0 =>  => 0 =>  => 0 =>  => 0 =>  => 0 =>  => 0 =>  => 0 =>  => 0 =>  => 0 =>  => 0 =>  => 0 =>  => 0 =>  => "

-------------------------------
 
ALTERAÇÃO DE CLIENTE
POST => "luciana" Data => "2012-07-27 14:32:13", Alterou o Cliente de vale 521871 => "INFORMAÇÕES ALTERADAS => "1 => 4639 => 5 => 17 => 15 => 0 => 0 => 16/07/2012 => 521871 => 179 => 23937 => 12/07/2012 => RONALDO BARBSA DE MOURA => 83764 => RICARDO GONÇALVES DE BARROS =>  => AVENIDA CALOMBE => 999 =>  => PILLAR => DUQUE DE CAXIAS =>  =>  =>  =>  => PROX AO POSTO BRAVO => agend:28/7  LUCIANA  => 1 => 134892 => COZ ITAT CRIATIVA MAXII2VPTO => 0 =>  => 0 =>  => 0 =>  => 0 =>  => 0 =>  => 0 =>  => 0 =>  => 0 =>  => 0 =>  => 0 =>  => 0 =>  => 0 =>  => 0 =>  => 0 =>  => 0 =>  => 0 =>  => 0 =>  => 0 =>  => 0 =>  => "

-------------------------------
 
ALTERAÇÃO DE CLIENTE
POST => "luciana" Data => "2012-07-27 14:33:05", Alterou o Cliente de vale 521871 => "INFORMAÇÕES ALTERADAS => "1 => 4639 => 5 => 18 => 25 => 0 => 0 => 16/07/2012 => 521871 => 179 => 23937 => 12/07/2012 => RONALDO BARBSA DE MOURA => 83764 => RICARDO GONÇALVES DE BARROS =>  => AVENIDA CALOMBE => 999 =>  => PILLAR => DUQUE DE CAXIAS =>  =>  =>  =>  => PROX AO POSTO BRAVO => agend:28/7  LUCIANA  => 1 => 134892 => COZ ITAT CRIATIVA MAXII2VPTO => 0 =>  => 0 =>  => 0 =>  => 0 =>  => 0 =>  => 0 =>  => 0 =>  => 0 =>  => 0 =>  => 0 =>  => 0 =>  => 0 =>  => 0 =>  => 0 =>  => 0 =>  => 0 =>  => 0 =>  => 0 =>  => 0 =>  => "

-------------------------------
