 
ALTERAÇÃO DE CLIENTE
POST => "simone" Data => "2012-07-20 09:13:42", Alterou o Cliente de vale 486466 => "INFORMAÇÕES ALTERADAS => "1 => 3532 => 35 => 36 => 23 => 0 => 0 => 14/05/2012 => 486466 => 179 => 176440 => 11/05/2012 => CAMILA PEREIRA DE OLIVEIRA => 538525/199 => VALERIA MARTINS => 25010530 => RUA: VERÔNICA => 42 =>  => ENGENHO DO PORTO => DUQUE DE CAXIAS => RJ => 3658-2951 => 8525-2622 =>  => RUA TRANSVERSAL A MANOEL TELLES => Email enviado ao naec dia 21-05-2012 Camila.obs: produto não montado, seu sergio vai atender no dia 20/07/2012 => 1 => 138033 => G.ROUPA ARAPLAC 10P ATLAN PLUS TB/AM => 0 =>  => 0 =>  => 0 =>  => 0 =>  => 0 =>  => 0 =>  => 0 =>  => 0 =>  => 0 =>  => 0 =>  => 0 =>  => 0 =>  => 0 =>  => 0 =>  => 0 =>  => 0 =>  => 0 =>  => 0 =>  => 0 =>  => "

-------------------------------
 
ALTERAÇÃO DE CLIENTE
POST => "marta" Data => "2012-07-20 09:38:07", Alterou o Cliente de vale 452363 => "INFORMAÇÕES ALTERADAS => "1 => 4607 => 22 => 28 => 15 => 0 => 0 => 12/07/2012 => 452363 => 215 => 96516 => 26/03/2012 => GILBERTO DA SILVA GONCALVES => 517925 / 199 => ANA PAULA VIEGAS MAIA => 24400000 => RUA:FREI AGOSTINHO => lt 22 => QD 223 => JARDIM BOM RETIRO => SAO GONCALO => RJ => 9328-7255 =>  =>  => TREVO DE MARAMBAIA ENTRAR NA RUA DO BORRACHEIRO, SEGUIR EM FRENTE NA DESCIDA NO PORTÃO DE MADEIRA. =>  => 1 => 135481 => COZ KIPLAC RENATA PLUS BR/PTO => 0 =>  => 0 =>  => 0 =>  => 0 =>  => 0 =>  => 0 =>  => 0 =>  => 0 =>  => 0 =>  => 0 =>  => 0 =>  => 0 =>  => 0 =>  => 0 =>  => 0 =>  => 0 =>  => 0 =>  => 0 =>  => 0 =>  => "

-------------------------------
 
CADASTRO DE CLIENTE
POST => "MIRIAN" Data => "2012-07-20 10:33:28", Cadastrou o Cliente de vale 511201 => "INFORMAÇÕES CADASTRADAS => "11 => 33 => 28 => 0 => 0 => 26/06/2012 => 511201 => 171 => 511201 => 26/06/2012 => EDMILSON BATISTA ESPINELO => 463394/199 => VALMIRENE ORGES BARBOSA => 23098320 => RUA: ELVIS => 7 => SB => SANTÍSSIMO => RIO DE JANEIRO => RJ => 3424-0526 =>  =>  => RUA AO LADO DA CASA MAT UMAQUER PROC POR D ADELICE.PED.61443 => 01 => 135582 => CAMA BP DUBAY BIBOX CHOC/PTO =>  =>  =>  =>  =>  =>  =>  =>  =>  =>  =>  =>  =>  =>  =>  =>  =>  =>  =>  =>  =>  =>  =>  =>  =>  =>  =>  =>  =>  =>  =>  =>  =>  =>  =>  =>  =>  =>  => "

-------------------------------
 
ALTERAÇÃO DE CLIENTE
POST => "simone" Data => "2012-07-20 10:49:26", Alterou o Cliente de vale 405291 => "INFORMAÇÕES ALTERADAS => "1 => 3461 => 35 => 33 => 27 => 2 => 0 => 10/05/2012 => 405291 => 230 => 54244 => 27/01/2012 => GLAUCE COSTA GABRIEL => 233232 / 199 => JOSE CARLOS VIEIRA DOS SANTOS => 23059120 => RUA: POERABA => 29 => CASA 4 => INHOAÍBA => RIO DE JANEIRO => RJ => 9210-8903 =>  =>  => PEGAR RUA DA MORANGA PONTO FINAL DA KOMBI SAO JORGE PX AO TRELER DO FABIO
 => OBS: EM CONTATO COM WAGNER DO NAEC NO DIA 20/07/12, INFORMA QUE NÃO TEM OUTRO TELEFONE DE CONTATO => 1 => 8340 => CAMA CS N HORIZ AREZZO TB/BR/MP => 0 =>  => 0 =>  => 0 =>  => 0 =>  => 0 =>  => 0 =>  => 0 =>  => 0 =>  => 0 =>  => 0 =>  => 0 =>  => 0 =>  => 0 =>  => 0 =>  => 0 =>  => 0 =>  => 0 =>  => 0 =>  => 0 =>  => "

-------------------------------
 
ALTERAÇÃO DE CLIENTE
POST => "simone" Data => "2012-07-20 10:49:38", Alterou o Cliente de vale 405291 => "INFORMAÇÕES ALTERADAS => "1 => 3461 => 35 => 28 => 27 => 2 => 0 => 10/05/2012 => 405291 => 230 => 54244 => 27/01/2012 => GLAUCE COSTA GABRIEL => 233232 / 199 => JOSE CARLOS VIEIRA DOS SANTOS => 23059120 => RUA: POERABA => 29 => CASA 4 => INHOAÍBA => RIO DE JANEIRO => RJ => 9210-8903 =>  =>  => PEGAR RUA DA MORANGA PONTO FINAL DA KOMBI SAO JORGE PX AO TRELER DO FABIO
 => OBS: EM CONTATO COM WAGNER DO NAEC NO DIA 20/07/12, INFORMA QUE NÃO TEM OUTRO TELEFONE DE CONTATO. => 1 => 8340 => CAMA CS N HORIZ AREZZO TB/BR/MP => 0 =>  => 0 =>  => 0 =>  => 0 =>  => 0 =>  => 0 =>  => 0 =>  => 0 =>  => 0 =>  => 0 =>  => 0 =>  => 0 =>  => 0 =>  => 0 =>  => 0 =>  => 0 =>  => 0 =>  => 0 =>  => 0 =>  => "

-------------------------------
 
CADASTRO DE CLIENTE
POST => "MIRIAN" Data => "2012-07-20 10:57:21", Cadastrou o Cliente de vale 526384 => "INFORMAÇÕES CADASTRADAS => "11 => 13 => 16 => 0 => 1 => 20/07/2012 => 526384 => 213 => 55039 => 19/07/2012 => ANA PAULA TEIXEIRA BASTOS => 413255/199 => LINDINALVA ALVES DOS SANTOS => 25275000 => RUA: AVENIDA LUIZ CARLOS PRESTES => 20 => QD 43 => SANTA LÚCIA => DUQUE DE CAXIAS => RJ => 8205-4898 =>  =>  => ENTRAR NA SANTINHA ATRAS DA ESTAÇÃO PERTO DO TREILER DO ZACA => 01 => 140348 => MESA FRITZ 6C MEGA AMEN/PTO =>  =>  =>  =>  =>  =>  =>  =>  =>  =>  =>  =>  =>  =>  =>  =>  =>  =>  =>  =>  =>  =>  =>  =>  =>  =>  =>  =>  =>  =>  =>  =>  =>  =>  =>  =>  =>  =>  => "

-------------------------------
 
CADASTRO DE CLIENTE
POST => "MIRIAN" Data => "2012-07-20 11:01:11", Cadastrou o Cliente de vale 610086 => "INFORMAÇÕES CADASTRADAS => "11 => 8 => 21 => 0 => 2 => 20/07/2012 => 610086 => 179 => 610086 => 19/07/2012 =>  =>  => JOANA REIS DA SILVA VENANCIO =>  => RUA JABOATAO => LT 17 => QD 46 => VILA ROSARIO  => DUQUE DE CAXIAS => RJ => 3135-5466 =>  =>  => PROX A IGREJA DA IRMA MARIA  => 01 => 134933 => ESTANTE CAEMMUN CLEAN TB/BR/MP =>  =>  =>  =>  =>  =>  =>  =>  =>  =>  =>  =>  =>  =>  =>  =>  =>  =>  =>  =>  =>  =>  =>  =>  =>  =>  =>  =>  =>  =>  =>  =>  =>  =>  =>  =>  =>  =>  => "

-------------------------------
 
ALTERAÇÃO DE CLIENTE
POST => "simone" Data => "2012-07-20 11:19:06", Alterou o Cliente de vale 556045 => "INFORMAÇÕES ALTERADAS => "1 => 3448 => 35 => 32 => 21 => 0 => 2 => 10/05/2012 => 556045 => 169 => 556045 => 10/05/2012 =>  =>  => SIMONE DE OLIVEIRA BALTHAR =>  => RUA:DINAMARCA => 90 => CASA 101 => CAMPO GRANDE => RIO DE JANEIRO => RJ => 7274-0381 =>  =>  => FICA PROX AO BAIRRO PARQUE SAO PEDRO E AO CIEP ESTR DA POSSE ALT 1100. => OBS: ALEX VAI FAZER NO DIA 20/07/2012 => 1 => 140348 => MESA FRITZ 6C MEGA AMEN/PTO => 0 =>  => 0 =>  => 0 =>  => 0 =>  => 0 =>  => 0 =>  => 0 =>  => 0 =>  => 0 =>  => 0 =>  => 0 =>  => 0 =>  => 0 =>  => 0 =>  => 0 =>  => 0 =>  => 0 =>  => 0 =>  => 0 =>  => "

-------------------------------
 
CADASTRO DE CLIENTE
POST => "ANNE" Data => "2012-07-20 11:21:08", Cadastrou o Cliente de vale 525566 => "INFORMAÇÕES CADASTRADAS => "18 => 36 => 17 => 0 => 2 => 20/07/2012 => 525566 => 215 => 525566 => 18/07/2012 =>  =>  => MARLON COELHO DE MOURA =>  => RUA DOUTOR TOLEDO PIZA => 266 => LJ 266 => PIAO => SAO GONCALO => RJ => 3186-9357 => 8543-8459 =>  => PRAÇA DO BAIRRO ANTONINA LOJA BM,ESPAÇO SAUDE.PEDIDO: 76702 => 01 => 100136 => COZINHA ITAT DAYANE BR =>  =>  =>  =>  =>  =>  =>  =>  =>  =>  =>  =>  =>  =>  =>  =>  =>  =>  =>  =>  =>  =>  =>  =>  =>  =>  =>  =>  =>  =>  =>  =>  =>  =>  =>  =>  =>  =>  => "

-------------------------------
 
CADASTRO DE CLIENTE
POST => "marta" Data => "2012-07-20 11:21:18", Cadastrou o Cliente de vale 450386 => "INFORMAÇÕES CADASTRADAS => "22 => 26 => 17 => 0 => 0 => 20/07/2012 => 450386 => 198 => 52813 => 24/03/2012 => MARIA ELENIR DE MATOS DIAS => 505150 => VANIA TEIXEIRA FURTADO =>  => CARLA ANDRESSA DE ARAUJO-LT 18 QD 30 => 0 => CASA  => JARDIM REDENTOR => BELFORD ROXO =>  =>  =>  =>  => PROX A PADARIA FLOR DO CONDADO PROC VIANA => 1 => 140391 => G.ROUPA ARAPLAC 8P AUSTRIA TB/BR =>  =>  =>  =>  =>  =>  =>  =>  =>  =>  =>  =>  =>  =>  =>  =>  =>  =>  =>  =>  =>  =>  =>  =>  =>  =>  =>  =>  =>  =>  =>  =>  =>  =>  =>  =>  =>  =>  => "

-------------------------------
 
CADASTRO DE CLIENTE
POST => "ANNE" Data => "2012-07-20 11:22:54", Cadastrou o Cliente de vale 407917 => "INFORMAÇÕES CADASTRADAS => "18 => 43 => 19 => 0 => 2 => 20/07/2012 => 407917 => 212 => 407917 => 18/07/2012 =>  =>  => FERNANDA FERREIRA GOMES =>  => AV TEN ARMINDO LEAL GONCALVES => 149 => APTO 104 => SARGENTO RONCALLI => BELFORD ROXO => RJ => 2758-4571 =>  =>  => PX AO BAR DOS MAMONAS,PEDIDO: 39509 => 01 => 8920 => CAMA CS BIANCHI MARQUESA IMB =>  =>  =>  =>  =>  =>  =>  =>  =>  =>  =>  =>  =>  =>  =>  =>  =>  =>  =>  =>  =>  =>  =>  =>  =>  =>  =>  =>  =>  =>  =>  =>  =>  =>  =>  =>  =>  =>  => "

-------------------------------
 
CADASTRO DE CLIENTE
POST => "marta" Data => "2012-07-20 11:23:11", Cadastrou o Cliente de vale 451826 => "INFORMAÇÕES CADASTRADAS => "22 => 21 => 11 => 0 => 0 => 20/07/2012 => 451826 => 173 => 34268 => 26/03/2012 => FELIPE SILVA SANTOS => 506012 => CLEIDE DA COSTA MIRANDA =>  => OITENTA E OITO => 63 =>  => TUBIACANGA => RIO DE JANEIRO =>  => 3104-1740 =>  =>  => PROX AO CLUBE DOS FLEXEIRAS => 1 => 134902 => BALCAO C/T ARAMOVEIS LILIAN BR/PTO =>  =>  =>  =>  =>  =>  =>  =>  =>  =>  =>  =>  =>  =>  =>  =>  =>  =>  =>  =>  =>  =>  =>  =>  =>  =>  =>  =>  =>  =>  =>  =>  =>  =>  =>  =>  =>  =>  => "

-------------------------------
 
CADASTRO DE CLIENTE
POST => "MIRIAN" Data => "2012-07-20 11:23:23", Cadastrou o Cliente de vale 317974 => "INFORMAÇÕES CADASTRADAS => "11 => 20 => 24 => 0 => 0 => 20/07/2012 => 317974 => 239 => 22033 => 04/11/2011 => THIAGO LUIZ DA SILVA => 350173/199 => THAIS GARCIA DE MESQUITA => 24756690 => RUA: ROMEU CASA GRANDE => 228 =>  => MARIA PAULA => SÃO GONÇALO => RJ => 2619-0364 => 9580-3368 => 8725-2803 => PROC BAR DO RANDAL CS EM CIMA DO BAR PROC THAIS OU TAUAN => 01 => 100136 => COZINHA ITAT DAYANE BR =>  =>  =>  =>  =>  =>  =>  =>  =>  =>  =>  =>  =>  =>  =>  =>  =>  =>  =>  =>  =>  =>  =>  =>  =>  =>  =>  =>  =>  =>  =>  =>  =>  =>  =>  =>  =>  =>  => "

-------------------------------
 
CADASTRO DE CLIENTE
POST => "ANNE" Data => "2012-07-20 11:24:31", Cadastrou o Cliente de vale 584637 => "INFORMAÇÕES CADASTRADAS => "18 => 25 => 12 => 0 => 2 => 20/07/2012 => 584637 => 195 => 584637 => 18/07/2012 =>  =>  => CARINA SOARES GIVISIEZ =>  => RUA CAIAPO => 27 => CASA 03 => VILA SAO JOAO => SAO JOAO DE MERITI => RJ => 3668-6468 => 8689-6230 =>  => PX AO COLEGIO SOBEC,PEDIDO: 4766 => 01 => 8921 => G.ROUPA BIANCHI 6P REQUINTE TB/MP =>  =>  =>  =>  =>  =>  =>  =>  =>  =>  =>  =>  =>  =>  =>  =>  =>  =>  =>  =>  =>  =>  =>  =>  =>  =>  =>  =>  =>  =>  =>  =>  =>  =>  =>  =>  =>  =>  => "

-------------------------------
 
CADASTRO DE CLIENTE
POST => "marta" Data => "2012-07-20 11:24:56", Cadastrou o Cliente de vale 561360 => "INFORMAÇÕES CADASTRADAS => "22 => 35 => 19 => 0 => 2 => 20/07/2012 => 561360 => RE => 561360 => 18/07/2012 =>  =>  => AGMA INACIA DA SILVA VIEIRA =>  => ANTONIO JOSE DE MORAES => 408 => CASA => CENTRO => SAO  JOAO DE MERITI =>  =>  =>  =>  => PROX A IGREJA  DE DEUS PROC FERNANDA OU AGMA => 1 => 140391 => G.ROUPA ARAPLAC 8P AUSTRIA TB/BR =>  =>  =>  =>  =>  =>  =>  =>  =>  =>  =>  =>  =>  =>  =>  =>  =>  =>  =>  =>  =>  =>  =>  =>  =>  =>  =>  =>  =>  =>  =>  =>  =>  =>  =>  =>  =>  =>  => "

-------------------------------
 
CADASTRO DE CLIENTE
POST => "MIRIAN" Data => "2012-07-20 11:28:25", Cadastrou o Cliente de vale 528025 => "INFORMAÇÕES CADASTRADAS => "11 => 7 => 16 => 0 => 2 => 20/07/2012 => 528025 => 175 => 528025 => 19/07/2012 =>  =>  => TANIA DE SOUZA LIMA =>  => TRAVESSA OLIMPIA => 8 =>  => TIJUCA  => RIO DE JANEIRO => RJ => 3978-2413 => 8250-5154 =>  => OBS:COMUNIDADE DO SALGUEIRO ENTREGAR NO BAR DO CACIQUE PERTO DO CAMPO PED.37816 => 01 => 9095 => KIT COZKP 6P DELTA PRIMUS BR =>  =>  =>  =>  =>  =>  =>  =>  =>  =>  =>  =>  =>  =>  =>  =>  =>  =>  =>  =>  =>  =>  =>  =>  =>  =>  =>  =>  =>  =>  =>  =>  =>  =>  =>  =>  =>  =>  => "

-------------------------------
 
ALTERAÇÃO DE CLIENTE
POST => "ANNE" Data => "2012-07-20 11:29:16", Alterou o Cliente de vale 600066 => "INFORMAÇÕES ALTERADAS => "1 => 4573 => 18 => 24 => 20 => 0 => 2 => 12/07/2012 => 600066 => 179 => 600066 => 11/07/2012 =>  =>  => ADRIANA DOMINGOS =>  => RUA FRANCISCO PICOT QD B LT 13 CASA =>  =>  => CAMPOS ELISEOS => DUQUE DE CAXIAS => RJ => 6886-3753 =>  =>  => NA CORONEL FRANCISCO HERACLITO QD B LT 13,RUA DE COSTA,PEDIDO: 166838 => E-MAIL COM LAUDO SOLICITANDO A TROCA DO PRODUTO DO GUARDA ROUPA ARAPLAC 3P DUBAY ENVIADO NO DIA 20/07! => 1 => 140391 => G.ROUPA ARAPLAC 8P AUSTRIA TB/BR => 1 => 138036 => G.ROUPA ARAPLAC 3P BARC PLUS TB/BR => 0 =>  => 0 =>  => 0 =>  => 0 =>  => 0 =>  => 0 =>  => 0 =>  => 0 =>  => 0 =>  => 0 =>  => 0 =>  => 0 =>  => 0 =>  => 0 =>  => 0 =>  => 0 =>  => 0 =>  => 0 =>  => "

-------------------------------
 
CADASTRO DE CLIENTE
POST => "marta" Data => "2012-07-20 11:30:59", Cadastrou o Cliente de vale 525967 => "INFORMAÇÕES CADASTRADAS => "22 => 35 => 15 => 0 => 0 => 20/07/2012 => 525967 => 171 => 7593 => 19/07/2012 => OLGA MARIA FERNANDES ROCHA => 72927 => SANDRA REGINA OLIVEIRA E SILVA =>  => ARARI => 433 => APTO 203 => PADRE MIGUEL => RIO DE JANEIRO =>  => 3159-2640 =>  =>  => PROX AO PREZUNIC BLOCO 32 => 1 => 98715 => ESTANTE BECHARA CANADA HO AMEND/PTO =>  =>  =>  =>  =>  =>  =>  =>  =>  =>  =>  =>  =>  =>  =>  =>  =>  =>  =>  =>  =>  =>  =>  =>  =>  =>  =>  =>  =>  =>  =>  =>  =>  =>  =>  =>  =>  =>  => "

-------------------------------
 
CADASTRO DE CLIENTE
POST => "MIRIAN" Data => "2012-07-20 11:31:25", Cadastrou o Cliente de vale 541721 => "INFORMAÇÕES CADASTRADAS => "11 => 33 => 14 => 0 => 2 => 20/07/2012 => 541721 => 172 => 541721 => 19/07/2012 =>  =>  => JOAO CAVALCANTE DOS SANTOS =>  => RUA ALEGRIA => 42 =>  => CAJU => RIO DE JANEIRO => RJ => 2580-2829 =>  =>  => EM FRENTE AO SALAO DA MAZE NO PARQUE BOA ESPERANÇA PROC JECINA PED.58390 => 01 => 138036 => G.ROUPA ARAPLAC 3P BARC PLUS TB/BR =>  =>  =>  =>  =>  =>  =>  =>  =>  =>  =>  =>  =>  =>  =>  =>  =>  =>  =>  =>  =>  =>  =>  =>  =>  =>  =>  =>  =>  =>  =>  =>  =>  =>  =>  =>  =>  =>  => "

-------------------------------
 
CADASTRO DE CLIENTE
POST => "marta" Data => "2012-07-20 11:33:18", Cadastrou o Cliente de vale 587752 => "INFORMAÇÕES CADASTRADAS => "22 => 23 => 29 => 0 => 2 => 20/07/2012 => 587752 => RE => 587752 => 19/07/2012 =>  =>  => HILDA DA SILVA BESSA AFONSO =>  => VENTURA LT 8 QD 76 => 0 => CASA 5 => CURICICA => RIO DE JANEIRO =>  => 2441-3671 => 7631-2816 =>  => PROX AO DEPOSITO DE BEBIDAS DA INDIA E AO HOSPITAL RAPHAEL DE PAULA SOUZA => 1 => 8342 => G ROUPA N.HORIZ 3P AREZZO TB/BR/MP =>  =>  =>  =>  =>  =>  =>  =>  =>  =>  =>  =>  =>  =>  =>  =>  =>  =>  =>  =>  =>  =>  =>  =>  =>  =>  =>  =>  =>  =>  =>  =>  =>  =>  =>  =>  =>  =>  => "

-------------------------------
 
CADASTRO DE CLIENTE
POST => "MIRIAN" Data => "2012-07-20 11:34:48", Cadastrou o Cliente de vale 489087 => "INFORMAÇÕES CADASTRADAS => "11 => 10 => 22 => 0 => 0 => 20/07/2012 => 489087 => 212 => 2406 => 16/05/2012 => PEDRO DA SILVA PARANHOS => 37305/199 => MARIA JOSE ALVES DOS SANTOS => 26113365 => PROJETADA DOIS => 1 bl ap 504 =>  => DAS GRAÇAS => BELFORD ROXO => RJ => 3732-2948 =>  =>  => EM FRENTE AO COLEGIO  FLORIPEDES ENTRANDO PELA RUA AMALIA ROCHA CONDOMINIO SAN FRANCISCO  => 01 => 3163 => CAMA CS BIANCHI LX FLAVIA VIENA TECA /PT =>  =>  =>  =>  =>  =>  =>  =>  =>  =>  =>  =>  =>  =>  =>  =>  =>  =>  =>  =>  =>  =>  =>  =>  =>  =>  =>  =>  =>  =>  =>  =>  =>  =>  =>  =>  =>  =>  => "

-------------------------------
 
ALTERAÇÃO DE CLIENTE
POST => "ANNE" Data => "2012-07-20 11:35:52", Alterou o Cliente de vale 555537 => "INFORMAÇÕES ALTERADAS => "1 => 3224 => 18 => 17 => 15 => 0 => 2 => 11/05/2012 => 555537 => RE => 555537 => 09/05/2012 =>  =>  => CELMA RANGEL DA SILVA FERREIRA =>  => ESTRADA DA EMBRATEL -RUA A 11 =>  =>  => SAMBE => RIO BONITO =>  => 7234-6470 =>  =>  => AO LADO DA IGREJA CATOLICA PROC CELMA => FEITO PEDIDO DE PEÇA  => 1 => 140391 => G.ROUPA ARAPLAC 8P AUSTRIA TB/BR => 0 =>  => 0 =>  => 0 =>  => 0 =>  => 0 =>  => 0 =>  => 0 =>  => 0 =>  => 0 =>  => 0 =>  => 0 =>  => 0 =>  => 0 =>  => 0 =>  => 0 =>  => 0 =>  => 0 =>  => 0 =>  => 0 =>  => "

-------------------------------
 
ALTERAÇÃO DE CLIENTE
POST => "luciana" Data => "2012-07-20 11:35:53", Alterou o Cliente de vale 521337 => "INFORMAÇÕES ALTERADAS => "1 => 4567 => 5 => 23 => 8 => 0 => 0 => 12/07/2012 => 521337 => 179 => 20186 => 11/07/2012 => LEONARDO OLIVEIRA DE FREITAS => 70488 => SOLANGE LEMOS DA SILVA =>  => JOAO CARNEIRO => 40 =>  => CANGULO => DUQUE DE CAXIAS =>  => 3654-1109 =>  =>  => PROX AO COLEGIO MARIO COVAS PROX DO BAR DO MARRONI PROC MICHELE => relatorio enviado para o naec dia 20/7 Luciana  => 1 => 139530 => G. ROUPA MOVAL 3P SANTIAGO IMB/PTO => 0 =>  => 0 =>  => 0 =>  => 0 =>  => 0 =>  => 0 =>  => 0 =>  => 0 =>  => 0 =>  => 0 =>  => 0 =>  => 0 =>  => 0 =>  => 0 =>  => 0 =>  => 0 =>  => 0 =>  => 0 =>  => 0 =>  => "

-------------------------------
 
ALTERAÇÃO DE CLIENTE
POST => "luciana" Data => "2012-07-20 11:36:29", Alterou o Cliente de vale 521653 => "INFORMAÇÕES ALTERADAS => "1 => 4566 => 5 => 34 => 20 => 0 => 0 => 12/07/2012 => 521653 => 179 => 21607 => 11/07/2012 => ANDERSON PEREIRA SANTOS =>  => ACACIA ROSA FERRAZ =>  => GIPARANA => 15 => CASA => CHACARAS ARCANJO => DUQUE DE CAXIAS =>  => 7363-4020 =>  =>  => AO LADO DO SILVESTRE PARQUE CLUBE SANTA CRUZ DA SERRA => relatorio enviado para o naec dia 20/7 Luciana  => 1 => 139573 => G ROUPA 6P6G VENEZUELA BR /PTO => 0 =>  => 0 =>  => 0 =>  => 0 =>  => 0 =>  => 0 =>  => 0 =>  => 0 =>  => 0 =>  => 0 =>  => 0 =>  => 0 =>  => 0 =>  => 0 =>  => 0 =>  => 0 =>  => 0 =>  => 0 =>  => 0 =>  => "

-------------------------------
 
ALTERAÇÃO DE CLIENTE
POST => "luciana" Data => "2012-07-20 11:36:44", Alterou o Cliente de vale 521573 => "INFORMAÇÕES ALTERADAS => "1 => 4585 => 5 => 40 => 28 => 0 => 0 => 12/07/2012 => 521573 => 179 => 20669 => 11/07/2012 => CLEBER CAMPISTA DA FONSECA => 73220 => GUILHERME MARTINS DE JESUS =>  => WISTON CHUCHUL => 826 => CASA SOBRADO => CNTENARIO => DUQUE DE CAXIAS =>  =>  =>  =>  => FICA PERTO DO CONSELHO TUTELAR EM FRENTE AO RESTAURANTE MANGAIO PORTAO AZUL AO LADO DE UM SALAO PROC ELIANA => relatorio enviado para o naec dia 20/7 Luciana  => 1 => 140094 => G.ROUPA BERGAMO 5P LISBOA IMB/PTO => 0 =>  => 0 =>  => 0 =>  => 0 =>  => 0 =>  => 0 =>  => 0 =>  => 0 =>  => 0 =>  => 0 =>  => 0 =>  => 0 =>  => 0 =>  => 0 =>  => 0 =>  => 0 =>  => 0 =>  => 0 =>  => 0 =>  => "

-------------------------------
 
ALTERAÇÃO DE CLIENTE
POST => "luciana" Data => "2012-07-20 11:36:57", Alterou o Cliente de vale 521578 => "INFORMAÇÕES ALTERADAS => "1 => 4572 => 5 => 42 => 18 => 0 => 0 => 12/07/2012 => 521578 => 179 => 20744 => 11/07/2012 => ANDERSON PEREIRA SANTOS => 11072012 => PEDRO CARDOSO DE ALMEIDA =>  => SAO BORJA => 38 => CASA => VILA LEPOLDINA => DUQUE DE CAXIAS =>  => 7563-8763 =>  =>  => PROX AO COLEGIO ARARIBOIA => relatorio enviado para o naec dia 20/7 Luciana  => 1 => 140391 => G.ROUPA ARAPLAC 8P AUSTRIA TB/BR => 0 =>  => 0 =>  => 0 =>  => 0 =>  => 0 =>  => 0 =>  => 0 =>  => 0 =>  => 0 =>  => 0 =>  => 0 =>  => 0 =>  => 0 =>  => 0 =>  => 0 =>  => 0 =>  => 0 =>  => 0 =>  => 0 =>  => "

-------------------------------
 
ALTERAÇÃO DE CLIENTE
POST => "luciana" Data => "2012-07-20 11:37:11", Alterou o Cliente de vale 515106 => "INFORMAÇÕES ALTERADAS => "1 => 4462 => 5 => 45 => 13 => 0 => 0 => 06/07/2012 => 515106 => 180 => 3590 => 02/07/2012 => ADILSON DA SILVA FILADELFO => 72209/199 => LUCIA RIBEIRO DA SILVA DIAS => 26574040 => RUA: JORGE => 17 =>  => ROCHA SOBRINHO => MESQUITA => RJ => 2797-9011 => 7973-2477 =>  => NA PRAÇA DE BECO DE AREIA IGREJA NOSSA SENHORA DE FATIMA SUBIR RUA DONA PERPETUA 2 RUA A DIR => relatorio enviado para o naec dia 20/7 Luciana  => 1 => 98715 => ESTANTE BECHARA CANADA HO AMEND/PTO => 0 =>  => 0 =>  => 0 =>  => 0 =>  => 0 =>  => 0 =>  => 0 =>  => 0 =>  => 0 =>  => 0 =>  => 0 =>  => 0 =>  => 0 =>  => 0 =>  => 0 =>  => 0 =>  => 0 =>  => 0 =>  => 0 =>  => "

-------------------------------
 
ALTERAÇÃO DE CLIENTE
POST => "luciana" Data => "2012-07-20 11:37:38", Alterou o Cliente de vale 510773 => "INFORMAÇÕES ALTERADAS => "1 => 4486 => 5 => 27 => 37 => 0 => 0 => 06/07/2012 => 510773 => 182 => 5456 => 25/06/2012 => ELUCIANA BARBOSA SANTOS => 72218/199 => JULIO CESAR BARBOSA DOS SANTOS SILVA => 26540410 => RUA: OTÁVIO SILVA GOMES => 44 => CS A => CABUIS => NILÓPOLIS => RJ =>  =>  =>  => ATRAS DO CAMPO DO VAS QUINHO => relatorio enviado para o naec dia 20/7 Luciana  => 1 => 135481 => COZ KIPLAC RENATA PLUS BR/PTO => 0 =>  => 0 =>  => 0 =>  => 0 =>  => 0 =>  => 0 =>  => 0 =>  => 0 =>  => 0 =>  => 0 =>  => 0 =>  => 0 =>  => 0 =>  => 0 =>  => 0 =>  => 0 =>  => 0 =>  => 0 =>  => 0 =>  => "

-------------------------------
 
ALTERAÇÃO DE CLIENTE
POST => "luciana" Data => "2012-07-20 11:37:53", Alterou o Cliente de vale 517413 => "INFORMAÇÕES ALTERADAS => "1 => 4454 => 5 => 12 => 18 => 0 => 0 => 06/07/2012 => 517413 => 230 => 517413 => 04/07/2012 => THAIS AMELIA ASSIS SANTOS => 470509 => JOSE TEXEIRA EUGENIO =>  => IGUAI -LT 28 QD 61 JD NOVA GUARATIBA => 345 =>  => CAMPO GRANDE => RIO DE JANEIRO =>  => 3394-4640 =>  =>  => ESTRADA MONTEIRO ENTRADA 745 POSTO SHELL BAIRRO BRITO PROC TEXEIRA OU VAL => relatorio enviado para o naec dia 20/7 Luciana  => 1 => 8323 => RACK SOMOPAR 20000 TB/MP => 0 =>  => 0 =>  => 0 =>  => 0 =>  => 0 =>  => 0 =>  => 0 =>  => 0 =>  => 0 =>  => 0 =>  => 0 =>  => 0 =>  => 0 =>  => 0 =>  => 0 =>  => 0 =>  => 0 =>  => 0 =>  => 0 =>  => "

-------------------------------
 
ALTERAÇÃO DE CLIENTE
POST => "luciana" Data => "2012-07-20 11:38:14", Alterou o Cliente de vale 510992 => "INFORMAÇÕES ALTERADAS => "1 => 4348 => 5 => 25 => 10 => 0 => 0 => 28/06/2012 => 510992 => 249 => 30128 => 25/06/2012 => BRUNO CARVALHO DE SOUZA => 1358/199 => RODRIGO PEREIRA TRINDADE => 24210010 => RUA: PEDRO AUGUSTO NOLASCO => 12 =>  => CENTRO => NITERÓI => RJ => 7447-3740 => 3473-2558 => 6833-3013 => PROX AO SESC PROX A PAADARIA DO WADECIR PROC POR LUANA => relatorio enviado para o naec dia 20/7 Luciana  => 1 => 135481 => COZ KIPLAC RENATA PLUS => 0 =>  => 0 =>  => 0 =>  => 0 =>  => 0 =>  => 0 =>  => 0 =>  => 0 =>  => 0 =>  => 0 =>  => 0 =>  => 0 =>  => 0 =>  => 0 =>  => 0 =>  => 0 =>  => 0 =>  => 0 =>  => 0 =>  => "

-------------------------------
 
ALTERAÇÃO DE CLIENTE
POST => "luciana" Data => "2012-07-20 11:38:40", Alterou o Cliente de vale 400134 => "INFORMAÇÕES ALTERADAS => "1 => 1451 => 5 => 16 => 18 => 0 => 0 => 16/03/2012 => 400134 => 239 => 27074 => 24/01/2012 => RAFAEL MELO DE SOUSA => 465931 => JANAINA SOUZA DE OLIVEIRA => 24360018 => ALAMEDA: PARIS => 135 => CS 05 => SÃO FRANCISCO => NITERÓI => RJ => 2704-9275 => 9830-8472 => 3227-6633 => AO LADO DO GPA EM FRENTE A IGREJA METODISTA CLIENTE NÃO ATENDE O TEL ACIMA DIA 12/6 AS 9:42HS PASSEI E-MAIL PARA O NAEC DIA 12/6 PARA PEDI OUTRO TEL LUCIANA.  => relatorio enviado para o naec dia 20/7 Luciana  => 1 => 140391 =>  N => 0 =>  => 0 =>  => 0 =>  => 0 =>  => 0 =>  => 0 =>  => 0 =>  => 0 =>  => 0 =>  => 0 =>  => 0 =>  => 0 =>  => 0 =>  => 0 =>  => 0 =>  => 0 =>  => 0 =>  => 0 =>  => 0 =>  => "

-------------------------------
 
CADASTRO DE CLIENTE
POST => "MIRIAN" Data => "2012-07-20 11:39:20", Cadastrou o Cliente de vale 525995 => "INFORMAÇÕES CADASTRADAS => "11 => 39 => 13 => 0 => 0 => 20/07/2012 => 525995 => 171 => 7403 => 19/07/2012 => WANDERSON DOS SANTOS COELHO => 71165/199 => MARIA DO CARMO DOS SANTOS DA SILVA => 21843106 => RUA ALEXANDRINA  => 36 =>  => SENADOR CAMARA => RIO DEANEIRO => RJ =>  =>  =>  => ENTRANDO NA PADSARIA ANA MARIA TERCEIRA CASA => 01 => 137130 => MESA CARRARO MULTI 2B 291/106CRPTO =>  =>  =>  =>  =>  =>  =>  =>  =>  =>  =>  =>  =>  =>  =>  =>  =>  =>  =>  =>  =>  =>  =>  =>  =>  =>  =>  =>  =>  =>  =>  =>  =>  =>  =>  =>  =>  =>  => "

-------------------------------
 
ALTERAÇÃO DE CLIENTE
POST => "luciana" Data => "2012-07-20 11:41:59", Alterou o Cliente de vale 485886 => "INFORMAÇÕES ALTERADAS => "1 => 3494 => 5 => 37 => 18 => 0 => 0 => 12/05/2012 => 485886 => 239 => 30013 => 11/05/2012 => RAFAEL MELO DE SOUSA => 518413 => LEONARDO DA CRUZ DE OLIVEIRA =>  => BERTA DA MOTA VIEIRA => 24 => LT QD => ENGENHO DO MATO => NITEROI =>  => 7411-7212 => 7413-2647 => 7504-8801 => ENTRAR NA ESTRADA DO VAI E VEM APOS O ARAS SEBASTIAO PRIMEIRA DIREITA E PRIMEIRA BURACO DA MARIA TROCA SEM RECOLHIMENTO PASSEI E-MAIL PARA O NAEC (STEPHANIE )DIA 21/5 PARA PEDI O TEL cliente não atende os 3 tel acima dia 21/5 PARA FAZER UM AGENDAMENTO PARA QUINTA 24/5 LUCIANA ...EMAIL ENVIADO AO NAEC DIA 30-05-12 CAMILA => OBS: passei e-mail para luciana cobrar do montador jose paulo em 198/05/2012 as 09:5   relatorio enviado para o naec dia 20/7 Luciana  => 1 => 135481 => COZ KIPLAC RENATA PLUS BR/PTO => 0 =>  => 0 =>  => 0 =>  => 0 =>  => 0 =>  => 0 =>  => 0 =>  => 0 =>  => 0 =>  => 0 =>  => 0 =>  => 0 =>  => 0 =>  => 0 =>  => 0 =>  => 0 =>  => 0 =>  => 0 =>  => 0 =>  => "

-------------------------------
 
ALTERAÇÃO DE CLIENTE
POST => "luciana" Data => "2012-07-20 11:42:34", Alterou o Cliente de vale 504321 => "INFORMAÇÕES ALTERADAS => "1 => 4261 => 5 => 48 => 27 => 0 => 1 => 12/06/2012 => 504321 => 218 => 19539 => 12/06/2012 => ANDREWS DE OLIVEIRA NEY => 533469/s => DAISE CAMARGO DE LUNA DE QUEIROZ => 26061330 => RUA: RENILDA MAIER => 55 =>  => MIGUEL COUTO => NOVA IGUAÇU => RJ => 3793-5150 =>  =>  => PROX A BARRACA DO SR.ANTONIO PROC DAISE OU ROBERTA => relatorio enviado para o naec dia 20/7 Luciana  => 1 => 9074 => COZINHA COMP COLOR ECLIPSE TOP PTO => 1 => 9072 => ARM.COLOR ECLIPSE 2P4G BAL C/T VD => 0 =>  => 0 =>  => 0 =>  => 0 =>  => 0 =>  => 0 =>  => 0 =>  => 0 =>  => 0 =>  => 0 =>  => 0 =>  => 0 =>  => 0 =>  => 0 =>  => 0 =>  => 0 =>  => 0 =>  => 0 =>  => "

-------------------------------
 
ALTERAÇÃO DE CLIENTE
POST => "luciana" Data => "2012-07-20 11:42:43", Alterou o Cliente de vale 504321 => "INFORMAÇÕES ALTERADAS => "1 => 4261 => 5 => 40 => 19 => 0 => 1 => 12/06/2012 => 504321 => 218 => 19539 => 12/06/2012 => ANDREWS DE OLIVEIRA NEY => 533469/s => DAISE CAMARGO DE LUNA DE QUEIROZ => 26061330 => RUA: RENILDA MAIER => 55 =>  => MIGUEL COUTO => NOVA IGUAÇU => RJ => 3793-5150 =>  =>  => PROX A BARRACA DO SR.ANTONIO PROC DAISE OU ROBERTA => relatorio enviado para o naec dia 20/7 Luciana  => 1 => 9074 => COZINHA COMP COLOR ECLIPSE TOP PTO => 1 => 9072 => ARM.COLOR ECLIPSE 2P4G BAL C/T VD => 0 =>  => 0 =>  => 0 =>  => 0 =>  => 0 =>  => 0 =>  => 0 =>  => 0 =>  => 0 =>  => 0 =>  => 0 =>  => 0 =>  => 0 =>  => 0 =>  => 0 =>  => 0 =>  => 0 =>  => 0 =>  => "

-------------------------------
 
ALTERAÇÃO DE CLIENTE
POST => "luciana" Data => "2012-07-20 11:43:54", Alterou o Cliente de vale 504321 => "INFORMAÇÕES ALTERADAS => "1 => 4261 => 5 => 44 => 28 => 0 => 1 => 12/06/2012 => 504321 => 218 => 19539 => 12/06/2012 => ANDREWS DE OLIVEIRA NEY => 533469/s => DAISE CAMARGO DE LUNA DE QUEIROZ => 26061330 => RUA: RENILDA MAIER => 55 =>  => MIGUEL COUTO => NOVA IGUAÇU => RJ => 3793-5150 =>  =>  => PROX A BARRACA DO SR.ANTONIO PROC DAISE OU ROBERTA => relatorio enviado para o naec dia 20/7 Luciana  => 1 => 9074 => COZINHA COMP COLOR ECLIPSE TOP PTO => 1 => 9072 => ARM.COLOR ECLIPSE 2P4G BAL C/T VD => 0 =>  => 0 =>  => 0 =>  => 0 =>  => 0 =>  => 0 =>  => 0 =>  => 0 =>  => 0 =>  => 0 =>  => 0 =>  => 0 =>  => 0 =>  => 0 =>  => 0 =>  => 0 =>  => 0 =>  => 0 =>  => "

-------------------------------
 
ALTERAÇÃO DE CLIENTE
POST => "luciana" Data => "2012-07-20 11:44:34", Alterou o Cliente de vale 520162 => "INFORMAÇÕES ALTERADAS => "1 => 4522 => 5 => 37 => 10 => 0 => 1 => 09/07/2012 => 520162 => 169 => 60288 => 09/07/2012 => ROSANA SOUZA MONTEIRO => 223818/199 => PABLO PINHEIRO MOREIRA => 26163190 => RUA: BABI => 1160 =>  => BABI => BELFORD ROXO => RJ => 9426-3839 => 2761-9616 => 2758-9282 => NO MORRO DA TORRE AO LADO DO BAR DA ADRIANA => relatorio enviado para o naec dia 20/7 Luciana  => 1 => 138033 => G.ROUPA ARAPLAC 10P ATLAN PLUS TB/AM => 0 =>  => 0 =>  => 0 =>  => 0 =>  => 0 =>  => 0 =>  => 0 =>  => 0 =>  => 0 =>  => 0 =>  => 0 =>  => 0 =>  => 0 =>  => 0 =>  => 0 =>  => 0 =>  => 0 =>  => 0 =>  => 0 =>  => "

-------------------------------
 
ALTERAÇÃO DE CLIENTE
POST => "luciana" Data => "2012-07-20 11:47:21", Alterou o Cliente de vale 12638 => "INFORMAÇÕES ALTERADAS => "1 => 4615 => 5 => 10 => 13 => 0 => 0 => 12/07/2012 => 12638 => 274 => 12638 => 10/07/2012 => FLAVIA SOARES JORGE => 19259 => VERA LUCIA REBELO =>  => CAMBUCI => 215 => CASA => VILA NOVA => MAGE =>  => 3630-0328 =>  =>  =>  => relatorio enviado para o naec dia 20/7 Luciana  => 1 => 134898 => COZ COMP ARAMOVEIS LILIAN PLUS  BR/PT => 0 =>  => 0 =>  => 0 =>  => 0 =>  => 0 =>  => 0 =>  => 0 =>  => 0 =>  => 0 =>  => 0 =>  => 0 =>  => 0 =>  => 0 =>  => 0 =>  => 0 =>  => 0 =>  => 0 =>  => 0 =>  => 0 =>  => "

-------------------------------
 
ALTERAÇÃO DE CLIENTE
POST => "luciana" Data => "2012-07-20 11:49:03", Alterou o Cliente de vale 423348 => "INFORMAÇÕES ALTERADAS => "1 => 4327 => 5 => 23 => 15 => 0 => 0 => 28/06/2012 => 423348 => 238 => 62926 => 17/02/2012 => NAILSON DA SILVA PERIRA => 496424/199 => CLAUDIA ROSANA AZEREDO => 23015260 => ESTRADA: DO PRE-VOLA MARGARIDA REIS RUA B => 35 =>  => CAMPO GRANDE => RIO DE JANEIRO => RJ => 3364-1561 => 7826-2621 => 3364-1568 => PROX AO HOSPITAL DO EXERCITO PROC CLAUDIA OU JOSELITO => relatorio enviado para o naec dia 20/7 Luciana  => 1 => 137137 => MESA CARRARO ISABELE 4C 375/152 RD BRSEM => 0 =>  => 0 =>  => 0 =>  => 0 =>  => 0 =>  => 0 =>  => 0 =>  => 0 =>  => 0 =>  => 0 =>  => 0 =>  => 0 =>  => 0 =>  => 0 =>  => 0 =>  => 0 =>  => 0 =>  => 0 =>  => 0 =>  => "

-------------------------------
 
ALTERAÇÃO DE CLIENTE
POST => "luciana" Data => "2012-07-20 11:50:21", Alterou o Cliente de vale 451975 => "INFORMAÇÕES ALTERADAS => "1 => 3798 => 5 => 22 => 39 => 0 => 0 => 19/05/2012 => 451975 => 181 => 68638 => 26/03/2012 => ALEX SANDRA ROSA DA SILVA => 510533/199 => JOSE MANOEL  DE FARIAS =>  => AVENIDA DOIS => 0LT 5 => QD238 => JARDIM ATLANTICO => MARICA =>  => 3732-5870 => 8345-9685 =>  => prox a padaria esquina com  a rua 56. relatorio enviado para o naec dia 20/7 Luciana  => agendado p/12/07/12. => 1 => 140391 => G.ROUPA ARAPLAC 8P AUSTRIA TB/BR => 0 =>  => 0 =>  => 0 =>  => 0 =>  => 0 =>  => 0 =>  => 0 =>  => 0 =>  => 0 =>  => 0 =>  => 0 =>  => 0 =>  => 0 =>  => 0 =>  => 0 =>  => 0 =>  => 0 =>  => 0 =>  => 0 =>  => "

-------------------------------
 
ALTERAÇÃO DE CLIENTE
POST => "luciana" Data => "2012-07-20 11:51:43", Alterou o Cliente de vale 471769 => "INFORMAÇÕES ALTERADAS => "1 => 3643 => 5 => 18 => 14 => 0 => 0 => 14/05/2012 => 471769 => 181 => 423 => 17/04/2012 => JAFTER DE SOUZA NUNES => 13985 / 199 => ANA CAROLINA ALVES FERREIRA => 24900001 => RUA:VEREADOR FRANCISCO SABINO DA COSTA => 10 => QD 44 => ARASATIBA => MARICA => RJ => 9397-7157 => 3361-4836 =>  => EM FRENTE A BOATE ESTOMP RUA DO ANTIGO CASARAO DA PREFEITURA CTT. => relatorio enviado para o naec dia 20/7 Luciana  => 1 => 8729 => RACK BECHARA COPACABANA AMEND/PTO => 0 =>  => 0 =>  => 0 =>  => 0 =>  => 0 =>  => 0 =>  => 0 =>  => 0 =>  => 0 =>  => 0 =>  => 0 =>  => 0 =>  => 0 =>  => 0 =>  => 0 =>  => 0 =>  => 0 =>  => 0 =>  => 0 =>  => "

-------------------------------
 
ALTERAÇÃO DE CLIENTE
POST => "luciana" Data => "2012-07-20 11:53:46", Alterou o Cliente de vale 478246 => "INFORMAÇÕES ALTERADAS => "1 => 4467 => 5 => 33 => 14 => 0 => 0 => 06/07/2012 => 478246 => 230 => 478246 => 28/04/2012 => GLAUCE COSTA GABRIEL => 21829 => VERA LUCIA LUCINDO DA SILVA =>  => EDUARDO DO AMARAL => 320 => CASA => CAMPO ALEGRE => RIO DE JANEIRO =>  => 9443-2814 =>  =>  => ESTRADA DO MOINHO CONJ DA MARINHA NAS CASAS O BRECHO => relatorio enviado para o naec dia 20/7 Luciana  => 1 => 9074 => COZINHA COMP COLOR ECLIPSE TOP PTO => 1 => 9072 => ARM.COLOR ECLIPSE 2P4G BAL C/T VD => 0 =>  => 0 =>  => 0 =>  => 0 =>  => 0 =>  => 0 =>  => 0 =>  => 0 =>  => 0 =>  => 0 =>  => 0 =>  => 0 =>  => 0 =>  => 0 =>  => 0 =>  => 0 =>  => 0 =>  => 0 =>  => "

-------------------------------
 
ALTERAÇÃO DE CLIENTE
POST => "luciana" Data => "2012-07-20 11:55:21", Alterou o Cliente de vale 480646 => "INFORMAÇÕES ALTERADAS => "1 => 3441 => 5 => 30 => 12 => 0 => 0 => 11/05/2012 => 480646 => 249 => 1104 => 03/05/2012 => ALEXANDRA DE ALMEIDA VARGAS => 24766/199 => MARIA ABREU PINTO =>  => ESTRADA VELHA ESTRADA VELHA DE MARICA => 1 => APTO 101 BL 7 => PONTA GROSSA => MARICA => RJ => 4139-1479 => 8281-5720 =>  => NA ENTRADA DO COND ELISA,1 ENTRADA A DIREITA. => relatorio enviado para o naec dia 20/7 LUCIANA  => 1 => 16419 => COZ. COMP ARAMOVEIS LILIAN PLUS BR/VD => 0 =>  => 0 =>  => 0 =>  => 0 =>  => 0 =>  => 0 =>  => 0 =>  => 0 =>  => 0 =>  => 0 =>  => 0 =>  => 0 =>  => 0 =>  => 0 =>  => 0 =>  => 0 =>  => 0 =>  => 0 =>  => 0 =>  => "

-------------------------------
 
ALTERAÇÃO DE CLIENTE
POST => "luciana" Data => "2012-07-20 11:56:30", Alterou o Cliente de vale 480654 => "INFORMAÇÕES ALTERADAS => "1 => 4043 => 5 => 26 => 18 => 0 => 0 => 01/06/2012 => 480654 => 216 => 604 => 03/05/2012 => LEANDRO PADILHA DE CARVALHO => 24755 => MARIA SALETE DA SILVA LUIZ =>  => ESTRADA CASSOROTIBA => rua716 =>  => INOA => MARICA =>  => 2241-5788 =>  =>  => RELATORIO ENVIADO PARA O NAEC DIA 20/7 LUCIANA  =>  => 1 => 6069 => BALCAO C/T ARAMOVEIS LILIAN VD/BR => 0 =>  => 0 =>  => 0 =>  => 0 =>  => 0 =>  => 0 =>  => 0 =>  => 0 =>  => 0 =>  => 0 =>  => 0 =>  => 0 =>  => 0 =>  => 0 =>  => 0 =>  => 0 =>  => 0 =>  => 0 =>  => 0 =>  => "

-------------------------------
 
ALTERAÇÃO DE CLIENTE
POST => "luciana" Data => "2012-07-20 11:58:15", Alterou o Cliente de vale 487152 => "INFORMAÇÕES ALTERADAS => "1 => 4460 => 5 => 25 => 38 => 0 => 0 => 06/07/2012 => 487152 => 247 => 1455 => 14/05/2012 => WALLACE MIRANDA DAUDT =>  => LUIZ ARRUDA DE SOUZA => 24900000 => RUA FERNANDO MENDES => 96 => CASA A => INOA => MARICÁ => RJ => 2636-1929 =>  =>  => ENTRAR NA SEGUNDA ENTRADA DE ITAIPUACU 1 DIREITA CASA ENFRENTE AO BAR DO ZE LUIZ TEL 9573-1425 LIGAR ANTES  RELATORIO ENVIADO PARA O NAEC DIA 20/7 LUCIANA  => AGENDADO PARA O DIA 12/07 COM MONTADOR ALEX ! => 1 => 141552 => CJ SALA JANTAR ORTIZ VALENCIA 6C AMEN => 0 =>  => 0 =>  => 0 =>  => 0 =>  => 0 =>  => 0 =>  => 0 =>  => 0 =>  => 0 =>  => 0 =>  => 0 =>  => 0 =>  => 0 =>  => 0 =>  => 0 =>  => 0 =>  => 0 =>  => 0 =>  => 0 =>  => "

-------------------------------
 
ALTERAÇÃO DE CLIENTE
POST => "luciana" Data => "2012-07-20 11:59:40", Alterou o Cliente de vale 490255 => "INFORMAÇÕES ALTERADAS => "1 => 3813 => 5 => 22 => 13 => 0 => 0 => 21/05/2012 => 490255 => 245 => 467 => 17/05/2012 => CARLOS ALBERTO RODRIGUES VELOS => 13972/199 => EULALIA FREIRE FERNANDES LINS => 24900000 => AV DAS HORTENCIAS => 1 => QD26 => COSTA VERDE/ITAPUAÇU => MARICÁ => RJ => 2638-8482 => 9894-0220 =>  => ENTRA NA RUADO POSTO ALE ENTRADA ESQ CASA VERDE COM TELHADO BRANCO => RELATORIO ENVIADO PARA O NAEC DIA 20/7 LUCIANA  => 1 => 140391 => G.ROUPA ARAPLAC 8P AUSTRIA TB/BR => 0 =>  => 0 =>  => 0 =>  => 0 =>  => 0 =>  => 0 =>  => 0 =>  => 0 =>  => 0 =>  => 0 =>  => 0 =>  => 0 =>  => 0 =>  => 0 =>  => 0 =>  => 0 =>  => 0 =>  => 0 =>  => 0 =>  => "

-------------------------------
 
ALTERAÇÃO DE CLIENTE
POST => "luciana" Data => "2012-07-20 13:10:38", Alterou o Cliente de vale 506956 => "INFORMAÇÕES ALTERADAS => "1 => 4469 => 5 => 49 => 23 => 0 => 0 => 06/07/2012 => 506956 => 230 => 5248 => 18/06/2012 => WAGNER DA SILVA => 48617 => WELLIGTON LOPES BEZERRA =>  => JULIO POLISUK => 5 => CASA => CAMPO GRANDE => RIO DE JANEIRO =>  => 2405-7153 =>  =>  => RELATORIO ENVIADO PARA O NAEC DIA 20/7 LUCIANA  =>  => 1 => 139517 => KIT ITAT I3 VD FL CRIATIVA 5P/4G PT => 0 =>  => 0 =>  => 0 =>  => 0 =>  => 0 =>  => 0 =>  => 0 =>  => 0 =>  => 0 =>  => 0 =>  => 0 =>  => 0 =>  => 0 =>  => 0 =>  => 0 =>  => 0 =>  => 0 =>  => 0 =>  => 0 =>  => "

-------------------------------
 
ALTERAÇÃO DE CLIENTE
POST => "luciana" Data => "2012-07-20 13:11:52", Alterou o Cliente de vale 510197 => "INFORMAÇÕES ALTERADAS => "1 => 4306 => 5 => 32 => 17 => 0 => 0 => 23/06/2012 => 510197 => 238 => 67162 => 23/06/2012 => JOSIANE CLAUDINO NUNES => 539415/199 => SANDRA MARIA DA SILVA => 23042470 => RUA: SOLDADO FRANCISCO MALAFÁIA => 51 =>  => CAMPO GRANDE => RIO DE JANEIRO => RJ => 2415-4309 => 7365-3975 =>  => VIA ESTRA AGULHAS NEGRAS PROX AO COLEGIO SEIVA PURA E BRIZOLAO ANITA MALFATE PROC SANDRA => RELATORIO ENVIADO PARA O NAEC DIA 20/7 LUCIANA  => 1 => 100136 => COZINHA ITAT DAYANE BR => 0 =>  => 0 =>  => 0 =>  => 0 =>  => 0 =>  => 0 =>  => 0 =>  => 0 =>  => 0 =>  => 0 =>  => 0 =>  => 0 =>  => 0 =>  => 0 =>  => 0 =>  => 0 =>  => 0 =>  => 0 =>  => 0 =>  => "

-------------------------------
 
ALTERAÇÃO DE CLIENTE
POST => "luciana" Data => "2012-07-20 13:13:02", Alterou o Cliente de vale 511201 => "INFORMAÇÕES ALTERADAS => "1 => 4763 => 5 => 13 => 11 => 0 => 0 => 26/06/2012 => 511201 => 171 => 511201 => 26/06/2012 => EDMILSON BATISTA ESPINELO => 463394/199 => VALMIRENE ORGES BARBOSA => 23098320 => RUA: ELVIS => 7 => SB => SANTÍSSIMO => RIO DE JANEIRO => RJ => 3424-0526 =>  =>  => RUA AO LADO DA CASA MAT UMAQUER PROC POR D ADELICE.PED.61443 => RELATORIO ENVIADO PARA O NAEC DIA 20/7 LUCIANA  => 1 => 135582 => CAMA BP DUBAY BIBOX CHOC/PTO => 0 =>  => 0 =>  => 0 =>  => 0 =>  => 0 =>  => 0 =>  => 0 =>  => 0 =>  => 0 =>  => 0 =>  => 0 =>  => 0 =>  => 0 =>  => 0 =>  => 0 =>  => 0 =>  => 0 =>  => 0 =>  => 0 =>  => "

-------------------------------
 
ALTERAÇÃO DE CLIENTE
POST => "luciana" Data => "2012-07-20 13:14:05", Alterou o Cliente de vale 515146 => "INFORMAÇÕES ALTERADAS => "1 => 4455 => 5 => 23 => 20 => 0 => 0 => 06/07/2012 => 515146 => 230 => 86118 => 02/07/2012 => GLAUCE COSTA GABRIEL => 510040 => NIVALDO DA SILVA ALVES =>  => CAMAPUA => 152 => CASA => CAMPO GRANDE => RIO DE JANEIRO =>  => 3406-4469 =>  =>  => BAIRRO SANTA INES NA RUA DA PRAÇA INES => RELATORIO ENVIADO PARA O NAEC DIA 20/7 LUCIANA => 1 => 139495 => KIT ITAT I3 PREMIUM 6P/3G BR => 0 =>  => 0 =>  => 0 =>  => 0 =>  => 0 =>  => 0 =>  => 0 =>  => 0 =>  => 0 =>  => 0 =>  => 0 =>  => 0 =>  => 0 =>  => 0 =>  => 0 =>  => 0 =>  => 0 =>  => 0 =>  => 0 =>  => "

-------------------------------
 
ALTERAÇÃO DE CLIENTE
POST => "luciana" Data => "2012-07-20 13:15:40", Alterou o Cliente de vale 515149 => "INFORMAÇÕES ALTERADAS => "1 => 4457 => 5 => 30 => 11 => 0 => 0 => 06/07/2012 => 515149 => 230 => 515149 => 02/07/2012 => GLAUCE COSTA GABRIEL => 510055 => NIVALDO DA SILVA ALVES =>  => CAMA PUA => 152 => CASA => CAMPO GRANDE => RIO DE JANEIRO =>  => 3406-4469 =>  =>  => BAIRRO SANTA INES NA RUA DA PRAÇA INES => RELATORIO ENVIADO PARA O NAEC DIA 20/7 LUCIANA  => 1 => 16422 => BALC ITAT IGH-97 DAYANE BR/PTO => 0 =>  => 0 =>  => 0 =>  => 0 =>  => 0 =>  => 0 =>  => 0 =>  => 0 =>  => 0 =>  => 0 =>  => 0 =>  => 0 =>  => 0 =>  => 0 =>  => 0 =>  => 0 =>  => 0 =>  => 0 =>  => 0 =>  => "

-------------------------------
 
ALTERAÇÃO DE CLIENTE
POST => "luciana" Data => "2012-07-20 13:16:52", Alterou o Cliente de vale 518038 => "INFORMAÇÕES ALTERADAS => "1 => 4483 => 5 => 40 => 14 => 0 => 0 => 06/07/2012 => 518038 => 230 => 4987 => 05/07/2012 => VANDA GOMES => 45682 => RAQUEL DA CONCEIÇÃO DA COSTA =>  => IPOMEIA LT 05 QD A VILA MARIA =>  =>  => SANTISSIMO => RIO DE JANEIRO =>  => 7972-0124 =>  =>  => TROCA SEM RECOLHIMENTO PROC POR MARIA SEGUIR PELA ESTRADA DA POSSE EM FRENTE AO BAIRRO SAO VITOR => RELATORIO ENVIADO PARA O NAEC DIA 20/7 LUCIANA  => 1 => 10786 => ARM ITAT MAD IPLDA-70 TECNO PTO/LAC => 0 =>  => 0 =>  => 0 =>  => 0 =>  => 0 =>  => 0 =>  => 0 =>  => 0 =>  => 0 =>  => 0 =>  => 0 =>  => 0 =>  => 0 =>  => 0 =>  => 0 =>  => 0 =>  => 0 =>  => 0 =>  => 0 =>  => "

-------------------------------
 
ALTERAÇÃO DE CLIENTE
POST => "luciana" Data => "2012-07-20 13:18:17", Alterou o Cliente de vale 518221 => "INFORMAÇÕES ALTERADAS => "1 => 4476 => 5 => 25 => 31 => 0 => 0 => 06/07/2012 => 518221 => 171 => 3292 => 05/07/2012 => ROSEMBERG => 37516 => ANGELA DE SOUZA OLIVEIRA =>  => MACEDO JUNIOR => 41 => CASA => REALENGO => RIO DE JANEIRO =>  => 3936-7205 =>  =>  => PROX AO MERCADO EXTRA DE REALENGO BEIRANDO A LINHA FERREO NO FINAL DA RUA IMPERATRIS => RELATORIO ENVIADO PARA O NAEC DIA 20/7 LUCIANA  => 1 => 9074 => COZINHA COMP COLOR ECLIPSE TOP PTO => 0 =>  => 0 =>  => 0 =>  => 0 =>  => 0 =>  => 0 =>  => 0 =>  => 0 =>  => 0 =>  => 0 =>  => 0 =>  => 0 =>  => 0 =>  => 0 =>  => 0 =>  => 0 =>  => 0 =>  => 0 =>  => 0 =>  => "

-------------------------------
 
ALTERAÇÃO DE CLIENTE
POST => "luciana" Data => "2012-07-20 13:19:24", Alterou o Cliente de vale 518226 => "INFORMAÇÕES ALTERADAS => "1 => 4477 => 5 => 26 => 12 => 0 => 0 => 06/07/2012 => 518226 => 230 => 5755 => 05/07/2012 => GLAUCE COSTA GABRIEL => 54019 => ALICE RITA DA SILVA =>  => RUA B => 14 => CASA => PACIENCIA => RIO DE JANEIRO =>  =>  =>  =>  => PROX A LOJA DE MATERIAL => RELATORIO ENVIADO PARA O NAEC DIA 20/7 LUCIANA  => 1 => 6069 => BALCAO C/T ARAMOVEIS LILIAN VD/BR => 0 =>  => 0 =>  => 0 =>  => 0 =>  => 0 =>  => 0 =>  => 0 =>  => 0 =>  => 0 =>  => 0 =>  => 0 =>  => 0 =>  => 0 =>  => 0 =>  => 0 =>  => 0 =>  => 0 =>  => 0 =>  => 0 =>  => "

-------------------------------
 
ALTERAÇÃO DE CLIENTE
POST => "luciana" Data => "2012-07-20 13:20:27", Alterou o Cliente de vale 519771 => "INFORMAÇÕES ALTERADAS => "1 => 4542 => 5 => 23 => 14 => 0 => 0 => 10/07/2012 => 519771 => 171 => 7440 => 09/07/2012 => SERGIO JOAQUIM DOS SANTOS => 71169/199 => LAURO J OLIVEIRA =>  => RUA EMILIO RIBAS => 69 => APTO 203 BL 58 => PADRE MIGUEL => RIO DE JANEIRO => RJ => 3331-1804 =>  =>  => RUA FIGUEIRA CAMARGO,PX A PADARIA MOCIDADE. => RELATORIO ENVIADO PARA O NAEC DIA 20/7 LUCIANA  => 1 => 140391 => G.ROUPA ARAPLAC 8P AUSTRIA TB/BR => 0 =>  => 0 =>  => 0 =>  => 0 =>  => 0 =>  => 0 =>  => 0 =>  => 0 =>  => 0 =>  => 0 =>  => 0 =>  => 0 =>  => 0 =>  => 0 =>  => 0 =>  => 0 =>  => 0 =>  => 0 =>  => 0 =>  => "

-------------------------------
 
ALTERAÇÃO DE CLIENTE
POST => "luciana" Data => "2012-07-20 13:23:08", Alterou o Cliente de vale 521343 => "INFORMAÇÕES ALTERADAS => "1 => 4574 => 5 => 12 => 23 => 0 => 0 => 12/07/2012 => 521343 => 179 => 20649 => 11/07/2012 => VANDERSON MARQUES DOS SANTOS => 73685 => MICHLLE OLIVEIRA DA CONCEIÇÃO =>  => ALMIRANTE BARROSO => 45 => CASA B => JARDIM VINTE E CINCO DE AGOSTO => DUQUE DE CAXIAS =>  => 8822-7001 => 7585-2903 =>  => NA RUA DA ESCOLA DE SAMBA GRANDE RIO PROC SR MICHELLE OU VANDERSON OU JONATHAN => RELATORIO ENVIADO PARA O NAEC DIA 20/7 LUCIANA  => 1 => 135608 => MESA COMPUT BECHARA FOX GRISS /PTO => 0 =>  => 0 =>  => 0 =>  => 0 =>  => 0 =>  => 0 =>  => 0 =>  => 0 =>  => 0 =>  => 0 =>  => 0 =>  => 0 =>  => 0 =>  => 0 =>  => 0 =>  => 0 =>  => 0 =>  => 0 =>  => 0 =>  => "

-------------------------------
 
ALTERAÇÃO DE CLIENTE
POST => "luciana" Data => "2012-07-20 13:24:14", Alterou o Cliente de vale 521633 => "INFORMAÇÕES ALTERADAS => "1 => 4575 => 5 => 29 => 21 => 0 => 0 => 12/07/2012 => 521633 => 179 => 21846 => 11/07/2012 => FABIO MACARIO TEIXEIRA => 78344/199 => ADAILTON FLORENCIO TETEO =>  => RUA AQUIDABA => 2 => QD91 LT 16 => JARDIM OLAVO BILAC => DUQUE DE CAXIAS => RJ => 3776-664 =>  =>  => PX AO COLEGIO REINO DA CULTURA => RELATORIO ENVIADO PARA O NAEC DIA 20/7 LUCIANA => 1 => 132414 => RACK DJ FLASH IMB/PTO => 0 =>  => 0 =>  => 0 =>  => 0 =>  => 0 =>  => 0 =>  => 0 =>  => 0 =>  => 0 =>  => 0 =>  => 0 =>  => 0 =>  => 0 =>  => 0 =>  => 0 =>  => 0 =>  => 0 =>  => 0 =>  => 0 =>  => "

-------------------------------
 
ALTERAÇÃO DE CLIENTE
POST => "luciana" Data => "2012-07-20 13:25:11", Alterou o Cliente de vale 524531 => "INFORMAÇÕES ALTERADAS => "1 => 4755 => 5 => 39 => 21 => 0 => 0 => 17/07/2012 => 524531 => 211 => 41256 => 17/07/2012 => DANIELA VENTURI MARQUES => 493307/199 => ELIZEU VIANA BRITO => 26277720 => RUA PEREIRAS => 111 =>  => JARDIM PALMEIRAS => NOVA IGUÇU => RJ => 3794-4126 => 8105-9655 =>  => CONJUNTO PALMARES DEPOIS DO CIEP PROC ELIZEU => RELATORIO ENVIADO PARA O NAEC DIA 20/7 LUCIANA  => 1 => 140391 => G.ROUPA ARAPLAC 8P AUSTRIA TB/BR => 0 =>  => 0 =>  => 0 =>  => 0 =>  => 0 =>  => 0 =>  => 0 =>  => 0 =>  => 0 =>  => 0 =>  => 0 =>  => 0 =>  => 0 =>  => 0 =>  => 0 =>  => 0 =>  => 0 =>  => 0 =>  => 0 =>  => "

-------------------------------
 
ALTERAÇÃO DE CLIENTE
POST => "luciana" Data => "2012-07-20 13:27:01", Alterou o Cliente de vale 524540 => "INFORMAÇÕES ALTERADAS => "1 => 4756 => 5 => 30 => 4 => 0 => 0 => 17/07/2012 => 524540 => 218 => 65661 => 17/07/2012 => BRUNA RENATA DE OLIVEIRA DAMASIO LUCAS => 460395/199 => KELLY DOS SANTOS => 26385450 => RUA IGREJA => 100 =>  => VALE DO OURO => QUEIMADOS => RJ => 9972-1772 =>  =>  => SUB A RUA EM FRENTE O CAMPO DO VALE DE OURO ULTIMA CASA PROC SEU JORGE. => RELATORIO ENVIADO PARA O NAEC DIA 20/7 LUCIANA  => 1 => 140391 => G.ROUPA ARAPLAC 8P AUSTRIA TB/BR => 0 =>  => 0 =>  => 0 =>  => 0 =>  => 0 =>  => 0 =>  => 0 =>  => 0 =>  => 0 =>  => 0 =>  => 0 =>  => 0 =>  => 0 =>  => 0 =>  => 0 =>  => 0 =>  => 0 =>  => 0 =>  => 0 =>  => "

-------------------------------
 
ALTERAÇÃO DE CLIENTE
POST => "luciana" Data => "2012-07-20 13:48:43", Alterou o Cliente de vale 604619 => "INFORMAÇÕES ALTERADAS => "1 => 4720 => 5 => 36 => 19 => 0 => 2 => 18/07/2012 => 604619 => 179 => 60619 => 17/07/2012 =>  =>  => CARLOS ROBERTO MEDEIROS TEIXEIRA =>  => TIBIRICA => 24 =>  => VILA SANTA TERESA => BELFORD ROXO =>  => 9177-9313 =>  =>  => agend:21/7 Luciana  =>  => 1 => 138033 => G.ROUPA ARAPLAC 10P ATLAN PLUS TB/AM => 0 =>  => 0 =>  => 0 =>  => 0 =>  => 0 =>  => 0 =>  => 0 =>  => 0 =>  => 0 =>  => 0 =>  => 0 =>  => 0 =>  => 0 =>  => 0 =>  => 0 =>  => 0 =>  => 0 =>  => 0 =>  => 0 =>  => "

-------------------------------
 
ALTERAÇÃO DE CLIENTE
POST => "simone" Data => "2012-07-20 14:04:42", Alterou o Cliente de vale 524150 => "INFORMAÇÕES ALTERADAS => "1 => 4675 => 35 => 26 => 18 => 0 => 0 => 17/07/2012 => 524150 => 230 => 3609 => 16/07/2012 => GLAUCE COSTA GABRIEL => 35200 => THALITA BONIFACIO ILVA =>  => SANTA ROSA MORADA 2001 => 2 => CASA => PACIENCIA => RIO DE JANEIRO =>  => 7494-6815 =>  =>  => ENTRADA DO BAIRRO SITUADO NO FINAL DA RUA ICONHA RUA DA MADEREIRA MATRIZ 07 DE ABRIL FICA NA RUA SANTA RITA => agend: sabado 21/7 Luciana  => 1 => 100136 => COZINHA ITAT DAYANE BR => 0 =>  => 0 =>  => 0 =>  => 0 =>  => 0 =>  => 0 =>  => 0 =>  => 0 =>  => 0 =>  => 0 =>  => 0 =>  => 0 =>  => 0 =>  => 0 =>  => 0 =>  => 0 =>  => 0 =>  => 0 =>  => 0 =>  => "

-------------------------------
 
CADASTRO DE CLIENTE
POST => "MIRIAN" Data => "2012-07-20 14:38:02", Cadastrou o Cliente de vale 356367 => "INFORMAÇÕES CADASTRADAS => "11 => 33 => 7 => 2 => 0 => 20/07/2012 => 356367 => 230 => 73389 => 12/12/2011 => EDMILSON SILVA LUZ => 404415/199 => ZILDA NERES CUNHA DA SILVA => 22785530 => RUA: DEZ DE AGOSTO => 49 =>  => VARGEM GRANDE => RIO DE JANEIRO => RJ => 9308-3153 =>  =>  => AV DAS AMERICAS DESCENDO A SERRA SEGUNDO PONTO AO LADO DA AMOEDO PROC ZILDA OU IRANI => 01 => 134895 => BALC ITAT.IG3G4-C CRIATIVA PTO =>  =>  =>  =>  =>  =>  =>  =>  =>  =>  =>  =>  =>  =>  =>  =>  =>  =>  =>  =>  =>  =>  =>  =>  =>  =>  =>  =>  =>  =>  =>  =>  =>  =>  =>  =>  =>  =>  => "

-------------------------------
 
ALTERAÇÃO DE CLIENTE
POST => "luciana" Data => "2012-07-20 15:03:20", Alterou o Cliente de vale 526453 => "INFORMAÇÕES ALTERADAS => "1 => 3917 => 5 => 22 => 22 => 0 => 2 => 24/05/2012 => 526453 => 245 => 526453 => 24/05/2012 =>  =>  => JOSEFA MARIA DA SILVA =>  => RUA:ANTONIO CORDEIRO => 123 => BL 08 APTO 106 => JACAREPAGUA => RIO DE JANEIRO => RJ => 2447-0936 => 7100-9112 =>  => PEDIDO:38503 => agend: sabado 21/7 LUCIANA  => 1 => 134708 => BALCAO LUCIANE DAKAR 2P4G CHAMP / NOG => 0 =>  => 0 =>  => 0 =>  => 0 =>  => 0 =>  => 0 =>  => 0 =>  => 0 =>  => 0 =>  => 0 =>  => 0 =>  => 0 =>  => 0 =>  => 0 =>  => 0 =>  => 0 =>  => 0 =>  => 0 =>  => 0 =>  => "

-------------------------------
 
ALTERAÇÃO DE CLIENTE
POST => "simone" Data => "2012-07-20 15:11:23", Alterou o Cliente de vale 352068 => "INFORMAÇÕES ALTERADAS => "1 => 4623 => 35 => 20 => 23 => 0 => 0 => 14/07/2012 => 352068 => 236 => 36672 => 09/12/2011 => EDIR SILVA DOS SANTOS => 397346/199 => ALCIONE BARRETO DE LIMA => 25571300 => RUA: BOSTON => ap 101 => LT 27 QD F => JARDIM NOVA CALIFÓRNIA => SÃO JOÃO DE MERITI => RJ => 3065-3018 =>  =>  => PROX AO CAMPO DO RODO IGREJA CATOLICA SUBIDA DO MORRO => AS TRES PORTAS PEQUENA ESTÃO ARRANHADAS  FAZER PEDIDO => 1 => 136651 => COZINHA TELASSUL CRISTAL 80123 BR => 0 =>  => 0 =>  => 0 =>  => 0 =>  => 0 =>  => 0 =>  => 0 =>  => 0 =>  => 0 =>  => 0 =>  => 0 =>  => 0 =>  => 0 =>  => 0 =>  => 0 =>  => 0 =>  => 0 =>  => 0 =>  => 0 =>  => "

-------------------------------
 
ALTERAÇÃO DE CLIENTE
POST => "luciana" Data => "2012-07-20 15:14:46", Alterou o Cliente de vale 584058 => "INFORMAÇÕES ALTERADAS => "1 => 4217 => 5 => 4 => 17 => 0 => 2 => 15/06/2012 => 584058 => 171 => 584058 => 13/06/2012 =>  =>  => ANTONIO JOSE DIAS =>  => TRAVESSA BARAO DO TRIUNFO => 585 => CS 07 => REALENGO => RIO DE JANEIRO => RJ => 3462-8860 =>  =>  => PELA ESTRADA DA AGUA BRANCA PROX A IGREJA CATOLICA SAO JOSE OPERARIO DO CLUBE CRI REALENGO PROC MARLI PED.5448 => agend: quarta feira 25/7 Luciana  => 1 => 139517 => KIT ITAT I3 VD FL CRIATIVA 5P/4G PT => 0 =>  => 0 =>  => 0 =>  => 0 =>  => 0 =>  => 0 =>  => 0 =>  => 0 =>  => 0 =>  => 0 =>  => 0 =>  => 0 =>  => 0 =>  => 0 =>  => 0 =>  => 0 =>  => 0 =>  => 0 =>  => 0 =>  => "

-------------------------------
 
ALTERAÇÃO DE CLIENTE
POST => "luciana" Data => "2012-07-20 15:49:03", Alterou o Cliente de vale 555149 => "INFORMAÇÕES ALTERADAS => "1 => 4446 => 5 => 9 => 31 => 0 => 2 => 06/07/2012 => 555149 => RE => 555149 => 02/07/2012 =>  =>  => ROSIVALDO FREITAS DOS SANTOS =>  => REGADO => 68 => CASA => POSSE/PONTO CHIC => NOVA IGUAÇU =>  => 2658-3181 => 9881-0555 =>  => ENTREGAR APOS 02/05/2012 ALTO DA POSSE NA ENTRADA DO PONTO CHIC PADARIA VITORIOSA POSTIO DE GASOLINA CAPITAO => agend: terça 24/7 Luciana  => 1 => 139530 => G. ROUPA MOVAL 3P SANTIAGO IMB/PTO => 0 =>  => 0 =>  => 0 =>  => 0 =>  => 0 =>  => 0 =>  => 0 =>  => 0 =>  => 0 =>  => 0 =>  => 0 =>  => 0 =>  => 0 =>  => 0 =>  => 0 =>  => 0 =>  => 0 =>  => 0 =>  => 0 =>  => "

-------------------------------
 
ALTERAÇÃO DE CLIENTE
POST => "luciana" Data => "2012-07-20 15:52:34", Alterou o Cliente de vale 518022 => "INFORMAÇÕES ALTERADAS => "1 => 4482 => 5 => 19 => 20 => 0 => 0 => 06/07/2012 => 518022 => 230 => 4899 => 05/07/2012 => EDMILSON SILVA LUZ =>  => LUCIANA GUIMARAES LOPES DE OLIVEIRA => 23060360 => RUA AFONSO PENA \' => 96 => CASA => MANGUARIBA => RIO DE JANEIRO => RJ => 3354-2921 =>  =>  => EST DO CAMPINHO AV BRASIL AO LADO CHURRASCARIA RIO GRANDE MANGUARIBA II APOS UNIVERSAL PRIM RUA ESQ PROC LUCIANA => passado e-mail para o naec dia 20/7 Luciana  => 1 => 138033 => G.ROUPA ARAPLAC 10P ATLAN PLUS TB/AM => 0 =>  => 0 =>  => 0 =>  => 0 =>  => 0 =>  => 0 =>  => 0 =>  => 0 =>  => 0 =>  => 0 =>  => 0 =>  => 0 =>  => 0 =>  => 0 =>  => 0 =>  => 0 =>  => 0 =>  => 0 =>  => 0 =>  => "

-------------------------------
 
ALTERAÇÃO DE CLIENTE
POST => "simone" Data => "2012-07-20 16:11:07", Alterou o Cliente de vale 520086 => "INFORMAÇÕES ALTERADAS => "1 => 4535 => 35 => 29 => 27 => 0 => 0 => 10/05/2012 => 520086 => 179 => 166847 => 09/07/2012 => ANDERSON PEREIRA SANTOS => 508785/199 => BENIGNA RIBEIRO GEREMIAS DOS SANTOS =>  => RUA DONA AFRA => 13 => QD O LT 13 => MALHAPAO => BELFORD ROXO => RJ => 3662-8000 =>  =>  => ATRAS DO SITIO DO ALEMÃO. => OBS: FARLY VAI ATENDER 21/07/2012 => 1 => 140391 => G.ROUPA ARAPLAC 8P AUSTRIA TB/BR => 0 =>  => 0 =>  => 0 =>  => 0 =>  => 0 =>  => 0 =>  => 0 =>  => 0 =>  => 0 =>  => 0 =>  => 0 =>  => 0 =>  => 0 =>  => 0 =>  => 0 =>  => 0 =>  => 0 =>  => 0 =>  => 0 =>  => "

-------------------------------
 
ALTERAÇÃO DE CLIENTE
POST => "luciana" Data => "2012-07-20 16:18:32", Alterou o Cliente de vale 523287 => "INFORMAÇÕES ALTERADAS => "1 => 4543 => 5 => 28 => 11 => 0 => 2 => 10/07/2012 => 523287 => 203 => 523287 => 09/07/2012 =>  =>  => ANA CLAUDIA CHAVES DA SILVA =>  => RUA COIMBRA DA LUZ => 72 => CASA 102 => PILARES => RIO DE JANEIRO => RJ => 3979-9322 =>  =>  => SUBIR R  MARIO CARPENTER EM FRENTE AO EXTRA DE PILARES,PEDIDO: 523287 => agend: terça 24/7 LUCIANA  => 1 => 140094 => G.ROUPA BERGAMO 5P LISBOA IMB/PTO => 0 =>  => 0 =>  => 0 =>  => 0 =>  => 0 =>  => 0 =>  => 0 =>  => 0 =>  => 0 =>  => 0 =>  => 0 =>  => 0 =>  => 0 =>  => 0 =>  => 0 =>  => 0 =>  => 0 =>  => 0 =>  => 0 =>  => "

-------------------------------
 
ALTERAÇÃO DE CLIENTE
POST => "luciana" Data => "2012-07-20 16:21:45", Alterou o Cliente de vale 497916 => "INFORMAÇÕES ALTERADAS => "1 => 4547 => 5 => 24 => 31 => 0 => 2 => 10/07/2012 => 497916 => 203 => 497916 => 09/07/2012 =>  =>  => ROBSON GOMES BERNARDO =>  => RUA VIEIRA FAZENDA => 55 => CASA05 => JACARE => RIO DE JANEIRO => RJ => 3870-6874 => 7400-6293 =>  => PX A IGREJA BATISTA,PEDIDO: 68060 => agend: sabado 21/7 Luciana  => 1 => 136651 => COZINHA TELASSUL CRISTAL 80123 BR => 0 =>  => 0 =>  => 0 =>  => 0 =>  => 0 =>  => 0 =>  => 0 =>  => 0 =>  => 0 =>  => 0 =>  => 0 =>  => 0 =>  => 0 =>  => 0 =>  => 0 =>  => 0 =>  => 0 =>  => 0 =>  => 0 =>  => "

-------------------------------
 
ALTERAÇÃO DE CLIENTE
POST => "MIRIAN" Data => "2012-07-20 16:53:59", Alterou o Cliente de vale 580770 => "INFORMAÇÕES ALTERADAS => "1 => 4491 => 11 => 37 => 10 => 0 => 2 => 06/07/2012 => 580770 => RE => 580770 => 02/07/2012 =>  =>  => MARIA GORETE GONÇALVES DA S SILVA =>  => RUA C ACESSO EST ITARARE => 7801 => 26 => RAMOS => RIO DE JANEIRO =>  => 7855-7862 =>  =>  => UMA ENTRADA ANTES DO UPPA ITARARE ANTIGAPOESI NA RUA DO YPE PROC => agendado p/23/07/12. => 1 => 137137 => MESA CARRARO ISABELE 4C 375/152 RD BRSEM => 0 =>  => 0 =>  => 0 =>  => 0 =>  => 0 =>  => 0 =>  => 0 =>  => 0 =>  => 0 =>  => 0 =>  => 0 =>  => 0 =>  => 0 =>  => 0 =>  => 0 =>  => 0 =>  => 0 =>  => 0 =>  => 0 =>  => "

-------------------------------
