 
ALTERAÇÃO DE CLIENTE
POST => "luciana" Data => "2012-09-04 13:21:05", Alterou o Cliente de vale 525566 => "INFORMAÇÕES ALTERADAS => "1 => 4766 => 5 => 32 => 24 => 0 => 2 => 20/07/2012 => 525566 => 215 => 525566 => 18/07/2012 =>  =>  => MARLON COELHO DE MOURA =>  => RUA UBIRATAM  => 120 =>  => LARANJAU  => SAO GONCALO => RJ => 3186-9357 => 8543-8459 =>  => px ao radar do laranjau 5º rua a direita  76702 agend:30/8 FERNANDO VAI ATENDE DIA 4/9  Luciana  => LIGAR ANTES. => 1 => 100136 => COZINHA ITAT DAYANE BR => 0 =>  => 0 =>  => 0 =>  => 0 =>  => 0 =>  => 0 =>  => 0 =>  => 0 =>  => 0 =>  => 0 =>  => 0 =>  => 0 =>  => 0 =>  => 0 =>  => 0 =>  => 0 =>  => 0 =>  => 0 =>  => 0 =>  => "

-------------------------------
 
ALTERAÇÃO DE CLIENTE
POST => "luciana" Data => "2012-09-04 13:21:43", Alterou o Cliente de vale 450657 => "INFORMAÇÕES ALTERADAS => "1 => 4955 => 5 => 25 => 18 => 0 => 0 => 24/03/2012 => 450657 => 214 => 48273 => 24/03/2012 => ANTONIO CARLOS RODRIGUES DA SI => 511782/199 => VALDENALVA G DA SILVA => 24800000 => RUA MARTINHO JOSE BATISTA => 2 => LT02 QD 02 => CABUÇU => ITABORAÍ => RJ => 9553-5862 =>  =>  => 1 RUA APOS A PRAÇA EM FRENTE CASA DO ISMAEL DO GAS PROC  FERNAND0O VAI ATENDE 4/6 LUCIANA ZIMAR =>  => 1 => 9066 => MESA MODECOR LUMA 4C T VID BR => 0 =>  => 0 =>  => 0 =>  => 0 =>  => 0 =>  => 0 =>  => 0 =>  => 0 =>  => 0 =>  => 0 =>  => 0 =>  => 0 =>  => 0 =>  => 0 =>  => 0 =>  => 0 =>  => 0 =>  => 0 =>  => 0 =>  => "

-------------------------------
 
ALTERAÇÃO DE CLIENTE
POST => "luciana" Data => "2012-09-04 13:22:26", Alterou o Cliente de vale 450657 => "INFORMAÇÕES ALTERADAS => "1 => 4955 => 5 => 45 => 12 => 0 => 0 => 24/03/2012 => 450657 => 214 => 48273 => 24/03/2012 => ANTONIO CARLOS RODRIGUES DA SI => 511782/199 => VALDENALVA G DA SILVA => 24800000 => RUA MARTINHO JOSE BATISTA => 2 => LT02 QD 02 => CABUÇU => ITABORAÍ => RJ => 9553-5862 =>  =>  => 1 RUA APOS A PRAÇA EM FRENTE CASA DO ISMAEL DO GAS PROC  FERNAND0O VAI ATENDE 4/6 LUCIANA ZIMAR =>  => 1 => 9066 => MESA MODECOR LUMA 4C T VID BR => 0 =>  => 0 =>  => 0 =>  => 0 =>  => 0 =>  => 0 =>  => 0 =>  => 0 =>  => 0 =>  => 0 =>  => 0 =>  => 0 =>  => 0 =>  => 0 =>  => 0 =>  => 0 =>  => 0 =>  => 0 =>  => 0 =>  => "

-------------------------------
 
ALTERAÇÃO DE CLIENTE
POST => "luciana" Data => "2012-09-04 15:04:22", Alterou o Cliente de vale 524191 => "INFORMAÇÕES ALTERADAS => "1 => 4669 => 5 => 32 => 12 => 2 => 0 => 17/07/2012 => 524191 => 212 => 60399 => 16/07/2012 => PEDRO DA SILVA PARANHOS => 522698/199 => EDNA EGIDIA CURVELO => 26115390 => RUA: AJUARA => lt 215 => QD 10 => HITERLAND => BELFORD ROXO => RJ =>  =>  =>  => APOS A PADARIA STA AAMELIA ANTES DO BATALHAO ENTRADA NA QUADRA DE FUTEBOL => e- mail enviado para Jandira e Lidiane  dia 4/9 Luciana  => 1 => 139517 => KIT ITAT I3 VD FL CRIATIVA 5P/4G PT => 0 =>  => 0 =>  => 0 =>  => 0 =>  => 0 =>  => 0 =>  => 0 =>  => 0 =>  => 0 =>  => 0 =>  => 0 =>  => 0 =>  => 0 =>  => 0 =>  => 0 =>  => 0 =>  => 0 =>  => 0 =>  => 0 =>  => "

-------------------------------
 
ALTERAÇÃO DE CLIENTE
POST => "luciana" Data => "2012-09-04 15:07:15", Alterou o Cliente de vale 485345 => "INFORMAÇÕES ALTERADAS => "1 => 3169 => 5 => 27 => 17 => 0 => 0 => 10/05/2012 => 485345 => 203 => 84875 => 10/05/2012 => MARCOS MOURA => 534125 / 199 => JOSE LUCIANO DE LIMA => 21040005 => RUA: ARI LEÃO => 103 => APTO 04 => RAMOS => RIO DE JANEIRO => RJ => 3105-2297 =>  =>  => PROX AO MERCADO SULEMARD. => AGENDADO P/DIA 12/05 e- mail enviado para JANDIRA E LIDIANE DIA 4/9 LUCIANA  => 1 => 16377 => CAMA CS N.HORIZ ANGRA PLUS AM/AM/PT => 1 => 140338 => G ROUPA FRITZ 3P MILAO AMEN/PTO => 0 =>  => 0 =>  => 0 =>  => 0 =>  => 0 =>  => 0 =>  => 0 =>  => 0 =>  => 0 =>  => 0 =>  => 0 =>  => 0 =>  => 0 =>  => 0 =>  => 0 =>  => 0 =>  => 0 =>  => 0 =>  => "

-------------------------------
 
ALTERAÇÃO DE CLIENTE
POST => "luciana" Data => "2012-09-04 15:08:28", Alterou o Cliente de vale 525709 => "INFORMAÇÕES ALTERADAS => "1 => 4753 => 5 => 14 => 34 => 2 => 0 => 19/07/2012 => 525709 => 181 => 24317 => 19/07/2012 => IVONETE JESUS DOS SANTOS => 28625/s => RENATA MACCHIARULO => 24750540 => RUA: EDSON FRANCISCO => lt33 => QD 01 => TRIBOBO => SÃO GONÇALO => RJ => 3601-4360 =>  =>  => cliente não atende o tel acima dia 4/9e- mail enviado para Jandira e LIDIANE DIA 4/9 PARA PEDI OUTRO TEL DE CONTATO LUCIANA  =>  => 1 => 136216 => G.ROUPA MOVAL 6P PARIS TB/BR => 0 =>  => 0 =>  => 0 =>  => 0 =>  => 0 =>  => 0 =>  => 0 =>  => 0 =>  => 0 =>  => 0 =>  => 0 =>  => 0 =>  => 0 =>  => 0 =>  => 0 =>  => 0 =>  => 0 =>  => 0 =>  => 0 =>  => "

-------------------------------
 
ALTERAÇÃO DE CLIENTE
POST => "luciana" Data => "2012-09-04 15:12:20", Alterou o Cliente de vale 525709 => "INFORMAÇÕES ALTERADAS => "1 => 4753 => 5 => 27 => 14 => 2 => 0 => 19/07/2012 => 525709 => 181 => 24317 => 19/07/2012 => IVONETE JESUS DOS SANTOS => 28625/s => RENATA MACCHIARULO => 24750540 => RUA: EDSON FRANCISCO => lt33 => QD 01 => TRIBOBO => SÃO GONÇALO => RJ => 3601-4360 =>  =>  => cliente não atende o tel acima dia 4/9e- mail enviado para Jandira e LIDIANE DIA 4/9 PARA PEDI OUTRO TEL DE CONTATO  para agendar no aguando ...LUCIANA  =>  => 1 => 136216 => G.ROUPA MOVAL 6P PARIS TB/BR => 0 =>  => 0 =>  => 0 =>  => 0 =>  => 0 =>  => 0 =>  => 0 =>  => 0 =>  => 0 =>  => 0 =>  => 0 =>  => 0 =>  => 0 =>  => 0 =>  => 0 =>  => 0 =>  => 0 =>  => 0 =>  => 0 =>  => "

-------------------------------
 
ALTERAÇÃO DE CLIENTE
POST => "luciana" Data => "2012-09-04 15:13:20", Alterou o Cliente de vale 521572 => "INFORMAÇÕES ALTERADAS => "1 => 4617 => 5 => 31 => 23 => 2 => 0 => 11/07/2012 => 521572 => 175 => 38678 => 11/07/2012 => MARCO AURELIO OLIVEIRA DOS SANTOS => 1207/199 => ANDREA DA COSTA  NUNES => 20530120 => RUA: CASTELNUOVO => 328 =>  => TIJUCA => RIO DE JANEIRO => RJ => 2278-2636 =>  =>  => COMUNIDADE DO FORMIGA AO LADO DO BAR DA IONE PROC MARILDA OU MARCELA => e- mail enviado para JANDIRA E LIDIANE DIA 4/9 LUCIANA  => 1 => 8981 => G. ROUPA MOVAL 6P40065 COL PLUS TB/M => 0 =>  => 0 =>  => 0 =>  => 0 =>  => 0 =>  => 0 =>  => 0 =>  => 0 =>  => 0 =>  => 0 =>  => 0 =>  => 0 =>  => 0 =>  => 0 =>  => 0 =>  => 0 =>  => 0 =>  => 0 =>  => 0 =>  => "

-------------------------------
 
ALTERAÇÃO DE CLIENTE
POST => "luciana" Data => "2012-09-04 15:18:54", Alterou o Cliente de vale 521572 => "INFORMAÇÕES ALTERADAS => "1 => 4617 => 5 => 15 => 28 => 2 => 0 => 11/07/2012 => 521572 => 175 => 38678 => 11/07/2012 => MARCO AURELIO OLIVEIRA DOS SANTOS => 1207/199 => ANDREA DA COSTA  NUNES => 20530120 => RUA: CASTELNUOVO => 328 =>  => TIJUCA => RIO DE JANEIRO => RJ => 2278-2636 =>  =>  => COMUNIDADE DO FORMIGA AO LADO DO BAR DA IONE PROC MARILDA OU MARCELA => e- mail enviado para JANDIRA E LIDIANE DIA 4/9 LUCIANA  => 1 => 8981 => G. ROUPA MOVAL 6P40065 COL PLUS TB/M => 0 =>  => 0 =>  => 0 =>  => 0 =>  => 0 =>  => 0 =>  => 0 =>  => 0 =>  => 0 =>  => 0 =>  => 0 =>  => 0 =>  => 0 =>  => 0 =>  => 0 =>  => 0 =>  => 0 =>  => 0 =>  => 0 =>  => "

-------------------------------
 
ALTERAÇÃO DE CLIENTE
POST => "luciana" Data => "2012-09-04 15:38:50", Alterou o Cliente de vale 525709 => "INFORMAÇÕES ALTERADAS => "1 => 4753 => 5 => 16 => 26 => 2 => 0 => 19/07/2012 => 525709 => 181 => 24317 => 19/07/2012 => IVONETE JESUS DOS SANTOS => 28625/s => RENATA MACCHIARULO => 24750540 => RUA: EDSON FRANCISCO => lt33 => QD 01 => TRIBOBO => SÃO GONÇALO => RJ => 3601-4360 =>  =>  => cliente não atende o tel acima dia 4/9e- mail enviado para Jandira e LIDIANE DIA 4/9 PARA PEDI OUTRO TEL DE CONTATO  O MONTADOR RICARDO VAI ATENDE TERÇA 4/9 LUCIANA  =>  => 1 => 136216 => G.ROUPA MOVAL 6P PARIS TB/BR => 0 =>  => 0 =>  => 0 =>  => 0 =>  => 0 =>  => 0 =>  => 0 =>  => 0 =>  => 0 =>  => 0 =>  => 0 =>  => 0 =>  => 0 =>  => 0 =>  => 0 =>  => 0 =>  => 0 =>  => 0 =>  => 0 =>  => "

-------------------------------
