 
ALTERAÇÃO DE CLIENTE
POST => "luciana" Data => "2012-04-30 08:37:40", Alterou o Cliente de vale 477817 => "INFORMAÇÕES ALTERADAS => "1 => 2890 => 5 => 39 => 36 => 0 => 0 => 27/04/2012 => 477817 => 251 => 49 => 27/04/2012 => ROSEMARY PIRES DA FONTE => 3143/199 => THIAGO DE OLIVEIRA ALVES => 21072740 => RUA: NOSSA SENHORA APARECIDA => 102 =>  => PENHA => RIO DE JANEIRO => RJ => 3285-7061 =>  =>  => CLIENTE NÃO ATENDE O TEL ACIMA DIA 7/04 AS 10:42HS PARA CONFIRMAR ATENDIMENTO PARA SABADO 28/04 O MONTADOR FALOU QUE AO CHEGAR NA RESIDENCIA TINHA MUITAS POLICIAS , Mas ele reagentou direto com o cliente para terça 1/5 LUCIANA =>  => 1 => 8342 => G ROUPA N.HORIZ 3P AREZZO TB/BR/MP => 0 =>  => 0 =>  => 0 =>  => 0 =>  => 0 =>  => 0 =>  => 0 =>  => 0 =>  => 0 =>  => 0 =>  => 0 =>  => 0 =>  => 0 =>  => 0 =>  => 0 =>  => 0 =>  => 0 =>  => 0 =>  => 0 =>  => "

-------------------------------
 
ALTERAÇÃO DE CLIENTE
POST => "luciana" Data => "2012-04-30 08:45:44", Alterou o Cliente de vale 431686 => "INFORMAÇÕES ALTERADAS => "1 => 2900 => 5 => 11 => 24 => 0 => 0 => 27/04/2012 => 431686 => 180 => 42079 => 28/02/2012 => GREICE CORREA DA SILVA => 503301/199 => ELISA DA SILVA RIBEIRO => 23560000 => ANIBAL C PEIXO => 45 =>  => SANTA CRUZ => RIO DE JANEIRO => RJ =>  =>  =>  => CLIENTE NÃO TEM TEL NO SISTEMA PARA CONFIRMAR ATENDIMENTO PARA QUARTA FEIRA 2/05 LUCIANA =>  => 1 => 140391 => G.ROUPA ARAPLAC 8P AUSTRIA TB/BR => 0 =>  => 0 =>  => 0 =>  => 0 =>  => 0 =>  => 0 =>  => 0 =>  => 0 =>  => 0 =>  => 0 =>  => 0 =>  => 0 =>  => 0 =>  => 0 =>  => 0 =>  => 0 =>  => 0 =>  => 0 =>  => 0 =>  => "

-------------------------------
 
CADASTRO DE CLIENTE
POST => "MIRIAN" Data => "2012-04-30 09:35:37", Cadastrou o Cliente de vale 478371 => "INFORMAÇÕES CADASTRADAS => "11 => 22 => 6 => 0 => 0 => 28/04/2012 => 478371 => 211 => 44525 => 28/04/2012 => DANIELA VENTURI MARQUES => 539502/199 => GEOVANIA APARECIDA DOS SANTOS HLANDA => 23811000 => RUA DAS OLIVEIRAS => lt 22 => QD 40 => JARDIM MAR => ITAGUAÍ => RJ => 6717-1857 =>  =>  => ATRAS DA LINHA DO TREM => 01 => 134892 => COZ ITAT CRIATIVA MAXII2VPTO =>  =>  =>  =>  =>  =>  =>  =>  =>  =>  =>  =>  =>  =>  =>  =>  =>  =>  =>  =>  =>  =>  =>  =>  =>  =>  =>  =>  =>  =>  =>  =>  =>  =>  =>  =>  =>  =>  => "

-------------------------------
 
CADASTRO DE CLIENTE
POST => "luciana" Data => "2012-04-30 09:37:14", Cadastrou o Cliente de vale 478363 => "INFORMAÇÕES CADASTRADAS => "5 => 29 => 14 => 0 => 0 => 28/04/2012 => 478363 => 215 => 101641 => 28/04/2012 => ANTONIO TEOFILO DE OLIVEIRA  => 1699/199 => ANGELITA FLORENCIO SILVA  => 24740280 => Rua: Valdemar Fernandes Ferrugem => lt35 =>  => Coelho => São Gonçalo => RJ => 8515-4701 =>  =>  =>  => 01 => 100136 => COZINHA ITAT DAYANE BR =>  =>  =>  =>  =>  =>  =>  =>  =>  =>  =>  =>  =>  =>  =>  =>  =>  =>  =>  =>  =>  =>  =>  =>  =>  =>  =>  =>  =>  =>  =>  =>  =>  =>  =>  =>  =>  =>  => "

-------------------------------
 
CADASTRO DE CLIENTE
POST => "MIRIAN" Data => "2012-04-30 09:37:41", Cadastrou o Cliente de vale 451879 => "INFORMAÇÕES CADASTRADAS => "11 => 17 => 10 => 0 => 0 => 28/04/2012 => 451879 => 245 => 39584 => 26/03/2012 => JORGE MAURICIO RODRIGUES DA CO => 509905/199 => MARCELA FERREIRA DOS SANTOS => 22710152 => RUA: ARECA => 346 =>  => CURICICA => RIO DE JANEIRO => RJ => 7281-6881 =>  =>  => PROX AO CAMPO UNIVERSAL => 01 => 136216 => G.ROUPA MOVAL 6P PARIS TB/BR =>  =>  =>  =>  =>  =>  =>  =>  =>  =>  =>  =>  =>  =>  =>  =>  =>  =>  =>  =>  =>  =>  =>  =>  =>  =>  =>  =>  =>  =>  =>  =>  =>  =>  =>  =>  =>  =>  => "

-------------------------------
 
ALTERAÇÃO DE CLIENTE
POST => "luciana" Data => "2012-04-30 09:38:26", Alterou o Cliente de vale 478363 => "INFORMAÇÕES ALTERADAS => "1 => 2903 => 5 => 18 => 32 => 0 => 0 => 28/04/2012 => 478363 => 215 => 101641 => 28/04/2012 => ANTONIO TEOFILO DE OLIVEIRA => 1699/199 => ANGELITA FLORENCIO SILVA => 24740280 => RUA: VALDEMAR FERNANDES FERRUGEM => lt35 =>  => COELHO => SÃO GONÇALO => RJ => 8515-4701 =>  =>  => NA RUA DA TORRE PX ADARIA ROSA COND DEPOIS DA PONTE  =>  => 1 => 100136 => COZINHA ITAT DAYANE BR => 0 =>  => 0 =>  => 0 =>  => 0 =>  => 0 =>  => 0 =>  => 0 =>  => 0 =>  => 0 =>  => 0 =>  => 0 =>  => 0 =>  => 0 =>  => 0 =>  => 0 =>  => 0 =>  => 0 =>  => 0 =>  => 0 =>  => "

-------------------------------
 
CADASTRO DE CLIENTE
POST => "MIRIAN" Data => "2012-04-30 09:40:06", Cadastrou o Cliente de vale 477361 => "INFORMAÇÕES CADASTRADAS => "11 => 29 => 25 => 0 => 0 => 28/04/2012 => 477361 => 236 => 45786 => 26/04/2012 => EDIR SILVA DOS SANTOS => 672/199 => MARCELO PEREIRA DE SENA => 25550340 => RUA: URANIO => lt 08  => QD 16 => PARQUE ALIAN => SÃO JOÃO DE MERITI => RJ => 7279-1677 =>  =>  => COLEGIO AMIGO DO SABER PROC MARCELO. => 01 => 140391 => G.ROUPA ARAPLAC 8P AUSTRIA TB/BR =>  =>  =>  =>  =>  =>  =>  =>  =>  =>  =>  =>  =>  =>  =>  =>  =>  =>  =>  =>  =>  =>  =>  =>  =>  =>  =>  =>  =>  =>  =>  =>  =>  =>  =>  =>  =>  =>  => "

-------------------------------
 
ALTERAÇÃO DE CLIENTE
POST => "luciana" Data => "2012-04-30 09:49:17", Alterou o Cliente de vale 478363 => "INFORMAÇÕES ALTERADAS => "1 => 2903 => 5 => 16 => 19 => 0 => 0 => 28/04/2012 => 478363 => 215 => 101641 => 28/04/2012 => ANTONIO TEOFILO DE OLIVEIRA => 1699/199 => ANGELITA FLORENCIO SILVA => 24740280 => RUA: VALDEMAR FERNANDES FERRUGEM => lt35 =>  => COELHO => SÃO GONÇALO => RJ => 8515-4701 =>  =>  => NA RUA DA TORRE PX ADARIA ROSA COND DEPOIS DA PONTE  CLIENTE NÃO ATENDE O TEL ACIMA DIA 31/04 AS 9:48HS PARA CONFIRMAR ATENDIMENTO PRA SEGUNDA 31/04 LUCIANA . =>  => 1 => 100136 => COZINHA ITAT DAYANE BR => 0 =>  => 0 =>  => 0 =>  => 0 =>  => 0 =>  => 0 =>  => 0 =>  => 0 =>  => 0 =>  => 0 =>  => 0 =>  => 0 =>  => 0 =>  => 0 =>  => 0 =>  => 0 =>  => 0 =>  => 0 =>  => 0 =>  => "

-------------------------------
 
CADASTRO DE CLIENTE
POST => "MIRIAN" Data => "2012-04-30 09:51:15", Cadastrou o Cliente de vale 478374 => "INFORMAÇÕES CADASTRADAS => "11 => 24 => 25 => 0 => 0 => 28/04/2012 => 478374 => 182 => 105 => 28/04/2012 => ELUCIANA BARBOSA SANTOS => 3718/199 => SHEYLA DO NASCIMENTO DE SOUZA => 26585630 => RUA: PLAZA => 162 =>  => CHATUBA => MESQUITA => RJ => 2797-0376 =>  =>  => ROX AO CAMPO DO BRASELEIRINHO PARTE ALTA => 01 => 140391 => G.ROUPA ARAPLAC 8P AUSTRIA TB/BR =>  =>  =>  =>  =>  =>  =>  =>  =>  =>  =>  =>  =>  =>  =>  =>  =>  =>  =>  =>  =>  =>  =>  =>  =>  =>  =>  =>  =>  =>  =>  =>  =>  =>  =>  =>  =>  =>  => "

-------------------------------
 
CADASTRO DE CLIENTE
POST => "MIRIAN" Data => "2012-04-30 10:10:59", Cadastrou o Cliente de vale 477301 => "INFORMAÇÕES CADASTRADAS => "11 => 21 => 22 => 0 => 0 => 28/04/2012 => 477301 => 179 => 2772 => 26/04/2012 => CLEBER CAMPISTA DA FONSECA => 20974/199 => ELAINE PESSANHA DE OLIVEIRA => 25030180 => RUA: EUCLIDES DA CUNHA => 175 =>  => VILA CENTENÁRIO => DUQUE DE CAXIAS => RJ => 3774-1953 =>  =>  => PROX AO COLEGIO ANA LAURA => 01 => 141552 => CJ SALA JANTAR ORTIZ VALENCIA 6C AMEN =>  =>  =>  =>  =>  =>  =>  =>  =>  =>  =>  =>  =>  =>  =>  =>  =>  =>  =>  =>  =>  =>  =>  =>  =>  =>  =>  =>  =>  =>  =>  =>  =>  =>  =>  =>  =>  =>  => "

-------------------------------
 
CADASTRO DE CLIENTE
POST => "MIRIAN" Data => "2012-04-30 10:14:30", Cadastrou o Cliente de vale 477327 => "INFORMAÇÕES CADASTRADAS => "11 => 23 => 13 => 0 => 0 => 28/04/2012 => 477327 => 179 => 3143 => 26/04/2012 => MARCIA LOPES DOS SANTOS => 14655 / 199 => MARIA DA DORES ARAUJO => 25000000 => RUA DEZOITO  => lt 14 => QD 136 CS02 => PARQUE PAULISTA  => DUQUE DE CAXIAS => RJ =>  =>  =>  => APOS O BRIZOLAO A QUARTA UA ESQUERDA => 01 => 140391 => G.ROUPA ARAPLAC 8P AUSTRIA TB/BR =>  =>  =>  =>  =>  =>  =>  =>  =>  =>  =>  =>  =>  =>  =>  =>  =>  =>  =>  =>  =>  =>  =>  =>  =>  =>  =>  =>  =>  =>  =>  =>  =>  =>  =>  =>  =>  =>  => "

-------------------------------
 
CADASTRO DE CLIENTE
POST => "MIRIAN" Data => "2012-04-30 10:20:25", Cadastrou o Cliente de vale 477283 => "INFORMAÇÕES CADASTRADAS => "11 => 35 => 22 => 0 => 0 => 28/04/2012 => 477283 => 179 => 349 => 26/04/2012 => CAMILA PEREIRA DE OLIVEIRA => 4800/199 => CHARLES EU => 25030405 => RUA: FIGUEREDO MAGALHÃES => 335 =>  => PARQUE CENTENÁRIO => DUQUE DE CAXIAS => RJ => 2674-9883 => 8657-2097 =>  => PROX A BARRACA DE EDMUNDO ABAIXO DO SALAO DE FESTA DO LE  => 01 => 138036 => G.ROUPA ARAPLAC 3P BARC PLUS TB/BR =>  =>  =>  =>  =>  =>  =>  =>  =>  =>  =>  =>  =>  =>  =>  =>  =>  =>  =>  =>  =>  =>  =>  =>  =>  =>  =>  =>  =>  =>  =>  =>  =>  =>  =>  =>  =>  =>  => "

-------------------------------
 
CADASTRO DE CLIENTE
POST => "MIRIAN" Data => "2012-04-30 10:22:18", Cadastrou o Cliente de vale 477296 => "INFORMAÇÕES CADASTRADAS => "11 => 26 => 2 => 0 => 0 => 28/04/2012 => 477296 => 179 => 573 => 26/04/2012 => ANDERSON PEREIRA SANTOS => 3954/199 => GUACIRA DA CONCEIÇÃO DA SILVA NASCIMENTO => 25575260 => RUA: BARTOLOMEU DE GUSMÃO => qd 170 => LT 20 => JARDIM LIMOEIRO => SÃO JOÃO DE MERITI => RJ => 2751-8783 =>  =>  => MORRO DA AERONAUTICA => 01 => 138036 => G.ROUPA ARAPLAC 3P BARC PLUS TB/BR =>  =>  =>  =>  =>  =>  =>  =>  =>  =>  =>  =>  =>  =>  =>  =>  =>  =>  =>  =>  =>  =>  =>  =>  =>  =>  =>  =>  =>  =>  =>  =>  =>  =>  =>  =>  =>  =>  => "

-------------------------------
 
CADASTRO DE CLIENTE
POST => "MIRIAN" Data => "2012-04-30 10:25:05", Cadastrou o Cliente de vale 477298 => "INFORMAÇÕES CADASTRADAS => "11 => 34 => 14 => 0 => 0 => 28/04/2012 => 477298 => 179 => 177423 => 26/04/2012 => VANDERSON MARQUES DOS SANTOS => 1272/199 => ROBERTO PESSANHA ADAO => 25065010 => RUA: SÃO JOSÉ => 13 =>  => VILA SÃO LUÍS => DUQUE DE CAXIAS => RJ => 2674-9559 => 8426-6955 =>  => PROX A SKOL E CAXIAS SHOPPING => 01 => 99059 => ARM ITAT MAD IG HT-105 TEC BR/PT/LA => 01 => 10826 => ARM ITAT MAD.IPH1G-70 TECNO PTO /LAC =>  =>  =>  =>  =>  =>  =>  =>  =>  =>  =>  =>  =>  =>  =>  =>  =>  =>  =>  =>  =>  =>  =>  =>  =>  =>  =>  =>  =>  =>  =>  =>  =>  =>  =>  =>  => "

-------------------------------
 
CADASTRO DE CLIENTE
POST => "MIRIAN" Data => "2012-04-30 10:26:49", Cadastrou o Cliente de vale 477303 => "INFORMAÇÕES CADASTRADAS => "11 => 32 => 3 => 0 => 0 => 26/04/2012 => 477303 => 179 => 3193 => 26/04/2012 => ANDERSON PEREIRA SANTOS => 14414/199 => ADILSON PEREZ DA SILVA => 21250240 => RUA: GENERAL CARVALHO => 1299 =>  => CORDOVIL => RIO DE JANEIRO => RJ => 3352-2380 =>  =>  =>  => 01 => 132414 => RACK DJ FLASH IMB/PTO =>  =>  =>  =>  =>  =>  =>  =>  =>  =>  =>  =>  =>  =>  =>  =>  =>  =>  =>  =>  =>  =>  =>  =>  =>  =>  =>  =>  =>  =>  =>  =>  =>  =>  =>  =>  =>  =>  => "

-------------------------------
 
CADASTRO DE CLIENTE
POST => "MIRIAN" Data => "2012-04-30 10:29:06", Cadastrou o Cliente de vale 477312 => "INFORMAÇÕES CADASTRADAS => "11 => 18 => 5 => 0 => 0 => 28/04/2012 => 477312 => 179 => 2762 => 26/04/2012 => RPOBSON CARVALHO LOPES => 13253/199 => DANIELE DE OLIVEIRA SILVA SALES => 25571162 => AVENIDA: SÃO JOÃO DE MERITI => LT 36 => QD 52 => JARDIM METRÓPOLE => SÃO JOÃO DE MERITI => RJ => 7586-1023 =>  =>  => PROX AO MERCADO LIDER E DO RICK  => 01 => 136337 => BALCAO C/T KIPLAC  RENATA PLUS BR => 01 => 135481 => COZ KIPLAC RENATA PLUS BR/PTO =>  =>  =>  =>  =>  =>  =>  =>  =>  =>  =>  =>  =>  =>  =>  =>  =>  =>  =>  =>  =>  =>  =>  =>  =>  =>  =>  =>  =>  =>  =>  =>  =>  =>  =>  =>  => "

-------------------------------
 
CADASTRO DE CLIENTE
POST => "MIRIAN" Data => "2012-04-30 10:31:08", Cadastrou o Cliente de vale 477314 => "INFORMAÇÕES CADASTRADAS => "11 => 25 => 15 => 0 => 0 => 28/04/2012 => 477314 => 179 => 80 => 26/04/2012 => CAMILA PEREIRA DE OLIVEIRA => 3085 / 199 => REINALDO TRINDADE BATALHA => 25245000 => RUA:RAVENA  => LT 54 => QD 02 => PARQUE CAPIVARI => DUQUE DE CAXIAS => RJ => 9978-3414 =>  =>  => PROX A CEDAE DEPOIS DO TREILER DO XANDE => 01 => 135579 => G.ROUPA BP DELTA 3P CHOC/PTO =>  =>  =>  =>  =>  =>  =>  =>  =>  =>  =>  =>  =>  =>  =>  =>  =>  =>  =>  =>  =>  =>  =>  =>  =>  =>  =>  =>  =>  =>  =>  =>  =>  =>  =>  =>  =>  =>  => "

-------------------------------
 
ALTERAÇÃO DE CLIENTE
POST => "luciana" Data => "2012-04-30 10:32:44", Alterou o Cliente de vale 260537 => "INFORMAÇÕES ALTERADAS => "1 => 941 => 5 => 18 => 23 => 0 => 0 => 12/03/2012 => 260537 => 179 => 108797 => 30/08/2011 =>  =>  => PEDRO PAULO => 25086470 => RUA: 4 => 23 =>  => TREVO DAS MISSÕES => DUQUE DE CAXIAS => RJ => 3836-9266 =>  =>  => CONFIRMEI COM O CLIENTE PARA TERÇA 1/05 LUCIANA. =>  => 1 => 139754 => ARM COLOR CLASS SL 3P  AP3P  BR => 1 => 139763 => ARM.COLOR CLASS SL BASC.1P BR => 0 =>  => 0 =>  => 0 =>  => 0 =>  => 0 =>  => 0 =>  => 0 =>  => 0 =>  => 0 =>  => 0 =>  => 0 =>  => 0 =>  => 0 =>  => 0 =>  => 0 =>  => 0 =>  => 0 =>  => 0 =>  => "

-------------------------------
 
CADASTRO DE CLIENTE
POST => "MIRIAN" Data => "2012-04-30 10:32:54", Cadastrou o Cliente de vale 477266 => "INFORMAÇÕES CADASTRADAS => "11 => 52 => 22 => 0 => 0 => 28/04/2012 => 477266 => 230 => 74100 => 26/04/2012 => GLAUCE COSTA GABRIEL => 390036/199 => LEANDRO FERREIRA MARCAL => 21860210 => RUA: RAUL PEDERNEIRAS => 184 =>  => BANGU => RIO DE JANEIRO => RJ => 3463-1585 =>  =>  => PROX A ESTR DA AGUA BRANCA ESQUINA DO BAR OPÇÃO => 01 => 140391 => G.ROUPA ARAPLAC 8P AUSTRIA TB/BR =>  =>  =>  =>  =>  =>  =>  =>  =>  =>  =>  =>  =>  =>  =>  =>  =>  =>  =>  =>  =>  =>  =>  =>  =>  =>  =>  =>  =>  =>  =>  =>  =>  =>  =>  =>  =>  =>  => "

-------------------------------
 
CADASTRO DE CLIENTE
POST => "MIRIAN" Data => "2012-04-30 10:36:30", Cadastrou o Cliente de vale 477323 => "INFORMAÇÕES CADASTRADAS => "11 => 18 => 23 => 0 => 0 => 28/04/2012 => 477323 => 179 => 4269 => 26/04/2012 => ANDERSON PEREIRA SANTOS => 20495/199 => EDVALDO DE LIMA BARROS => 26110100 => RUA: LÉA ARANHA => lt 22 => QD 03 => Jardim Bom Pastor => Belford Roxo => RJ => 7660-1279 =>  =>  => ENTRANDO NA RUA BEGONHA 5 RUA ESQ FINAL DA RUA  GARAGEM DE MADEIRA => 01 => 134892 => COZ ITAT CRIATIVA MAXII2VPTO => 01 => 137981 => CJ EST GAZIN MAIORCA 3/2L KOR MAR => 01 => 134895 => BALC ITAT.IG3G4-C CRIATIVA PTO =>  =>  =>  =>  =>  =>  =>  =>  =>  =>  =>  =>  =>  =>  =>  =>  =>  =>  =>  =>  =>  =>  =>  =>  =>  =>  =>  =>  =>  =>  =>  =>  =>  =>  => "

-------------------------------
 
CADASTRO DE CLIENTE
POST => "MIRIAN" Data => "2012-04-30 10:40:10", Cadastrou o Cliente de vale 477265 => "INFORMAÇÕES CADASTRADAS => "11 => 22 => 9 => 0 => 0 => 28/04/2012 => 477265 => 230 => 86008 => 26/04/2012 => EDMILSON SILVA LUZ => 506800/199 => VALDECI MQARCELINO JR => 23098006 => ESTRADA: SETE RIACHOS => 1515 => LT 16 QD E => SANTÍSSIMO => RIO DE JANEIRO => RJ => 8405-1644 =>  =>  => ESTR 7 RAICHOS BAIRRO COQUEIRO NA RUA PONTO FINAL ONIBUS 395 => 01 => 138036 => G.ROUPA ARAPLAC 3P BARC PLUS TB/BR =>  =>  =>  =>  =>  =>  =>  =>  =>  =>  =>  =>  =>  =>  =>  =>  =>  =>  =>  =>  =>  =>  =>  =>  =>  =>  =>  =>  =>  =>  =>  =>  =>  =>  =>  =>  =>  =>  => "

-------------------------------
 
CADASTRO DE CLIENTE
POST => "MIRIAN" Data => "2012-04-30 10:42:00", Cadastrou o Cliente de vale 477268 => "INFORMAÇÕES CADASTRADAS => "11 => 19 => 26 => 0 => 0 => 28/04/2012 => 477268 => 230 => 84669 => 26/04/2012 => GLAUCE COSTA GABRIEL => 496409/199 => HAROUDO ALVES DE AGUIAR => 23066650 => RUA: DOIS => LT 85 => CS 02 COJ PACORE 1 => COSMOS => RIO DE JANEIRO => RJ => 3292-1961 =>  =>  => DUAS RUAS APOS A ESCOLA PROF VITOR BAIRRO GOUVEIA => 01 => 138036 => G.ROUPA ARAPLAC 3P BARC PLUS TB/BR =>  =>  =>  =>  =>  =>  =>  =>  =>  =>  =>  =>  =>  =>  =>  =>  =>  =>  =>  =>  =>  =>  =>  =>  =>  =>  =>  =>  =>  =>  =>  =>  =>  =>  =>  =>  =>  =>  => "

-------------------------------
 
CADASTRO DE CLIENTE
POST => "luciana" Data => "2012-04-30 10:42:32", Cadastrou o Cliente de vale 478155 => "INFORMAÇÕES CADASTRADAS => "5 => 12 => 16 => 0 => 0 => 28/04/2012 => 478155 => 216 => 34764 => 27/04/2012 => LEANDRO PADILHA DE CARVALHO => 1395/199 => SIMONE DA SILVA ARAUJO => 20730030 => RUA: PERNAMBUCO => 1161 =>  => Engenho de Dentro => Rio de Janeiro => RJ => 7661-5910 =>  =>  =>  => 01 => 16422 => BALC ITAT IGH-97 DAYANE BR/PTO =>  =>  =>  =>  =>  =>  =>  =>  =>  =>  =>  =>  =>  =>  =>  =>  =>  =>  =>  =>  =>  =>  =>  =>  =>  =>  =>  =>  =>  =>  =>  =>  =>  =>  =>  =>  =>  =>  => "

-------------------------------
 
CADASTRO DE CLIENTE
POST => "MIRIAN" Data => "2012-04-30 10:45:28", Cadastrou o Cliente de vale 477275 => "INFORMAÇÕES CADASTRADAS => "11 => 26 => 20 => 0 => 0 => 28/04/2012 => 477275 => 197 => 49027 => 26/04/2012 => ADEILSON DA CRUZ GABRIEL => 426239/199 => LEANDRO DA SILVA SANTANA => 26570442 => RUA CESARIO  => 298  => CS 02 => BANCO DE AREIA => MESQUITA => RJ =>  =>  =>  => AO LADO DO COLEGIO DRUMONT => 01 => 141552 => CJ SALA JANTAR ORTIZ VALENCIA 6C AMEN =>  =>  =>  =>  =>  =>  =>  =>  =>  =>  =>  =>  =>  =>  =>  =>  =>  =>  =>  =>  =>  =>  =>  =>  =>  =>  =>  =>  =>  =>  =>  =>  =>  =>  =>  =>  =>  =>  => "

-------------------------------
 
CADASTRO DE CLIENTE
POST => "luciana" Data => "2012-04-30 10:46:25", Cadastrou o Cliente de vale 478148 => "INFORMAÇÕES CADASTRADAS => "5 => 24 => 19 => 0 => 0 => 28/04/2012 => 478148 => 216 => 34764 => 27/04/2012 => LEANDRO PADILHA DE CARVALHO => 1408/199 => SIMONE DA SILVA ARAUJO => 20730030 => Rua: Pernambuco => 1161 =>  => Engenho de Dentro => Rio de Janeiro => RJ => 7661-5910 =>  =>  =>  => 01 => 100136 => COZINHA ITAT DAYANE BR =>  =>  =>  =>  =>  =>  =>  =>  =>  =>  =>  =>  =>  =>  =>  =>  =>  =>  =>  =>  =>  =>  =>  =>  =>  =>  =>  =>  =>  =>  =>  =>  =>  =>  =>  =>  =>  =>  => "

-------------------------------
 
CADASTRO DE CLIENTE
POST => "MIRIAN" Data => "2012-04-30 10:54:44", Cadastrou o Cliente de vale 478119 => "INFORMAÇÕES CADASTRADAS => "11 => 30 => 24 => 0 => 0 => 28/04/2012 => 478119 => 230 => 66302 => 27/04/2012 => EDESIO RODRIGUES COELHO => 303513 / 199 => ADRIANA DA SILVA RANGEL => 23573290 => RUA: JOSÉ DE ANDRADE NETO => 184 => CS 02 => PACIÊNCIA => RIO DE JANEIRO => RJ => 3401-8371 => 7152-4358 =>  => PELA ESTR DE PACIENCIA ENTRAR EM URUCANIA DESCER A CANAL 25 BEIRANDO VALAO PROX PIZZARIA DO JUCA => 01 => 134898 => COZ COMP ARAMOVEIS LILIAN PLUS  BR/PT =>  =>  =>  =>  =>  =>  =>  =>  =>  =>  =>  =>  =>  =>  =>  =>  =>  =>  =>  =>  =>  =>  =>  =>  =>  =>  =>  =>  =>  =>  =>  =>  =>  =>  =>  =>  =>  =>  => "

-------------------------------
 
ALTERAÇÃO DE CLIENTE
POST => "luciana" Data => "2012-04-30 10:55:39", Alterou o Cliente de vale 408019 => "INFORMAÇÕES ALTERADAS => "1 => 322 => 5 => 28 => 30 => 0 => 0 => 02/03/2012 => 408019 => 239 => 27994 => 31/01/2012 =>  =>  => OGLA ARAUJO FRAGA => 24325300 => ESTRADA: DA PACIÊNCIA => 5033 => CS04 => MARIA PAULA => SÃO GONÇALO => RJ => 9981-1819 => 2716-2416 =>  => APOS O COND SITIO DAS ACACIAS PORTAO BRANCO DE MADEIRA CONFIRMEI COM A CLIENTE CONFIRMEI JÓ (EMPREGADA) PARA QUARTA 2/5 LUCIANA  =>  => 1 => 134773 => G.ROUPA MOVAL 6P40061 COL PLUS IB/T => 0 =>  => 0 =>  => 0 =>  => 0 =>  => 0 =>  => 0 =>  => 0 =>  => 0 =>  => 0 =>  => 0 =>  => 0 =>  => 0 =>  => 0 =>  => 0 =>  => 0 =>  => 0 =>  => 0 =>  => 0 =>  => 0 =>  => "

-------------------------------
 
CADASTRO DE CLIENTE
POST => "MIRIAN" Data => "2012-04-30 10:57:43", Cadastrou o Cliente de vale 478082 => "INFORMAÇÕES CADASTRADAS => "11 => 27 => 28 => 0 => 0 => 28/04/2012 => 478082 => 194 => 42851 => 27/04/2012 => SIMONE MAIA MACIERA LOPES => 3124/199 => MARIA DAS GRAÇAS DA COSTA DOS SANTOS => 21210270 => RUA: FREI GASPAR => 292 => CS 03 => PENHA CIRCULAR => RIO DE JANEIRO => RJ => 2485-3909 =>  =>  => ESTACIONAMENTO DO OLIMPIO => 01 => 136543 => COZINHA  LUCIANE DAKAR CHAMP/NOG =>  =>  =>  =>  =>  =>  =>  =>  =>  =>  =>  =>  =>  =>  =>  =>  =>  =>  =>  =>  =>  =>  =>  =>  =>  =>  =>  =>  =>  =>  =>  =>  =>  =>  =>  =>  =>  =>  => "

-------------------------------
 
CADASTRO DE CLIENTE
POST => "MIRIAN" Data => "2012-04-30 10:59:46", Cadastrou o Cliente de vale 478118 => "INFORMAÇÕES CADASTRADAS => "11 => 32 => 27 => 0 => 0 => 28/04/2012 => 478118 => 216 => 31100 => 27/04/2012 => SERGIO DE OLIVEIRA => 442007/199 => LEILA GOMES DE OLIVEIRA => 21220330 => RUA: UARICI => 57 =>  => IRAJÁ => RIO DE JANEIRO => RJ => 3777-3723 =>  =>  => AO LADO DA ESCOLA MONICA PROC MARILENE => 01 => 140094 => G.ROUPA BERGAMO 5P LISBOA IMB/PTO =>  =>  =>  =>  =>  =>  =>  =>  =>  =>  =>  =>  =>  =>  =>  =>  =>  =>  =>  =>  =>  =>  =>  =>  =>  =>  =>  =>  =>  =>  =>  =>  =>  =>  =>  =>  =>  =>  => "

-------------------------------
 
CADASTRO DE CLIENTE
POST => "MIRIAN" Data => "2012-04-30 11:01:20", Cadastrou o Cliente de vale 478084 => "INFORMAÇÕES CADASTRADAS => "11 => 16 => 17 => 0 => 0 => 28/04/2012 => 478084 => 182 => 46010 => 27/04/2012 => EVERTON RODRIGO ANDRADE SIL => 514474/199 => MARIA DA SILVA => 21625010 => RUA: ADJAR DE AZEVEDO => 116 =>  => PARQUE ANCHIETA => RIO DE JANEIRO => RJ => 3326-5555 =>  =>  =>  => 01 => 138033 => G.ROUPA ARAPLAC 10P ATLAN PLUS TB/AM =>  =>  =>  =>  =>  =>  =>  =>  =>  =>  =>  =>  =>  =>  =>  =>  =>  =>  =>  =>  =>  =>  =>  =>  =>  =>  =>  =>  =>  =>  =>  =>  =>  =>  =>  =>  =>  =>  => "

-------------------------------
 
CADASTRO DE CLIENTE
POST => "MIRIAN" Data => "2012-04-30 11:03:16", Cadastrou o Cliente de vale 478120 => "INFORMAÇÕES CADASTRADAS => "11 => 32 => 19 => 0 => 0 => 28/04/2012 => 478120 => 228 => 27271 => 27/04/2012 => YURI DE ALMEIDA TEIXEIRA => 502774 / 199 => MARIA ALICE BENEVENUTO => 22730270 => RUA: PATURI => 602 =>  => TANQUE => RIO DE JANEIRO => RJ =>  =>  =>  => ATRS DO CENTER SHOPPING PROCUAR POR ALICE ESPOSA BIAO => 01 => 140391 => G.ROUPA ARAPLAC 8P AUSTRIA TB/BR =>  =>  =>  =>  =>  =>  =>  =>  =>  =>  =>  =>  =>  =>  =>  =>  =>  =>  =>  =>  =>  =>  =>  =>  =>  =>  =>  =>  =>  =>  =>  =>  =>  =>  =>  =>  =>  =>  => "

-------------------------------
 
CADASTRO DE CLIENTE
POST => "MIRIAN" Data => "2012-04-30 11:05:35", Cadastrou o Cliente de vale 478088 => "INFORMAÇÕES CADASTRADAS => "11 => 7 => 19 => 0 => 0 => 28/04/2012 => 478088 => 179 => 3647 => 27/04/2012 => ANDERSON PEREIRA SANTOS => 15966/199 => OLAVO DOS SANTOS MOREIRA => 25010000 => RUA: TICHO OTILIO MACHADO  => BECO 34 =>  => JARDIM PRIMAVERA => DUQUE DE CAXIAS => RJ => 2776-4483 => 7466-2864 =>  => EM FRENTE AO CAMPO DO DELO PROX A EMPRESA LUBICON => 01 => 138033 => G.ROUPA ARAPLAC 10P ATLAN PLUS TB/AM =>  =>  =>  =>  =>  =>  =>  =>  =>  =>  =>  =>  =>  =>  =>  =>  =>  =>  =>  =>  =>  =>  =>  =>  =>  =>  =>  =>  =>  =>  =>  =>  =>  =>  =>  =>  =>  =>  => "

-------------------------------
 
CADASTRO DE CLIENTE
POST => "MIRIAN" Data => "2012-04-30 11:09:13", Cadastrou o Cliente de vale 478097 => "INFORMAÇÕES CADASTRADAS => "11 => 32 => 7 => 0 => 0 => 28/04/2012 => 478097 => 179 => 176914 => 27/04/2012 => LEONARDO OLIVEIRA DE FREITAS => 1463/199 => RAIMUNDA DOS SANTOS COUTINHO => 25240380 => RUA: JOÃO BATISTA DE MENDONÇA => LT 11  => QD 10 => PARQUE ELDORADO => DUQUE DE CAXIAS => RJ =>  =>  =>  => PROX A PRIMEIRA IGREJA BATISTA PQ ELDORADO PROC SEU NILO => 01 => 136216 => G.ROUPA MOVAL 6P PARIS TB/BR =>  =>  =>  =>  =>  =>  =>  =>  =>  =>  =>  =>  =>  =>  =>  =>  =>  =>  =>  =>  =>  =>  =>  =>  =>  =>  =>  =>  =>  =>  =>  =>  =>  =>  =>  =>  =>  =>  => "

-------------------------------
 
CADASTRO DE CLIENTE
POST => "MIRIAN" Data => "2012-04-30 11:11:21", Cadastrou o Cliente de vale 477683 => "INFORMAÇÕES CADASTRADAS => "11 => 12 => 24 => 0 => 0 => 28/04/2012 => 477683 => 216 => 85 => 27/04/2012 => SERGIO DE OLIVEIRA => 8126/199 => ADEMIR FERREIRA DE JESUS => 22720010 => ESTRADA: DO RIO GRANDE => 838 => CS 06 => TAQUARA => RIO DE JANEIRO => RJ => 2423-6264 => 9983-4155 =>  => PROX A ESTRADA DOS MANACIAS => 01 => 140094 => G.ROUPA BERGAMO 5P LISBOA IMB/PTO =>  =>  =>  =>  =>  =>  =>  =>  =>  =>  =>  =>  =>  =>  =>  =>  =>  =>  =>  =>  =>  =>  =>  =>  =>  =>  =>  =>  =>  =>  =>  =>  =>  =>  =>  =>  =>  =>  => "

-------------------------------
 
ALTERAÇÃO DE CLIENTE
POST => "luciana" Data => "2012-04-30 11:11:46", Alterou o Cliente de vale 478148 => "INFORMAÇÕES ALTERADAS => "1 => 2921 => 5 => 16 => 16 => 0 => 0 => 28/04/2012 => 478148 => 216 => 34764 => 27/04/2012 => LEANDRO PADILHA DE CARVALHO => 1408/199 => SIMONE DA SILVA ARAUJO => 20730030 => RUA: PERNAMBUCO => 1161 =>  => ENGENHO DE DENTRO => RIO DE JANEIRO => RJ => 7661-5910 =>  =>  => CLIENTE NÃO ATENDE O TEL ACIMA DIA 31/4 AS 11:15HS PARA CONFIRMAR ATENDIMENTO PARA TERÇA 1/05 LUCIANA  =>  => 1 => 100136 => COZINHA ITAT DAYANE BR => 0 =>  => 0 =>  => 0 =>  => 0 =>  => 0 =>  => 0 =>  => 0 =>  => 0 =>  => 0 =>  => 0 =>  => 0 =>  => 0 =>  => 0 =>  => 0 =>  => 0 =>  => 0 =>  => 0 =>  => 0 =>  => 0 =>  => "

-------------------------------
 
ALTERAÇÃO DE CLIENTE
POST => "luciana" Data => "2012-04-30 11:12:03", Alterou o Cliente de vale 478155 => "INFORMAÇÕES ALTERADAS => "1 => 2919 => 5 => 28 => 22 => 0 => 0 => 28/04/2012 => 478155 => 216 => 34764 => 27/04/2012 => LEANDRO PADILHA DE CARVALHO => 1395/199 => SIMONE DA SILVA ARAUJO => 20730030 => RUA: PERNAMBUCO => 1161 =>  => ENGENHO DE DENTRO => RIO DE JANEIRO => RJ => 7661-5910 =>  =>  => CLIENTE NÃO ATENDE O TEL ACIMA DIA 31/4 AS 11:15HS PARA CONFIRMAR ATENDIMENTO PARA TERÇA 1/05 LUCIANA  =>  => 1 => 16422 => BALC ITAT IGH-97 DAYANE BR/PTO => 0 =>  => 0 =>  => 0 =>  => 0 =>  => 0 =>  => 0 =>  => 0 =>  => 0 =>  => 0 =>  => 0 =>  => 0 =>  => 0 =>  => 0 =>  => 0 =>  => 0 =>  => 0 =>  => 0 =>  => 0 =>  => 0 =>  => "

-------------------------------
 
CADASTRO DE CLIENTE
POST => "MIRIAN" Data => "2012-04-30 11:15:15", Cadastrou o Cliente de vale 477640 => "INFORMAÇÕES CADASTRADAS => "11 => 34 => 19 => 0 => 0 => 28/04/2012 => 477640 => 179 => 956 => 27/04/2012 => ELAINE COELHO CAVALCANTI BARBO => 21251/199 => JOSE RICARDO CHAVES => 25035050 => RUA: BOA SORTE => 186 => CS 03 => GRAMACHO => DUQUE DE CAXIAS => RJ => 3652-0503 => 8074-0211 =>  => PROX AO LARGO DO BARRETO E AO DEPOSITO DE GAS PROC CARMEN OU RICARDO => 01 => 141552 => CJ SALA JANTAR ORTIZ VALENCIA 6C AMEN =>  =>  =>  =>  =>  =>  =>  =>  =>  =>  =>  =>  =>  =>  =>  =>  =>  =>  =>  =>  =>  =>  =>  =>  =>  =>  =>  =>  =>  =>  =>  =>  =>  =>  =>  =>  =>  =>  => "

-------------------------------
 
CADASTRO DE CLIENTE
POST => "MIRIAN" Data => "2012-04-30 11:17:47", Cadastrou o Cliente de vale 477812 => "INFORMAÇÕES CADASTRADAS => "11 => 36 => 26 => 0 => 0 => 28/04/2012 => 477812 => 179 => 3656 => 27/04/2012 => ROBSON CARVALHO LOPES => 16079/199 => SEVERINA BARBOSA FERREIRA => 25011346 => RUA: TENENTE-CORONEL ENÉAS GALVÃO => LT 07  => QD 2 => PARQUE LAGUNA E DOURADOS => DUQUE DE CAXIAS => RJ => 7424-0020 =>  =>  => PROX AO CLUBE MILENIO PROC POR ELIZABETE OU DONA MARIA => 01 => 135525 => MESA RUFATO 4C DIAM TB/BR =>  =>  =>  =>  =>  =>  =>  =>  =>  =>  =>  =>  =>  =>  =>  =>  =>  =>  =>  =>  =>  =>  =>  =>  =>  =>  =>  =>  =>  =>  =>  =>  =>  =>  =>  =>  =>  =>  => "

-------------------------------
 
CADASTRO DE CLIENTE
POST => "MIRIAN" Data => "2012-04-30 11:26:43", Cadastrou o Cliente de vale 523278 => "INFORMAÇÕES CADASTRADAS => "11 => 25 => 14 => 0 => 2 => 28/04/2012 => 523278 => 264 => 523278 => 27/04/2012 =>  =>  => MARIA ELIZABETE =>  => RUA DAS PALMEIRAS => 860 =>  => CIDADE DA ALEGRIA => RIO DE JANEIRO => RJ => 3360-4651 => 9912-9999 => 9906-3611 => EM FRENTE AO BLOCO 40 PROC RAQUEL OU NEGUINHO. => 01 => 141552 => CJ SALA JANTAR ORTIZ VALENCIA 6C AMEN =>  =>  =>  =>  =>  =>  =>  =>  =>  =>  =>  =>  =>  =>  =>  =>  =>  =>  =>  =>  =>  =>  =>  =>  =>  =>  =>  =>  =>  =>  =>  =>  =>  =>  =>  =>  =>  =>  => "

-------------------------------
 
ALTERAÇÃO DE CLIENTE
POST => "luciana" Data => "2012-04-30 11:29:22", Alterou o Cliente de vale 431686 => "INFORMAÇÕES ALTERADAS => "1 => 2900 => 5 => 25 => 22 => 0 => 0 => 27/04/2012 => 431686 => 180 => 42079 => 28/02/2012 => GREICE CORREA DA SILVA => 503301/199 => ELISA DA SILVA RIBEIRO => 23560000 => ANIBAL C PEIXO => 45 =>  => SANTA CRUZ => RIO DE JANEIRO => RJ =>  =>  =>  => CLIENTE NÃO TEM TEL NO SISTEMA PARA CONFIRMAR ATENDIMENTO PARA QUARTA FEIRA 2/05 LUCIANA =>  => 1 => 140391 => G.ROUPA ARAPLAC 8P AUSTRIA TB/BR => 0 =>  => 0 =>  => 0 =>  => 0 =>  => 0 =>  => 0 =>  => 0 =>  => 0 =>  => 0 =>  => 0 =>  => 0 =>  => 0 =>  => 0 =>  => 0 =>  => 0 =>  => 0 =>  => 0 =>  => 0 =>  => 0 =>  => "

-------------------------------
 
CADASTRO DE CLIENTE
POST => "MIRIAN" Data => "2012-04-30 11:37:20", Cadastrou o Cliente de vale 478135 => "INFORMAÇÕES CADASTRADAS => "11 => 28 => 17 => 0 => 1 => 28/04/2012 => 478135 => 243 => 478135 => 27/04/2012 => ANDREWS DE OLIVEIRA NEY => 512130/199 => BARBARA CRISTINA DE OLIVEIRA CORREA BARROS => 26280710 => RUA: BALTAZAR JOSÉ DE OLIVEIRA => 112 =>  => COMENDADOR SOARES => NOVA IGUAÇU => RJ => 9914-9720 =>  =>  => PROX AO COLEGIO MENINO JESUS PED.60463 => 01 => 136543 => COZINHA  LUCIANE DAKAR CHAMP/NOG =>  =>  =>  =>  =>  =>  =>  =>  =>  =>  =>  =>  =>  =>  =>  =>  =>  =>  =>  =>  =>  =>  =>  =>  =>  =>  =>  =>  =>  =>  =>  =>  =>  =>  =>  =>  =>  =>  => "

-------------------------------
 
CADASTRO DE CLIENTE
POST => "luciana" Data => "2012-04-30 11:38:10", Cadastrou o Cliente de vale 478383 => "INFORMAÇÕES CADASTRADAS => "5 => 28 => 13 => 0 => 0 => 28/04/2012 => 478383 => 212 => 65082 => 24/08/2012 => PEDRO DA SILVA SANTOS  => 539286 => JOSERLI LOPES SANTOS  => 26150300 => Rua: Janio Quadros => 31 =>  => Novo Eldorado => Belford Roxo => RJ => 3585-3899 =>  =>  =>  => 01 => 8502 => RACK CAEMMUM CEDRO TB/BR =>  =>  =>  =>  =>  =>  =>  =>  =>  =>  =>  =>  =>  =>  =>  =>  =>  =>  =>  =>  =>  =>  =>  =>  =>  =>  =>  =>  =>  =>  =>  =>  =>  =>  =>  =>  =>  =>  => "

-------------------------------
 
CADASTRO DE CLIENTE
POST => "MIRIAN" Data => "2012-04-30 11:58:42", Cadastrou o Cliente de vale 477258 => "INFORMAÇÕES CADASTRADAS => "11 => 10 => 12 => 0 => 0 => 28/04/2012 => 477258 => 244 => 477258 => 26/04/2012 => GRAZIELE COSTA LIMA => 538159/199 => GERALDA JORGE DO NASCIMENTO DA SILVA => 26535338 => RUA: MÁRIO VALADARES => 195 =>  => CENTRO => NILÓPOLIS => RJ =>  =>  =>  => PROX A CRECHE DO ANSIO .PED.34942 => 01 => 130073 => G.ROUPA ARAPLAC 3P BARCELONA TB/AM =>  =>  =>  =>  =>  =>  =>  =>  =>  =>  =>  =>  =>  =>  =>  =>  =>  =>  =>  =>  =>  =>  =>  =>  =>  =>  =>  =>  =>  =>  =>  =>  =>  =>  =>  =>  =>  =>  => "

-------------------------------
 
CADASTRO DE CLIENTE
POST => "luciana" Data => "2012-04-30 12:06:04", Cadastrou o Cliente de vale 444589 => "INFORMAÇÕES CADASTRADAS => "5 => 29 => 30 => 0 => 0 => 16/03/2012 => 444589 => 198 => 50487 => 16/03/2012 => ROSIMARI MIRANDA  => 479847/199 => KELLE CRISTINA MOREIRA DE OLIVEIRA => 24370375 => Estrada: General Eurico Gaspar Dutra => 118 =>  => Jurujuba => Niterói => RJ =>  =>  =>  =>  => 01 => 140391 => G.ROUPA ARAPLAC 8P AUSTRIA TB/BR =>  =>  =>  =>  =>  =>  =>  =>  =>  =>  =>  =>  =>  =>  =>  =>  =>  =>  =>  =>  =>  =>  =>  =>  =>  =>  =>  =>  =>  =>  =>  =>  =>  =>  =>  =>  =>  =>  => "

-------------------------------
 
CADASTRO DE CLIENTE
POST => "MIRIAN" Data => "2012-04-30 12:06:53", Cadastrou o Cliente de vale 516523 => "INFORMAÇÕES CADASTRADAS => "11 => 29 => 7 => 0 => 2 => 28/04/2012 => 516523 => 230 => 516523 => 26/04/2012 =>  =>  => VERA LUCIA DOS SANTOS ALMEIDA =>  => RUA DO OURO => 28 =>  => NOVA CIDADE => INHOAIBA => RJ => 3155-7142 =>  =>  => RUA CAMPO GRANDE ENTRE  RUA COLEGIO CAIC ZAZA LANCHES => 01 => 134898 => COZ COMP ARAMOVEIS LILIAN PLUS  BR/PT =>  =>  =>  =>  =>  =>  =>  =>  =>  =>  =>  =>  =>  =>  =>  =>  =>  =>  =>  =>  =>  =>  =>  =>  =>  =>  =>  =>  =>  =>  =>  =>  =>  =>  =>  =>  =>  =>  => "

-------------------------------
 
CADASTRO DE CLIENTE
POST => "luciana" Data => "2012-04-30 12:11:09", Cadastrou o Cliente de vale 39309 => "INFORMAÇÕES CADASTRADAS => "5 => 7 => 35 => 0 => 0 => 13/03/2012 => 39309 => 204 => 442680 => 13/03/2012 => RICARDO DE JESUS => 474816/199 => YVONE  ALVES SALETA  => 24470010 => Rua: Padre Nicolau Luiz => 25 =>  => Portão do Rosa => São Gonçalo => RJ =>  =>  =>  =>  => 01 => 136543 => COZINHA  LUCIANE DAKAR CHAMP/NOG =>  =>  =>  =>  =>  =>  =>  =>  =>  =>  =>  =>  =>  =>  =>  =>  =>  =>  =>  =>  =>  =>  =>  =>  =>  =>  =>  =>  =>  =>  =>  =>  =>  =>  =>  =>  =>  =>  => "

-------------------------------
 
CADASTRO DE CLIENTE
POST => "MIRIAN" Data => "2012-04-30 12:15:19", Cadastrou o Cliente de vale 552371 => "INFORMAÇÕES CADASTRADAS => "11 => 45 => 23 => 0 => 2 => 28/04/2012 => 552371 => 203 => 552371 => 26/04/2012 =>  =>  => SUELY ANDRADE LINDOSO =>  => ATILIO MILANO  => 33 => AP 201 => DEL CASTILHO  => RIO DE JANEIRO => RJ => 7124-9595 =>  =>  => PROX A CABINE DA PM E DA LBV => 01 => 140391 => G.ROUPA ARAPLAC 8P AUSTRIA TB/BR =>  =>  =>  =>  =>  =>  =>  =>  =>  =>  =>  =>  =>  =>  =>  =>  =>  =>  =>  =>  =>  =>  =>  =>  =>  =>  =>  =>  =>  =>  =>  =>  =>  =>  =>  =>  =>  =>  => "

-------------------------------
 
CADASTRO DE CLIENTE
POST => "luciana" Data => "2012-04-30 12:16:36", Cadastrou o Cliente de vale 420319 => "INFORMAÇÕES CADASTRADAS => "5 => 17 => 21 => 0 => 0 => 14/02/2012 => 420319 => 204 => 40433 => 14/02/2012 => RICARDO DE JESUS TIMBO => 492566/199 => MARTA DA SILVA PINTO => 24461400 => RUA: AMÉRICO SANTOS ANDRADE => 68 =>  => Mutuapira => São Gonçalo => RJ =>  =>  =>  =>  => 01 => 134933 => ESTANTE CAEMMUN CLEAN TB/BR/MP =>  =>  =>  =>  =>  =>  =>  =>  =>  =>  =>  =>  =>  =>  =>  =>  =>  =>  =>  =>  =>  =>  =>  =>  =>  =>  =>  =>  =>  =>  =>  =>  =>  =>  =>  =>  =>  =>  => "

-------------------------------
 
ALTERAÇÃO DE CLIENTE
POST => "marta" Data => "2012-04-30 12:18:47", Alterou o Cliente de vale 441211 => "INFORMAÇÕES ALTERADAS => "1 => 2149 => 22 => 21 => 29 => 0 => 2 => 28/03/2012 => 441211 => 249 => 441211 => 28/03/2012 => WILLIAN DE MELO MATTOS => 324102 / 199 => MARIA DO SOCORRO NASCIMENTO => 24350300 => LOTEAMENTO: CAFUBA => 413 => CS 10 => PIRATININGA => NITERÓI => RJ => 7146-3930 => 7146-3930 => 8098-3910 => PROX A SSOCIAÇÃO DO MORADORES CAFUBA P /PASSARINHO =>  PED.20245,AGENDADO P/DIA 2/05 JOSE PAULO MONERAT => 1 => 6121 => ESTANTE JB BECHARA 3040 AM /PT => 0 =>  => 0 =>  => 0 =>  => 0 =>  => 0 =>  => 0 =>  => 0 =>  => 0 =>  => 0 =>  => 0 =>  => 0 =>  => 0 =>  => 0 =>  => 0 =>  => 0 =>  => 0 =>  => 0 =>  => 0 =>  => 0 =>  => "

-------------------------------
 
CADASTRO DE CLIENTE
POST => "MIRIAN" Data => "2012-04-30 12:22:01", Cadastrou o Cliente de vale 514790 => "INFORMAÇÕES CADASTRADAS => "11 => 34 => 16 => 0 => 2 => 28/04/2012 => 514790 => 241 => 514790 => 26/04/2012 =>  =>  => ISABELA CRISTIANE FELIX DE CASTRO =>  => MONSENHOR MAGALDI => 501 => AP 104 => JARDIM GUANABARA => RIO De =>  => 8254-2828 => 7829-8188 => 9121-8511 => 2 RUA AESQ DEPOIS DO REST CHUA.PED.40256 => 01 => 141651 => CJ EST NILSTER MADRI 3/2L CH BG =>  =>  =>  =>  =>  =>  =>  =>  =>  =>  =>  =>  =>  =>  =>  =>  =>  =>  =>  =>  =>  =>  =>  =>  =>  =>  =>  =>  =>  =>  =>  =>  =>  =>  =>  =>  =>  =>  => "

-------------------------------
 
CADASTRO DE CLIENTE
POST => "luciana" Data => "2012-04-30 12:25:24", Cadastrou o Cliente de vale 22192 => "INFORMAÇÕES CADASTRADAS => "5 => 36 => 4 => 0 => 0 => 14/02/2012 => 22192 => 250 => 420183 => 14/02/2012 => ALESSANDRA DE CASTRO FONTELA => 492334/199 => WILLIAM RODRIGUES LOPES =>  => RUA F => 94 => QD161 => RETA VELHA => Itaboraí =>  =>  =>  =>  =>  => 01 => 6066 => RACK ESTRELA SYSTEM LOW CAST/PT COMP =>  =>  =>  =>  =>  =>  =>  =>  =>  =>  =>  =>  =>  =>  =>  =>  =>  =>  =>  =>  =>  =>  =>  =>  =>  =>  =>  =>  =>  =>  =>  =>  =>  =>  =>  =>  =>  =>  => "

-------------------------------
 
ALTERAÇÃO DE CLIENTE
POST => "marta" Data => "2012-04-30 12:38:13", Alterou o Cliente de vale 388996 => "INFORMAÇÕES ALTERADAS => "1 => 1097 => 22 => 27 => 10 => 0 => 0 => 14/03/2012 => 388996 => 239 => 26332 => 13/01/2012 =>  =>  => ANA REGINA CUNHA =>  => TRAVESSA PADRE CICERO => 12 => CASA => ATALAIA => NITEROI =>  => 3704-8405 =>  =>  => ENTRADA DA GRANJA PERTO DA PADARIA DE BRUNA FILHA DE JE MAGRINHO PROC ANA REGINA 92991219 => AGENDADO P/DIA 2/05 => 1 => 140391 => G.ROUPA ARAPLAC 8P AUSTRIA TB/BR => 0 =>  => 0 =>  => 0 =>  => 0 =>  => 0 =>  => 0 =>  => 0 =>  => 0 =>  => 0 =>  => 0 =>  => 0 =>  => 0 =>  => 0 =>  => 0 =>  => 0 =>  => 0 =>  => 0 =>  => 0 =>  => 0 =>  => "

-------------------------------
 
ALTERAÇÃO DE CLIENTE
POST => "MIRIAN" Data => "2012-04-30 12:51:46", Alterou o Cliente de vale 476280 => "INFORMAÇÕES ALTERADAS => "1 => 2786 => 11 => 24 => 17 => 0 => 0 => 25/04/2012 => 476280 => 179 => 4556 => 25/04/2012 => CLEBER CAMPISTA DA FONSECA => 4556 => RITA DE CASSIA TOSTES BASTOS => 25015420 => RUA: CAMPOS => 330 =>  => PARQUE LAFAIETE => DUQUE DE CAXIAS => RJ => 2674-4651 => 8899-4267 =>  => CLIENTE NÃO ATENDE OS 2 TEL ACIMA DIA 25/04 AS 10:16HS PARA CONFIRMAR ATENDIMENTO PARA QUINTA 26/04 LUCIANA. => Reagendado p/30/04/12,confirmado com cliente.Nota estava com sergio lemos e passei p/Bruno Roberto.Mirian => 1 => 98715 => ESTANTE BECHARA CANADA HO AMEND/PTO => 0 =>  => 0 =>  => 0 =>  => 0 =>  => 0 =>  => 0 =>  => 0 =>  => 0 =>  => 0 =>  => 0 =>  => 0 =>  => 0 =>  => 0 =>  => 0 =>  => 0 =>  => 0 =>  => 0 =>  => 0 =>  => 0 =>  => "

-------------------------------
 
CADASTRO DE CLIENTE
POST => "marta" Data => "2012-04-30 12:59:20", Cadastrou o Cliente de vale 471805 => "INFORMAÇÕES CADASTRADAS => "22 => 26 => 27 => 0 => 0 => 30/04/2012 => 471805 => 216 => 327 => 17/04/2012 => SERGIO DE OLIVEIRA => 471805 => ALFEU FERREIRA GUIMARES =>  => AVENIDA JOAQUIM DE OLIVEIRA  => 548 => CASA => BOA VISTA => SAO GONÇALO =>  => 8509-0311 =>  =>  => PROX AO MATERIAL DE CONSTRUÇÃO DIANO 86238488 DONA ELIETE => 1 => 135226 => MESA ORTIZ 4C SAFIRA BR/PTO =>  =>  =>  =>  =>  =>  =>  =>  =>  =>  =>  =>  =>  =>  =>  =>  =>  =>  =>  =>  =>  =>  =>  =>  =>  =>  =>  =>  =>  =>  =>  =>  =>  =>  =>  =>  =>  =>  => "

-------------------------------
 
CADASTRO DE CLIENTE
POST => "MIRIAN" Data => "2012-04-30 13:00:12", Cadastrou o Cliente de vale 524611 => "INFORMAÇÕES CADASTRADAS => "11 => 23 => 14 => 0 => 2 => 28/04/2012 => 524611 => 168 => 524611 => 27/04/2012 =>  =>  => RITA DE CASSIA OLIVEIRA PINTO =>  => DE LIGAÇÃO PADRE MANUEL DA NOBREGA => 874 =>  => CASCADURA => RIO DE JANEIRO => RJ => 2137-5835 => 8828-8014 =>  => IPEM E ESCOLA FRANCA PED.56840 => 01 => 8372 => G.ROUPA BP 3P DUBAY TB/BR/MP =>  =>  =>  =>  =>  =>  =>  =>  =>  =>  =>  =>  =>  =>  =>  =>  =>  =>  =>  =>  =>  =>  =>  =>  =>  =>  =>  =>  =>  =>  =>  =>  =>  =>  =>  =>  =>  =>  => "

-------------------------------
 
CADASTRO DE CLIENTE
POST => "marta" Data => "2012-04-30 13:02:12", Cadastrou o Cliente de vale 533431 => "INFORMAÇÕES CADASTRADAS => "22 => 28 => 19 => 0 => 2 => 30/04/2012 => 533431 => RE => 533431 => 27/04/2012 =>  =>  => RAQUEL LAGRECA NEVES  =>  => DAS ORQUIDEAS 0 APTO 401 BL 16 =>  =>  => NOVA IGUAÇU => RIO DE JANEIRO =>  => 7817-5557 => 9414-1883 =>  => PROX AO TOP SHOPPING => 1 => 140391 => G.ROUPA ARAPLAC 8P AUSTRIA TB/BR =>  =>  =>  =>  =>  =>  =>  =>  =>  =>  =>  =>  =>  =>  =>  =>  =>  =>  =>  =>  =>  =>  =>  =>  =>  =>  =>  =>  =>  =>  =>  =>  =>  =>  =>  =>  =>  =>  => "

-------------------------------
 
CADASTRO DE CLIENTE
POST => "marta" Data => "2012-04-30 13:04:23", Cadastrou o Cliente de vale 553495 => "INFORMAÇÕES CADASTRADAS => "22 => 21 => 24 => 0 => 2 => 30/04/2012 => 553495 => RE => 553495 => 27/04/2012 =>  =>  => ANNA MARIA DA SILVA =>  => BORBOLETA AMARELA => 48 => CASA => ANIL => RIO DE JANEIRO =>  => 2436-6212 => 9870-7949 =>  =>  => 1 => 140041 => SAPATEIRA CARRARO MULTI =>  =>  =>  =>  =>  =>  =>  =>  =>  =>  =>  =>  =>  =>  =>  =>  =>  =>  =>  =>  =>  =>  =>  =>  =>  =>  =>  =>  =>  =>  =>  =>  =>  =>  =>  =>  =>  =>  => "

-------------------------------
 
CADASTRO DE CLIENTE
POST => "marta" Data => "2012-04-30 13:09:27", Cadastrou o Cliente de vale 478121 => "INFORMAÇÕES CADASTRADAS => "22 => 21 => 21 => 0 => 0 => 30/04/2012 => 478121 => 182 => 478121 => 27/04/2012 => ELUCIANA BARBOSA SANTOS => 854 => TELMA CHAGAS  =>  => BENEDITO DE OLIVEIRA  => 150 => CASA 02 => CENTRO => NILOPOLIS =>  => 2692-0810 =>  =>  => PROX A PRAÇA RONDON => 1 => 138033 => G.ROUPA ARAPLAC 10P ATLAN PLUS TB/AM =>  =>  =>  =>  =>  =>  =>  =>  =>  =>  =>  =>  =>  =>  =>  =>  =>  =>  =>  =>  =>  =>  =>  =>  =>  =>  =>  =>  =>  =>  =>  =>  =>  =>  =>  =>  =>  =>  => "

-------------------------------
 
CADASTRO DE CLIENTE
POST => "marta" Data => "2012-04-30 13:11:56", Cadastrou o Cliente de vale 475412 => "INFORMAÇÕES CADASTRADAS => "22 => 24 => 7 => 0 => 0 => 30/04/2012 => 475412 => 175 => 646 => 24/04/2012 => VANESSA APARECIDA MACHADO NACTIVIDADE => 17029 => JOSIAS SEVERINO DA SILVA =>  => SAVIANA  => 303 => CASA => GRAJAU => RIO DE JANEIRO =>  => 3126-6326 =>  =>  => AO LADO DA PADARIA DONA LINDETE PROC SR LAURA OU SR ABEL => 1 => 140391 => G.ROUPA ARAPLAC 8P AUSTRIA TB/BR =>  =>  =>  =>  =>  =>  =>  =>  =>  =>  =>  =>  =>  =>  =>  =>  =>  =>  =>  =>  =>  =>  =>  =>  =>  =>  =>  =>  =>  =>  =>  =>  =>  =>  =>  =>  =>  =>  => "

-------------------------------
 
CADASTRO DE CLIENTE
POST => "MIRIAN" Data => "2012-04-30 13:14:01", Cadastrou o Cliente de vale 522762 => "INFORMAÇÕES CADASTRADAS => "11 => 9 => 16 => 0 => 2 => 28/04/2012 => 522762 => 179 => 522762 => 27/04/2012 =>  =>  => CAROLINA DAMIANA DO NASCIMENTO =>  => TRAVESSA BRASIL => 13 =>  => VILA SAO LUIS => DUQUE DE CAXIAS => RJ => 3652-0560 => 9533-9545 =>  =>  AO CAXIAS SHOPPING => 1 => 8372 => G ROUPA BP 3P DUBAY TB / TB AMENDND =>  =>  =>  =>  =>  =>  =>  =>  =>  =>  =>  =>  =>  =>  =>  =>  =>  =>  =>  =>  =>  =>  =>  =>  =>  =>  =>  =>  =>  =>  =>  =>  =>  =>  =>  =>  =>  =>  => "

-------------------------------
 
CADASTRO DE CLIENTE
POST => "marta" Data => "2012-04-30 13:15:35", Cadastrou o Cliente de vale 477999 => "INFORMAÇÕES CADASTRADAS => "22 => 21 => 12 => 0 => 0 => 30/04/2012 => 477999 => 247 => 820 => 27/04/2012 =>  => 22281 => LAYTON MOREIRA MOTA JR =>  => DAMA ORTIS  => 220 => CASA 01 => CALIFORNIA => SAO GONÇALO =>  => 3703-4979 =>  =>  => ANTES DO COLEGIO MENTO COUTO EM FRENTE A IGREJA EL CHADAI PORTAO PRETO FUNDOS PROC POR JR OU SOLANGE => 1 => 140391 => G.ROUPA ARAPLAC 8P AUSTRIA TB/BR =>  =>  =>  =>  =>  =>  =>  =>  =>  =>  =>  =>  =>  =>  =>  =>  =>  =>  =>  =>  =>  =>  =>  =>  =>  =>  =>  =>  =>  =>  =>  =>  =>  =>  =>  =>  =>  =>  => "

-------------------------------
 
CADASTRO DE CLIENTE
POST => "luciana" Data => "2012-04-30 13:34:23", Cadastrou o Cliente de vale 416738 => "INFORMAÇÕES CADASTRADAS => "5 => 4 => 18 => 0 => 0 => 09/02/2012 => 416738 => 239 => 28114 => 09/02/2012 => GUILHERME MONTEIRO DE SOUZA => 488049/199 => PRISCILA DE SOUZA ELIZEU => 24130730 => Rua: José Carlos da Silveira Nogueira => 97 =>  => Fonseca => Niterói => RJ =>  =>  =>  =>  => 01 => 140391 => G.ROUPA ARAPLAC 8P AUSTRIA TB/BR =>  =>  =>  =>  =>  =>  =>  =>  =>  =>  =>  =>  =>  =>  =>  =>  =>  =>  =>  =>  =>  =>  =>  =>  =>  =>  =>  =>  =>  =>  =>  =>  =>  =>  =>  =>  =>  =>  => "

-------------------------------
 
CADASTRO DE CLIENTE
POST => "luciana" Data => "2012-04-30 13:37:57", Cadastrou o Cliente de vale 29695 => "INFORMAÇÕES CADASTRADAS => "5 => 11 => 34 => 0 => 0 => 11/04/2012 => 29695 => 249 => 466920 => 11/04/2012 => JOCEMAR GONCALVES DA SILVA => 528870/199 => DARLEA APOLINARIA DA SILVA => 4425055 => EUCLIDES MARTINS  => 317 =>  => NEVES => São Gonçalo =>  =>  =>  =>  =>  => 01 => 135481 => COZ KIPLAC RENATA PLUS BR/PTO =>  =>  =>  =>  =>  =>  =>  =>  =>  =>  =>  =>  =>  =>  =>  =>  =>  =>  =>  =>  =>  =>  =>  =>  =>  =>  =>  =>  =>  =>  =>  =>  =>  =>  =>  =>  =>  =>  => "

-------------------------------
 
ALTERAÇÃO DE CLIENTE
POST => "luciana" Data => "2012-04-30 13:47:35", Alterou o Cliente de vale 476507 => "INFORMAÇÕES ALTERADAS => "1 => 2827 => 5 => 31 => 19 => 0 => 0 => 26/04/2012 => 476507 => 241 => 42421 => 25/04/2012 => JULIO CESAR VIEIRA SOARES => 526230/199 => RUI MANOEL FARIA DA SILVA => 20220180 => RUA: MONT ALVERNE => 17 => AP 101 => SANTO CRISTO => RIO DE JANEIRO => RJ => 2233-8359 => 7571-2831 =>  => ACESSO PELA RUA SARA PROX A AGENCIA BRADESCO PROCRUI CONFIRMEI COM O CLIENTE PARA TERÇA 1/5 LUCIANA  =>  => 1 => 140391 => G.ROUPA ARAPLAC 8P AUSTRIA TB/BR => 0 =>  => 0 =>  => 0 =>  => 0 =>  => 0 =>  => 0 =>  => 0 =>  => 0 =>  => 0 =>  => 0 =>  => 0 =>  => 0 =>  => 0 =>  => 0 =>  => 0 =>  => 0 =>  => 0 =>  => 0 =>  => 0 =>  => "

-------------------------------
 
CADASTRO DE CLIENTE
POST => "luciana" Data => "2012-04-30 13:51:28", Cadastrou o Cliente de vale 479285 => "INFORMAÇÕES CADASTRADAS => "5 => 12 => 17 => 0 => 0 => 30/04/2012 => 479285 => 230 => 85617 => 30/04/2012 => ISABEL SALES DE OLIVEIRA => 501755/199 => AUCIDES CARVALHO DOS SANTOS => 25085050 => RUA: FLORIANO DE GODÓI => 80 =>  => Parque Duque de Caxias => Duque de Caxias => RJ =>  =>  =>  =>  => 01 => 140391 => G.ROUPA ARAPLAC 8P AUSTRIA TB/BR =>  =>  =>  =>  =>  =>  =>  =>  =>  =>  =>  =>  =>  =>  =>  =>  =>  =>  =>  =>  =>  =>  =>  =>  =>  =>  =>  =>  =>  =>  =>  =>  =>  =>  =>  =>  =>  =>  => "

-------------------------------
 
ALTERAÇÃO DE CLIENTE
POST => "luciana" Data => "2012-04-30 13:55:02", Alterou o Cliente de vale 479285 => "INFORMAÇÕES ALTERADAS => "1 => 2953 => 5 => 38 => 28 => 0 => 0 => 30/04/2012 => 479285 => 230 => 85617 => 30/04/2012 => ISABEL SALES DE OLIVEIRA => 501755/199 => AUCIDES CARVALHO DOS SANTOS => 25085050 => RUA: FLORIANO DE GODÓI => 80 =>  => PARQUE DUQUE DE CAXIAS => DUQUE DE CAXIAS => RJ =>  =>  =>  => CLIENTE NÃO TEM TEL NO SISTEMA PASSEI E-MAIL DIA 30/4 AGEND: 1/05 LUCIANA  =>  => 1 => 140391 => G.ROUPA ARAPLAC 8P AUSTRIA TB/BR => 0 =>  => 0 =>  => 0 =>  => 0 =>  => 0 =>  => 0 =>  => 0 =>  => 0 =>  => 0 =>  => 0 =>  => 0 =>  => 0 =>  => 0 =>  => 0 =>  => 0 =>  => 0 =>  => 0 =>  => 0 =>  => 0 =>  => "

-------------------------------
 
ALTERAÇÃO DE CLIENTE
POST => "luciana" Data => "2012-04-30 13:57:54", Alterou o Cliente de vale 479285 => "INFORMAÇÕES ALTERADAS => "1 => 2953 => 5 => 31 => 21 => 0 => 0 => 30/04/2012 => 479285 => 230 => 85617 => 30/04/2012 => ISABEL SALES DE OLIVEIRA => 501755/199 => AUCIDES CARVALHO DOS SANTOS => 25085050 => RUA: FLORIANO DE GODÓI => 80 =>  => PARQUE DUQUE DE CAXIAS => DUQUE DE CAXIAS => RJ =>  =>  =>  => CLIENTE NÃO TEM TEL NO SISTEMA PASSEI E-MAIL DIA 30/4 AGEND: 1/05 LUCIANA  =>  => 1 => 140391 => G.ROUPA ARAPLAC 8P AUSTRIA TB/BR => 0 =>  => 0 =>  => 0 =>  => 0 =>  => 0 =>  => 0 =>  => 0 =>  => 0 =>  => 0 =>  => 0 =>  => 0 =>  => 0 =>  => 0 =>  => 0 =>  => 0 =>  => 0 =>  => 0 =>  => 0 =>  => 0 =>  => "

-------------------------------
 
CADASTRO DE CLIENTE
POST => "luciana" Data => "2012-04-30 14:27:29", Cadastrou o Cliente de vale 100238 => "INFORMAÇÕES CADASTRADAS => "5 => 44 => 12 => 0 => 2 => 30/04/2012 => 100238 => 215 => 555528 => 30/04/2012 =>  =>  => PRISCILA PEIXOTO VIANA  =>  => ARIQUERME MENDONCA => 8 =>  => J REPUBLICA  => São Gonçalo =>  => 3605-5170 =>  =>  =>  => 01 => 135481 => COZ KIPLAC RENATA PLUS BR/PTO =>  =>  =>  =>  =>  =>  =>  =>  =>  =>  =>  =>  =>  =>  =>  =>  =>  =>  =>  =>  =>  =>  =>  =>  =>  =>  =>  =>  =>  =>  =>  =>  =>  =>  =>  =>  =>  =>  => "

-------------------------------
 
CADASTRO DE CLIENTE
POST => "marta" Data => "2012-04-30 14:45:02", Cadastrou o Cliente de vale 477670 => "INFORMAÇÕES CADASTRADAS => "22 => 27 => 26 => 0 => 1 => 30/04/2012 => 477670 => 243 => 477670 => 27/04/2012 => NUBIA DOS SANTOS FERREIRA => 383006 => CLAUDIA PEREIRA DOS SANTOS =>  => PETROLINA,0,LT 6 Q 29 =>  =>  => CANUÇU => NOVA IGUAÇU =>  => 8654-1031 =>  =>  => PASSANDO PELA ESCOLA MAVIDAF 2RUA A DIREITA RUA DA FRENTE A ANTIGA ESCOLA BRASILEIRO PROC CLAUDIA OU ALEXANDRE => 1 => 140091 => G.ROUPA BERGAMO 6P LAZIO IMB/PTO =>  =>  =>  =>  =>  =>  =>  =>  =>  =>  =>  =>  =>  =>  =>  =>  =>  =>  =>  =>  =>  =>  =>  =>  =>  =>  =>  =>  =>  =>  =>  =>  =>  =>  =>  =>  =>  =>  => "

-------------------------------
 
CADASTRO DE CLIENTE
POST => "marta" Data => "2012-04-30 14:50:16", Cadastrou o Cliente de vale 534117 => "INFORMAÇÕES CADASTRADAS => "22 => 21 => 18 => 0 => 2 => 30/04/2012 => 534117 => RE => 534117 => 27/04/2012 =>  =>  => APARECIDA DO ROSARIO LIMA DA COSTA =>  => NOSSA SENHORA DA ONCEIÇÃO LT 07 QD 11 => 0 => CASA => PILAR => DUQUE DE CAXIAS =>  => 2778-2428 => 8837-6660 =>  => DEPOIS DO POSTO DE SAUDE DO PILAR CASA FRENTE BARRACA DO FERNANDO PROC VANESSA OU CIDA => 1 => 16374 => KIT FEM BE SECRET -PERA =>  =>  =>  =>  =>  =>  =>  =>  =>  =>  =>  =>  =>  =>  =>  =>  =>  =>  =>  =>  =>  =>  =>  =>  =>  =>  =>  =>  =>  =>  =>  =>  =>  =>  =>  =>  =>  =>  => "

-------------------------------
 
CADASTRO DE CLIENTE
POST => "luciana" Data => "2012-04-30 14:56:26", Cadastrou o Cliente de vale 452112 => "INFORMAÇÕES CADASTRADAS => "5 => 17 => 7 => 0 => 0 => 30/04/2012 => 452112 => 182 => 45979 => 26/03/2012 => EVETON RODRIGO ANDRADE DA SILVA  => 512635 => MARIA JOSE FELIX => 21620550 => Rua: Samambaia => 143 =>  => Ricardo de Albuquerque => Rio de Janeiro => RJ => 3019-0964 =>  =>  =>  => 01 => 134892 => COZ ITAT CRIATIVA MAXII2VPTO =>  =>  =>  =>  =>  =>  =>  =>  =>  =>  =>  =>  =>  =>  =>  =>  =>  =>  =>  =>  =>  =>  =>  =>  =>  =>  =>  =>  =>  =>  =>  =>  =>  =>  =>  =>  =>  =>  => "

-------------------------------
 
CADASTRO DE CLIENTE
POST => "marta" Data => "2012-04-30 14:57:38", Cadastrou o Cliente de vale 478100 => "INFORMAÇÕES CADASTRADAS => "22 => 33 => 16 => 0 => 1 => 30/04/2012 => 478100 => 230 => 50083 => 27/04/2012 => EDMILSON SILVA LUZ => 177200 => CLEUSA MACIEL =>  => POCINHOS,0,LT 13 QD 65 =>  =>  => COSMOS => RIO DE JANEIRO =>  => 3404-4303 =>  =>  => ESTRADA CAMPINHO BAIRRO SANTA MARGARIDA ESTRADA ENCANAMENTO APOS IGREJA CATOLICA NOSSA SENHORA APARECIDA PROX A PRAÇA PROC CLEUSA => 1 => 134708 => BALCAO LUCIANE DAKAR 2P4G CHAMP / NOG => 1 => 136543 => COZINHA  LUCIANE DAKAR CHAMP/NOG =>  =>  =>  =>  =>  =>  =>  =>  =>  =>  =>  =>  =>  =>  =>  =>  =>  =>  =>  =>  =>  =>  =>  =>  =>  =>  =>  =>  =>  =>  =>  =>  =>  =>  =>  =>  => "

-------------------------------
 
ALTERAÇÃO DE CLIENTE
POST => "MIRIAN" Data => "2012-04-30 15:05:37", Alterou o Cliente de vale 466103 => "INFORMAÇÕES ALTERADAS => "1 => 2438 => 11 => 27 => 12 => 0 => 0 => 11/04/2012 => 466103 => 180 => 42619 => 10/04/2012 => ADILSON DA SILVA FILADELFO => 506567/199 => FERNANDA SOARES DIAS =>  => RUA CECIL RODRIGUES CRUX => lt 24 => QD C SAO MIGUEL => SANTA TEREZINHA => QUEIMADOS => RJ => 3770-3116 => 9443-0453 =>  => DUTRA ENTRAR PARA QUEIMADOS APOS A GARAGEM FANEZI. => Agendado p/ 28/04/12.reagendado p/01/05/12. => 1 => 136610 => RACK ESTRELA RING CAST/PTO => 0 =>  => 0 =>  => 0 =>  => 0 =>  => 0 =>  => 0 =>  => 0 =>  => 0 =>  => 0 =>  => 0 =>  => 0 =>  => 0 =>  => 0 =>  => 0 =>  => 0 =>  => 0 =>  => 0 =>  => 0 =>  => 0 =>  => "

-------------------------------
 
ALTERAÇÃO DE CLIENTE
POST => "marta" Data => "2012-04-30 15:13:17", Alterou o Cliente de vale 470077 => "INFORMAÇÕES ALTERADAS => "1 => 2704 => 22 => 21 => 11 => 0 => 0 => 17/04/2012 => 470077 => 250 => 20949 => 16/04/2012 => JONATAS DE OLIVEIRA SILVA =>  => CIRCE A LARA TERENCIO RIBAS => 24800000 => RUA VINTE =>  => CS LT 1159 => NOVA CIDADE => ITABORAÍ => RJ => 2645-7195 =>  =>  => RUA DEPOIS DA MERCEARIA PIMENTA PROC POR LEIDIANE => AGENDADO P/DIA 2/05 => 1 => 138066 => G.ROUPA ARAPLAC 12P DAKAR PLUS TB/AM => 0 =>  => 0 =>  => 0 =>  => 0 =>  => 0 =>  => 0 =>  => 0 =>  => 0 =>  => 0 =>  => 0 =>  => 0 =>  => 0 =>  => 0 =>  => 0 =>  => 0 =>  => 0 =>  => 0 =>  => 0 =>  => 0 =>  => "

-------------------------------
 
CADASTRO DE CLIENTE
POST => "luciana" Data => "2012-04-30 15:13:21", Cadastrou o Cliente de vale 471062 => "INFORMAÇÕES CADASTRADAS => "5 => 23 => 27 => 0 => 0 => 27/04/2012 => 471062 => 245 => 566 => 17/04/2012 => CARLOS ALBERTO RODRIGUES VELOSQ => 13961/199 => KARINA GUIMARAES BELMONT => 22780081 => Estrada: dos Bandeirantes => 6463 => APT 108 => Curicica => Rio de Janeiro => RJ => 2441-3580 => 7957-8176 =>  => CLIENTE  NÃO ATENDE OS 2 TEL ACIMA DIA 30/04 PARA CONFIRMAR ATENDIMENTO PARA QUARTA 2/05 LUCIANA  => 01 => 139576 => G ROUPA IRMOL 2P APOLO CHOC/IMB/MP =>  =>  =>  =>  =>  =>  =>  =>  =>  =>  =>  =>  =>  =>  =>  =>  =>  =>  =>  =>  =>  =>  =>  =>  =>  =>  =>  =>  =>  =>  =>  =>  =>  =>  =>  =>  =>  =>  => "

-------------------------------
 
CADASTRO DE CLIENTE
POST => "marta" Data => "2012-04-30 15:17:12", Cadastrou o Cliente de vale 478011 => "INFORMAÇÕES CADASTRADAS => "22 => 25 => 19 => 0 => 1 => 30/04/2012 => 478011 => 179 => 54238 => 27/04/2012 => LEONARDO OLIVEIRA DE FREITAS =>  => ERALDO SILVESTRE DO NASCIMENTO =>  => TANCREDO NEVES  => 55 =>  => LOTE XV => BELFORD ROXO =>  => 2781-5885 =>  =>  => ULTIMO PORTAO DA TRANCREDO NEVES PROX DA CASA DE MATERIAL DO GILMAR PROX DO BAR DO NANDO PROC ERALDO  => 1 => 6121 => ESTANTE JB BECHARA 3040 AM /PT =>  =>  =>  =>  =>  =>  =>  =>  =>  =>  =>  =>  =>  =>  =>  =>  =>  =>  =>  =>  =>  =>  =>  =>  =>  =>  =>  =>  =>  =>  =>  =>  =>  =>  =>  =>  =>  =>  => "

-------------------------------
 
CADASTRO DE CLIENTE
POST => "marta" Data => "2012-04-30 15:20:49", Cadastrou o Cliente de vale 478009 => "INFORMAÇÕES CADASTRADAS => "22 => 17 => 15 => 0 => 1 => 30/04/2012 => 478009 => 179 => 67675 => 27/04/2012 => MARCIO LEANDRO CARDOSO DE ALME => 127380 => LUIS CARLOS DOS SANTOS MOTTA =>  => NOVA FRIBURGO => 337 => CASA 8 => VILA LEPOLDINA => DUQUE DE CAXIAS =>  => 9573-1829 =>  =>  => TRANSVERSAL A PRESIDENTE KENNEDY => 1 => 135481 => COZ KIPLAC RENATA PLUS BR/PTO =>  =>  =>  =>  =>  =>  =>  =>  =>  =>  =>  =>  =>  =>  =>  =>  =>  =>  =>  =>  =>  =>  =>  =>  =>  =>  =>  =>  =>  =>  =>  =>  =>  =>  =>  =>  =>  =>  => "

-------------------------------
 
CADASTRO DE CLIENTE
POST => "MIRIAN" Data => "2012-04-30 15:22:48", Cadastrou o Cliente de vale 449292 => "INFORMAÇÕES CADASTRADAS => "11 => 20 => 24 => 0 => 0 => 23/03/2012 => 449292 => 168 => 56466 => 23/03/2012 => ELIMAR ALVES OLIVEIRA => 529625/199 => MARCIA HAYDEE => 21321620 => RUA: BARÃO => 758 => CS 102 => PRAÇA SECA => RIO DE JANEIRO => RJ =>  =>  =>  =>  => 01 => 100136 => COZINHA ITAT DAYANE BR =>  =>  =>  =>  =>  =>  =>  =>  =>  =>  =>  =>  =>  =>  =>  =>  =>  =>  =>  =>  =>  =>  =>  =>  =>  =>  =>  =>  =>  =>  =>  =>  =>  =>  =>  =>  =>  =>  => "

-------------------------------
 
CADASTRO DE CLIENTE
POST => "marta" Data => "2012-04-30 15:23:51", Cadastrou o Cliente de vale 416108 => "INFORMAÇÕES CADASTRADAS => "22 => 23 => 14 => 0 => 1 => 30/04/2012 => 416108 => 179 => 44393 => 08/02/2012 => LEONARDO OLIVEIRA DE FREITAS =>  => MARILENE RAMOS DE OLIVEIRA =>  => SERRANO  => 75 =>  => VILA SAO LUIS => DUQUE DE CAXIAS =>  => 8376-8284 =>  =>  => TRAVESSIA CARLOS ESTEVES PROX DO COLEGIO MALETE PROC POR NUBIA DO GAS  => 1 => 130071 => G.ROUPA ARAPLAC 10P ATLANTICO TB/AM =>  =>  =>  =>  =>  =>  =>  =>  =>  =>  =>  =>  =>  =>  =>  =>  =>  =>  =>  =>  =>  =>  =>  =>  =>  =>  =>  =>  =>  =>  =>  =>  =>  =>  =>  =>  =>  =>  => "

-------------------------------
 
ALTERAÇÃO DE CLIENTE
POST => "luciana" Data => "2012-04-30 15:27:16", Alterou o Cliente de vale 477323 => "INFORMAÇÕES ALTERADAS => "1 => 2916 => 5 => 29 => 22 => 0 => 0 => 28/04/2012 => 477323 => 179 => 4269 => 26/04/2012 => ANDERSON PEREIRA SANTOS => 20495/199 => EDVALDO DE LIMA BARROS => 26110100 => RUA: LÉA ARANHA => lt 22 => QD 03 => JARDIM BOM PASTOR => BELFORD ROXO => RJ => 7660-1279 =>  =>  => ENTRANDO NA RUA BEGONHA 5 RUA ESQ FINAL DA RUA  GARAGEM DE MADEIRA  AGEND: 3/05 LUCIANA  =>  => 1 => 134892 => COZ ITAT CRIATIVA MAXII2VPTO => 1 => 137981 => CJ EST GAZIN MAIORCA 3/2L KOR MAR => 1 => 134895 => BALC ITAT.IG3G4-C CRIATIVA PTO => 0 =>  => 0 =>  => 0 =>  => 0 =>  => 0 =>  => 0 =>  => 0 =>  => 0 =>  => 0 =>  => 0 =>  => 0 =>  => 0 =>  => 0 =>  => 0 =>  => 0 =>  => 0 =>  => 0 =>  => "

-------------------------------
 
CADASTRO DE CLIENTE
POST => "marta" Data => "2012-04-30 15:27:31", Cadastrou o Cliente de vale 478014 => "INFORMAÇÕES CADASTRADAS => "22 => 29 => 17 => 0 => 1 => 30/04/2012 => 478014 => 230 => 56430 => 27/04/2012 => GLAUCE COSTA GABRIEL => 219994 => MARCIA DA CONCEIÇÃO RAFAEL =>  => ESTRADA DOS VEIRAS  => 1486 =>  => PACIENCIA => RIO DE JANEIRO =>  => 3356-5146 =>  =>  => PRAÇA DO JAMELAO => 1 => 135226 => MESA ORTIZ 4C SAFIRA BR/PTO =>  =>  =>  =>  =>  =>  =>  =>  =>  =>  =>  =>  =>  =>  =>  =>  =>  =>  =>  =>  =>  =>  =>  =>  =>  =>  =>  =>  =>  =>  =>  =>  =>  =>  =>  =>  =>  =>  => "

-------------------------------
 
ALTERAÇÃO DE CLIENTE
POST => "luciana" Data => "2012-04-30 15:28:02", Alterou o Cliente de vale 478011 => "INFORMAÇÕES ALTERADAS => "1 => 2960 => 5 => 21 => 23 => 0 => 1 => 30/04/2012 => 478011 => 179 => 54238 => 27/04/2012 => LEONARDO OLIVEIRA DE FREITAS =>  => ERALDO SILVESTRE DO NASCIMENTO =>  => TANCREDO NEVES => 55 =>  => LOTE XV => BELFORD ROXO =>  => 2781-5885 =>  =>  => ULTIMO PORTAO DA TRANCREDO NEVES PROX DA CASA DE MATERIAL DO GILMAR PROX DO BAR DO NANDO PROC ERALDO AGEND: 2/05 LUCIANA  =>  => 1 => 6121 => ESTANTE JB BECHARA 3040 AM /PT => 0 =>  => 0 =>  => 0 =>  => 0 =>  => 0 =>  => 0 =>  => 0 =>  => 0 =>  => 0 =>  => 0 =>  => 0 =>  => 0 =>  => 0 =>  => 0 =>  => 0 =>  => 0 =>  => 0 =>  => 0 =>  => 0 =>  => "

-------------------------------
 
ALTERAÇÃO DE CLIENTE
POST => "luciana" Data => "2012-04-30 15:29:13", Alterou o Cliente de vale 478011 => "INFORMAÇÕES ALTERADAS => "1 => 2960 => 5 => 28 => 21 => 0 => 1 => 30/04/2012 => 478011 => 179 => 54238 => 27/04/2012 => LEONARDO OLIVEIRA DE FREITAS =>  => ERALDO SILVESTRE DO NASCIMENTO =>  => TANCREDO NEVES => 55 =>  => LOTE XV => BELFORD ROXO =>  => 2781-5885 =>  =>  => ULTIMO PORTAO DA TRANCREDO NEVES PROX DA CASA DE MATERIAL DO GILMAR PROX DO BAR DO NANDO PROC ERALDO AGEND: 2/05 LUCIANA  =>  => 1 => 6121 => ESTANTE JB BECHARA 3040 AM /PT => 0 =>  => 0 =>  => 0 =>  => 0 =>  => 0 =>  => 0 =>  => 0 =>  => 0 =>  => 0 =>  => 0 =>  => 0 =>  => 0 =>  => 0 =>  => 0 =>  => 0 =>  => 0 =>  => 0 =>  => 0 =>  => 0 =>  => "

-------------------------------
 
ALTERAÇÃO DE CLIENTE
POST => "luciana" Data => "2012-04-30 15:33:37", Alterou o Cliente de vale 478383 => "INFORMAÇÕES ALTERADAS => "1 => 2934 => 5 => 37 => 34 => 0 => 0 => 28/04/2012 => 478383 => 212 => 65082 => 24/08/2012 => PEDRO DA SILVA SANTOS => 539286 => JOSERLI LOPES SANTOS => 26150300 => RUA: JANIO QUADROS => 31 =>  => NOVO ELDORADO => BELFORD ROXO => RJ => 3585-3899 =>  =>  => AGEND:2/05 LUCIANA  =>  => 1 => 8502 => RACK CAEMMUM CEDRO TB/BR => 0 =>  => 0 =>  => 0 =>  => 0 =>  => 0 =>  => 0 =>  => 0 =>  => 0 =>  => 0 =>  => 0 =>  => 0 =>  => 0 =>  => 0 =>  => 0 =>  => 0 =>  => 0 =>  => 0 =>  => 0 =>  => 0 =>  => "

-------------------------------
 
CADASTRO DE CLIENTE
POST => "marta" Data => "2012-04-30 15:36:57", Cadastrou o Cliente de vale 478020 => "INFORMAÇÕES CADASTRADAS => "22 => 24 => 15 => 0 => 1 => 30/04/2012 => 478020 => 179 => 96843 => 27/04/2012 => RONALDO BARBOSA DE MOURA => 240621 => ROSILENE DE ANDRADE =>  => PARANA,0,LT 02D 8 =>  =>  => SANTA CRUZ DA SERRA => DUQUE DE CAXIAS =>  => 8683-0975 =>  =>  => TROCA PED 84974 RECOLHER NÃO CARGA ROUBADA DEPOIS DO PQ SILVESTRE A 1ºRUA A DIREITA PROC SALAO DA ROSE => 1 => 139754 => ARM COLOR CLASS SL 3P  AP3P  BR => 1 => 139756 => ARM COLOR CLASS SL PAN 6P C/V BR =>  =>  =>  =>  =>  =>  =>  =>  =>  =>  =>  =>  =>  =>  =>  =>  =>  =>  =>  =>  =>  =>  =>  =>  =>  =>  =>  =>  =>  =>  =>  =>  =>  =>  =>  =>  => "

-------------------------------
 
CADASTRO DE CLIENTE
POST => "marta" Data => "2012-04-30 15:40:56", Cadastrou o Cliente de vale 244110 => "INFORMAÇÕES CADASTRADAS => "22 => 33 => 24 => 0 => 0 => 30/04/2012 => 244110 => 230 => 62268 => 13/08/2011 => GLAUCE COSTA GABRIEL => 263188 => VERONICA ANDRADE DE OLIVEIRA =>  => AJAPI  => 510 => CASA 02 => COSMOS => RIO DE JANEIRO =>  => 3108-5246 =>  =>  => RSTRADA DO CAMPINHO ANTIGA RUA 14 ANTES DO COLEGIO CAMPO LEMOS PROC MARGO => 1 => 138033 => G.ROUPA ARAPLAC 10P ATLAN PLUS TB/AM =>  =>  =>  =>  =>  =>  =>  =>  =>  =>  =>  =>  =>  =>  =>  =>  =>  =>  =>  =>  =>  =>  =>  =>  =>  =>  =>  =>  =>  =>  =>  =>  =>  =>  =>  =>  =>  =>  => "

-------------------------------
 
CADASTRO DE CLIENTE
POST => "MIRIAN" Data => "2012-04-30 15:41:07", Cadastrou o Cliente de vale 548948 => "INFORMAÇÕES CADASTRADAS => "11 => 16 => 11 => 0 => 2 => 28/04/2012 => 548948 => 170 => 548948 => 27/04/2012 =>  =>  => SILVANA PEREIRA DE SOUZA =>  => TRAVESSA ESPERANÇA => 62 a =>  => CURICICA => RIO DEJANEIRO => RJ => 9243-7166 => 2462-7579 =>  => EM FRENTE AO HOSPITAL RAFAEL DE PAULA => 01 => 140391 => G.ROUPA ARAPLAC 8P AUSTRIA TB/BR =>  =>  =>  =>  =>  =>  =>  =>  =>  =>  =>  =>  =>  =>  =>  =>  =>  =>  =>  =>  =>  =>  =>  =>  =>  =>  =>  =>  =>  =>  =>  =>  =>  =>  =>  =>  =>  =>  => "

-------------------------------
 
ALTERAÇÃO DE CLIENTE
POST => "luciana" Data => "2012-04-30 15:46:42", Alterou o Cliente de vale 406197 => "INFORMAÇÕES ALTERADAS => "1 => 2711 => 5 => 39 => 7 => 0 => 0 => 16/04/2012 => 406197 => 230 => 82583 => 30/01/2012 => EDMILSON SILVA LUZ => 474016 /199 => GISELE PEREIRA => 23063344 => RUA ARNALDO ROCHA SALAZAR => 25 =>  => INHOAIBA => RIO DEJANEIRO => RJ => 7310-8700 =>  =>  => ESTR DO CAMPINHO BAIRRO NOVA CIDADE PROX O CAMPO DA MARIA LUIZA  EPROX PRAÇA DOS EUCALIPTOS => AGENDAMENTO PARA SEXTA 27/04 CLIENTE CIENTE LUCIANA /EM CONTATO COM O MONTADOR O MESMO ALEGA QUE IRA NO LOCAL HOJE 28/4 SUZI  A CLIENTE VAI LIGAR DIRETO PARA O MONTADOR  PARA PSSAR MAIS REFERNCIAS LUCIANA  => 1 => 140391 => G.ROUPA ARAPLAC 8P AUSTRIA TB/BR => 0 =>  => 0 =>  => 0 =>  => 0 =>  => 0 =>  => 0 =>  => 0 =>  => 0 =>  => 0 =>  => 0 =>  => 0 =>  => 0 =>  => 0 =>  => 0 =>  => 0 =>  => 0 =>  => 0 =>  => 0 =>  => 0 =>  => "

-------------------------------
