 
ALTERAÇÃO DE CLIENTE
POST => "suzi" Data => "2012-09-10 09:56:53", Alterou o Cliente de vale 541511 => "INFORMAÇÕES ALTERADAS => "1 => 5148 => 3 => 11 => 18 => 0 => 1 => 14/08/2012 => 541511 => 230 => 41555 => 14/08/2012 => GLAUCE COSTA GABRIEL => 110864/s => ALBERTO F DE ASSIS JR => 23530610 => ESTRADA: DO PIAI => 4225 => CASA 1 => SEPETIBA => RIO DE JANEIRO => RJ =>  =>  =>  => ENFRENTE AO LAVA JATO DOIS IRMAOS PC ANA PAULA . =>  => 1 => 138033 => G.ROUPA ARAPLAC 10P ATLAN PLUS TB/AM => 0 =>  => 0 =>  => 0 =>  => 0 =>  => 0 =>  => 0 =>  => 0 =>  => 0 =>  => 0 =>  => 0 =>  => 0 =>  => 0 =>  => 0 =>  => 0 =>  => 0 =>  => 0 =>  => 0 =>  => 0 =>  => 0 =>  => "

-------------------------------
 
CADASTRO DE CLIENTE
POST => "luciana" Data => "2012-09-10 14:01:21", Cadastrou o Cliente de vale 526022 => "INFORMAÇÕES CADASTRADAS => "5 => 13 => 14 => 0 => 1 => 19/07/2012 => 526022 => 180 => 33415 => 19/07/2012 => ADILSON DA SILVA FILADELFO => 299385 => BENEDITO DE SOUZA => 26052120 => Rua: Carlinda => 70 => CS17 => Triangulo => Nova Iguaçu => RJ =>  =>  =>  =>  => 01 => 135251 => G.ROUPA FRITZ 6P DANY TB/BR =>  =>  =>  =>  =>  =>  =>  =>  =>  =>  =>  =>  =>  =>  =>  =>  =>  =>  =>  =>  =>  =>  =>  =>  =>  =>  =>  =>  =>  =>  =>  =>  =>  =>  =>  =>  =>  =>  => "

-------------------------------
 
CADASTRO DE CLIENTE
POST => "luciana" Data => "2012-09-10 14:04:27", Cadastrou o Cliente de vale 555538 => "INFORMAÇÕES CADASTRADAS => "5 => 15 => 18 => 0 => 0 => 03/09/2012 => 555538 => 212 => 9560 => 03/09/2012 => PEDRO DA SILVA PARANHOS  => 116150 => EDILSON CRISTIANO LINS  => 26116240 => Travessa: Ascendina => 149 => BL08 CS 29 => Jardim Dimas Filho => Belford Roxo => RJ =>  =>  =>  =>  => 01 => 140351 => G.ROUPA N.HORIZ 6P VENUS BR/PTO =>  =>  =>  =>  =>  =>  =>  =>  =>  =>  =>  =>  =>  =>  =>  =>  =>  =>  =>  =>  =>  =>  =>  =>  =>  =>  =>  =>  =>  =>  =>  =>  =>  =>  =>  =>  =>  =>  => "

-------------------------------
 
CADASTRO DE CLIENTE
POST => "suzi" Data => "2012-09-10 14:10:30", Cadastrou o Cliente de vale 553169 => "INFORMAÇÕES CADASTRADAS => "3 => 44 => 6 => 0 => 0 => 30/08/2012 => 553169 => 203 => 54753 => 30/08/2012 => RAFAEL MIRANDA PEREIRA => 254971/199 => KRYSTEAN LUIZ PACHECO DE OLIVEIRA => 20760480 => RUA: MATÉUS SILVA => 3414 => ENTR19 AP 201 => INHAÚMA => RIO DE JANEIRO => RJ =>  =>  =>  => TROCA COM RECOLHIMENTO. => 1 => 8372 => G.ROUPA BP 3P DUBAY TB/BR/MP =>  =>  =>  =>  =>  =>  =>  =>  =>  =>  =>  =>  =>  =>  =>  =>  =>  =>  =>  =>  =>  =>  =>  =>  =>  =>  =>  =>  =>  =>  =>  =>  =>  =>  =>  =>  =>  =>  => "

-------------------------------
 
ALTERAÇÃO DE CLIENTE
POST => "suzi" Data => "2012-09-10 14:10:52", Alterou o Cliente de vale 553169 => "INFORMAÇÕES ALTERADAS => "1 => 5166 => 3 => 23 => 26 => 0 => 1 => 30/08/2012 => 553169 => 203 => 54753 => 30/08/2012 => RAFAEL MIRANDA PEREIRA => 254971/199 => KRYSTEAN LUIZ PACHECO DE OLIVEIRA => 20760480 => RUA: MATÉUS SILVA => 3414 => ENTR19 AP 201 => INHAÚMA => RIO DE JANEIRO => RJ =>  =>  =>  => TROCA COM RECOLHIMENTO. =>  => 1 => 8372 => G.ROUPA BP 3P DUBAY TB/BR/MP => 0 =>  => 0 =>  => 0 =>  => 0 =>  => 0 =>  => 0 =>  => 0 =>  => 0 =>  => 0 =>  => 0 =>  => 0 =>  => 0 =>  => 0 =>  => 0 =>  => 0 =>  => 0 =>  => 0 =>  => 0 =>  => 0 =>  => "

-------------------------------
 
CADASTRO DE CLIENTE
POST => "luciana" Data => "2012-09-10 14:12:12", Cadastrou o Cliente de vale 555290 => "INFORMAÇÕES CADASTRADAS => "5 => 12 => 26 => 0 => 0 => 03/09/2012 => 555290 => 243 => 45811 => 03/09/2012 => NUBIA DOS SANTOS FERREIRA => 346086 => PATRICIA  COSTA MONTEIRO => 26271001 => Rua: Otávio Moreira de Melo => 263 => APT202 BC09 => Jardim Nova Era => Nova Iguaçu => RJ =>  =>  =>  =>  => 01 => 100136 => COZINHA ITAT DAYANE BR => 01 => 16422 => BALC ITAT IGH-97 DAYANE BR/PTO =>  =>  =>  =>  =>  =>  =>  =>  =>  =>  =>  =>  =>  =>  =>  =>  =>  =>  =>  =>  =>  =>  =>  =>  =>  =>  =>  =>  =>  =>  =>  =>  =>  =>  =>  =>  => "

-------------------------------
 
CADASTRO DE CLIENTE
POST => "suzi" Data => "2012-09-10 14:13:40", Cadastrou o Cliente de vale 553047 => "INFORMAÇÕES CADASTRADAS => "3 => 44 => 30 => 0 => 1 => 30/08/2012 => 553047 => 179 => 136196 => 30/08/2012 => RONALDO BARBOSA DE MOURA => 394940/199 => MARIANA GOMES DOS SANTOS BARBOSA => 25565560 => RUA: EDITE ROCHA GOULART => 0  => LT 17 QD 5 => PARQUE ELISABETH => SÃO JOÃO DE MERITI => RJ => 3757-9351 =>  => 2757-6957 => PX AO COLEGIO BRASIL E MERCADO UNIDOS PC MARIA DAS DORES. => 1 => 5726 => MESA ORTIZ 4C VALENCIA VID TB =>  =>  =>  =>  =>  =>  =>  =>  =>  =>  =>  =>  =>  =>  =>  =>  =>  =>  =>  =>  =>  =>  =>  =>  =>  =>  =>  =>  =>  =>  =>  =>  =>  =>  =>  =>  =>  =>  => "

-------------------------------
 
CADASTRO DE CLIENTE
POST => "luciana" Data => "2012-09-10 14:17:27", Cadastrou o Cliente de vale 555294 => "INFORMAÇÕES CADASTRADAS => "5 => 22 => 26 => 0 => 0 => 03/09/2012 => 555294 => 245 => 7528 => 03/09/2012 => LAERTE JORGE BAPTISTA DOS SANTOS => 101181 => CLAUDIA MARCHIORIO STELET => 22713169 => ESTRADA: DO OUTEIRO SANTO => 873 => CS03 => Taquara => Rio de Janeiro => RJ =>  =>  =>  =>  => 01 => 154976 => CRIADO EURO COMPOSE 2GV PAT /TE/CI => 01 => 154894 => COMODA EURO COMPOSE 5GV PAT/TE/CI =>  =>  =>  =>  =>  =>  =>  =>  =>  =>  =>  =>  =>  =>  =>  =>  =>  =>  =>  =>  =>  =>  =>  =>  =>  =>  =>  =>  =>  =>  =>  =>  =>  =>  =>  =>  => "

-------------------------------
 
CADASTRO DE CLIENTE
POST => "luciana" Data => "2012-09-10 14:23:02", Cadastrou o Cliente de vale 555277 => "INFORMAÇÕES CADASTRADAS => "5 => 14 => 36 => 0 => 0 => 03/09/2012 => 555277 => 212 => 9619 => 03/09/2012 => PEDRO DA SILVA PARANHOS => 116148 => SONIA LIRA GOMES  => 26160480 => RUA: ALTAMIRO BARONI => 30 =>  => Vila Maia => Belford Roxo => RJ =>  =>  =>  =>  => 01 => 139155 => G.ROUPA FRITZ 6P DANY AMEND /PTO =>  =>  =>  =>  =>  =>  =>  =>  =>  =>  =>  =>  =>  =>  =>  =>  =>  =>  =>  =>  =>  =>  =>  =>  =>  =>  =>  =>  =>  =>  =>  =>  =>  =>  =>  =>  =>  =>  => "

-------------------------------
 
ALTERAÇÃO DE CLIENTE
POST => "luciana" Data => "2012-09-10 14:59:20", Alterou o Cliente de vale 506153 => "INFORMAÇÕES ALTERADAS => "1 => 4235 => 5 => 24 => 21 => 0 => 1 => 15/06/2012 => 506153 => 212 => 40726 => 15/06/2012 => PEDRO DA SILVA PARANHOS => 235958/199 => EDILSON COUTINHO CRISTIANO LINS => 26116240 => TRAVESSA: ASCENDINA => 149 => BL 08 => JARDIM DIMAS FILHO => BELFORD ROXO => RJ => 2779-4792 =>  =>  => PROX A SUB ESTAÇÃO DA LIGHT VILAR NOVO CONDOMINMIO ASCENDINA =>  => 1 => 136468 => G.ROUPA KAPPS 6P3G INT VIENA TECA/PT => 0 =>  => 0 =>  => 0 =>  => 0 =>  => 0 =>  => 0 =>  => 0 =>  => 0 =>  => 0 =>  => 0 =>  => 0 =>  => 0 =>  => 0 =>  => 0 =>  => 0 =>  => 0 =>  => 0 =>  => 0 =>  => 0 =>  => "

-------------------------------
