 
ALTERAÇÃO DE CLIENTE
POST => "simone" Data => "2012-06-12 08:40:18", Alterou o Cliente de vale 489507 => "INFORMAÇÕES ALTERADAS => "1 => 3772 => 35 => 34 => 23 => 0 => 0 => 17/05/2012 => 489507 => 179 => 139295 => 16/05/2012 => IGOR VIEIRA MAGALHAES => 404868/199 => MARILZA JOSE DE OLIVEIRA => 25900000 => HADOK LOBO => LT08 => QD39 => PARQUE PAULISTA => CAXIAS => RJ => 8771-1690 => 3652-7359 => 9556-6490 =>  => obs: Tel não é da cliente 8771-1690!!!!.Passei e-mail para o naec no dia 08/06/2012 para pedir outro tel ,mas sem retorno!!!! => 1 => 141552 => CJ SALA JANTAR ORTIZ VALENCIA 6C AMEN => 0 =>  => 0 =>  => 0 =>  => 0 =>  => 0 =>  => 0 =>  => 0 =>  => 0 =>  => 0 =>  => 0 =>  => 0 =>  => 0 =>  => 0 =>  => 0 =>  => 0 =>  => 0 =>  => 0 =>  => 0 =>  => 0 =>  => "

-------------------------------
 
ALTERAÇÃO DE CLIENTE
POST => "simone" Data => "2012-06-12 08:40:32", Alterou o Cliente de vale 489507 => "INFORMAÇÕES ALTERADAS => "1 => 3772 => 35 => 10 => 19 => 0 => 0 => 17/05/2012 => 489507 => 179 => 139295 => 16/05/2012 => IGOR VIEIRA MAGALHAES => 404868/199 => MARILZA JOSE DE OLIVEIRA => 25900000 => HADOK LOBO => LT08 => QD39 => PARQUE PAULISTA => CAXIAS => RJ => 8771-1690 => 3652-7359 => 9556-6490 =>  => obs: Tel não é da cliente 8771-1690!!!!.Passei e-mail para o naec no dia 08/06/2012 para pedir outro tel . => 1 => 141552 => CJ SALA JANTAR ORTIZ VALENCIA 6C AMEN => 0 =>  => 0 =>  => 0 =>  => 0 =>  => 0 =>  => 0 =>  => 0 =>  => 0 =>  => 0 =>  => 0 =>  => 0 =>  => 0 =>  => 0 =>  => 0 =>  => 0 =>  => 0 =>  => 0 =>  => 0 =>  => 0 =>  => "

-------------------------------
 
ALTERAÇÃO DE CLIENTE
POST => "suzi" Data => "2012-06-12 09:01:32", Alterou o Cliente de vale 379525 => "INFORMAÇÕES ALTERADAS => "1 => 2533 => 3 => 7 => 25 => 0 => 0 => 13/04/2012 => 379525 => 215 => 88242 => 04/01/2012 => LUCIANA MURA DA SILVA LOPES =>  => ELAINE DIAS MARINHO =>  => ESTRADA CONCEIÇÃO QD 26 => 2 => CASA1 => MARAMBAIA => ITABORAI =>  =>  =>  =>  => CASA EM FRENTE CHICOS BAR 2º RUA A DIREITA CONJ BNH => LANÇADO EM FOLHA DE PAGAMENTO DO DIA 30.06.12 R$25,00 PARA O PABLO. EMAIL DA MARTA SINALIZANDO QUE O JOSE RODRIGUES DEU BAIXA SEM EXECUTAR. SUZI => 1 => 138033 => G.ROUPA ARAPLAC 10P ATLAN PLUS TB/AM => 0 =>  => 0 =>  => 0 =>  => 0 =>  => 0 =>  => 0 =>  => 0 =>  => 0 =>  => 0 =>  => 0 =>  => 0 =>  => 0 =>  => 0 =>  => 0 =>  => 0 =>  => 0 =>  => 0 =>  => 0 =>  => 0 =>  => "

-------------------------------
 
ALTERAÇÃO DE CLIENTE
POST => "luciana" Data => "2012-06-12 09:47:58", Alterou o Cliente de vale 400134 => "INFORMAÇÕES ALTERADAS => "1 => 1451 => 5 => 31 => 2 => 0 => 0 => 16/03/2012 => 400134 => 239 => 27074 => 24/01/2012 => RAFAEL MELO DE SOUSA => 465931 => JANAINA SOUZA DE OLIVEIRA => 24360018 => ALAMEDA: PARIS => 135 => CS 05 => SÃO FRANCISCO => NITERÓI => RJ => 2704-9275 =>  =>  => AO LADO DO GPA EM FRENTE A IGREJA METODISTA CLIENTE NÃO ATENDE O TEL ACIMA DIA 12/6 AS 9:42HS PASSEI E-MAIL PARA O NAEC DIA 12/6 PARA PEDI OUTRO TEL LUCIANA  =>  => 1 => 140391 =>  N => 0 =>  => 0 =>  => 0 =>  => 0 =>  => 0 =>  => 0 =>  => 0 =>  => 0 =>  => 0 =>  => 0 =>  => 0 =>  => 0 =>  => 0 =>  => 0 =>  => 0 =>  => 0 =>  => 0 =>  => 0 =>  => 0 =>  => "

-------------------------------
 
CADASTRO DE CLIENTE
POST => "MIRIAN" Data => "2012-06-12 09:48:37", Cadastrou o Cliente de vale 581190 => "INFORMAÇÕES CADASTRADAS => "11 => 22 => 25 => 0 => 2 => 12/06/2012 => 581190 => 179 => 581190 => 11/06/2012 =>  =>  => ELILEA SOARES =>  => RUA VINTE  => lt 05  => QD 309 => JARDIM ANHANGA => DUQUE DE CAXIAS => RJ => 2777-2164 =>  =>  => PROX A GARAGEM DO ONIBUS UNIAO TRANSV COM AV ANHANGA PROX A PENSAO JOAOZINHO => 01 => 139500 => ARM.ITAT.3P PREMIUM BR => 01 => 139504 => PAN.ITAT.6P VID PREMIUM PTO => 01 => 139509 => BALC ITAT.2P/4G PREMIUM PTO =>  =>  =>  =>  =>  =>  =>  =>  =>  =>  =>  =>  =>  =>  =>  =>  =>  =>  =>  =>  =>  =>  =>  =>  =>  =>  =>  =>  =>  =>  =>  =>  =>  =>  => "

-------------------------------
 
CADASTRO DE CLIENTE
POST => "simone" Data => "2012-06-12 09:50:20", Cadastrou o Cliente de vale 333132 => "INFORMAÇÕES CADASTRADAS => "35 => 24 => 30 => 0 => 0 => 12/06/2012 => 333132 => 246 => 19549 => 21/11/2011 => MARCIO CASTRO CARNEIRO DE MEND =>  => ROSANGELA DE FATIMA CAMPOS  => 22452690 => BECO DO JOÃO => 0 => CS 2 B => VIDIGAL => RIO DE JANEIRO => RJ =>  =>  =>  => PERTO DO NBAR DA ROSINHA PERTO AUTO PEÇAS DE MOTO. => 1 => 8981 => G. ROUPA MOVAL 6P40065 COL PLUS TB/M =>  =>  =>  =>  =>  =>  =>  =>  =>  =>  =>  =>  =>  =>  =>  =>  =>  =>  =>  =>  =>  =>  =>  =>  =>  =>  =>  =>  =>  =>  =>  =>  =>  =>  =>  =>  =>  =>  => "

-------------------------------
 
CADASTRO DE CLIENTE
POST => "MIRIAN" Data => "2012-06-12 09:51:31", Cadastrou o Cliente de vale 503486 => "INFORMAÇÕES CADASTRADAS => "11 => 13 => 21 => 0 => 0 => 12/06/2012 => 503486 => 179 => 176299 => 11/06/2012 => CAMILA PEREIRA DE OLIVEIRA => 25264675 => MARIA DO SOCORRO NUNES GOMES => 25264675 => RUA: FF => lt 10 => QD 85 => JARDIM ANHANGÁ => DUQUE DE CAXIAS => RJ => 9158-0763 =>  =>  => PERTO DO DOIS  CAMPOS  => 01 => 100136 => COZINHA ITAT DAYANE BR =>  =>  =>  =>  =>  =>  =>  =>  =>  =>  =>  =>  =>  =>  =>  =>  =>  =>  =>  =>  =>  =>  =>  =>  =>  =>  =>  =>  =>  =>  =>  =>  =>  =>  =>  =>  =>  =>  => "

-------------------------------
 
CADASTRO DE CLIENTE
POST => "simone" Data => "2012-06-12 09:51:57", Cadastrou o Cliente de vale 341395 => "INFORMAÇÕES CADASTRADAS => "35 => 25 => 26 => 0 => 0 => 12/06/2012 => 341395 => 246 => 19549 => 29/11/2011 => MARCIO CASTRO CARNEIRO DE MEND =>  => ROSANGELA DE FATIMA CAMPOS => 22452690 => BECO DO JOÃO => 0  => CS 2 B => VIDIGAL => RIO DE JANEIRO => RJ =>  =>  =>  => PERTO DO NBAR DA ROCINHA PERTO AUTO PEÇAS DE MOTO. => 1 => 9302 => KIT COZ KP 6P DELTA COLOR BR/ VD =>  =>  =>  =>  =>  =>  =>  =>  =>  =>  =>  =>  =>  =>  =>  =>  =>  =>  =>  =>  =>  =>  =>  =>  =>  =>  =>  =>  =>  =>  =>  =>  =>  =>  =>  =>  =>  =>  => "

-------------------------------
 
CADASTRO DE CLIENTE
POST => "MIRIAN" Data => "2012-06-12 09:55:41", Cadastrou o Cliente de vale 503403 => "INFORMAÇÕES CADASTRADAS => "11 => 18 => 23 => 0 => 1 => 11/06/2012 => 503403 => 179 => 503403 => 11/06/2012 => CAMILA PEREIRA DE OLIVEIRA => 450637/199 => KISSILA MUNIZ FERREIRA  => 25010060 => AVENIDA TANCREDO NEVES => 611 =>  => ITATIAIA => DUQUE DE CAXIAS => RJ => 2775-0182 => 7860-5183 =>  => UMA RUA ANTES DA IGEJA NOVA VIDA ENTRADA PELA RUA ITABIRA PORTAO PRETO PED.152987 => 01 => 139155 => G.ROUPA FRITZ 6P DANY AMEND /PTO =>  =>  =>  =>  =>  =>  =>  =>  =>  =>  =>  =>  =>  =>  =>  =>  =>  =>  =>  =>  =>  =>  =>  =>  =>  =>  =>  =>  =>  =>  =>  =>  =>  =>  =>  =>  =>  =>  => "

-------------------------------
 
CADASTRO DE CLIENTE
POST => "simone" Data => "2012-06-12 09:55:48", Cadastrou o Cliente de vale 503556 => "INFORMAÇÕES CADASTRADAS => "35 => 35 => 20 => 0 => 0 => 12/06/2012 => 503556 => 213 => 39066 => 11/06/2012 => ANA PAULA TEIXEIRA BASTOS =>  => SUELEN RIBEIRO COSTA  => 25911500 => ESTRADA MUNICIPAL  => 11 => CASA  => CACHOEIRA GRANDEC => MAGÉ => RJ =>  =>  =>  => AO LADO DO BAR DO BOTAFOGO DEPOIS DO MOTEL COCE DECIDE PROC ELVIS  => 1 => 136543 => COZINHA  LUCIANE DAKAR CHAMP/NOG =>  =>  =>  =>  =>  =>  =>  =>  =>  =>  =>  =>  =>  =>  =>  =>  =>  =>  =>  =>  =>  =>  =>  =>  =>  =>  =>  =>  =>  =>  =>  =>  =>  =>  =>  =>  =>  =>  => "

-------------------------------
 
CADASTRO DE CLIENTE
POST => "MIRIAN" Data => "2012-06-12 09:58:29", Cadastrou o Cliente de vale 503530 => "INFORMAÇÕES CADASTRADAS => "11 => 12 => 27 => 0 => 0 => 12/06/2012 => 503530 => 195 => 80184 => 11/06/2012 => ANDRE ROBERTO OLIVEIRA DA COST => 535572/199 => MARIA DE FATIMA FELIX BARRETO => 26171370 => JOSE MARIA  => qd e  => LT 01 => VILA PAULINE => BELFORD ROXO => RJ => 2788-1876 =>  =>  => NA SUBIDA DO BAR DO NILO SUBIR PELA RUA ALBUQUERQUE => 01 => 136365 => ESTANTE DJ CRONOS HOME MAR/PTO =>  =>  =>  =>  =>  =>  =>  =>  =>  =>  =>  =>  =>  =>  =>  =>  =>  =>  =>  =>  =>  =>  =>  =>  =>  =>  =>  =>  =>  =>  =>  =>  =>  =>  =>  =>  =>  =>  => "

-------------------------------
 
CADASTRO DE CLIENTE
POST => "simone" Data => "2012-06-12 09:59:03", Cadastrou o Cliente de vale 503532 => "INFORMAÇÕES CADASTRADAS => "35 => 31 => 34 => 0 => 0 => 12/06/2012 => 503532 => 203 => 85692 => 11/06/2012 => JORGE FRANCISCO OLIVEIRA ALVES  =>  => LUCIANA SILVA PAZ DE ALMEIDA  => 20930150 => TRAVESSA MATARAZZO => 3 => FDS => BENFICA => RIO DE JANEIRO => RJ => 9519-8243 =>  =>  => FICA NA COMUNIDADE ARARA RUA DO JELO PROX CAMPINHO ATRAS DA QUADRA TEL 9519-8243. => 1 => 139398 => COL BOX PLUMATEX CINZA 138X52 ESP => 1 => 138033 => G.ROUPA ARAPLAC 10P ATLAN PLUS TB/AM =>  =>  =>  =>  =>  =>  =>  =>  =>  =>  =>  =>  =>  =>  =>  =>  =>  =>  =>  =>  =>  =>  =>  =>  =>  =>  =>  =>  =>  =>  =>  =>  =>  =>  =>  =>  => "

-------------------------------
 
CADASTRO DE CLIENTE
POST => "MIRIAN" Data => "2012-06-12 10:00:30", Cadastrou o Cliente de vale 452526 => "INFORMAÇÕES CADASTRADAS => "11 => 12 => 9 => 0 => 0 => 12/06/2012 => 452526 => 197 => 53726 => 26/03/2012 => EVERTON RODRIGO ANDRADE SIL => 519353/199 => JESSIKA FLORES DO VALE => 26045455 => ESTRADA: SANTA DE RITA => 341 =>  => PARQUE FLORA => NOVA IGUAÇU => RJ =>  =>  =>  => PROX AO COLEGIO DOM VALMOR => 01 => 136216 => G.ROUPA MOVAL 6P PARIS TB/BR =>  =>  =>  =>  =>  =>  =>  =>  =>  =>  =>  =>  =>  =>  =>  =>  =>  =>  =>  =>  =>  =>  =>  =>  =>  =>  =>  =>  =>  =>  =>  =>  =>  =>  =>  =>  =>  =>  => "

-------------------------------
 
CADASTRO DE CLIENTE
POST => "marta" Data => "2012-06-12 10:00:42", Cadastrou o Cliente de vale 503660 => "INFORMAÇÕES CADASTRADAS => "22 => 16 => 19 => 2 => 0 => 12/06/2012 => 503660 => 274 => 15145 => 11/06/2012 => MAURO LIMA MACHADO => 539053 => IZABEL CRISTINA CORREIA SOARES =>  => EVA PERON,0 CASA LT 35 QD 37 =>  =>  => BARRO BRANCO => DUQUE DE CAXIAS =>  =>  =>  =>  => UMA RUA APOS O BICHEIRO PROC RENATA => 1 => 134892 => COZ ITAT CRIATIVA MAXII2VPTO =>  =>  =>  =>  =>  =>  =>  =>  =>  =>  =>  =>  =>  =>  =>  =>  =>  =>  =>  =>  =>  =>  =>  =>  =>  =>  =>  =>  =>  =>  =>  =>  =>  =>  =>  =>  =>  =>  => "

-------------------------------
 
CADASTRO DE CLIENTE
POST => "simone" Data => "2012-06-12 10:02:32", Cadastrou o Cliente de vale 503536 => "INFORMAÇÕES CADASTRADAS => "35 => 41 => 27 => 0 => 0 => 12/06/2012 => 503536 => 215 => 1651 => 11/06/2012 => LUCIANA MOURA DA SILVA LOPES  =>  => AUTO CARLOS DE ABREU  => 24350002 => RUA DOS TATUIS  => 95 => CASA 01 => PIRATININGA  => NITERÓI => RJ => 3741-0550 =>  =>  => BAIRRO CONHECIDO COMO TIBAU FINAL DA PRAINHA DE PIRATININGA ATRAVESSAR PONTE PRC AUTINHO ENTREG PREF SEXTA OU TERÇA  => 1 => 139502 => ARM.ITAT.GEL 2P PREMIUM BR => 1 => 139509 => BALC ITAT.2P/4G PREMIUM PTO =>  =>  =>  =>  =>  =>  =>  =>  =>  =>  =>  =>  =>  =>  =>  =>  =>  =>  =>  =>  =>  =>  =>  =>  =>  =>  =>  =>  =>  =>  =>  =>  =>  =>  =>  =>  => "

-------------------------------
 
CADASTRO DE CLIENTE
POST => "simone" Data => "2012-06-12 10:03:56", Cadastrou o Cliente de vale 503534 => "INFORMAÇÕES CADASTRADAS => "35 => 20 => 20 => 0 => 0 => 12/06/2012 => 503534 => 215 => 1651 => 11/06/2012 => LUCIANA MOURA DA SILVA LOPES =>  => AUTO CARLOS DE ABREU => 24350002 => RUA DOS TATUIS => 95 => CASA 01 => PIRATININGA => NITERÓI => RJ => 3741-0550 =>  =>  =>  => 1 => 139504 => PAN.ITAT.6P VID PREMIUM PTO => 1 => 139500 => ARM.ITAT.3P PREMIUM BR =>  =>  =>  =>  =>  =>  =>  =>  =>  =>  =>  =>  =>  =>  =>  =>  =>  =>  =>  =>  =>  =>  =>  =>  =>  =>  =>  =>  =>  =>  =>  =>  =>  =>  =>  =>  => "

-------------------------------
 
CADASTRO DE CLIENTE
POST => "MIRIAN" Data => "2012-06-12 10:07:36", Cadastrou o Cliente de vale 503650 => "INFORMAÇÕES CADASTRADAS => "11 => 6 => 14 => 0 => 0 => 11/06/2012 => 503650 => 280 => 5843 => 11/06/2012 => CASSIO FERNANDO BEZERRA DOS SA => 3227/199 => FABIO ALVES DOS SANTOS => 21670410 => RUA: MATIOLA => 65 => AP BL 4 ETA AP 203 => GUADALUPE => RIO DE JANEIRO => RJ =>  =>  =>  => PROX AO PREZENIC => 01 => 135586 => CAMA CS BP DUBAY TB/BR/MP =>  =>  =>  =>  =>  =>  =>  =>  =>  =>  =>  =>  =>  =>  =>  =>  =>  =>  =>  =>  =>  =>  =>  =>  =>  =>  =>  =>  =>  =>  =>  =>  =>  =>  =>  =>  =>  =>  => "

-------------------------------
 
ALTERAÇÃO DE CLIENTE
POST => "simone" Data => "2012-06-12 10:11:03", Alterou o Cliente de vale 452107 => "INFORMAÇÕES ALTERADAS => "1 => 3207 => 35 => 22 => 27 => 0 => 0 => 09/05/2012 => 452107 => 216 => 33118 => 26/03/2012 => SERGIO DE OLIVEIRA => 511653/199 => LOURDES LAURINDA => 21665070 => RUA: PRINCIPAL FERNANDO LOBO => 1060 => CS 05 => GUADALUPE => RIO DE JANEIRO => RJ => 9488-5749 =>  =>  => PROX A GAS BRAS ATRAS DO ANTIGO SHOPPING  RELATÓRIO ENVIADO P/ MIRIAM DIA 21/5 LUCIANA .tel : 9488-5749//3272-5880 => Email enviado ao naec dia 30-05-12 Camila. AGEND : 14/06/2012 => 1 => 135226 => MESA ORTIZ 4C SAFIRA BR/PTO => 0 =>  => 0 =>  => 0 =>  => 0 =>  => 0 =>  => 0 =>  => 0 =>  => 0 =>  => 0 =>  => 0 =>  => 0 =>  => 0 =>  => 0 =>  => 0 =>  => 0 =>  => 0 =>  => 0 =>  => 0 =>  => 0 =>  => "

-------------------------------
 
ALTERAÇÃO DE CLIENTE
POST => "luciana" Data => "2012-06-12 10:11:24", Alterou o Cliente de vale 532137 => "INFORMAÇÕES ALTERADAS => "1 => 3990 => 5 => 12 => 29 => 0 => 2 => 31/05/2012 => 532137 => 182 => 532137 => 29/05/2012 =>  =>  => JOSEFA DA SILVA PEGO =>  => AVENIDA NAZARE => 1798 => CS1 => ANCHIETA => RIO DE JANEIRO =>  => 2455-7033 =>  =>  => AGEND: 31/5 LUCIANA =>  => 1 => 5726 => MESA ORTIZ 4C VALENCIA VID TB => 0 =>  => 0 =>  => 0 =>  => 0 =>  => 0 =>  => 0 =>  => 0 =>  => 0 =>  => 0 =>  => 0 =>  => 0 =>  => 0 =>  => 0 =>  => 0 =>  => 0 =>  => 0 =>  => 0 =>  => 0 =>  => 0 =>  => "

-------------------------------
 
ALTERAÇÃO DE CLIENTE
POST => "luciana" Data => "2012-06-12 10:17:52", Alterou o Cliente de vale 575101 => "INFORMAÇÕES ALTERADAS => "1 => 3992 => 5 => 46 => 18 => 0 => 2 => 31/05/2012 => 575101 => 208 => 575101 => 29/05/2012 =>  =>  => IVONE ARRUDA GOMES =>  => PEREIRA DA NOBREGA => 321 => CS03 => MARECHAL HERMES => 321 =>  => 2451-7303 =>  =>  => AGEND: QUINTA 31/5 LUCIANA =>  => 1 => 100136 => COZINHA ITAT DAYANE BR => 0 =>  => 0 =>  => 0 =>  => 0 =>  => 0 =>  => 0 =>  => 0 =>  => 0 =>  => 0 =>  => 0 =>  => 0 =>  => 0 =>  => 0 =>  => 0 =>  => 0 =>  => 0 =>  => 0 =>  => 0 =>  => 0 =>  => "

-------------------------------
 
ALTERAÇÃO DE CLIENTE
POST => "camila" Data => "2012-06-12 10:35:34", Alterou o Cliente de vale 539644 => "INFORMAÇÕES ALTERADAS => "1 => 2989 => 6 => 7 => 10 => 0 => 2 => 02/05/2012 => 539644 => 282 => 0 => 30/04/2012 =>  =>  => MARIA APARECIDA DA SILVA =>  => AV ENGENHEIRO SOUSA FILHO => 2600 => AP 302 PREDIO 25 => ITANHAGA => RIO DE JANEIRO => RJ => 9249-7529 => 9438-8536 =>  => AO LADO DA OFICINA DE GIPE ENGENHEIRO MUZEMA....Email enviado ao naec dia 12-06-12 Camila => montador não localizou o endereço e o mesmo não vai lá mas.AGENDADO P/DIA 17/05 => 1 => 139500 => ARM.ITAT.3P PREMIUM BR => 0 =>  => 0 =>  => 0 =>  => 0 =>  => 0 =>  => 0 =>  => 0 =>  => 0 =>  => 0 =>  => 0 =>  => 0 =>  => 0 =>  => 0 =>  => 0 =>  => 0 =>  => 0 =>  => 0 =>  => 0 =>  => 0 =>  => "

-------------------------------
 
ALTERAÇÃO DE CLIENTE
POST => "camila" Data => "2012-06-12 10:35:52", Alterou o Cliente de vale 358466 => "INFORMAÇÕES ALTERADAS => "1 => 3944 => 6 => 17 => 32 => 0 => 0 => 28/05/2012 => 358466 => 243 => 51161 => 14/12/2011 => NUBIA DOS SANTOS FERREIRA => 408978 => COSME DE MORAIS PEREIRA =>  => IRACEMA => 21 => CASA => MOQUETA => NOVA IGUAÇU =>  => 3373-4704 => 9644-1711 => 8742-9276 => PROX A RUA ARAGUAIA SALAO DE FESTAS LUNIAR PROC COSME OU ROSANA FAVOR LIGAR QUANDO FOR MONTAR => Email enviado ao naec dia 12-06-12 Camila => 1 => 140391 => G.ROUPA ARAPLAC 8P AUSTRIA TB/BR => 0 =>  => 0 =>  => 0 =>  => 0 =>  => 0 =>  => 0 =>  => 0 =>  => 0 =>  => 0 =>  => 0 =>  => 0 =>  => 0 =>  => 0 =>  => 0 =>  => 0 =>  => 0 =>  => 0 =>  => 0 =>  => 0 =>  => "

-------------------------------
 
ALTERAÇÃO DE CLIENTE
POST => "camila" Data => "2012-06-12 10:36:08", Alterou o Cliente de vale 309019 => "INFORMAÇÕES ALTERADAS => "1 => 3903 => 6 => 32 => 25 => 2 => 0 => 24/05/2012 => 309019 => 203 => 64535 => 26/10/2011 => JORGE LUIZ GOMES DOS REIS => 340360 / 199 => VIVIANE OLIVEIRA GALVAO => 22711130 => RUA: NELSON CAVAQUINHO => 19 => CASA => CURICICA => RIO DE JANEIRO => RJ => 7754-6801 =>  =>  => NA RUA DO GAS OU NA RUA SMTU....Email enviado ao naec dia 12-06-12 Camila => obs: cliente não atende o tel as 15:54.para verifica se foi montado  => 1 => 138033 => G.ROUPA ARAPLAC 10P ATLAN PLUS TB/AM => 0 =>  => 0 =>  => 0 =>  => 0 =>  => 0 =>  => 0 =>  => 0 =>  => 0 =>  => 0 =>  => 0 =>  => 0 =>  => 0 =>  => 0 =>  => 0 =>  => 0 =>  => 0 =>  => 0 =>  => 0 =>  => 0 =>  => "

-------------------------------
 
ALTERAÇÃO DE CLIENTE
POST => "camila" Data => "2012-06-12 10:36:22", Alterou o Cliente de vale 327334 => "INFORMAÇÕES ALTERADAS => "1 => 3925 => 6 => 36 => 27 => 2 => 0 => 25/05/2012 => 327334 => 170 => 33110 => 14/11/2012 => FABIO WERMELINGER MARGUES => 361784 => VANESSA CERQUEIRA RIBEIRO => 22765580 => RUA: PEROBA => 373 =>  => GARDÊNIA AZUL => RIO DE JANEIRO => RJ => 3432-8145 => 7882-1296 =>  => CLIENE NÃO ATENDE OS 2 TEL ACIMA DIA 30/5 as 15:45HS PARA AFIRMAR ATENDIMENTO PARA SEXTA 1.6 PASSEI E-MAIL PARA O NAEC IGOR DIA 30/5 E PARA CAMILA ACOMPANHAR ATENDIMENTO LUCIANA  => Email enviado ao naec dia 12-06-12 Camila => 1 => 140391 => G.ROUPA ARAPLAC 8P AUSTRIA TB/BR => 0 =>  => 0 =>  => 0 =>  => 0 =>  => 0 =>  => 0 =>  => 0 =>  => 0 =>  => 0 =>  => 0 =>  => 0 =>  => 0 =>  => 0 =>  => 0 =>  => 0 =>  => 0 =>  => 0 =>  => 0 =>  => 0 =>  => "

-------------------------------
 
ALTERAÇÃO DE CLIENTE
POST => "camila" Data => "2012-06-12 10:36:41", Alterou o Cliente de vale 483021 => "INFORMAÇÕES ALTERADAS => "1 => 3095 => 6 => 23 => 21 => 0 => 0 => 08/05/2012 => 483021 => 245 => 483021 => 07/05/2012 => JORGE MAURICIO RODRIGUES DA CO => 506481 => FRESH KASHAMA KAMOTA =>  => ESTRADA DA BOUNA -LT K => 330 => CASA RUA B => TAQUARA => RIO DE JANEIRO =>  => 8173-1641 => 8220-9353 =>  => PROX AO MERCADO REDE ECONOMIA => Email enviado ao naec dia 12-06-12 Camila => 1 => 140391 => G.ROUPA ARAPLAC 8P AUSTRIA TB/BR => 0 =>  => 0 =>  => 0 =>  => 0 =>  => 0 =>  => 0 =>  => 0 =>  => 0 =>  => 0 =>  => 0 =>  => 0 =>  => 0 =>  => 0 =>  => 0 =>  => 0 =>  => 0 =>  => 0 =>  => 0 =>  => 0 =>  => "

-------------------------------
 
ALTERAÇÃO DE CLIENTE
POST => "camila" Data => "2012-06-12 10:36:59", Alterou o Cliente de vale 406044 => "INFORMAÇÕES ALTERADAS => "1 => 2140 => 6 => 16 => 19 => 0 => 0 => 27/03/2012 => 406044 => 170 => 37467 => 30/01/2012 => LAERTE JORGE BAPTISTA DOS SANT => 472276 / 199 => DANIEL JOSE DA SILVA => 22735020 => ESTRADA: DA COVANCA => 1201 => CS 35 => TANQUE => RIO DE JANEIRO => RJ => 8020-4057 =>  =>  => AOS CUIDADOS DE ANTONIO NA SUBIDA DO CLUBE BANERJ...Email enviado ao naec dia 12-06-12 Camila => agendada 28/03/12 => 1 => 140391 => G.ROUPA ARAPLAC 8P AUSTRIA TB/BR => 0 =>  => 0 =>  => 0 =>  => 0 =>  => 0 =>  => 0 =>  => 0 =>  => 0 =>  => 0 =>  => 0 =>  => 0 =>  => 0 =>  => 0 =>  => 0 =>  => 0 =>  => 0 =>  => 0 =>  => 0 =>  => 0 =>  => "

-------------------------------
 
ALTERAÇÃO DE CLIENTE
POST => "camila" Data => "2012-06-12 10:37:14", Alterou o Cliente de vale 399537 => "INFORMAÇÕES ALTERADAS => "1 => 688 => 6 => 26 => 8 => 0 => 0 => 09/03/2012 => 399537 => 170 => 37215 => 23/01/2012 =>  =>  => ALEX DA SILVA ARAGÃO =>  => JOAO ZAPELA => 183 => CASA02 => JACAREPAGUA => RIO DE JANEIRO =>  => 7873-2804 =>  =>  => PROX A ESTAÇÃO RODRIGUES CALDAS 2020 PROC LANA OU POLIANA...Email enviado ao naec dia 12-06-12 Camila => FALEI COM A ESPOSA DELE, POLIANA MONTAGEM AGENDADA PARA DIA 19/04/2012.SIMONE => 1 => 139497 => KIT ITAT I3 PREMIUM 6P/3G BR => 0 =>  => 0 =>  => 0 =>  => 0 =>  => 0 =>  => 0 =>  => 0 =>  => 0 =>  => 0 =>  => 0 =>  => 0 =>  => 0 =>  => 0 =>  => 0 =>  => 0 =>  => 0 =>  => 0 =>  => 0 =>  => 0 =>  => "

-------------------------------
 
ALTERAÇÃO DE CLIENTE
POST => "camila" Data => "2012-06-12 10:37:28", Alterou o Cliente de vale 483860 => "INFORMAÇÕES ALTERADAS => "1 => 3184 => 6 => 26 => 12 => 0 => 0 => 09/05/2012 => 483860 => 282 => 443 => 08/05/2012 => GUILHERME DE MELO BAPTISTA => 8089 /199 => VERA LUCIA RODRIGUES BARROS => 22753050 => RUA FLOR DAMA DA NOITE => 57 => QD 4 => RIO DAS PEDRAS => RIO DE JANEIRO => RJ => 8363-9452 =>  =>  => AREAL 1 RUA NEOLEO BRIZOLA PROX A UMA FARMACIA PASSANDO A PRAÇA DO LIXO => Email enviado ao naec dia 12-06-12 Camila => 1 => 8981 => G. ROUPA MOVAL 6P40065 COL PLUS TB/M => 0 =>  => 0 =>  => 0 =>  => 0 =>  => 0 =>  => 0 =>  => 0 =>  => 0 =>  => 0 =>  => 0 =>  => 0 =>  => 0 =>  => 0 =>  => 0 =>  => 0 =>  => 0 =>  => 0 =>  => 0 =>  => 0 =>  => "

-------------------------------
 
ALTERAÇÃO DE CLIENTE
POST => "camila" Data => "2012-06-12 10:37:46", Alterou o Cliente de vale 406878 => "INFORMAÇÕES ALTERADAS => "1 => 4001 => 6 => 33 => 13 => 2 => 0 => 31/05/2012 => 406878 => 244 => 32298 => 30/01/2012 => DEBORA CUNHA DAS NEVES => 474633 => SILVIO PORTO DAMASCENO => 26520007 => RUA: MANUEL JOSÉ FERREIRA => 2171 =>  => CENTRO => NILÓPOLIS => RJ => 2791-0806 =>  =>  => Email enviado ao naec dia 12-06-12 Camila =>  => 1 => 98934 => CJ SALA JANTAR RUFATO ATLA 6C TB/MP => 0 =>  => 0 =>  => 0 =>  => 0 =>  => 0 =>  => 0 =>  => 0 =>  => 0 =>  => 0 =>  => 0 =>  => 0 =>  => 0 =>  => 0 =>  => 0 =>  => 0 =>  => 0 =>  => 0 =>  => 0 =>  => 0 =>  => "

-------------------------------
 
ALTERAÇÃO DE CLIENTE
POST => "luciana" Data => "2012-06-12 10:46:40", Alterou o Cliente de vale 503649 => "INFORMAÇÕES ALTERADAS => "1 => 4179 => 5 => 41 => 25 => 0 => 0 => 11/06/2012 => 503649 => 280 => 5843 => 11/06/2012 => CASSIO FERNANDO BEZERRA DOS SA => 3207 => FABIO ALVES DOS SANTOS => 21670410 => RUA: MATIOLA => 65 => APT 203 => GUADALUPE => RIO DE JANEIRO => RJ =>  =>  =>  => AGEND: TERÇA 12/6 Luciana . =>  => 1 => 16068 => MESA MODECOR BRUNA 4C T.VID BR/PT => 0 =>  => 0 =>  => 0 =>  => 0 =>  => 0 =>  => 0 =>  => 0 =>  => 0 =>  => 0 =>  => 0 =>  => 0 =>  => 0 =>  => 0 =>  => 0 =>  => 0 =>  => 0 =>  => 0 =>  => 0 =>  => 0 =>  => "

-------------------------------
 
ALTERAÇÃO DE CLIENTE
POST => "simone" Data => "2012-06-12 10:53:07", Alterou o Cliente de vale 495109 => "INFORMAÇÕES ALTERADAS => "1 => 3895 => 35 => 29 => 19 => 0 => 0 => 25/05/2012 => 495109 => 197 => 55334 => 24/05/2012 => ADEILSON MAX DE AGUIAR => 502864/199 => SIMONE MELO SILVA => 26290249 => ESTRADA GRANJA => 544 =>  => PALHADA => NOVA IGUAÇU => RJ => 2694-4703 =>  =>  => PROX A MERCEARIA E NOVO COND EM CONSTRUÇÃO => OBS: CLIENTE NÃO ATENDE O TEL,PARA PEGAR OUTRA REFERÊNCIA.PASSEI E-MAIL PARA O NAEC NO DIA 08/06/2012  SOLICITANDO OUTRO TELEFONE E REFERÊNCIA!ENDEREÇO : RUA RUA 3, 559 CASA PARQUE DAS PAUMEIRAS, NOVA IGUACU/RJ-26587933 . OBS : PROX A MERSEARIA SILVA E NOVO CONDOMINEO EM CONSTRUCAO NO ANTIGO CAMPO TEL 26944703 . DATA DA ENTREGA 25/02/2012. => 1 => 140391 => G.ROUPA ARAPLAC 8P AUSTRIA TB/BR => 0 =>  => 0 =>  => 0 =>  => 0 =>  => 0 =>  => 0 =>  => 0 =>  => 0 =>  => 0 =>  => 0 =>  => 0 =>  => 0 =>  => 0 =>  => 0 =>  => 0 =>  => 0 =>  => 0 =>  => 0 =>  => 0 =>  => "

-------------------------------
 
ALTERAÇÃO DE CLIENTE
POST => "simone" Data => "2012-06-12 10:56:41", Alterou o Cliente de vale 575661 => "INFORMAÇÕES ALTERADAS => "1 => 3972 => 35 => 21 => 18 => 0 => 2 => 29/05/2012 => 575661 => 179 => 575661 => 28/05/2012 =>  =>  => ANA LUCIA MARTINS DE SOUZA FERREIRA =>  => PARGUE PAULA => LT10 => QD114 => PARQUE PAULISTA => DUQUE DE CAXIAS =>  => 3652-2968 =>  =>  => ENDEREÇO: RUA VINTE, 0 CASA LT 10 QD 114 PARQUE PAULISTA /FICA NA RUA DO COLEGIO GAMA BORGES. => OBS: O TEL 3652-2968 NÃO É DA CLIENTE E PESSOA QUE ATENDEU O TEL NÃO CONHECE.PASSADO E-MAIL PARA O NAEC NO DIA 08/6/2012 SOLICITANDO OUTRO TEL DE CONTATO. => 1 => 135251 => G.ROUPA FRITZ 6P DANY TB/BR => 0 =>  => 0 =>  => 0 =>  => 0 =>  => 0 =>  => 0 =>  => 0 =>  => 0 =>  => 0 =>  => 0 =>  => 0 =>  => 0 =>  => 0 =>  => 0 =>  => 0 =>  => 0 =>  => 0 =>  => 0 =>  => 0 =>  => "

-------------------------------
 
CADASTRO DE CLIENTE
POST => "MIRIAN" Data => "2012-06-12 11:06:03", Cadastrou o Cliente de vale 504126 => "INFORMAÇÕES CADASTRADAS => "11 => 24 => 18 => 0 => 1 => 12/06/2012 => 504126 => 179 => 504126 => 12/06/2012 => RONALDO BARBOSA DE MOURA => 453890/199 => ADAILTON FLORENCIO TETEO => 25036210 => RUA: AQUIDABA => 2 => LT 16 QD 91 => JARDIM OLAVO BILAC => DUQUE DE CAXIAS => RJ => 3777-6664 => 8796-6664 =>  => PROX AO COLEGIO REINO DA CULTURA PED.153428 => 01 => 7754 => ESCRIVANINHA MAVAL MUNIQUE PL TB/BR =>  =>  =>  =>  =>  =>  =>  =>  =>  =>  =>  =>  =>  =>  =>  =>  =>  =>  =>  =>  =>  =>  =>  =>  =>  =>  =>  =>  =>  =>  =>  =>  =>  =>  =>  =>  =>  =>  => "

-------------------------------
 
ALTERAÇÃO DE CLIENTE
POST => "simone" Data => "2012-06-12 11:24:42", Alterou o Cliente de vale 485369 => "INFORMAÇÕES ALTERADAS => "1 => 3474 => 35 => 28 => 27 => 0 => 0 => 11/05/2012 => 485369 => 172 => 60594 => 10/05/2012 => ROBSON CLAYTON DA COSTA SERULO => 563/199 => LINDENOR DA SILVA SERPA => 21041240 => RUA: ROSA DA FONSECA => 336 => APT102 => MANGUINHOS => RIO DE JANEIRO => RJ => 3976-7125 =>  =>  => Email enviado ao naec dia 05-06-12 Camila => OBS: Em contato com a esposa do cliente produto esta montado, mas cliente reclama que duas cadeiras estão com os parafusos estão para fora e o vidro da mesa  veio menor.Seu Wilton vai ligar para cliente a agendar a revisão . => 1 => 140344 => MESA FRITZ 4C MEGA AMEN/PTO => 0 =>  => 0 =>  => 0 =>  => 0 =>  => 0 =>  => 0 =>  => 0 =>  => 0 =>  => 0 =>  => 0 =>  => 0 =>  => 0 =>  => 0 =>  => 0 =>  => 0 =>  => 0 =>  => 0 =>  => 0 =>  => 0 =>  => "

-------------------------------
 
ALTERAÇÃO DE CLIENTE
POST => "simone" Data => "2012-06-12 11:45:59", Alterou o Cliente de vale 536380 => "INFORMAÇÕES ALTERADAS => "1 => 3941 => 35 => 49 => 33 => 0 => 2 => 29/05/2012 => 536380 => RE => 536380 => 28/05/2012 =>  =>  => FLAVIANA ALVES CABRAL =>  => DOIS DE MAIO => 246 => CASA => SAMPAIO => RIO DE JANEIRO =>  => 2241-4671 =>  =>  => PERTO DA UPA DO ENGENHO NOVO => OBS: CLIENTE ESTA DIA SIM E DIA NAO => 1 => 16068 => MESA MODECOR BRUNA 4C T.VID BR/PT => 0 =>  => 0 =>  => 0 =>  => 0 =>  => 0 =>  => 0 =>  => 0 =>  => 0 =>  => 0 =>  => 0 =>  => 0 =>  => 0 =>  => 0 =>  => 0 =>  => 0 =>  => 0 =>  => 0 =>  => 0 =>  => 0 =>  => "

-------------------------------
 
ALTERAÇÃO DE CLIENTE
POST => "luciana" Data => "2012-06-12 13:15:24", Alterou o Cliente de vale 566199 => "INFORMAÇÕES ALTERADAS => "1 => 3766 => 5 => 21 => 22 => 0 => 2 => 17/05/2012 => 566199 => 179 => 566199 => 16/05/2012 =>  =>  => AUGUSTO DA PAIXÃO RANGEL =>  => PEDRA RUIVA => LT49 => QD0 => PARQUE TITE => SÃO JOÃO DE MERITI =>  => 2653-2246 =>  =>  => passei e-mail para o naec dia 12/6 para passar o laudo Luciana  => OBS: CLIENTE NÃO ATENDE O TEL AS 15:55 E O MONTADOR : TEL CAIXA POSTAL. => 1 => 134708 => BALCAO LUCIANE DAKAR 2P4G CHAMP / NOG => 0 =>  => 0 =>  => 0 =>  => 0 =>  => 0 =>  => 0 =>  => 0 =>  => 0 =>  => 0 =>  => 0 =>  => 0 =>  => 0 =>  => 0 =>  => 0 =>  => 0 =>  => 0 =>  => 0 =>  => 0 =>  => 0 =>  => "

-------------------------------
 
ALTERAÇÃO DE CLIENTE
POST => "luciana" Data => "2012-06-12 14:12:07", Alterou o Cliente de vale 419768 => "INFORMAÇÕES ALTERADAS => "1 => 3380 => 5 => 27 => 14 => 0 => 0 => 10/05/2012 => 419768 => 279 => 3752 => 13/02/2012 => MARGARETH DOS SANTOS => 490278 / 199 => LUCIA MARIA DE ARAUJO ARRUDA => 23555020 => RUA:DO IMPERIO => 1607 => CASA 26 => SANTA CRUZ => RIO DE JANEIRO => RJ => 9293-8976 => 3365-1563 =>  => EM FRENTE AO MURO DAS CASAS DA CAIXA ECONOMICA NA RETA DA BASE PROJETADA.3752 CONFIRMEI COM A CLIENTE PARA QUINTA 24/5  FOI 2 LATERAIS ESQUERDAS IGUAIS CLIENTE QUER A TROCA DO PRODUTO LUCIANA 
 => produto danificado passei e-mail para Lidiaine dia 25/5 para ela entrar em contato com a cliente  relatorio enviado p/ miriam dia 12/6 Luciana  => 1 => 135251 => G.ROUPA FRITZ 6P DANY TB/BR => 0 =>  => 0 =>  => 0 =>  => 0 =>  => 0 =>  => 0 =>  => 0 =>  => 0 =>  => 0 =>  => 0 =>  => 0 =>  => 0 =>  => 0 =>  => 0 =>  => 0 =>  => 0 =>  => 0 =>  => 0 =>  => 0 =>  => "

-------------------------------
 
ALTERAÇÃO DE CLIENTE
POST => "luciana" Data => "2012-06-12 14:13:48", Alterou o Cliente de vale 560310 => "INFORMAÇÕES ALTERADAS => "1 => 3411 => 5 => 22 => 12 => 0 => 2 => 12/05/2012 => 560310 => RE => 560310 => 11/05/2012 =>  =>  => VALDEMAR TORRES CAETANO =>  => RUA A => 51 =>  => SANTA CRUZ => RIO DE JANEIRO =>  => 9178-6413 => 7635-0385 =>  => ESTRADA DA PEDRA LOTEAMENTO RECANTO VERDE N°160 APOS O CLUBE CAMPESTRE PROC CLENIA OU FATIMA relatorio enviado para Miriam dia 12/6 Luciana  =>  => 1 => 136216 => G.ROUPA MOVAL 6P PARIS TB/BR => 0 =>  => 0 =>  => 0 =>  => 0 =>  => 0 =>  => 0 =>  => 0 =>  => 0 =>  => 0 =>  => 0 =>  => 0 =>  => 0 =>  => 0 =>  => 0 =>  => 0 =>  => 0 =>  => 0 =>  => 0 =>  => 0 =>  => "

-------------------------------
 
ALTERAÇÃO DE CLIENTE
POST => "luciana" Data => "2012-06-12 14:20:50", Alterou o Cliente de vale 485354 => "INFORMAÇÕES ALTERADAS => "1 => 3335 => 5 => 33 => 14 => 0 => 0 => 10/05/2012 => 485354 => 238 => 67132 => 10/05/2012 => HUGO LEONARDO FERREIRA MORAIS => 538013 / 199 => PEDRO PAULO VEIGA => 23580250 => ESTRADA: DA PACIENCIA => 53 => CASA => PACIÊNCIA => RIO DE JANEIRO => RJ => 3394-6719 => 8409-1284 => 2409-8078 => CONFIRMEI COM O CLIENTE PARA SABADO 26/5 ENDEREÇO NÃO LOCALIZADO CLIENTE NÃO ATENDE OS 3 TEL ACIMA DIA 12/6 PASSEI E-MAIL PARA O NAEC DIA 12/6 LUCIANA  =>  => 1 => 100136 => COZINHA ITAT DAYANE BR => 0 =>  => 0 =>  => 0 =>  => 0 =>  => 0 =>  => 0 =>  => 0 =>  => 0 =>  => 0 =>  => 0 =>  => 0 =>  => 0 =>  => 0 =>  => 0 =>  => 0 =>  => 0 =>  => 0 =>  => 0 =>  => 0 =>  => "

-------------------------------
 
ALTERAÇÃO DE CLIENTE
POST => "luciana" Data => "2012-06-12 14:28:40", Alterou o Cliente de vale 485354 => "INFORMAÇÕES ALTERADAS => "1 => 3335 => 5 => 2 => 20 => 0 => 0 => 10/05/2012 => 485354 => 238 => 67132 => 10/05/2012 => HUGO LEONARDO FERREIRA MORAIS => 538013 / 199 => PEDRO PAULO VEIGA => 23580250 => ESTRADA: DA PACIENCIA => 53 => CASA => PACIÊNCIA => RIO DE JANEIRO => RJ => 3394-6719 => 8409-1284 => 2409-8078 => CONFIRMEI COM O CLIENTE PARA SABADO 26/5 ENDEREÇO NÃO LOCALIZADO CLIENTE NÃO ATENDE OS 3 TEL ACIMA DIA 12/6 PASSEI E-MAIL PARA O NAEC DIA 12/6 LUCIANA  =>  => 1 => 100136 => COZINHA ITAT DAYANE BR => 0 =>  => 0 =>  => 0 =>  => 0 =>  => 0 =>  => 0 =>  => 0 =>  => 0 =>  => 0 =>  => 0 =>  => 0 =>  => 0 =>  => 0 =>  => 0 =>  => 0 =>  => 0 =>  => 0 =>  => 0 =>  => 0 =>  => "

-------------------------------
 
ALTERAÇÃO DE CLIENTE
POST => "camila" Data => "2012-06-12 14:35:47", Alterou o Cliente de vale 307965 => "INFORMAÇÕES ALTERADAS => "1 => 3851 => 6 => 17 => 20 => 0 => 0 => 23/05/2012 => 307965 => 244 => 26187 => 25/10/2011 => DEBORA CUNHA DAS NEVES => 336272 => TATIANA ALVES GUALBERTO => 26540211 => RUA: DULCE => 869 => CS2 => CABUIS => NILÓPOLIS => RJ => 8651-0729 =>  =>  => AGEND:QUINTA 24/5 O MONTADOR VAI RETORNAR SABADO 26/5   relatorio enviado para Miriam dia 25/5  LUCIANA => Email enviado ao naec dia 12-06-12 Camila => 1 => 134898 => COZ COMP ARAMOVEIS LILIAN PLUS  BR/PT => 0 =>  => 0 =>  => 0 =>  => 0 =>  => 0 =>  => 0 =>  => 0 =>  => 0 =>  => 0 =>  => 0 =>  => 0 =>  => 0 =>  => 0 =>  => 0 =>  => 0 =>  => 0 =>  => 0 =>  => 0 =>  => 0 =>  => "

-------------------------------
 
ALTERAÇÃO DE CLIENTE
POST => "luciana" Data => "2012-06-12 14:36:25", Alterou o Cliente de vale 486859 => "INFORMAÇÕES ALTERADAS => "1 => 4148 => 5 => 13 => 24 => 0 => 0 => 11/06/2012 => 486859 => 175 => 1246 => 12/05/2012 => ANSELMO DOS SANTOS FARIAS =>  => MARLI SANTOS DA SILVA => 20510380 => RUA FELIZ LEMBRANÇA => 57 => CASA 04 => ANDARAÍ => RIO DE JANEIRO => RJ => 2288-7953 =>  =>  => COMU CRUZ SUBIDA AO LADO DO HOSPITAL DO ANDARAI SUBIR TRAVESSA VASCONCELOS PROC MARLI OU CAMULLE  CONFIRMEI CLIENTE NÃO ATENDE O TEL ACIMA DIA 12/6 AS 14:33HS PARA AGENDAR PARA  QUARTA 13/6 LUCIANA  =>  => 1 => 8372 => G.ROUPA BP 3P DUBAY TB/BR/MP => 1 => 134892 => COZ ITAT CRIATIVA MAXII2VPTO => 1 => 8340 => CAMA CS N HORIZ AREZZO TB/BR/MP => 0 =>  => 0 =>  => 0 =>  => 0 =>  => 0 =>  => 0 =>  => 0 =>  => 0 =>  => 0 =>  => 0 =>  => 0 =>  => 0 =>  => 0 =>  => 0 =>  => 0 =>  => 0 =>  => 0 =>  => "

-------------------------------
 
ALTERAÇÃO DE CLIENTE
POST => "camila" Data => "2012-06-12 14:37:59", Alterou o Cliente de vale 431664 => "INFORMAÇÕES ALTERADAS => "1 => 3174 => 6 => 23 => 10 => 0 => 0 => 09/05/2012 => 431664 => 203 => 81942 => 28/02/2012 => JORGE FRANCISCO OLIVEIRA ALVES => 503990/199 => WALLACE SILVA ALBUQUERQUE => 21012080 => RUA: IGAPERA => 134 =>  => CORDOVIL => RIO DE JANEIRO => RJ => 9905-2416 =>  =>  => ESTR PORTO VELHO PROX A ACADEMIA PEGAR RUA CAMBUCI...Email enviado ao naec dia 12-06-12 Camila => MONTADOR VAI FAZER ATÉ O DIA 16/05,TELEFONE SÓ DA CAIXA DE MENSAGEM,MAS MONTADOR VAI SIM MESMO !TELEFONE SÓ CHAMA LIGUEI NO DIA 21/05,MONTADOR FALOU CLIENTE WALLACE FICOU AGENDADO A MONTAGEM PARA SEGUNDA-FEIRA 21/05 MAS NÃO TINHA NINGUÉM EM CASA,REFERENCIA DA CASA DO CLIENTE MURO BRANCO DESCASCADO,PORTÃO COR GELO. => 1 => 140391 => G.ROUPA ARAPLAC 8P AUSTRIA TB/BR => 0 =>  => 0 =>  => 0 =>  => 0 =>  => 0 =>  => 0 =>  => 0 =>  => 0 =>  => 0 =>  => 0 =>  => 0 =>  => 0 =>  => 0 =>  => 0 =>  => 0 =>  => 0 =>  => 0 =>  => 0 =>  => 0 =>  => "

-------------------------------
 
ALTERAÇÃO DE CLIENTE
POST => "camila" Data => "2012-06-12 14:39:07", Alterou o Cliente de vale 472337 => "INFORMAÇÕES ALTERADAS => "1 => 3656 => 6 => 45 => 10 => 0 => 0 => 14/05/2012 => 472337 => 179 => 2955 => 18/04/2012 => ANDERSON PEREIRA SANTOS => 13198 / 199 => MARIA APARECIDA NASCIMENTO CABRAL => 25250582 => TRAVESSA: BOA ESPERANÇA => 102 => CASA => XERÉM => DUQUE DE CAXIAS => RJ => 9288-9401 =>  =>  => APOS A PRAÇA DA PEDREIRA 1 DIREITA 3 DIREITA RUA DA PADARIA. => Email enviado ao naec dia 12-06-12 Camila => 1 => 140391 => G.ROUPA ARAPLAC 8P AUSTRIA TB/BR => 0 =>  => 0 =>  => 0 =>  => 0 =>  => 0 =>  => 0 =>  => 0 =>  => 0 =>  => 0 =>  => 0 =>  => 0 =>  => 0 =>  => 0 =>  => 0 =>  => 0 =>  => 0 =>  => 0 =>  => 0 =>  => 0 =>  => "

-------------------------------
 
ALTERAÇÃO DE CLIENTE
POST => "camila" Data => "2012-06-12 14:40:41", Alterou o Cliente de vale 479921 => "INFORMAÇÕES ALTERADAS => "1 => 3057 => 6 => 19 => 13 => 0 => 0 => 05/05/2012 => 479921 => 282 => 10741 => 02/05/2012 => MARIA LUCINETE AVELINO DUARTE => 519287 => VANESSA BARROS JORGE =>  => JORNALISTA BRENO RENATA PLUS BR PTO => 110 => CASA => GUARARATIBA => RIO DE JANEIRO =>  => 3305-1211 =>  =>  => ENTRADA NA RUA DO BRIZOLAO PROXIMO DA ACADEMIA DO JOAQUIM 8576 0670 VANESSA => Email enviado ao naec dia 12-06-12 Camila => 1 => 135481 => COZ KIPLAC RENATA PLUS BR/PTO => 0 =>  => 0 =>  => 0 =>  => 0 =>  => 0 =>  => 0 =>  => 0 =>  => 0 =>  => 0 =>  => 0 =>  => 0 =>  => 0 =>  => 0 =>  => 0 =>  => 0 =>  => 0 =>  => 0 =>  => 0 =>  => 0 =>  => "

-------------------------------
 
ALTERAÇÃO DE CLIENTE
POST => "camila" Data => "2012-06-12 14:41:38", Alterou o Cliente de vale 481563 => "INFORMAÇÕES ALTERADAS => "1 => 3430 => 6 => 6 => 22 => 0 => 0 => 11/05/2012 => 481563 => 172 => 1070 => 04/05/2012 => CLAUDIO FERNANDO SOUZA ROCHA => 17311/199 => MARIA DE FATIMA ASSUNÇAO SEQUEIRA => 23051160 => CAPITAO LAFAY => 81 =>  => BEJAMIM DO MONTE => RIO DE JANEIRO =>  => 8201-7003 =>  =>  => Email enviado ao naec dia 12-06-12 Camila =>  => 1 => 8981 => G. ROUPA MOVAL 6P40065 COL PLUS TB/M => 0 =>  => 0 =>  => 0 =>  => 0 =>  => 0 =>  => 0 =>  => 0 =>  => 0 =>  => 0 =>  => 0 =>  => 0 =>  => 0 =>  => 0 =>  => 0 =>  => 0 =>  => 0 =>  => 0 =>  => 0 =>  => 0 =>  => "

-------------------------------
 
ALTERAÇÃO DE CLIENTE
POST => "luciana" Data => "2012-06-12 14:41:49", Alterou o Cliente de vale 486859 => "INFORMAÇÕES ALTERADAS => "1 => 4148 => 5 => 15 => 10 => 0 => 0 => 11/06/2012 => 486859 => 175 => 1246 => 12/05/2012 => ANSELMO DOS SANTOS FARIAS =>  => MARLI SANTOS DA SILVA => 20510380 => RUA FELIZ LEMBRANÇA => 57 => CASA 04 => ANDARAÍ => RIO DE JANEIRO => RJ => 2288-7953 =>  =>  => COMU CRUZ SUBIDA AO LADO DO HOSPITAL DO ANDARAI SUBIR TRAVESSA VASCONCELOS PROC MARLI OU CAMULLE  CONFIRMEI CLIENTE NÃO ATENDE O TEL ACIMA DIA 12/6 AS 14:33HS PARA AGENDAR PARA  QUARTA 13/6 LUCIANA  =>  => 1 => 8372 => G.ROUPA BP 3P DUBAY TB/BR/MP => 1 => 134892 => COZ ITAT CRIATIVA MAXII2VPTO => 1 => 8340 => CAMA CS N HORIZ AREZZO TB/BR/MP => 0 =>  => 0 =>  => 0 =>  => 0 =>  => 0 =>  => 0 =>  => 0 =>  => 0 =>  => 0 =>  => 0 =>  => 0 =>  => 0 =>  => 0 =>  => 0 =>  => 0 =>  => 0 =>  => 0 =>  => "

-------------------------------
 
ALTERAÇÃO DE CLIENTE
POST => "camila" Data => "2012-06-12 14:42:35", Alterou o Cliente de vale 499057 => "INFORMAÇÕES ALTERADAS => "1 => 4053 => 6 => 29 => 11 => 0 => 0 => 01/06/2012 => 499057 => 179 => 499057 => 31/05/2012 => LEONARDO OLIVEIRA DE FREITAS => 503661 => VENILTON DAMACENO BAHIA =>  => MARAJO LT 01 QD22 =>  =>  => JARDIM OLAVO BILAC => DUQUE DE CAXIAS =>  => 2783-5345 =>  =>  => DEPOIS DA PRAÇA OLAVO BILAC DESCENDO PELA CASA DE MATERIAL VAREDA PROX DA ASS DE DEUS PROC SHEILA DE SOUZA => Email enviado ao naec dia 12-06-12 Camila => 1 => 136828 => ARM ITAT GEL GARRAF 70CM STILO PTO => 0 =>  => 0 =>  => 0 =>  => 0 =>  => 0 =>  => 0 =>  => 0 =>  => 0 =>  => 0 =>  => 0 =>  => 0 =>  => 0 =>  => 0 =>  => 0 =>  => 0 =>  => 0 =>  => 0 =>  => 0 =>  => 0 =>  => "

-------------------------------
 
ALTERAÇÃO DE CLIENTE
POST => "camila" Data => "2012-06-12 14:44:34", Alterou o Cliente de vale 499059 => "INFORMAÇÕES ALTERADAS => "1 => 4056 => 6 => 16 => 18 => 0 => 0 => 01/06/2012 => 499059 => 179 => 499059 => 31/05/2012 => LEONARDO OLIVEIRA DE FREITAS => 10364 => VENILTON DAMACENO BAHIA =>  => MARAJO LT 01 QD 22 =>  => CASA 04 => JARDIM OLAVO BILAC => DUQUE DE CAXIAS =>  => 2783-5345 =>  =>  => DEPOIS DA PRAÇA OLAVO BILAC DESCENDO PELA CASA DE MAT VEREDA PROX ASS DE DEUS PROC SHEILA DE SOUZA AGEND:SEGUNDA 11/6 LUCIANA  => Email enviado ao naec dia 12-06-12 Camila => 1 => 136836 => ARM ITAT 2P 120CM C/VID STILO PTA => 1 => 136833 => PAN ITAT 2P 60CM ESQ STILO PTO => 0 =>  => 0 =>  => 0 =>  => 0 =>  => 0 =>  => 0 =>  => 0 =>  => 0 =>  => 0 =>  => 0 =>  => 0 =>  => 0 =>  => 0 =>  => 0 =>  => 0 =>  => 0 =>  => 0 =>  => 0 =>  => "

-------------------------------
 
ALTERAÇÃO DE CLIENTE
POST => "camila" Data => "2012-06-12 14:47:12", Alterou o Cliente de vale 499095 => "INFORMAÇÕES ALTERADAS => "1 => 4068 => 6 => 29 => 18 => 0 => 0 => 01/06/2012 => 499095 => 179 => 499095 => 31/05/2012 => ANDERSON PEREIRA SANTOS => 20952 => PATRICIA DA SILVA MACHADO =>  => AVENIDA PRESIDENTE KENEDY LT 03 QD34 =>  =>  => PILAR => DUQUE DE CAXIAS =>  => 2777-0924 => 6808-2904 =>  => PROX A IGREJA CATOLICA => Email enviado ao naec dia 12-06-12 Camila => 1 => 140391 => G.ROUPA ARAPLAC 8P AUSTRIA TB/BR => 1 => 140341 => BICAMA FRITZ TURIM BR/LILAS => 0 =>  => 0 =>  => 0 =>  => 0 =>  => 0 =>  => 0 =>  => 0 =>  => 0 =>  => 0 =>  => 0 =>  => 0 =>  => 0 =>  => 0 =>  => 0 =>  => 0 =>  => 0 =>  => 0 =>  => 0 =>  => "

-------------------------------
 
ALTERAÇÃO DE CLIENTE
POST => "camila" Data => "2012-06-12 14:48:00", Alterou o Cliente de vale 499269 => "INFORMAÇÕES ALTERADAS => "1 => 4038 => 6 => 31 => 4 => 0 => 0 => 01/06/2012 => 499269 => 179 => 9145 => 31/05/2012 => MAURICIO GONCALVES VIANA => 50383/199 => ANDREIA CRISTINA DOS SANTOS ALVES =>  => RUA DR JOAO PERESTRELO => 574 => BOX => CORTE OITO => DUQUE DE CAXIAS => RJ => 3244-1111 => 7342-3078 =>  => ESQUINA COM EUCLIDES DA CUNHA. => Email enviado ao naec dia 12-06-12 Camila => 1 => 135481 => COZ KIPLAC RENATA PLUS BR/PTO => 0 =>  => 0 =>  => 0 =>  => 0 =>  => 0 =>  => 0 =>  => 0 =>  => 0 =>  => 0 =>  => 0 =>  => 0 =>  => 0 =>  => 0 =>  => 0 =>  => 0 =>  => 0 =>  => 0 =>  => 0 =>  => 0 =>  => "

-------------------------------
 
ALTERAÇÃO DE CLIENTE
POST => "camila" Data => "2012-06-12 14:52:05", Alterou o Cliente de vale 498618 => "INFORMAÇÕES ALTERADAS => "1 => 4065 => 6 => 33 => 9 => 2 => 0 => 01/06/2012 => 498618 => 242 => 28917 => 30/05/2012 => SILVINO FERREIRA DA SILVA JUNI => 2222922 => ANITA DA SILVA SOBRAL => 26155710 => RUA: EXISTENNTE => 105 => CS1 => NOVA AURORA => BELFORD ROXO => RJ => 3663-0028 =>  =>  => Email enviado ao naec dia 12-06-12 Camila =>  => 1 => 138033 => G.ROUPA ARAPLAC 10P ATLAN PLUS TB/AM => 0 =>  => 0 =>  => 0 =>  => 0 =>  => 0 =>  => 0 =>  => 0 =>  => 0 =>  => 0 =>  => 0 =>  => 0 =>  => 0 =>  => 0 =>  => 0 =>  => 0 =>  => 0 =>  => 0 =>  => 0 =>  => 0 =>  => "

-------------------------------
 
ALTERAÇÃO DE CLIENTE
POST => "camila" Data => "2012-06-12 14:52:23", Alterou o Cliente de vale 484419 => "INFORMAÇÕES ALTERADAS => "1 => 3232 => 6 => 19 => 34 => 0 => 0 => 09/05/2012 => 484419 => 241 => 43311 => 09/05/2012 => JULIO CESAR VIEIRA SOARES => 3560/199 => MIRIAM OLIVEIRA ALVES => 26125560 => RUA: DA LAPA => 180 => CS 01 => VILA HELIOPOLIS => BELFORD ROXO => RJ => 2761-7657 => 7580-9152 =>  => PROX A UMA CRCHE PROC PELA MAE DA LARISSA => Email enviado ao naec dia 12-06-12 Camila => 1 => 136651 => COZINHA TELASSUL CRISTAL 80123 BR => 0 =>  => 0 =>  => 0 =>  => 0 =>  => 0 =>  => 0 =>  => 0 =>  => 0 =>  => 0 =>  => 0 =>  => 0 =>  => 0 =>  => 0 =>  => 0 =>  => 0 =>  => 0 =>  => 0 =>  => 0 =>  => 0 =>  => "

-------------------------------
 
ALTERAÇÃO DE CLIENTE
POST => "camila" Data => "2012-06-12 14:52:39", Alterou o Cliente de vale 484722 => "INFORMAÇÕES ALTERADAS => "1 => 3306 => 6 => 22 => 16 => 0 => 0 => 11/04/2012 => 484722 => 179 => 116189 => 09/05/2012 => ANDERSON PEREIRA SANTOS => 318050/199 => TEREZINHA MARIA DE MELO => 21535510 => RUA LIRIO => 20 =>  => PAVUNA => RIO DE JANEIRO => RJ => 3448-5381 =>  =>  => EM FRENTE A FICAP...Email enviado ao naec dia 12-06-12 Camila => farly,vai atender até 01/06/12,passei email p/camila acompanhar.Mirian => 1 => 6340 => COMODA RV LONDRES TB/BR => 0 =>  => 0 =>  => 0 =>  => 0 =>  => 0 =>  => 0 =>  => 0 =>  => 0 =>  => 0 =>  => 0 =>  => 0 =>  => 0 =>  => 0 =>  => 0 =>  => 0 =>  => 0 =>  => 0 =>  => 0 =>  => 0 =>  => "

-------------------------------
 
ALTERAÇÃO DE CLIENTE
POST => "camila" Data => "2012-06-12 14:52:52", Alterou o Cliente de vale 486363 => "INFORMAÇÕES ALTERADAS => "1 => 3557 => 6 => 20 => 18 => 0 => 0 => 14/05/2012 => 486363 => 236 => 45129 => 11/05/2012 => CLEBER BORGES => 533058 / 199 => KLEBER JORGE FERREIRA => 25560310 => RUA: BAIANA => 9 => CASA B => COELHO DA ROCHA => SÃO JOÃO DE MERITI => RJ =>  =>  =>  => ATÉ SEXTA FEIRA SERA FEITA 01-06-12 CAMILA => Email enviado ao naec dia 12-06-12 Camila => 1 => 9303 => KIT COZ KP 8P DELTA COLOR BR/VD => 0 =>  => 0 =>  => 0 =>  => 0 =>  => 0 =>  => 0 =>  => 0 =>  => 0 =>  => 0 =>  => 0 =>  => 0 =>  => 0 =>  => 0 =>  => 0 =>  => 0 =>  => 0 =>  => 0 =>  => 0 =>  => 0 =>  => "

-------------------------------
 
ALTERAÇÃO DE CLIENTE
POST => "camila" Data => "2012-06-12 14:53:05", Alterou o Cliente de vale 243408 => "INFORMAÇÕES ALTERADAS => "1 => 3482 => 6 => 29 => 15 => 2 => 0 => 12/05/2012 => 243408 => 244 => 22805 => 12/08/2012 => DENISE DOS SANTOS LIMA => 262049/199 => WHAYDE JACINTA MOREIRA DE SOUZA => 21645340 => RUA: JOSÉ LOURENÇO => 166 =>  => ANCHIETA => RIO DE JANEIRO => RJ =>  =>  =>  => PROX A PRAÇA NOSSA SENHORA DO NAZARE ENTRAR NA QUINTA.....Email enviado ao naec dia 12-06-12 Camila => OBS: AGENDADO P/ DIA 06/06/2012 JOSE ARIMATEIA VAI FAZER!! FICHA COM ALEX => 1 => 140391 => G.ROUPA ARAPLAC 8P AUSTRIA TB/BR => 0 =>  => 0 =>  => 0 =>  => 0 =>  => 0 =>  => 0 =>  => 0 =>  => 0 =>  => 0 =>  => 0 =>  => 0 =>  => 0 =>  => 0 =>  => 0 =>  => 0 =>  => 0 =>  => 0 =>  => 0 =>  => 0 =>  => "

-------------------------------
 
ALTERAÇÃO DE CLIENTE
POST => "luciana" Data => "2012-06-12 14:57:33", Alterou o Cliente de vale 484722 => "INFORMAÇÕES ALTERADAS => "1 => 3306 => 5 => 37 => 16 => 0 => 0 => 11/04/2012 => 484722 => 179 => 116189 => 09/05/2012 => ANDERSON PEREIRA SANTOS => 318050/199 => TEREZINHA MARIA DE MELO => 21535510 => RUA LIRIO => 20 =>  => PAVUNA => RIO DE JANEIRO => RJ => 3448-5381 =>  =>  => EM FRENTE A FICAP  PASSEI O LAUDO PARA O NAEC DIA 12/6 LUCIANA  => farly,vai atender até 01/06/12,passei email p/camila acompanhar.Mirian => 1 => 6340 => COMODA RV LONDRES TB/BR => 0 =>  => 0 =>  => 0 =>  => 0 =>  => 0 =>  => 0 =>  => 0 =>  => 0 =>  => 0 =>  => 0 =>  => 0 =>  => 0 =>  => 0 =>  => 0 =>  => 0 =>  => 0 =>  => 0 =>  => 0 =>  => 0 =>  => "

-------------------------------
 
ALTERAÇÃO DE CLIENTE
POST => "luciana" Data => "2012-06-12 15:05:18", Alterou o Cliente de vale 532137 => "INFORMAÇÕES ALTERADAS => "1 => 3990 => 5 => 32 => 14 => 0 => 2 => 31/05/2012 => 532137 => 182 => 532137 => 29/05/2012 =>  =>  => JOSEFA DA SILVA PEGO =>  => AVENIDA NAZARE => 1798 => CS1 => ANCHIETA => RIO DE JANEIRO =>  => 2455-7033 =>  =>  => AGEND: 31/5  relatorio enviado p/ MIRIAM DIA 12/6  LUCIANA =>  => 1 => 5726 => MESA ORTIZ 4C VALENCIA VID TB => 0 =>  => 0 =>  => 0 =>  => 0 =>  => 0 =>  => 0 =>  => 0 =>  => 0 =>  => 0 =>  => 0 =>  => 0 =>  => 0 =>  => 0 =>  => 0 =>  => 0 =>  => 0 =>  => 0 =>  => 0 =>  => 0 =>  => "

-------------------------------
 
ALTERAÇÃO DE CLIENTE
POST => "luciana" Data => "2012-06-12 15:06:36", Alterou o Cliente de vale 575101 => "INFORMAÇÕES ALTERADAS => "1 => 3992 => 5 => 26 => 19 => 0 => 2 => 31/05/2012 => 575101 => 208 => 575101 => 29/05/2012 =>  =>  => IVONE ARRUDA GOMES =>  => PEREIRA DA NOBREGA => 321 => CS03 => MARECHAL HERMES => 321 =>  => 2451-7303 =>  =>  => AGEND: QUINTA 31/5 RELATORIO ENVIADO P/ MIRIAM DIA 12/6 LUCIANA =>  => 1 => 100136 => COZINHA ITAT DAYANE BR => 0 =>  => 0 =>  => 0 =>  => 0 =>  => 0 =>  => 0 =>  => 0 =>  => 0 =>  => 0 =>  => 0 =>  => 0 =>  => 0 =>  => 0 =>  => 0 =>  => 0 =>  => 0 =>  => 0 =>  => 0 =>  => 0 =>  => "

-------------------------------
 
ALTERAÇÃO DE CLIENTE
POST => "luciana" Data => "2012-06-12 15:10:09", Alterou o Cliente de vale 499057 => "INFORMAÇÕES ALTERADAS => "1 => 4053 => 5 => 34 => 6 => 0 => 0 => 01/06/2012 => 499057 => 179 => 499057 => 31/05/2012 => LEONARDO OLIVEIRA DE FREITAS => 503661 => VENILTON DAMACENO BAHIA =>  => MARAJO LT 01 QD22 =>  =>  => JARDIM OLAVO BILAC => DUQUE DE CAXIAS =>  => 2783-5345 =>  =>  => DEPOIS DA PRAÇA OLAVO BILAC DESCENDO PELA CASA DE MATERIAL VAREDA PROX DA ASS DE DEUS PROC SHEILA DE SOUZA  RELATORIO ENVIADO P/ MIRIAM DIA 12/6 LUCIANA  => Email enviado ao naec dia 12-06-12 Camila => 1 => 136828 => ARM ITAT GEL GARRAF 70CM STILO PTO => 0 =>  => 0 =>  => 0 =>  => 0 =>  => 0 =>  => 0 =>  => 0 =>  => 0 =>  => 0 =>  => 0 =>  => 0 =>  => 0 =>  => 0 =>  => 0 =>  => 0 =>  => 0 =>  => 0 =>  => 0 =>  => 0 =>  => "

-------------------------------
 
ALTERAÇÃO DE CLIENTE
POST => "luciana" Data => "2012-06-12 15:11:08", Alterou o Cliente de vale 499059 => "INFORMAÇÕES ALTERADAS => "1 => 4056 => 5 => 11 => 4 => 0 => 0 => 01/06/2012 => 499059 => 179 => 499059 => 31/05/2012 => LEONARDO OLIVEIRA DE FREITAS => 10364 => VENILTON DAMACENO BAHIA =>  => MARAJO LT 01 QD 22 =>  => CASA 04 => JARDIM OLAVO BILAC => DUQUE DE CAXIAS =>  => 2783-5345 =>  =>  => DEPOIS DA PRAÇA OLAVO BILAC DESCENDO PELA CASA DE MAT VEREDA PROX ASS DE DEUS PROC SHEILA DE SOUZA AGEND:SEGUNDA 11/6 RELATORIO ENVIADO P/ MIRIAM DIA 12/6 LUCIANA  => Email enviado ao naec dia 12-06-12 Camila => 1 => 136836 => ARM ITAT 2P 120CM C/VID STILO PTA => 1 => 136833 => PAN ITAT 2P 60CM ESQ STILO PTO => 0 =>  => 0 =>  => 0 =>  => 0 =>  => 0 =>  => 0 =>  => 0 =>  => 0 =>  => 0 =>  => 0 =>  => 0 =>  => 0 =>  => 0 =>  => 0 =>  => 0 =>  => 0 =>  => 0 =>  => 0 =>  => "

-------------------------------
 
ALTERAÇÃO DE CLIENTE
POST => "luciana" Data => "2012-06-12 15:12:06", Alterou o Cliente de vale 499095 => "INFORMAÇÕES ALTERADAS => "1 => 4068 => 5 => 33 => 14 => 0 => 0 => 01/06/2012 => 499095 => 179 => 499095 => 31/05/2012 => ANDERSON PEREIRA SANTOS => 20952 => PATRICIA DA SILVA MACHADO =>  => AVENIDA PRESIDENTE KENEDY LT 03 QD34 =>  =>  => PILAR => DUQUE DE CAXIAS =>  => 2777-0924 => 6808-2904 =>  => PROX A IGREJA CATOLICA  RELATORIO ENVIADO P/ MIRIAM DIA 12/6 LUCIANA  => Email enviado ao naec dia 12-06-12 Camila => 1 => 140391 => G.ROUPA ARAPLAC 8P AUSTRIA TB/BR => 1 => 140341 => BICAMA FRITZ TURIM BR/LILAS => 0 =>  => 0 =>  => 0 =>  => 0 =>  => 0 =>  => 0 =>  => 0 =>  => 0 =>  => 0 =>  => 0 =>  => 0 =>  => 0 =>  => 0 =>  => 0 =>  => 0 =>  => 0 =>  => 0 =>  => 0 =>  => "

-------------------------------
 
ALTERAÇÃO DE CLIENTE
POST => "luciana" Data => "2012-06-12 15:13:29", Alterou o Cliente de vale 499269 => "INFORMAÇÕES ALTERADAS => "1 => 4038 => 5 => 24 => 13 => 0 => 0 => 01/06/2012 => 499269 => 179 => 9145 => 31/05/2012 => MAURICIO GONCALVES VIANA => 50383/199 => ANDREIA CRISTINA DOS SANTOS ALVES =>  => RUA DR JOAO PERESTRELO => 574 => BOX => CORTE OITO => DUQUE DE CAXIAS => RJ => 3244-1111 => 7342-3078 =>  => ESQUINA COM EUCLIDES DA CUNHA. RELATORIO ENVIADO PARA MIRIAM DIA 12/6 LUCIANA  => Email enviado ao naec dia 12-06-12 Camila => 1 => 135481 => COZ KIPLAC RENATA PLUS BR/PTO => 0 =>  => 0 =>  => 0 =>  => 0 =>  => 0 =>  => 0 =>  => 0 =>  => 0 =>  => 0 =>  => 0 =>  => 0 =>  => 0 =>  => 0 =>  => 0 =>  => 0 =>  => 0 =>  => 0 =>  => 0 =>  => 0 =>  => "

-------------------------------
