 
ALTERAÇÃO DE CLIENTE
POST => "ANNE" Data => "2012-07-16 09:09:16", Alterou o Cliente de vale 576820 => "INFORMAÇÕES ALTERADAS => "1 => 4366 => 18 => 26 => 28 => 0 => 2 => 28/06/2012 => 576820 => 212 => 576820 => 26/06/2012 =>  =>  => JOSE CARLOS FERREIRA BATOS =>  => RUA ESTRADA BELFORD ROXO => 1700 => CS 27 => BOA ESPERANÇA => BELFORD ROXO => RJ => 3472-9654 =>  =>  => PED.4207 => FEITO PEDIDO DE PEÇA 14/07!,EUFFUMAN PASSEI E-MAIL NO DIA 14/07 FORNECEDOR NÃO ENTREGUE MAS TAMPO. => 1 => 7849 => MESA GRANITO CARLA 4C RET NAP/PTO => 0 =>  => 0 =>  => 0 =>  => 0 =>  => 0 =>  => 0 =>  => 0 =>  => 0 =>  => 0 =>  => 0 =>  => 0 =>  => 0 =>  => 0 =>  => 0 =>  => 0 =>  => 0 =>  => 0 =>  => 0 =>  => 0 =>  => "

-------------------------------
 
ALTERAÇÃO DE CLIENTE
POST => "ANNE" Data => "2012-07-16 09:12:24", Alterou o Cliente de vale 561026 => "INFORMAÇÕES ALTERADAS => "1 => 4378 => 18 => 22 => 14 => 0 => 2 => 28/06/2012 => 561026 => RE => 561026 => 25/06/2012 =>  =>  => EMANUELLE MACIEL DO NASCIMENTO =>  => PEREIRA DA CUNHA => 42 =>  => PARQUE AMORIM => BELFORD ROXO =>  => 9176-8044 => 9418-7496 =>  => PROX AO MERCADO KAVAZAK => FEITO PEDIDO DE PEÇA 14/07,SEGUE INFORMAÇÃO QUE EUFFUMAN ENVIOU PELO E-MAIL NO DIA 16/07,porem este fornecedor não nos manda esta peça.
Pedido de peça não foi feito. => 1 => 7849 => MESA GRANITO CARLA 4C RET NAP/PTO => 0 =>  => 0 =>  => 0 =>  => 0 =>  => 0 =>  => 0 =>  => 0 =>  => 0 =>  => 0 =>  => 0 =>  => 0 =>  => 0 =>  => 0 =>  => 0 =>  => 0 =>  => 0 =>  => 0 =>  => 0 =>  => 0 =>  => "

-------------------------------
 
CADASTRO DE CLIENTE
POST => "luciana" Data => "2012-07-16 09:34:46", Cadastrou o Cliente de vale 72453 => "INFORMAÇÕES CADASTRADAS => "5 => 24 => 26 => 0 => 2 => 16/06/2012 => 72453 => 195 => 72453 => 12/07/2012 =>  =>  => BRUNO ASSIS DOS SANTOS  =>  => AVENIDA ALBERTO DE OLIVEIRA  => lt73 => QDD => Vila São João => São João de Meriti =>  => 2662-6575 =>  =>  =>  => 01 => 135481 => COZ KIPLAC RENATA PLUS BR/PTO =>  =>  =>  =>  =>  =>  =>  =>  =>  =>  =>  =>  =>  =>  =>  =>  =>  =>  =>  =>  =>  =>  =>  =>  =>  =>  =>  =>  =>  =>  =>  =>  =>  =>  =>  =>  =>  =>  => "

-------------------------------
 
CADASTRO DE CLIENTE
POST => "MIRIAN" Data => "2012-07-16 09:37:36", Cadastrou o Cliente de vale 521873 => "INFORMAÇÕES CADASTRADAS => "11 => 4 => 19 => 0 => 0 => 16/07/2012 => 521873 => 245 => 25957 => 12/07/2012 => SIDNEY D CARMO CAETANO DE REZ => 218643/199 => ARNALDO DAVI ALMEIDA TEIXEIRA => 22725540 => RUA: JORDAO  => 1883 => CS01 => TAQUARA => RIO DE JANEIRO => RJ =>  =>  =>  => PROX A CASA DE FESTAS GARDEN PARTY => 01 => 100136 => COZINHA ITAT DAYANE BR =>  =>  =>  =>  =>  =>  =>  =>  =>  =>  =>  =>  =>  =>  =>  =>  =>  =>  =>  =>  =>  =>  =>  =>  =>  =>  =>  =>  =>  =>  =>  =>  =>  =>  =>  =>  =>  =>  => "

-------------------------------
 
CADASTRO DE CLIENTE
POST => "marta" Data => "2012-07-16 09:39:40", Cadastrou o Cliente de vale 521871 => "INFORMAÇÕES CADASTRADAS => "22 => 31 => 15 => 0 => 0 => 16/07/2012 => 521871 => 179 => 23937 => 12/07/2012 => RONALDO BARBSA DE MOURA => 83764 => RICARDO GONÇALVES DE BARROS =>  => AVENIDA CALOMBE => 999 =>  => PILLAR => DUQUE DE CAXIAS =>  => 3774-6636 => 7841-7068 =>  => PROX AO POSTO BRAVO => 1 => 134892 => COZ ITAT CRIATIVA MAXII2VPTO =>  =>  =>  =>  =>  =>  =>  =>  =>  =>  =>  =>  =>  =>  =>  =>  =>  =>  =>  =>  =>  =>  =>  =>  =>  =>  =>  =>  =>  =>  =>  =>  =>  =>  =>  =>  =>  =>  => "

-------------------------------
 
CADASTRO DE CLIENTE
POST => "MIRIAN" Data => "2012-07-16 09:40:24", Cadastrou o Cliente de vale 521874 => "INFORMAÇÕES CADASTRADAS => "11 => 30 => 20 => 0 => 0 => 16/07/2012 => 521874 => 179 => 22887 => 12/07/2012 => MARCO ANTONIO DE SOUZA NASCIMEN => 82479/199 => ADRIANA OLIVEIRA DA SILVA => 26175090 => RUA: DOUTOR ALARICO DE ARAUJO => 45 =>  => PARQUE SAO BENTO => BELFORD ROXO => RJ => 2788-3644 => 9300-4649 => 7520-0438 => PROX A TRES SETAS PROX A PADARIA DO WONA  => 01 => 146661 => CJ CAMA ORTOBOM SLEEP SPRING 138X69 =>  =>  =>  =>  =>  =>  =>  =>  =>  =>  =>  =>  =>  =>  =>  =>  =>  =>  =>  =>  =>  =>  =>  =>  =>  =>  =>  =>  =>  =>  =>  =>  =>  =>  =>  =>  =>  =>  => "

-------------------------------
 
CADASTRO DE CLIENTE
POST => "marta" Data => "2012-07-16 09:42:45", Cadastrou o Cliente de vale 521679 => "INFORMAÇÕES CADASTRADAS => "22 => 16 => 15 => 0 => 0 => 16/07/2012 => 521679 => 179 => 22048 => 12/07/2012 => LEONARDO OLIVEIRA DE FREITAS => 76505 => SOLANGE ANDRADE E SOUZA =>  => ILHEUS => 1 => CASA => PARQUE CENTENARIO => DUQUE DE CAXIAS =>  => 3064-2495 =>  =>  => PROX DA LANCHONETE DO ZE PROX DE UM SALAO DE CABELELEIRO DA ROSANA => 1 => 139530 => G. ROUPA MOVAL 3P SANTIAGO IMB/PTO =>  =>  =>  =>  =>  =>  =>  =>  =>  =>  =>  =>  =>  =>  =>  =>  =>  =>  =>  =>  =>  =>  =>  =>  =>  =>  =>  =>  =>  =>  =>  =>  =>  =>  =>  =>  =>  =>  => "

-------------------------------
 
CADASTRO DE CLIENTE
POST => "MIRIAN" Data => "2012-07-16 09:42:48", Cadastrou o Cliente de vale 521877 => "INFORMAÇÕES CADASTRADAS => "11 => 43 => 17 => 0 => 0 => 16/07/2012 => 521877 => 181 => 1717 => 12/07/2012 => MARIA MARCIA FELICIO DE OLIVE => 56465/199 => ROSANA DA SILVA  => 24141015 => RUA: CASTRO ALVES => 59 =>  => FONSECA => NITERÓI => RJ =>  =>  =>  => ATRAZ DA BOMBA DAGUA PROC ROSANA => 01 => 9302 => KIT COZ KP 6P DELTA COLOR BR/ VD =>  =>  =>  =>  =>  =>  =>  =>  =>  =>  =>  =>  =>  =>  =>  =>  =>  =>  =>  =>  =>  =>  =>  =>  =>  =>  =>  =>  =>  =>  =>  =>  =>  =>  =>  =>  =>  =>  => "

-------------------------------
 
CADASTRO DE CLIENTE
POST => "luciana" Data => "2012-07-16 09:43:16", Cadastrou o Cliente de vale 50950 => "INFORMAÇÕES CADASTRADAS => "5 => 34 => 34 => 0 => 0 => 16/06/2012 => 50950 => 198 => 50950 => 12/07/2012 =>  =>  => ARTINEU VITER NETO =>  => ALMIRANTE VALDEMAR MOTA => 372 =>  => PAVUNA  => Rio de Janeiro =>  => 2455-3367 =>  =>  => PROT:526213 => 01 => 140391 => G.ROUPA ARAPLAC 8P AUSTRIA TB/BR => 01 => 140391 => G.ROUPA ARAPLAC 8P AUSTRIA TB/BR =>  =>  =>  =>  =>  =>  =>  =>  =>  =>  =>  =>  =>  =>  =>  =>  =>  =>  =>  =>  =>  =>  =>  =>  =>  =>  =>  =>  =>  =>  =>  =>  =>  =>  =>  =>  => "

-------------------------------
 
ALTERAÇÃO DE CLIENTE
POST => "luciana" Data => "2012-07-16 09:43:36", Alterou o Cliente de vale 50950 => "INFORMAÇÕES ALTERADAS => "1 => 4643 => 5 => 22 => 14 => 0 => 2 => 16/06/2012 => 50950 => 198 => 50950 => 12/07/2012 =>  =>  => ARTINEU VITER NETO =>  => ALMIRANTE VALDEMAR MOTA => 372 =>  => PAVUNA => RIO DE JANEIRO =>  => 2455-3367 =>  =>  => PROT:526213 =>  => 1 => 140391 => G.ROUPA ARAPLAC 8P AUSTRIA TB/BR => 1 => 140391 => G.ROUPA ARAPLAC 8P AUSTRIA TB/BR => 0 =>  => 0 =>  => 0 =>  => 0 =>  => 0 =>  => 0 =>  => 0 =>  => 0 =>  => 0 =>  => 0 =>  => 0 =>  => 0 =>  => 0 =>  => 0 =>  => 0 =>  => 0 =>  => 0 =>  => 0 =>  => "

-------------------------------
 
CADASTRO DE CLIENTE
POST => "MIRIAN" Data => "2012-07-16 09:44:35", Cadastrou o Cliente de vale 521883 => "INFORMAÇÕES CADASTRADAS => "11 => 18 => 23 => 0 => 0 => 16/07/2012 => 521883 => 179 => 22234 => 12/07/2012 => ANDERSON PEREIRA SANTOS => 78372/199 => ELAINE RAMIRES DE SOUZA => 25030058 => RUA JOAO FCSCO DE ASSIS => 214 =>  => VILA CENTENARIO => RIO DE JANEIRO => RJ =>  =>  =>  =>  => 01 => 140341 => BICAMA FRITZ TURIM BR/LILAS =>  =>  =>  =>  =>  =>  =>  =>  =>  =>  =>  =>  =>  =>  =>  =>  =>  =>  =>  =>  =>  =>  =>  =>  =>  =>  =>  =>  =>  =>  =>  =>  =>  =>  =>  =>  =>  =>  => "

-------------------------------
 
CADASTRO DE CLIENTE
POST => "marta" Data => "2012-07-16 09:45:38", Cadastrou o Cliente de vale 521680 => "INFORMAÇÕES CADASTRADAS => "22 => 30 => 24 => 0 => 0 => 16/07/2012 => 521680 => 179 => 22687 => 12/07/2012 => FERNANDO ARAUJO DA SILVA => 80102 => IVONETE ALVES DE MELLO PEREIRA =>  => BARBOSA DE ARAUJO => 110 => CASA FDS => PARQUE FELICIDADE => DUQUE DE CAXIAS =>  =>  =>  =>  => PROX A ESCOLA MUNICIPAL PROFESSOR HONORES PROX A UMA PADARIA => 1 => 134892 => COZ ITAT CRIATIVA MAXII2VPTO =>  =>  =>  =>  =>  =>  =>  =>  =>  =>  =>  =>  =>  =>  =>  =>  =>  =>  =>  =>  =>  =>  =>  =>  =>  =>  =>  =>  =>  =>  =>  =>  =>  =>  =>  =>  =>  =>  => "

-------------------------------
 
CADASTRO DE CLIENTE
POST => "luciana" Data => "2012-07-16 09:47:53", Cadastrou o Cliente de vale 37553 => "INFORMAÇÕES CADASTRADAS => "5 => 21 => 33 => 0 => 2 => 16/07/2012 => 37553 => 245 => 37553 => 12/07/2012 =>  =>  => MARIA DE LOUDES DE LIMA  =>  => ANTULIOS  => 205 =>  => CIDADE DE DEUs => Rio de Janeiro =>  => 7556-1685 =>  =>  => PROT:525551 => 01 => 140391 => G.ROUPA ARAPLAC 8P AUSTRIA TB/BR =>  =>  =>  =>  =>  =>  =>  =>  =>  =>  =>  =>  =>  =>  =>  =>  =>  =>  =>  =>  =>  =>  =>  =>  =>  =>  =>  =>  =>  =>  =>  =>  =>  =>  =>  =>  =>  =>  => "

-------------------------------
 
CADASTRO DE CLIENTE
POST => "MIRIAN" Data => "2012-07-16 09:48:00", Cadastrou o Cliente de vale 521884 => "INFORMAÇÕES CADASTRADAS => "11 => 51 => 16 => 0 => 0 => 16/07/2012 => 521884 => 171 => 65600 => 12/07/2012 => SERGIO JOAQUIM DOS SANTOS => 481921/199 => ROSANGELA ALVES DE ASSIS => 21852000 => VINTE DOIS VL KENNEDY => 4 =>  => BANGU => RIO DE JANEIRO => RJ => 3467-5398 =>  =>  => AV BRASIL VL KENNEDY PROX REDE LIGHT PROC GILBERTO => 01 => 135251 => G.ROUPA FRITZ 6P DANY TB/BR =>  =>  =>  =>  =>  =>  =>  =>  =>  =>  =>  =>  =>  =>  =>  =>  =>  =>  =>  =>  =>  =>  =>  =>  =>  =>  =>  =>  =>  =>  =>  =>  =>  =>  =>  =>  =>  =>  => "

-------------------------------
 
CADASTRO DE CLIENTE
POST => "marta" Data => "2012-07-16 09:49:20", Cadastrou o Cliente de vale 521682 => "INFORMAÇÕES CADASTRADAS => "22 => 20 => 9 => 0 => 0 => 16/07/2012 => 521682 => 179 => 21909 => 12/07/2012 => ANDERSON PEREIRA SANTOS => 76065 => REGINA DE FATIMA DE ASSIS =>  => RUA DAS PEDRAS,0,LT 19 QD 68 =>  =>  => JARDIM BOM PASTOR => BELFORD ROXO =>  => 2788-0743 => 7410-4013 =>  => BARRACA DA OTACILIA PROX AO COLEGIO MARIA DA PAZ FINAL DA CAITIDE => 1 => 138033 => G.ROUPA ARAPLAC 10P ATLAN PLUS TB/AM =>  =>  =>  =>  =>  =>  =>  =>  =>  =>  =>  =>  =>  =>  =>  =>  =>  =>  =>  =>  =>  =>  =>  =>  =>  =>  =>  =>  =>  =>  =>  =>  =>  =>  =>  =>  =>  =>  => "

-------------------------------
 
CADASTRO DE CLIENTE
POST => "marta" Data => "2012-07-16 09:51:18", Cadastrou o Cliente de vale 521760 => "INFORMAÇÕES CADASTRADAS => "22 => 26 => 14 => 0 => 0 => 16/07/2012 => 521760 => 179 => 22287 => 12/07/2012 => ANDERSON PEREIRA SANTOS => 78359 => JOAO CANDIDO DOS SANTOS =>  => FERREIRA VIANA => 364 => CASA => PARQUE DUQUE => DUQUE DE CAXIAS =>  => 9393-8957 =>  =>  => ANTES DA LOCANTY EM FRENTE AO PONTO DE ONIBUS  => 1 => 139500 => ARM.ITAT.3P PREMIUM BR =>  =>  =>  =>  =>  =>  =>  =>  =>  =>  =>  =>  =>  =>  =>  =>  =>  =>  =>  =>  =>  =>  =>  =>  =>  =>  =>  =>  =>  =>  =>  =>  =>  =>  =>  =>  =>  =>  => "

-------------------------------
 
CADASTRO DE CLIENTE
POST => "MIRIAN" Data => "2012-07-16 09:52:01", Cadastrou o Cliente de vale 521893 => "INFORMAÇÕES CADASTRADAS => "11 => 26 => 32 => 0 => 0 => 16/07/2012 => 521893 => 179 => 21851 => 12/07/2012 => LEONARDO OLIVEIRA DE FREITAS => 76527/199 => ELIAS RIBEIRO DA SILVA  => 25040480 => RUA: ÍTALO FERREIRA FRANCO => mz 12 => QD 17 => NOSSA SENHORA DO CARMO => DUQUE DE CAXIAS => RJ => 3684-2212 =>  =>  => ESQUINA COM A LAN HOUSE  NO FINAL DA RUA ITALO FERREIRA FRANCO ULTIMA CASA LADO ESQUERDO  => 01 => 5728 => MESA GRANITO AUSTRALIA 6C RET OURO =>  =>  =>  =>  =>  =>  =>  =>  =>  =>  =>  =>  =>  =>  =>  =>  =>  =>  =>  =>  =>  =>  =>  =>  =>  =>  =>  =>  =>  =>  =>  =>  =>  =>  =>  =>  =>  =>  => "

-------------------------------
 
CADASTRO DE CLIENTE
POST => "marta" Data => "2012-07-16 09:54:33", Cadastrou o Cliente de vale 521789 => "INFORMAÇÕES CADASTRADAS => "22 => 12 => 12 => 0 => 0 => 16/07/2012 => 521789 => 179 => 20769 => 12/07/2012 => LEONARDO OLIVEIRA DE FREITAS => 73671 => TIAGO PEREIRA TELLES =>  => AVENIDA MIRACEMA LT 986 CASA 5 A =>  =>  => VILA LEPOLDINA => DUQUE DE CAXIAS =>  =>  =>  =>  => PROX DO BAR DO MANEL PROX DA IGREJA METODISTA PROC SILVANA => 1 => 139573 => G ROUPA 6P6G VENEZUELA BR /PTO =>  =>  =>  =>  =>  =>  =>  =>  =>  =>  =>  =>  =>  =>  =>  =>  =>  =>  =>  =>  =>  =>  =>  =>  =>  =>  =>  =>  =>  =>  =>  =>  =>  =>  =>  =>  =>  =>  => "

-------------------------------
 
CADASTRO DE CLIENTE
POST => "MIRIAN" Data => "2012-07-16 09:55:13", Cadastrou o Cliente de vale 521894 => "INFORMAÇÕES CADASTRADAS => "11 => 25 => 24 => 0 => 0 => 16/07/2012 => 521894 => 236 => 6366 => 12/07/2012 => EDIR SILVA DOS SANTOS => 82640/199 => MARIA DA CONCEIÇÃO VIEIRA LEAO => 25065030 => RUA: DEPUTADO SÁ REGO => 66 => 16 => VILA SÃO LUÍS => DUQUE DE CAXIAS => RJ => 9187-5402 => 9350-6266 =>  => ATRAS DA FABRICA PORTA CAXIAS LIGAR ANTES CASA VAZIA. => 01 => 138033 => G.ROUPA ARAPLAC 10P ATLAN PLUS TB/AM =>  =>  =>  =>  =>  =>  =>  =>  =>  =>  =>  =>  =>  =>  =>  =>  =>  =>  =>  =>  =>  =>  =>  =>  =>  =>  =>  =>  =>  =>  =>  =>  =>  =>  =>  =>  =>  =>  => "

-------------------------------
 
CADASTRO DE CLIENTE
POST => "marta" Data => "2012-07-16 09:56:59", Cadastrou o Cliente de vale 521858 => "INFORMAÇÕES CADASTRADAS => "22 => 22 => 24 => 0 => 0 => 16/07/2012 => 521858 => 179 => 22090 => 12/07/2012 => LEONARDO OLIVEIRA DE FREITAS => 77082 => GILMAR DAMASIO DOS SANTOS =>  => ESTRADA RIO DE JANEIRO => 29 => QD 10 => PARQUE SAO JOSE => BELFORD ROXO =>  =>  =>  =>  => PROX DO MURO BRANCO EM FRENTE O CIPE 217 PROC GILMAR OU IONE => 1 => 141552 => CJ SALA JANTAR ORTIZ VALENCIA 6C AMEN =>  =>  =>  =>  =>  =>  =>  =>  =>  =>  =>  =>  =>  =>  =>  =>  =>  =>  =>  =>  =>  =>  =>  =>  =>  =>  =>  =>  =>  =>  =>  =>  =>  =>  =>  =>  =>  =>  => "

-------------------------------
 
CADASTRO DE CLIENTE
POST => "MIRIAN" Data => "2012-07-16 09:57:48", Cadastrou o Cliente de vale 604548 => "INFORMAÇÕES CADASTRADAS => "11 => 36 => 5 => 0 => 2 => 16/07/2012 => 604548 => 179 => 604548 => 12/07/2012 =>  =>  => ALINE SANTOS DE SOUZA =>  => RUA DOUTOR JOAO CLEMETINO => 21 => LT21 QD 69 => JARDIM OLAVO BILAC => DUQUE DE CAXIAS => RJ => 8608-1018 =>  =>  => EM FRENTE A BARRACA DO PEDRO NA TOCA DO SIRI PROC SRA MOSAITA.PED.9566 => 01 => 146661 => CJ CAMA ORTOBOM SLEEP SPRING 138X69 =>  =>  =>  =>  =>  =>  =>  =>  =>  =>  =>  =>  =>  =>  =>  =>  =>  =>  =>  =>  =>  =>  =>  =>  =>  =>  =>  =>  =>  =>  =>  =>  =>  =>  =>  =>  =>  =>  => "

-------------------------------
 
CADASTRO DE CLIENTE
POST => "marta" Data => "2012-07-16 10:00:12", Cadastrou o Cliente de vale 521843 => "INFORMAÇÕES CADASTRADAS => "22 => 17 => 22 => 0 => 0 => 16/07/2012 => 521843 => 179 => 23237 => 12/07/2012 => LEONARDO OLIVEIRA DE FREITAS => 82618 => JOAO BATISTA ALVES =>  => BENTO LISBOA  => 34 => CASA => VILA LEPOLDINA => DUQUE DE CAXIAS =>  => 2671-6061 =>  =>  => PROX DA PADARIA VERONA E IGREJA NOSSA SENHORA DE FATIMA PROC JACIRA OU JOAO => 1 => 140391 => G.ROUPA ARAPLAC 8P AUSTRIA TB/BR =>  =>  =>  =>  =>  =>  =>  =>  =>  =>  =>  =>  =>  =>  =>  =>  =>  =>  =>  =>  =>  =>  =>  =>  =>  =>  =>  =>  =>  =>  =>  =>  =>  =>  =>  =>  =>  =>  => "

-------------------------------
 
CADASTRO DE CLIENTE
POST => "marta" Data => "2012-07-16 10:02:31", Cadastrou o Cliente de vale 521842 => "INFORMAÇÕES CADASTRADAS => "22 => 0 => 0 => 0 => 0 => 16/07/2012 => 521842 => 179 => 21274 => 12/07/2012 => LEONARDO OLIVEIRA DE FREITAS => 73693 => VERA LUCIA NOGUEIRA =>  => PAULO DE FRONTIN => 587 =>  => VILA SAO SEBASTIAO => DUQUE DE CAXIAS =>  => 2783-1159 =>  =>  => PROX DA LOJA MOVEIS TENDENCE PROX DA IGREJA SAO SEBASTIAO PROC MARIA HELENA => 1 => 13 =>  =>  =>  =>  =>  =>  =>  =>  =>  =>  =>  =>  =>  =>  =>  =>  =>  =>  =>  =>  =>  =>  =>  =>  =>  =>  =>  =>  =>  =>  =>  =>  =>  =>  =>  =>  =>  =>  => "

-------------------------------
 
CADASTRO DE CLIENTE
POST => "MIRIAN" Data => "2012-07-16 10:03:01", Cadastrou o Cliente de vale 526771 => "INFORMAÇÕES CADASTRADAS => "11 => 17 => 14 => 0 => 2 => 16/07/2012 => 526771 => 180 => 526771 => 12/07/2012 =>  =>  => VERA LUCIA VIANA DE AZEVEDO  =>  => RUA INES  => 322 => CS 03 => PRATA VILA SANTO ANTONIO => NOVA IGUAÇU => RJ => 2661-2036 => 9502-9992 =>  => POSTO 12 SENTIDO BELFORD ROXO EM FRENTE AO CONDOMINIO NOVO QUE ESTA COSNTRUINDO ESQ COM RUABA.PED.34059 => 01 => 10786 => ARM ITAT MAD IPLDA-70 TECNO PTO/LAC => 01 => 10785 => ARM ITAT MAS IPLA-35 TECNO PTO/LACA => 01 => 99076 => ARM ITAT MAD IP HT-105 TECNO B/PT/L => 01 => 10794 => ARM ITAT IPH-70 GAR TEC BR/LA => 01 => 99059 => ARM ITAT MAD IG HT-105 TEC BR/PT/LA =>  =>  =>  =>  =>  =>  =>  =>  =>  =>  =>  =>  =>  =>  =>  =>  =>  =>  =>  =>  =>  =>  =>  =>  =>  =>  =>  =>  =>  =>  => "

-------------------------------
 
ALTERAÇÃO DE CLIENTE
POST => "marta" Data => "2012-07-16 10:03:11", Alterou o Cliente de vale 521842 => "INFORMAÇÕES ALTERADAS => "1 => 4656 => 22 => 29 => 12 => 0 => 0 => 16/07/2012 => 521842 => 179 => 21274 => 12/07/2012 => LEONARDO OLIVEIRA DE FREITAS => 73693 => VERA LUCIA NOGUEIRA =>  => PAULO DE FRONTIN => 587 =>  => VILA SAO SEBASTIAO => DUQUE DE CAXIAS =>  => 2783-1159 =>  =>  => PROX DA LOJA MOVEIS TENDENCE PROX DA IGREJA SAO SEBASTIAO PROC MARIA HELENA =>  => 1 => 135226 => MESA ORTIZ 4C SAFIRA BR/PTO => 0 =>  => 0 =>  => 0 =>  => 0 =>  => 0 =>  => 0 =>  => 0 =>  => 0 =>  => 0 =>  => 0 =>  => 0 =>  => 0 =>  => 0 =>  => 0 =>  => 0 =>  => 0 =>  => 0 =>  => 0 =>  => 0 =>  => "

-------------------------------
 
CADASTRO DE CLIENTE
POST => "luciana" Data => "2012-07-16 10:03:26", Cadastrou o Cliente de vale 35011 => "INFORMAÇÕES CADASTRADAS => "5 => 36 => 8 => 0 => 2 => 16/06/2012 => 35011 => 244 => 35011 => 12/07/2012 =>  =>  => DAIANE ARAUJO GUIMARAES =>  => AURELIA  => 195 =>  => CENTRO => Mesquita =>  => 7733-9954 =>  =>  =>  => 01 => 9302 => KIT COZ KP 6P DELTA COLOR BR/ VD =>  =>  =>  =>  =>  =>  =>  =>  =>  =>  =>  =>  =>  =>  =>  =>  =>  =>  =>  =>  =>  =>  =>  =>  =>  =>  =>  =>  =>  =>  =>  =>  =>  =>  =>  =>  =>  =>  => "

-------------------------------
 
CADASTRO DE CLIENTE
POST => "marta" Data => "2012-07-16 10:05:55", Cadastrou o Cliente de vale 521855 => "INFORMAÇÕES CADASTRADAS => "22 => 0 => 0 => 0 => 0 => 16/07/2012 => 521855 => 179 => 20947 => 12/07/2012 => ANDERSON PEREIRA SANTOS => 73676 => ANDREIA CRISTINA DOS R SILVA =>  => AVENIDA GUANABARA => 589 => CASA 5 => VILA GUANABARA => DUQUE DE CAXIAS =>  => 7351-0151 =>  =>  => ESQUINA COM 14 DE JULHO PROX AO TREILLER DO CID => 1 => 1 =>  =>  =>  =>  =>  =>  =>  =>  =>  =>  =>  =>  =>  =>  =>  =>  =>  =>  =>  =>  =>  =>  =>  =>  =>  =>  =>  =>  =>  =>  =>  =>  =>  =>  =>  =>  =>  =>  => "

-------------------------------
 
ALTERAÇÃO DE CLIENTE
POST => "marta" Data => "2012-07-16 10:06:29", Alterou o Cliente de vale 521855 => "INFORMAÇÕES ALTERADAS => "1 => 4659 => 22 => 26 => 12 => 0 => 0 => 16/07/2012 => 521855 => 179 => 20947 => 12/07/2012 => ANDERSON PEREIRA SANTOS => 73676 => ANDREIA CRISTINA DOS R SILVA =>  => AVENIDA GUANABARA => 589 => CASA 5 => VILA GUANABARA => DUQUE DE CAXIAS =>  => 7351-0151 =>  =>  => ESQUINA COM 14 DE JULHO PROX AO TREILLER DO CID =>  => 1 => 139573 => G ROUPA 6P6G VENEZUELA BR /PTO => 0 =>  => 0 =>  => 0 =>  => 0 =>  => 0 =>  => 0 =>  => 0 =>  => 0 =>  => 0 =>  => 0 =>  => 0 =>  => 0 =>  => 0 =>  => 0 =>  => 0 =>  => 0 =>  => 0 =>  => 0 =>  => 0 =>  => "

-------------------------------
 
CADASTRO DE CLIENTE
POST => "luciana" Data => "2012-07-16 10:06:54", Cadastrou o Cliente de vale 83352 => "INFORMAÇÕES CADASTRADAS => "5 => 16 => 13 => 0 => 2 => 16/07/2012 => 83352 => 169 => 83352 => 12/07/2012 =>  =>  => VASTI LEAL  MARCOLINO =>  => PONINA => 1 =>  => Santa Teresa => Rio de Janeiro =>  => 2502-0322 =>  =>  => PROT:502593 => 01 => 140341 => BICAMA FRITZ TURIM BR/LILAS =>  =>  =>  =>  =>  =>  =>  =>  =>  =>  =>  =>  =>  =>  =>  =>  =>  =>  =>  =>  =>  =>  =>  =>  =>  =>  =>  =>  =>  =>  =>  =>  =>  =>  =>  =>  =>  =>  => "

-------------------------------
 
ALTERAÇÃO DE CLIENTE
POST => "simone" Data => "2012-07-16 10:09:09", Alterou o Cliente de vale 517525 => "INFORMAÇÕES ALTERADAS => "1 => 4436 => 35 => 28 => 29 => 0 => 0 => 04/07/2012 => 517525 => 203 => 84861 => 04/07/2012 => MARCOS MOURA => 534193/199 => EVANDRO GONÇALVES DE OLIVEIRA => 21040011 => RUA AV ERNANI CARDOSO => 217 => BL 2 AP 408 => CASCADURA => RIO DE JANEIRO => RJ => 2229-5913 => 9666-9614 =>  => ENTRE A SARGENTO DE CASCADURA E COLEGIO MV1 => FEITO NA SEXTA 13/06 => 1 => 8323 => RACK SOMOPAR 20000 TB/MP => 0 =>  => 0 =>  => 0 =>  => 0 =>  => 0 =>  => 0 =>  => 0 =>  => 0 =>  => 0 =>  => 0 =>  => 0 =>  => 0 =>  => 0 =>  => 0 =>  => 0 =>  => 0 =>  => 0 =>  => 0 =>  => 0 =>  => "

-------------------------------
 
CADASTRO DE CLIENTE
POST => "marta" Data => "2012-07-16 10:09:26", Cadastrou o Cliente de vale 521870 => "INFORMAÇÕES CADASTRADAS => "22 => 14 => 16 => 0 => 0 => 16/07/2012 => 521870 => 171 => 8197 => 12/07/2012 => PENHA ROSANA DA SILVA CAMPOS => 78056 => DEBORA COUTINHO DE AMORIM =>  => ITAJAI  => 120 => CASA 2 => REALENGO => RIO DE JANEIRO =>  => 8453-2111 =>  =>  => PELA AV BRASIL AO LADO DO ANTIGO POSTO 200 EM FRENTE AO MOTEL NEW STAR PROC FATIMA OU MATHEUS => 1 => 135481 => COZ KIPLAC RENATA PLUS BR/PTO =>  =>  =>  =>  =>  =>  =>  =>  =>  =>  =>  =>  =>  =>  =>  =>  =>  =>  =>  =>  =>  =>  =>  =>  =>  =>  =>  =>  =>  =>  =>  =>  =>  =>  =>  =>  =>  =>  => "

-------------------------------
 
ALTERAÇÃO DE CLIENTE
POST => "simone" Data => "2012-07-16 10:09:49", Alterou o Cliente de vale 517525 => "INFORMAÇÕES ALTERADAS => "1 => 4436 => 35 => 20 => 33 => 0 => 0 => 04/07/2012 => 517525 => 203 => 84861 => 04/07/2012 => MARCOS MOURA => 534193/199 => EVANDRO GONÇALVES DE OLIVEIRA => 21040011 => RUA AV ERNANI CARDOSO => 217 => BL 2 AP 408 => CASCADURA => RIO DE JANEIRO => RJ => 2229-5913 => 9666-9614 =>  => ENTRE A SARGENTO DE CASCADURA E COLEGIO MV1 => FEITO NA SEXTA 13/07 => 1 => 8323 => RACK SOMOPAR 20000 TB/MP => 0 =>  => 0 =>  => 0 =>  => 0 =>  => 0 =>  => 0 =>  => 0 =>  => 0 =>  => 0 =>  => 0 =>  => 0 =>  => 0 =>  => 0 =>  => 0 =>  => 0 =>  => 0 =>  => 0 =>  => 0 =>  => 0 =>  => "

-------------------------------
 
ALTERAÇÃO DE CLIENTE
POST => "ANNE" Data => "2012-07-16 10:10:31", Alterou o Cliente de vale 530038 => "INFORMAÇÕES ALTERADAS => "1 => 4546 => 18 => 20 => 30 => 0 => 2 => 10/07/2012 => 530038 => 244 => 530038 => 09/07/2012 =>  =>  => PAULO AMERICO MACIEL JUNIOR =>  => RUA OTACILIA DIAS PEREIRA => 37 => CASA => CABRAL => NILOPOLIS => RJ => 2792-9077 =>  =>  => PX POSTO DE SAUDE DO CABRAL,PEDIDO: 34844 => FEITO PEDIDO DE PEÇA 16/07! => 1 => 6121 => ESTANTE JB BECHARA 3040 AM /PT => 0 =>  => 0 =>  => 0 =>  => 0 =>  => 0 =>  => 0 =>  => 0 =>  => 0 =>  => 0 =>  => 0 =>  => 0 =>  => 0 =>  => 0 =>  => 0 =>  => 0 =>  => 0 =>  => 0 =>  => 0 =>  => 0 =>  => "

-------------------------------
 
CADASTRO DE CLIENTE
POST => "luciana" Data => "2012-07-16 10:11:20", Cadastrou o Cliente de vale 77079 => "INFORMAÇÕES CADASTRADAS => "5 => 18 => 6 => 0 => 2 => 16/07/2012 => 77079 => 203 => 77079 => 12/07/2012 =>  =>  => KARINA ANDRE LIMA =>  => TRAVESSA SÃO MANUEL  => 31 =>  => JACARE => Rio de Janeiro =>  => 3279-7242 =>  =>  => PROT;526196 => 01 => 9074 => COZINHA COMP COLOR ECLIPSE TOP PTO =>  =>  =>  =>  =>  =>  =>  =>  =>  =>  =>  =>  =>  =>  =>  =>  =>  =>  =>  =>  =>  =>  =>  =>  =>  =>  =>  =>  =>  =>  =>  =>  =>  =>  =>  =>  =>  =>  => "

-------------------------------
 
CADASTRO DE CLIENTE
POST => "marta" Data => "2012-07-16 10:11:49", Cadastrou o Cliente de vale 521864 => "INFORMAÇÕES CADASTRADAS => "22 => 17 => 14 => 0 => 0 => 16/07/2012 => 521864 => 170 => 35549 => 12/07/2012 => FABIO BASTOS PERUSSO => 427400 => DELSO COELHO LUCIANO =>  => ALBANO  => 218 => CASA 35 => PRAÇA SECA => RIO DE JANEIRO =>  => 3017-1856 =>  =>  => DEPOIS DO MERCADO PREMEER => 1 => 140391 => G.ROUPA ARAPLAC 8P AUSTRIA TB/BR =>  =>  =>  =>  =>  =>  =>  =>  =>  =>  =>  =>  =>  =>  =>  =>  =>  =>  =>  =>  =>  =>  =>  =>  =>  =>  =>  =>  =>  =>  =>  =>  =>  =>  =>  =>  =>  =>  => "

-------------------------------
 
CADASTRO DE CLIENTE
POST => "luciana" Data => "2012-07-16 10:13:09", Cadastrou o Cliente de vale 521875 => "INFORMAÇÕES CADASTRADAS => "5 => 30 => 22 => 0 => 0 => 16/07/2012 => 521875 => 238 => 65347 => 12/07/2012 => CARLOS ALBERTO AMORIM  => 60064 => REJANE GONCALVES DA SILVA  => 23033080 => Rua: Chapada dos Guimarães => 308 =>  => Guaratiba => Rio de Janeiro => RJ => 3395-5259 =>  =>  => JARDIM MARAILHA  => 01 => 140391 => G.ROUPA ARAPLAC 8P AUSTRIA TB/BR =>  =>  =>  =>  =>  =>  =>  =>  =>  =>  =>  =>  =>  =>  =>  =>  =>  =>  =>  =>  =>  =>  =>  =>  =>  =>  =>  =>  =>  =>  =>  =>  =>  =>  =>  =>  =>  =>  => "

-------------------------------
 
CADASTRO DE CLIENTE
POST => "marta" Data => "2012-07-16 10:13:51", Cadastrou o Cliente de vale 521759 => "INFORMAÇÕES CADASTRADAS => "22 => 30 => 10 => 0 => 0 => 16/07/2012 => 521759 => 241 => 4725 => 12/07/2012 => ROBSON DO BARCO SANTOS => 72553 => IVANILDO MARCOLINO DE LIMA =>  => CUNHA BARBOSA  => 37 => CASA  => GAMBOA => RIO DE JANEIRO =>  => 2263-7236 =>  =>  => PROX A RADIO TUPI => 1 => 140041 => SAPATEIRA CARRARO MULTI =>  =>  =>  =>  =>  =>  =>  =>  =>  =>  =>  =>  =>  =>  =>  =>  =>  =>  =>  =>  =>  =>  =>  =>  =>  =>  =>  =>  =>  =>  =>  =>  =>  =>  =>  =>  =>  =>  => "

-------------------------------
 
CADASTRO DE CLIENTE
POST => "MIRIAN" Data => "2012-07-16 10:14:38", Cadastrou o Cliente de vale 523760 => "INFORMAÇÕES CADASTRADAS => "11 => 21 => 23 => 2 => 0 => 16/07/2012 => 523760 => 198 => 44052 => 16/07/2012 => ROSIMARI MIRANDA DOS SANTOS => 340496/199 => TANIA MARIA CABRAL => 21655470 => RUA: JOSÉ BOMTEMPO => 37 =>  => ANCHIETA => RIO DE JANEIRO => RJ => 3012-9365 =>  =>  => PROX A IGREJA EVANGELICA E SEGUINDO MOREIRA CESAR INDO PARA JAVATA PROC ANA OU EDSON. => 01 => 140391 => G.ROUPA ARAPLAC 8P AUSTRIA TB/BR =>  =>  =>  =>  =>  =>  =>  =>  =>  =>  =>  =>  =>  =>  =>  =>  =>  =>  =>  =>  =>  =>  =>  =>  =>  =>  =>  =>  =>  =>  =>  =>  =>  =>  =>  =>  =>  =>  => "

-------------------------------
 
CADASTRO DE CLIENTE
POST => "luciana" Data => "2012-07-16 10:16:11", Cadastrou o Cliente de vale 473357 => "INFORMAÇÕES CADASTRADAS => "5 => 17 => 26 => 0 => 0 => 16/07/2012 => 473357 => 172 => 929 => 19/04/2012 => ROBSON CLAYTON DA COSTA SERULO => 14267 => MARIA LUCIA DE SOUZA => 22911300 => LEOPOLDO BULHOES => 64 => CS1 => BENFICA  => Rio de Janeiro =>  => 7239-9892 =>  =>  =>  => 01 => 135481 => COZ KIPLAC RENATA PLUS BR/PTO =>  =>  =>  =>  =>  =>  =>  =>  =>  =>  =>  =>  =>  =>  =>  =>  =>  =>  =>  =>  =>  =>  =>  =>  =>  =>  =>  =>  =>  =>  =>  =>  =>  =>  =>  =>  =>  =>  => "

-------------------------------
 
ALTERAÇÃO DE CLIENTE
POST => "simone" Data => "2012-07-16 10:22:06", Alterou o Cliente de vale 361664 => "INFORMAÇÕES ALTERADAS => "1 => 3959 => 35 => 34 => 30 => 2 => 0 => 28/05/2012 => 361664 => 241 => 34664 => 16/12/2011 => JULIO CESAR VIEIRA SOARES => 411904 => THAYANA DA SILVA MACEDO =>  => DURANTA => 45 =>  => PARQUE ANCHIETA => RIO DE JANEIRO =>  => 3019-0571 => 9291-1906 =>  => PROX A PRAÇA GRANITO E CAIXA DAGUA PROC SR JANETE agend:terça 29/5 RELATORIO ENVIADO P/ MIRIAM DIA 29/5 Luciana  => Email enviado ao naec dia 30-05-12 Camila. 1 LATERAL DIREITA LASCADA. => 1 => 140391 => G.ROUPA ARAPLAC 8P AUSTRIA TB/BR => 0 =>  => 0 =>  => 0 =>  => 0 =>  => 0 =>  => 0 =>  => 0 =>  => 0 =>  => 0 =>  => 0 =>  => 0 =>  => 0 =>  => 0 =>  => 0 =>  => 0 =>  => 0 =>  => 0 =>  => 0 =>  => 0 =>  => "

-------------------------------
 
ALTERAÇÃO DE CLIENTE
POST => "simone" Data => "2012-07-16 10:22:59", Alterou o Cliente de vale 361664 => "INFORMAÇÕES ALTERADAS => "1 => 3959 => 35 => 24 => 27 => 2 => 0 => 28/05/2012 => 361664 => 241 => 34664 => 16/12/2011 => JULIO CESAR VIEIRA SOARES => 411904 => THAYANA DA SILVA MACEDO =>  => DURANTA => 45 =>  => PARQUE ANCHIETA => RIO DE JANEIRO =>  => 3019-0571 => 9291-1906 =>  => PROX A PRAÇA GRANITO E CAIXA DAGUA PROC SR JANETE agend:terça 29/5 RELATORIO ENVIADO P/ MIRIAM DIA 29/5 Luciana  => Email enviado ao naec dia 30-05-12 Camila. 1 LATERAL DIREITA LASCADA.MONTADO COM ASSISTÊNCIA => 1 => 140391 => G.ROUPA ARAPLAC 8P AUSTRIA TB/BR => 0 =>  => 0 =>  => 0 =>  => 0 =>  => 0 =>  => 0 =>  => 0 =>  => 0 =>  => 0 =>  => 0 =>  => 0 =>  => 0 =>  => 0 =>  => 0 =>  => 0 =>  => 0 =>  => 0 =>  => 0 =>  => 0 =>  => "

-------------------------------
 
ALTERAÇÃO DE CLIENTE
POST => "simone" Data => "2012-07-16 11:39:58", Alterou o Cliente de vale 550813 => "INFORMAÇÕES ALTERADAS => "1 => 3247 => 35 => 24 => 26 => 0 => 2 => 10/05/2012 => 550813 => 239 => 550813 => 10/05/2012 =>  =>  => MARLIEUDA FAUSTINO BARBOSA =>  => RUA:MARIO TRILHA => 5 => CASA => ILHA DA CONCEICAO => NITERÓI => RJ => 7711-4415 =>  =>  => PROX AO ESTALEIRO.   CLIENTE NÃO ATENDE TEL ACIMA O 7763.2667 NÃO É DA CLIENTE PASSEI E-MAIL PARA O NAEC DIA 15/5 LUCIANA  => OBS: 7763-2667 NÃO É DA CLIENTE!!!!!! => 1 => 139400 => COL BOX PLUMATEX CINZA 138X52 MOLA => 0 =>  => 0 =>  => 0 =>  => 0 =>  => 0 =>  => 0 =>  => 0 =>  => 0 =>  => 0 =>  => 0 =>  => 0 =>  => 0 =>  => 0 =>  => 0 =>  => 0 =>  => 0 =>  => 0 =>  => 0 =>  => 0 =>  => "

-------------------------------
 
ALTERAÇÃO DE CLIENTE
POST => "simone" Data => "2012-07-16 11:47:50", Alterou o Cliente de vale 518788 => "INFORMAÇÕES ALTERADAS => "1 => 4487 => 35 => 23 => 14 => 2 => 0 => 06/07/2012 => 518788 => 179 => 157099 => 06/07/2012 => IGOR VIEIRA MAGALHAES => 465512/199 => ALEXANDRE NOGUEIRA DE SOUZA => 25225590 => FORTALEZA => 379 =>  => CAMPOS ELISEOS => DUQUE DE CAXIAS => RJ => 9210-4038 =>  =>  =>  => Passei e-mail para o naec nod ia 16/07 solicitando o telefone de contato!!!! => 1 => 8340 => CAMA CS N HORIZ AREZZO TB/BR/MP => 0 =>  => 0 =>  => 0 =>  => 0 =>  => 0 =>  => 0 =>  => 0 =>  => 0 =>  => 0 =>  => 0 =>  => 0 =>  => 0 =>  => 0 =>  => 0 =>  => 0 =>  => 0 =>  => 0 =>  => 0 =>  => 0 =>  => "

-------------------------------
 
ALTERAÇÃO DE CLIENTE
POST => "simone" Data => "2012-07-16 11:48:37", Alterou o Cliente de vale 518788 => "INFORMAÇÕES ALTERADAS => "1 => 4487 => 35 => 23 => 37 => 2 => 0 => 06/07/2012 => 518788 => 179 => 157099 => 06/07/2012 => IGOR VIEIRA MAGALHAES => 465512/199 => ALEXANDRE NOGUEIRA DE SOUZA => 25225590 => FORTALEZA => 379 =>  => CAMPOS ELISEOS => DUQUE DE CAXIAS => RJ => 9210-4038 =>  =>  => SEM REFERENCIAS  => Passei e-mail para o naec nod ia 16/07 solicitando o telefone de contato!!!! => 1 => 8340 => CAMA CS N HORIZ AREZZO TB/BR/MP => 0 =>  => 0 =>  => 0 =>  => 0 =>  => 0 =>  => 0 =>  => 0 =>  => 0 =>  => 0 =>  => 0 =>  => 0 =>  => 0 =>  => 0 =>  => 0 =>  => 0 =>  => 0 =>  => 0 =>  => 0 =>  => 0 =>  => "

-------------------------------
 
ALTERAÇÃO DE CLIENTE
POST => "simone" Data => "2012-07-16 11:54:51", Alterou o Cliente de vale 383422 => "INFORMAÇÕES ALTERADAS => "1 => 3375 => 35 => 22 => 32 => 0 => 0 => 10/05/2012 => 383422 => 238 => 57999 => 09/01/2012 => ZENI FURTADO DE AGUIAR => 444518 / 199 => JOAO SALES DE ANDRADE => 23012320 => RUA: BEBEDOURO => 222 => CASA 2 => SENADOR VASCONCELOS => RIO DE JANEIRO => RJ => 7631-3441 =>  =>  => DEPOIS DA ORIENTAL PRIM A DIREITA PELA AV SAT CRUZ. => END.:RUA BEBEDOURO, 222 CASA 02 SENADOR VASCONCELOS, RIO DE JANEIRO , DEPOIS DA ORIENTAL PRIM A DIREITA PELA AV SAT CRUZ PROC MARTA TEL PARA CONTATO:(21)9292-2012//7631-3445 CLIENTE NÃO ATENDE OS TELS  => 1 => 131284 => BALCAO ARAMOVEIS LIVIA BR/PTO => 0 =>  => 0 =>  => 0 =>  => 0 =>  => 0 =>  => 0 =>  => 0 =>  => 0 =>  => 0 =>  => 0 =>  => 0 =>  => 0 =>  => 0 =>  => 0 =>  => 0 =>  => 0 =>  => 0 =>  => 0 =>  => 0 =>  => "

-------------------------------
 
ALTERAÇÃO DE CLIENTE
POST => "luciana" Data => "2012-07-16 13:23:19", Alterou o Cliente de vale 566105 => "INFORMAÇÕES ALTERADAS => "1 => 4267 => 5 => 12 => 11 => 0 => 2 => 20/06/2012 => 566105 => 197 => 566105 => 15/06/2012 =>  =>  => WAGNER BOECHAT RAMOS =>  => RUA MARIA JOSE => 6 => FDS => ENG DE PEDREIRA => JAPERI => RJ => 7573-3800 =>  =>  => 2 RUA APOS O CIEP 207 =>  => 1 => 138033 => G.ROUPA ARAPLAC 10P ATLAN PLUS TB/AM => 0 =>  => 0 =>  => 0 =>  => 0 =>  => 0 =>  => 0 =>  => 0 =>  => 0 =>  => 0 =>  => 0 =>  => 0 =>  => 0 =>  => 0 =>  => 0 =>  => 0 =>  => 0 =>  => 0 =>  => 0 =>  => 0 =>  => "

-------------------------------
 
ALTERAÇÃO DE CLIENTE
POST => "simone" Data => "2012-07-16 14:19:59", Alterou o Cliente de vale 577346 => "INFORMAÇÕES ALTERADAS => "1 => 4211 => 35 => 42 => 26 => 0 => 2 => 15/06/2012 => 577346 => 243 => 577346 => 12/06/2012 =>  =>  => FELIPE DO NASCIMENTO ANDRADE =>  => RUA 14 => 256 => SOBRADO => VILA SAO JOAO => SAO JOAO DE MERITI => RJ => 8318-8044 => 8038-2574 =>  => EM CIMA DO RESTAURANTE DA VILA EM FRENTE A DPO-PED.543 => Endererço não localizado => 1 => 136543 => COZINHA  LUCIANE DAKAR CHAMP/NOG => 1 => 5730 => MESA GRANITO LIVIA 4C QUAD NAP/PTO => 0 =>  => 0 =>  => 0 =>  => 0 =>  => 0 =>  => 0 =>  => 0 =>  => 0 =>  => 0 =>  => 0 =>  => 0 =>  => 0 =>  => 0 =>  => 0 =>  => 0 =>  => 0 =>  => 0 =>  => 0 =>  => "

-------------------------------
 
ALTERAÇÃO DE CLIENTE
POST => "simone" Data => "2012-07-16 14:20:16", Alterou o Cliente de vale 577346 => "INFORMAÇÕES ALTERADAS => "1 => 4211 => 35 => 31 => 33 => 0 => 2 => 15/06/2012 => 577346 => 243 => 577346 => 12/06/2012 =>  =>  => FELIPE DO NASCIMENTO ANDRADE =>  => RUA 14 => 256 => SOBRADO => VILA SAO JOAO => SAO JOAO DE MERITI => RJ => 8318-8044 => 8038-2574 =>  => EM CIMA DO RESTAURANTE DA VILA EM FRENTE A DPO-PED.543 => Endererço não localizado, cliente não atende o telefone  => 1 => 136543 => COZINHA  LUCIANE DAKAR CHAMP/NOG => 1 => 5730 => MESA GRANITO LIVIA 4C QUAD NAP/PTO => 0 =>  => 0 =>  => 0 =>  => 0 =>  => 0 =>  => 0 =>  => 0 =>  => 0 =>  => 0 =>  => 0 =>  => 0 =>  => 0 =>  => 0 =>  => 0 =>  => 0 =>  => 0 =>  => 0 =>  => 0 =>  => "

-------------------------------
 
ALTERAÇÃO DE CLIENTE
POST => "simone" Data => "2012-07-16 14:23:00", Alterou o Cliente de vale 583889 => "INFORMAÇÕES ALTERADAS => "1 => 4216 => 35 => 31 => 19 => 0 => 2 => 15/06/2012 => 583889 => 243 => 583889 => 13/06/2012 =>  =>  => LILIAN NASCIMENTO DOS SANTOS =>  => RUA DOUTOR ALARICO => 125 =>  => PARQUE SAO BENTO => BELFORD ROXO => RJ => 7564-9486 =>  =>  => PROX A PADARIA SUBINDO A RUA DO BARRINHO NO MORR D KISUQUE PROC FELIPE => OBS:CLIENTE NÃO ATENDE O TELEFONE  => 1 => 5724 => CJ SALA DE JANTAR ORTIZ VALEN 6C TB => 0 =>  => 0 =>  => 0 =>  => 0 =>  => 0 =>  => 0 =>  => 0 =>  => 0 =>  => 0 =>  => 0 =>  => 0 =>  => 0 =>  => 0 =>  => 0 =>  => 0 =>  => 0 =>  => 0 =>  => 0 =>  => 0 =>  => "

-------------------------------
 
ALTERAÇÃO DE CLIENTE
POST => "simone" Data => "2012-07-16 15:34:38", Alterou o Cliente de vale 550813 => "INFORMAÇÕES ALTERADAS => "1 => 3247 => 35 => 25 => 13 => 0 => 2 => 10/05/2012 => 550813 => 239 => 550813 => 10/05/2012 =>  =>  => MARLIEUDA FAUSTINO BARBOSA =>  => RUA:MARIO TRILHA => 5 => CASA => ILHA DA CONCEICAO => NITERÓI => RJ => 3604-2842 => 8715-6499 =>  => PROX AO ESTALEIRO.   CLIENTE NÃO ATENDE TEL ACIMA O 7763.2667 NÃO É DA CLIENTE PASSEI E-MAIL PARA O NAEC DIA 15/5 LUCIANA  => OBS: 7763-2667 NÃO É DA CLIENTE!!!!!! => 1 => 139400 => COL BOX PLUMATEX CINZA 138X52 MOLA => 0 =>  => 0 =>  => 0 =>  => 0 =>  => 0 =>  => 0 =>  => 0 =>  => 0 =>  => 0 =>  => 0 =>  => 0 =>  => 0 =>  => 0 =>  => 0 =>  => 0 =>  => 0 =>  => 0 =>  => 0 =>  => 0 =>  => "

-------------------------------
 
ALTERAÇÃO DE CLIENTE
POST => "MIRIAN" Data => "2012-07-16 16:00:08", Alterou o Cliente de vale 521537 => "INFORMAÇÕES ALTERADAS => "1 => 4616 => 11 => 32 => 14 => 2 => 0 => 11/07/2012 => 521537 => 173 => 23274 => 11/07/2012 => LIDIA DA SILVA SANTOS => 228714/199 => JOSE ALEXANDRE POLICARPO => 21910130 => RUA: DOUTOR BERNARDINO GOMES => 250 =>  => BANCÁRIOS => RIO DE JANEIRO => RJ => 8105-5582 =>  =>  => PROX A CRECHE DO BARAO PROC DONA CELIA OU JOISE ALEXANDRE => Agendado p/18/07/12 => 1 => 5730 => MESA GRANITO LIVIA 4C QUAD NAP/PTO => 0 =>  => 0 =>  => 0 =>  => 0 =>  => 0 =>  => 0 =>  => 0 =>  => 0 =>  => 0 =>  => 0 =>  => 0 =>  => 0 =>  => 0 =>  => 0 =>  => 0 =>  => 0 =>  => 0 =>  => 0 =>  => 0 =>  => "

-------------------------------
