 
ALTERAÇÃO DE CLIENTE
POST => "MIRIAN" Data => "2012-08-28 10:02:20", Alterou o Cliente de vale 547048 => "INFORMAÇÕES ALTERADAS => "1 => 5020 => 11 => 14 => 27 => 0 => 0 => 21/08/2012 => 547048 => 179 => 18126 => 21/08/2012 => ANDERSONPEREIRA SANTOS => 66633/199 => RAFAELE SENA => 25046230 => RUA: ITAITUBA => lt 04 =>  => NOSSA SENHORA DAS GRAÇAS => DUQUE DE CAXIAS => RJ => 9103-0924 =>  =>  => PROC LAUDACI RODRIGUES VALDINHEIRO PROX A  BARRACA DA CONFIRMEI COM O CLIENTE PARA SEGUNDA 27/08 LUCIANA  => MONTAGEM CONCLUIDA 27/08/12. => 1 => 140391 => G.ROUPA ARAPLAC 8P AUSTRIA TB/BR => 0 =>  => 0 =>  => 0 =>  => 0 =>  => 0 =>  => 0 =>  => 0 =>  => 0 =>  => 0 =>  => 0 =>  => 0 =>  => 0 =>  => 0 =>  => 0 =>  => 0 =>  => 0 =>  => 0 =>  => 0 =>  => 0 =>  => "

-------------------------------
 
ALTERAÇÃO DE CLIENTE
POST => "MIRIAN" Data => "2012-08-28 10:12:56", Alterou o Cliente de vale 539487 => "INFORMAÇÕES ALTERADAS => "1 => 5022 => 11 => 34 => 20 => 0 => 0 => 21/08/2012 => 539487 => 179 => 18258 => 10/08/2012 => ANDERSON PEREIRA SANTOS => 66596/199 => DANIELE DA COSTA ALVES => 25253620 => RUA: JOÃO AIRES => 80 =>  => SANTO ANTÔNIO => DUQUE DE CAXIAS => RJ =>  =>  =>  => SERÁ FEITO ATÉ 30/08/12.MIRIAN =>  => 1 => 141552 => CJ SALA JANTAR ORTIZ VALENCIA 6C AMEN => 0 =>  => 0 =>  => 0 =>  => 0 =>  => 0 =>  => 0 =>  => 0 =>  => 0 =>  => 0 =>  => 0 =>  => 0 =>  => 0 =>  => 0 =>  => 0 =>  => 0 =>  => 0 =>  => 0 =>  => 0 =>  => 0 =>  => "

-------------------------------
 
ALTERAÇÃO DE CLIENTE
POST => "luciana" Data => "2012-08-28 10:24:03", Alterou o Cliente de vale 547048 => "INFORMAÇÕES ALTERADAS => "1 => 5020 => 5 => 33 => 27 => 0 => 0 => 21/08/2012 => 547048 => 179 => 18126 => 21/08/2012 => ANDERSONPEREIRA SANTOS => 66633/199 => RAFAELE SENA => 25046230 => RUA: ITAITUBA => lt 04 =>  => NOSSA SENHORA DAS GRAÇAS => DUQUE DE CAXIAS => RJ => 9103-0924 =>  =>  => PROC LAUDACI RODRIGUES VALDINHEIRO PROX A  BARRACA DA CONFIRMEI COM O CLIENTE PARA SEGUNDA 27/08 LUCIANA  => 27/08/12.FEITO O PEDIDO DE PEÇAS DIA 28/8 E-MAIL ENVIADO PARA LIDIANE E WAGNER LUCIANA  => 1 => 140391 => G.ROUPA ARAPLAC 8P AUSTRIA TB/BR => 0 =>  => 0 =>  => 0 =>  => 0 =>  => 0 =>  => 0 =>  => 0 =>  => 0 =>  => 0 =>  => 0 =>  => 0 =>  => 0 =>  => 0 =>  => 0 =>  => 0 =>  => 0 =>  => 0 =>  => 0 =>  => 0 =>  => "

-------------------------------
 
ALTERAÇÃO DE CLIENTE
POST => "luciana" Data => "2012-08-28 10:29:28", Alterou o Cliente de vale 582925 => "INFORMAÇÕES ALTERADAS => "1 => 4685 => 5 => 17 => 11 => 0 => 2 => 17/07/2012 => 582925 => RE => 582925 => 16/07/2012 =>  =>  => IRRONA LUCIANO LUCAS =>  => VILMA => 40 => CASA 10 FDS => PARQUE FLUMINENSE => DUQUE DE CAXIAS =>  => 2699-3745 =>  =>  => PROX A BARRACA DO SR MAURINO RUA SEM SAÍDA PROC PASTOR FELIX PROX AO COLEGIO MINAS GERAIS SUBINDO => FEITO O PEDIDO DE PEÇAS DIA 28/8 E-MAIL ENVIADO PARA LIDIANE E WAGNER LUCIANA  => 1 => 138036 => G.ROUPA ARAPLAC 3P BARC PLUS TB/BR => 0 =>  => 0 =>  => 0 =>  => 0 =>  => 0 =>  => 0 =>  => 0 =>  => 0 =>  => 0 =>  => 0 =>  => 0 =>  => 0 =>  => 0 =>  => 0 =>  => 0 =>  => 0 =>  => 0 =>  => 0 =>  => 0 =>  => "

-------------------------------
 
ALTERAÇÃO DE CLIENTE
POST => "luciana" Data => "2012-08-28 11:08:54", Alterou o Cliente de vale 526319 => "INFORMAÇÕES ALTERADAS => "1 => 4802 => 5 => 14 => 6 => 0 => 0 => 26/07/2012 => 526319 => 230 => 70664 => 19/07/2012 => EDMILON SILVA LUZ => 347637 => FLAVIA ALVES BEZERRA =>  => LADARIO => 285 => CASA => COSMOS => RIO DE JANEIRO =>  => 7732-7847 =>  =>  => ESTRADA  DO CAMPINHO SANTA MARGARIDA ENT POSTO PRETO VELHO PROX A PRAÇA DO CRUZ AGENDADA PARA QUARTA 29/8 CNFIRMEI COM JANDIRA LUCIANA  => ESTRADA  DO CAMPINHO SANTA MARGARIDA ENT POSTO PRETO VELHO PROX A PRAÇA DO CRUZ => 1 => 100136 => COZINHA ITAT DAYANE BR => 0 =>  => 0 =>  => 0 =>  => 0 =>  => 0 =>  => 0 =>  => 0 =>  => 0 =>  => 0 =>  => 0 =>  => 0 =>  => 0 =>  => 0 =>  => 0 =>  => 0 =>  => 0 =>  => 0 =>  => 0 =>  => 0 =>  => "

-------------------------------
 
ALTERAÇÃO DE CLIENTE
POST => "luciana" Data => "2012-08-28 11:09:18", Alterou o Cliente de vale 526319 => "INFORMAÇÕES ALTERADAS => "1 => 4802 => 5 => 24 => 19 => 0 => 0 => 26/07/2012 => 526319 => 230 => 70664 => 19/07/2012 => EDMILON SILVA LUZ => 347637 => FLAVIA ALVES BEZERRA =>  => LADARIO => 285 => CASA => COSMOS => RIO DE JANEIRO =>  => 7732-7847 =>  =>  => ESTRADA  DO CAMPINHO SANTA MARGARIDA ENT POSTO PRETO VELHO PROX A PRAÇA DO CRUZ AGENDADA PARA QUARTA 29/8 CONFIRMEI COM JANDIRA LUCIANA  => ESTRADA  DO CAMPINHO SANTA MARGARIDA ENT POSTO PRETO VELHO PROX A PRAÇA DO CRUZ => 1 => 100136 => COZINHA ITAT DAYANE BR => 0 =>  => 0 =>  => 0 =>  => 0 =>  => 0 =>  => 0 =>  => 0 =>  => 0 =>  => 0 =>  => 0 =>  => 0 =>  => 0 =>  => 0 =>  => 0 =>  => 0 =>  => 0 =>  => 0 =>  => 0 =>  => 0 =>  => "

-------------------------------
 
ALTERAÇÃO DE CLIENTE
POST => "luciana" Data => "2012-08-28 11:31:33", Alterou o Cliente de vale 526319 => "INFORMAÇÕES ALTERADAS => "1 => 4802 => 5 => 26 => 18 => 0 => 0 => 26/07/2012 => 526319 => 230 => 70664 => 19/07/2012 => EDMILON SILVA LUZ => 347637 => FLAVIA ALVES BEZERRA =>  => LADARIO => 285 => CASA => COSMOS => RIO DE JANEIRO =>  => 7732-7847 =>  =>  => ESTRADA  DO CAMPINHO SANTA MARGARIDA ENT POSTO PRETO VELHO PROX A PRAÇA DO CRUZ AGENDADA PARA TERÇA 27/8 CONFIRMEI COM JANDIRA LUCIANA  => ESTRADA  DO CAMPINHO SANTA MARGARIDA ENT POSTO PRETO VELHO PROX A PRAÇA DO CRUZ => 1 => 100136 => COZINHA ITAT DAYANE BR => 0 =>  => 0 =>  => 0 =>  => 0 =>  => 0 =>  => 0 =>  => 0 =>  => 0 =>  => 0 =>  => 0 =>  => 0 =>  => 0 =>  => 0 =>  => 0 =>  => 0 =>  => 0 =>  => 0 =>  => 0 =>  => 0 =>  => "

-------------------------------
 
ALTERAÇÃO DE CLIENTE
POST => "luciana" Data => "2012-08-28 11:31:45", Alterou o Cliente de vale 526319 => "INFORMAÇÕES ALTERADAS => "1 => 4802 => 5 => 30 => -1 => 0 => 0 => 26/07/2012 => 526319 => 230 => 70664 => 19/07/2012 => EDMILON SILVA LUZ => 347637 => FLAVIA ALVES BEZERRA =>  => LADARIO => 285 => CASA => COSMOS => RIO DE JANEIRO =>  => 7732-7847 =>  =>  => ESTRADA  DO CAMPINHO SANTA MARGARIDA ENT POSTO PRETO VELHO PROX A PRAÇA DO CRUZ AGENDADA PARA TERÇA 28/8 CONFIRMEI COM JANDIRA LUCIANA  => ESTRADA  DO CAMPINHO SANTA MARGARIDA ENT POSTO PRETO VELHO PROX A PRAÇA DO CRUZ => 1 => 100136 => COZINHA ITAT DAYANE BR => 0 =>  => 0 =>  => 0 =>  => 0 =>  => 0 =>  => 0 =>  => 0 =>  => 0 =>  => 0 =>  => 0 =>  => 0 =>  => 0 =>  => 0 =>  => 0 =>  => 0 =>  => 0 =>  => 0 =>  => 0 =>  => 0 =>  => "

-------------------------------
 
CADASTRO DE CLIENTE
POST => "MIRIAN" Data => "2012-08-28 12:03:47", Cadastrou o Cliente de vale 382632 => "INFORMAÇÕES CADASTRADAS => "11 => 8 => 15 => 2 => 0 => 28/08/2012 => 382632 => 243 => 54027 => 07/01/2012 => ANDREWS DE OLIVEIRA NEY => 443321/199 => ADRIANA GOMES BRITO => 26291446 => :RUA PARAISO  => qd 108 => LT 12 => CABUÇU => NOVA IGUAÇU => RJ => 2767-3856 =>  =>  => PERTO DO CAMPO DO PROFESSOR => 01 => 136651 => COZINHA TELASSUL CRISTAL 80123 BR =>  =>  =>  =>  =>  =>  =>  =>  =>  =>  =>  =>  =>  =>  =>  =>  =>  =>  =>  =>  =>  =>  =>  =>  =>  =>  =>  =>  =>  =>  =>  =>  =>  =>  =>  =>  =>  =>  => "

-------------------------------
 
ALTERAÇÃO DE CLIENTE
POST => "MIRIAN" Data => "2012-08-28 15:21:53", Alterou o Cliente de vale 548607 => "INFORMAÇÕES ALTERADAS => "1 => 5044 => 11 => 41 => 16 => 2 => 0 => 23/08/2012 => 548607 => 230 => 22288 => 22/08/2012 => EDESIO RODRIGUES COELHO => 61331/s => SILVANA ROCHA CAETANO DE ABREU => 23520240 => MANOEL BOTELHO => 45 =>  => GUARATIBA => RIO DE JANEIRO => RJ =>  =>  =>  => PELA ESTRADA DO PIAI PROX AO MERCADO POLISUPER AO LADO DO LAVA JATO DOIS IRMÃOS => ag.29/08/12 => 1 => 8981 => G. ROUPA MOVAL 6P40065 COL PLUS  TB/BR => 0 =>  => 0 =>  => 0 =>  => 0 =>  => 0 =>  => 0 =>  => 0 =>  => 0 =>  => 0 =>  => 0 =>  => 0 =>  => 0 =>  => 0 =>  => 0 =>  => 0 =>  => 0 =>  => 0 =>  => 0 =>  => 0 =>  => "

-------------------------------
 
ALTERAÇÃO DE CLIENTE
POST => "MIRIAN" Data => "2012-08-28 15:27:52", Alterou o Cliente de vale 382632 => "INFORMAÇÕES ALTERADAS => "1 => 5080 => 11 => 33 => 20 => 2 => 0 => 28/08/2012 => 382632 => 243 => 54027 => 07/01/2012 => ANDREWS DE OLIVEIRA NEY => 443321/199 => ADRIANA GOMES BRITO => 26291446 => :RUA PARAISO => qd 108 => LT 12 => CABUÇU => NOVA IGUAÇU => RJ => 2767-3856 =>  =>  => PERTO DO CAMPO DO PROFESSOR => ag.28/08/12 => 1 => 136651 => COZINHA TELASSUL CRISTAL 80123 BR => 0 =>  => 0 =>  => 0 =>  => 0 =>  => 0 =>  => 0 =>  => 0 =>  => 0 =>  => 0 =>  => 0 =>  => 0 =>  => 0 =>  => 0 =>  => 0 =>  => 0 =>  => 0 =>  => 0 =>  => 0 =>  => 0 =>  => "

-------------------------------
