 
ALTERAÇÃO DE CLIENTE
POST => "camila" Data => "2012-06-01 08:38:27", Alterou o Cliente de vale 450442 => "INFORMAÇÕES ALTERADAS => "1 => 3957 => 6 => 36 => 24 => 0 => 0 => 28/05/2012 => 450442 => 197 => 55318 => 24/03/2012 => LEANDRO GONSALVES RODRIGUES =>  => ROSANGELA MAGALHAES =>  => ALBERTO BRIGADAO => 78 => CASA 03 => AREIA BRANCA => BELFORD ROXO =>  => 26636708  => 7474-0124 =>  => PROX A BARRACA DO ZE BRA  RELATORIO ENVIADO P/ MIRIAM  => Email enviado ao naec dia 31-05-12 Camila => 1 => 135481 => COZ KIPLAC RENATA PLUS BR/PTO => 0 =>  => 0 =>  => 0 =>  => 0 =>  => 0 =>  => 0 =>  => 0 =>  => 0 =>  => 0 =>  => 0 =>  => 0 =>  => 0 =>  => 0 =>  => 0 =>  => 0 =>  => 0 =>  => 0 =>  => 0 =>  => 0 =>  => "

-------------------------------
 
ALTERAÇÃO DE CLIENTE
POST => "suzi" Data => "2012-06-01 08:53:27", Alterou o Cliente de vale 569085 => "INFORMAÇÕES ALTERADAS => "1 => 3854 => 3 => 38 => 23 => 0 => 2 => 23/05/2012 => 569085 => 172 => 569085 => 23/05/2012 =>  =>  => JORGE ALVES FERREIRA =>  => RUA MANOEL FALCAO A MARANHÃO => cs 02 =>  => MANGUINHOS => RIO DE JANEIRO => RJ => 3109-6462 =>  =>  =>  => AGENDADO PARA HOJE 01/06- Confirmado com o cliente. encaminhado para camila. => 1 => 16382 => COMODA RACK KIPLAC TORRE TB/BR => 0 =>  => 0 =>  => 0 =>  => 0 =>  => 0 =>  => 0 =>  => 0 =>  => 0 =>  => 0 =>  => 0 =>  => 0 =>  => 0 =>  => 0 =>  => 0 =>  => 0 =>  => 0 =>  => 0 =>  => 0 =>  => 0 =>  => "

-------------------------------
 
ALTERAÇÃO DE CLIENTE
POST => "suzi" Data => "2012-06-01 08:57:33", Alterou o Cliente de vale 502534 => "INFORMAÇÕES ALTERADAS => "1 => 3343 => 3 => 33 => 18 => 0 => 2 => 11/05/2012 => 502534 => WA => 502534 => 09/05/2012 =>  =>  => ANTONIO IVAN RODRIGUES DIOGO =>  => TRAVESSA JACARE => 75 =>  => JACARÉ => RIO DE JANEIRO =>  => 2201-8622 =>  =>  => CONFIRMEI COM O CLIENTE PARA QUINTA 17/5 LUCIANA  => acabamento quebrado. 28/05. revisão ok. => 1 => 140391 => G.ROUPA ARAPLAC 10P AUSTRIA TB/BR => 0 =>  => 0 =>  => 0 =>  => 0 =>  => 0 =>  => 0 =>  => 0 =>  => 0 =>  => 0 =>  => 0 =>  => 0 =>  => 0 =>  => 0 =>  => 0 =>  => 0 =>  => 0 =>  => 0 =>  => 0 =>  => 0 =>  => "

-------------------------------
 
ALTERAÇÃO DE CLIENTE
POST => "ANNE" Data => "2012-06-01 09:51:49", Alterou o Cliente de vale 479908 => "INFORMAÇÕES ALTERADAS => "1 => 3039 => 18 => 22 => 25 => 0 => 0 => 04/05/2012 => 479908 => 274 => 13435 => 02/05/2012 => LUCIANA HELENA NASCIMENTO DINIZ => 523353 => MARIA APARECIDA OLIVEIRA VENTURA =>  => VEREADOR ANTONIO JOSE PEREIRA DA SILVA => 199 => CASA => BARBUCA => MAGE =>  => 8669-9091 =>  =>  => EM FRENTE A BARRACA DO AÇAI CLAUDIA OU DOLIZIA CONFIRMEI COM A CLIENTE PARA QUARTA  FEIRA 16/5 RELATÓRIO ENVIADO PARA MIRIAM DIA 25/5 LUCIANA  LUCIANA  => FEITO PEDIDO DE PEÇA 01/06! => 1 => 9302 => KIT COZ KP 6P DELTA COLOR BR/ VD => 1 => 5733 => MESA MARMORE LIVIA 4C QUA VERDE => 0 =>  => 0 =>  => 0 =>  => 0 =>  => 0 =>  => 0 =>  => 0 =>  => 0 =>  => 0 =>  => 0 =>  => 0 =>  => 0 =>  => 0 =>  => 0 =>  => 0 =>  => 0 =>  => 0 =>  => 0 =>  => "

-------------------------------
 
CADASTRO DE CLIENTE
POST => "marta" Data => "2012-06-01 10:17:07", Cadastrou o Cliente de vale 498768 => "INFORMAÇÕES CADASTRADAS => "22 => 32 => 13 => 0 => 1 => 01/06/2012 => 498768 => 253 => 1440 => 31/05/2012 => JOCIVALO PEREIRA DA SILVA => 56688 => JOAO FRANCISCO RIBEIRO DE ALME =>  => DOS MOTORISTAS => 9 => CASA A => JARDIM ESPERANÇA => CABO FRIO =>  => 9262-8721 => 2629-0340 =>  => TROCA COM RECOLHIMENTO EM FRENTE IGREJA METODISTA PROX PIZZARIA  => 1 => 138033 => G.ROUPA ARAPLAC 10P ATLAN PLUS TB/AM =>  =>  =>  =>  =>  =>  =>  =>  =>  =>  =>  =>  =>  =>  =>  =>  =>  =>  =>  =>  =>  =>  =>  =>  =>  =>  =>  =>  =>  =>  =>  =>  =>  =>  =>  =>  =>  =>  => "

-------------------------------
 
CADASTRO DE CLIENTE
POST => "marta" Data => "2012-06-01 10:21:35", Cadastrou o Cliente de vale 14400 => "INFORMAÇÕES CADASTRADAS => "22 => 41 => 20 => 0 => 0 => 01/06/2012 => 14400 => 253 => 14400 => 31/05/2212 => JOCIVALO PEREIRA DA SILVA => 56688 => JOAO FRANCISCO RIBEIRO DE ALME =>  => DOS MOTORISTAS => 9 => CASA A => JARIM ESPERANÇA => CABO FRIO =>  => 9262-8721 =>  =>  => TROCA COM RECOLHIMENTO EM FRENTE A IGREJA METODISTA PROX PIZZARIA 26290340 => 1 => 138033 => G.ROUPA ARAPLAC 10P ATLAN PLUS TB/AM =>  =>  =>  =>  =>  =>  =>  =>  =>  =>  =>  =>  =>  =>  =>  =>  =>  =>  =>  =>  =>  =>  =>  =>  =>  =>  =>  =>  =>  =>  =>  =>  =>  =>  =>  =>  =>  =>  => "

-------------------------------
 
ALTERAÇÃO DE CLIENTE
POST => "simone" Data => "2012-06-01 10:23:13", Alterou o Cliente de vale 477303 => "INFORMAÇÕES ALTERADAS => "1 => 2912 => 35 => 26 => 33 => 0 => 0 => 26/04/2012 => 477303 => 179 => 3193 => 26/04/2012 => ANDERSON PEREIRA SANTOS => 14414/199 => ADILSON PEREZ DA SILVA => 21250240 => RUA: GENERAL CARVALHO => 1299 =>  => CORDOVIL => RIO DE JANEIRO => RJ => 3352-2380 =>  =>  =>  => OBS: CLIENTE NÃO ATENDE O TEL AS 10:27.SIMONE => 1 => 132414 => RACK DJ FLASH IMB/PTO => 0 =>  => 0 =>  => 0 =>  => 0 =>  => 0 =>  => 0 =>  => 0 =>  => 0 =>  => 0 =>  => 0 =>  => 0 =>  => 0 =>  => 0 =>  => 0 =>  => 0 =>  => 0 =>  => 0 =>  => 0 =>  => 0 =>  => "

-------------------------------
 
ALTERAÇÃO DE CLIENTE
POST => "simone" Data => "2012-06-01 10:26:35", Alterou o Cliente de vale 477265 => "INFORMAÇÕES ALTERADAS => "1 => 2917 => 35 => 28 => 31 => 0 => 0 => 28/04/2012 => 477265 => 230 => 86008 => 26/04/2012 => EDMILSON SILVA LUZ => 506800/199 => VALDECI MQARCELINO JR => 23098006 => ESTRADA: SETE RIACHOS => 1515 => LT 16 QD E => SANTÍSSIMO => RIO DE JANEIRO => RJ => 8405-1644 =>  =>  => ESTR 7 RAICHOS BAIRRO COQUEIRO NA RUA PONTO FINAL ONIBUS 395 => OBS: TEL ESTA FORA DE AREA AS 10:30 PARA SABER SE FOI MONTADO. => 1 => 138036 => G.ROUPA ARAPLAC 3P BARC PLUS TB/BR => 0 =>  => 0 =>  => 0 =>  => 0 =>  => 0 =>  => 0 =>  => 0 =>  => 0 =>  => 0 =>  => 0 =>  => 0 =>  => 0 =>  => 0 =>  => 0 =>  => 0 =>  => 0 =>  => 0 =>  => 0 =>  => 0 =>  => "

-------------------------------
 
CADASTRO DE CLIENTE
POST => "marta" Data => "2012-06-01 10:26:47", Cadastrou o Cliente de vale 498770 => "INFORMAÇÕES CADASTRADAS => "22 => 40 => 19 => 0 => 0 => 01/06/2012 => 498770 => 253 => 15298 => 31/05/2012 => PAUO ROGERIO DE SOUZA => 108636 => PAULO ROGERIO DE SOUZA =>  => AVENIDA TEIXEIRA E SOUZA => 10 => CASA => SAO CRISTOVAO => CABO FRIO =>  => 9254-1640 =>  =>  => ENTRAR NA ESTRADA DE BUZIOS DEPOIS DA PADARIA PORTO PERTO DO CAMPO REAL DA TIMUMA BARBEARIA DO EDER  => 1 => 136216 => G.ROUPA MOVAL 6P PARIS TB/BR =>  =>  =>  =>  =>  =>  =>  =>  =>  =>  =>  =>  =>  =>  =>  =>  =>  =>  =>  =>  =>  =>  =>  =>  =>  =>  =>  =>  =>  =>  =>  =>  =>  =>  =>  =>  =>  =>  => "

-------------------------------
 
ALTERAÇÃO DE CLIENTE
POST => "ANNE" Data => "2012-06-01 10:55:14", Alterou o Cliente de vale 498770 => "INFORMAÇÕES ALTERADAS => "1 => 4020 => 18 => 23 => 9 => 0 => 0 => 01/06/2012 => 498770 => 253 => 15298 => 31/05/2012 => PAUO ROGERIO DE SOUZA => 108636 => PAULO ROGERIO DE SOUZA =>  => AVENIDA TEIXEIRA E SOUZA => 10 => CASA => SAO CRISTOVAO => CABO FRIO =>  => 9254-1640 =>  =>  => ENTRAR NA ESTRADA DE BUZIOS DEPOIS DA PADARIA PORTO PERTO DO CAMPO REAL DA TIMUMA BARBEARIA DO EDER => FEITO PEDIDO DE PEÇA 01/06! => 1 => 136216 => G.ROUPA MOVAL 6P PARIS TB/BR => 0 =>  => 0 =>  => 0 =>  => 0 =>  => 0 =>  => 0 =>  => 0 =>  => 0 =>  => 0 =>  => 0 =>  => 0 =>  => 0 =>  => 0 =>  => 0 =>  => 0 =>  => 0 =>  => 0 =>  => 0 =>  => 0 =>  => "

-------------------------------
 
ALTERAÇÃO DE CLIENTE
POST => "simone" Data => "2012-06-01 10:58:42", Alterou o Cliente de vale 534564 => "INFORMAÇÕES ALTERADAS => "1 => 3142 => 35 => 18 => 23 => 0 => 2 => 08/05/2012 => 534564 => 274 => 534564 => 07/05/2012 =>  =>  => THAMIRES DA SILVA ROCHA =>  => RUA 03 => 240 =>  => VILA ESPERANÇA => MAGE => RJ => 3630-0711 => 8670-1791 =>  => NA SUBIDA DA RUA DA IGREJA BATISTA => AGEN A REVISÃO PARA DIA 04/06/2012 COM VALMIR  => 1 => 140391 => G.ROUPA ARAPLAC 8P AUSTRIA TB/BR => 0 =>  => 0 =>  => 0 =>  => 0 =>  => 0 =>  => 0 =>  => 0 =>  => 0 =>  => 0 =>  => 0 =>  => 0 =>  => 0 =>  => 0 =>  => 0 =>  => 0 =>  => 0 =>  => 0 =>  => 0 =>  => 0 =>  => "

-------------------------------
 
ALTERAÇÃO DE CLIENTE
POST => "ANNE" Data => "2012-06-01 11:02:06", Alterou o Cliente de vale 276810 => "INFORMAÇÕES ALTERADAS => "1 => 3733 => 18 => 35 => 27 => 2 => 0 => 14/05/2012 => 276810 => 232 => 14765 => 19/09/2012 => IGOR JORGE DA SILVA ALVES => 302873/199 => FLAVIO DOS SANTOS => 28900001 => RUA T => 484 =>  => UNAMAR => CABO FRIO => RJ => 2630-0968 =>  =>  => DDD.22 RUA DO CLEGIO AMELIA => DEFEITO: PRODUTO FOI MONTADO,	
SÓ QUE NÃO TEVE CONDIÇÕES DE SE 	
MONTADO FOI ARMARIO TRIDIMENCIONAL,	
POIS AS LATERIAS  VIERA AMASSADAS,	
CLIENTE QUER A TROCA DESTE PRODUTO.E-MAIL COM LAUDO SOLICITANDO A TROCA ARMARIO TRIMENCIONAL NO DIA 01/06!	
 => 1 => 6069 => BALCAO C/T ARAMOVEIS LILIAN VD/BR => 1 => 16419 => COZ. COMP ARAMOVEIS LILIAN PLUS BR/VD => 0 =>  => 0 =>  => 0 =>  => 0 =>  => 0 =>  => 0 =>  => 0 =>  => 0 =>  => 0 =>  => 0 =>  => 0 =>  => 0 =>  => 0 =>  => 0 =>  => 0 =>  => 0 =>  => 0 =>  => 0 =>  => "

-------------------------------
 
ALTERAÇÃO DE CLIENTE
POST => "simone" Data => "2012-06-01 11:06:32", Alterou o Cliente de vale 403290 => "INFORMAÇÕES ALTERADAS => "1 => 3311 => 35 => 41 => 29 => 2 => 0 => 10/05/2012 => 403290 => 226 => 13833 => 26/01/2012 => MACELO CIFONE MAGALHAES => 61812 / 199 => FRANCISCO PEREIRA PIMENTA => 25940000 => RUA:JARDIM GUAPIRIM => 71 => LT 01 QD 1 => PARADA MODELO => GUAPIMIRIM => RJ => 9617-8267 =>  =>  => CLIENTE SERÁ ATENDIDO ATÉ O DIA 02/06/2012 => OBS:e-mail enviado para o naec no dia 28/05/2012 para pedir uma referencia e telefone do cliente. simone  => 1 => 8981 => G. ROUPA MOVAL 6P40065 COL PLUS TB/M => 0 =>  => 0 =>  => 0 =>  => 0 =>  => 0 =>  => 0 =>  => 0 =>  => 0 =>  => 0 =>  => 0 =>  => 0 =>  => 0 =>  => 0 =>  => 0 =>  => 0 =>  => 0 =>  => 0 =>  => 0 =>  => 0 =>  => "

-------------------------------
 
ALTERAÇÃO DE CLIENTE
POST => "simone" Data => "2012-06-01 11:08:04", Alterou o Cliente de vale 534564 => "INFORMAÇÕES ALTERADAS => "1 => 3142 => 35 => 29 => 26 => 0 => 2 => 08/05/2012 => 534564 => 274 => 534564 => 07/05/2012 =>  =>  => THAMIRES DA SILVA ROCHA =>  => RUA 03 => 240 =>  => VILA ESPERANÇA => MAGE => RJ => 3630-0711 => 8670-1791 =>  => NA SUBIDA DA RUA DA IGREJA BATISTA => AGEN A REVISÃO PARA DIA 04/06/2012 COM VALMIR , CONFIRMADO COM CLIENTE. => 1 => 140391 => G.ROUPA ARAPLAC 8P AUSTRIA TB/BR => 0 =>  => 0 =>  => 0 =>  => 0 =>  => 0 =>  => 0 =>  => 0 =>  => 0 =>  => 0 =>  => 0 =>  => 0 =>  => 0 =>  => 0 =>  => 0 =>  => 0 =>  => 0 =>  => 0 =>  => 0 =>  => 0 =>  => "

-------------------------------
 
ALTERAÇÃO DE CLIENTE
POST => "ANNE" Data => "2012-06-01 11:10:52", Alterou o Cliente de vale 542530 => "INFORMAÇÕES ALTERADAS => "1 => 3398 => 18 => 19 => 21 => 0 => 2 => 11/05/2012 => 542530 => 253 => 542530 => 10/05/2012 =>  =>  => NATANAEL BECHER BUENO =>  => RUA DOS CABOCLOS => 14 => CASA => GERIBA => ARMACAO DOS BUZIOS => RJ => 9754-7672 =>  =>  => EM FRENTE A PRACINHA DE GERIBA,ENTRAEGAR NO NIK BAR OU BAR NIRALDO,PEDIDO: 46020 => DEFEITO:PRODUTO ESTÁ MONTADO,POIS	
PRODUTO ESTÁ COM AS LATERAIS,	
DIVISÓRIA,PORTAS,TETO AMASSADAS	
E DESCASCANDO,CLIENTE SOLICITA A 	
TROCA TOTAL DO PRODUTO.	E-MAIL COM LAUDO SOLICITANDO A TROCA DO PRODUTO NO DIA 01/06!
	
 => 1 => 135251 => G.ROUPA FRITZ 6P DANY TB/BR => 0 =>  => 0 =>  => 0 =>  => 0 =>  => 0 =>  => 0 =>  => 0 =>  => 0 =>  => 0 =>  => 0 =>  => 0 =>  => 0 =>  => 0 =>  => 0 =>  => 0 =>  => 0 =>  => 0 =>  => 0 =>  => 0 =>  => "

-------------------------------
 
ALTERAÇÃO DE CLIENTE
POST => "simone" Data => "2012-06-01 11:13:13", Alterou o Cliente de vale 452210 => "INFORMAÇÕES ALTERADAS => "1 => 2451 => 35 => 18 => 13 => 0 => 0 => 11/04/2012 => 452210 => 245 => 41059 => 26/03/2012 => JORGE MAURICIO RODRIGUES DA CO => 515930 / 199 => IRENE OLIVEIRA CRUZ => 22713321 => ESTRADA: MAPUA => 304 => B => TAQUARA => RIO DE JANEIRO => RJ => 3432-7135 => 7462-9244 =>  => PROX A LABORATORIO  => CLIENTE NÃO ATENDE OS 2 TEL ACIMA DIA 24/04 AS 9:42HS PARA CONFIRMAR ATENDIMENTO PARA QUINTA 26/04  LUCIANA. O TEL 3432-7135 NÃO É DA CLIENTE E O CEL 7462-9244 => 1 => 9302 => KIT COZ KP 6P DELTA COLOR BR/ VD => 0 =>  => 0 =>  => 0 =>  => 0 =>  => 0 =>  => 0 =>  => 0 =>  => 0 =>  => 0 =>  => 0 =>  => 0 =>  => 0 =>  => 0 =>  => 0 =>  => 0 =>  => 0 =>  => 0 =>  => 0 =>  => 0 =>  => "

-------------------------------
 
ALTERAÇÃO DE CLIENTE
POST => "simone" Data => "2012-06-01 11:17:43", Alterou o Cliente de vale 452210 => "INFORMAÇÕES ALTERADAS => "1 => 2451 => 35 => 28 => 29 => 0 => 0 => 11/04/2012 => 452210 => 245 => 41059 => 26/03/2012 => JORGE MAURICIO RODRIGUES DA CO => 515930 / 199 => IRENE OLIVEIRA CRUZ => 22713321 => ESTRADA: MAPUA => 304 => B => TAQUARA => RIO DE JANEIRO => RJ => 3432-7135 => 7462-9244 =>  => PROX A LABORATORIO  => CLIENTE NÃO ATENDE OS 2 TEL ACIMA DIA 24/04 AS 9:42HS PARA CONFIRMAR ATENDIMENTO PARA QUINTA 26/04  LUCIANA. O TEL 3432-7135 NÃO É DA CLIENTE E O CEL 7462-9244. SIMONE  => 1 => 9302 => KIT COZ KP 6P DELTA COLOR BR/ VD => 0 =>  => 0 =>  => 0 =>  => 0 =>  => 0 =>  => 0 =>  => 0 =>  => 0 =>  => 0 =>  => 0 =>  => 0 =>  => 0 =>  => 0 =>  => 0 =>  => 0 =>  => 0 =>  => 0 =>  => 0 =>  => 0 =>  => "

-------------------------------
 
ALTERAÇÃO DE CLIENTE
POST => "ANNE" Data => "2012-06-01 11:17:55", Alterou o Cliente de vale 543307 => "INFORMAÇÕES ALTERADAS => "1 => 3747 => 18 => 27 => 26 => 0 => 2 => 11/05/2012 => 543307 => 253 => 543307 => 10/05/2012 =>  =>  => PARECIDA ROSA SANTOS SANTOS =>  => CASTRO  MACHADO => 31 =>  => JARDIM ESPERANCA => CABO FRIO =>  => 22)9-8974 =>  =>  =>  => DEFEITO:PRODUTO FOI MONTADO,POIS	
PANELEIRO ESTÁ COM AS LATERIAS,	
PRATELEIRAS,PORTAS DESCASCANDO E  	
FUNDO EMPENADA,CLIENTE SOLICITA	
A TROCA DO PRODUTO.E-MAIL COM LAUDO SOLICITANDO A TROCA DO PRODUTO 01/06!	
	
 => 1 => 135481 => COZ KIPLAC RENATA PLUS BR/PTO => 0 =>  => 0 =>  => 0 =>  => 0 =>  => 0 =>  => 0 =>  => 0 =>  => 0 =>  => 0 =>  => 0 =>  => 0 =>  => 0 =>  => 0 =>  => 0 =>  => 0 =>  => 0 =>  => 0 =>  => 0 =>  => 0 =>  => "

-------------------------------
 
CADASTRO DE CLIENTE
POST => "MIRIAN" Data => "2012-06-01 12:22:20", Cadastrou o Cliente de vale 499203 => "INFORMAÇÕES CADASTRADAS => "11 => 39 => 16 => 0 => 1 => 31/05/2012 => 499203 => 241 => 632 => 31/05/2012 => JULIO CESAR VIEIRA SOARES => 11223/199 => SARA DAMIANA FERREIRA DA COSTA => 20251310 => TRAVESSA: AGRA FILHO => 122 => CS 04 => SANTA TERESA => RIO DE JANEIRO => RJ => 8391-9340 =>  =>  => NA COMUNIDADE VDA COROA PROX ASSOCIAÇÃO DE MORADORES PROC SARA => 01 => 16377 => CAMA CS N.HORIZ ANGRA PLUS AM/AM/PT =>  =>  =>  =>  =>  =>  =>  =>  =>  =>  =>  =>  =>  =>  =>  =>  =>  =>  =>  =>  =>  =>  =>  =>  =>  =>  =>  =>  =>  =>  =>  =>  =>  =>  =>  =>  =>  =>  => "

-------------------------------
 
CADASTRO DE CLIENTE
POST => "MIRIAN" Data => "2012-06-01 12:35:00", Cadastrou o Cliente de vale 499254 => "INFORMAÇÕES CADASTRADAS => "11 => 20 => 25 => 0 => 1 => 31/05/2012 => 499254 => 181 => 62185 => 31/05/2012 => ERNANI DA SILVA SANTOS => 441010/199 => ALBA VALERIA R DOS SANTOS => 24315215 => RUA: COMANDANTE MINERVINO => 14 => CS 01 => ATALAIA => NITERÓI => RJ => 3046-7417 => 9751-5466 =>  => NA SUBIDA D BARDO JACARE PROC ALA OU VALTINHO OU KELLY => 01 => 10794 => ARM ITAT IPH-70 GAR TEC BR/LA => 01 => 138033 => G.ROUPA ARAPLAC 10P ATLAN PLUS TB/AM => 01 => 99076 => ARM ITAT MAD IP HT-105 TECNO B/PT/L =>  =>  =>  =>  =>  =>  =>  =>  =>  =>  =>  =>  =>  =>  =>  =>  =>  =>  =>  =>  =>  =>  =>  =>  =>  =>  =>  =>  =>  =>  =>  =>  =>  =>  => "

-------------------------------
 
CADASTRO DE CLIENTE
POST => "MIRIAN" Data => "2012-06-01 12:37:50", Cadastrou o Cliente de vale 499266 => "INFORMAÇÕES CADASTRADAS => "11 => 17 => 11 => 0 => 1 => 31/05/2012 => 499266 => 181 => 62185 => 31/05/2012 => ERNANI DA SILVA SANTOS => 440996/199 => ALBA VALERIA R DOS SANTOS => 24315215 => RUA: COMANDANTE MINERVINO => 14 => CS 01 => ATALAIA => NITERÓI => RJ => 3046-7417 => 9751-5466 =>  => NA SUBIDA DO BAR DO JACARE PROC ALBA,VALTINHO OU KELLY => 01 => 99059 => ARM ITAT MAD IG HT-105 TEC BR/PT/LA => 01 => 10786 => ARM ITAT MAD IPLDA-70 TECNO PTO/LAC =>  =>  =>  =>  =>  =>  =>  =>  =>  =>  =>  =>  =>  =>  =>  =>  =>  =>  =>  =>  =>  =>  =>  =>  =>  =>  =>  =>  =>  =>  =>  =>  =>  =>  =>  =>  => "

-------------------------------
 
CADASTRO DE CLIENTE
POST => "MIRIAN" Data => "2012-06-01 12:39:51", Cadastrou o Cliente de vale 499105 => "INFORMAÇÕES CADASTRADAS => "11 => 6 => 16 => 0 => 1 => 31/05/2012 => 499105 => 181 => 1170 => 31/05/2012 => CASSIO HENRIQUE LIMA DA SILVA => 13118/199 => CARLOS PEREGRINO CORREIA DA SILVA => 24120005 => TRAVESSA: GELSON BRANDÃO => 7 =>  => FONSECA => NITERÓI => RJ => 4126-1770 => 8693-4998 =>  => RUA ATRAS DACAIXA ECONOMICA RUA SAO FELICIANO => 01 => 140391 => G.ROUPA ARAPLAC 8P AUSTRIA TB/BR =>  =>  =>  =>  =>  =>  =>  =>  =>  =>  =>  =>  =>  =>  =>  =>  =>  =>  =>  =>  =>  =>  =>  =>  =>  =>  =>  =>  =>  =>  =>  =>  =>  =>  =>  =>  =>  =>  => "

-------------------------------
 
CADASTRO DE CLIENTE
POST => "MIRIAN" Data => "2012-06-01 12:48:41", Cadastrou o Cliente de vale 494582 => "INFORMAÇÕES CADASTRADAS => "11 => 16 => 25 => 0 => 0 => 23/05/2012 => 494582 => 180 => 27139 => 23/05/2012 => RAFAEL DE MORAES LAPA => 192922/199 => ROSANA MARIA RIBEIRO MACHADO => 26082105 => BECO ANTOINIO PINTO DA FONSECA => 24 =>  => CACUIA => NOVA IGUAÇU => RJ => 2657-7870 =>  =>  => DEPOIS DO BRIZOLAO O BECO FICA AO LADO DA IGREJA UNIVERSAL PROC NET => 01 => 136865 => MESA 4C ARTEFAMOL PEROLA C/VD FUME =>  =>  =>  =>  =>  =>  =>  =>  =>  =>  =>  =>  =>  =>  =>  =>  =>  =>  =>  =>  =>  =>  =>  =>  =>  =>  =>  =>  =>  =>  =>  =>  =>  =>  =>  =>  =>  =>  => "

-------------------------------
 
CADASTRO DE CLIENTE
POST => "marta" Data => "2012-06-01 14:10:58", Cadastrou o Cliente de vale 452577 => "INFORMAÇÕES CADASTRADAS => "22 => 30 => 16 => 0 => 0 => 01/06/2012 => 452577 => 245 => 41003 => 26/03/2012 => JORGE MAURICIO RODRIGUES DA CO => 518704 => SELMA COSSTA DO NASCIMENTO =>  => AVENIDA CANAL DAS TAXAS => 23 => CASA 03 => RECREIO DOS BANDEIRANTES => RIO DE JANEIRO =>  => 9954-0707 =>  =>  => COMUNIDADE TERRERAO BAR DO INDIO => 1 => 140391 => G.ROUPA ARAPLAC 8P AUSTRIA TB/BR =>  =>  =>  =>  =>  =>  =>  =>  =>  =>  =>  =>  =>  =>  =>  =>  =>  =>  =>  =>  =>  =>  =>  =>  =>  =>  =>  =>  =>  =>  =>  =>  =>  =>  =>  =>  =>  =>  => "

-------------------------------
 
CADASTRO DE CLIENTE
POST => "ANNE" Data => "2012-06-01 14:11:28", Cadastrou o Cliente de vale 499681 => "INFORMAÇÕES CADASTRADAS => "18 => 25 => 22 => 0 => 0 => 01/06/2012 => 499681 => 178 => 74610 => 01/06/2012 => EUCIDIA ELOIZA AFONSO => 484826/199 => DILCE ENI ALVES DA SILVA TRINDADE =>  => RUA ANGELICA => 263 => CASA => AGUA LIMPA => VOLTA REDONDA => RJ => 3350-2709 =>  =>  => ACIMA DO MERCADO PEROLA. => 01 => 8372 => G.ROUPA BP 3P DUBAY TB/BR/MP =>  =>  =>  =>  =>  =>  =>  =>  =>  =>  =>  =>  =>  =>  =>  =>  =>  =>  =>  =>  =>  =>  =>  =>  =>  =>  =>  =>  =>  =>  =>  =>  =>  =>  =>  =>  =>  =>  => "

-------------------------------
 
CADASTRO DE CLIENTE
POST => "marta" Data => "2012-06-01 14:13:48", Cadastrou o Cliente de vale 482284 => "INFORMAÇÕES CADASTRADAS => "22 => 16 => 22 => 0 => 0 => 01/06/2012 => 482284 => 171 => 2287 => 07/05/2012 => SERGIO JOAQUIM DOS SANTOS => 28167 => ANTONIO FERREIRA DE CARVALHO =>  => TEXEIRA CAMPOS,QD 04 LT 16 RUA PROJETADA B => 205 =>  => SANTISSIMO => RIO DE JANEIRO =>  =>  =>  =>  => ESTRADA DA POSSE RUA TEXEIRA CAMPOS ENTRE LOJA CONTRUÇÃO E PADARIA => 1 => 138033 => G.ROUPA ARAPLAC 10P ATLAN PLUS TB/AM =>  =>  =>  =>  =>  =>  =>  =>  =>  =>  =>  =>  =>  =>  =>  =>  =>  =>  =>  =>  =>  =>  =>  =>  =>  =>  =>  =>  =>  =>  =>  =>  =>  =>  =>  =>  =>  =>  => "

-------------------------------
 
CADASTRO DE CLIENTE
POST => "luciana" Data => "2012-06-01 14:15:10", Cadastrou o Cliente de vale 542243 => "INFORMAÇÕES CADASTRADAS => "5 => 14 => 19 => 0 => 2 => 01/06/2012 => 542243 => 178 => 542243 => 04/02/2012 =>  =>  => DILCE ENI ALVES DA SILVA =>  => ANGELICA => 263 =>  => AGUA LIMPA => VOLTA REDONDA =>  => 3350-2709 =>  =>  =>  => 01 => 8372 => G.ROUPA BP 3P DUBAY TB/BR/MP =>  =>  =>  =>  =>  =>  =>  =>  =>  =>  =>  =>  =>  =>  =>  =>  =>  =>  =>  =>  =>  =>  =>  =>  =>  =>  =>  =>  =>  =>  =>  =>  =>  =>  =>  =>  =>  =>  => "

-------------------------------
 
CADASTRO DE CLIENTE
POST => "ANNE" Data => "2012-06-01 14:15:17", Cadastrou o Cliente de vale 498728 => "INFORMAÇÕES CADASTRADAS => "18 => 27 => 17 => 0 => 1 => 01/06/2012 => 498728 => 179 => 138136 => 30/05/2012 => CLEBER CAMPISTA DA FONSECA => 400268/199 => JOSE FABIO DIAS =>  => MONTESQUIEU  CASA LT 12 QD 104 CS 01 =>  =>  => JARDIM OLAVO BILAC => DUQUE DE CAXIAS => RJ =>  =>  =>  => PX A PADARIA SAO JORGE A DIREITA A CASA FICA AO LADO BARRACA. => 01 => 134892 => COZ ITAT CRIATIVA MAXII2VPTO =>  =>  =>  =>  =>  =>  =>  =>  =>  =>  =>  =>  =>  =>  =>  =>  =>  =>  =>  =>  =>  =>  =>  =>  =>  =>  =>  =>  =>  =>  =>  =>  =>  =>  =>  =>  =>  =>  => "

-------------------------------
 
CADASTRO DE CLIENTE
POST => "ANNE" Data => "2012-06-01 14:16:49", Cadastrou o Cliente de vale 527875 => "INFORMAÇÕES CADASTRADAS => "18 => 30 => 14 => 0 => 2 => 01/06/2012 => 527875 => 274 => 527875 => 31/05/2012 =>  =>  => ANA CRISTINA DE OLIVEIRA =>  => RUA ADAM BLUMER  => 4029 => CASA => JARDIM ESMERALDA => MAGE => RJ => 7308-5387 => 2633-4393 =>  => PX AO COLEGIO DA NUBIA,PEDIDO: 13322 => 01 => 6078 => RACK KIPLAC TORRE PLUS LUXO AR/MP =>  =>  =>  =>  =>  =>  =>  =>  =>  =>  =>  =>  =>  =>  =>  =>  =>  =>  =>  =>  =>  =>  =>  =>  =>  =>  =>  =>  =>  =>  =>  =>  =>  =>  =>  =>  =>  =>  => "

-------------------------------
 
CADASTRO DE CLIENTE
POST => "marta" Data => "2012-06-01 14:16:51", Cadastrou o Cliente de vale 484911 => "INFORMAÇÕES CADASTRADAS => "22 => 33 => 21 => 0 => 0 => 01/06/2012 => 484911 => 171 => 2594 => 10/05/2012 => PENHA ROSANA DA SILVA CAMPOS => 31276 => ALEX LUIZ CARDOSO =>  => PORTO DE PEDRAS -BL 330 => 330 => APTO 407 => BANGU => RIO DE JANEIRO =>  =>  =>  =>  => PROX AO SUPERMERCADO PREZUNIC DE PADRE MIGUEL PROC NICE => 1 => 98715 => ESTANTE BECHARA CANADA HO AMEND/PTO =>  =>  =>  =>  =>  =>  =>  =>  =>  =>  =>  =>  =>  =>  =>  =>  =>  =>  =>  =>  =>  =>  =>  =>  =>  =>  =>  =>  =>  =>  =>  =>  =>  =>  =>  =>  =>  =>  => "

-------------------------------
 
CADASTRO DE CLIENTE
POST => "luciana" Data => "2012-06-01 14:17:25", Cadastrou o Cliente de vale 2105 => "INFORMAÇÕES CADASTRADAS => "5 => 37 => 16 => 0 => 2 => 01/06/2012 => 2105 => 230 => 2105 => 24/04/2012 =>  =>  => VERA MARIA QUINTANA RAMOS  =>  => TRAVESSA PROFESSOR ANTONIO REIS  => 7 =>  =>  GUARATIBA  => Rio de Janeiro =>  => 9626-0209 =>  =>  =>  => 01 => 140391 => G.ROUPA ARAPLAC 8P AUSTRIA TB/BR =>  =>  =>  =>  =>  =>  =>  =>  =>  =>  =>  =>  =>  =>  =>  =>  =>  =>  =>  =>  =>  =>  =>  =>  =>  =>  =>  =>  =>  =>  =>  =>  =>  =>  =>  =>  =>  =>  => "

-------------------------------
 
CADASTRO DE CLIENTE
POST => "ANNE" Data => "2012-06-01 14:19:18", Cadastrou o Cliente de vale 496043 => "INFORMAÇÕES CADASTRADAS => "18 => 38 => 10 => 0 => 1 => 01/06/2012 => 496043 => 168 => 52848 => 25/05/2012 => ELIMAR ALVES OLIVEIRA => 450585/199 => NARCO ANTONIO AURELIO DA SILVA =>  => BECO DA FONTINHA => 969 => CASA 04 FDS => BENTO RIBEIRO => RIO DE JANEIRO => RJ => 3016-3631 => 8275-0068 => 8215-5867 => PRAÇA DO VALQUEIRE OU ARENA SHOW ESTRADA DA FONTINHA. => 01 => 140338 => G ROUPA FRITZ 3P MILAO AMEN/PTO =>  =>  =>  =>  =>  =>  =>  =>  =>  =>  =>  =>  =>  =>  =>  =>  =>  =>  =>  =>  =>  =>  =>  =>  =>  =>  =>  =>  =>  =>  =>  =>  =>  =>  =>  =>  =>  =>  => "

-------------------------------
 
CADASTRO DE CLIENTE
POST => "luciana" Data => "2012-06-01 14:19:27", Cadastrou o Cliente de vale 538518 => "INFORMAÇÕES CADASTRADAS => "5 => 19 => 10 => 0 => 2 => 01/06/2012 => 538518 => 170 => 538518 => 31/05/2012 =>  =>  => IVONILDE OLIVEIRA SOUSA =>  => MACEMBU => 746 => RUA B => TAQUARa => Rio de Janeiro =>  => 3342-8892 =>  =>  =>  => 01 => 139576 => G ROUPA IRMOL 2P APOLO CHOC/IMB/MP =>  =>  =>  =>  =>  =>  =>  =>  =>  =>  =>  =>  =>  =>  =>  =>  =>  =>  =>  =>  =>  =>  =>  =>  =>  =>  =>  =>  =>  =>  =>  =>  =>  =>  =>  =>  =>  =>  => "

-------------------------------
 
CADASTRO DE CLIENTE
POST => "marta" Data => "2012-06-01 14:19:40", Cadastrou o Cliente de vale 469120 => "INFORMAÇÕES CADASTRADAS => "22 => 31 => 24 => 0 => 0 => 01/06/2012 => 469120 => 171 => 416 => 14/04/2012 => SERGIO JOAQUIM DOS SANTOS => 9870 => MARINA BRAGA PEYNEAU =>  => OLIVEIRA RIBEIRO => 1366 => CASA => BANGU => RIO DE JANEIRO =>  => 9771-9279 => 3681-7224 =>  => CENTRO DE BANGU ENTRE A RUA FONSECA E RUA BANGU ATRAS IGREJA SANTA CECILIA => 1 => 100136 => COZINHA ITAT DAYANE BR =>  =>  =>  =>  =>  =>  =>  =>  =>  =>  =>  =>  =>  =>  =>  =>  =>  =>  =>  =>  =>  =>  =>  =>  =>  =>  =>  =>  =>  =>  =>  =>  =>  =>  =>  =>  =>  =>  => "

-------------------------------
 
CADASTRO DE CLIENTE
POST => "luciana" Data => "2012-06-01 14:21:24", Cadastrou o Cliente de vale 538731 => "INFORMAÇÕES CADASTRADAS => "5 => 48 => 9 => 0 => 2 => 01/06/2012 => 538731 => 274 => 538731 => 30/05/2012 =>  =>  => KELLY VITORINO DA SILVA  =>  => RUA  => 1 =>  => 397 =>  =>  => 8397-4625 =>  =>  =>  => 01 => 140391 => G.ROUPA ARAPLAC 8P AUSTRIA TB/BR =>  =>  =>  =>  =>  =>  =>  =>  =>  =>  =>  =>  =>  =>  =>  =>  =>  =>  =>  =>  =>  =>  =>  =>  =>  =>  =>  =>  =>  =>  =>  =>  =>  =>  =>  =>  =>  =>  => "

-------------------------------
 
CADASTRO DE CLIENTE
POST => "ANNE" Data => "2012-06-01 14:21:26", Cadastrou o Cliente de vale 499269 => "INFORMAÇÕES CADASTRADAS => "18 => 15 => 21 => 0 => 0 => 01/06/2012 => 499269 => 179 => 9145 => 31/05/2012 => MAURICIO GONCALVES VIANA => 50383/199 => ANDREIA CRISTINA DOS SANTOS ALVES =>  => RUA DR JOAO PERESTRELO => 574 => BOX => CORTE OITO => DUQUE DE CAXIAS => RJ => 3244-1111 => 7342-3078 =>  => ESQUINA COM EUCLIDES DA CUNHA. => 01 => 135481 => COZ KIPLAC RENATA PLUS BR/PTO =>  =>  =>  =>  =>  =>  =>  =>  =>  =>  =>  =>  =>  =>  =>  =>  =>  =>  =>  =>  =>  =>  =>  =>  =>  =>  =>  =>  =>  =>  =>  =>  =>  =>  =>  =>  =>  =>  => "

-------------------------------
 
CADASTRO DE CLIENTE
POST => "MIRIAN" Data => "2012-06-01 14:21:37", Cadastrou o Cliente de vale 284966 => "INFORMAÇÕES CADASTRADAS => "11 => 17 => 17 => 2 => 0 => 01/06/2012 => 284966 => 167 => 40812 => 27/09/2011 => JOSE CARLOS MELO DE SA => 310081/199 => ANA PAULA DE CASTRO  => 22031070 => RUA: SIQUEIRA CAMPOS => 143 => AP 451 => COPACABANA => RIO DE JANEIRO => Q => 2256-2867 => 7479-8033 =>  => AO LADO DO BATALHAO => 01 => 8481 => BERCO COMODA ESTRELA SONECA  U BR/RS =>  =>  =>  =>  =>  =>  =>  =>  =>  =>  =>  =>  =>  =>  =>  =>  =>  =>  =>  =>  =>  =>  =>  =>  =>  =>  =>  =>  =>  =>  =>  =>  =>  =>  =>  =>  =>  =>  => "

-------------------------------
 
CADASTRO DE CLIENTE
POST => "marta" Data => "2012-06-01 14:22:38", Cadastrou o Cliente de vale 434587 => "INFORMAÇÕES CADASTRADAS => "22 => 24 => 21 => 0 => 0 => 01/06/2012 => 434587 => 227 => 40739 => 02/03/2012 => WELLINGTON TEXEIRA DA ROCHA => 5053,13 => ROBERTA MARCHESINI HUTTER =>  => DOUTOR PAULO HERVE => 322 => CASA => BINGEN => PETROPOLIS => RJ => 2244-0751 => 9228-3957 =>  => EM FRENTE A ANTIGA SOLA BRASIL PROC WALMIR OU ROBERTA => 1 => 140338 => G ROUPA FRITZ 3P MILAO AMEN/PTO =>  =>  =>  =>  =>  =>  =>  =>  =>  =>  =>  =>  =>  =>  =>  =>  =>  =>  =>  =>  =>  =>  =>  =>  =>  =>  =>  =>  =>  =>  =>  =>  =>  =>  =>  =>  =>  =>  => "

-------------------------------
 
CADASTRO DE CLIENTE
POST => "ANNE" Data => "2012-06-01 14:23:33", Cadastrou o Cliente de vale 499271 => "INFORMAÇÕES CADASTRADAS => "18 => 22 => 19 => 0 => 0 => 01/06/2012 => 499271 => 245 => 42462 => 31/05/2012 => RODRIGO ZANATTA MACHADO DA SIL => 534590/199 => AUXILIADORA DE FATIMA DA SILVA =>  => ESTRADA DA BOIUNA  => 2358 => CASA FDS => TAQUARA => RIO DE JANEIRO => RJ => 3347-2126 => 9788-3999 =>  => DEPOIS DO FREI LUIS NA BARREIRA AO LADO DA TENDINHA COM SINUCA. => 01 => 134892 => COZ ITAT CRIATIVA MAXII2VPTO =>  =>  =>  =>  =>  =>  =>  =>  =>  =>  =>  =>  =>  =>  =>  =>  =>  =>  =>  =>  =>  =>  =>  =>  =>  =>  =>  =>  =>  =>  =>  =>  =>  =>  =>  =>  =>  =>  => "

-------------------------------
 
CADASTRO DE CLIENTE
POST => "MIRIAN" Data => "2012-06-01 14:24:23", Cadastrou o Cliente de vale 357333 => "INFORMAÇÕES CADASTRADAS => "11 => 19 => 19 => 2 => 0 => 01/06/2012 => 357333 => 197 => 47582 => 13/12/2011 => EVERTON RODRIGO ANDRADE SIL => 406098/199 => NILO SERGIO  PEREIRA DA SILVA => 26050518 => RUA DEIA MAIA => 48 =>  => SANTA RITA => NOVA IGUAÇU => RJ => 3793-9328 =>  =>  => PROX AO CARIOCA ENGENHARIA => 01 => 135481 => COZ KIPLAC RENATA PLUS BR/PTO =>  =>  =>  =>  =>  =>  =>  =>  =>  =>  =>  =>  =>  =>  =>  =>  =>  =>  =>  =>  =>  =>  =>  =>  =>  =>  =>  =>  =>  =>  =>  =>  =>  =>  =>  =>  =>  =>  => "

-------------------------------
 
CADASTRO DE CLIENTE
POST => "luciana" Data => "2012-06-01 14:25:22", Cadastrou o Cliente de vale 480654 => "INFORMAÇÕES CADASTRADAS => "5 => 14 => 29 => 0 => 0 => 01/06/2012 => 480654 => 216 => 604 => 03/05/2012 => LEANDRO PADILHA DE CARVALHO => 24755 => MARIA SALETE DA SILVA LUIZ =>  => ESTRADA CASSOROTIBA  => rua716 =>  => INOa => MARICa =>  => 2241-5788 =>  =>  =>  => 01 => 6069 => BALCAO C/T ARAMOVEIS LILIAN VD/BR =>  =>  =>  =>  =>  =>  =>  =>  =>  =>  =>  =>  =>  =>  =>  =>  =>  =>  =>  =>  =>  =>  =>  =>  =>  =>  =>  =>  =>  =>  =>  =>  =>  =>  =>  =>  =>  =>  => "

-------------------------------
 
CADASTRO DE CLIENTE
POST => "ANNE" Data => "2012-06-01 14:25:56", Cadastrou o Cliente de vale 406260 => "INFORMAÇÕES CADASTRADAS => "18 => 33 => 22 => 2 => 0 => 01/06/2012 => 406260 => 215 => 89685 => 30/01/2012 => LEANDRO OLIVEIRA DA SILVA => 473248/199 => SONIA MARIA  MARIANO DA SILVA =>  => RUA B  => 7 => CASA  => SACRAMENTO => SAO GONCALO => RJ => 3606-2115 =>  =>  => SEGUIR PELA ESTRADA DO SAGRAMENTO. => 01 => 135481 => COZ KIPLAC RENATA PLUS BR/PTO =>  =>  =>  =>  =>  =>  =>  =>  =>  =>  =>  =>  =>  =>  =>  =>  =>  =>  =>  =>  =>  =>  =>  =>  =>  =>  =>  =>  =>  =>  =>  =>  =>  =>  =>  =>  =>  =>  => "

-------------------------------
 
CADASTRO DE CLIENTE
POST => "MIRIAN" Data => "2012-06-01 14:26:28", Cadastrou o Cliente de vale 390053 => "INFORMAÇÕES CADASTRADAS => "11 => 13 => 9 => 2 => 0 => 01/06/2012 => 390053 => 239 => 25746 => 13/01/2012 => GUILHERME MONTEIRO DE SOUZA FILHO => 435330/199 => JORGE ROBERTO FARIAS DE SOUZA => 24110075 => TRAVESSA: CARLOS GOMES => 182 =>  => LARGO DO BARRADAS => NITERÓI => RJ =>  =>  =>  => RUA DA LOREY MERLIN PROC JORGE OU ZIZA => 01 => 5730 => MESA GRANITO LIVIA 4C QUAD NAP/PTO => 01 => 135481 => COZ KIPLAC RENATA PLUS BR/PTO =>  =>  =>  =>  =>  =>  =>  =>  =>  =>  =>  =>  =>  =>  =>  =>  =>  =>  =>  =>  =>  =>  =>  =>  =>  =>  =>  =>  =>  =>  =>  =>  =>  =>  =>  =>  => "

-------------------------------
 
CADASTRO DE CLIENTE
POST => "luciana" Data => "2012-06-01 14:28:16", Cadastrou o Cliente de vale 498614 => "INFORMAÇÕES CADASTRADAS => "5 => 37 => 28 => 0 => 0 => 01/06/2012 => 498614 => 178 => 80491 => 30/05/2012 => JULIANA ALBERTASSI DOS SANTOS => 2991 => ADRIANA PINTO DA ROCHA  => 27292080 => RUA B => 195 =>  => SANTO AGOSTINHO => VOLTA REDONDA =>  => 3345-5006 =>  =>  => (24) => 01 => 100136 => COZINHA ITAT DAYANE BR =>  =>  =>  =>  =>  =>  =>  =>  =>  =>  =>  =>  =>  =>  =>  =>  =>  =>  =>  =>  =>  =>  =>  =>  =>  =>  =>  =>  =>  =>  =>  =>  =>  =>  =>  =>  =>  =>  => "

-------------------------------
 
CADASTRO DE CLIENTE
POST => "ANNE" Data => "2012-06-01 14:28:25", Cadastrou o Cliente de vale 234148 => "INFORMAÇÕES CADASTRADAS => "18 => 25 => 15 => 2 => 0 => 01/06/2012 => 234148 => 209 => 42391 => 02/08/2011 => MONICA APARECIDA DA SILVA FREITAS => 251616/199 => JOSE JADENILSON DA SILVA =>  => RUA A  => 138 => CASA => ALTO PARAISO => QUATIS => RJ => 3353-5395 =>  =>  =>  => 01 => 135586 => CAMA CS BP DUBAY TB/BR/MP =>  =>  =>  =>  =>  =>  =>  =>  =>  =>  =>  =>  =>  =>  =>  =>  =>  =>  =>  =>  =>  =>  =>  =>  =>  =>  =>  =>  =>  =>  =>  =>  =>  =>  =>  =>  =>  =>  => "

-------------------------------
 
CADASTRO DE CLIENTE
POST => "MIRIAN" Data => "2012-06-01 14:28:58", Cadastrou o Cliente de vale 332311 => "INFORMAÇÕES CADASTRADAS => "11 => 40 => 18 => 2 => 0 => 01/06/2012 => 332311 => 169 => 74518 => 19/11/2011 => RICARDO JOSE DEABREU => 367440/199 => KATIA SILVA DOS SANTOS FIRMINO => 20221161 => RUA: SACADURA CABRAL => 160 => AP62 => SAÚDE => RIO DE JANEIRO => RJ => 2516-7320 =>  =>  => NA IGREJA UNIVERSAL DO REINO DE DEUS PROC KATIA => 01 => 134898 => COZ COMP ARAMOVEIS LILIAN PLUS  BR/PT =>  =>  =>  =>  =>  =>  =>  =>  =>  =>  =>  =>  =>  =>  =>  =>  =>  =>  =>  =>  =>  =>  =>  =>  =>  =>  =>  =>  =>  =>  =>  =>  =>  =>  =>  =>  =>  =>  => "

-------------------------------
 
CADASTRO DE CLIENTE
POST => "marta" Data => "2012-06-01 14:29:18", Cadastrou o Cliente de vale 499055 => "INFORMAÇÕES CADASTRADAS => "22 => 30 => 14 => 0 => 0 => 01/06/2012 => 499055 => 179 => 499055 => 31/05/2012 => LEONARDO OLIVEIRA DE FREITAS => 496367 => VENILTON DAMACENO BAHIA =>  => MARAJO LT 01 QD 22 =>  => CASA 4 => JARDIM OLAVO BILAC => DUQUE DE CAXIAS =>  => 2783-5345 =>  =>  => DEPOIS DA PRAÇA OLAVO BILAC DESCENDO PELA CASA DE MATERIAL  VEREDA PROX ASS DE DEUS PROC SHEILA DE SOUZA => 1 => 136825 => BALC. ITAT. 1P 3G STILO BR/PTO =>  =>  =>  =>  =>  =>  =>  =>  =>  =>  =>  =>  =>  =>  =>  =>  =>  =>  =>  =>  =>  =>  =>  =>  =>  =>  =>  =>  =>  =>  =>  =>  =>  =>  =>  =>  =>  =>  => "

-------------------------------
 
ALTERAÇÃO DE CLIENTE
POST => "simone" Data => "2012-06-01 14:29:31", Alterou o Cliente de vale 248244 => "INFORMAÇÕES ALTERADAS => "1 => 3867 => 35 => 18 => 10 => 2 => 0 => 24/05/2012 => 248244 => 173 => 25164 => 18/08/2012 => ALLAN CARLOS DA SILVA => 269196/199 => PAULO DAVYD STADLER JUNIOR => 21910115 => RUA: DOUTOR JORGE DINIZ => 11 =>  => TAUÁ => RIO DE JANEIRO => RJ => 9838-3962 =>  =>  => DEPOIS DA PREEITURA => CLIENTE MUDOU DE ENDEREÇO, PARA QUEIMADOS  => 1 => 9302 => KIT COZ KP 6P DELTA COLOR BR/ VD => 0 =>  => 0 =>  => 0 =>  => 0 =>  => 0 =>  => 0 =>  => 0 =>  => 0 =>  => 0 =>  => 0 =>  => 0 =>  => 0 =>  => 0 =>  => 0 =>  => 0 =>  => 0 =>  => 0 =>  => 0 =>  => 0 =>  => "

-------------------------------
 
CADASTRO DE CLIENTE
POST => "ANNE" Data => "2012-06-01 14:30:10", Cadastrou o Cliente de vale 370452 => "INFORMAÇÕES CADASTRADAS => "18 => 19 => 25 => 2 => 0 => 01/06/2012 => 370452 => 224 => 27024 => 23/12/2011 => GISELE MARIA PEIXOTO => 423570/199 => ILZA DE MEDEIROS FERREIRA =>  => RUA PEDRO AFONSO => 50 => CASA => CLUBE DOS DUZENTOS => SAPUCAIA => RJ =>  =>  =>  => PX AO ESCRITORIO DA GARCIA. => 01 => 145 => BICAMA TCIL BR =>  =>  =>  =>  =>  =>  =>  =>  =>  =>  =>  =>  =>  =>  =>  =>  =>  =>  =>  =>  =>  =>  =>  =>  =>  =>  =>  =>  =>  =>  =>  =>  =>  =>  =>  =>  =>  =>  => "

-------------------------------
 
CADASTRO DE CLIENTE
POST => "MIRIAN" Data => "2012-06-01 14:32:45", Cadastrou o Cliente de vale 442680 => "INFORMAÇÕES CADASTRADAS => "11 => 17 => 17 => 2 => 0 => 01/06/2012 => 442680 => 204 => 39309 => 13/03/2012 => RICARDO DE JESUS TIMBO => 474816/199 => YVONE ALVES SALERA => 24470010 => RUA: PADRE NICOLAU LUIZ => 25 =>  => PORTÃO DO ROSA => SÃO GONÇALO => RJ => 3247-0878 => 8637-1576 =>  => N PONTO FINAL DO 515 VIRAR 1ºAESQ DEPOIS 1º DIR => 01 => 136543 => COZINHA  LUCIANE DAKAR CHAMP/NOG =>  =>  =>  =>  =>  =>  =>  =>  =>  =>  =>  =>  =>  =>  =>  =>  =>  =>  =>  =>  =>  =>  =>  =>  =>  =>  =>  =>  =>  =>  =>  =>  =>  =>  =>  =>  =>  =>  => "

-------------------------------
 
CADASTRO DE CLIENTE
POST => "ANNE" Data => "2012-06-01 14:33:00", Cadastrou o Cliente de vale 404234 => "INFORMAÇÕES CADASTRADAS => "18 => 24 => 11 => 2 => 0 => 01/06/2012 => 404234 => 245 => 38037 => 27/01/2012 => ANDREIA DA CONCEIÇÃO => 470641/199 => ODETE SANTOS BASTOS =>  => RUA SETE LAGOAS => 145 => BL 09 CASA 101 => JACAREPAGUA => RIO DE JANEIRO => RJ => 7497-9100 =>  =>  => NA ESTRADA DO RIO GRANDE DEPOIS DO MERCADO ESPECIAL COND NUME 4181. => 01 => 135481 => COZ KIPLAC RENATA PLUS BR/PTO =>  =>  =>  =>  =>  =>  =>  =>  =>  =>  =>  =>  =>  =>  =>  =>  =>  =>  =>  =>  =>  =>  =>  =>  =>  =>  =>  =>  =>  =>  =>  =>  =>  =>  =>  =>  =>  =>  => "

-------------------------------
 
CADASTRO DE CLIENTE
POST => "marta" Data => "2012-06-01 14:33:02", Cadastrou o Cliente de vale 499057 => "INFORMAÇÕES CADASTRADAS => "22 => 21 => 19 => 0 => 0 => 01/06/2012 => 499057 => 179 => 499057 => 31/05/2012 => LEONARDO OLIVEIRA DE FREITAS => 503661 => VENILTON DAMACENO BAHIA =>  => MARAJO LT 01 QD22 =>  =>  => JARDIM OLAVO BILAC => DUQUE DE CAXIAS =>  => 2783-5345 =>  =>  => DEPOIS DA PRAÇA OLAVO BILAC DESCENDO PELA CASA DE MATERIAL VAREDA PROX DA ASS DE DEUS PROC SHEILA DE SOUZA => 1 => 136828 => ARM ITAT GEL GARRAF 70CM STILO PTO =>  =>  =>  =>  =>  =>  =>  =>  =>  =>  =>  =>  =>  =>  =>  =>  =>  =>  =>  =>  =>  =>  =>  =>  =>  =>  =>  =>  =>  =>  =>  =>  =>  =>  =>  =>  =>  =>  => "

-------------------------------
 
CADASTRO DE CLIENTE
POST => "luciana" Data => "2012-06-01 14:35:02", Cadastrou o Cliente de vale 305061 => "INFORMAÇÕES CADASTRADAS => "5 => 41 => 24 => 2 => 0 => 01/06/2012 => 305061 => 203 => 64057 => 21/10/2011 => JORGE LUIZ GOMES DOS REIS  => 334660 => ANTONIO RAMOS AMARAL => 20770054 => Rua: José dos Reis => 1921 =>  => Inhaúma => Rio de Janeiro => RJ => 2269-2282 =>  =>  =>  => 01 => 136543 => COZINHA  LUCIANE DAKAR CHAMP/NOG => 01 => 136547 => PANELEIRO LUCIANE DAKAR 2P CHAC/NOG =>  =>  =>  =>  =>  =>  =>  =>  =>  =>  =>  =>  =>  =>  =>  =>  =>  =>  =>  =>  =>  =>  =>  =>  =>  =>  =>  =>  =>  =>  =>  =>  =>  =>  =>  =>  => "

-------------------------------
 
CADASTRO DE CLIENTE
POST => "MIRIAN" Data => "2012-06-01 14:35:44", Cadastrou o Cliente de vale 388869 => "INFORMAÇÕES CADASTRADAS => "11 => 29 => 27 => 2 => 0 => 01/06/2012 => 388869 => 214 => 46465 => 13/01/2012 => ANTONIO CARLOS RODRIGUES DA SI => 452111/199 => GLEIDIANE DE SOUZA RUFINO => 24800000 => RUA SEIS  => 427 => QD P => APOLO II => ITABORAÍ => RJ => 9398-8970 =>  =>  => EM FRENTE AO PISCINA BAR => 01 => 140391 => G.ROUPA ARAPLAC 8P AUSTRIA TB/BR =>  =>  =>  =>  =>  =>  =>  =>  =>  =>  =>  =>  =>  =>  =>  =>  =>  =>  =>  =>  =>  =>  =>  =>  =>  =>  =>  =>  =>  =>  =>  =>  =>  =>  =>  =>  =>  =>  => "

-------------------------------
 
CADASTRO DE CLIENTE
POST => "marta" Data => "2012-06-01 14:36:19", Cadastrou o Cliente de vale 499059 => "INFORMAÇÕES CADASTRADAS => "22 => 27 => 23 => 0 => 0 => 01/06/2012 => 499059 => 179 => 499059 => 31/05/2012 => LEONARDO OLIVEIRA DE FREITAS => 10364 => VENILTON DAMACENO BAHIA =>  => MARAJO LT 01 QD 22 =>  => CASA 04 => JARDIM OLAVO BILAC => DUQUE DE CAXIAS =>  => 2783-5345 =>  =>  => DEPOIS DA PRAÇA OLAVO BILAC DESCENDO PELA CASA DE MAT VEREDA PROX ASS DE DEUS PROC SHEILA DE SOUZA => 1 => 136836 => ARM ITAT 2P 120CM C/VID STILO PTA => 1 => 136833 => PAN ITAT 2P 60CM ESQ STILO PTO =>  =>  =>  =>  =>  =>  =>  =>  =>  =>  =>  =>  =>  =>  =>  =>  =>  =>  =>  =>  =>  =>  =>  =>  =>  =>  =>  =>  =>  =>  =>  =>  =>  =>  =>  =>  => "

-------------------------------
 
CADASTRO DE CLIENTE
POST => "luciana" Data => "2012-06-01 14:36:24", Cadastrou o Cliente de vale 305079 => "INFORMAÇÕES CADASTRADAS => "5 => 28 => 37 => 2 => 0 => 01/06/2012 => 305079 => 203 => 64057 => 21/10/2012 => JORGE MAURICIO RODRIGUES DA CO => 334676 => ANTONIO RAMOS AMARAL => 20770054 => Rua: José dos Reis => 1921 =>  => Inhaúma => Rio de Janeiro => RJ => 2269-2282 =>  =>  =>  => 01 => 134708 => BALCAO LUCIANE DAKAR 2P4G CHAMP / NOG =>  =>  =>  =>  =>  =>  =>  =>  =>  =>  =>  =>  =>  =>  =>  =>  =>  =>  =>  =>  =>  =>  =>  =>  =>  =>  =>  =>  =>  =>  =>  =>  =>  =>  =>  =>  =>  =>  => "

-------------------------------
 
CADASTRO DE CLIENTE
POST => "ANNE" Data => "2012-06-01 14:36:53", Cadastrou o Cliente de vale 498220 => "INFORMAÇÕES CADASTRADAS => "18 => 21 => 17 => 2 => 0 => 01/06/2012 => 498220 => 169 => 78942 => 30/05/2012 => ROSANA SOUZA MONTEIRO => 392681/199 => ELIENE DOS SANTOS =>  => RUA PAULA MATOS => CASA 01 => B => SANTA TEREZA => RIO DE JANEIRO => RJ => 7212-8664 =>  =>  => PONTO FINAL DO 214. => 01 => 140391 => G.ROUPA ARAPLAC 8P AUSTRIA TB/BR =>  =>  =>  =>  =>  =>  =>  =>  =>  =>  =>  =>  =>  =>  =>  =>  =>  =>  =>  =>  =>  =>  =>  =>  =>  =>  =>  =>  =>  =>  =>  =>  =>  =>  =>  =>  =>  =>  => "

-------------------------------
 
CADASTRO DE CLIENTE
POST => "luciana" Data => "2012-06-01 14:38:18", Cadastrou o Cliente de vale 444962 => "INFORMAÇÕES CADASTRADAS => "5 => 38 => 36 => 2 => 0 => 01/06/2012 => 444962 => 253 => 51477 => 17/03/2012 => JOCIVALDO PEREIRA DA SILVA  => 51477 => MATILDE CABRAL DE MIRANDA =>  => TREZE DE MAIO => 54 =>  => PERo => CABO FRIO =>  => 2647-6234 =>  =>  =>  => 01 => 8323 => RACK SOMOPAR 20000 TB/MP =>  =>  =>  =>  =>  =>  =>  =>  =>  =>  =>  =>  =>  =>  =>  =>  =>  =>  =>  =>  =>  =>  =>  =>  =>  =>  =>  =>  =>  =>  =>  =>  =>  =>  =>  =>  =>  =>  => "

-------------------------------
 
CADASTRO DE CLIENTE
POST => "MIRIAN" Data => "2012-06-01 14:38:39", Cadastrou o Cliente de vale 345173 => "INFORMAÇÕES CADASTRADAS => "11 => 42 => 13 => 2 => 0 => 01/06/2012 => 345173 => 198 => 46415 => 03/12/2011 => ROSIMARI MIRANDA DOS SANTOS => 388611/199 => FRANCISCO CLAUDIO HENRIQUE DE SOUZA => 26031031 => ESTRADA ARISCHIAVO => 744 => CS 01FDS => CHACRINHA => JAPERI => RJ => 2670-5237 =>  =>  => DE FRENTE DO BAR DO GEGE PERTO VOOLIVRE PROC CLAUDIA => 01 => 140391 => G.ROUPA ARAPLAC 8P AUSTRIA TB/BR =>  =>  =>  =>  =>  =>  =>  =>  =>  =>  =>  =>  =>  =>  =>  =>  =>  =>  =>  =>  =>  =>  =>  =>  =>  =>  =>  =>  =>  =>  =>  =>  =>  =>  =>  =>  =>  =>  => "

-------------------------------
 
CADASTRO DE CLIENTE
POST => "marta" Data => "2012-06-01 14:38:46", Cadastrou o Cliente de vale 478278 => "INFORMAÇÕES CADASTRADAS => "22 => 33 => 20 => 0 => 0 => 01/06/2012 => 478278 => 179 => 4945 => 28/04/2012 => CLEBER CAMPISTA DA FONSECA => 22198 => RONI FELIX DE SOUSA =>  => AIRTON SENNA => 14 => CASA B => GARIBALDE  => DUQUE DE CAXIAS =>  => 2654-2255 =>  =>  => PROX AO CAMPO SOCAITE DO GARIBALDE PERTO DA BARRACA DO JOZA CLIENTE CIENTE DO MODELO => 1 => 138036 => G.ROUPA ARAPLAC 3P BARC PLUS TB/BR =>  =>  =>  =>  =>  =>  =>  =>  =>  =>  =>  =>  =>  =>  =>  =>  =>  =>  =>  =>  =>  =>  =>  =>  =>  =>  =>  =>  =>  =>  =>  =>  =>  =>  =>  =>  =>  =>  => "

-------------------------------
 
CADASTRO DE CLIENTE
POST => "luciana" Data => "2012-06-01 14:39:56", Cadastrou o Cliente de vale 379450 => "INFORMAÇÕES CADASTRADAS => "5 => 29 => 10 => 2 => 0 => 01/06/2012 => 379450 => 195 => 71416 => 04/01/2012 => EDIMILSON PEREIRA DA SILVA => 437932 => ANTONIO MAXIMO DE SOUSA JUNIOR => 25575440 => Rua: Tupi => lt6 => QDC => Vilar dos Teles => São João de Meriti => RJ => 2751-7130 =>  =>  =>  => 01 => 135593 => G. ROUPA BP 2P LUKA BR/PTO =>  =>  =>  =>  =>  =>  =>  =>  =>  =>  =>  =>  =>  =>  =>  =>  =>  =>  =>  =>  =>  =>  =>  =>  =>  =>  =>  =>  =>  =>  =>  =>  =>  =>  =>  =>  =>  =>  => "

-------------------------------
 
CADASTRO DE CLIENTE
POST => "marta" Data => "2012-06-01 14:42:55", Cadastrou o Cliente de vale 491582 => "INFORMAÇÕES CADASTRADAS => "22 => 16 => 17 => 0 => 0 => 01/06/2012 => 491582 => 179 => 11643 => 19/05/2012 => MAURICIO GONCANVES VIANA => 42007 => MARIA MADALENA NUNES GREGORIO =>  => SALITRE => 55 => CASA => JARDIM PIEDADE => BELFORD ROXO =>  => 2699-9726 =>  =>  => TROCA COM RECOLHIMENTO PROX DA PADARIA DO VASCO LADO ESQUERDO RUA SETUBAL PROX 1° RUA DA PADARIA PROC MARIA MADALENA => 1 => 141552 => CJ SALA JANTAR ORTIZ VALENCIA 6C AMEN =>  =>  =>  =>  =>  =>  =>  =>  =>  =>  =>  =>  =>  =>  =>  =>  =>  =>  =>  =>  =>  =>  =>  =>  =>  =>  =>  =>  =>  =>  =>  =>  =>  =>  =>  =>  =>  =>  => "

-------------------------------
 
CADASTRO DE CLIENTE
POST => "MIRIAN" Data => "2012-06-01 14:44:04", Cadastrou o Cliente de vale 397836 => "INFORMAÇÕES CADASTRADAS => "11 => 23 => 22 => 2 => 0 => 01/06/2012 => 397836 => 274 => 7298 => 21/01/2012 => MAURO LIMA MACHADO => 462085/199 => SUELI BORGES MARINHO => 25900000 => RUA DO ACUDE => 89 => CS PAU APIQUE => SANTO ALEIXO => MAGÉ => RJ => 3632-1568 =>  =>  => PROX AO BAR DO EBERSON PROX AO POCO DA MACUMBA PROC SUELI => 01 => 135571 => CRIADO BP DUBAY CHOC/PTO =>  =>  =>  =>  =>  =>  =>  =>  =>  =>  =>  =>  =>  =>  =>  =>  =>  =>  =>  =>  =>  =>  =>  =>  =>  =>  =>  =>  =>  =>  =>  =>  =>  =>  =>  =>  =>  =>  => "

-------------------------------
 
CADASTRO DE CLIENTE
POST => "luciana" Data => "2012-06-01 14:45:13", Cadastrou o Cliente de vale 498618 => "INFORMAÇÕES CADASTRADAS => "5 => 22 => 8 => 2 => 0 => 01/06/2012 => 498618 => 242 => 28917 => 30/05/2012 => SILVINO FERREIRA DA SILVA JUNI => 2222922 => ANITA DA SILVA SOBRAL => 26155710 => Rua: Existennte => 105 => CS1 => Nova Aurora => Belford Roxo => RJ => 3663-0028 =>  =>  =>  => 01 => 138033 => G.ROUPA ARAPLAC 10P ATLAN PLUS TB/AM =>  =>  =>  =>  =>  =>  =>  =>  =>  =>  =>  =>  =>  =>  =>  =>  =>  =>  =>  =>  =>  =>  =>  =>  =>  =>  =>  =>  =>  =>  =>  =>  =>  =>  =>  =>  =>  =>  => "

-------------------------------
 
CADASTRO DE CLIENTE
POST => "marta" Data => "2012-06-01 14:45:33", Cadastrou o Cliente de vale 499098 => "INFORMAÇÕES CADASTRADAS => "22 => 23 => 15 => 0 => 0 => 01/05/2012 => 499098 => 179 => 4862 => 31/05/2012 => ANDERSON PEREIRA SANTOS => 20939 => PATRICIA DA SILVA MACHADO =>  => AVENIDA PRESIDENTE KENEDY LT 03 QD34 =>  =>  => PILAR => DUQUE DE CAXIAS =>  => 2777-0924 =>  =>  =>  => 1 => 141256 => CAMA BOX ORTOBOM CS BLACK 138X40 => 1 => 137886 => MESA MULTIVISAO P/MICRO PICCOLO MF =>  =>  =>  =>  =>  =>  =>  =>  =>  =>  =>  =>  =>  =>  =>  =>  =>  =>  =>  =>  =>  =>  =>  =>  =>  =>  =>  =>  =>  =>  =>  =>  =>  =>  =>  =>  => "

-------------------------------
 
CADASTRO DE CLIENTE
POST => "MIRIAN" Data => "2012-06-01 14:48:15", Cadastrou o Cliente de vale 450184 => "INFORMAÇÕES CADASTRADAS => "11 => 14 => 19 => 2 => 0 => 01/06/2012 => 450184 => 175 => 37152 => 24/03/2012 => ANSELMO DS SANTOS FARIAS => 509041/199 => ERNESTO RIOS DA CUNHA => 20531010 => RUA: ÂNGELO DOS REIS => 245 => CS 02 => ALTO DA BOA VISTA => RIO DE JANEIRO => RJ => 2278-4874 =>  =>  => ANTES DA SUBIDA DOUTOR CATRAMBI PROC ERNESTO OU TEREZINHA => 01 => 136216 => G.ROUPA MOVAL 6P PARIS TB/BR =>  =>  =>  =>  =>  =>  =>  =>  =>  =>  =>  =>  =>  =>  =>  =>  =>  =>  =>  =>  =>  =>  =>  =>  =>  =>  =>  =>  =>  =>  =>  =>  =>  =>  =>  =>  =>  =>  => "

-------------------------------
 
CADASTRO DE CLIENTE
POST => "marta" Data => "2012-06-01 14:49:37", Cadastrou o Cliente de vale 499095 => "INFORMAÇÕES CADASTRADAS => "22 => 37 => 12 => 0 => 0 => 01/06/2012 => 499095 => 179 => 499095 => 31/05/2012 => ANDERSON PEREIRA SANTOS => 20952 => PATRICIA DA SILVA MACHADO =>  => AVENIDA PRESIDENTE KENEDY LT 03 QD34 =>  =>  => PILAR => DUQUE DE CAXIAS =>  => 2777-0924 => 6808-2904 =>  => PROX A IGREJA CATOLICA => 1 => 140391 => G.ROUPA ARAPLAC 8P AUSTRIA TB/BR => 1 => 140341 => BICAMA FRITZ TURIM BR/LILAS =>  =>  =>  =>  =>  =>  =>  =>  =>  =>  =>  =>  =>  =>  =>  =>  =>  =>  =>  =>  =>  =>  =>  =>  =>  =>  =>  =>  =>  =>  =>  =>  =>  =>  =>  =>  => "

-------------------------------
 
CADASTRO DE CLIENTE
POST => "marta" Data => "2012-06-01 14:51:28", Cadastrou o Cliente de vale 493280 => "INFORMAÇÕES CADASTRADAS => "22 => 31 => 23 => 0 => 0 => 01/06/2012 => 493280 => 179 => 493280 => 22/05/2012 => ANDERON PEREIRA SANTOS => 45947 => PATRICIA DA SILVA MACHADO =>  => AVENIDA PRESIDENTE KENEDY LT 03 QD34 =>  =>  => PILAR => DUQUE DE CAXIAS =>  => 2777-0924 =>  =>  =>  => 1 => 508 => CAB BOX GELIUS PUMA TB/BR/MP 1.40 =>  =>  =>  =>  =>  =>  =>  =>  =>  =>  =>  =>  =>  =>  =>  =>  =>  =>  =>  =>  =>  =>  =>  =>  =>  =>  =>  =>  =>  =>  =>  =>  =>  =>  =>  =>  =>  =>  => "

-------------------------------
 
CADASTRO DE CLIENTE
POST => "MIRIAN" Data => "2012-06-01 14:52:28", Cadastrou o Cliente de vale 407892 => "INFORMAÇÕES CADASTRADAS => "11 => 31 => 10 => 2 => 0 => 01/06/2012 => 407892 => 243 => 57154 => 31/01/2012 => VANESSA DOMINGUES FERREIRA DE => 475440/199 => CAMILA SOARES => 26262060 => RUA: ALCINDO RAFAEL => 1 =>  => COMENDADOR SOARES => NOVA IGUAÇU => RJ => 3103-4819 => 9105-2191 =>  => PROX A SUB ESTAÇÃO DA LIGHT NA RUA DO BAR DO ZEZINHO => 01 => 140391 => G.ROUPA ARAPLAC 8P AUSTRIA TB/BR =>  =>  =>  =>  =>  =>  =>  =>  =>  =>  =>  =>  =>  =>  =>  =>  =>  =>  =>  =>  =>  =>  =>  =>  =>  =>  =>  =>  =>  =>  =>  =>  =>  =>  =>  =>  =>  =>  => "

-------------------------------
 
ALTERAÇÃO DE CLIENTE
POST => "simone" Data => "2012-06-01 14:55:17", Alterou o Cliente de vale 264427 => "INFORMAÇÕES ALTERADAS => "1 => 3871 => 35 => 12 => 19 => 2 => 0 => 24/05/2012 => 264427 => 173 => 25872 => 02/09/2011 => FELIPE SILVA SANTOS => 286977/199 => CRISTINA DOURADO ROCHA => 21941545 => RUA: OITENTA E TRÊS => 18 =>  => GALEÃO => RIO DE JANEIRO => RJ => 3383-8666 =>  =>  => ENTRANDO PELO DPO => CLIENTE AUSENTE, MORA DENTRO DO CONDOMINIO , CASA NO TIJOLO, DE 2 ANDAR  PORTA DE ALUMINIO. => 1 => 135251 => G.ROUPA FRITZ 6P DANY TB/BR => 0 =>  => 0 =>  => 0 =>  => 0 =>  => 0 =>  => 0 =>  => 0 =>  => 0 =>  => 0 =>  => 0 =>  => 0 =>  => 0 =>  => 0 =>  => 0 =>  => 0 =>  => 0 =>  => 0 =>  => 0 =>  => 0 =>  => "

-------------------------------
 
CADASTRO DE CLIENTE
POST => "MIRIAN" Data => "2012-06-01 14:58:46", Cadastrou o Cliente de vale 325967 => "INFORMAÇÕES CADASTRADAS => "11 => 10 => 17 => 2 => 0 => 01/06/2012 => 325967 => 195 => 63933 => 11/11/2011 => PAULO CESAR DE LIVEIRA FERREI => 359192/199 => LUZINETE RAMOS DA SILVA => 25570812 => RUA: RIO BONITO => LT 02 QD G =>  => SÍTIO DOS GANSOS => SÃO JOÃO DE MERITI => RJ =>  =>  =>  => PROX RODO SUBI ALMEDA RUA DA PADARIA SUBINDO BARRACA VANIDO PROC BABY. => 01 => 140391 => G.ROUPA ARAPLAC 8P AUSTRIA TB/BR =>  =>  =>  =>  =>  =>  =>  =>  =>  =>  =>  =>  =>  =>  =>  =>  =>  =>  =>  =>  =>  =>  =>  =>  =>  =>  =>  =>  =>  =>  =>  =>  =>  =>  =>  =>  =>  =>  => "

-------------------------------
 
CADASTRO DE CLIENTE
POST => "MIRIAN" Data => "2012-06-01 15:02:04", Cadastrou o Cliente de vale 498407 => "INFORMAÇÕES CADASTRADAS => "11 => 12 => 22 => 2 => 0 => 01/06/2012 => 498407 => 238 => 20144 => 30/05/2012 => ROBENITA BRITO DA FONSECA => 76799/S => AUREA NASCIMENTO CONCEIÇÃO => 23052090 => RUA POENTE => QD 09 LT 06 =>  => GUARATIBA => RIO DE JANEIRO => RJ => 3316-9230 =>  =>  => VIA ESTR DO MATOALTO ENTR R VICENTE PERROTA PRIM R APOS ECL  => 01 => 8981 => G. ROUPA MOVAL 6P40065 COL PLUS TB/M =>  =>  =>  =>  =>  =>  =>  =>  =>  =>  =>  =>  =>  =>  =>  =>  =>  =>  =>  =>  =>  =>  =>  =>  =>  =>  =>  =>  =>  =>  =>  =>  =>  =>  =>  =>  =>  =>  => "

-------------------------------
 
ALTERAÇÃO DE CLIENTE
POST => "simone" Data => "2012-06-01 15:04:09", Alterou o Cliente de vale 494626 => "INFORMAÇÕES ALTERADAS => "1 => 3870 => 35 => 23 => 34 => 2 => 0 => 24/05/2012 => 494626 => 213 => 14189 => 23/05/2012 => MOISES CASTELO JUNIOR => 493586/S => MIRIAM FARIAS DO AMARAL => 25900000 => RUA DUQUE DE CAXIAS => 484 => CS 03 => TIRIRICA => MAGÉ => RJ => 2633-2259 =>  =>  => EM FRENTE AO DEPOSITO DE PISO MARQUINS AO LADO DA BARRACA DA CELI => OBS: AGEND: 02/06/2012 => 1 => 98715 => ESTANTE BECHARA CANADA HO AMEND/PTO => 0 =>  => 0 =>  => 0 =>  => 0 =>  => 0 =>  => 0 =>  => 0 =>  => 0 =>  => 0 =>  => 0 =>  => 0 =>  => 0 =>  => 0 =>  => 0 =>  => 0 =>  => 0 =>  => 0 =>  => 0 =>  => 0 =>  => "

-------------------------------
 
CADASTRO DE CLIENTE
POST => "MIRIAN" Data => "2012-06-01 15:04:37", Cadastrou o Cliente de vale 403036 => "INFORMAÇÕES CADASTRADAS => "11 => 17 => 12 => 2 => 0 => 01/06/2012 => 403036 => 241 => 37609 => 26/01/2012 => JULIO CESRA VIEIRA SOARES => 469577/199 => AUREA CHARMAINE ROMEIRO COSTA => 20251400 => RUA: SANTA CATARINA => 100 => AP 401 => SANTA TERESA => RIO DE JANEIRO => RJ => 9865-7037 => 9613-6989 =>  => ACESSO PELA RUA GONCALVES PROX A CLINICA DA FAMILIA PROC AUREA OU RAFAEL => 01 => 135481 => COZ KIPLAC RENATA PLUS BR/PTO =>  =>  =>  =>  =>  =>  =>  =>  =>  =>  =>  =>  =>  =>  =>  =>  =>  =>  =>  =>  =>  =>  =>  =>  =>  =>  =>  =>  =>  =>  =>  =>  =>  =>  =>  =>  =>  =>  => "

-------------------------------
 
ALTERAÇÃO DE CLIENTE
POST => "simone" Data => "2012-06-01 15:10:15", Alterou o Cliente de vale 232095 => "INFORMAÇÕES ALTERADAS => "1 => 3869 => 35 => 46 => 26 => 2 => 0 => 24/05/2012 => 232095 => 241 => 26873 => 30/07/2011 => JULIO CESAR VIEIRA SOARES => 248948/199 => CAROLINA MATEUS E OLIVEIRA => 20530420 => ESTRADA DA INDEPENDENCIA => 118 =>  => TIJUCA => RIO DE JANEIRO => RJ => 7679-5706 => 3685-4507 =>  => PRX A CURVA DA IGREJINHA PRC MARIA QAPARECIDA OU MICHELE => MICHELE  => 1 => 140391 => G.ROUPA ARAPLAC 8P AUSTRIA TB/BR => 0 =>  => 0 =>  => 0 =>  => 0 =>  => 0 =>  => 0 =>  => 0 =>  => 0 =>  => 0 =>  => 0 =>  => 0 =>  => 0 =>  => 0 =>  => 0 =>  => 0 =>  => 0 =>  => 0 =>  => 0 =>  => 0 =>  => "

-------------------------------
 
ALTERAÇÃO DE CLIENTE
POST => "simone" Data => "2012-06-01 15:25:02", Alterou o Cliente de vale 326032 => "INFORMAÇÕES ALTERADAS => "1 => 3904 => 35 => 21 => 27 => 2 => 0 => 24/05/2012 => 326032 => 176 => 24956 => 11/11/2011 => THAIS DE PAULA LOBATO => 359137 / 199 => MARCIO A SILVA =>  => RUA:ALMIRANTE FIGUEIREDO => 109 =>  => FREGUESIA => ILHA DO GOVERNADOR => RJ => 7181-3844 => 7287-3367 =>  => REF : NA PEDREIRA SUBINDO CATUCHA =>  => 1 => 100136 => COZINHA ITAT DAYANE BR => 0 =>  => 0 =>  => 0 =>  => 0 =>  => 0 =>  => 0 =>  => 0 =>  => 0 =>  => 0 =>  => 0 =>  => 0 =>  => 0 =>  => 0 =>  => 0 =>  => 0 =>  => 0 =>  => 0 =>  => 0 =>  => 0 =>  => "

-------------------------------
 
ALTERAÇÃO DE CLIENTE
POST => "ANNE" Data => "2012-06-01 15:33:06", Alterou o Cliente de vale 486621 => "INFORMAÇÕES ALTERADAS => "1 => 3646 => 18 => 36 => 20 => 0 => 0 => 14/05/2012 => 486621 => 247 => 28152 => 11/05/2012 => ANA CAROLINA DA CONCEICAO LOPES => 3407 / 199 => ROSANGELA CENI DA CRUZ => 24400000 => RUA:HEITOR RODRIGUES => 883 => CASA => FAZENDA DOS MINEIROS => SAO GONCALO => RJ => 2725-3521 =>  =>  => NA RUA DO LADO DA SERRARIA DO VALTINHO. => AGENDADO PARA O DIA 01/06 COM ADELINO,TENTEI FALAR COM A CLIENTE NO NÙMERO 27253521 MAS SÓ CHAMA PARA CONFIRMAR O AGENDADO PARA 01/06. => 1 => 135481 => COZ KIPLAC RENATA PLUS BR/PTO => 0 =>  => 0 =>  => 0 =>  => 0 =>  => 0 =>  => 0 =>  => 0 =>  => 0 =>  => 0 =>  => 0 =>  => 0 =>  => 0 =>  => 0 =>  => 0 =>  => 0 =>  => 0 =>  => 0 =>  => 0 =>  => 0 =>  => "

-------------------------------
 
ALTERAÇÃO DE CLIENTE
POST => "MIRIAN" Data => "2012-06-01 15:49:38", Alterou o Cliente de vale 538731 => "INFORMAÇÕES ALTERADAS => "1 => 4037 => 11 => 22 => 23 => 0 => 2 => 01/06/2012 => 538731 => 274 => 538731 => 30/05/2012 =>  =>  => KELLY VITORINO DA SILVA =>  => RUA 1 => 397 => QD 07 => MAUA => MAGE => RJ => 8397-4625 =>  =>  => prox padaria do maneco em frente ao bar. =>  => 1 => 140391 => G.ROUPA ARAPLAC 8P AUSTRIA TB/BR => 0 =>  => 0 =>  => 0 =>  => 0 =>  => 0 =>  => 0 =>  => 0 =>  => 0 =>  => 0 =>  => 0 =>  => 0 =>  => 0 =>  => 0 =>  => 0 =>  => 0 =>  => 0 =>  => 0 =>  => 0 =>  => 0 =>  => "

-------------------------------
 
ALTERAÇÃO DE CLIENTE
POST => "simone" Data => "2012-06-01 15:50:15", Alterou o Cliente de vale 309019 => "INFORMAÇÕES ALTERADAS => "1 => 3903 => 35 => 29 => 18 => 2 => 0 => 24/05/2012 => 309019 => 203 => 64535 => 26/10/2011 => JORGE LUIZ GOMES DOS REIS => 340360 / 199 => VIVIANE OLIVEIRA GALVAO => 22711130 => RUA: NELSON CAVAQUINHO => 19 => CASA => CURICICA => RIO DE JANEIRO => RJ => 7754-6801 =>  =>  => NA RUA DO GAS OU NA RUA SMTU. => obs: cliente não atende o tel as 15:54.para verifica se foi montado  => 1 => 138033 => G.ROUPA ARAPLAC 10P ATLAN PLUS TB/AM => 0 =>  => 0 =>  => 0 =>  => 0 =>  => 0 =>  => 0 =>  => 0 =>  => 0 =>  => 0 =>  => 0 =>  => 0 =>  => 0 =>  => 0 =>  => 0 =>  => 0 =>  => 0 =>  => 0 =>  => 0 =>  => 0 =>  => "

-------------------------------
