 
ALTERAÇÃO DE CLIENTE
POST => "simone" Data => "2012-06-22 09:12:37", Alterou o Cliente de vale 566849 => "INFORMAÇÕES ALTERADAS => "1 => 3969 => 35 => 37 => 36 => 0 => 2 => 28/05/2012 => 566849 => RE => 566849 => 25/05/2012 =>  =>  => BRUNA DO NASCIMENTO DOMINGOS =>  => AV CANAL 2 => 63 => CASA 2 => COSMOS => RIO DE JANEIRO =>  => 3551-3849 => 9211-0786 =>  => AV CES DE MELO BAIRRO VILAR CARIOCA PROX AO SEGUNDO BRIZOLAO NAS CASINHA BEIRANDO VALAO PROC MARIZETE OU BRUNA =>  => 1 => 5728 => MESA GRANITO AUSTRALIA 6C RET OURO => 0 =>  => 0 =>  => 0 =>  => 0 =>  => 0 =>  => 0 =>  => 0 =>  => 0 =>  => 0 =>  => 0 =>  => 0 =>  => 0 =>  => 0 =>  => 0 =>  => 0 =>  => 0 =>  => 0 =>  => 0 =>  => 0 =>  => "

-------------------------------
 
ALTERAÇÃO DE CLIENTE
POST => "marta" Data => "2012-06-22 09:30:05", Alterou o Cliente de vale 503403 => "INFORMAÇÕES ALTERADAS => "1 => 4184 => 22 => 20 => 30 => 0 => 0 => 11/06/2012 => 503403 => 179 => 503403 => 11/06/2012 => CAMILA PEREIRA DE OLIVEIRA => 450637/199 => KISSILA MUNIZ FERREIRA => 25010060 => AVENIDA TANCREDO NEVES => 611 =>  => ITATIAIA => DUQUE DE CAXIAS => RJ => 2775-0182 => 7860-5183 =>  => UMA RUA ANTES DA IGEJA NOVA VIDA ENTRADA PELA RUA ITABIRA PORTAO PRETO PED.152987 =>  => 1 => 139155 => G.ROUPA FRITZ 6P DANY AMEND /PTO => 0 =>  => 0 =>  => 0 =>  => 0 =>  => 0 =>  => 0 =>  => 0 =>  => 0 =>  => 0 =>  => 0 =>  => 0 =>  => 0 =>  => 0 =>  => 0 =>  => 0 =>  => 0 =>  => 0 =>  => 0 =>  => 0 =>  => "

-------------------------------
 
ALTERAÇÃO DE CLIENTE
POST => "marta" Data => "2012-06-22 09:31:02", Alterou o Cliente de vale 499254 => "INFORMAÇÕES ALTERADAS => "1 => 4022 => 22 => 41 => 27 => 0 => 0 => 31/05/2012 => 499254 => 181 => 62185 => 31/05/2012 => ERNANI DA SILVA SANTOS => 441010/199 => ALBA VALERIA R DOS SANTOS => 24315215 => RUA: COMANDANTE MINERVINO => 14 => CS 01 => ATALAIA => NITERÓI => RJ => 3046-7417 => 9751-5466 =>  => NA SUBIDA D BARDO JACARE PROC ALA OU VALTINHO OU KELLY =>  => 1 => 10794 => ARM ITAT IPH-70 GAR TEC BR/LA => 1 => 138033 => G.ROUPA ARAPLAC 10P ATLAN PLUS TB/AM => 1 => 99076 => ARM ITAT MAD IP HT-105 TECNO B/PT/L => 0 =>  => 0 =>  => 0 =>  => 0 =>  => 0 =>  => 0 =>  => 0 =>  => 0 =>  => 0 =>  => 0 =>  => 0 =>  => 0 =>  => 0 =>  => 0 =>  => 0 =>  => 0 =>  => 0 =>  => "

-------------------------------
 
ALTERAÇÃO DE CLIENTE
POST => "marta" Data => "2012-06-22 09:32:14", Alterou o Cliente de vale 499266 => "INFORMAÇÕES ALTERADAS => "1 => 4023 => 22 => 35 => 17 => 0 => 0 => 31/05/2012 => 499266 => 181 => 62185 => 31/05/2012 => ERNANI DA SILVA SANTOS => 440996/199 => ALBA VALERIA R DOS SANTOS => 24315215 => RUA: COMANDANTE MINERVINO => 14 => CS 01 => ATALAIA => NITERÓI => RJ => 3046-7417 => 9751-5466 =>  => NA SUBIDA DO BAR DO JACARE PROC ALBA,VALTINHO OU KELLY =>  => 1 => 99059 => ARM ITAT MAD IG HT-105 TEC BR/PT/LA => 1 => 10786 => ARM ITAT MAD IPLDA-70 TECNO PTO/LAC => 0 =>  => 0 =>  => 0 =>  => 0 =>  => 0 =>  => 0 =>  => 0 =>  => 0 =>  => 0 =>  => 0 =>  => 0 =>  => 0 =>  => 0 =>  => 0 =>  => 0 =>  => 0 =>  => 0 =>  => 0 =>  => "

-------------------------------
 
CADASTRO DE CLIENTE
POST => "MIRIAN" Data => "2012-06-22 09:37:22", Cadastrou o Cliente de vale 487304 => "INFORMAÇÕES CADASTRADAS => "11 => 26 => 18 => 0 => 0 => 22/06/2012 => 487304 => 241 => 2054 => 14/05/2012 => ROBSON DO BARCO SANTOS => 35565/199 => IVONETE DA SILVA RODRIGUES => 20251360 => TRAVESSA: MARIETA => 27 => CS 01 => CATUMBI => RIO DE JANEIRO => RJ => 2265-8707 => 7229-0926 => 7307-8303 => FAZENDO O CONTORNO POR CIMA DO TUNIL SANTA BARBARA1 PORTAO  => 01 => 140391 => G.ROUPA ARAPLAC 8P AUSTRIA TB/BR =>  =>  =>  =>  =>  =>  =>  =>  =>  =>  =>  =>  =>  =>  =>  =>  =>  =>  =>  =>  =>  =>  =>  =>  =>  =>  =>  =>  =>  =>  =>  =>  =>  =>  =>  =>  =>  =>  => "

-------------------------------
 
ALTERAÇÃO DE CLIENTE
POST => "luciana" Data => "2012-06-22 10:12:19", Alterou o Cliente de vale 471602 => "INFORMAÇÕES ALTERADAS => "1 => 3696 => 5 => 13 => 10 => 0 => 0 => 16/05/2012 => 471602 => 178 => 1274 => 17/04/2012 => GILCIMAR ALVES CORREIA => 14584/199 => LUIZ CLAUDIO MONTEIRO DE FREITAS => 27288270 => RUA: SÃO LOURENÇO => 650 => CASA => SANTA RITA DO ZARUR => VOLTA REDONDA => RJ =>  =>  =>  => 24 33407573 AO LADO DA OFICINA BEBECA. RELATORIO ENVIADO PARA MIRIAM DIA 22/6 LUCIANA  =>  => 1 => 9074 => COZINHA COMP COLOR ECLIPSE TOP PTO => 0 =>  => 0 =>  => 0 =>  => 0 =>  => 0 =>  => 0 =>  => 0 =>  => 0 =>  => 0 =>  => 0 =>  => 0 =>  => 0 =>  => 0 =>  => 0 =>  => 0 =>  => 0 =>  => 0 =>  => 0 =>  => 0 =>  => "

-------------------------------
 
ALTERAÇÃO DE CLIENTE
POST => "luciana" Data => "2012-06-22 10:16:27", Alterou o Cliente de vale 486393 => "INFORMAÇÕES ALTERADAS => "1 => 3576 => 5 => 21 => 8 => 0 => 0 => 14/05/2012 => 486393 => 238 => 67202 => 11/05/2012 => JOSIANE CLAUDINO NUNES => 900 / 199 => ANA JESSICA DIAS DA SILVA => 23033150 => RUA: PASSA-QUATRO => lt 18 => QD 13 => GUARATIBA => RIO DE JANEIRO => RJ => 2394-5042 =>  =>  => NO BAIRRO JARDIM MARAVILHA ENTR NA RUA DA FARMACIA 24H SEGUIR DIRETO 3 RUA ESQ. => AGENDADO PARA O DIA 22/05! RELATORIO ENVIADO PARA MIRIAM DIA 22/6 LUCIANA  => 1 => 140041 => SAPATEIRA CARRARO MULTI 424 TB => 0 =>  => 0 =>  => 0 =>  => 0 =>  => 0 =>  => 0 =>  => 0 =>  => 0 =>  => 0 =>  => 0 =>  => 0 =>  => 0 =>  => 0 =>  => 0 =>  => 0 =>  => 0 =>  => 0 =>  => 0 =>  => 0 =>  => "

-------------------------------
 
ALTERAÇÃO DE CLIENTE
POST => "luciana" Data => "2012-06-22 10:18:35", Alterou o Cliente de vale 467410 => "INFORMAÇÕES ALTERADAS => "1 => 3630 => 5 => 30 => 1 => 0 => 0 => 14/05/2012 => 467410 => 209 => 61923 => 11/04/2012 => CLERIA AVENTINA FERNANDES RODR => 252 / 199 => CLEUZA APARECIDA DE SOUZA => 27323390 => BECO: DOS CARVALHOS => 19 => CASA => ANO BOM => BARRA MANSA => RJ => 8134-7312 => 3324-3253 =>  => EM FRENTE A MARCENARIA NO BECO DOS CARVALHOS.  RELATORIO ENVIADO PARA MIRIM DIA 22/6 LUCIANA  =>  => 1 => 100136 => COZINHA ITAT DAYANE BR => 0 =>  => 0 =>  => 0 =>  => 0 =>  => 0 =>  => 0 =>  => 0 =>  => 0 =>  => 0 =>  => 0 =>  => 0 =>  => 0 =>  => 0 =>  => 0 =>  => 0 =>  => 0 =>  => 0 =>  => 0 =>  => 0 =>  => "

-------------------------------
 
ALTERAÇÃO DE CLIENTE
POST => "luciana" Data => "2012-06-22 10:20:53", Alterou o Cliente de vale 473842 => "INFORMAÇÕES ALTERADAS => "1 => 3706 => 5 => 5 => 8 => 0 => 0 => 16/05/2012 => 473842 => 209 => 583 => 20/04/2012 => REGINA CAELI PONCIANO => 16106/199 => HERMES DE ALMEIDA DA SILVEIRA => 27355180 => RUA MELVIN JONES => 513 => CASA 03 => VILA ORLANDELIA => BARRA MANSA => RJ =>  =>  =>  => 24 33241372 PROX AO COLEGIO REGINALDO ARAUJO PROC HERMES  RELATORIO ENVIADO PARA MIRIAM DIA 22/6 LUCIANA  =>  => 1 => 140391 => G.ROUPA ARAPLAC 8P AUSTRIA TB/BR => 0 =>  => 0 =>  => 0 =>  => 0 =>  => 0 =>  => 0 =>  => 0 =>  => 0 =>  => 0 =>  => 0 =>  => 0 =>  => 0 =>  => 0 =>  => 0 =>  => 0 =>  => 0 =>  => 0 =>  => 0 =>  => 0 =>  => "

-------------------------------
 
ALTERAÇÃO DE CLIENTE
POST => "luciana" Data => "2012-06-22 10:28:09", Alterou o Cliente de vale 530475 => "INFORMAÇÕES ALTERADAS => "1 => 4254 => 5 => 26 => 15 => 0 => 2 => 11/06/2012 => 530475 => 178 => 530475 => 11/06/2012 =>  =>  => MARIA MADALENA DE OLIVEIRA =>  => RUA NICOLAU TOLENTINO => 206 =>  => DOIS CALIFORNIA => BARRA DO PIRAI => RJ => 3338-4738 =>  =>  => ATRS DO HOTEL SAO RAFAEL PED.70438  RELATORIO ENVIADO PARA MIRIAM DIA 22/6 LUCIANA  =>  => 1 => 138033 => G.ROUPA ARAPLAC 10P ATLAN PLUS TB/AM => 0 =>  => 0 =>  => 0 =>  => 0 =>  => 0 =>  => 0 =>  => 0 =>  => 0 =>  => 0 =>  => 0 =>  => 0 =>  => 0 =>  => 0 =>  => 0 =>  => 0 =>  => 0 =>  => 0 =>  => 0 =>  => 0 =>  => "

-------------------------------
 
CADASTRO DE CLIENTE
POST => "MIRIAN" Data => "2012-06-22 10:28:47", Cadastrou o Cliente de vale 496028 => "INFORMAÇÕES CADASTRADAS => "11 => 5 => 14 => 0 => 1 => 25/05/2012 => 496028 => 282 => 2852 => 25/05/2012 => LUIS GUSTAVO DA SILVA BATISTA => 439014/199 => JOAO PAULO CAMPOS FERREIRA => 22753212 => ESTRADA: DE JACAREPAGUÁ => 3145 =>  => JACAREPAGUÁ => RIO DE JANEIRO => RJ => 3382-0321 =>  =>  => CASINHAS RUA 5 NUMERO 14 ANADAR 03  => 01 => 140094 => G.ROUPA BERGAMO 5P LISBOA IMB/PTO =>  =>  =>  =>  =>  =>  =>  =>  =>  =>  =>  =>  =>  =>  =>  =>  =>  =>  =>  =>  =>  =>  =>  =>  =>  =>  =>  =>  =>  =>  =>  =>  =>  =>  =>  =>  =>  =>  => "

-------------------------------
 
ALTERAÇÃO DE CLIENTE
POST => "luciana" Data => "2012-06-22 10:30:35", Alterou o Cliente de vale 530475 => "INFORMAÇÕES ALTERADAS => "1 => 4254 => 5 => 16 => 27 => 0 => 2 => 11/06/2012 => 530475 => 178 => 530475 => 11/06/2012 =>  =>  => MARIA MADALENA DE OLIVEIRA =>  => RUA NICOLAU TOLENTINO => 206 =>  => DOIS CALIFORNIA => BARRA DO PIRAI => RJ => 3338-4738 =>  =>  => ATRS DO HOTEL SAO RAFAEL PED.70438  RELATORIO ENVIADO PARA MIRIAM DIA 22/6 LUCIANA  =>  => 1 => 138033 => G.ROUPA ARAPLAC 10P ATLAN PLUS TB/AM => 0 =>  => 0 =>  => 0 =>  => 0 =>  => 0 =>  => 0 =>  => 0 =>  => 0 =>  => 0 =>  => 0 =>  => 0 =>  => 0 =>  => 0 =>  => 0 =>  => 0 =>  => 0 =>  => 0 =>  => 0 =>  => 0 =>  => "

-------------------------------
 
ALTERAÇÃO DE CLIENTE
POST => "luciana" Data => "2012-06-22 10:31:45", Alterou o Cliente de vale 534037 => "INFORMAÇÕES ALTERADAS => "1 => 3745 => 5 => 13 => 27 => 0 => 2 => 11/05/2012 => 534037 => 209 => 534037 => 10/05/2012 =>  =>  => JOSE OTAVIO RODRIGUES =>  => AVENIDA DOS OINHEIRO => 703 =>  => BELORIZONTE =>  =>  => 3326-6435 => 8819-8731 =>  => RELATORIO ENVIADO PARA MIRIAM DIA 22/6 LUCIANA  =>  => 0 => 8372 => G.ROUPA BP 3P DUBAY TB/BR/MP => 0 =>  => 0 =>  => 0 =>  => 0 =>  => 0 =>  => 0 =>  => 0 =>  => 0 =>  => 0 =>  => 0 =>  => 0 =>  => 0 =>  => 0 =>  => 0 =>  => 0 =>  => 0 =>  => 0 =>  => 0 =>  => 0 =>  => "

-------------------------------
 
ALTERAÇÃO DE CLIENTE
POST => "luciana" Data => "2012-06-22 10:33:39", Alterou o Cliente de vale 580532 => "INFORMAÇÕES ALTERADAS => "1 => 4253 => 5 => 2 => 6 => 0 => 2 => 04/06/2012 => 580532 => 178 => 580532 => 04/06/2012 =>  =>  => JORGE FURTADO DA SILVA =>  => RU APORTO VELHO => 95 =>  => SANTO AGOSTINHO => VOLTA REDONDA => RJ => 3338-4080 =>  =>  => PROX AO BAR DO NONO PED.72  RELATORIO ENVIADO PARA MIRIAM DIA 22/6 LUCIANA  =>  => 1 => 88613 => ARM COLOR ECLIPSE PLUS 2P4G BAL C/T BR => 0 =>  => 0 =>  => 0 =>  => 0 =>  => 0 =>  => 0 =>  => 0 =>  => 0 =>  => 0 =>  => 0 =>  => 0 =>  => 0 =>  => 0 =>  => 0 =>  => 0 =>  => 0 =>  => 0 =>  => 0 =>  => 0 =>  => "

-------------------------------
 
ALTERAÇÃO DE CLIENTE
POST => "luciana" Data => "2012-06-22 10:36:55", Alterou o Cliente de vale 560171 => "INFORMAÇÕES ALTERADAS => "1 => 3933 => 5 => 34 => 14 => 0 => 2 => 23/05/2012 => 560171 => 795 => 560171 => 23/05/2012 =>  =>  => RAFAEL VIEIRA VIANA =>  => RUA ISSAC POLITI => 90 =>  => FAZENDA DA BARRA1 => RESENDE =>  =>  =>  =>  => PASSEI E-MAIL PARA O MARCOS DIA 28/5  RELATORIO ENVIADO P/ MIRIAM DIA 22/6 LUCIANA  => marco pediu para agendar para 5ª feira. confirmado com jandira => 1 => 8981 => G. ROUPA MOVAL 6P40065 COL PLUS TB/M => 0 =>  => 0 =>  => 0 =>  => 0 =>  => 0 =>  => 0 =>  => 0 =>  => 0 =>  => 0 =>  => 0 =>  => 0 =>  => 0 =>  => 0 =>  => 0 =>  => 0 =>  => 0 =>  => 0 =>  => 0 =>  => 0 =>  => "

-------------------------------
 
ALTERAÇÃO DE CLIENTE
POST => "luciana" Data => "2012-06-22 10:38:06", Alterou o Cliente de vale 459074 => "INFORMAÇÕES ALTERADAS => "1 => 3744 => 5 => 12 => 29 => 0 => 2 => 16/05/2012 => 459074 => 178 => 459074 => 19/04/2012 =>  =>  => LUIZ CLAUDIO DA SILVA =>  => SUINAN => 174 => CASA 01 => RETIRO => VOLTA REDONDA => RJ => 3341-4466 =>  =>  => ESTRADA DA FUNDACÃO BEATRIZ GAMA.PEDIDO: 65490   RELATORIO ENVIADO P/ MIRIAM DIA 22/6 LUCIANA  =>  => 1 => 141552 => CJ SALA JANTAR ORTIZ VALENCIA 6C AMEN => 0 =>  => 0 =>  => 0 =>  => 0 =>  => 0 =>  => 0 =>  => 0 =>  => 0 =>  => 0 =>  => 0 =>  => 0 =>  => 0 =>  => 0 =>  => 0 =>  => 0 =>  => 0 =>  => 0 =>  => 0 =>  => 0 =>  => "

-------------------------------
 
ALTERAÇÃO DE CLIENTE
POST => "luciana" Data => "2012-06-22 10:40:31", Alterou o Cliente de vale 542243 => "INFORMAÇÕES ALTERADAS => "1 => 4029 => 5 => 27 => 37 => 0 => 2 => 01/06/2012 => 542243 => 178 => 542243 => 04/02/2012 =>  =>  => DILCE ENI ALVES DA SILVA =>  => ANGELICA => 263 =>  => AGUA LIMPA => VOLTA REDONDA =>  => 3350-2709 =>  =>  => RELATORIO ENVIADO P/ MIRIAM DIA 22/6 LUCIANA  =>  => 1 => 8372 => G.ROUPA BP 3P DUBAY TB/BR/MP => 0 =>  => 0 =>  => 0 =>  => 0 =>  => 0 =>  => 0 =>  => 0 =>  => 0 =>  => 0 =>  => 0 =>  => 0 =>  => 0 =>  => 0 =>  => 0 =>  => 0 =>  => 0 =>  => 0 =>  => 0 =>  => 0 =>  => "

-------------------------------
 
ALTERAÇÃO DE CLIENTE
POST => "luciana" Data => "2012-06-22 10:42:02", Alterou o Cliente de vale 536500 => "INFORMAÇÕES ALTERADAS => "1 => 3382 => 5 => 22 => 14 => 0 => 2 => 10/05/2012 => 536500 => 230 => 536500 => 10/05/2012 =>  =>  => PEDRO PEREIRA PAXU =>  => RUA:DOM AQUINO CORREIA => 30 =>  => GUARATIBA => RIO DE JANEIRO => RJ => 3317-1049 =>  =>  => PROX AO COLEGIO GASTAO RAGEL PEGAR RUA ABERLADO NUNES. RELATORIO ENVIADO P/ MIRIAM DIA 22/6 LUCIANA  => PASSADO P/ROTA DO CAMINHÃO => 1 => 508 => CAB BOX GELIUS PUMA TB/BR/MP 1.40 => 0 =>  => 0 =>  => 0 =>  => 0 =>  => 0 =>  => 0 =>  => 0 =>  => 0 =>  => 0 =>  => 0 =>  => 0 =>  => 0 =>  => 0 =>  => 0 =>  => 0 =>  => 0 =>  => 0 =>  => 0 =>  => 0 =>  => "

-------------------------------
 
CADASTRO DE CLIENTE
POST => "MIRIAN" Data => "2012-06-22 10:52:33", Cadastrou o Cliente de vale 587977 => "INFORMAÇÕES CADASTRADAS => "11 => 31 => 25 => 0 => 2 => 22/06/2012 => 587977 => 280 => 587977 => 22/06/2012 =>  =>  => LETICIA FLAVIA PUGA DA SILVA =>  => RUA HALIETO  => 164 => CS 01 => GUADALUPE => RIO DE JANEIRO => RJ => 3106-5640 =>  =>  =>  => 01 => 135481 => COZ KIPLAC RENATA PLUS BR/PTO =>  =>  =>  =>  =>  =>  =>  =>  =>  =>  =>  =>  =>  =>  =>  =>  =>  =>  =>  =>  =>  =>  =>  =>  =>  =>  =>  =>  =>  =>  =>  =>  =>  =>  =>  =>  =>  =>  => "

-------------------------------
 
ALTERAÇÃO DE CLIENTE
POST => "luciana" Data => "2012-06-22 10:52:56", Alterou o Cliente de vale 530475 => "INFORMAÇÕES ALTERADAS => "1 => 4254 => 5 => 20 => 15 => 0 => 2 => 11/06/2012 => 530475 => 178 => 530475 => 11/06/2012 =>  =>  => MARIA MADALENA DE OLIVEIRA =>  => RUA NICOLAU TOLENTINO => 206 =>  => DOIS CALIFORNIA => BARRA DO PIRAI => RJ => 3338-4738 =>  =>  => ATRS DO HOTEL SAO RAFAEL PED.70438  RELATORIO ENVIADO PARA MIRIAM DIA 22/6 LUCIANA  => FEITO O PEDIDO DE PEÇAS DIA 22/6!!! LUCIANA . => 1 => 138033 => G.ROUPA ARAPLAC 10P ATLAN PLUS TB/AM => 0 =>  => 0 =>  => 0 =>  => 0 =>  => 0 =>  => 0 =>  => 0 =>  => 0 =>  => 0 =>  => 0 =>  => 0 =>  => 0 =>  => 0 =>  => 0 =>  => 0 =>  => 0 =>  => 0 =>  => 0 =>  => 0 =>  => "

-------------------------------
 
ALTERAÇÃO DE CLIENTE
POST => "luciana" Data => "2012-06-22 11:04:53", Alterou o Cliente de vale 530475 => "INFORMAÇÕES ALTERADAS => "1 => 4254 => 5 => 17 => 22 => 0 => 2 => 11/06/2012 => 530475 => 178 => 530475 => 11/06/2012 =>  =>  => MARIA MADALENA DE OLIVEIRA =>  => RUA NICOLAU TOLENTINO => 206 =>  => DOIS CALIFORNIA => BARRA DO PIRAI => RJ => 3338-4738 =>  =>  => ATRS DO HOTEL SAO RAFAEL PED.70438  RELATORIO ENVIADO PARA MIRIAM DIA 22/6 LUCIANA  =>  => 1 => 138033 => G.ROUPA ARAPLAC 10P ATLAN PLUS TB/AM => 0 =>  => 0 =>  => 0 =>  => 0 =>  => 0 =>  => 0 =>  => 0 =>  => 0 =>  => 0 =>  => 0 =>  => 0 =>  => 0 =>  => 0 =>  => 0 =>  => 0 =>  => 0 =>  => 0 =>  => 0 =>  => 0 =>  => "

-------------------------------
 
ALTERAÇÃO DE CLIENTE
POST => "luciana" Data => "2012-06-22 11:07:40", Alterou o Cliente de vale 534037 => "INFORMAÇÕES ALTERADAS => "1 => 3745 => 5 => 8 => 38 => 0 => 2 => 11/05/2012 => 534037 => 209 => 534037 => 10/05/2012 =>  =>  => JOSE OTAVIO RODRIGUES =>  => AVENIDA DOS OINHEIRO => 703 =>  => BELORIZONTE =>  =>  => 3326-6435 => 8819-8731 =>  => RELATORIO ENVIADO PARA MIRIAM DIA 22/6   FEITO O PEDIDO DE PEÇAS DIA 22/6 LUCIANA  =>  => 0 => 8372 => G.ROUPA BP 3P DUBAY TB/BR/MP => 0 =>  => 0 =>  => 0 =>  => 0 =>  => 0 =>  => 0 =>  => 0 =>  => 0 =>  => 0 =>  => 0 =>  => 0 =>  => 0 =>  => 0 =>  => 0 =>  => 0 =>  => 0 =>  => 0 =>  => 0 =>  => 0 =>  => "

-------------------------------
 
ALTERAÇÃO DE CLIENTE
POST => "luciana" Data => "2012-06-22 11:15:31", Alterou o Cliente de vale 534037 => "INFORMAÇÕES ALTERADAS => "1 => 3745 => 5 => 16 => 21 => 0 => 2 => 11/05/2012 => 534037 => 209 => 534037 => 10/05/2012 =>  =>  => JOSE OTAVIO RODRIGUES =>  => AVENIDA DOS OINHEIRO => 703 =>  => BELORIZONTE =>  =>  => 3326-6435 => 8819-8731 =>  => RELATORIO ENVIADO PARA MIRIAM DIA 22/6   FEITO O PEDIDO DE PEÇAS DIA 22/6 LUCIANA  =>  => 0 => 8372 => G.ROUPA BP 3P DUBAY TB/BR/MP => 0 =>  => 0 =>  => 0 =>  => 0 =>  => 0 =>  => 0 =>  => 0 =>  => 0 =>  => 0 =>  => 0 =>  => 0 =>  => 0 =>  => 0 =>  => 0 =>  => 0 =>  => 0 =>  => 0 =>  => 0 =>  => 0 =>  => "

-------------------------------
 
ALTERAÇÃO DE CLIENTE
POST => "luciana" Data => "2012-06-22 11:22:39", Alterou o Cliente de vale 580532 => "INFORMAÇÕES ALTERADAS => "1 => 4253 => 5 => 18 => 5 => 0 => 2 => 04/06/2012 => 580532 => 178 => 580532 => 04/06/2012 =>  =>  => JORGE FURTADO DA SILVA =>  => RU APORTO VELHO => 95 =>  => SANTO AGOSTINHO => VOLTA REDONDA => RJ => 3338-4080 =>  =>  => PROX AO BAR DO NONO PED.72  RELATORIO ENVIADO PARA MIRIAM DIA 22/6 FEITO O PEDIDO DE PEÇAS DIA 22/6 LUCIANA  =>  => 1 => 88613 => ARM COLOR ECLIPSE PLUS 2P4G BAL C/T BR => 0 =>  => 0 =>  => 0 =>  => 0 =>  => 0 =>  => 0 =>  => 0 =>  => 0 =>  => 0 =>  => 0 =>  => 0 =>  => 0 =>  => 0 =>  => 0 =>  => 0 =>  => 0 =>  => 0 =>  => 0 =>  => 0 =>  => "

-------------------------------
 
ALTERAÇÃO DE CLIENTE
POST => "luciana" Data => "2012-06-22 11:23:23", Alterou o Cliente de vale 560841 => "INFORMAÇÕES ALTERADAS => "1 => 3397 => 5 => 37 => 23 => 0 => 2 => 12/05/2012 => 560841 => RE => 560841 => 11/05/2012 =>  =>  => SEVERINA AVELINO DA SILVA =>  => OITENTA E TRES-LT 01 QD 103 =>  =>  => JARDIM GUANABARA => GUARATIBA => RJ => 3316-2457 =>  =>  => PROX A IGREJA QUADRANGULAR PRIMEIRA RUA  FEITO O PEDIDO DE PEÇAS DIA 22/6 LUCIANA  =>  => 1 => 140391 => G.ROUPA ARAPLAC 8P AUSTRIA TB/BR => 0 =>  => 0 =>  => 0 =>  => 0 =>  => 0 =>  => 0 =>  => 0 =>  => 0 =>  => 0 =>  => 0 =>  => 0 =>  => 0 =>  => 0 =>  => 0 =>  => 0 =>  => 0 =>  => 0 =>  => 0 =>  => 0 =>  => "

-------------------------------
 
ALTERAÇÃO DE CLIENTE
POST => "luciana" Data => "2012-06-22 11:26:13", Alterou o Cliente de vale 560841 => "INFORMAÇÕES ALTERADAS => "1 => 3397 => 5 => 30 => 18 => 0 => 2 => 12/05/2012 => 560841 => RE => 560841 => 11/05/2012 =>  =>  => SEVERINA AVELINO DA SILVA =>  => OITENTA E TRES-LT 01 QD 103 =>  =>  => JARDIM GUANABARA => GUARATIBA => RJ => 3316-2457 =>  =>  => PROX A IGREJA QUADRANGULAR PRIMEIRA RUA   FEITO O PEDIDO DE PEÇAS DIA 22/6 LUCIANA  =>  => 1 => 140391 => G.ROUPA ARAPLAC 8P AUSTRIA TB/BR => 0 =>  => 0 =>  => 0 =>  => 0 =>  => 0 =>  => 0 =>  => 0 =>  => 0 =>  => 0 =>  => 0 =>  => 0 =>  => 0 =>  => 0 =>  => 0 =>  => 0 =>  => 0 =>  => 0 =>  => 0 =>  => 0 =>  => "

-------------------------------
 
ALTERAÇÃO DE CLIENTE
POST => "MIRIAN" Data => "2012-06-22 11:30:30", Alterou o Cliente de vale 572829 => "INFORMAÇÕES ALTERADAS => "1 => 4143 => 11 => 23 => 24 => 0 => 2 => 11/06/2012 => 572829 => 170 => 572829 => 06/06/2012 =>  =>  => WANDA GREGORIO SEBASTIAO =>  => RUA VALE VERDE => 6 =>  => CURICICA => RIO DE JANEIRO => RJ => 2456-7833 => 9318-7465 =>  => PROXIMO A ANTIGA MATERNIDADE LEILA DINIZ NA CURICICA, COMUNIDADE DOIS IRMAOS => agendado p/20/06/12,passado email p/Camila acompanhar.Mirian// 01 frente de gaveta quebrada, 01 ferragem. => 1 => 138036 => G.ROUPA ARAPLAC 3P BARC PLUS TB/BR => 0 =>  => 0 =>  => 0 =>  => 0 =>  => 0 =>  => 0 =>  => 0 =>  => 0 =>  => 0 =>  => 0 =>  => 0 =>  => 0 =>  => 0 =>  => 0 =>  => 0 =>  => 0 =>  => 0 =>  => 0 =>  => 0 =>  => "

-------------------------------
 
ALTERAÇÃO DE CLIENTE
POST => "luciana" Data => "2012-06-22 11:33:58", Alterou o Cliente de vale 491080 => "INFORMAÇÕES ALTERADAS => "1 => 921 => 5 => 41 => 19 => 0 => 2 => 10/03/2012 => 491080 => WA => 491080 => 09/03/2012 =>  =>  => NEUSA RIBEIRO =>  => RUA IRMA MARIA MALRITA => 545 => CASA => GUARATIBA => RIO DE JANEIRO => RJ => 3108-6723 =>  =>  => ACESSO PADARIA CORACORA FINAL DA RUA,PEDIDO: 48615   FEITO O PEDIDO DE PEÇAS DIA 22/6 FEITO O PEDIDO DE PEÇAS DIA 22/6 LUCIANA  =>  => 1 => 135466 => CJ EST LINOFORTE SALVADOR 3X2L BE => 0 =>  => 0 =>  => 0 =>  => 0 =>  => 0 =>  => 0 =>  => 0 =>  => 0 =>  => 0 =>  => 0 =>  => 0 =>  => 0 =>  => 0 =>  => 0 =>  => 0 =>  => 0 =>  => 0 =>  => 0 =>  => 0 =>  => "

-------------------------------
 
CADASTRO DE CLIENTE
POST => "MIRIAN" Data => "2012-06-22 11:45:54", Cadastrou o Cliente de vale 480354 => "INFORMAÇÕES CADASTRADAS => "11 => 21 => 25 => 0 => 2 => 22/06/2012 => 480354 => 168 => 480354 => 22/06/2012 =>  =>  => JACIRA CAMARGO DA SILVA DOS REIS =>  => RUA JERONIMO PINTO => 76 => CS 06 => CAMPINHO => RIO DE JANEIRO => RJ => 3271-6436 =>  =>  => PROX A RUA ANA TELES E DA 28 DP PROC IVONE => 01 => 98722 => BELICHE FRITZ IPANEMA BR =>  =>  =>  =>  =>  =>  =>  =>  =>  =>  =>  =>  =>  =>  =>  =>  =>  =>  =>  =>  =>  =>  =>  =>  =>  =>  =>  =>  =>  =>  =>  =>  =>  =>  =>  =>  =>  =>  => "

-------------------------------
 
ALTERAÇÃO DE CLIENTE
POST => "luciana" Data => "2012-06-22 11:49:27", Alterou o Cliente de vale 528290 => "INFORMAÇÕES ALTERADAS => "1 => 3743 => 5 => 23 => 20 => 0 => 2 => 10/05/2012 => 528290 => 264 => 528290 => 10/05/2012 =>  =>  => AUDICEA JALES DE MACEDO =>  => AVENIDA BRASILIA => 421 =>  => VILA JULIETA => RESENDE => RJ => 3360-9492 =>  =>  => EM CIMA DA PADARIA ALVORADA PROC PELA SRA FEITO O PEDIDO DE PEÇAS DIA 22/6 LUCIANA  =>  => 1 => 100136 => COZINHA ITAT DAYANE BR => 0 =>  => 0 =>  => 0 =>  => 0 =>  => 0 =>  => 0 =>  => 0 =>  => 0 =>  => 0 =>  => 0 =>  => 0 =>  => 0 =>  => 0 =>  => 0 =>  => 0 =>  => 0 =>  => 0 =>  => 0 =>  => 0 =>  => "

-------------------------------
 
ALTERAÇÃO DE CLIENTE
POST => "luciana" Data => "2012-06-22 11:53:38", Alterou o Cliente de vale 528290 => "INFORMAÇÕES ALTERADAS => "1 => 3743 => 5 => 25 => 6 => 0 => 2 => 10/05/2012 => 528290 => 264 => 528290 => 10/05/2012 =>  =>  => AUDICEA JALES DE MACEDO =>  => AVENIDA BRASILIA => 421 =>  => VILA JULIETA => RESENDE => RJ => 3360-9492 =>  =>  => EM CIMA DA PADARIA ALVORADA PROC PELA SRA FEITO O PEDIDO DE PEÇAS DIA 22/6 LUCIANA  =>  => 1 => 100136 => COZINHA ITAT DAYANE BR => 0 =>  => 0 =>  => 0 =>  => 0 =>  => 0 =>  => 0 =>  => 0 =>  => 0 =>  => 0 =>  => 0 =>  => 0 =>  => 0 =>  => 0 =>  => 0 =>  => 0 =>  => 0 =>  => 0 =>  => 0 =>  => 0 =>  => "

-------------------------------
 
ALTERAÇÃO DE CLIENTE
POST => "luciana" Data => "2012-06-22 12:08:33", Alterou o Cliente de vale 523278 => "INFORMAÇÕES ALTERADAS => "1 => 2932 => 5 => 29 => 16 => 0 => 2 => 28/04/2012 => 523278 => 264 => 523278 => 27/04/2012 =>  =>  => MARIA ELIZABETE =>  => RUA DAS PALMEIRAS => 860 =>  => CIDADE DA ALEGRIA => RIO DE JANEIRO => RJ => 3360-4651 => 9912-9999 => 9906-3611 => EM FRENTE AO BLOCO 40 PROC RAQUEL OU NEGUINHO.FEITO O PEDIDO DE PEÇAS DIA 22/6 LUCIANA  =>  => 1 => 141552 => CJ SALA JANTAR ORTIZ VALENCIA 6C AMEN => 0 =>  => 0 =>  => 0 =>  => 0 =>  => 0 =>  => 0 =>  => 0 =>  => 0 =>  => 0 =>  => 0 =>  => 0 =>  => 0 =>  => 0 =>  => 0 =>  => 0 =>  => 0 =>  => 0 =>  => 0 =>  => 0 =>  => "

-------------------------------
 
ALTERAÇÃO DE CLIENTE
POST => "luciana" Data => "2012-06-22 12:21:01", Alterou o Cliente de vale 528290 => "INFORMAÇÕES ALTERADAS => "1 => 3743 => 5 => 42 => 21 => 0 => 2 => 10/05/2012 => 528290 => 264 => 528290 => 10/05/2012 =>  =>  => AUDICEA JALES DE MACEDO =>  => AVENIDA BRASILIA => 421 =>  => VILA JULIETA => RESENDE => RJ => 3360-9492 =>  =>  => EM CIMA DA PADARIA ALVORADA PROC PELA SRA FEITO O PEDIDO DE PEÇAS DIA 22/6 LUCIANA  =>  => 1 => 100136 => COZINHA ITAT DAYANE BR => 0 =>  => 0 =>  => 0 =>  => 0 =>  => 0 =>  => 0 =>  => 0 =>  => 0 =>  => 0 =>  => 0 =>  => 0 =>  => 0 =>  => 0 =>  => 0 =>  => 0 =>  => 0 =>  => 0 =>  => 0 =>  => 0 =>  => "

-------------------------------
 
ALTERAÇÃO DE CLIENTE
POST => "luciana" Data => "2012-06-22 12:26:28", Alterou o Cliente de vale 534502 => "INFORMAÇÕES ALTERADAS => "1 => 3414 => 5 => 16 => 12 => 0 => 2 => 10/05/2012 => 534502 => 230 => 534502 => 10/05/2012 =>  =>  => BRUNO LUIZ BRAGA DOS SANTOS =>  => RUA:SAMI TREVES => 29 => CASA => GUARATIBA => RIO DE JANEIRO => RJ => 8677-4860 => 3108-7283 =>  => ESTR DO MATO ALTO RUA AGOSTINHO DE CASTRO APOS MERCADO JOAO CARLOS APOS SINAL PRIM RUA DIRE.FEITO O PEDIDO DE PEÇAS DIA 22/6 LUCIANA  =>  => 1 => 140391 => G.ROUPA ARAPLAC 8P AUSTRIA TB/BR => 0 =>  => 0 =>  => 0 =>  => 0 =>  => 0 =>  => 0 =>  => 0 =>  => 0 =>  => 0 =>  => 0 =>  => 0 =>  => 0 =>  => 0 =>  => 0 =>  => 0 =>  => 0 =>  => 0 =>  => 0 =>  => 0 =>  => "

-------------------------------
 
ALTERAÇÃO DE CLIENTE
POST => "luciana" Data => "2012-06-22 12:31:19", Alterou o Cliente de vale 560171 => "INFORMAÇÕES ALTERADAS => "1 => 3933 => 5 => 44 => 22 => 0 => 2 => 23/05/2012 => 560171 => 795 => 560171 => 23/05/2012 =>  =>  => RAFAEL VIEIRA VIANA =>  => RUA ISSAC POLITI => 90 =>  => FAZENDA DA BARRA1 => RESENDE =>  =>  =>  =>  => PASSEI E-MAIL PARA O MARCOS DIA 28/5  RELATORIO ENVIADO P/ MIRIAM DIA 22/6 LUCIANA  => marco pediu para agendar para 5ª feira. confirmado com jandira => 1 => 8981 => G. ROUPA MOVAL 6P40065 COL PLUS TB/M => 0 =>  => 0 =>  => 0 =>  => 0 =>  => 0 =>  => 0 =>  => 0 =>  => 0 =>  => 0 =>  => 0 =>  => 0 =>  => 0 =>  => 0 =>  => 0 =>  => 0 =>  => 0 =>  => 0 =>  => 0 =>  => 0 =>  => "

-------------------------------
 
ALTERAÇÃO DE CLIENTE
POST => "luciana" Data => "2012-06-22 12:41:51", Alterou o Cliente de vale 560171 => "INFORMAÇÕES ALTERADAS => "1 => 3933 => 5 => 4 => 11 => 0 => 2 => 23/05/2012 => 560171 => 795 => 560171 => 23/05/2012 =>  =>  => RAFAEL VIEIRA VIANA =>  => RUA ISSAC POLITI => 90 =>  => FAZENDA DA BARRA1 => RESENDE =>  =>  =>  =>  => PASSEI E-MAIL PARA O MARCOS DIA 28/5  RELATORIO ENVIADO P/ MIRIAM DIA 22/6 FEITO O PEDIDO DE PEÇAS DIA 22/6 LUCIANA  => marco pediu para agendar para 5ª feira. confirmado com jandira => 1 => 8981 => G. ROUPA MOVAL 6P40065 COL PLUS TB/M => 0 =>  => 0 =>  => 0 =>  => 0 =>  => 0 =>  => 0 =>  => 0 =>  => 0 =>  => 0 =>  => 0 =>  => 0 =>  => 0 =>  => 0 =>  => 0 =>  => 0 =>  => 0 =>  => 0 =>  => 0 =>  => 0 =>  => "

-------------------------------
 
ALTERAÇÃO DE CLIENTE
POST => "luciana" Data => "2012-06-22 12:43:41", Alterou o Cliente de vale 459074 => "INFORMAÇÕES ALTERADAS => "1 => 3744 => 5 => 18 => 30 => 0 => 2 => 16/05/2012 => 459074 => 178 => 459074 => 19/04/2012 =>  =>  => LUIZ CLAUDIO DA SILVA =>  => SUINAN => 174 => CASA 01 => RETIRO => VOLTA REDONDA => RJ => 3341-4466 =>  =>  => ESTRADA DA FUNDACÃO BEATRIZ GAMA.PEDIDO: 65490   RELATORIO ENVIADO P/ MIRIAM DIA FEITO O PEDIDO DE PEÇAS 22/6 LUCIANA  =>  => 1 => 141552 => CJ SALA JANTAR ORTIZ VALENCIA 6C AMEN => 0 =>  => 0 =>  => 0 =>  => 0 =>  => 0 =>  => 0 =>  => 0 =>  => 0 =>  => 0 =>  => 0 =>  => 0 =>  => 0 =>  => 0 =>  => 0 =>  => 0 =>  => 0 =>  => 0 =>  => 0 =>  => 0 =>  => "

-------------------------------
 
ALTERAÇÃO DE CLIENTE
POST => "luciana" Data => "2012-06-22 12:46:49", Alterou o Cliente de vale 542243 => "INFORMAÇÕES ALTERADAS => "1 => 4029 => 5 => 16 => 23 => 0 => 2 => 01/06/2012 => 542243 => 178 => 542243 => 04/02/2012 =>  =>  => DILCE ENI ALVES DA SILVA =>  => ANGELICA => 263 =>  => AGUA LIMPA => VOLTA REDONDA =>  => 3350-2709 =>  =>  => RELATORIO ENVIADO P/ MIRIAM DIA 22/6 FEITO O PEDIDO DE PEÇAS DIA 22/6 LUCIANA  =>  => 1 => 8372 => G.ROUPA BP 3P DUBAY TB/BR/MP => 0 =>  => 0 =>  => 0 =>  => 0 =>  => 0 =>  => 0 =>  => 0 =>  => 0 =>  => 0 =>  => 0 =>  => 0 =>  => 0 =>  => 0 =>  => 0 =>  => 0 =>  => 0 =>  => 0 =>  => 0 =>  => 0 =>  => "

-------------------------------
 
ALTERAÇÃO DE CLIENTE
POST => "luciana" Data => "2012-06-22 12:50:23", Alterou o Cliente de vale 542243 => "INFORMAÇÕES ALTERADAS => "1 => 4029 => 5 => 35 => 24 => 0 => 2 => 01/06/2012 => 542243 => 178 => 542243 => 04/02/2012 =>  =>  => DILCE ENI ALVES DA SILVA =>  => ANGELICA => 263 =>  => AGUA LIMPA => VOLTA REDONDA =>  => 3350-2709 =>  =>  => RELATORIO ENVIADO P/ MIRIAM DIA 22/6 FEITO O PEDIDO DE PEÇAS DIA 22/6 LUCIANA  =>  => 1 => 8372 => G.ROUPA BP 3P DUBAY TB/BR/MP => 0 =>  => 0 =>  => 0 =>  => 0 =>  => 0 =>  => 0 =>  => 0 =>  => 0 =>  => 0 =>  => 0 =>  => 0 =>  => 0 =>  => 0 =>  => 0 =>  => 0 =>  => 0 =>  => 0 =>  => 0 =>  => 0 =>  => "

-------------------------------
 
ALTERAÇÃO DE CLIENTE
POST => "luciana" Data => "2012-06-22 12:51:31", Alterou o Cliente de vale 459074 => "INFORMAÇÕES ALTERADAS => "1 => 3744 => 5 => 25 => 28 => 0 => 2 => 16/05/2012 => 459074 => 178 => 459074 => 19/04/2012 =>  =>  => LUIZ CLAUDIO DA SILVA =>  => SUINAN => 174 => CASA 01 => RETIRO => VOLTA REDONDA => RJ => 3341-4466 =>  =>  => ESTRADA DA FUNDACÃO BEATRIZ GAMA.PEDIDO: 65490   RELATORIO ENVIADO P/ MIRIAM DIA 22/6 LUCIANA  =>  => 1 => 141552 => CJ SALA JANTAR ORTIZ VALENCIA 6C AMEN => 0 =>  => 0 =>  => 0 =>  => 0 =>  => 0 =>  => 0 =>  => 0 =>  => 0 =>  => 0 =>  => 0 =>  => 0 =>  => 0 =>  => 0 =>  => 0 =>  => 0 =>  => 0 =>  => 0 =>  => 0 =>  => 0 =>  => "

-------------------------------
 
ALTERAÇÃO DE CLIENTE
POST => "luciana" Data => "2012-06-22 13:05:12", Alterou o Cliente de vale 559730 => "INFORMAÇÕES ALTERADAS => "1 => 4242 => 5 => 7 => 8 => 0 => 2 => 18/06/2012 => 559730 => RE => 559730 => 18/06/2012 =>  =>  => MILTON PEDRO DA SILVA =>  => PORTO PRINCIPE => 51 => CASA => VIGARIO GERAL => RIO DE JANEIRO =>  => 7972-0570 =>  =>  => PROX A DULOREN PROC POR MILTON OU JOSANETE => FEITO O PEDIDO DE PEÇAS DIA 22/7 LUCIANA  => 1 =>   => BALCAO C/T KIPLAC  RENATA PLUS BR => 0 =>  => 0 =>  => 0 =>  => 0 =>  => 0 =>  => 0 =>  => 0 =>  => 0 =>  => 0 =>  => 0 =>  => 0 =>  => 0 =>  => 0 =>  => 0 =>  => 0 =>  => 0 =>  => 0 =>  => 0 =>  => 0 =>  => "

-------------------------------
 
ALTERAÇÃO DE CLIENTE
POST => "simone" Data => "2012-06-22 13:06:19", Alterou o Cliente de vale 551629 => "INFORMAÇÕES ALTERADAS => "1 => 3326 => 35 => 32 => 25 => 0 => 2 => 10/05/2012 => 551629 => 265 => 551629 => 10/05/2012 =>  =>  => FABIANA DE OLIVEIRA =>  => JAPOBIM => 260 => CASA => PARADA DE LUCAS => RIO DE JANEIRO => RJ => 7850-3984 =>  =>  =>  => AGENDADO P/DIA 15/06/2012 COM SERGIO LEMOS.CLIENTE AUSENTE , TEL DE OUTRA PESSOA. => 1 => 140391 => G.ROUPA ARAPLAC 8P AUSTRIA TB/BR => 0 =>  => 0 =>  => 0 =>  => 0 =>  => 0 =>  => 0 =>  => 0 =>  => 0 =>  => 0 =>  => 0 =>  => 0 =>  => 0 =>  => 0 =>  => 0 =>  => 0 =>  => 0 =>  => 0 =>  => 0 =>  => 0 =>  => "

-------------------------------
 
CADASTRO DE CLIENTE
POST => "MIRIAN" Data => "2012-06-22 13:07:56", Cadastrou o Cliente de vale 571131 => "INFORMAÇÕES CADASTRADAS => "11 => 4 => 23 => 0 => 2 => 22/06/2012 => 571131 => 179 => 571131 => 21/06/2012 =>  =>  => NUBIA CAMPOS DE OLIVEIRA =>  => RUA EUNICE => 9 =>  => SANTO TIRCO => BELFORD ROXO => RJ => 8768-2339 =>  =>  => ENTRADA DO VALE DAS MANGUEIRAS PROX A BARRACA DA BAIXINHA  => 01 => 139537 => COZ ITA SUPREMA NOG/S LAC =>  =>  =>  =>  =>  =>  =>  =>  =>  =>  =>  =>  =>  =>  =>  =>  =>  =>  =>  =>  =>  =>  =>  =>  =>  =>  =>  =>  =>  =>  =>  =>  =>  =>  =>  =>  =>  =>  => "

-------------------------------
 
ALTERAÇÃO DE CLIENTE
POST => "luciana" Data => "2012-06-22 13:09:49", Alterou o Cliente de vale 559730 => "INFORMAÇÕES ALTERADAS => "1 => 4242 => 5 => 33 => 15 => 0 => 2 => 18/06/2012 => 559730 => RE => 559730 => 18/06/2012 =>  =>  => MILTON PEDRO DA SILVA =>  => PORTO PRINCIPE => 51 => CASA => VIGARIO GERAL => RIO DE JANEIRO =>  => 7972-0570 =>  =>  => PROX A DULOREN PROC POR MILTON OU JOSANETE => FEITO O PEDIDO DE PEÇAS DIA 22/7 LUCIANA  => 1 =>   => BALCAO C/T KIPLAC  RENATA PLUS BR => 0 =>  => 0 =>  => 0 =>  => 0 =>  => 0 =>  => 0 =>  => 0 =>  => 0 =>  => 0 =>  => 0 =>  => 0 =>  => 0 =>  => 0 =>  => 0 =>  => 0 =>  => 0 =>  => 0 =>  => 0 =>  => 0 =>  => "

-------------------------------
 
CADASTRO DE CLIENTE
POST => "MIRIAN" Data => "2012-06-22 13:10:48", Cadastrou o Cliente de vale 544369 => "INFORMAÇÕES CADASTRADAS => "11 => 13 => 26 => 0 => 2 => 22/06/2012 => 544369 => 179 => 544369 => 21/06/2012 =>  =>  => OSNY FRANCO =>  => RUA A => cs 06 => FDS => AMAPA => DUQUE DE CAXIAS => RJ => 9158-3892 => 3346-1744 =>  => APOS A PONTE A ESTREITA PROX AO GALPAO 2 RUA ESQ PROX ABORRACHEIRO => 01 => 139495 => KIT ITAT I3 PREMIUM 6P/3G BR =>  =>  =>  =>  =>  =>  =>  =>  =>  =>  =>  =>  =>  =>  =>  =>  =>  =>  =>  =>  =>  =>  =>  =>  =>  =>  =>  =>  =>  =>  =>  =>  =>  =>  =>  =>  =>  =>  => "

-------------------------------
 
CADASTRO DE CLIENTE
POST => "marta" Data => "2012-06-22 13:12:20", Cadastrou o Cliente de vale 404220 => "INFORMAÇÕES CADASTRADAS => "22 => 29 => 10 => 0 => 0 => 22/06/2012 => 404220 => 245 => 38064 => 27/01/2012 => JORGE MAURICIO RODRIGUES DA CO => 470704 => MANOEL VIDAL DA SILVA =>  => GENERAL MIGUEL PEREIRA => 178 => RUA C 153 => TAQUARA => RIO DE JANEIRO =>  => 3348-8940 => 9131-8887 =>  => ESQUINA DO RESTAURANTE CAVALINO EM FRENTE AO CLUBE BANDEIRANTES => 1 => 135481 => COZ KIPLAC RENATA PLUS BR/PTO =>  =>  =>  =>  =>  =>  =>  =>  =>  =>  =>  =>  =>  =>  =>  =>  =>  =>  =>  =>  =>  =>  =>  =>  =>  =>  =>  =>  =>  =>  =>  =>  =>  =>  =>  =>  =>  =>  => "

-------------------------------
 
CADASTRO DE CLIENTE
POST => "marta" Data => "2012-06-22 13:15:00", Cadastrou o Cliente de vale 343309 => "INFORMAÇÕES CADASTRADAS => "22 => 24 => 32 => 0 => 0 => 22/06/2012 => 343309 => 170 => 33514 => 01/12/2011 => RODRIGO FLORES VIANA  =>  => SEBATIANA BATISTA FOURAUX =>  => IPADU  => 415 => CASA 03 => JACAREPAGUA => RIO DE JANEIRO =>  => 9538-1790 =>  =>  => PROX RODRIGUES CALDAS AO LADO DA ANTENA DE TELEFONE CLIENTE IENTE DA ENTREGA => 1 => 134933 => ESTANTE CAEMMUN CLEAN TB/BR/MP =>  =>  =>  =>  =>  =>  =>  =>  =>  =>  =>  =>  =>  =>  =>  =>  =>  =>  =>  =>  =>  =>  =>  =>  =>  =>  =>  =>  =>  =>  =>  =>  =>  =>  =>  =>  =>  =>  => "

-------------------------------
 
CADASTRO DE CLIENTE
POST => "marta" Data => "2012-06-22 13:17:51", Cadastrou o Cliente de vale 493190 => "INFORMAÇÕES CADASTRADAS => "22 => 21 => 27 => 0 => 0 => 22/06/2012 => 493190 => 245 => 2795 => 22/05/2012 => LAERTE JORGE BAPTISTA DOS SANT => 44858 => PRISCILA MICHELLE GONÇALVES DA SILVA =>  => EZEQUIAS  => 35 => CASA => CIDADE DE DEUS => RIO DE JANEIRO =>  => 3413-5820 =>  =>  => ATRAS DA ESCOLA DE SAMBA MOCIDADE UNIDA DE JACAREPAGUA  E PROX ESCOLA ALFONSO DE GUIMARAES => 1 => 134902 => BALCAO C/T ARAMOVEIS LILIAN BR/PTO =>  =>  =>  =>  =>  =>  =>  =>  =>  =>  =>  =>  =>  =>  =>  =>  =>  =>  =>  =>  =>  =>  =>  =>  =>  =>  =>  =>  =>  =>  =>  =>  =>  =>  =>  =>  =>  =>  => "

-------------------------------
 
CADASTRO DE CLIENTE
POST => "MIRIAN" Data => "2012-06-22 13:21:15", Cadastrou o Cliente de vale 520004 => "INFORMAÇÕES CADASTRADAS => "11 => 23 => 23 => 0 => 2 => 22/06/2012 => 520004 => 217 => 520004 => 22/06/2012 =>  =>  => CLEIDE GOMES MACHADO =>  => ESTRADA JOAO MELO => 400 => AP 201 BL07 => CAMPO GRANDE => RIO DE JANEIRO => RJ =>  =>  =>  => ESTRADA DO MEDANHA  PROX AO RADAROU SINAL DE 50KL => 01 => 141552 => CJ SALA JANTAR ORTIZ VALENCIA 6C AMEN =>  =>  =>  =>  =>  =>  =>  =>  =>  =>  =>  =>  =>  =>  =>  =>  =>  =>  =>  =>  =>  =>  =>  =>  =>  =>  =>  =>  =>  =>  =>  =>  =>  =>  =>  =>  =>  =>  => "

-------------------------------
 
CADASTRO DE CLIENTE
POST => "marta" Data => "2012-06-22 13:21:36", Cadastrou o Cliente de vale 579345 => "INFORMAÇÕES CADASTRADAS => "22 => 24 => 13 => 0 => 2 => 22/06/2012 => 579345 => RE => 579345 => 21/06/2012 =>  =>  => DENISE GONÇALVES DE OLIVEIRA =>  => TRAVESSA VIOLETAS => 57 => APTO 3 => AND TANQUE => RIO DE JANEIRO =>  => 2427-9489 => 7285-7756 => 9967-3352 => DO LADO DA ESCOLA DE SAMBA RENASCER => 1 => 7849 => MESA GRANITO CARLA 4C RET NAP/PTO =>  =>  =>  =>  =>  =>  =>  =>  =>  =>  =>  =>  =>  =>  =>  =>  =>  =>  =>  =>  =>  =>  =>  =>  =>  =>  =>  =>  =>  =>  =>  =>  =>  =>  =>  =>  =>  =>  => "

-------------------------------
 
CADASTRO DE CLIENTE
POST => "marta" Data => "2012-06-22 13:25:23", Cadastrou o Cliente de vale 451847 => "INFORMAÇÕES CADASTRADAS => "22 => 11 => 21 => 0 => 0 => 22/06/2012 => 451847 => 170 => 39193 => 26/03/2012 => SUZY DE ARAUJO => 508651 => JANILZA GOMES PESTANA =>  => GODOFREDO VIANA => 183 => APTO 202 BL 1 => TAQUARA => RIO DE JANEIRO =>  => 2435-5541 => 9413-8117 =>  => EM FRENTE AO HOSPITAL CURUPATI => 1 => 8358 => ESCRIVANINHA JB BECHARA 6000 AM/PTO =>  =>  =>  =>  =>  =>  =>  =>  =>  =>  =>  =>  =>  =>  =>  =>  =>  =>  =>  =>  =>  =>  =>  =>  =>  =>  =>  =>  =>  =>  =>  =>  =>  =>  =>  =>  =>  =>  => "

-------------------------------
 
CADASTRO DE CLIENTE
POST => "marta" Data => "2012-06-22 13:27:36", Cadastrou o Cliente de vale 256093 => "INFORMAÇÕES CADASTRADAS => "22 => 18 => 26 => 0 => 0 => 22/06/2012 => 256093 => 170 => 29471 => 25/08/2012 => PERICLES CANDIDO FERREIRA => 276579 => VERA LUCIA ADRIANO MATURO =>  => RODRIGUES CALDAS => 2625 => CASA 01 => TAQUARA => RIO DE JANEIRO =>  =>  =>  =>  =>  => 1 => 8488 => G.ROUPA ARAMOVEIS 3P 4149 TB/BR =>  =>  =>  =>  =>  =>  =>  =>  =>  =>  =>  =>  =>  =>  =>  =>  =>  =>  =>  =>  =>  =>  =>  =>  =>  =>  =>  =>  =>  =>  =>  =>  =>  =>  =>  =>  =>  =>  => "

-------------------------------
 
CADASTRO DE CLIENTE
POST => "MIRIAN" Data => "2012-06-22 13:31:43", Cadastrou o Cliente de vale 533628 => "INFORMAÇÕES CADASTRADAS => "11 => 23 => 17 => 0 => 2 => 22/06/2012 => 533628 => 197 => 533628 => 21/06/2012 =>  =>  => EUNICE PEREIRA PINTO =>  => RUA FABIANO LESSA MAFRA => 350 =>  => JARDIM SANTA EUGENCIA => NOVA IGUAÇU => RJ => 3764-6594 => 7546-9230 =>  => DUAS RUAS DEPOIS DA GARAGEM SANTA EUGENIA => 01 => 139500 => ARM.ITAT.3P PREMIUM BR =>  =>  =>  =>  =>  =>  =>  =>  =>  =>  =>  =>  =>  =>  =>  =>  =>  =>  =>  =>  =>  =>  =>  =>  =>  =>  =>  =>  =>  =>  =>  =>  =>  =>  =>  =>  =>  =>  => "

-------------------------------
 
CADASTRO DE CLIENTE
POST => "MIRIAN" Data => "2012-06-22 13:34:19", Cadastrou o Cliente de vale 500574 => "INFORMAÇÕES CADASTRADAS => "11 => 11 => 25 => 0 => 0 => 22/06/2012 => 500574 => 197 => 3487 => 04/06/2012 => MAICON ROBERTO MARQUES POLICARPIO => 57847/199 => EVERTON RODRIGO ANDRADE => 26261230 => RUA: NESTOR MARINHO => 213 => CS 01 => JARDIM ALVORADa => NOVA IGUAÇU => RJ => 7456-6468 =>  =>  => RUA EM FRENTE O VIANENSE CASA AMARELA NO FINAL DA RUA => 01 => 140094 => G.ROUPA BERGAMO 5P LISBOA IMB/PTO =>  =>  =>  =>  =>  =>  =>  =>  =>  =>  =>  =>  =>  =>  =>  =>  =>  =>  =>  =>  =>  =>  =>  =>  =>  =>  =>  =>  =>  =>  =>  =>  =>  =>  =>  =>  =>  =>  => "

-------------------------------
 
CADASTRO DE CLIENTE
POST => "MIRIAN" Data => "2012-06-22 13:43:51", Cadastrou o Cliente de vale 509804 => "INFORMAÇÕES CADASTRADAS => "11 => 25 => 13 => 0 => 1 => 22/06/2012 => 509804 => 179 => 509804 => 22/06/2012 => CLEBER CAMPISTA DA FONSECA => 499776/199 => SILVIA LETICIA DE TOLEDO QUINTANILHA => 20765360 => RUA: MOREIA => 165 => AP 201 => ENGENHO DA RAINHA => RIO DE JANEIRO => RJ => 3979-2046 =>  =>  => ESTRADA VELHA DA PAVUNA FICA EM FRENTE A GRAFICA UNIVERSAL PROC VALTER. PED.166834 => 01 => 132414 => RACK DJ FLASH IMB/PTO => 01 => 141871 => MESA P/MICRO MULTI CONJ UNION BR =>  =>  =>  =>  =>  =>  =>  =>  =>  =>  =>  =>  =>  =>  =>  =>  =>  =>  =>  =>  =>  =>  =>  =>  =>  =>  =>  =>  =>  =>  =>  =>  =>  =>  =>  =>  => "

-------------------------------
 
CADASTRO DE CLIENTE
POST => "MIRIAN" Data => "2012-06-22 14:07:15", Cadastrou o Cliente de vale 409397 => "INFORMAÇÕES CADASTRADAS => "11 => 15 => 25 => 0 => 0 => 22/06/2012 => 409397 => 244 => 31174 => 01/02/2012 => SERGIO ALVES => 477351/199 => WAGNER MAYATO => 26515345 => TRAVESSA: REGINA TERESA => 1 => CS 01B => CABRAL => NILÓPOLIS => RJ => 8824-3084 =>  =>  => PROX A RUA SALGADO FILHO ESQUINA COM A RUA JOAO EVANGELISTA DE CARVALHO PROC WAGNER => 01 => 135481 => COZ KIPLAC RENATA PLUS BR/PTO =>  =>  =>  =>  =>  =>  =>  =>  =>  =>  =>  =>  =>  =>  =>  =>  =>  =>  =>  =>  =>  =>  =>  =>  =>  =>  =>  =>  =>  =>  =>  =>  =>  =>  =>  =>  =>  =>  => "

-------------------------------
 
ALTERAÇÃO DE CLIENTE
POST => "luciana" Data => "2012-06-22 14:07:18", Alterou o Cliente de vale 534037 => "INFORMAÇÕES ALTERADAS => "1 => 3745 => 5 => 18 => 28 => 0 => 2 => 11/05/2012 => 534037 => 209 => 534037 => 10/05/2012 =>  =>  => JOSE OTAVIO RODRIGUES =>  => AVENIDA DOS OINHEIRO => 703 =>  => BELORIZONTE =>  =>  => 3326-6435 => 8819-8731 =>  => RELATORIO ENVIADO PARA MIRIAM DIA 22/6   FEITO O PEDIDO DE PEÇAS DIA 22/6 LUCIANA  =>  => 0 => 8372 => G.ROUPA BP 3P DUBAY TB/BR/MP => 0 =>  => 0 =>  => 0 =>  => 0 =>  => 0 =>  => 0 =>  => 0 =>  => 0 =>  => 0 =>  => 0 =>  => 0 =>  => 0 =>  => 0 =>  => 0 =>  => 0 =>  => 0 =>  => 0 =>  => 0 =>  => 0 =>  => "

-------------------------------
 
ALTERAÇÃO DE CLIENTE
POST => "MIRIAN" Data => "2012-06-22 14:07:38", Alterou o Cliente de vale 409397 => "INFORMAÇÕES ALTERADAS => "1 => 4291 => 11 => 21 => 19 => 2 => 0 => 22/06/2012 => 409397 => 244 => 31174 => 01/02/2012 => SERGIO ALVES => 477351/199 => WAGNER MAYATO => 26515345 => TRAVESSA: REGINA TERESA => 1 => CS 01B => CABRAL => NILÓPOLIS => RJ => 8824-3084 =>  =>  => PROX A RUA SALGADO FILHO ESQUINA COM A RUA JOAO EVANGELISTA DE CARVALHO PROC WAGNER =>  => 1 => 135481 => COZ KIPLAC RENATA PLUS BR/PTO => 0 =>  => 0 =>  => 0 =>  => 0 =>  => 0 =>  => 0 =>  => 0 =>  => 0 =>  => 0 =>  => 0 =>  => 0 =>  => 0 =>  => 0 =>  => 0 =>  => 0 =>  => 0 =>  => 0 =>  => 0 =>  => 0 =>  => "

-------------------------------
 
ALTERAÇÃO DE CLIENTE
POST => "simone" Data => "2012-06-22 14:12:14", Alterou o Cliente de vale 551629 => "INFORMAÇÕES ALTERADAS => "1 => 3326 => 35 => 39 => 26 => 0 => 2 => 10/05/2012 => 551629 => 265 => 551629 => 10/05/2012 =>  =>  => FABIANA DE OLIVEIRA =>  => JAPOBIM => 260 => CASA => PARADA DE LUCAS => RIO DE JANEIRO => RJ => 7850-3984 =>  =>  =>  => AGENDADO P/DIA 15/06/2012 COM SERGIO LEMOS.CLIENTE AUSENTE , TEL DE OUTRA PESSOA.PASSEI E-MAIL PARA O NAEC NO DIA 22/06/2012 SOLICITANDO OUTRO TEL => 1 => 140391 => G.ROUPA ARAPLAC 8P AUSTRIA TB/BR => 0 =>  => 0 =>  => 0 =>  => 0 =>  => 0 =>  => 0 =>  => 0 =>  => 0 =>  => 0 =>  => 0 =>  => 0 =>  => 0 =>  => 0 =>  => 0 =>  => 0 =>  => 0 =>  => 0 =>  => 0 =>  => 0 =>  => "

-------------------------------
 
CADASTRO DE CLIENTE
POST => "MIRIAN" Data => "2012-06-22 14:20:05", Cadastrou o Cliente de vale 509808 => "INFORMAÇÕES CADASTRADAS => "11 => 27 => 12 => 0 => 0 => 22/06/2012 => 509808 => 195 => 80667 => 22/06/2012 => ANDRE ROBERTO OLIVEIRA DA COST => 539027/199 => JULIA FERREIRA DOS SANTOS => 25501000 => 1 AVENIDA JOAO VENMANCIO DA ROSA => lt 15 => QD132 => JARDIM METROPOLIS => SAO JOAO DE MERITI => RJ => 2786-0624 =>  =>  => EM FRENTE A SUBIDA DO MORRO DO EMBAIXADOR DOIS PONTO DEPOIS DA PRAÇA DO SUMARE PROC SR JULIA => 01 => 134892 => COZ ITAT CRIATIVA MAXII2VPTO =>  =>  =>  =>  =>  =>  =>  =>  =>  =>  =>  =>  =>  =>  =>  =>  =>  =>  =>  =>  =>  =>  =>  =>  =>  =>  =>  =>  =>  =>  =>  =>  =>  =>  =>  =>  =>  =>  => "

-------------------------------
 
ALTERAÇÃO DE CLIENTE
POST => "MIRIAN" Data => "2012-06-22 14:24:11", Alterou o Cliente de vale 509808 => "INFORMAÇÕES ALTERADAS => "1 => 4292 => 11 => 30 => 9 => 0 => 0 => 22/06/2012 => 509808 => 195 => 80667 => 22/06/2012 => ANDRE ROBERTO OLIVEIRA DA COST => 539027/199 => JULIA FERREIRA DOS SANTOS => 25501000 => 1 AVENIDA JOAO VENMANCIO DA ROSA => lt 15 => QD132 => JARDIM METROPOLIS => SAO JOAO DE MERITI => RJ => 2786-0624 =>  =>  => EM FRENTE A SUBIDA DO MORRO DO EMBAIXADOR DOIS PONTO DEPOIS DA PRAÇA DO SUMARE PROC SR JULIA => agendado p/23/06/12,passado email p/camila acompanhar.mirian => 1 => 134892 => COZ ITAT CRIATIVA MAXII2VPTO => 0 =>  => 0 =>  => 0 =>  => 0 =>  => 0 =>  => 0 =>  => 0 =>  => 0 =>  => 0 =>  => 0 =>  => 0 =>  => 0 =>  => 0 =>  => 0 =>  => 0 =>  => 0 =>  => 0 =>  => 0 =>  => 0 =>  => "

-------------------------------
 
ALTERAÇÃO DE CLIENTE
POST => "luciana" Data => "2012-06-22 15:30:15", Alterou o Cliente de vale 589282 => "INFORMAÇÕES ALTERADAS => "1 => 4247 => 5 => 32 => 20 => 0 => 2 => 18/06/2012 => 589282 => 169 => 589282 => 18/06/2012 =>  =>  => HELIO DE SOUZA SILVA JUNIOR =>  => PRIGIDO => 27 =>  => FIGUEIRAS => Nova Iguaçu => RJ => 9907-0560 => 9580-1530 => 2309-3480 => ACESSO CAM DO CABO SANTISSIMO2309-3480 98188183   9728-6648  px bairro miguel couto vila de cava estr vederal  => o cliente não mora no bairro  => 1 => 135226 => MESA ORTIZ 4C SAFIRA BR/PTO => 0 =>  => 0 =>  => 0 =>  => 0 =>  => 0 =>  => 0 =>  => 0 =>  => 0 =>  => 0 =>  => 0 =>  => 0 =>  => 0 =>  => 0 =>  => 0 =>  => 0 =>  => 0 =>  => 0 =>  => 0 =>  => 0 =>  => "

-------------------------------
 
ALTERAÇÃO DE CLIENTE
POST => "luciana" Data => "2012-06-22 15:36:13", Alterou o Cliente de vale 589282 => "INFORMAÇÕES ALTERADAS => "1 => 4247 => 5 => 35 => 11 => 0 => 2 => 18/06/2012 => 589282 => 169 => 589282 => 18/06/2012 =>  =>  => HELIO DE SOUZA SILVA JUNIOR =>  => PRIGIDO => 27 =>  => FIGUEIRAS => Nova Iguaçu => RJ => 9907-0560 => 9580-1530 => 2309-3480 => ACESSO CAM DO CABO SANTISSIMO2309-3480 98188183   9728-6648  px bairro miguel couto vila de cava estr vederal CONFIRMEI COM O CLIENTE PARA SABADO 23/6 LUCIANA  => o cliente não mora no bairro peguei nova referencias dia 22/6 padaria  => 1 => 135226 => MESA ORTIZ 4C SAFIRA BR/PTO => 0 =>  => 0 =>  => 0 =>  => 0 =>  => 0 =>  => 0 =>  => 0 =>  => 0 =>  => 0 =>  => 0 =>  => 0 =>  => 0 =>  => 0 =>  => 0 =>  => 0 =>  => 0 =>  => 0 =>  => 0 =>  => 0 =>  => "

-------------------------------
 
ALTERAÇÃO DE CLIENTE
POST => "luciana" Data => "2012-06-22 15:38:13", Alterou o Cliente de vale 589282 => "INFORMAÇÕES ALTERADAS => "1 => 4247 => 5 => 17 => 4 => 0 => 2 => 18/06/2012 => 589282 => 169 => 589282 => 18/06/2012 =>  =>  => HELIO DE SOUZA SILVA JUNIOR =>  => PRIGIDO => 27 =>  => FIGUEIRAS => Nova Iguaçu => RJ => 9907-0560 => 9580-1530 => 2309-3480 => ACESSO CAM DO CABO SANTISSIMO2309-3480 98188183   9728-6648  px bairro miguel couto vila de cava estr vederal CONFIRMEI COM O CLIENTE PARA SABADO 23/6 LUCIANA  => o cliente não mora no bairro peguei nova referencias dia 22/6 padaria FICHA COM NIVALDO  => 1 => 135226 => MESA ORTIZ 4C SAFIRA BR/PTO => 0 =>  => 0 =>  => 0 =>  => 0 =>  => 0 =>  => 0 =>  => 0 =>  => 0 =>  => 0 =>  => 0 =>  => 0 =>  => 0 =>  => 0 =>  => 0 =>  => 0 =>  => 0 =>  => 0 =>  => 0 =>  => 0 =>  => "

-------------------------------
 
ALTERAÇÃO DE CLIENTE
POST => "luciana" Data => "2012-06-22 15:48:33", Alterou o Cliente de vale 589282 => "INFORMAÇÕES ALTERADAS => "1 => 4247 => 5 => 32 => 25 => 0 => 2 => 18/06/2012 => 589282 => 169 => 589282 => 18/06/2012 =>  =>  => HELIO DE SOUZA SILVA JUNIOR =>  => PRIGIDO => 27 =>  => FIGUEIRAS => Nova Iguaçu => RJ => 9907-0560 => 9580-1530 => 2309-3480 => ACESSO CAM DO CABO SANTISSIMO2309-3480 98188183   9728-6648  px bairro miguel couto vila de cava estr vederal CONFIRMEI COM O CLIENTE PARA SABADO 23/6 LUCIANA  => o cliente não mora no bairro peguei nova referencias dia 22/6 padaria FICHA COM NIVALDO  => 1 => 135226 => MESA ORTIZ 4C SAFIRA BR/PTO => 0 =>  => 0 =>  => 0 =>  => 0 =>  => 0 =>  => 0 =>  => 0 =>  => 0 =>  => 0 =>  => 0 =>  => 0 =>  => 0 =>  => 0 =>  => 0 =>  => 0 =>  => 0 =>  => 0 =>  => 0 =>  => 0 =>  => "

-------------------------------
 
ALTERAÇÃO DE CLIENTE
POST => "luciana" Data => "2012-06-22 15:51:46", Alterou o Cliente de vale 409397 => "INFORMAÇÕES ALTERADAS => "1 => 4291 => 5 => 21 => 25 => 2 => 0 => 22/06/2012 => 409397 => 244 => 31174 => 01/02/2012 => SERGIO ALVES => 477351/199 => WAGNER MAYATO => 26515345 => TRAVESSA: REGINA TERESA => 1 => CS 01B => CABRAL => NILÓPOLIS => RJ => 8824-3084 =>  =>  => PROX A RUA SALGADO FILHO ESQUINA COM A RUA JOAO EVANGELISTA DE CARVALHO PROC WAGNER => AGEND: SABADO 23/6 LUCIANA  => 1 => 135481 => COZ KIPLAC RENATA PLUS BR/PTO => 0 =>  => 0 =>  => 0 =>  => 0 =>  => 0 =>  => 0 =>  => 0 =>  => 0 =>  => 0 =>  => 0 =>  => 0 =>  => 0 =>  => 0 =>  => 0 =>  => 0 =>  => 0 =>  => 0 =>  => 0 =>  => 0 =>  => "

-------------------------------
 
CADASTRO DE CLIENTE
POST => "MIRIAN" Data => "2012-06-22 16:13:47", Cadastrou o Cliente de vale 420250 => "INFORMAÇÕES CADASTRADAS => "11 => 34 => 23 => 0 => 0 => 22/06/2012 => 420250 => 238 => 62219 => 14/02/2012 => HUGO LEONARDO FERREIRA MORAIS => 491840/199 => RENATA PEREIRA MAIA => 21760110 => RUA: ANADIA => 21 =>  => REALENGO => RIO DE JANEIRO => RJ => 3555-0755 => 7448-8350 =>  => ACESSO NOGUEIRA DE SA PRX ESCOLA AZUL E BRANCO => 01 => 9074 => COZINHA COMP COLOR ECLIPSE TOP PTO =>  =>  =>  =>  =>  =>  =>  =>  =>  =>  =>  =>  =>  =>  =>  =>  =>  =>  =>  =>  =>  =>  =>  =>  =>  =>  =>  =>  =>  =>  =>  =>  =>  =>  =>  =>  =>  =>  => "

-------------------------------
 
CADASTRO DE CLIENTE
POST => "MIRIAN" Data => "2012-06-22 16:17:01", Cadastrou o Cliente de vale 543193 => "INFORMAÇÕES CADASTRADAS => "11 => 18 => 9 => 0 => 2 => 22/06/2012 => 543193 => 203 => 543193 => 22/06/2012 =>  =>  => DENYSE M GOMES DOS SANTOS =>  => RUA GENERAL CLARINDO => 488 => AP403 BL02 => ENGENHO DE DENTRO => RIO DE JANEIRO => RJ => 2597-7608 => 4105-4436 =>  => PRX AIGREJA DE SAO PEDRO PED.63481 => 01 => 134892 => COZ ITAT CRIATIVA MAXII2VPTO =>  =>  =>  =>  =>  =>  =>  =>  =>  =>  =>  =>  =>  =>  =>  =>  =>  =>  =>  =>  =>  =>  =>  =>  =>  =>  =>  =>  =>  =>  =>  =>  =>  =>  =>  =>  =>  =>  => "

-------------------------------
 
CADASTRO DE CLIENTE
POST => "MIRIAN" Data => "2012-06-22 16:20:29", Cadastrou o Cliente de vale 509875 => "INFORMAÇÕES CADASTRADAS => "11 => 9 => 22 => 0 => 1 => 22/06/2012 => 509875 => 245 => 42126 => 22/06/2012 => JORGE MAURICIO RDRIGUES DA CO => 533973/199 => GEDENIRA MOTA CHARLES  => 22773090 => PRAÇA PERES => CS07 =>  => CIDADE DE DEUS => RIO DE JANEIRO => RJ => 3585-6535 => 9308-8967 =>  => PRAÇA DO LAZER E ESCOLS LEILA DE CARVALHO => 01 => 136654 => BALCAO C/T TELASUL CRISTAL BR => 01 => 136651 => COZINHA TELASSUL CRISTAL 80123 BR =>  =>  =>  =>  =>  =>  =>  =>  =>  =>  =>  =>  =>  =>  =>  =>  =>  =>  =>  =>  =>  =>  =>  =>  =>  =>  =>  =>  =>  =>  =>  =>  =>  =>  =>  =>  => "

-------------------------------
 
ALTERAÇÃO DE CLIENTE
POST => "simone" Data => "2012-06-22 16:30:50", Alterou o Cliente de vale 498618 => "INFORMAÇÕES ALTERADAS => "1 => 4065 => 35 => 15 => 21 => 2 => 0 => 01/06/2012 => 498618 => 242 => 28917 => 30/05/2012 => SILVINO FERREIRA DA SILVA JUNI => 2222922 => ANITA DA SILVA SOBRAL => 26155710 => RUA: EXISTENNTE => 105 => CS1 => NOVA AURORA => BELFORD ROXO => RJ => 3663-0028 =>  =>  => Email enviado ao naec dia 12-06-12 Camila => RUA EXISTENNTE, 105 CASA 1A NOVA AURORA, BELFORD ROXO/RJ - (21)36630028
REF RUA DA FABRICA DE ACUCAR GUARANI TEL 24574654 PROC CRISTINA => 1 => 138033 => G.ROUPA ARAPLAC 10P ATLAN PLUS TB/AM => 0 =>  => 0 =>  => 0 =>  => 0 =>  => 0 =>  => 0 =>  => 0 =>  => 0 =>  => 0 =>  => 0 =>  => 0 =>  => 0 =>  => 0 =>  => 0 =>  => 0 =>  => 0 =>  => 0 =>  => 0 =>  => 0 =>  => "

-------------------------------
 
ALTERAÇÃO DE CLIENTE
POST => "simone" Data => "2012-06-22 16:34:00", Alterou o Cliente de vale 405811 => "INFORMAÇÕES ALTERADAS => "1 => 806 => 35 => 34 => 35 => 0 => 0 => 09/03/2012 => 405811 => 249 => 25697 => 30/01/2012 =>  =>  => ELIANE RODRIGUES DA COSTA =>  => ESTRADA FRANCISCO DA CRUZ NUNES => 35 =>  => CANTAGALO => NITERÓI =>  => 9673-5747 =>  =>  => NAEC => SRA ELIANE DESEJA POSIÇAO DE MONTAGEM COZ KIPLAC RENATA PLUS BR DATA DA 9673-5747---PRODUTO--COZ KIPLAC RENATA PLUS BR--END--ESTRADA EURICO NETO,Nº35,CANTAGALO--PROX--A BARRACA DO GILDO.

 => 1 => 135481 => COZ KIPLAC RENATA PLUS BR/PTO => 0 =>  => 0 =>  => 0 =>  => 0 =>  => 0 =>  => 0 =>  => 0 =>  => 0 =>  => 0 =>  => 0 =>  => 0 =>  => 0 =>  => 0 =>  => 0 =>  => 0 =>  => 0 =>  => 0 =>  => 0 =>  => 0 =>  => "

-------------------------------
 
CADASTRO DE CLIENTE
POST => "luciana" Data => "2012-06-22 16:42:38", Cadastrou o Cliente de vale 509979 => "INFORMAÇÕES CADASTRADAS => "5 => 30 => 17 => 0 => 0 => 21/06/2012 => 509979 => 249 => 30129 => 22/06/2012 => ALEXANDRA DE ALMEIDA VARGAS => 49933 => CRISTIANE MATOS GOMES  => 24716100 => RUA: HERMINIO BORGES NOGUEIRA => 7 => QD214 => Jardim Catarina => São Gonçalo => RJ => 2702-0162 =>  =>  =>  => 01 => 135575 => COMODA BP DUBAY 4G BR/PTO =>  =>  =>  =>  =>  =>  =>  =>  =>  =>  =>  =>  =>  =>  =>  =>  =>  =>  =>  =>  =>  =>  =>  =>  =>  =>  =>  =>  =>  =>  =>  =>  =>  =>  =>  =>  =>  =>  => "

-------------------------------
 
ALTERAÇÃO DE CLIENTE
POST => "luciana" Data => "2012-06-22 17:12:51", Alterou o Cliente de vale 587977 => "INFORMAÇÕES ALTERADAS => "1 => 4277 => 5 => 37 => 35 => 0 => 2 => 22/06/2012 => 587977 => 280 => 587977 => 22/06/2012 =>  =>  => LETICIA FLAVIA PUGA DA SILVA =>  => RUA HALIETO => 164 => CS 01 => GUADALUPE => RIO DE JANEIRO => RJ => 3106-5640 =>  =>  => PX SORVERIA SABOR DE MINAS  PX CLINICA APIX  => AGEND: SABADO 23/6 LUCIANA  => 1 => 135481 => COZ KIPLAC RENATA PLUS BR/PTO => 0 =>  => 0 =>  => 0 =>  => 0 =>  => 0 =>  => 0 =>  => 0 =>  => 0 =>  => 0 =>  => 0 =>  => 0 =>  => 0 =>  => 0 =>  => 0 =>  => 0 =>  => 0 =>  => 0 =>  => 0 =>  => 0 =>  => "

-------------------------------
