 
ALTERAÇÃO DE CLIENTE
POST => "simone" Data => "2012-07-13 09:15:33", Alterou o Cliente de vale 406604 => "INFORMAÇÕES ALTERADAS => "1 => 1609 => 35 => 21 => 15 => 0 => 0 => 19/03/2012 => 406604 => 216 => 31313 => 30/01/2012 => SERGIO DE OLIVEIRA => 473075/199 => TATIANE GOMES DE OLIVEIRA => 20730020 => RUA: PRIMO TEIXEIRA => 36 => CASA 03 FDS => ENCANTADO => RIO DE JANEIRO => RJ => 9107-7273 => 2593-6831 =>  => PROX AO COLEGIO N S DA PIEDADE E RUA POMPILHO DE ALBUQUERQUE. RELATORIO ENVIADO P/ MIRIAM DIA 25/5 LUCIANA  =>  => 1 => 135481 => COZ KIPLAC RENATA PLUS BR/PTO => 0 =>  => 0 =>  => 0 =>  => 0 =>  => 0 =>  => 0 =>  => 0 =>  => 0 =>  => 0 =>  => 0 =>  => 0 =>  => 0 =>  => 0 =>  => 0 =>  => 0 =>  => 0 =>  => 0 =>  => 0 =>  => 0 =>  => "

-------------------------------
 
ALTERAÇÃO DE CLIENTE
POST => "simone" Data => "2012-07-13 09:17:58", Alterou o Cliente de vale 415988 => "INFORMAÇÕES ALTERADAS => "1 => 3206 => 35 => 21 => 29 => 0 => 0 => 09/05/2012 => 415988 => 236 => 41958 => 08/02/2012 => SANDERSON LUIZ CELESTINO => 486257/199 => WELLINGTON LUIZ MACEDO   DA SILVA GOMES => 21532180 => RUA: VIRGÍLIO FILHO => 27 =>  => COSTA BARROS => RIO DE JANEIRO => RJ => 7737-9360 =>  =>  => PROX CAMPO DO LEILAO  RELATÓRIO ENVIADO PARA MIRIAM DIA 15/5 LUCIANA  => Email enviado ao Naec do dia 15-05-2012 camila => 1 => 140391 => G.ROUPA ARAPLAC 8P AUSTRIA TB/BR => 0 =>  => 0 =>  => 0 =>  => 0 =>  => 0 =>  => 0 =>  => 0 =>  => 0 =>  => 0 =>  => 0 =>  => 0 =>  => 0 =>  => 0 =>  => 0 =>  => 0 =>  => 0 =>  => 0 =>  => 0 =>  => 0 =>  => "

-------------------------------
 
ALTERAÇÃO DE CLIENTE
POST => "camila" Data => "2012-07-13 09:39:46", Alterou o Cliente de vale 420255 => "INFORMAÇÕES ALTERADAS => "1 => 3598 => 6 => 22 => 25 => 0 => 0 => 14/05/2012 => 420255 => 237 => 42921 => 14/02/2012 => FLAVIO MONTE DA SILVA => 491843 / 199 => MARTA DIAS FERREIRA => 21760150 => RUA: REGENCIA => 375 => CASA => REALENGO => RIO DE JANEIRO => RJ => 3936-6603 => 3421-4754 =>  => PROX AO CAMPO DO SAO LUIS. => OBS: Cliente não atende o tel para confirmar ou não se o produto foi montado. => 1 => 16419 => COZ. COMP ARAMOVEIS LILIAN PLUS BR/VD => 0 =>  => 0 =>  => 0 =>  => 0 =>  => 0 =>  => 0 =>  => 0 =>  => 0 =>  => 0 =>  => 0 =>  => 0 =>  => 0 =>  => 0 =>  => 0 =>  => 0 =>  => 0 =>  => 0 =>  => 0 =>  => 0 =>  => "

-------------------------------
 
ALTERAÇÃO DE CLIENTE
POST => "simone" Data => "2012-07-13 09:48:52", Alterou o Cliente de vale 452581 => "INFORMAÇÕES ALTERADAS => "1 => 3644 => 35 => 24 => 21 => 0 => 0 => 14/05/2012 => 452581 => 169 => 92227 => 26/03/2012 => RICARDO JOSE DE ABREU => 519461 / 199 => CARLA MONTEIRO DOS SANTOS => 20211320 => RUA: VAN ERVEN => 2 => CASA => CATUMBI => RIO DE JANEIRO => RJ => 2293-3516 =>  =>  =>  =>  => 1 => 140391 => G.ROUPA ARAPLAC 8P AUSTRIA TB/BR => 0 =>  => 0 =>  => 0 =>  => 0 =>  => 0 =>  => 0 =>  => 0 =>  => 0 =>  => 0 =>  => 0 =>  => 0 =>  => 0 =>  => 0 =>  => 0 =>  => 0 =>  => 0 =>  => 0 =>  => 0 =>  => 0 =>  => "

-------------------------------
 
ALTERAÇÃO DE CLIENTE
POST => "camila" Data => "2012-07-13 09:55:31", Alterou o Cliente de vale 510747 => "INFORMAÇÕES ALTERADAS => "1 => 4364 => 6 => 12 => 19 => 0 => 0 => 28/06/2012 => 510747 => 197 => 56552 => 25/06/2012 => ABILIO MARCOS SANTOS => 521030 => LUZIA DA SILVA =>  => DONA CATARINA => 16 => CASA => VILA BORGE => Belford Roxo => RJ => 2769-0752 =>  =>  => PROX DO COLEGIO NOVA GRECIA E PROX DA QUADRA E PROX DO POSTO DE SAUDE DO AMBAI. =>  => 1 => 140391 => G.ROUPA ARAPLAC 8P AUSTRIA TB/BR => 0 =>  => 0 =>  => 0 =>  => 0 =>  => 0 =>  => 0 =>  => 0 =>  => 0 =>  => 0 =>  => 0 =>  => 0 =>  => 0 =>  => 0 =>  => 0 =>  => 0 =>  => 0 =>  => 0 =>  => 0 =>  => 0 =>  => "

-------------------------------
 
ALTERAÇÃO DE CLIENTE
POST => "camila" Data => "2012-07-13 09:56:12", Alterou o Cliente de vale 510747 => "INFORMAÇÕES ALTERADAS => "1 => 4364 => 6 => 3 => 19 => 0 => 0 => 28/06/2012 => 510747 => 197 => 56552 => 25/06/2012 => ABILIO MARCOS SANTOS => 521030 => LUZIA DA SILVA =>  => DONA CATARINA => 16 => CASA => AMBAI  => NOVA IGUACU  => RJ => 2769-0752 =>  =>  => PROX DO COLEGIO NOVA GRECIA E PROX DA QUADRA E PROX DO POSTO DE SAUDE DO AMBAI. =>  => 1 => 140391 => G.ROUPA ARAPLAC 8P AUSTRIA TB/BR => 0 =>  => 0 =>  => 0 =>  => 0 =>  => 0 =>  => 0 =>  => 0 =>  => 0 =>  => 0 =>  => 0 =>  => 0 =>  => 0 =>  => 0 =>  => 0 =>  => 0 =>  => 0 =>  => 0 =>  => 0 =>  => 0 =>  => "

-------------------------------
 
ALTERAÇÃO DE CLIENTE
POST => "camila" Data => "2012-07-13 09:57:13", Alterou o Cliente de vale 510747 => "INFORMAÇÕES ALTERADAS => "1 => 4364 => 6 => 22 => 18 => 0 => 0 => 28/06/2012 => 510747 => 197 => 56552 => 25/06/2012 => ABILIO MARCOS SANTOS => 521030 => LUZIA DA SILVA =>  => DONA CATARINA => 16 => CASA => AMBAI  => NOVA IGUACU  => RJ => 2769-0752 =>  =>  => PROX DO COLEGIO NOVA GRECIA E PROX DA QUADRA E PROX DO POSTO DE SAUDE DO AMBAI. =>  => 1 => 140391 => G.ROUPA ARAPLAC 8P AUSTRIA TB/BR => 0 =>  => 0 =>  => 0 =>  => 0 =>  => 0 =>  => 0 =>  => 0 =>  => 0 =>  => 0 =>  => 0 =>  => 0 =>  => 0 =>  => 0 =>  => 0 =>  => 0 =>  => 0 =>  => 0 =>  => 0 =>  => 0 =>  => "

-------------------------------
 
ALTERAÇÃO DE CLIENTE
POST => "ANNE" Data => "2012-07-13 10:00:39", Alterou o Cliente de vale 450174 => "INFORMAÇÕES ALTERADAS => "1 => 3552 => 18 => 16 => 20 => 0 => 0 => 14/05/2012 => 450174 => 215 => 96737 => 24/03/2012 => GILBERTO DA SILVA GONCALVES => 507513 / 199 => SOLANGE DE SA CORDEIRO CUNHA => 24736030 => RUA: GUSTAVO DE MATOS => LT 36 => QD 11 => PACHECO => SÃO GONÇALO => RJ => 3710-6209 =>  =>  => SEGUNDO ALZIRA VARGAS 2 RUA A DIREITA NA RUA DA IG TESTEMUNHAS DE JEOVA...Email enviado ao naec dia 11-06-12 Camila => Monatgem agendada /21/05/12,passado email p/marta acompanhar.REAGEND: 06/06/2012,FEITO PEDIDO DE PEÇA 13/07 => 1 => 140391 => G.ROUPA ARAPLAC 8P AUSTRIA TB/BR => 0 =>  => 0 =>  => 0 =>  => 0 =>  => 0 =>  => 0 =>  => 0 =>  => 0 =>  => 0 =>  => 0 =>  => 0 =>  => 0 =>  => 0 =>  => 0 =>  => 0 =>  => 0 =>  => 0 =>  => 0 =>  => 0 =>  => "

-------------------------------
 
ALTERAÇÃO DE CLIENTE
POST => "camila" Data => "2012-07-13 10:15:04", Alterou o Cliente de vale 506956 => "INFORMAÇÕES ALTERADAS => "1 => 4469 => 6 => 21 => 21 => 0 => 0 => 06/07/2012 => 506956 => 230 => 5248 => 18/06/2012 => WAGNER DA SILVA => 48617 => WELLIGTON LOPES BEZERRA =>  => JULIO POLISUK => 5 => CASA => CAMPO GRANDE => RIO DE JANEIRO =>  => 2405-7153 =>  =>  =>  =>  => 1 => 139517 => KIT ITAT I3 VD FL CRIATIVA 5P/4G PT => 0 =>  => 0 =>  => 0 =>  => 0 =>  => 0 =>  => 0 =>  => 0 =>  => 0 =>  => 0 =>  => 0 =>  => 0 =>  => 0 =>  => 0 =>  => 0 =>  => 0 =>  => 0 =>  => 0 =>  => 0 =>  => 0 =>  => "

-------------------------------
 
ALTERAÇÃO DE CLIENTE
POST => "ANNE" Data => "2012-07-13 10:27:04", Alterou o Cliente de vale 544629 => "INFORMAÇÕES ALTERADAS => "1 => 3385 => 18 => 29 => 22 => 0 => 2 => 11/05/2012 => 544629 => RE => 544629 => 10/05/2012 =>  =>  => MARIA CICERA FERREIRA DA SILVA =>  => ESTRADA TIJUACU => 16 => CASA 23 => ALTO DA BOA VISTA => RIO DE JANEIRO => RJ => 2496-2029 => 9479-7974 =>  => PX AO POSTO FORZA,PROC SRA VANDA OU GABRIELA,PEDIDO: 38228 => E-MAIL COM LAUDO SOLICITANDO A TROCA DO PRODUTO ENVIADO NO DIA 13/07! => 1 => 140348 => MESA FRITZ 6C MEGA AMEN/PTO => 0 =>  => 0 =>  => 0 =>  => 0 =>  => 0 =>  => 0 =>  => 0 =>  => 0 =>  => 0 =>  => 0 =>  => 0 =>  => 0 =>  => 0 =>  => 0 =>  => 0 =>  => 0 =>  => 0 =>  => 0 =>  => 0 =>  => "

-------------------------------
 
CADASTRO DE CLIENTE
POST => "MIRIAN" Data => "2012-07-13 10:37:54", Cadastrou o Cliente de vale 285820 => "INFORMAÇÕES CADASTRADAS => "11 => 36 => 22 => 2 => 2 => 11/07/2012 => 285820 => 224 => 285820 => 27/01/2012 =>  =>  => SANDRA HELENA COELHO MOLINA =>  => MARECHAL DEODORO DA FONSECA => 27 =>  => CENTRO => TRES RIOS => RJ => 2255-3761 =>  =>  => AO LADO DO COLEGIO VALTER FRANKLIN DDD.24 => 01 => 135481 => COZ KIPLAC RENATA PLUS BR/PTO =>  =>  =>  =>  =>  =>  =>  =>  =>  =>  =>  =>  =>  =>  =>  =>  =>  =>  =>  =>  =>  =>  =>  =>  =>  =>  =>  =>  =>  =>  =>  =>  =>  =>  =>  =>  =>  =>  => "

-------------------------------
 
ALTERAÇÃO DE CLIENTE
POST => "ANNE" Data => "2012-07-13 11:14:57", Alterou o Cliente de vale 467461 => "INFORMAÇÕES ALTERADAS => "1 => 3627 => 18 => 23 => -1 => 0 => 0 => 14/05/2012 => 467461 => 172 => 322 => 11/04/2012 => JAQUELINE ANTAO DA SILVA => 4720 / 199 => HILDA CLARA ALBINO => 21041400 => BECO: FRANCISCO ALVES => 15 => CASA => MANGUINHOS => RIO DE JANEIRO => RJ => 3868-6019 =>  =>  => AMORIM RUA PRINCIPAL ROSA DA FONSECA ATE FINAL PERTO LIXEIRA. =>  => 1 => 100136 => COZINHA ITAT DAYANE BR => 0 =>  => 0 =>  => 0 =>  => 0 =>  => 0 =>  => 0 =>  => 0 =>  => 0 =>  => 0 =>  => 0 =>  => 0 =>  => 0 =>  => 0 =>  => 0 =>  => 0 =>  => 0 =>  => 0 =>  => 0 =>  => 0 =>  => "

-------------------------------
 
ALTERAÇÃO DE CLIENTE
POST => "simone" Data => "2012-07-13 11:19:10", Alterou o Cliente de vale 482137 => "INFORMAÇÕES ALTERADAS => "1 => 3717 => 35 => 25 => 25 => 0 => 0 => 16/05/2012 => 482137 => 167 => 56358 => 05/05/2012 => TIAGO SOARES BRANDAO => 11657/199 => LIU TIANJUN => 2201002 => RUA:BARATA RIBEIRO => 407 => AP 502 => COPACABANA => RIO DE JANEIRO => RJ =>  => 2256-8984 => 2256-8984 => TROCA COM RECOLHIMENTO SEM MONTAGEM.RUA MORZAT QD 18 LOTE 12 BAIRRO SARACURUNA , DUQUE DE CAXIAS (22568984 TEL CASAL)
REF: BAR DA DONA VANDETE , PROC. NAZARET TEL: 2777-6392 (ISABEL), 27782053 (IVETE ), 2777-6173 ENIR => cliente mudou de endereço, estar morando em saracuruna...Email enviado ao naec dia 19-06-12, Camila => 1 => 140094 => G.ROUPA BERGAMO 5P LISBOA IMB/PTO => 0 =>  => 0 =>  => 0 =>  => 0 =>  => 0 =>  => 0 =>  => 0 =>  => 0 =>  => 0 =>  => 0 =>  => 0 =>  => 0 =>  => 0 =>  => 0 =>  => 0 =>  => 0 =>  => 0 =>  => 0 =>  => 0 =>  => "

-------------------------------
 
ALTERAÇÃO DE CLIENTE
POST => "MIRIAN" Data => "2012-07-13 11:34:30", Alterou o Cliente de vale 594779 => "INFORMAÇÕES ALTERADAS => "1 => 4388 => 11 => 25 => 10 => 0 => 2 => 28/06/2012 => 594779 => 179 => 594779 => 26/06/2012 =>  =>  => FERNANDO OLIVEIRA SANTOS =>  => JOAO FABIANO DE CASTRO => 400 => CS 01 => PARQUE SAO BENTO => DUQUE DE CAXIAS => RJ => 3135-7666 =>  =>  => ENTRAR PELO CENTRO PANAMERICANO DE FEBRE AFTOSA SEGUIR PELO CAMINHO DOS ONIBUS EM FRENTE AO RAILER DO VAGNER.PED.137636 => MARIANA DO NAEC ENTROU EM CONTATO,PEDINDO UMA REVISAO DE UM COZINHA,MAS FALEI COM ROMULO P/PEDIR O PEDIDO DA COZINHA,MAS O MESMO ME INFORMOU QUE NA TEM O PEDIDO SOMENTE DO G.ROUPA E PENDRIVE.O MONTADOR ESTEVE NA CASA DO CLIENTE,VERIFICOU QUE O BALCAO ESTA COM PORTA  ESQ AMASSADA.MAS NAO TEM COMO FAZER O PEDIDO DE PEÇAS SEM CODIGO DO PRODUTO E SEM PEDIDO.MIRIAN => 1 => 138033 => G.ROUPA ARAPLAC 10P ATLAN PLUS TB/AM => 0 =>  => 0 =>  => 0 =>  => 0 =>  => 0 =>  => 0 =>  => 0 =>  => 0 =>  => 0 =>  => 0 =>  => 0 =>  => 0 =>  => 0 =>  => 0 =>  => 0 =>  => 0 =>  => 0 =>  => 0 =>  => 0 =>  => "

-------------------------------
 
ALTERAÇÃO DE CLIENTE
POST => "MIRIAN" Data => "2012-07-13 12:13:47", Alterou o Cliente de vale 518815 => "INFORMAÇÕES ALTERADAS => "1 => 4489 => 11 => 16 => 17 => 2 => 0 => 06/07/2012 => 518815 => 230 => 18084 => 06/07/2012 => HUGO LEONARDO FERREIRA MORAIS => 499319/s => ERICA PEREIRA DE SOUZA => 23520421 => ESTRADA DA PEDRA => 155 =>  => SANTA CRUZ => RIO DE JANEIRO => RJ => 9542-2380 =>  =>  => BECO DO CONDE SITIO DO SR ANTONIO// =>  novo endereço:rua paulo reder 375 cs02//santa cruz praça da estação brt curral falso.Agendado p/12/07/12. => 1 => 100136 => COZINHA ITAT DAYANE BR => 0 =>  => 0 =>  => 0 =>  => 0 =>  => 0 =>  => 0 =>  => 0 =>  => 0 =>  => 0 =>  => 0 =>  => 0 =>  => 0 =>  => 0 =>  => 0 =>  => 0 =>  => 0 =>  => 0 =>  => 0 =>  => 0 =>  => "

-------------------------------
 
ALTERAÇÃO DE CLIENTE
POST => "simone" Data => "2012-07-13 13:24:46", Alterou o Cliente de vale 517696 => "INFORMAÇÕES ALTERADAS => "1 => 4484 => 35 => 26 => 29 => 0 => 0 => 06/07/2012 => 517696 => 230 => 517696 => 05/07/2012 => EDMILSON SILVA LUZ =>  => EDVALDO FRANCISCO DO NASCIMENTO CUNHA => 23587010 => RUA SENHOR JESUS => 40 => CASA => PACIENCIA => RIO DE JANEIRO => RJ => 3356-1150 => 9275-9484 =>  => PEDIDO: 85049. AV CES DE MELO BAIRRO PRIM DE ABRIL PROX CASAS DA CX ECONOMICA PROX A PRAÇA DO JAMELA PROX PONTO FINAL KOMBI SR EDIVALDO =>  => 1 => 136651 => COZINHA TELASSUL CRISTAL 80123 BR => 0 =>  => 0 =>  => 0 =>  => 0 =>  => 0 =>  => 0 =>  => 0 =>  => 0 =>  => 0 =>  => 0 =>  => 0 =>  => 0 =>  => 0 =>  => 0 =>  => 0 =>  => 0 =>  => 0 =>  => 0 =>  => 0 =>  => "

-------------------------------
 
ALTERAÇÃO DE CLIENTE
POST => "simone" Data => "2012-07-13 14:23:55", Alterou o Cliente de vale 473587 => "INFORMAÇÕES ALTERADAS => "1 => 3216 => 35 => 32 => 23 => 0 => 0 => 09/05/2012 => 473587 => 265 => 557 => 20/04/2012 => ANDERSON MARTINS GALHECO => 15828/199 => FRANCISCA FARIAS DE SOUZA BRAGA => 21531300 => RUA: ENORA => 66 =>  => ACARI => RIO DE JANEIRO => RJ =>  =>  =>  =>  ACESSO A RUA H NUMERO 54 ACARI,
DEPOIS DO CAMPO DO RELAMPAGO =>  => 1 => 138033 => G.ROUPA ARAPLAC 10P ATLAN PLUS TB/AM => 0 =>  => 0 =>  => 0 =>  => 0 =>  => 0 =>  => 0 =>  => 0 =>  => 0 =>  => 0 =>  => 0 =>  => 0 =>  => 0 =>  => 0 =>  => 0 =>  => 0 =>  => 0 =>  => 0 =>  => 0 =>  => 0 =>  => "

-------------------------------
 
ALTERAÇÃO DE CLIENTE
POST => "simone" Data => "2012-07-13 14:34:07", Alterou o Cliente de vale 486363 => "INFORMAÇÕES ALTERADAS => "1 => 3557 => 35 => 26 => 25 => 0 => 0 => 14/05/2012 => 486363 => 236 => 45129 => 11/05/2012 => CLEBER BORGES => 533058 / 199 => KLEBER JORGE FERREIRA => 25560310 => RUA: BAIANA => 9 => CASA B => COELHO DA ROCHA => SÃO JOÃO DE MERITI => RJ => 2757-2955 =>  =>  => ATÉ SEXTA FEIRA SERA FEITA 01-06-12 CAMILA => Email enviado ao naec dia 12-06-12 Camila => 1 => 9303 => KIT COZ KP 8P DELTA COLOR BR/VD => 0 =>  => 0 =>  => 0 =>  => 0 =>  => 0 =>  => 0 =>  => 0 =>  => 0 =>  => 0 =>  => 0 =>  => 0 =>  => 0 =>  => 0 =>  => 0 =>  => 0 =>  => 0 =>  => 0 =>  => 0 =>  => 0 =>  => "

-------------------------------
 
ALTERAÇÃO DE CLIENTE
POST => "simone" Data => "2012-07-13 14:46:44", Alterou o Cliente de vale 486363 => "INFORMAÇÕES ALTERADAS => "1 => 3557 => 35 => 37 => 36 => 0 => 0 => 14/05/2012 => 486363 => 236 => 45129 => 11/05/2012 => CLEBER BORGES => 533058 / 199 => KLEBER JORGE FERREIRA => 25560310 => RUA: BAIANA => 9 => CASA B => COELHO DA ROCHA => SÃO JOÃO DE MERITI => RJ => 2757-2955 =>  =>  => ATÉ SEXTA FEIRA SERA FEITA 01-06-12 CAMILA => Email enviado ao naec dia 12-06-12 Camila. OBS: CLIENTE NÃO ATENDE COLOCANDO NA ROTA => 1 => 9303 => KIT COZ KP 8P DELTA COLOR BR/VD => 0 =>  => 0 =>  => 0 =>  => 0 =>  => 0 =>  => 0 =>  => 0 =>  => 0 =>  => 0 =>  => 0 =>  => 0 =>  => 0 =>  => 0 =>  => 0 =>  => 0 =>  => 0 =>  => 0 =>  => 0 =>  => 0 =>  => "

-------------------------------
 
ALTERAÇÃO DE CLIENTE
POST => "simone" Data => "2012-07-13 14:50:53", Alterou o Cliente de vale 415988 => "INFORMAÇÕES ALTERADAS => "1 => 3206 => 35 => 28 => 27 => 0 => 0 => 09/05/2012 => 415988 => 236 => 41958 => 08/02/2012 => SANDERSON LUIZ CELESTINO => 486257/199 => WELLINGTON LUIZ MACEDO   DA SILVA GOMES => 21532180 => RUA: VIRGÍLIO FILHO => 27 =>  => COSTA BARROS => RIO DE JANEIRO => RJ => 7737-9360 =>  =>  => PROX CAMPO DO LEILAO  RELATÓRIO ENVIADO PARA MIRIAM DIA 15/5 LUCIANA . ENTRAR NA  RUA DO UPA PROX  CAMPO DO LELECO. => Email enviado ao Naec do dia 15-05-2012 camila => 1 => 140391 => G.ROUPA ARAPLAC 8P AUSTRIA TB/BR => 0 =>  => 0 =>  => 0 =>  => 0 =>  => 0 =>  => 0 =>  => 0 =>  => 0 =>  => 0 =>  => 0 =>  => 0 =>  => 0 =>  => 0 =>  => 0 =>  => 0 =>  => 0 =>  => 0 =>  => 0 =>  => 0 =>  => "

-------------------------------
 
ALTERAÇÃO DE CLIENTE
POST => "simone" Data => "2012-07-13 14:53:47", Alterou o Cliente de vale 488539 => "INFORMAÇÕES ALTERADAS => "1 => 3692 => 35 => 24 => 18 => 0 => 0 => 16/05/2012 => 488539 => 244 => 35244 => 15/05/2012 => LEANDRA GOMZAGA DOS SANTOS => 538180/199 => JAQUELINE DA SILVA BARROS => 21832250 => RUA: JOSÉ ISAÍAS => 0 => LT 07 QD 1 => SENADOR CAMARÁ => RIO DE JANEIRO => RJ => 3437-1383 => 8135-6780 =>  => PROX. AO PONTO FINAL DO 918 => CONFIRMEI COM EDSON ESPOSO PARA TERÇA 19/6 LUCIANA . FALEI COM NATHAN FILHO DA CLIENTE. => 1 => 100136 => COZINHA ITAT DAYANE BR => 0 =>  => 0 =>  => 0 =>  => 0 =>  => 0 =>  => 0 =>  => 0 =>  => 0 =>  => 0 =>  => 0 =>  => 0 =>  => 0 =>  => 0 =>  => 0 =>  => 0 =>  => 0 =>  => 0 =>  => 0 =>  => 0 =>  => "

-------------------------------
 
ALTERAÇÃO DE CLIENTE
POST => "simone" Data => "2012-07-13 14:55:32", Alterou o Cliente de vale 488539 => "INFORMAÇÕES ALTERADAS => "1 => 3692 => 35 => 13 => 32 => 0 => 0 => 16/05/2012 => 488539 => 244 => 35244 => 15/05/2012 => LEANDRA GOMZAGA DOS SANTOS => 538180/199 => JAQUELINE DA SILVA BARROS => 21832250 => RUA: JOSÉ ISAÍAS => 0 => LT 07 QD 1 => SENADOR CAMARÁ => RIO DE JANEIRO => RJ => 3437-1383 => 8135-6780 =>  => PROX. AO PONTO FINAL DO 918 =>  FALEI COM NATHAN FILHO DA CLIENTE E PEGUEI O TEL DA CLIENTE , MAS O TEL SÓ CHAMA. => 1 => 100136 => COZINHA ITAT DAYANE BR => 0 =>  => 0 =>  => 0 =>  => 0 =>  => 0 =>  => 0 =>  => 0 =>  => 0 =>  => 0 =>  => 0 =>  => 0 =>  => 0 =>  => 0 =>  => 0 =>  => 0 =>  => 0 =>  => 0 =>  => 0 =>  => 0 =>  => "

-------------------------------
 
ALTERAÇÃO DE CLIENTE
POST => "simone" Data => "2012-07-13 15:02:45", Alterou o Cliente de vale 473587 => "INFORMAÇÕES ALTERADAS => "1 => 3216 => 35 => 34 => 33 => 0 => 0 => 09/05/2012 => 473587 => 265 => 557 => 20/04/2012 => ANDERSON MARTINS GALHECO => 15828/199 => FRANCISCA FARIAS DE SOUZA BRAGA => 21531300 => RUA: ENORA => 66 =>  => ACARI => RIO DE JANEIRO => RJ =>  =>  =>  =>  ACESSO A RUA H NUMERO 54 ACARI,
DEPOIS DO CAMPO DO RELAMPAGO => Passei email para naec no dia 13/07 e o igor informou que esse cliente nao tem telefone no sistema => 1 => 138033 => G.ROUPA ARAPLAC 10P ATLAN PLUS TB/AM => 0 =>  => 0 =>  => 0 =>  => 0 =>  => 0 =>  => 0 =>  => 0 =>  => 0 =>  => 0 =>  => 0 =>  => 0 =>  => 0 =>  => 0 =>  => 0 =>  => 0 =>  => 0 =>  => 0 =>  => 0 =>  => 0 =>  => "

-------------------------------
 
ALTERAÇÃO DE CLIENTE
POST => "simone" Data => "2012-07-13 15:06:55", Alterou o Cliente de vale 473587 => "INFORMAÇÕES ALTERADAS => "1 => 3216 => 35 => 35 => 31 => 0 => 0 => 09/05/2012 => 473587 => 265 => 557 => 20/04/2012 => ANDERSON MARTINS GALHECO => 15828/199 => FRANCISCA FARIAS DE SOUZA BRAGA => 21531300 => RUA: ENORA => 66 =>  => ACARI => RIO DE JANEIRO => RJ => 3458-5690 =>  =>  =>  ACESSO A RUA H NUMERO 54 ACARI,
DEPOIS DO CAMPO DO RELAMPAGO => Passei email para naec no dia 13/07 e o igor informou que esse cliente nao tem telefone no sistema => 1 => 138033 => G.ROUPA ARAPLAC 10P ATLAN PLUS TB/AM => 0 =>  => 0 =>  => 0 =>  => 0 =>  => 0 =>  => 0 =>  => 0 =>  => 0 =>  => 0 =>  => 0 =>  => 0 =>  => 0 =>  => 0 =>  => 0 =>  => 0 =>  => 0 =>  => 0 =>  => 0 =>  => 0 =>  => "

-------------------------------
 
ALTERAÇÃO DE CLIENTE
POST => "simone" Data => "2012-07-13 15:07:19", Alterou o Cliente de vale 473587 => "INFORMAÇÕES ALTERADAS => "1 => 3216 => 35 => 21 => 28 => 0 => 0 => 09/05/2012 => 473587 => 265 => 557 => 20/04/2012 => ANDERSON MARTINS GALHECO => 15828/199 => FRANCISCA FARIAS DE SOUZA BRAGA => 21531300 => RUA  ENORA => 66 =>  => ACARI => RIO DE JANEIRO => RJ => 3458-5690 =>  =>  =>  ACESSO A RUA H NUMERO 54 ACARI,
DEPOIS DO CAMPO DO RELAMPAGO => Passei email para naec no dia 13/07 e o igor informou que esse cliente nao tem telefone no sistema => 1 => 138033 => G.ROUPA ARAPLAC 10P ATLAN PLUS TB/AM => 0 =>  => 0 =>  => 0 =>  => 0 =>  => 0 =>  => 0 =>  => 0 =>  => 0 =>  => 0 =>  => 0 =>  => 0 =>  => 0 =>  => 0 =>  => 0 =>  => 0 =>  => 0 =>  => 0 =>  => 0 =>  => 0 =>  => "

-------------------------------
 
ALTERAÇÃO DE CLIENTE
POST => "simone" Data => "2012-07-13 15:09:18", Alterou o Cliente de vale 473587 => "INFORMAÇÕES ALTERADAS => "1 => 3216 => 35 => 34 => 26 => 0 => 0 => 09/05/2012 => 473587 => 265 => 557 => 20/04/2012 => ANDERSON MARTINS GALHECO => 15828/199 => FRANCISCA FARIAS DE SOUZA BRAGA => 21531300 => RUA  ENORA => 66 =>  => ACARI => RIO DE JANEIRO => RJ => 3458-5690 => 8557-0085 =>  =>  ACESSO A RUA H NUMERO 54 ACARI,
DEPOIS DO CAMPO DO RELAMPAGO => falei com filho da cliente de nome chamado Francisco e me passou o tel  => 1 => 138033 => G.ROUPA ARAPLAC 10P ATLAN PLUS TB/AM => 0 =>  => 0 =>  => 0 =>  => 0 =>  => 0 =>  => 0 =>  => 0 =>  => 0 =>  => 0 =>  => 0 =>  => 0 =>  => 0 =>  => 0 =>  => 0 =>  => 0 =>  => 0 =>  => 0 =>  => 0 =>  => 0 =>  => "

-------------------------------
 
ALTERAÇÃO DE CLIENTE
POST => "simone" Data => "2012-07-13 15:23:56", Alterou o Cliente de vale 412314 => "INFORMAÇÕES ALTERADAS => "1 => 4559 => 35 => 31 => 34 => 0 => 0 => 10/07/2012 => 412314 => 168 => 53837 => 04/02/2012 => ELIMAR ALVES OLIVEIRA => 482439/199 => JOSEFA DA CONCEICAO ALCANTARA =>  => FRANCISCO BRAGA => 44 => CASA 2 => SANTA TEREZINHA => JAPERI => RJ => 9931-1565 =>  =>  =>  =>  => 1 => 135251 => G.ROUPA FRITZ 6P DANY TB/BR => 0 =>  => 0 =>  => 0 =>  => 0 =>  => 0 =>  => 0 =>  => 0 =>  => 0 =>  => 0 =>  => 0 =>  => 0 =>  => 0 =>  => 0 =>  => 0 =>  => 0 =>  => 0 =>  => 0 =>  => 0 =>  => 0 =>  => "

-------------------------------
 
ALTERAÇÃO DE CLIENTE
POST => "simone" Data => "2012-07-13 15:50:14", Alterou o Cliente de vale 412314 => "INFORMAÇÕES ALTERADAS => "1 => 4559 => 35 => 27 => 21 => 0 => 0 => 10/07/2012 => 412314 => 168 => 53837 => 04/02/2012 => ELIMAR ALVES OLIVEIRA => 482439/199 => JOSEFA DA CONCEICAO ALCANTARA =>  => FRANCISCO BRAGA => 44 => CASA 3 => SANTA TEREZINHA => JAPERI => RJ => 9931-1565 =>  =>  => REF: DEPOIS DO MERCADO 7 DE OURO VALAO 1 RUA A DIR =>  => 1 => 135251 => G.ROUPA FRITZ 6P DANY TB/BR => 0 =>  => 0 =>  => 0 =>  => 0 =>  => 0 =>  => 0 =>  => 0 =>  => 0 =>  => 0 =>  => 0 =>  => 0 =>  => 0 =>  => 0 =>  => 0 =>  => 0 =>  => 0 =>  => 0 =>  => 0 =>  => 0 =>  => "

-------------------------------
 
ALTERAÇÃO DE CLIENTE
POST => "ANNE" Data => "2012-07-13 15:58:58", Alterou o Cliente de vale 493184 => "INFORMAÇÕES ALTERADAS => "1 => 4315 => 18 => 15 => 13 => 0 => 0 => 25/06/2012 => 493184 => 241 => 2774 => 22/05/2012 => JULIO CESAR VIEIRA SOARES => 44840/199 => MARIA ANGELICA FERREIRA DA SILVA => 22780808 => RUA: MAROLO => qd 74 => LT 04 AP 204 => CURICICA => RIO DE JANEIRO => RJ => 2225-3010 => 8437-1933 =>  => EM FRENTE AO COLQUEEN N OCOND DE APTOS DE 2 ANDARES VERDE DE ESQUINA => FEITO PEDIDO DE PEÇA 13/07! => 1 => 138033 => G.ROUPA ARAPLAC 10P ATLAN PLUS TB/AM => 0 =>  => 0 =>  => 0 =>  => 0 =>  => 0 =>  => 0 =>  => 0 =>  => 0 =>  => 0 =>  => 0 =>  => 0 =>  => 0 =>  => 0 =>  => 0 =>  => 0 =>  => 0 =>  => 0 =>  => 0 =>  => 0 =>  => "

-------------------------------
 
ALTERAÇÃO DE CLIENTE
POST => "ANNE" Data => "2012-07-13 16:16:32", Alterou o Cliente de vale 479647 => "INFORMAÇÕES ALTERADAS => "1 => 3055 => 18 => 18 => 27 => 0 => 0 => 05/05/2012 => 479647 => 179 => 177355 => 02/05/2012 => DANIELA GOMES BARBOSA => 479647 => ANNE CAROLINE DA CRUZ GOMES =>  => ARAO REIS LT 11 QD 81 => 2 =>  => JARDIM OLAVO BILAC => DUQUE DE CAXIAS =>  => 7906-8449 => 2117-9933 =>  => PROX A TOCA DO SIRI PROC ANNE ENTREGAR PREFERECIA DIADE SABADO => ESTEVE NO LOCAL HOJE-CASA FICA EM UMA ESCADARIA COM PORTAO DE MADEIRA NA FRENTE. PELAS 11:00 DIA 29/06- CLIENTE DISSE QUE ESTAVA NA JUSTIÇA. UM RAPAZ BAIXO E FORTE DISENDO SER ESPOSO DA CLIENTE, IGOR SOLICITOU A MONTAGEM PARA AMANHÃ COMERCIALMENTE. 30/06. JOSE RIBEIRO.SUZI => 1 => 8981 => G. ROUPA MOVAL 6P40065 COL PLUS TB/M => 0 =>  => 0 =>  => 0 =>  => 0 =>  => 0 =>  => 0 =>  => 0 =>  => 0 =>  => 0 =>  => 0 =>  => 0 =>  => 0 =>  => 0 =>  => 0 =>  => 0 =>  => 0 =>  => 0 =>  => 0 =>  => 0 =>  => "

-------------------------------
 
ALTERAÇÃO DE CLIENTE
POST => "MIRIAN" Data => "2012-07-13 16:17:35", Alterou o Cliente de vale 485603 => "INFORMAÇÕES ALTERADAS => "1 => 3600 => 11 => 32 => 16 => 0 => 0 => 14/05/2012 => 485603 => 261 => 12101 => 10/05/2012 => NELSON DE OLIVEIRA NETO => 515949/199 => SILVIO ALEXANDRE FELIZARDO => 22723205 => ESTRADA: DOS TEIXEIRAS => 1414 => CS A => TAQUARA => RIO DE JANEIRO => RJ => 7884-2262 =>  =>  => SUBIDA PARA RESLENGO => agendado p/ 14/07/12 => 1 => 135481 => COZ KIPLAC RENATA PLUS BR/PTO => 0 =>  => 0 =>  => 0 =>  => 0 =>  => 0 =>  => 0 =>  => 0 =>  => 0 =>  => 0 =>  => 0 =>  => 0 =>  => 0 =>  => 0 =>  => 0 =>  => 0 =>  => 0 =>  => 0 =>  => 0 =>  => 0 =>  => "

-------------------------------
 
ALTERAÇÃO DE CLIENTE
POST => "MIRIAN" Data => "2012-07-13 16:18:50", Alterou o Cliente de vale 554176 => "INFORMAÇÕES ALTERADAS => "1 => 4272 => 11 => 34 => 6 => 0 => 2 => 21/06/2012 => 554176 => 170 => 554176 => 21/06/2012 =>  =>  => MARCO ANTONIO BORGES GONÇALVES =>  => RUA JAIME BARCELOS => 327 => CS => TAQUARA => RIO DE JANEIRO => RJ => 2440-1158 =>  =>  => CONDO BOSQUE ESTRADA BOIUNA NA ESQUINA TEM UM MERCADO REDE ECONOMIA.PED.26832 => agendado p/14/07/12 confirmado com a filha do cliente gisele. => 1 => 5724 => CJ SALA DE JANTAR ORTIZ VALEN 6C TB => 0 =>  => 0 =>  => 0 =>  => 0 =>  => 0 =>  => 0 =>  => 0 =>  => 0 =>  => 0 =>  => 0 =>  => 0 =>  => 0 =>  => 0 =>  => 0 =>  => 0 =>  => 0 =>  => 0 =>  => 0 =>  => 0 =>  => "

-------------------------------
 
ALTERAÇÃO DE CLIENTE
POST => "MIRIAN" Data => "2012-07-13 16:20:28", Alterou o Cliente de vale 538518 => "INFORMAÇÕES ALTERADAS => "1 => 4035 => 11 => 26 => 29 => 0 => 2 => 01/06/2012 => 538518 => 170 => 538518 => 31/05/2012 =>  =>  => IVONILDE OLIVEIRA SOUSA =>  => MACEMBU => 746 => RUA B => TAQUARA => RIO DE JANEIRO =>  => 3342-8892 =>  =>  =>  => Passado email p/Camila dia 29/06/12  p/cobrar do montador,pois cel do montador esta fora de area as 15:14,Atendimento tem que ser feito ate 03/07/12.Mirian// agendado revisao com o cliente dia 14/07/12 confirmado com a propia cliente. => 1 => 139576 => G ROUPA IRMOL 2P APOLO CHOC/IMB/MP => 0 =>  => 0 =>  => 0 =>  => 0 =>  => 0 =>  => 0 =>  => 0 =>  => 0 =>  => 0 =>  => 0 =>  => 0 =>  => 0 =>  => 0 =>  => 0 =>  => 0 =>  => 0 =>  => 0 =>  => 0 =>  => 0 =>  => "

-------------------------------
 
ALTERAÇÃO DE CLIENTE
POST => "MIRIAN" Data => "2012-07-13 16:21:19", Alterou o Cliente de vale 520496 => "INFORMAÇÕES ALTERADAS => "1 => 3919 => 11 => 28 => 34 => 0 => 2 => 24/05/2012 => 520496 => 245 => 520496 => 24/05/2012 =>  =>  => MARIA DAS GRACAS FERRAO =>  => RUA:NAIR SABINO => 14 =>  => TAQUARA => RIO DE JANEIRO => RJ => 9214-4438 =>  =>  => COMUNIDADE VILA SAPE.PEDIDO:40882 => agendado com O montador e o Igor para hoje 14/06. suzi passado email para camila.//agendado p/ cliente  14/07/12  => 1 => 136651 => COZINHA TELASSUL CRISTAL 80123 BR => 0 =>  => 0 =>  => 0 =>  => 0 =>  => 0 =>  => 0 =>  => 0 =>  => 0 =>  => 0 =>  => 0 =>  => 0 =>  => 0 =>  => 0 =>  => 0 =>  => 0 =>  => 0 =>  => 0 =>  => 0 =>  => 0 =>  => "

-------------------------------
 
ALTERAÇÃO DE CLIENTE
POST => "MIRIAN" Data => "2012-07-13 16:21:48", Alterou o Cliente de vale 256093 => "INFORMAÇÕES ALTERADAS => "1 => 4287 => 11 => 19 => 26 => 0 => 0 => 22/06/2012 => 256093 => 170 => 29471 => 25/08/2012 => PERICLES CANDIDO FERREIRA => 276579 => VERA LUCIA ADRIANO MATURO =>  => RODRIGUES CALDAS => 2625 => CASA 01 => TAQUARA => RIO DE JANEIRO =>  => 3347-3485 => 9275-0351 =>  =>  => Passado email p/Camila cobrar do montador,atender ate 03/07/12.MIRIAN//agendado p/14/07/12. => 1 => 8488 => G.ROUPA ARAMOVEIS 3P 4149 TB/BR => 0 =>  => 0 =>  => 0 =>  => 0 =>  => 0 =>  => 0 =>  => 0 =>  => 0 =>  => 0 =>  => 0 =>  => 0 =>  => 0 =>  => 0 =>  => 0 =>  => 0 =>  => 0 =>  => 0 =>  => 0 =>  => 0 =>  => "

-------------------------------
 
ALTERAÇÃO DE CLIENTE
POST => "ANNE" Data => "2012-07-13 16:26:33", Alterou o Cliente de vale 484840 => "INFORMAÇÕES ALTERADAS => "1 => 3460 => 18 => 26 => 22 => 0 => 0 => 11/05/2012 => 484840 => 171 => 65245 => 09/05/2012 => PENHA ROSANA DA SILVA CAMPOS => 470748/199 => JOSEMAR DUTRA => 21830550 => RUA: CABROBÓ => 38 => CS1 => SENADOR CAMARÁ => RIO DE JANEIRO => RJ => 3337-8796 => 9737-3457 =>  => ANDREA: 9737-3457 => OBS: CLIENTE NÃO ATENDE O TEL AS 15:12. O MONTADOR : O TEL ESTÁ FORA DE AREA AS 15:12 => 1 => 135481 => COZ KIPLAC RENATA PLUS BR/PTO => 1 => 135479 => BALCAO C/T KIPLAC RENATA PLUS BR/PT => 0 =>  => 0 =>  => 0 =>  => 0 =>  => 0 =>  => 0 =>  => 0 =>  => 0 =>  => 0 =>  => 0 =>  => 0 =>  => 0 =>  => 0 =>  => 0 =>  => 0 =>  => 0 =>  => 0 =>  => 0 =>  => "

-------------------------------
