 
ALTERAÇÃO DE CLIENTE
POST => "MIRIAN" Data => "2012-07-23 11:01:30", Alterou o Cliente de vale 511282 => "INFORMAÇÕES ALTERADAS => "1 => 4322 => 11 => 32 => 23 => 0 => 0 => 26/06/2012 => 511282 => 169 => 94195 => 26/06/2012 => RICARDO JOSE DE ABREU => 531905/199 => IZABEL CRISTINA ALVES DE MELLO => 20241260 => RUA: ALMIRANTE ALEXANDRINO => 535 => AP 304 => SANTA TERESA => RIO DE JANEIRO => RJ => 2224-5292 =>  =>  =>  => agendado p/25/07/12. => 1 => 140041 => SAPATEIRA CARRARO MULTI => 0 =>  => 0 =>  => 0 =>  => 0 =>  => 0 =>  => 0 =>  => 0 =>  => 0 =>  => 0 =>  => 0 =>  => 0 =>  => 0 =>  => 0 =>  => 0 =>  => 0 =>  => 0 =>  => 0 =>  => 0 =>  => 0 =>  => "

-------------------------------
 
ALTERAÇÃO DE CLIENTE
POST => "simone" Data => "2012-07-23 11:14:17", Alterou o Cliente de vale 523764 => "INFORMAÇÕES ALTERADAS => "1 => 4700 => 35 => 37 => 10 => 0 => 0 => 17/07/2012 => 523764 => 179 => 24407 => 16/07/2012 => LEONARDO OLIVEIRA DE FREITAS => 84422 => JANAINA GOMES BARBOSA => 26187180 => ESTRADA: LIGAÇÃO => 110 => CS03 => JARDIM LIMEIRA => BELFORD ROXO => RJ =>  =>  =>  =>  => OBS: SEU JOSE ARIMATEIA VAI ATENDER 23/07 => 1 => 140391 => G.ROUPA ARAPLAC 8P AUSTRIA TB/BR => 0 =>  => 0 =>  => 0 =>  => 0 =>  => 0 =>  => 0 =>  => 0 =>  => 0 =>  => 0 =>  => 0 =>  => 0 =>  => 0 =>  => 0 =>  => 0 =>  => 0 =>  => 0 =>  => 0 =>  => 0 =>  => 0 =>  => "

-------------------------------
 
ALTERAÇÃO DE CLIENTE
POST => "simone" Data => "2012-07-23 11:15:14", Alterou o Cliente de vale 598039 => "INFORMAÇÕES ALTERADAS => "1 => 4688 => 35 => 38 => 24 => 0 => 2 => 17/07/2012 => 598039 => 179 => 598039 => 16/07/2012 =>  =>  => ERICA DE FREITAS COELHO =>  => RUA PRINCIPAL FLORES DO CAMPO => 5 => BOX 3 => SAO JOSE => BELFORD ROXO => RJ => 3772-0542 => 8859-6549 =>  => CASA 3,PX A RUA DO COLEGAO,A RUA JANETE,PEDIDO: 170283 => OBS: AGEND 23/07 => 1 => 139576 => G ROUPA IRMOL 2P APOLO CHOC/IMB/MP => 0 =>  => 0 =>  => 0 =>  => 0 =>  => 0 =>  => 0 =>  => 0 =>  => 0 =>  => 0 =>  => 0 =>  => 0 =>  => 0 =>  => 0 =>  => 0 =>  => 0 =>  => 0 =>  => 0 =>  => 0 =>  => 0 =>  => "

-------------------------------
 
ALTERAÇÃO DE CLIENTE
POST => "luciana" Data => "2012-07-23 11:18:58", Alterou o Cliente de vale 42095 => "INFORMAÇÕES ALTERADAS => "1 => 60 => 5 => 50 => 32 => 0 => 2 => 29/02/2012 => 42095 => WA => 446667 => 28/02/2012 =>  =>  => EDNA DE OLIVEIRA DOS SANTOS =>  => ESTRADA DA CACHOEIRA => 28 =>  => PAU GRANDE => MAGÉ =>  => 2739-7471 =>  =>  => agend:terça 24/7  Luciana . => cliente não quis receber o montador em sua casa,relatorio em anexo enviado pelo e-mail para romulo no dia 14/03,assunto; revisão não concluidas. => 1 => 8981 => G. ROUPA MOVAL 6P40065 COL PLUS TB/M => 0 =>  => 0 =>  => 0 =>  => 0 =>  => 0 =>  => 0 =>  => 0 =>  => 0 =>  => 0 =>  => 0 =>  => 0 =>  => 0 =>  => 0 =>  => 0 =>  => 0 =>  => 0 =>  => 0 =>  => 0 =>  => 0 =>  => "

-------------------------------
 
ALTERAÇÃO DE CLIENTE
POST => "simone" Data => "2012-07-23 13:18:47", Alterou o Cliente de vale 486466 => "INFORMAÇÕES ALTERADAS => "1 => 3532 => 35 => 30 => 19 => 0 => 0 => 14/05/2012 => 486466 => 179 => 176440 => 11/05/2012 => CAMILA PEREIRA DE OLIVEIRA => 538525/199 => VALERIA MARTINS => 25010530 => RUA: VERÔNICA => 42 =>  => ENGENHO DO PORTO => DUQUE DE CAXIAS => RJ => 3658-2951 => 8525-2622 =>  => RUA TRANSVERSAL A MANOEL TELLES => Email enviado ao naec dia 21-05-2012 Camila.obs: produto não montado, seu sergio vai atender no dia 20/07/2012.MONTAGEM CONCLUIDA PASSAR E-MAIL PARA SUELEN DESCONTAR DO SEU JOSE CARLOS. => 1 => 138033 => G.ROUPA ARAPLAC 10P ATLAN PLUS TB/AM => 0 =>  => 0 =>  => 0 =>  => 0 =>  => 0 =>  => 0 =>  => 0 =>  => 0 =>  => 0 =>  => 0 =>  => 0 =>  => 0 =>  => 0 =>  => 0 =>  => 0 =>  => 0 =>  => 0 =>  => 0 =>  => 0 =>  => "

-------------------------------
 
ALTERAÇÃO DE CLIENTE
POST => "simone" Data => "2012-07-23 13:23:29", Alterou o Cliente de vale 452567 => "INFORMAÇÕES ALTERADAS => "1 => 3599 => 35 => 26 => 31 => 0 => 0 => 14/05/2012 => 452567 => 198 => 51259 => 26/03/2012 => SUELY DA SILVA => 519195/199 => LUCIANA DA SILVA PEREIRA => 21842550 => Q => 331 =>  => BANGU => RIO DE JANEIRO => RJ => 2655-7389 => 3469-1585 =>  => FICA NO JARDIM TAQUARAL PERTO DE CRECHE PRO LUCIANA => AGENDADO COM ROGERIO PARA AMANHÃ 25/05 1º HORÁRIO- IGOR VAI VERIFICAR COM A CLIENTE SE ELA ACEITA. SUZI => 1 => 135479 => BALCAO C/T KIPLAC RENATA PLUS BR/PT => 0 =>  => 0 =>  => 0 =>  => 0 =>  => 0 =>  => 0 =>  => 0 =>  => 0 =>  => 0 =>  => 0 =>  => 0 =>  => 0 =>  => 0 =>  => 0 =>  => 0 =>  => 0 =>  => 0 =>  => 0 =>  => 0 =>  => "

-------------------------------
 
ALTERAÇÃO DE CLIENTE
POST => "simone" Data => "2012-07-23 13:28:43", Alterou o Cliente de vale 452567 => "INFORMAÇÕES ALTERADAS => "1 => 3599 => 35 => 29 => 30 => 0 => 0 => 14/05/2012 => 452567 => 198 => 51259 => 26/03/2012 => SUELY DA SILVA => 519195/199 => LUCIANA DA SILVA PEREIRA => 21842550 => Q => 331 =>  => BANGU => RIO DE JANEIRO => RJ => 2655-7389 => 3469-1585 => 8265-2024 => FICA NO JARDIM TAQUARAL PERTO DE CRECHE PRO LUCIANA => AGENDADO COM ROGERIO PARA AMANHÃ 25/05 1º HORÁRIO- IGOR VAI VERIFICAR COM A CLIENTE SE ELA ACEITA. SUZI. OBS: SERÁ ATENDIDO ATÉ O DIA 24/07 CLIENTE SÓ PODE ESSE DIA !!!! => 1 => 135479 => BALCAO C/T KIPLAC RENATA PLUS BR/PT => 0 =>  => 0 =>  => 0 =>  => 0 =>  => 0 =>  => 0 =>  => 0 =>  => 0 =>  => 0 =>  => 0 =>  => 0 =>  => 0 =>  => 0 =>  => 0 =>  => 0 =>  => 0 =>  => 0 =>  => 0 =>  => 0 =>  => "

-------------------------------
 
ALTERAÇÃO DE CLIENTE
POST => "ANNE" Data => "2012-07-23 14:31:42", Alterou o Cliente de vale 352068 => "INFORMAÇÕES ALTERADAS => "1 => 4623 => 18 => 17 => 15 => 0 => 0 => 14/07/2012 => 352068 => 236 => 36672 => 09/12/2011 => EDIR SILVA DOS SANTOS => 397346/199 => ALCIONE BARRETO DE LIMA => 25571300 => RUA: BOSTON => AP 101 => LT 27 QD F => JARDIM NOVA CALIFÓRNIA => SÃO JOÃO DE MERITI => RJ => 3065-3018 =>  =>  => PROX AO CAMPO DO RODO IGREJA CATOLICA SUBIDA DO MORRO. => AS TRES PORTAS PEQUENA ESTÃO ARRANHADAS  FAZER PEDIDO,FEITO PEDIDO DE PEÇA 23/07! => 1 => 136651 => COZINHA TELASSUL CRISTAL 80123 BR => 0 =>  => 0 =>  => 0 =>  => 0 =>  => 0 =>  => 0 =>  => 0 =>  => 0 =>  => 0 =>  => 0 =>  => 0 =>  => 0 =>  => 0 =>  => 0 =>  => 0 =>  => 0 =>  => 0 =>  => 0 =>  => 0 =>  => "

-------------------------------
 
ALTERAÇÃO DE CLIENTE
POST => "simone" Data => "2012-07-23 15:18:46", Alterou o Cliente de vale 524199 => "INFORMAÇÕES ALTERADAS => "1 => 4670 => 35 => 47 => 27 => 2 => 0 => 17/07/2012 => 524199 => 249 => 19518 => 16/07/2012 => VICTOR PEREIRA DA SILVA => 305611/199 => MARCIA REGINA CARRARI DE MATOS MEDEIROS => 24330103 => RUA TRES => 6 => QD J => VARZEA DAS MOCAS => NITERÓI => RJ => 2716-0536 => 9949-8205 =>  => NA ENTRADA ANJAS FESTAS NA RUA DA FABRICA DE MANILHAS PROC RENILSON OU MARCIA => peça: Os 5 pés do balção vieram  quebrados => 1 => 134902 => BALCAO C/T ARAMOVEIS LILIAN BR/PTO => 0 =>  => 0 =>  => 0 =>  => 0 =>  => 0 =>  => 0 =>  => 0 =>  => 0 =>  => 0 =>  => 0 =>  => 0 =>  => 0 =>  => 0 =>  => 0 =>  => 0 =>  => 0 =>  => 0 =>  => 0 =>  => 0 =>  => "

-------------------------------
 
ALTERAÇÃO DE CLIENTE
POST => "ANNE" Data => "2012-07-23 15:53:04", Alterou o Cliente de vale 524199 => "INFORMAÇÕES ALTERADAS => "1 => 4670 => 18 => 10 => 17 => 2 => 0 => 17/07/2012 => 524199 => 249 => 19518 => 16/07/2012 => VICTOR PEREIRA DA SILVA => 305611/199 => MARCIA REGINA CARRARI DE MATOS MEDEIROS => 24330103 => RUA TRES => 6 => QD J => VARZEA DAS MOCAS => NITERÓI => RJ => 2716-0536 => 9949-8205 =>  => NA ENTRADA ANJAS FESTAS NA RUA DA FABRICA DE MANILHAS PROC RENILSON OU MARCIA => peça: Os 5 pés do balção vieram  quebrados,FEITO PEDIDO DE PEÇA 23/07! => 1 => 134902 => BALCAO C/T ARAMOVEIS LILIAN BR/PTO => 0 =>  => 0 =>  => 0 =>  => 0 =>  => 0 =>  => 0 =>  => 0 =>  => 0 =>  => 0 =>  => 0 =>  => 0 =>  => 0 =>  => 0 =>  => 0 =>  => 0 =>  => 0 =>  => 0 =>  => 0 =>  => 0 =>  => "

-------------------------------
