 
ALTERAÇÃO DE CLIENTE
POST => "luciana" Data => "2012-06-21 08:36:37", Alterou o Cliente de vale 395982 => "INFORMAÇÕES ALTERADAS => "1 => 4131 => 5 => 34 => 6 => 2 => 0 => 11/06/2012 => 395982 => 218 => 65661 => 19/01/2012 => BRUNA RENATA DE OLIVEIRA DAMASIO LUCAS => 460395/199 => KELLY DOS SANTOS => 26385450 => RUA IGREJA => 100 =>  => VALE OURO => QUEIMADOS => RJ => 9972-1772 =>  =>  => SUB A RUA ENF O CAMPO DO VALE OURO ULTIMA CASA PROC SEU JORGE  agend: terça 19/6 LUCIANA. =>  => 1 => 140391 => G.ROUPA BP 3P DUBAY TB/BR => 0 =>  => 0 =>  => 0 =>  => 0 =>  => 0 =>  => 0 =>  => 0 =>  => 0 =>  => 0 =>  => 0 =>  => 0 =>  => 0 =>  => 0 =>  => 0 =>  => 0 =>  => 0 =>  => 0 =>  => 0 =>  => 0 =>  => "

-------------------------------
 
ALTERAÇÃO DE CLIENTE
POST => "luciana" Data => "2012-06-21 08:38:26", Alterou o Cliente de vale 364849 => "INFORMAÇÕES ALTERADAS => "1 => 714 => 5 => 8 => 20 => 0 => 0 => 15/02/2012 => 364849 => 203 => 71584 => 19/12/2011 =>  =>  => CESA GONSALVES DE OLIVEIRA => 20755170 => RUA: DA ABOLIÇÃO => 332 => ENTR H APT130 => ABOLIÇÃO => RIO DE JANEIRO => RJ => 3899-6468 =>  =>  => CONJ DOS FERROVIARIOS  PROX A OBRA DO VIADUTO DA ABOLÇAO CONFIRMEI COM O CLIENTE PARA SABADO 23/6 LUCIANA: =>  => 1 => 16419 => COZ. COMP ARAMOVEIS LILIAN PLUS BR/VD => 0 =>  => 0 =>  => 0 =>  => 0 =>  => 0 =>  => 0 =>  => 0 =>  => 0 =>  => 0 =>  => 0 =>  => 0 =>  => 0 =>  => 0 =>  => 0 =>  => 0 =>  => 0 =>  => 0 =>  => 0 =>  => 0 =>  => "

-------------------------------
 
ALTERAÇÃO DE CLIENTE
POST => "luciana" Data => "2012-06-21 08:39:33", Alterou o Cliente de vale 503556 => "INFORMAÇÕES ALTERADAS => "1 => 4185 => 5 => 46 => 20 => 0 => 0 => 12/06/2012 => 503556 => 213 => 39066 => 11/06/2012 => ANA PAULA TEIXEIRA BASTOS =>  => SUELEN RIBEIRO COSTA => 25911500 => ESTRADA MUNICIPAL => 11 => CASA => CACHOEIRA GRANDEC => MAGÉ => RJ =>  =>  =>  => AO LADO DO BAR DO BOTAFOGO DEPOIS DO MOTEL COCE DECIDE PROC ELVIS => agend: terça 19/6  LUCIANA  => 1 => 136543 => COZINHA  LUCIANE DAKAR CHAMP/NOG => 0 =>  => 0 =>  => 0 =>  => 0 =>  => 0 =>  => 0 =>  => 0 =>  => 0 =>  => 0 =>  => 0 =>  => 0 =>  => 0 =>  => 0 =>  => 0 =>  => 0 =>  => 0 =>  => 0 =>  => 0 =>  => 0 =>  => "

-------------------------------
 
CADASTRO DE CLIENTE
POST => "MIRIAN" Data => "2012-06-21 11:21:15", Cadastrou o Cliente de vale 448106 => "INFORMAÇÕES CADASTRADAS => "11 => 10 => 26 => 0 => 0 => 21/06/2012 => 448106 => 218 => 70027 => 22/03/2012 => MARCO AURELIO DE AZEVEDO DE ALMEIDA => 508586/199 => VIVIANE DOS SANTOS SA => 26290720 => RUA: ZULEICA KILL => 286 =>  => VALVERDE => NOVA IGUAÇU => RJ => 9395-3655 => 7749-4684 =>  => DEPOIS DO SUP MERCADO NOVO VALVERDE  => 01 => 134708 => BALCAO LUCIANE DAKAR 2P4G CHAMP / NOG =>  =>  =>  =>  =>  =>  =>  =>  =>  =>  =>  =>  =>  =>  =>  =>  =>  =>  =>  =>  =>  =>  =>  =>  =>  =>  =>  =>  =>  =>  =>  =>  =>  =>  =>  =>  =>  =>  => "

-------------------------------
 
ALTERAÇÃO DE CLIENTE
POST => "luciana" Data => "2012-06-21 11:40:48", Alterou o Cliente de vale 573329 => "INFORMAÇÕES ALTERADAS => "1 => 3912 => 5 => 44 => 23 => 0 => 2 => 24/05/2012 => 573329 => 230 => 573329 => 24/05/2012 =>  =>  => ADELMIRA ARAUJO FERREIRA =>  => ESTRADA DO CABUCU => 2498 => SUB SOLO => CAMPO GRANDE => RIO DE JANEIRO => RJ => 8075-1834 => 3489-3816 =>  => PEDIDO:56833 .PROX PANIFICACAO BRUND EM CIMA DO BAR. NILVALDO VAI ATENDE QUARTA 13/6 LUCIANA. => PASSEI O LAUDO DOS PRODUTOS DIA 21/6 LUCIANA  => 1 => 8839 => G.ROUPA S ANDIRA HAV PLUS 6P IMB/BR => 1 => 6078 => RACK KIPLAC TORRE PLUS LUXO AR/MP => 0 =>  => 0 =>  => 0 =>  => 0 =>  => 0 =>  => 0 =>  => 0 =>  => 0 =>  => 0 =>  => 0 =>  => 0 =>  => 0 =>  => 0 =>  => 0 =>  => 0 =>  => 0 =>  => 0 =>  => 0 =>  => "

-------------------------------
 
ALTERAÇÃO DE CLIENTE
POST => "MIRIAN" Data => "2012-06-21 11:46:08", Alterou o Cliente de vale 556045 => "INFORMAÇÕES ALTERADAS => "1 => 3448 => 11 => 33 => 17 => 0 => 2 => 10/05/2012 => 556045 => 169 => 556045 => 10/05/2012 =>  =>  => SIMONE DE OLIVEIRA BALTHAR =>  => RUA:DINAMARCA => 90 => CASA 101 => CAMPO GRANDE => RIO DE JANEIRO => RJ => 7274-0381 =>  =>  => FICA PROX AO BAIRRO PARQUE SAO PEDRO E AO CIEP ESTR DA POSSE ALT 1100. => agendado p/21/06/12. => 1 => 140348 => MESA FRITZ 6C MEGA AMEN/PTO => 0 =>  => 0 =>  => 0 =>  => 0 =>  => 0 =>  => 0 =>  => 0 =>  => 0 =>  => 0 =>  => 0 =>  => 0 =>  => 0 =>  => 0 =>  => 0 =>  => 0 =>  => 0 =>  => 0 =>  => 0 =>  => 0 =>  => "

-------------------------------
 
ALTERAÇÃO DE CLIENTE
POST => "MIRIAN" Data => "2012-06-21 11:46:34", Alterou o Cliente de vale 484899 => "INFORMAÇÕES ALTERADAS => "1 => 3333 => 11 => 24 => 20 => 0 => 0 => 10/05/2012 => 484899 => 230 => 83603 => 10/05/2012 => ANDERSON DE LIMA BARBOSA => 485559 / 199 => MARIA JESUS CARVALHO DA NOBREGA => 23075450 => RUA:FRANCISCO DEOCLECIO DOS SANTOS => LT 43 => QD 19 => CAMPO GRANDE => RIO DE JANEIRO => RJ => 8509-1495 => 8644-3275 =>  => APOS O DEPOSITO DO GUARACAMP PROX A PRAÇA DO LETICIA 7 RUA ANTIGA. => ag 23/06 => 1 => 9074 => COZINHA COMP COLOR ECLIPSE TOP PTO => 0 =>  => 0 =>  => 0 =>  => 0 =>  => 0 =>  => 0 =>  => 0 =>  => 0 =>  => 0 =>  => 0 =>  => 0 =>  => 0 =>  => 0 =>  => 0 =>  => 0 =>  => 0 =>  => 0 =>  => 0 =>  => 0 =>  => "

-------------------------------
 
ALTERAÇÃO DE CLIENTE
POST => "luciana" Data => "2012-06-21 11:54:56", Alterou o Cliente de vale 573329 => "INFORMAÇÕES ALTERADAS => "1 => 3912 => 5 => 24 => 29 => 0 => 2 => 24/05/2012 => 573329 => 230 => 573329 => 24/05/2012 =>  =>  => ADELMIRA ARAUJO FERREIRA =>  => ESTRADA DO CABUCU => 2498 => SUB SOLO => CAMPO GRANDE => RIO DE JANEIRO => RJ => 8075-1834 => 3489-3816 =>  => PEDIDO:56833 .PROX PANIFICACAO BRUND EM CIMA DO BAR. NILVALDO VAI ATENDE QUARTA 13/6 LUCIANA. => PASSEI O LAUDO DOS PRODUTO RACK KIPLAC TORRE PLUS LUXO AR/MP e feito o pedido de peças do produto G.ROUPA S ANDIRA HAV PLUS 6P IMB/BRDIA 21/6 LUCIANA  => 1 => 8839 => G.ROUPA S ANDIRA HAV PLUS 6P IMB/BR => 1 => 6078 => RACK KIPLAC TORRE PLUS LUXO AR/MP => 0 =>  => 0 =>  => 0 =>  => 0 =>  => 0 =>  => 0 =>  => 0 =>  => 0 =>  => 0 =>  => 0 =>  => 0 =>  => 0 =>  => 0 =>  => 0 =>  => 0 =>  => 0 =>  => 0 =>  => 0 =>  => "

-------------------------------
 
CADASTRO DE CLIENTE
POST => "MIRIAN" Data => "2012-06-21 13:28:29", Cadastrou o Cliente de vale 554176 => "INFORMAÇÕES CADASTRADAS => "11 => 38 => 6 => 0 => 2 => 21/06/2012 => 554176 => 170 => 554176 => 21/06/2012 =>  =>  => MARCO ANTONIO BORGES GONÇALVES =>  => RUA JAIME BARCELOS => 327 => CS => TAQUARA => RIO DE JANEIRO => RJ => 2440-1158 =>  =>  => CONDO BOSQUE ESTRADA BOIUNA NA ESQUINA TEM UM MERCADO REDE ECONOMIA.PED.26832 => 01 => 5724 => CJ SALA DE JANTAR ORTIZ VALEN 6C TB =>  =>  =>  =>  =>  =>  =>  =>  =>  =>  =>  =>  =>  =>  =>  =>  =>  =>  =>  =>  =>  =>  =>  =>  =>  =>  =>  =>  =>  =>  =>  =>  =>  =>  =>  =>  =>  =>  => "

-------------------------------
 
ALTERAÇÃO DE CLIENTE
POST => "luciana" Data => "2012-06-21 13:42:40", Alterou o Cliente de vale 581190 => "INFORMAÇÕES ALTERADAS => "1 => 4180 => 5 => 23 => 25 => 0 => 2 => 12/06/2012 => 581190 => 179 => 581190 => 11/06/2012 =>  =>  => ELILEA SOARES =>  => RUA VINTE => lt 05 => QD 309 => JARDIM ANHANGA => DUQUE DE CAXIAS => RJ => 2777-2164 =>  =>  => PROX A GARAGEM DO ONIBUS UNIAO TRANSV COM AV ANHANGA PROX A PENSAO JOAOZINHO RELATORIO ENVIADO PARA MIRIAM DIA 19/6 LUCIANA  => FEITO O PEDIDO DE PEÇAS DIA 21/6 LUCIANA   => 1 => 139500 => ARM.ITAT.3P PREMIUM BR => 1 => 139504 => PAN.ITAT.6P VID PREMIUM PTO => 1 => 139509 => BALC ITAT.2P/4G PREMIUM PTO => 0 =>  => 0 =>  => 0 =>  => 0 =>  => 0 =>  => 0 =>  => 0 =>  => 0 =>  => 0 =>  => 0 =>  => 0 =>  => 0 =>  => 0 =>  => 0 =>  => 0 =>  => 0 =>  => 0 =>  => "

-------------------------------
 
CADASTRO DE CLIENTE
POST => "MIRIAN" Data => "2012-06-21 13:46:51", Cadastrou o Cliente de vale 531236 => "INFORMAÇÕES CADASTRADAS => "11 => 19 => 22 => 0 => 2 => 21/06/2012 => 531236 => 195 => 531236 => 21/06/2012 =>  =>  => MARCIO SOUZADA SILVA =>  => RUA ESPERANÇA => 179 =>  => JARDIM LEAL => BELFORD ROXO => RJ => 8470-3220 =>  =>  => EM FRENTE A CEDAEDEPOIS DAS TRES PONTES. PED.77479 => 01 => 140391 => G.ROUPA ARAPLAC 8P AUSTRIA TB/BR =>  =>  =>  =>  =>  =>  =>  =>  =>  =>  =>  =>  =>  =>  =>  =>  =>  =>  =>  =>  =>  =>  =>  =>  =>  =>  =>  =>  =>  =>  =>  =>  =>  =>  =>  =>  =>  =>  => "

-------------------------------
 
ALTERAÇÃO DE CLIENTE
POST => "simone" Data => "2012-06-21 13:59:35", Alterou o Cliente de vale 489507 => "INFORMAÇÕES ALTERADAS => "1 => 3772 => 35 => 22 => 22 => 0 => 0 => 17/05/2012 => 489507 => 179 => 139295 => 16/05/2012 => IGOR VIEIRA MAGALHAES => 404868/199 => MARILZA JOSE DE OLIVEIRA => 25900000 => HADOK LOBO => LT08 => QD39 => PARQUE PAULISTA => CAXIAS => RJ => 8771-1690 => 3652-7359 => 9556-6490 =>  => obs: Tel não é da cliente 8771-1690!!!!.Passei e-mail para o naec no dia 08/06/2012 para pedir outro tel . => 1 => 141552 => CJ SALA JANTAR ORTIZ VALENCIA 6C AMEN => 0 =>  => 0 =>  => 0 =>  => 0 =>  => 0 =>  => 0 =>  => 0 =>  => 0 =>  => 0 =>  => 0 =>  => 0 =>  => 0 =>  => 0 =>  => 0 =>  => 0 =>  => 0 =>  => 0 =>  => 0 =>  => 0 =>  => "

-------------------------------
 
ALTERAÇÃO DE CLIENTE
POST => "luciana" Data => "2012-06-21 14:03:07", Alterou o Cliente de vale 485355 => "INFORMAÇÕES ALTERADAS => "1 => 3337 => 5 => 29 => 12 => 0 => 0 => 10/05/2012 => 485355 => 241 => 42304 => 10/05/2012 => JULIO CESAR VIEIRA SOARES => 531487 / 199 => CLAUDIA DO CARMO CABRAL => 23520240 => JORNALISTA PAULO REDER  => 230 => CASA 2 => SANTA CRUZ => RIO DE JANEIRO => RJ => 2406-8392 => 8506-2824 =>  => PROX AO CESARAO NO CONJ DA CAIXA.CONFIRMEI COM O ESPOSO GUTIERRE CLIENTE NÃO ATENDE OS 2 TEL ACIMA PARA AGENDAR P/ SABADO 23/6 LUCIANA. => FICHA COM JULIO CESAR. => 1 => 136651 => COZINHA TELASSUL CRISTAL 80123 BR => 0 =>  => 0 =>  => 0 =>  => 0 =>  => 0 =>  => 0 =>  => 0 =>  => 0 =>  => 0 =>  => 0 =>  => 0 =>  => 0 =>  => 0 =>  => 0 =>  => 0 =>  => 0 =>  => 0 =>  => 0 =>  => 0 =>  => "

-------------------------------
 
ALTERAÇÃO DE CLIENTE
POST => "luciana" Data => "2012-06-21 14:03:50", Alterou o Cliente de vale 485355 => "INFORMAÇÕES ALTERADAS => "1 => 3337 => 5 => 23 => 11 => 0 => 0 => 10/05/2012 => 485355 => 241 => 42304 => 10/05/2012 => JULIO CESAR VIEIRA SOARES => 531487 / 199 => CLAUDIA DO CARMO CABRAL => 23520240 => JORNALISTA PAULO REDER  => 230 => CASA 2 => SANTA CRUZ => RIO DE JANEIRO => RJ => 2406-8392 => 8506-2824 =>  => PROX AO CESARAO NO CONJ DA CAIXA.CONFIRMEI COM O ESPOSO GUTIERRE CLIENTE NÃO ATENDE OS 2 TEL ACIMA PARA AGENDAR P/ SABADO 23/6 LUCIANA. => FICHA COM JULIO CESAR. => 1 => 136651 => COZINHA TELASSUL CRISTAL 80123 BR => 0 =>  => 0 =>  => 0 =>  => 0 =>  => 0 =>  => 0 =>  => 0 =>  => 0 =>  => 0 =>  => 0 =>  => 0 =>  => 0 =>  => 0 =>  => 0 =>  => 0 =>  => 0 =>  => 0 =>  => 0 =>  => 0 =>  => "

-------------------------------
 
ALTERAÇÃO DE CLIENTE
POST => "luciana" Data => "2012-06-21 14:05:20", Alterou o Cliente de vale 485355 => "INFORMAÇÕES ALTERADAS => "1 => 3337 => 5 => 36 => 13 => 0 => 0 => 10/05/2012 => 485355 => 241 => 42304 => 10/05/2012 => JULIO CESAR VIEIRA SOARES => 531487 / 199 => CLAUDIA DO CARMO CABRAL => 23520240 => JORNALISTA PAULO REDER  => 230 => CASA 2 => SANTA CRUZ => RIO DE JANEIRO => RJ => 2406-8392 => 8506-2824 =>  => PROX AO CESARAO NO CONJ DA CAIXA.CONFIRMEI COM O ESPOSO GUTIERRE CLIENTE NÃO ATENDE OS 2 TEL ACIMA PARA AGENDAR P/ SABADO 23/6 LUCIANA. => FICHA COM JULIO CESAR. => 1 => 136651 => COZINHA TELASSUL CRISTAL 80123 BR => 0 =>  => 0 =>  => 0 =>  => 0 =>  => 0 =>  => 0 =>  => 0 =>  => 0 =>  => 0 =>  => 0 =>  => 0 =>  => 0 =>  => 0 =>  => 0 =>  => 0 =>  => 0 =>  => 0 =>  => 0 =>  => 0 =>  => "

-------------------------------
 
ALTERAÇÃO DE CLIENTE
POST => "luciana" Data => "2012-06-21 14:32:30", Alterou o Cliente de vale 448106 => "INFORMAÇÕES ALTERADAS => "1 => 4271 => 5 => 24 => 19 => 0 => 0 => 21/06/2012 => 448106 => 218 => 70027 => 22/03/2012 => MARCO AURELIO DE AZEVEDO DE ALMEIDA => 508586/199 => VIVIANE DOS SANTOS SA => 26290720 => RUA: ZULEICA KILL => 286 =>  => VALVERDE => NOVA IGUAÇU => RJ => 9395-3655 => 7749-4684 =>  => DEPOIS DO SUP MERCADO NOVO VALVERDE AGEND:22/6 LUCIANA  =>  => 1 => 134708 => BALCAO LUCIANE DAKAR 2P4G CHAMP / NOG => 0 =>  => 0 =>  => 0 =>  => 0 =>  => 0 =>  => 0 =>  => 0 =>  => 0 =>  => 0 =>  => 0 =>  => 0 =>  => 0 =>  => 0 =>  => 0 =>  => 0 =>  => 0 =>  => 0 =>  => 0 =>  => 0 =>  => "

-------------------------------
 
CADASTRO DE CLIENTE
POST => "MIRIAN" Data => "2012-06-21 14:59:08", Cadastrou o Cliente de vale 557911 => "INFORMAÇÕES CADASTRADAS => "11 => 1 => 25 => 0 => 2 => 21/06/2012 => 557911 => 179 => 557911 => 21/06/2012 =>  =>  => JANETE DA COSTA REZENDE =>  => RUA VALENTIM MAGALHAES => 403 =>  => VIGÁRIO GERAL => RIO DE JANEIRO => RJ => 2785-9632 => 7720-5395 =>  => PADARIA OUVIDOR ENTRADA DA CORREIA DIAS RUA DA FEIRA => 01 => 8921 => G.ROUPA BIANCHI 6P REQUINTE TB/MP =>  =>  =>  =>  =>  =>  =>  =>  =>  =>  =>  =>  =>  =>  =>  =>  =>  =>  =>  =>  =>  =>  =>  =>  =>  =>  =>  =>  =>  =>  =>  =>  =>  =>  =>  =>  =>  =>  => "

-------------------------------
 
ALTERAÇÃO DE CLIENTE
POST => "simone" Data => "2012-06-21 15:17:48", Alterou o Cliente de vale 507003 => "INFORMAÇÕES ALTERADAS => "1 => 4243 => 35 => 40 => 29 => 0 => 1 => 18/06/2012 => 507003 => 179 => 1144 => 18/06/2012 => ROBSON CARVALHO LOPES => 4565 => MILTON PEDRO DA SILVA =>  => PORTO PRINCIPE => 51 => CASA => VIGARIO GERAL => RIO DE JANEIRO =>  => 7972-0570 => 6941-2862 =>  => PROX DULOREN PROC MILTON =>  => 1 => 135481 => COZ KIPLAC RENATA PLUS BR/PTO => 1 => 136337 => BALCAO C/T KIPLAC  RENATA PLUS BR => 0 =>  => 0 =>  => 0 =>  => 0 =>  => 0 =>  => 0 =>  => 0 =>  => 0 =>  => 0 =>  => 0 =>  => 0 =>  => 0 =>  => 0 =>  => 0 =>  => 0 =>  => 0 =>  => 0 =>  => 0 =>  => "

-------------------------------
 
ALTERAÇÃO DE CLIENTE
POST => "simone" Data => "2012-06-21 15:21:11", Alterou o Cliente de vale 507003 => "INFORMAÇÕES ALTERADAS => "1 => 4243 => 35 => 34 => 23 => 0 => 1 => 18/06/2012 => 507003 => 179 => 1144 => 18/06/2012 => ROBSON CARVALHO LOPES => 4565 => MILTON PEDRO DA SILVA =>  => PORTO PRINCIPE => 51 => CASA => VIGARIO GERAL => RIO DE JANEIRO =>  => 7972-0570 => 6941-2862 =>  => PROX DULOREN PROC MILTON => OBS: CLIENTE VAI MUDAR DE ENDEREÇO QUER A DESMONATGEM PARA AMANHÃ DIA 22/06/2012 => 1 => 135481 => COZ KIPLAC RENATA PLUS BR/PTO => 1 => 136337 => BALCAO C/T KIPLAC  RENATA PLUS BR => 0 =>  => 0 =>  => 0 =>  => 0 =>  => 0 =>  => 0 =>  => 0 =>  => 0 =>  => 0 =>  => 0 =>  => 0 =>  => 0 =>  => 0 =>  => 0 =>  => 0 =>  => 0 =>  => 0 =>  => 0 =>  => "

-------------------------------
 
ALTERAÇÃO DE CLIENTE
POST => "simone" Data => "2012-06-21 15:23:18", Alterou o Cliente de vale 507003 => "INFORMAÇÕES ALTERADAS => "1 => 4243 => 35 => 9 => 32 => 0 => 1 => 18/06/2012 => 507003 => 179 => 1144 => 18/06/2012 => ROBSON CARVALHO LOPES => 4565 => MILTON PEDRO DA SILVA =>  => PORTO PRINCIPE => 51 => CASA => VIGARIO GERAL => RIO DE JANEIRO =>  => 7972-0570 => 6941-2862 =>  => PROX DULOREN PROC MILTON => OBS: CLIENTE VAI MUDAR DE ENDEREÇO QUER A DESMONTAGEM PARA AMANHÃ DIA 22/06/2012 => 1 => 135481 => COZ KIPLAC RENATA PLUS BR/PTO => 1 => 136337 => BALCAO C/T KIPLAC  RENATA PLUS BR => 0 =>  => 0 =>  => 0 =>  => 0 =>  => 0 =>  => 0 =>  => 0 =>  => 0 =>  => 0 =>  => 0 =>  => 0 =>  => 0 =>  => 0 =>  => 0 =>  => 0 =>  => 0 =>  => 0 =>  => 0 =>  => "

-------------------------------
 
ALTERAÇÃO DE CLIENTE
POST => "luciana" Data => "2012-06-21 15:38:08", Alterou o Cliente de vale 448106 => "INFORMAÇÕES ALTERADAS => "1 => 4271 => 5 => 41 => 28 => 0 => 0 => 21/06/2012 => 448106 => 218 => 70027 => 22/03/2012 => MARCO AURELIO DE AZEVEDO DE ALMEIDA => 508586/199 => VIVIANE DOS SANTOS SA => 26290720 => RUA: ZULEICA KILL => 286 =>  => VALVERDE => NOVA IGUAÇU => RJ => 9395-3655 => 7749-4684 =>  => DEPOIS DO SUP MERCADO NOVO VALVERDE AGEND:22/6 LUCIANA  =>  => 1 => 134708 => BALCAO LUCIANE DAKAR 2P4G CHAMP / NOG => 0 =>  => 0 =>  => 0 =>  => 0 =>  => 0 =>  => 0 =>  => 0 =>  => 0 =>  => 0 =>  => 0 =>  => 0 =>  => 0 =>  => 0 =>  => 0 =>  => 0 =>  => 0 =>  => 0 =>  => 0 =>  => 0 =>  => "

-------------------------------
 
ALTERAÇÃO DE CLIENTE
POST => "luciana" Data => "2012-06-21 17:04:08", Alterou o Cliente de vale 448106 => "INFORMAÇÕES ALTERADAS => "1 => 4271 => 5 => 18 => 13 => 0 => 0 => 21/06/2012 => 448106 => 218 => 70027 => 22/03/2012 => MARCO AURELIO DE AZEVEDO DE ALMEIDA => 508586/199 => VIVIANE DOS SANTOS SA => 26290720 => RUA: ZULEICA KILL => 286 =>  => VALVERDE => NOVA IGUAÇU => RJ => 9395-3655 => 7749-4684 =>  => DEPOIS DO SUP MERCADO NOVO VALVERDE AGEND: 22/6 LUCIANA  =>  => 1 => 134708 => BALCAO LUCIANE DAKAR 2P4G CHAMP / NOG => 0 =>  => 0 =>  => 0 =>  => 0 =>  => 0 =>  => 0 =>  => 0 =>  => 0 =>  => 0 =>  => 0 =>  => 0 =>  => 0 =>  => 0 =>  => 0 =>  => 0 =>  => 0 =>  => 0 =>  => 0 =>  => 0 =>  => "

-------------------------------
 
ALTERAÇÃO DE CLIENTE
POST => "luciana" Data => "2012-06-21 17:15:10", Alterou o Cliente de vale 578615 => "INFORMAÇÕES ALTERADAS => "1 => 4215 => 5 => 34 => 31 => 0 => 2 => 15/06/2012 => 578615 => 243 => 578615 => 12/06/2012 =>  =>  => DIEGO VIEIRA RODRIGUES =>  => RUA LOURIVAL TAVARES DE PAULA => 465 =>  => VILA CAMARI => NOVA IGUAÇU => RJ => 8715-8283 =>  =>  => NA RUA DO COLEGIO LUIZ DE LEMOS PROC EDILEUZA-PED.2645  agend:quarta 20/6 LUCIANA . =>  => 1 => 138062 => G. ROUPA ARAPLAC 2P DUQUE PLUS BR/LI => 0 =>  => 0 =>  => 0 =>  => 0 =>  => 0 =>  => 0 =>  => 0 =>  => 0 =>  => 0 =>  => 0 =>  => 0 =>  => 0 =>  => 0 =>  => 0 =>  => 0 =>  => 0 =>  => 0 =>  => 0 =>  => 0 =>  => "

-------------------------------
 
ALTERAÇÃO DE CLIENTE
POST => "luciana" Data => "2012-06-21 17:16:00", Alterou o Cliente de vale 578615 => "INFORMAÇÕES ALTERADAS => "1 => 4215 => 5 => 8 => 18 => 0 => 2 => 15/06/2012 => 578615 => 243 => 578615 => 12/06/2012 =>  =>  => DIEGO VIEIRA RODRIGUES =>  => RUA LOURIVAL TAVARES DE PAULA => 465 =>  => VILA CAMARI => NOVA IGUAÇU => RJ => 8715-8283 =>  =>  => NA RUA DO COLEGIO LUIZ DE LEMOS PROC EDILEUZA-PED.2645  agend:quarta 20/6 LUCIANA: =>  => 1 => 138062 => G. ROUPA ARAPLAC 2P DUQUE PLUS BR/LI => 0 =>  => 0 =>  => 0 =>  => 0 =>  => 0 =>  => 0 =>  => 0 =>  => 0 =>  => 0 =>  => 0 =>  => 0 =>  => 0 =>  => 0 =>  => 0 =>  => 0 =>  => 0 =>  => 0 =>  => 0 =>  => 0 =>  => "

-------------------------------
 
ALTERAÇÃO DE CLIENTE
POST => "luciana" Data => "2012-06-21 17:16:55", Alterou o Cliente de vale 578615 => "INFORMAÇÕES ALTERADAS => "1 => 4215 => 5 => 37 => 16 => 0 => 2 => 15/06/2012 => 578615 => 243 => 578615 => 12/06/2012 =>  =>  => DIEGO VIEIRA RODRIGUES =>  => RUA LOURIVAL TAVARES DE PAULA => 465 =>  => VILA CAMARI => NOVA IGUAÇU => RJ => 8715-8283 =>  =>  => NA RUA DO COLEGIO LUIZ DE LEMOS PROC EDILEUZA-PED.2645  agend:quarta 20/6 LUCIANA: =>  => 1 => 138062 => G. ROUPA ARAPLAC 2P DUQUE PLUS BR/LI => 0 =>  => 0 =>  => 0 =>  => 0 =>  => 0 =>  => 0 =>  => 0 =>  => 0 =>  => 0 =>  => 0 =>  => 0 =>  => 0 =>  => 0 =>  => 0 =>  => 0 =>  => 0 =>  => 0 =>  => 0 =>  => 0 =>  => "

-------------------------------
 
ALTERAÇÃO DE CLIENTE
POST => "luciana" Data => "2012-06-21 17:18:22", Alterou o Cliente de vale 578615 => "INFORMAÇÕES ALTERADAS => "1 => 4215 => 5 => 24 => 30 => 0 => 2 => 15/06/2012 => 578615 => 243 => 578615 => 12/06/2012 =>  =>  => DIEGO VIEIRA RODRIGUES =>  => RUA LOURIVAL TAVARES DE PAULA => 465 =>  => VILA CAMARI => NOVA IGUAÇU => RJ => 8715-8283 =>  =>  => NA RUA DO COLEGIO LUIZ DE LEMOS PROC EDILEUZA-PED.2645  agend:quarta 20/6 LUCIANA... =>  => 1 => 138062 => G. ROUPA ARAPLAC 2P DUQUE PLUS BR/LI => 0 =>  => 0 =>  => 0 =>  => 0 =>  => 0 =>  => 0 =>  => 0 =>  => 0 =>  => 0 =>  => 0 =>  => 0 =>  => 0 =>  => 0 =>  => 0 =>  => 0 =>  => 0 =>  => 0 =>  => 0 =>  => 0 =>  => "

-------------------------------
 
ALTERAÇÃO DE CLIENTE
POST => "luciana" Data => "2012-06-21 17:18:46", Alterou o Cliente de vale 578615 => "INFORMAÇÕES ALTERADAS => "1 => 4215 => 5 => 27 => 10 => 0 => 2 => 15/06/2012 => 578615 => 243 => 578615 => 12/06/2012 =>  =>  => DIEGO VIEIRA RODRIGUES =>  => RUA LOURIVAL TAVARES DE PAULA => 465 =>  => VILA CAMARI => NOVA IGUAÇU => RJ => 8715-8283 =>  =>  => NA RUA DO COLEGIO LUIZ DE LEMOS PROC EDILEUZA-PED.2645  agend:quarta 20/6 LUCIANA: =>  => 1 => 138062 => G. ROUPA ARAPLAC 2P DUQUE PLUS BR/LI => 0 =>  => 0 =>  => 0 =>  => 0 =>  => 0 =>  => 0 =>  => 0 =>  => 0 =>  => 0 =>  => 0 =>  => 0 =>  => 0 =>  => 0 =>  => 0 =>  => 0 =>  => 0 =>  => 0 =>  => 0 =>  => 0 =>  => "

-------------------------------
