 
ALTERAÇÃO DE CLIENTE
POST => "simone" Data => "2012-07-02 09:06:10", Alterou o Cliente de vale 404234 => "INFORMAÇÕES ALTERADAS => "1 => 4052 => 35 => 30 => 16 => 2 => 0 => 01/06/2012 => 404234 => 245 => 38037 => 27/01/2012 => ANDREIA DA CONCEIÇÃO => 470641/199 => ODETE SANTOS BASTOS =>  => RUA SETE LAGOAS => 145 => BL 09 CASA 101 => JACAREPAGUA => RIO DE JANEIRO => RJ => 7497-9100 =>  =>  => NA ESTRADA DO RIO GRANDE DEPOIS DO MERCADO ESPECIAL COND NUME 4181. => agendado p/16/06/12,passado email p/camila acompanhar.mirian cliente só pode sabado . CAMILA DISSE QUE A MONTAGEM ESTA AGENDADA PARA HOJE 30/06- A CLIENTE DISSE QUE O MONTADOR CONFIRMOU PARA HOJE. SUZI.De acordo com montador , cliente ausente .E uma casa de dois andares,  => 1 => 135481 => COZ KIPLAC RENATA PLUS BR/PTO => 0 =>  => 0 =>  => 0 =>  => 0 =>  => 0 =>  => 0 =>  => 0 =>  => 0 =>  => 0 =>  => 0 =>  => 0 =>  => 0 =>  => 0 =>  => 0 =>  => 0 =>  => 0 =>  => 0 =>  => 0 =>  => 0 =>  => "

-------------------------------
 
ALTERAÇÃO DE CLIENTE
POST => "simone" Data => "2012-07-02 09:12:05", Alterou o Cliente de vale 404234 => "INFORMAÇÕES ALTERADAS => "1 => 4052 => 35 => 31 => 19 => 2 => 0 => 01/06/2012 => 404234 => 245 => 38037 => 27/01/2012 => ANDREIA DA CONCEIÇÃO => 470641/199 => ODETE SANTOS BASTOS =>  => RUA SETE LAGOAS => 145 => BL 09 CASA 101 => JACAREPAGUA => RIO DE JANEIRO => RJ => 7497-9100 =>  =>  => NA ESTRADA DO RIO GRANDE DEPOIS DO MERCADO ESPECIAL COND NUME 4181. => agendado p/16/06/12,passado email p/camila acompanhar.mirian cliente só pode sabado . CAMILA DISSE QUE A MONTAGEM ESTA AGENDADA PARA HOJE 30/06- A CLIENTE DISSE QUE O MONTADOR CONFIRMOU PARA HOJE. SUZI.De acordo com montador , cliente ausente .E uma casa de dois andares, muro chapicado portao de grande cor branco, 10:30. => 1 => 135481 => COZ KIPLAC RENATA PLUS BR/PTO => 0 =>  => 0 =>  => 0 =>  => 0 =>  => 0 =>  => 0 =>  => 0 =>  => 0 =>  => 0 =>  => 0 =>  => 0 =>  => 0 =>  => 0 =>  => 0 =>  => 0 =>  => 0 =>  => 0 =>  => 0 =>  => 0 =>  => "

-------------------------------
 
ALTERAÇÃO DE CLIENTE
POST => "simone" Data => "2012-07-02 09:26:25", Alterou o Cliente de vale 404234 => "INFORMAÇÕES ALTERADAS => "1 => 4052 => 35 => 39 => 12 => 2 => 0 => 01/06/2012 => 404234 => 245 => 38037 => 27/01/2012 => ANDREIA DA CONCEIÇÃO => 470641/199 => ODETE SANTOS BASTOS =>  => RUA SETE LAGOAS => 145 => BL 09 CASA 101 => JACAREPAGUA => RIO DE JANEIRO => RJ => 7497-9100 =>  =>  => NA ESTRADA DO RIO GRANDE DEPOIS DO MERCADO ESPECIAL COND NUME 4181. => agendado p/16/06/12,passado email p/camila acompanhar.mirian cliente só pode sabado . CAMILA DISSE QUE A MONTAGEM ESTA AGENDADA PARA HOJE 30/06- A CLIENTE DISSE QUE O MONTADOR CONFIRMOU PARA HOJE. SUZI.De acordo com montador , cliente ausente .E uma casa de dois andares, muro chapicado portao de grande cor branco, 10:30.reagendado p/ dia 02/07/2012, passado e-mail para camila acompanhar. => 1 => 135481 => COZ KIPLAC RENATA PLUS BR/PTO => 0 =>  => 0 =>  => 0 =>  => 0 =>  => 0 =>  => 0 =>  => 0 =>  => 0 =>  => 0 =>  => 0 =>  => 0 =>  => 0 =>  => 0 =>  => 0 =>  => 0 =>  => 0 =>  => 0 =>  => 0 =>  => 0 =>  => "

-------------------------------
 
CADASTRO DE CLIENTE
POST => "simone" Data => "2012-07-02 11:20:15", Cadastrou o Cliente de vale 514568 => "INFORMAÇÕES CADASTRADAS => "35 => 9 => 20 => 0 => 0 => 02/07/2012 => 514568 => 169 => 94859 => 30/06/2012 => RICARDO JOSE DE ABREU =>  => ANA CAROLINA DA FONSECA FELIPE  => 20221420 => RUA BARAO DE SAO FELIX  => 110 => APTO 502 => CENTRO  => RIO DE JANEIRO => RJ => 7357-6644 =>  =>  => FICA PROX AO SENTA AI PROC ENTR ED CHIQUINHA GONZAGA TEL CONTATO: 7357-6644 => 1 => 135481 => COZ KIPLAC RENATA PLUS BR/PTO =>  =>  =>  =>  =>  =>  =>  =>  =>  =>  =>  =>  =>  =>  =>  =>  =>  =>  =>  =>  =>  =>  =>  =>  =>  =>  =>  =>  =>  =>  =>  =>  =>  =>  =>  =>  =>  =>  => "

-------------------------------
 
ALTERAÇÃO DE CLIENTE
POST => "simone" Data => "2012-07-02 11:37:35", Alterou o Cliente de vale 484899 => "INFORMAÇÕES ALTERADAS => "1 => 3333 => 35 => 30 => 28 => 0 => 0 => 10/05/2012 => 484899 => 230 => 83603 => 10/05/2012 => ANDERSON DE LIMA BARBOSA => 485559 / 199 => MARIA JESUS CARVALHO DA NOBREGA => 23075450 => RUA:FRANCISCO DEOCLECIO DOS SANTOS => LT 43 => QD 19 => CAMPO GRANDE => RIO DE JANEIRO => RJ => 8509-1495 => 8644-3275 =>  => APOS O DEPOSITO DO GUARACAMP PROX A PRAÇA DO LETICIA 7 RUA ANTIGA. =>  AUSENTE 23/06 E DIA 25/06/12.  => 1 => 9074 => COZINHA COMP COLOR ECLIPSE TOP PTO => 0 =>  => 0 =>  => 0 =>  => 0 =>  => 0 =>  => 0 =>  => 0 =>  => 0 =>  => 0 =>  => 0 =>  => 0 =>  => 0 =>  => 0 =>  => 0 =>  => 0 =>  => 0 =>  => 0 =>  => 0 =>  => 0 =>  => "

-------------------------------
 
ALTERAÇÃO DE CLIENTE
POST => "simone" Data => "2012-07-02 11:39:44", Alterou o Cliente de vale 484899 => "INFORMAÇÕES ALTERADAS => "1 => 3333 => 35 => 16 => 23 => 0 => 0 => 10/05/2012 => 484899 => 230 => 83603 => 10/05/2012 => ANDERSON DE LIMA BARBOSA => 485559 / 199 => MARIA JESUS CARVALHO DA NOBREGA => 23075450 => RUA:FRANCISCO DEOCLECIO DOS SANTOS => LT 43 => QD 19 => CAMPO GRANDE => RIO DE JANEIRO => RJ => 8509-1495 => 8644-3275 =>  => APOS O DEPOSITO DO GUARACAMP PROX A PRAÇA DO LETICIA 7 RUA ANTIGA. =>  => 1 => 9074 => COZINHA COMP COLOR ECLIPSE TOP PTO => 0 =>  => 0 =>  => 0 =>  => 0 =>  => 0 =>  => 0 =>  => 0 =>  => 0 =>  => 0 =>  => 0 =>  => 0 =>  => 0 =>  => 0 =>  => 0 =>  => 0 =>  => 0 =>  => 0 =>  => 0 =>  => 0 =>  => "

-------------------------------
 
ALTERAÇÃO DE CLIENTE
POST => "simone" Data => "2012-07-02 14:29:27", Alterou o Cliente de vale 485355 => "INFORMAÇÕES ALTERADAS => "1 => 3337 => 35 => 15 => 22 => 0 => 0 => 10/05/2012 => 485355 => 241 => 42304 => 10/05/2012 => JULIO CESAR VIEIRA SOARES => 531487 / 199 => CLAUDIA DO CARMO CABRAL => 23520240 => JORNALISTA PAULO REDER  => 230 => CASA 2 => SANTA CRUZ => RIO DE JANEIRO => RJ => 2406-8392 => 8506-2824 =>  => PROX AO CESARAO NO CONJ DA CAIXA.CONFIRMEI COM O ESPOSO GUTIERRE CLIENTE NÃO ATENDE OS 2 TEL ACIMA PARA AGENDAR P/ SABADO 23/6 LUCIANA. => FICHA COM JULIO CESAR.o montador reagendou para dia 26/06/2012. => 1 => 136651 => COZINHA TELASSUL CRISTAL 80123 BR => 0 =>  => 0 =>  => 0 =>  => 0 =>  => 0 =>  => 0 =>  => 0 =>  => 0 =>  => 0 =>  => 0 =>  => 0 =>  => 0 =>  => 0 =>  => 0 =>  => 0 =>  => 0 =>  => 0 =>  => 0 =>  => 0 =>  => "

-------------------------------
 
ALTERAÇÃO DE CLIENTE
POST => "camila" Data => "2012-07-02 15:51:59", Alterou o Cliente de vale 421289 => "INFORMAÇÕES ALTERADAS => "1 => 2798 => 6 => 26 => 12 => 0 => 0 => 25/04/2012 => 421289 => 211 => 41256 => 15/02/2012 => DANIELA VENTURI BRITO => 493307/199 => ELIZEU VIANA BRITO => 26277720 => PEREIRAS => 111 =>  => PALMARES => NOVA IGUAÇU =>  => 3794-4126 => 81059655 => 3794-1775 => REFERÊNCIA:CONJUNTO PALMARES , ESTRADA DE MADUREIRA ANTES DO CIEP.Jose Fernando ira fazer.Camila => OBS: Passei e-mail para camila no dia 11/05/2012 para pedir ao naec para pedir uma referência do endereço.simone => 1 => 140391 => G.ROUPA ARAPLAC 8P AUSTRIA TB/BR => 0 =>  => 0 =>  => 0 =>  => 0 =>  => 0 =>  => 0 =>  => 0 =>  => 0 =>  => 0 =>  => 0 =>  => 0 =>  => 0 =>  => 0 =>  => 0 =>  => 0 =>  => 0 =>  => 0 =>  => 0 =>  => 0 =>  => "

-------------------------------
 
CADASTRO DE CLIENTE
POST => "MIRIAN" Data => "2012-07-02 15:54:22", Cadastrou o Cliente de vale 511906 => "INFORMAÇÕES CADASTRADAS => "11 => 23 => 25 => 0 => 1 => 02/07/2012 => 511906 => 282 => 9443 => 27/06/2012 => MARIA LUCINETE AVELINO DUARTE => 506767/199 => ZELIA SANTOS BERNARDES => 22753050 => RUA ORQUIDEAS => 10 =>  => ITANHAGA => RIO DE JANEIRO => RJ => 3116-0404 => 9511-7292 =>  => AREAL 1 RIO DAS PEDRAS RUA DEPOIS DA PADARIA DO CARECA => 01 => 140391 => G.ROUPA ARAPLAC 8P AUSTRIA TB/BR =>  =>  =>  =>  =>  =>  =>  =>  =>  =>  =>  =>  =>  =>  =>  =>  =>  =>  =>  =>  =>  =>  =>  =>  =>  =>  =>  =>  =>  =>  =>  =>  =>  =>  =>  =>  =>  =>  => "

-------------------------------
