 
ALTERAÇÃO DE CLIENTE
POST => "luciana" Data => "2012-06-18 09:59:30", Alterou o Cliente de vale 501349 => "INFORMAÇÕES ALTERADAS => "1 => 4240 => 5 => 20 => 20 => 0 => 0 => 15/06/2012 => 501349 => 167 => 3443 => 06/06/2012 => JACQUELINE MANCHI => 58384 => PRISCILA MARIA JAPIASSU SANTOS => 22071020 => RUA: DJALMA ULRICH => 271 => APT405 => COPACABANA => RIO DE JANEIRO => RJ => 2256-0325 =>  =>  => CONFIRMEI COM O VITOR FILHO PARA SEGUNDA 18/6 LUCIANA: =>  => 1 => 8921 => G.ROUPA BIANCHI 6P REQUINTE TB/MP => 1 => 8921 => G.ROUPA BIANCHI 6P REQUINTE TB/MP => 0 =>  => 0 =>  => 0 =>  => 0 =>  => 0 =>  => 0 =>  => 0 =>  => 0 =>  => 0 =>  => 0 =>  => 0 =>  => 0 =>  => 0 =>  => 0 =>  => 0 =>  => 0 =>  => 0 =>  => 0 =>  => "

-------------------------------
 
ALTERAÇÃO DE CLIENTE
POST => "luciana" Data => "2012-06-18 10:07:35", Alterou o Cliente de vale 496168 => "INFORMAÇÕES ALTERADAS => "1 => 3932 => 5 => 2 => 28 => 2 => 0 => 26/05/2012 => 496168 => 169 => 52512 => 25/05/2012 => RAFAEL RABELO SOARES => 198492/199 => MARCOS PAULO DA COSTA MOREIRA => 20220690 => RUA: BARÃO DA GAMBOA => 155 => AP 303 => SANTO CRISTO => RIO DE JANEIRO => RJ => 2203-1662 =>  =>  => PROX A CIDADE  DO SAMBA  CONFIRMEI COM O CLIENTE PARA TERÇA FEIRA 19/6 LUCIANA  => FICHA COM EDSON MOREIRA  => 1 => 8372 => G.ROUPA BP 3P DUBAY TB/BR/MP => 0 =>  => 0 =>  => 0 =>  => 0 =>  => 0 =>  => 0 =>  => 0 =>  => 0 =>  => 0 =>  => 0 =>  => 0 =>  => 0 =>  => 0 =>  => 0 =>  => 0 =>  => 0 =>  => 0 =>  => 0 =>  => 0 =>  => "

-------------------------------
 
ALTERAÇÃO DE CLIENTE
POST => "luciana" Data => "2012-06-18 10:08:44", Alterou o Cliente de vale 566186 => "INFORMAÇÕES ALTERADAS => "1 => 4150 => 5 => 32 => 22 => 0 => 2 => 11/06/2012 => 566186 => 274 => 566186 => 05/06/2012 =>  =>  => ELAINE LOURDES DE OLIVEIRA => 25900000 => RUA BARAO DE SANTO ANGELO => 20 => CASA => LAGOA => MAGÉ => RJ => 8543-8515 =>  =>  => PERTO DA ESTAÇÃO DE TRATAMENTO DE AGUA PROC ELAINE => FICHA COM JOSE CARLOS RIBEIRO ALV => 1 => 138033 => G.ROUPA ARAPLAC 10P ATLAN PLUS TB/AM => 0 =>  => 0 =>  => 0 =>  => 0 =>  => 0 =>  => 0 =>  => 0 =>  => 0 =>  => 0 =>  => 0 =>  => 0 =>  => 0 =>  => 0 =>  => 0 =>  => 0 =>  => 0 =>  => 0 =>  => 0 =>  => 0 =>  => "

-------------------------------
 
ALTERAÇÃO DE CLIENTE
POST => "luciana" Data => "2012-06-18 10:27:10", Alterou o Cliente de vale 485355 => "INFORMAÇÕES ALTERADAS => "1 => 3337 => 5 => 40 => 31 => 0 => 0 => 10/05/2012 => 485355 => 241 => 42304 => 10/05/2012 => JULIO CESAR VIEIRA SOARES => 531487 / 199 => CLAUDIA DO CARMO CABRAL => 23520240 => JORNALISTA PAULO REDER  => 230 => CASA 2 => SANTA CRUZ => RIO DE JANEIRO => RJ => 2406-8392 => 8506-2824 =>  => PROX AO CESARAO NO CONJ DA CAIXA.CONFIRMEI COM O ESPOSO GUTIERRE TERÇA 19/6 PELA MANHA  LUCIANA. => FICHA COM JULIO CESAR. => 1 => 136651 => COZINHA TELASSUL CRISTAL 80123 BR => 0 =>  => 0 =>  => 0 =>  => 0 =>  => 0 =>  => 0 =>  => 0 =>  => 0 =>  => 0 =>  => 0 =>  => 0 =>  => 0 =>  => 0 =>  => 0 =>  => 0 =>  => 0 =>  => 0 =>  => 0 =>  => 0 =>  => "

-------------------------------
 
ALTERAÇÃO DE CLIENTE
POST => "marta" Data => "2012-06-18 10:35:08", Alterou o Cliente de vale 477303 => "INFORMAÇÕES ALTERADAS => "1 => 2912 => 22 => 21 => 13 => 0 => 0 => 26/04/2012 => 477303 => 179 => 3193 => 26/04/2012 => ANDERSON PEREIRA SANTOS => 14414/199 => ADILSON PEREZ DA SILVA => 21250240 => RUA: GENERAL CARVALHO => 1299 =>  => CORDOVIL => RIO DE JANEIRO => RJ => 3352-2380 =>  =>  =>  => OBS: CLIENTE NÃO ATENDE O TEL AS 10:27. PASSEI E-MAIL PARA O NAEC NO DIA 05/06/2012 PEDINDO OUTRO TEL DE CONTATO!!!TEL DO CLIENTE NAO COMPLETA LIGAÇÃO,ENVIE E-MAIL P/NAEC PEDINDO NOVAMENTE UM TEL DE CONTATO => 1 => 132414 => RACK DJ FLASH IMB/PTO => 0 =>  => 0 =>  => 0 =>  => 0 =>  => 0 =>  => 0 =>  => 0 =>  => 0 =>  => 0 =>  => 0 =>  => 0 =>  => 0 =>  => 0 =>  => 0 =>  => 0 =>  => 0 =>  => 0 =>  => 0 =>  => 0 =>  => "

-------------------------------
 
ALTERAÇÃO DE CLIENTE
POST => "marta" Data => "2012-06-18 10:43:42", Alterou o Cliente de vale 477265 => "INFORMAÇÕES ALTERADAS => "1 => 2917 => 22 => 33 => 11 => 0 => 0 => 28/04/2012 => 477265 => 230 => 86008 => 26/04/2012 => EDMILSON SILVA LUZ => 506800/199 => VALDECI MQARCELINO JR => 23098006 => ESTRADA: SETE RIACHOS => 1515 => LT 16 QD E => SANTÍSSIMO => RIO DE JANEIRO => RJ => 8405-1644 =>  =>  => ESTR 7 RAICHOS BAIRRO COQUEIRO NA RUA PONTO FINAL ONIBUS 395 => OBS: TEL ESTA FORA DE AREA AS 10:30 PARA SABER SE FOI MONTADO.PASSEI E-MAIL PARA O NAEC NO DIA 08/06/2012 AS 11:58 PEDIDNDO OUTRO TEL DE CONTATO, AGUARDANDO RETORNO.TEL DESLIGADO,PASSEI E-MAIL NOVAMENTE P/NAEC => 1 => 138036 => G.ROUPA ARAPLAC 3P BARC PLUS TB/BR => 0 =>  => 0 =>  => 0 =>  => 0 =>  => 0 =>  => 0 =>  => 0 =>  => 0 =>  => 0 =>  => 0 =>  => 0 =>  => 0 =>  => 0 =>  => 0 =>  => 0 =>  => 0 =>  => 0 =>  => 0 =>  => 0 =>  => "

-------------------------------
 
ALTERAÇÃO DE CLIENTE
POST => "luciana" Data => "2012-06-18 11:04:29", Alterou o Cliente de vale 503530 => "INFORMAÇÕES ALTERADAS => "1 => 4186 => 5 => 33 => 6 => 0 => 0 => 12/06/2012 => 503530 => 195 => 80184 => 11/06/2012 => ANDRE ROBERTO OLIVEIRA DA COST => 535572/199 => MARIA DE FATIMA FELIX BARRETO => 26171370 => JOSE MARIA => qd e => LT 01 => VILA PAULINE => BELFORD ROXO => RJ => 2788-1876 =>  =>  => NA SUBIDA DO BAR DO NILO SUBIR PELA RUA ALBUQUERQUE => AGEND: SABADO 16/6 CONFIRMEI COM FERNANDA  CLIENTE NÃO ATENDE O TEL ACIMA DIA 18/6 AS 11:03HS PARA CONFIRMAR ATENDIMENTO PARA TERÇA 19/6 LUCIANA  => 1 => 136365 => ESTANTE DJ CRONOS HOME MAR/PTO => 0 =>  => 0 =>  => 0 =>  => 0 =>  => 0 =>  => 0 =>  => 0 =>  => 0 =>  => 0 =>  => 0 =>  => 0 =>  => 0 =>  => 0 =>  => 0 =>  => 0 =>  => 0 =>  => 0 =>  => 0 =>  => 0 =>  => "

-------------------------------
 
ALTERAÇÃO DE CLIENTE
POST => "luciana" Data => "2012-06-18 11:05:43", Alterou o Cliente de vale 252031 => "INFORMAÇÕES ALTERADAS => "1 => 3899 => 5 => 30 => 27 => 2 => 0 => 24/05/2012 => 252031 => 176 => 22274 => 22/08/2011 => JULIO ROBERTO PAIVA BARRETO => 271561 / 199 => RAHHANA VANESSA LUCIO SILVA => 20220750 => RUA: REGO BARROS => 79 => CASA => SANTO CRISTO => RIO DE JANEIRO => RJ => 9208-8765 => 3884-5914 =>  => GARAGEM SAO SILVESTRE.  CONFIRMEI COM A CLIENTE PARA SEGUNDA  18/6  WILTON LUCIANA  => FICHA COM EDSON MOREIRA  => 1 => 138033 => G.ROUPA ARAPLAC 10P ATLAN PLUS TB/AM => 0 =>  => 0 =>  => 0 =>  => 0 =>  => 0 =>  => 0 =>  => 0 =>  => 0 =>  => 0 =>  => 0 =>  => 0 =>  => 0 =>  => 0 =>  => 0 =>  => 0 =>  => 0 =>  => 0 =>  => 0 =>  => 0 =>  => "

-------------------------------
 
ALTERAÇÃO DE CLIENTE
POST => "marta" Data => "2012-06-18 11:06:17", Alterou o Cliente de vale 302010 => "INFORMAÇÕES ALTERADAS => "1 => 3471 => 22 => 17 => 31 => 2 => 0 => 10/05/2012 => 302010 => 238 => 46428 => 18/10/2011 => CARLOS ALBERTO AMORIM SILVA => 329131 / 199 => ANTONIA SUZANA DE OLIVEIRA MELO => 23020650 => RUA:SERVIDAO => 20 =>  => BARRA DE GUARATIBA => RIO DE JANEIRO => RJ => 7605-9455 => 2471-3415 =>  =>  => TEL RESIDENCIAL NÃO É DO CLIENTE,E O CEL NÃO ATENDE.ENVIEI UM E-MAIL P/NAEC PEGAR UM OUTRO TEL DE CONTATO => 1 => 135519 => TRELICHE TCIL VENUS BR => 0 =>  => 0 =>  => 0 =>  => 0 =>  => 0 =>  => 0 =>  => 0 =>  => 0 =>  => 0 =>  => 0 =>  => 0 =>  => 0 =>  => 0 =>  => 0 =>  => 0 =>  => 0 =>  => 0 =>  => 0 =>  => 0 =>  => "

-------------------------------
 
CADASTRO DE CLIENTE
POST => "luciana" Data => "2012-06-18 11:16:23", Cadastrou o Cliente de vale 451840 => "INFORMAÇÕES CADASTRADAS => "5 => 26 => 28 => 0 => 0 => 18/06/2012 => 451840 => 215 => 97019 => 26/03/2012 => GILBERTO DA SILVA GONCALVES => 509313 => HELOISA HELENA NOGUEIRA  RODRIGUES  => 2490000 => SAINT DENIS  => 0 ter  => ESCOLA TRASILBO FIGUEIRA => Jardim Catarina => JARDIM CATARINA VELHo => RJ =>  =>  =>  =>  => 01 => 138066 => G.ROUPA ARAPLAC 12P DAKAR PLUS TB/AM =>  =>  =>  =>  =>  =>  =>  =>  =>  =>  =>  =>  =>  =>  =>  =>  =>  =>  =>  =>  =>  =>  =>  =>  =>  =>  =>  =>  =>  =>  =>  =>  =>  =>  =>  =>  =>  =>  => "

-------------------------------
 
ALTERAÇÃO DE CLIENTE
POST => "luciana" Data => "2012-06-18 11:28:11", Alterou o Cliente de vale 468921 => "INFORMAÇÕES ALTERADAS => "1 => 4238 => 5 => 8 => 32 => 0 => 0 => 15/06/2012 => 468921 => 180 => 280 => 13/04/2012 => ADRIANA DOS REIS MILIONE DOS SANTOS => 8417/199 => DAIANA BATISTA DE MELO => 26266170 => RUA SERGIO SENDER => 497 => CS02 => JARDIM NOVA ERA => NOVA IGUAÇU => RJ => 2767-7734 =>  =>  => PROX SUPER CALIAN PROC JANE  RELATORIO ENVIADO PARA MIRIAM DIA 18/6 LUCIANA  =>  => 1 => 16422 => BALC ITAT IGH-97 DAYANE BR/PTO => 0 =>  => 0 =>  => 0 =>  => 0 =>  => 0 =>  => 0 =>  => 0 =>  => 0 =>  => 0 =>  => 0 =>  => 0 =>  => 0 =>  => 0 =>  => 0 =>  => 0 =>  => 0 =>  => 0 =>  => 0 =>  => 0 =>  => "

-------------------------------
 
ALTERAÇÃO DE CLIENTE
POST => "marta" Data => "2012-06-18 11:28:45", Alterou o Cliente de vale 564838 => "INFORMAÇÕES ALTERADAS => "1 => 3773 => 22 => 34 => 11 => 0 => 2 => 17/05/2012 => 564838 => 230 => 564838 => 16/05/2012 =>  =>  => BENEDITA RODRIGUES DE ALMEIDA =>  => AVENIDA CESARIO DE MELO => 69 => BL08 APT302 => SENADOR VASCONCELOS => RIO DE JANEIRO =>  => 8657-9382 => 3373-6494 =>  => PROX A ESTAÇÃO DE SENADOR VASCONCELOS. =>  => 1 => 139754 => ARM COLOR CLASS SL 3P  AP3P  BR => 0 =>  => 0 =>  => 0 =>  => 0 =>  => 0 =>  => 0 =>  => 0 =>  => 0 =>  => 0 =>  => 0 =>  => 0 =>  => 0 =>  => 0 =>  => 0 =>  => 0 =>  => 0 =>  => 0 =>  => 0 =>  => 0 =>  => "

-------------------------------
 
ALTERAÇÃO DE CLIENTE
POST => "luciana" Data => "2012-06-18 11:30:17", Alterou o Cliente de vale 468922 => "INFORMAÇÕES ALTERADAS => "1 => 4239 => 5 => 16 => 21 => 0 => 0 => 15/06/2012 => 468922 => 180 => 280 => 13/04/2012 => ADRIANA DOS REIS MILIONE DOS SANTOS => 8432/199 => DAIANA BATISTA DE MELO => 26266170 => RUA SERGIO SENDER => 497 => CS02 => JARDIM NOVA ERA => NOVA IGUAÇU => RJ => 2767-7734 =>  =>  => PROX SUPER CALIAN GOMS PROC JANE  RELATORIO ENVIADO PARA MIRIAM DIA 18/6 LUCIANA  =>  => 1 => 100136 => COZINHA ITAT DAYANE BR => 0 =>  => 0 =>  => 0 =>  => 0 =>  => 0 =>  => 0 =>  => 0 =>  => 0 =>  => 0 =>  => 0 =>  => 0 =>  => 0 =>  => 0 =>  => 0 =>  => 0 =>  => 0 =>  => 0 =>  => 0 =>  => 0 =>  => "

-------------------------------
 
ALTERAÇÃO DE CLIENTE
POST => "luciana" Data => "2012-06-18 11:31:20", Alterou o Cliente de vale 468922 => "INFORMAÇÕES ALTERADAS => "1 => 4239 => 5 => 21 => 24 => 0 => 0 => 15/06/2012 => 468922 => 180 => 280 => 13/04/2012 => ADRIANA DOS REIS MILIONE DOS SANTOS => 8432/199 => DAIANA BATISTA DE MELO => 26266170 => RUA SERGIO SENDER => 497 => CS02 => JARDIM NOVA ERA => NOVA IGUAÇU => RJ => 2767-7734 =>  =>  => PROX SUPER CALIAN GOMS PROC JANE  RELATORIO ENVIADO PARA MIRIAM DIA 18/6 LUCIANA  =>  => 1 => 100136 => COZINHA ITAT DAYANE BR => 0 =>  => 0 =>  => 0 =>  => 0 =>  => 0 =>  => 0 =>  => 0 =>  => 0 =>  => 0 =>  => 0 =>  => 0 =>  => 0 =>  => 0 =>  => 0 =>  => 0 =>  => 0 =>  => 0 =>  => 0 =>  => 0 =>  => "

-------------------------------
 
ALTERAÇÃO DE CLIENTE
POST => "luciana" Data => "2012-06-18 11:34:04", Alterou o Cliente de vale 497255 => "INFORMAÇÕES ALTERADAS => "1 => 3961 => 5 => 49 => 21 => 0 => 1 => 28/05/2012 => 497255 => 230 => 47668 => 28/05/2012 => ANDERSON DE LIMA BARBOSA => 158761 => JESUHUA FREITAS LEITE =>  => BERNARDINO DA SILVA MATOS => 75 => CASA 01 => SANTA CRUZ => RIO DE JANEIRO =>  => 7152-6267 => 3155-6657 => 8422-5170 => SEGUIR PELA ESTRADA JOAO XXIII ENTRAR NA RUA APOS O UPA 3 RUA A DIREITA AGEND: SEXTA 1.6 LUCIANA ANTIGA RUA 17. FICHA COM JULIO CESAR DE SALES  => OBS: FALEI COM A MÃE DONA EXPEDITA, AGEND: 18/06/2012. Luciana  => 1 => 135593 => G. ROUPA BP 2P LUKA BR/PTO => 0 =>  => 0 =>  => 0 =>  => 0 =>  => 0 =>  => 0 =>  => 0 =>  => 0 =>  => 0 =>  => 0 =>  => 0 =>  => 0 =>  => 0 =>  => 0 =>  => 0 =>  => 0 =>  => 0 =>  => 0 =>  => 0 =>  => "

-------------------------------
 
ALTERAÇÃO DE CLIENTE
POST => "marta" Data => "2012-06-18 11:35:48", Alterou o Cliente de vale 462819 => "INFORMAÇÕES ALTERADAS => "1 => 3789 => 22 => 24 => 9 => 0 => 0 => 18/05/2012 => 462819 => 211 => 462819 => 04/04/2012 => DANIELA VENTURI MARQUES => 539502 => GEOVANIA APARECIDA DOS SANTOS HOLANDA =>  => DAS OLIVEIRAS  LT 22 QD 40 =>  =>  => JARDIM MAR => ITAGUAI =>  => 6717-1857 =>  =>  => ATRAS DA LINHA DO TREM PROC ADRIANO => TEM DO CLIENTE NAO ATENDE,ENVIEI UM E-MAIL P/NAEC PEDINDO UM OUTRO TEL DE CONTATO. => 1 => 134892 => COZ ITAT CRIATIVA MAXII2VPTO => 0 =>  => 0 =>  => 0 =>  => 0 =>  => 0 =>  => 0 =>  => 0 =>  => 0 =>  => 0 =>  => 0 =>  => 0 =>  => 0 =>  => 0 =>  => 0 =>  => 0 =>  => 0 =>  => 0 =>  => 0 =>  => 0 =>  => "

-------------------------------
 
ALTERAÇÃO DE CLIENTE
POST => "luciana" Data => "2012-06-18 11:36:16", Alterou o Cliente de vale 497255 => "INFORMAÇÕES ALTERADAS => "1 => 3961 => 5 => 13 => 21 => 0 => 1 => 28/05/2012 => 497255 => 230 => 47668 => 28/05/2012 => ANDERSON DE LIMA BARBOSA => 158761 => JESUHUA FREITAS LEITE =>  => BERNARDINO DA SILVA MATOS => 75 => CASA 01 => SANTA CRUZ => RIO DE JANEIRO =>  => 7152-6267 => 3155-6657 => 8422-5170 => SEGUIR PELA ESTRADA JOAO XXIII ENTRAR NA RUA APOS O UPA 3 RUA A DIREITA AGEND: SEXTA 1.6 LUCIANA ANTIGA RUA 17. FICHA COM JULIO CESAR DE SALES  => OBS: FALEI COM A MÃE DONA EXPEDITA, AGEND: 18/06/2012. Luciana  => 1 => 135593 => G. ROUPA BP 2P LUKA BR/PTO => 0 =>  => 0 =>  => 0 =>  => 0 =>  => 0 =>  => 0 =>  => 0 =>  => 0 =>  => 0 =>  => 0 =>  => 0 =>  => 0 =>  => 0 =>  => 0 =>  => 0 =>  => 0 =>  => 0 =>  => 0 =>  => 0 =>  => "

-------------------------------
 
ALTERAÇÃO DE CLIENTE
POST => "luciana" Data => "2012-06-18 11:42:39", Alterou o Cliente de vale 479910 => "INFORMAÇÕES ALTERADAS => "1 => 3708 => 5 => 50 => 18 => 0 => 0 => 16/05/2012 => 479910 => 230 => 1487 => 02/05/2012 => ISABEL SALES DE OLIVEIRA => 14120/199 => MARIA CRISTINA MONTEIRO STELLING => 23010295 => TRAVESSA: B VITOR BRECHERET => 46 => CASA0 => SANTÍSSIMO => RIO DE JANEIRO => RJ => 26047172 =>  =>  => APOS A ETERJ 1 RUA A DIREITA SEGUIR EM FRENTE 1º RUA A ESQUERDA passe1 e-mail para o naec dia 13/6Luciana => cliente não atende o tel acima dia 18/6 as 11:42hs Luciana  => 1 => 136651 => COZINHA TELASSUL CRISTAL 80123 BR => 0 =>  => 0 =>  => 0 =>  => 0 =>  => 0 =>  => 0 =>  => 0 =>  => 0 =>  => 0 =>  => 0 =>  => 0 =>  => 0 =>  => 0 =>  => 0 =>  => 0 =>  => 0 =>  => 0 =>  => 0 =>  => 0 =>  => "

-------------------------------
 
CADASTRO DE CLIENTE
POST => "marta" Data => "2012-06-18 11:57:30", Cadastrou o Cliente de vale 559730 => "INFORMAÇÕES CADASTRADAS => "22 => 21 => 15 => 0 => 2 => 18/06/2012 => 559730 => RE => 559730 => 18/06/2012 =>  =>  => MILTON PEDRO DA SILVA =>  => PORTO PRINCIPE  => 51 => CASA => VIGARIO GERAL => RIO DE JANEIRO =>  => 7972-0570 =>  =>  => PROX A DULOREN PROC POR MILTON OU JOSANETE => 1 => 136337 => BALCAO C/T KIPLAC  RENATA PLUS BR =>  =>  =>  =>  =>  =>  =>  =>  =>  =>  =>  =>  =>  =>  =>  =>  =>  =>  =>  =>  =>  =>  =>  =>  =>  =>  =>  =>  =>  =>  =>  =>  =>  =>  =>  =>  =>  =>  => "

-------------------------------
 
CADASTRO DE CLIENTE
POST => "marta" Data => "2012-06-18 12:00:31", Cadastrou o Cliente de vale 507003 => "INFORMAÇÕES CADASTRADAS => "22 => 14 => 22 => 0 => 1 => 18/06/2012 => 507003 => 179 => 1144 => 18/06/2012 => ROBSON CARVALHO LOPES => 4565 => MILTON PEDRO DA SILVA =>  => PORTO PRINCIPE  => 51 => CASA => VIGARIO GERAL => RIO DE JANEIRO =>  => 7972-0570 =>  =>  => PROX DULOREN PROC MILTON => 1 => 135481 => COZ KIPLAC RENATA PLUS BR/PTO => 1 => 136337 => BALCAO C/T KIPLAC  RENATA PLUS BR =>  =>  =>  =>  =>  =>  =>  =>  =>  =>  =>  =>  =>  =>  =>  =>  =>  =>  =>  =>  =>  =>  =>  =>  =>  =>  =>  =>  =>  =>  =>  =>  =>  =>  =>  =>  => "

-------------------------------
 
ALTERAÇÃO DE CLIENTE
POST => "MIRIAN" Data => "2012-06-18 12:33:20", Alterou o Cliente de vale 484899 => "INFORMAÇÕES ALTERADAS => "1 => 3333 => 11 => 23 => 25 => 0 => 0 => 10/05/2012 => 484899 => 230 => 83603 => 10/05/2012 => ANDERSON DE LIMA BARBOSA => 485559 / 199 => MARIA JESUS CARVALHO DA NOBREGA => 23075450 => RUA:FRANCISCO DEOCLECIO DOS SANTOS => LT 43 => QD 19 => CAMPO GRANDE => RIO DE JANEIRO => RJ => 8509-1495 => 8644-3275 =>  => APOS O DEPOSITO DO GUARACAMP PROX A PRAÇA DO LETICIA 7 RUA ANTIGA. => Ag.19/06/12.Mirian => 1 => 9074 => COZINHA COMP COLOR ECLIPSE TOP PTO => 0 =>  => 0 =>  => 0 =>  => 0 =>  => 0 =>  => 0 =>  => 0 =>  => 0 =>  => 0 =>  => 0 =>  => 0 =>  => 0 =>  => 0 =>  => 0 =>  => 0 =>  => 0 =>  => 0 =>  => 0 =>  => 0 =>  => "

-------------------------------
 
ALTERAÇÃO DE CLIENTE
POST => "marta" Data => "2012-06-18 13:46:51", Alterou o Cliente de vale 144034 => "INFORMAÇÕES ALTERADAS => "1 => 1400 => 22 => 16 => 17 => 0 => 2 => 15/03/2012 => 144034 => RE => 144034 => 15/03/2012 =>  =>  => JORGINA GONCALVES SILVA =>  => GAVEIA => 3473 => APTO 101 => VILA LEOPOLDINA => DUQUE DE CAXIAS => RJ => 7713-0776 =>  =>  => TRANSVERSAL COM A RUA PAINEIRAS. =>  => 1 => 135579 => G.ROUPA BP DELTA 3P CHOC/PTO => 0 =>  => 0 =>  => 0 =>  => 0 =>  => 0 =>  => 0 =>  => 0 =>  => 0 =>  => 0 =>  => 0 =>  => 0 =>  => 0 =>  => 0 =>  => 0 =>  => 0 =>  => 0 =>  => 0 =>  => 0 =>  => 0 =>  => "

-------------------------------
 
ALTERAÇÃO DE CLIENTE
POST => "simone" Data => "2012-06-18 14:10:01", Alterou o Cliente de vale 527875 => "INFORMAÇÕES ALTERADAS => "1 => 4031 => 35 => 36 => 20 => 0 => 2 => 01/06/2012 => 527875 => 274 => 527875 => 31/05/2012 =>  =>  => ANA CRISTINA DE OLIVEIRA =>  => RUA ADAM BLUMER => 4029 => CASA => JARDIM ESMERALDA => MAGE => RJ => 7308-5387 => 2633-4393 =>  => PX AO COLEGIO DA NUBIA,PEDIDO: 13322 => OBS: CLIENTE NÃO ATENDE O TEL AS 14:10  => 1 => 6078 => RACK KIPLAC TORRE PLUS LUXO AR/MP => 0 =>  => 0 =>  => 0 =>  => 0 =>  => 0 =>  => 0 =>  => 0 =>  => 0 =>  => 0 =>  => 0 =>  => 0 =>  => 0 =>  => 0 =>  => 0 =>  => 0 =>  => 0 =>  => 0 =>  => 0 =>  => 0 =>  => "

-------------------------------
 
ALTERAÇÃO DE CLIENTE
POST => "marta" Data => "2012-06-18 14:44:18", Alterou o Cliente de vale 399474 => "INFORMAÇÕES ALTERADAS => "1 => 262 => 22 => 16 => 21 => 0 => 0 => 01/03/2012 => 399474 => 171 => 61443 => 23/01/2012 =>  =>  => VALMIRENE BORGES BARBOSA => 23098320 => RUA: ELVIS => 7 => CASA SB => SANTÍSSIMO => RIO DE JANEIRO => RJ => 3424-0526 =>  =>  => RUA AO LADO DA CASA MAT UMAQUER. => FICHA COM MARCELO,FOI PASSADO P/ROTA P/OUTRO MONTADOR. => 1 => 135582 => CAMA BP DUBAY BIBOX CHOC/PTO => 0 =>  => 0 =>  => 0 =>  => 0 =>  => 0 =>  => 0 =>  => 0 =>  => 0 =>  => 0 =>  => 0 =>  => 0 =>  => 0 =>  => 0 =>  => 0 =>  => 0 =>  => 0 =>  => 0 =>  => 0 =>  => 0 =>  => "

-------------------------------
 
ALTERAÇÃO DE CLIENTE
POST => "marta" Data => "2012-06-18 14:46:19", Alterou o Cliente de vale 477265 => "INFORMAÇÕES ALTERADAS => "1 => 2917 => 22 => 25 => 17 => 0 => 0 => 28/04/2012 => 477265 => 230 => 86008 => 26/04/2012 => EDMILSON SILVA LUZ => 506800/199 => VALDECI MQARCELINO JR => 23098006 => ESTRADA: SETE RIACHOS => 1515 => LT 16 QD E => SANTÍSSIMO => RIO DE JANEIRO => RJ => 8405-1644 =>  =>  => ESTR 7 RAICHOS BAIRRO COQUEIRO NA RUA PONTO FINAL ONIBUS 395 => OBS: TEL ESTA FORA DE AREA AS 10:30 PARA SABER SE FOI MONTADO.PASSEI E-MAIL PARA O NAEC NO DIA 08/06/2012 AS 11:58 PEDIDNDO OUTRO TEL DE CONTATO, AGUARDANDO RETORNO.TEL DESLIGADO,PASSEI E-MAIL NOVAMENTE P/NAEC.NOTA COM MARCELO,FOI PASSADO P/ROTA P/OUTRO MONTADOR. => 1 => 138036 => G.ROUPA ARAPLAC 3P BARC PLUS TB/BR => 0 =>  => 0 =>  => 0 =>  => 0 =>  => 0 =>  => 0 =>  => 0 =>  => 0 =>  => 0 =>  => 0 =>  => 0 =>  => 0 =>  => 0 =>  => 0 =>  => 0 =>  => 0 =>  => 0 =>  => 0 =>  => 0 =>  => "

-------------------------------
 
ALTERAÇÃO DE CLIENTE
POST => "simone" Data => "2012-06-18 14:47:34", Alterou o Cliente de vale 491891 => "INFORMAÇÕES ALTERADAS => "1 => 4137 => 35 => 41 => 24 => 0 => 0 => 11/06/2012 => 491891 => 197 => 2684 => 19/05/2012 => ADEILSON DA CRUZ GABRIEL =>  => CAMILA PIRES MORAES => 26297372 => RUA NATUREZA CASA 101 => 201 => CASA 01 => PARAISO => NOVA IGUAÇU => RJ => 2686-8082 =>  =>  => PEOX A IGREJA UNIVERSAL CONJUNTO GRÃO. =>  => 1 => 8839 => G.ROUPA S ANDIRA HAV PLUS 6P IMB/BR => 0 =>  => 0 =>  => 0 =>  => 0 =>  => 0 =>  => 0 =>  => 0 =>  => 0 =>  => 0 =>  => 0 =>  => 0 =>  => 0 =>  => 0 =>  => 0 =>  => 0 =>  => 0 =>  => 0 =>  => 0 =>  => 0 =>  => "

-------------------------------
 
ALTERAÇÃO DE CLIENTE
POST => "simone" Data => "2012-06-18 14:49:39", Alterou o Cliente de vale 491891 => "INFORMAÇÕES ALTERADAS => "1 => 4137 => 35 => 37 => 12 => 0 => 0 => 11/06/2012 => 491891 => 197 => 2684 => 19/05/2012 => ADEILSON DA CRUZ GABRIEL =>  => CAMILA PIRES MORAES => 26297372 => RUA NATUREZA CASA 101 => 201 => CASA 01 => PARAISO => NOVA IGUAÇU => RJ => 2686-8082 =>  =>  => PEOX A IGREJA UNIVERSAL CONJUNTO GRÃO. => OBS: Em contato com cliente foi montado, mas precisar de uma revisão. => 1 => 8839 => G.ROUPA S ANDIRA HAV PLUS 6P IMB/BR => 0 =>  => 0 =>  => 0 =>  => 0 =>  => 0 =>  => 0 =>  => 0 =>  => 0 =>  => 0 =>  => 0 =>  => 0 =>  => 0 =>  => 0 =>  => 0 =>  => 0 =>  => 0 =>  => 0 =>  => 0 =>  => 0 =>  => "

-------------------------------
 
ALTERAÇÃO DE CLIENTE
POST => "marta" Data => "2012-06-18 14:49:50", Alterou o Cliente de vale 484959 => "INFORMAÇÕES ALTERADAS => "1 => 3332 => 22 => 29 => 13 => 0 => 0 => 10/05/2012 => 484959 => 230 => 83352 => 10/05/2012 => ANDERSON DE LIMA BARBOSA => 494912 / 199 => ANTONIO CARLOS DA ROCHA BERTOLDO => 23020220 => RUA:CAMINHÃO DA BICA => 345 =>  => GUARATIBA => RIO DE JANEIRO => RJ => 6813-4456 =>  =>  => APOS O PONTO DO MATO TAXI SUBIR PELA RUA DA BICA APOS O PREDIO DE TIJOLINHO NA ESQUINA COM CAMINHÃO DA BICA.PONTO DE MOTO TAXI E MERCADO SUPER REDE. => não localizado o numero da casa 345 a rua : caminhão da bica indo para direita  é sem saída e pela esquerda sai na rua principal. não tem esse numero. 19/05 e 20/05. 6813-4456 suzi(maria jose ),NOTA COM MARCELO FOI PASSADO P/ROTA COM OUTRO MONTADOR => 1 => 140391 => G.ROUPA ARAPLAC 8P AUSTRIA TB/BR => 0 =>  => 0 =>  => 0 =>  => 0 =>  => 0 =>  => 0 =>  => 0 =>  => 0 =>  => 0 =>  => 0 =>  => 0 =>  => 0 =>  => 0 =>  => 0 =>  => 0 =>  => 0 =>  => 0 =>  => 0 =>  => 0 =>  => "

-------------------------------
 
ALTERAÇÃO DE CLIENTE
POST => "marta" Data => "2012-06-18 14:51:35", Alterou o Cliente de vale 302010 => "INFORMAÇÕES ALTERADAS => "1 => 3471 => 22 => 28 => 19 => 2 => 0 => 10/05/2012 => 302010 => 238 => 46428 => 18/10/2011 => CARLOS ALBERTO AMORIM SILVA => 329131 / 199 => ANTONIA SUZANA DE OLIVEIRA MELO => 23020650 => RUA:SERVIDAO => 20 =>  => BARRA DE GUARATIBA => RIO DE JANEIRO => RJ => 7605-9455 => 2471-3415 =>  =>  => TEL RESIDENCIAL NÃO É DO CLIENTE,E O CEL NÃO ATENDE.ENVIEI UM E-MAIL P/NAEC PEGAR UM OUTRO TEL DE CONTATO.NOTA COM MARCELO PASSADO P/ROTA COM OUTRO MONTADOR => 1 => 135519 => TRELICHE TCIL VENUS BR => 0 =>  => 0 =>  => 0 =>  => 0 =>  => 0 =>  => 0 =>  => 0 =>  => 0 =>  => 0 =>  => 0 =>  => 0 =>  => 0 =>  => 0 =>  => 0 =>  => 0 =>  => 0 =>  => 0 =>  => 0 =>  => 0 =>  => "

-------------------------------
 
ALTERAÇÃO DE CLIENTE
POST => "marta" Data => "2012-06-18 14:53:05", Alterou o Cliente de vale 564838 => "INFORMAÇÕES ALTERADAS => "1 => 3773 => 22 => 36 => 22 => 0 => 2 => 17/05/2012 => 564838 => 230 => 564838 => 16/05/2012 =>  =>  => BENEDITA RODRIGUES DE ALMEIDA =>  => AVENIDA CESARIO DE MELO => 69 => BL08 APT302 => SENADOR VASCONCELOS => RIO DE JANEIRO =>  => 8657-9382 => 3373-6494 =>  => PROX A ESTAÇÃO DE SENADOR VASCONCELOS. => NOTA COM MARCELO,PASSADO P/ROTA P/OUTRO MONTADOR => 1 => 139754 => ARM COLOR CLASS SL 3P  AP3P  BR => 0 =>  => 0 =>  => 0 =>  => 0 =>  => 0 =>  => 0 =>  => 0 =>  => 0 =>  => 0 =>  => 0 =>  => 0 =>  => 0 =>  => 0 =>  => 0 =>  => 0 =>  => 0 =>  => 0 =>  => 0 =>  => 0 =>  => "

-------------------------------
 
CADASTRO DE CLIENTE
POST => "MIRIAN" Data => "2012-06-18 14:53:09", Cadastrou o Cliente de vale 534435 => "INFORMAÇÕES CADASTRADAS => "11 => 27 => 25 => 0 => 2 => 18/06/2012 => 534435 => 238 => 534435 => 18/06/2012 =>  =>  => MARIA JOSE  SOARES DA SILVA =>  => RUA CORONEL TITO PORTO CARRERO => 261 => CS 2 => APOS O GREMIO DE PACIENCIA  => RIO DE JANEIRO => RJ => 3314-8479 =>  =>  => APOS O GREMIO DE PACIENCIA PED.61726 => 01 => 136216 => G.ROUPA MOVAL 6P PARIS TB/BR =>  =>  =>  =>  =>  =>  =>  =>  =>  =>  =>  =>  =>  =>  =>  =>  =>  =>  =>  =>  =>  =>  =>  =>  =>  =>  =>  =>  =>  =>  =>  =>  =>  =>  =>  =>  =>  =>  => "

-------------------------------
 
ALTERAÇÃO DE CLIENTE
POST => "marta" Data => "2012-06-18 14:55:30", Alterou o Cliente de vale 462819 => "INFORMAÇÕES ALTERADAS => "1 => 3789 => 22 => 26 => 4 => 0 => 0 => 18/05/2012 => 462819 => 211 => 462819 => 04/04/2012 => DANIELA VENTURI MARQUES => 539502 => GEOVANIA APARECIDA DOS SANTOS HOLANDA =>  => DAS OLIVEIRAS  LT 22 QD 40 =>  =>  => JARDIM MAR => ITAGUAI =>  => 6717-1857 =>  =>  => ATRAS DA LINHA DO TREM PROC ADRIANO => TEM DO CLIENTE NAO ATENDE,ENVIEI UM E-MAIL P/NAEC PEDINDO UM OUTRO TEL DE CONTATO.NOTA COM MARCELO PASSADO P/ROTA COM OUTRO MONTADOR => 1 => 134892 => COZ ITAT CRIATIVA MAXII2VPTO => 0 =>  => 0 =>  => 0 =>  => 0 =>  => 0 =>  => 0 =>  => 0 =>  => 0 =>  => 0 =>  => 0 =>  => 0 =>  => 0 =>  => 0 =>  => 0 =>  => 0 =>  => 0 =>  => 0 =>  => 0 =>  => 0 =>  => "

-------------------------------
 
ALTERAÇÃO DE CLIENTE
POST => "marta" Data => "2012-06-18 15:00:31", Alterou o Cliente de vale 443271 => "INFORMAÇÕES ALTERADAS => "1 => 1652 => 22 => 20 => 18 => 0 => 0 => 21/03/2012 => 443271 => 274 => 443271 => 14/03/2012 => PATRICIA APARECIDA DE SOUZA => 449177 => ALEXANDRE NOGUEIRA MARTELLO =>  => 123,243,CASA LT 32 A QD R 135 =>  =>  => MAUA => MAGE =>  => 2631-3456 =>  =>  => PASSANDO O MERCADO GUTY ENTRAR NA RUA 57 A RUA ESQUERDA PROC ALEXANDRE OU ALINE LIGAR ANTES.NOTA COM MARCELO PASSADO P/ROTA COM OUTRO MONTADO. =>  => 1 => 138033 => G.ROUPA ARAPLAC 10P ATLAN PLUS TB/AM => 0 =>  => 0 =>  => 0 =>  => 0 =>  => 0 =>  => 0 =>  => 0 =>  => 0 =>  => 0 =>  => 0 =>  => 0 =>  => 0 =>  => 0 =>  => 0 =>  => 0 =>  => 0 =>  => 0 =>  => 0 =>  => 0 =>  => "

-------------------------------
 
ALTERAÇÃO DE CLIENTE
POST => "simone" Data => "2012-06-18 15:00:47", Alterou o Cliente de vale 503532 => "INFORMAÇÕES ALTERADAS => "1 => 4187 => 35 => 42 => 11 => 0 => 0 => 12/06/2012 => 503532 => 203 => 85692 => 11/06/2012 => JORGE FRANCISCO OLIVEIRA ALVES =>  => LUCIANA SILVA PAZ DE ALMEIDA => 20930150 => TRAVESSA MATARAZZO => 3 => FDS => BENFICA => RIO DE JANEIRO => RJ => 9519-8243 =>  =>  => FICA NA COMUNIDADE ARARA RUA DO JELO PROX CAMPINHO ATRAS DA QUADRA TEL 9519-8243. => NAO TEM ESPAÇO PRA MONTAR => 1 => 139398 => COL BOX PLUMATEX CINZA 138X52 ESP => 1 => 138033 => G.ROUPA ARAPLAC 10P ATLAN PLUS TB/AM => 0 =>  => 0 =>  => 0 =>  => 0 =>  => 0 =>  => 0 =>  => 0 =>  => 0 =>  => 0 =>  => 0 =>  => 0 =>  => 0 =>  => 0 =>  => 0 =>  => 0 =>  => 0 =>  => 0 =>  => 0 =>  => "

-------------------------------
 
ALTERAÇÃO DE CLIENTE
POST => "simone" Data => "2012-06-18 15:03:43", Alterou o Cliente de vale 503532 => "INFORMAÇÕES ALTERADAS => "1 => 4187 => 35 => 24 => 34 => 0 => 0 => 12/06/2012 => 503532 => 203 => 85692 => 11/06/2012 => JORGE FRANCISCO OLIVEIRA ALVES =>  => LUCIANA SILVA PAZ DE ALMEIDA => 20930150 => TRAVESSA MATARAZZO => 3 => FDS => BENFICA => RIO DE JANEIRO => RJ => 9519-8243 =>  =>  => FICA NA COMUNIDADE ARARA RUA DO JELO PROX CAMPINHO ATRAS DA QUADRA TEL 9519-8243. =>  => 1 => 139398 => COL BOX PLUMATEX CINZA 138X52 ESP => 1 => 138033 => G.ROUPA ARAPLAC 10P ATLAN PLUS TB/AM => 0 =>  => 0 =>  => 0 =>  => 0 =>  => 0 =>  => 0 =>  => 0 =>  => 0 =>  => 0 =>  => 0 =>  => 0 =>  => 0 =>  => 0 =>  => 0 =>  => 0 =>  => 0 =>  => 0 =>  => 0 =>  => "

-------------------------------
 
ALTERAÇÃO DE CLIENTE
POST => "marta" Data => "2012-06-18 15:04:58", Alterou o Cliente de vale 144034 => "INFORMAÇÕES ALTERADAS => "1 => 1400 => 22 => 37 => 14 => 0 => 2 => 15/03/2012 => 144034 => RE => 144034 => 15/03/2012 =>  =>  => JORGINA GONCALVES SILVA =>  => GAVEIA => 3473 => APTO 101 => VILA LEOPOLDINA => DUQUE DE CAXIAS => RJ => 7713-0776 =>  =>  => TRANSVERSAL COM A RUA PAINEIRAS. => NOTA COM MARCELO PASSADO P/ROTA COM OUTRO MONTADOR => 1 => 135579 => G.ROUPA BP DELTA 3P CHOC/PTO => 0 =>  => 0 =>  => 0 =>  => 0 =>  => 0 =>  => 0 =>  => 0 =>  => 0 =>  => 0 =>  => 0 =>  => 0 =>  => 0 =>  => 0 =>  => 0 =>  => 0 =>  => 0 =>  => 0 =>  => 0 =>  => 0 =>  => "

-------------------------------
 
ALTERAÇÃO DE CLIENTE
POST => "marta" Data => "2012-06-18 15:06:55", Alterou o Cliente de vale 59080 => "INFORMAÇÕES ALTERADAS => "1 => 1277 => 22 => 29 => 28 => 0 => 2 => 14/03/2012 => 59080 => WA => 59080 => 12/03/2012 =>  =>  => WANDERSON DELFINO GOMES =>  => BATISTA DE OLIVEIRA => 29 =>  => VILA EMA => DUQUE DE CAXIAS =>  => 3656-0820 =>  =>  => NAEC => NOTA COM MARCELO PASSADO P/ROTA COM OUTRO MONTADOR. => 1 => 8981 => G. ROUPA MOVAL 6P40065 COL PLUS TB/M => 0 =>  => 0 =>  => 0 =>  => 0 =>  => 0 =>  => 0 =>  => 0 =>  => 0 =>  => 0 =>  => 0 =>  => 0 =>  => 0 =>  => 0 =>  => 0 =>  => 0 =>  => 0 =>  => 0 =>  => 0 =>  => 0 =>  => "

-------------------------------
 
CADASTRO DE CLIENTE
POST => "MIRIAN" Data => "2012-06-18 15:07:06", Cadastrou o Cliente de vale 498323 => "INFORMAÇÕES CADASTRADAS => "11 => 22 => 16 => 0 => 0 => 30/05/2012 => 498323 => 197 => 2855 => 30/05/2012 => FERNANDA  CINTHYA DE JESSUS CORR => 457/199 => FLAVIA DE MORAES  => 26040580 => RUA: CELSO PEÇANHA => 360 =>  => PARQUE FLORA => NOVA IGUAÇU => RJ => 8638-2820 =>  =>  =>  => 01 => 140094 => G.ROUPA BERGAMO 5P LISBOA IMB/PTO =>  =>  =>  =>  =>  =>  =>  =>  =>  =>  =>  =>  =>  =>  =>  =>  =>  =>  =>  =>  =>  =>  =>  =>  =>  =>  =>  =>  =>  =>  =>  =>  =>  =>  =>  =>  =>  =>  => "

-------------------------------
 
CADASTRO DE CLIENTE
POST => "luciana" Data => "2012-06-18 15:30:44", Cadastrou o Cliente de vale 540921 => "INFORMAÇÕES CADASTRADAS => "5 => 21 => 9 => 0 => 0 => 18/06/2012 => 540921 => 179 => 540921 => 18/03/2012 =>  =>  => GERSON SOARES DA COSTA  =>  => AGOSTINHO MENDES DA CRUZ => lt20 => QD22  C01 => PARQUE ARARUAMA => São João de Meriti =>  => 3659-1035 =>  =>  => AGEND: TERÇA 19/6 LUCIANA  => 01 => 136825 => BALC. ITAT. 1P 3G STILO BR/PTO =>  =>  =>  =>  =>  =>  =>  =>  =>  =>  =>  =>  =>  =>  =>  =>  =>  =>  =>  =>  =>  =>  =>  =>  =>  =>  =>  =>  =>  =>  =>  =>  =>  =>  =>  =>  =>  =>  => "

-------------------------------
 
CADASTRO DE CLIENTE
POST => "MIRIAN" Data => "2012-06-18 15:36:05", Cadastrou o Cliente de vale 589282 => "INFORMAÇÕES CADASTRADAS => "11 => 11 => 11 => 0 => 2 => 18/06/2012 => 589282 => 169 => 589282 => 18/06/2012 =>  =>  => HELIO DE SOUZA SILVA JUNIOR =>  => RUA PARATI => 34 =>  => SANTISSIMO => RIO DE JANEIRO => RJ => 9907-0560 => 9580-1530 =>  => ACESSO CAM DO CABO SANTISSIMO => 01 => 135226 => MESA ORTIZ 4C SAFIRA BR/PTO =>  =>  =>  =>  =>  =>  =>  =>  =>  =>  =>  =>  =>  =>  =>  =>  =>  =>  =>  =>  =>  =>  =>  =>  =>  =>  =>  =>  =>  =>  =>  =>  =>  =>  =>  =>  =>  =>  => "

-------------------------------
 
ALTERAÇÃO DE CLIENTE
POST => "simone" Data => "2012-06-18 15:36:53", Alterou o Cliente de vale 431139 => "INFORMAÇÕES ALTERADAS => "1 => 2405 => 35 => 30 => 23 => 0 => 0 => 10/04/2012 => 431139 => 211 => 41441 => 28/02/2012 => DANIELA VENTURI MARQUES => 501728 / 199 => ROSANGELA DOS REIS COSTA => 23860006 => RUA PRAIA DO ATANAZIO => 200 =>  => ITACURUÇA => MANGARATIBA => RJ => 9319-8199 =>  =>  => NO CONDMINIO ATANAZIO  PRAIA DO AXIXA => OBS: O TEL ACIMA NÃO É DA CLIENTE. => 1 => 140391 => G.ROUPA ARAPLAC 8P AUSTRIA TB/BR => 0 =>  => 0 =>  => 0 =>  => 0 =>  => 0 =>  => 0 =>  => 0 =>  => 0 =>  => 0 =>  => 0 =>  => 0 =>  => 0 =>  => 0 =>  => 0 =>  => 0 =>  => 0 =>  => 0 =>  => 0 =>  => 0 =>  => "

-------------------------------
 
ALTERAÇÃO DE CLIENTE
POST => "luciana" Data => "2012-06-18 15:38:21", Alterou o Cliente de vale 536380 => "INFORMAÇÕES ALTERADAS => "1 => 3941 => 5 => 39 => 22 => 0 => 2 => 29/05/2012 => 536380 => RE => 536380 => 28/05/2012 =>  =>  => FLAVIANA ALVES CABRAL =>  => DOIS DE MAIO => 246 => CASA => SAMPAIO => RIO DE JANEIRO =>  => 2241-4671 =>  =>  => PERTO DA UPA DO ENGENHO NOVO  FEITO O PEDIDO DE PEÇA DIA 18/6 LUCIANA  => OBS: CLIENTE ESTA DIA SIM E DIA NAO => 1 => 16068 => MESA MODECOR BRUNA 4C T.VID BR/PT => 0 =>  => 0 =>  => 0 =>  => 0 =>  => 0 =>  => 0 =>  => 0 =>  => 0 =>  => 0 =>  => 0 =>  => 0 =>  => 0 =>  => 0 =>  => 0 =>  => 0 =>  => 0 =>  => 0 =>  => 0 =>  => 0 =>  => "

-------------------------------
 
ALTERAÇÃO DE CLIENTE
POST => "simone" Data => "2012-06-18 15:43:44", Alterou o Cliente de vale 500233 => "INFORMAÇÕES ALTERADAS => "1 => 4106 => 35 => 23 => 30 => 2 => 0 => 08/06/2012 => 500233 => 180 => 33238 => 04/06/2012 => MARIA CRISTINA SOUZA DA SILVA =>  => CONCEICAO APARECIDA SABINO => 26052210 => RUA HELENA => 399 => CASA => VILA DE CAVA => NOVA IGUAÇU => RJ => 2769-0781 =>  =>  => EM FRENTE AO SUPERMERCADO SUPER VILA A ENTRENGA E DE 10 :00 AS 16:00 HS. => OBS: produto montado pelo cliente ! => 1 => 139754 => ARM COLOR CLASS SL 3P  AP3P  BR => 0 =>  => 0 =>  => 0 =>  => 0 =>  => 0 =>  => 0 =>  => 0 =>  => 0 =>  => 0 =>  => 0 =>  => 0 =>  => 0 =>  => 0 =>  => 0 =>  => 0 =>  => 0 =>  => 0 =>  => 0 =>  => 0 =>  => "

-------------------------------
 
ALTERAÇÃO DE CLIENTE
POST => "luciana" Data => "2012-06-18 16:19:45", Alterou o Cliente de vale 581190 => "INFORMAÇÕES ALTERADAS => "1 => 4180 => 5 => 21 => 16 => 0 => 2 => 12/06/2012 => 581190 => 179 => 581190 => 11/06/2012 =>  =>  => ELILEA SOARES =>  => RUA VINTE => lt 05 => QD 309 => JARDIM ANHANGA => DUQUE DE CAXIAS => RJ => 2777-2164 =>  =>  => PROX A GARAGEM DO ONIBUS UNIAO TRANSV COM AV ANHANGA PROX A PENSAO JOAOZINHO RELATORIO ENVIADO PARA MIRIAM DIA 19/6 LUCIANA  =>  => 1 => 139500 => ARM.ITAT.3P PREMIUM BR => 1 => 139504 => PAN.ITAT.6P VID PREMIUM PTO => 1 => 139509 => BALC ITAT.2P/4G PREMIUM PTO => 0 =>  => 0 =>  => 0 =>  => 0 =>  => 0 =>  => 0 =>  => 0 =>  => 0 =>  => 0 =>  => 0 =>  => 0 =>  => 0 =>  => 0 =>  => 0 =>  => 0 =>  => 0 =>  => 0 =>  => "

-------------------------------
 
ALTERAÇÃO DE CLIENTE
POST => "simone" Data => "2012-06-18 16:54:18", Alterou o Cliente de vale 383344 => "INFORMAÇÕES ALTERADAS => "1 => 252 => 35 => 36 => 15 => 0 => 0 => 01/03/2012 => 383344 => 181 => 62771 => 09/01/2012 =>  =>  => MARLENE DE SOUZA BARBOZA => 24230480 => RUA: JOÃO DALOSSI => 175 => CASA FDS => VITAL BRASIL => NITERÓI => RJ => 9345-8795 =>  =>  => SEG RU APOS O INSTITUTO VITAL BRASIL. => RELATÓRIO ENVIADO DIA 13/03 LUCIANA . OBS: EM CONTATO COM A CLIENTE PRODUTO MONTADO. => 1 => 135582 => CAMA BP DUBAY BIBOX CHOC/PTO => 0 =>  => 0 =>  => 0 =>  => 0 =>  => 0 =>  => 0 =>  => 0 =>  => 0 =>  => 0 =>  => 0 =>  => 0 =>  => 0 =>  => 0 =>  => 0 =>  => 0 =>  => 0 =>  => 0 =>  => 0 =>  => 0 =>  => "

-------------------------------
 
ALTERAÇÃO DE CLIENTE
POST => "simone" Data => "2012-06-18 17:04:09", Alterou o Cliente de vale 248244 => "INFORMAÇÕES ALTERADAS => "1 => 3867 => 35 => 30 => 21 => 2 => 0 => 24/05/2012 => 248244 => 173 => 25164 => 18/08/2012 => ALLAN CARLOS DA SILVA => 269196/199 => PAULO DAVYD STADLER JUNIOR => 21910115 => RUA SAO LAZARO  S/N =>  =>  => SANTO EXPEDITO  => QUEIMADOS  => RJ => 9838-3962 =>  =>  => PROXIMO AO SITIO CHALON...Email enviado ao naec dia 05-06-12 Camila. PX AO SITIO SHALON , 1 DIREITA , UNICA CASA COM DOIS ANDARES . PASSEI PARA JOSE FERNANDO VAI ATENDER ATÉ O DIA 16/06/2012 => CLIENTE MUDOU DE ENDEREÇO, PARA QUEIMADOS JA MODIFIQUEI O ENDEREÇO.LIGUEI PARA PERGUNTAR QUAL ERA O BAIRRO MAIS ESTA NA CAIXA POSTAL. => 1 => 9302 => KIT COZ KP 6P DELTA COLOR BR/ VD => 0 =>  => 0 =>  => 0 =>  => 0 =>  => 0 =>  => 0 =>  => 0 =>  => 0 =>  => 0 =>  => 0 =>  => 0 =>  => 0 =>  => 0 =>  => 0 =>  => 0 =>  => 0 =>  => 0 =>  => 0 =>  => 0 =>  => "

-------------------------------
 
ALTERAÇÃO DE CLIENTE
POST => "luciana" Data => "2012-06-18 17:24:15", Alterou o Cliente de vale 478278 => "INFORMAÇÕES ALTERADAS => "1 => 4061 => 5 => 33 => 27 => 0 => 0 => 01/06/2012 => 478278 => 179 => 4945 => 28/04/2012 => CLEBER CAMPISTA DA FONSECA => 22198 => RONI FELIX DE SOUSA =>  => AIRTON SENNA => 14 => CASA B => GARIBALDE => DUQUE DE CAXIAS =>  => 2654-2255 =>  =>  => PROX AO CAMPO SOCAITE DO GARIBALDE PERTO DA BARRACA DO JOZA CLIENTE CIENTE DO MODELO   RELATORIO ENVIADO PARA MIRIAM DIA 19/6 Luciana  =>  => 1 => 138036 => G.ROUPA ARAPLAC 3P BARC PLUS TB/BR => 0 =>  => 0 =>  => 0 =>  => 0 =>  => 0 =>  => 0 =>  => 0 =>  => 0 =>  => 0 =>  => 0 =>  => 0 =>  => 0 =>  => 0 =>  => 0 =>  => 0 =>  => 0 =>  => 0 =>  => 0 =>  => 0 =>  => "

-------------------------------
