 
ALTERAÇÃO DE CLIENTE
POST => "simone" Data => "2012-06-15 09:14:04", Alterou o Cliente de vale 564838 => "INFORMAÇÕES ALTERADAS => "1 => 3773 => 35 => 35 => 19 => 0 => 2 => 17/05/2012 => 564838 => 230 => 564838 => 16/05/2012 =>  =>  => BENEDITA RODRIGUES DE ALMEIDA =>  => AVENIDA CESARIO DE MELO => 69 => BL08 APT302 => SENADOR VASCONCELOS => RIO DE JANEIRO =>  => 8657-9382 => 33736-649 =>  =>  =>  => 1 => 139754 => ARM COLOR CLASS SL 3P  AP3P  BR => 0 =>  => 0 =>  => 0 =>  => 0 =>  => 0 =>  => 0 =>  => 0 =>  => 0 =>  => 0 =>  => 0 =>  => 0 =>  => 0 =>  => 0 =>  => 0 =>  => 0 =>  => 0 =>  => 0 =>  => 0 =>  => 0 =>  => "

-------------------------------
 
ALTERAÇÃO DE CLIENTE
POST => "luciana" Data => "2012-06-15 10:01:29", Alterou o Cliente de vale 452107 => "INFORMAÇÕES ALTERADAS => "1 => 3207 => 5 => 51 => 21 => 0 => 0 => 09/05/2012 => 452107 => 216 => 33118 => 26/03/2012 => SERGIO DE OLIVEIRA => 511653/199 => LOURDES LAURINDA => 21665070 => RUA: PRINCIPAL FERNANDO LOBO => 1060 => CS 05 => GUADALUPE => RIO DE JANEIRO => RJ => 9488-5749 =>  =>  => PROX A GAS BRAS ATRAS DO ANTIGO SHOPPING  RELATÓRIO ENVIADO P/ MIRIAM DIA 21/5 LUCIANA .tel : 9488-5749//3272-5880 => Email enviado ao naec dia 30-05-12 Camila. AGEND : 14/06/2012 LUCIANA  => 1 => 135226 => MESA ORTIZ 4C SAFIRA BR/PTO => 0 =>  => 0 =>  => 0 =>  => 0 =>  => 0 =>  => 0 =>  => 0 =>  => 0 =>  => 0 =>  => 0 =>  => 0 =>  => 0 =>  => 0 =>  => 0 =>  => 0 =>  => 0 =>  => 0 =>  => 0 =>  => 0 =>  => "

-------------------------------
 
CADASTRO DE CLIENTE
POST => "MIRIAN" Data => "2012-06-15 10:10:01", Cadastrou o Cliente de vale 496122 => "INFORMAÇÕES CADASTRADAS => "11 => 26 => 25 => 0 => 0 => 25/05/2012 => 496122 => 236 => 39824 => 25/05/2012 => VALTER DE FREITAS MATS JUNIOR => 457043/199 => ALEXANDRE DE ANDRADE SILVA => 25585000 => AVENIDA: ESTÁCIO DE SÁ => lt 59 => QD 18 => PARQUE NOVO RIO => SÃO JOÃO DE MERITI => RJ => 2772-9600 =>  =>  => EM FREHNTE AO CIEP  => 01 => 140391 => G.ROUPA ARAPLAC 8P AUSTRIA TB/BR =>  =>  =>  =>  =>  =>  =>  =>  =>  =>  =>  =>  =>  =>  =>  =>  =>  =>  =>  =>  =>  =>  =>  =>  =>  =>  =>  =>  =>  =>  =>  =>  =>  =>  =>  =>  =>  =>  => "

-------------------------------
 
ALTERAÇÃO DE CLIENTE
POST => "MIRIAN" Data => "2012-06-15 10:26:13", Alterou o Cliente de vale 495513 => "INFORMAÇÕES ALTERADAS => "1 => 3953 => 11 => 27 => 15 => 2 => 0 => 29/05/2012 => 495513 => 179 => 92580 => 25/05/2012 => LEONARDO OLIVEIRA DE FREITAS => 233336/199 => DENIER DE ALCANTARA CUNHA =>  => RUA JOSE JOAQUIM DA ROCHA => 228 =>  => CENTRO => DUQUE DE CAXIAS => RJ => 7872-1536 => 7360-6653 => 3651-8808 => PX DO BAR DO BERRETA,PX DA ASS DE MORADORES. =>  => 1 => 136651 => COZINHA TELASSUL CRISTAL 80123 BR => 0 =>  => 0 =>  => 0 =>  => 0 =>  => 0 =>  => 0 =>  => 0 =>  => 0 =>  => 0 =>  => 0 =>  => 0 =>  => 0 =>  => 0 =>  => 0 =>  => 0 =>  => 0 =>  => 0 =>  => 0 =>  => 0 =>  => "

-------------------------------
 
CADASTRO DE CLIENTE
POST => "MIRIAN" Data => "2012-06-15 10:55:49", Cadastrou o Cliente de vale 487165 => "INFORMAÇÕES CADASTRADAS => "11 => 24 => 13 => 0 => 0 => 15/06/2012 => 487165 => 179 => 9036 => 14/05/2012 => CAMILA PEREIRA DE OLIVEIRA => 35733/199 => CENI JOSE DA SILVA => 25233001 => AVENIDA: PRESIDENTE KENNEDY => 38 => QD 02 => PILAR => DUQUE DE CAXIAS => RJ => 9447-2110 =>  =>  => APOS A PASSARELA DO POSTO DO BRAVO PERGUNTAR NA BARBEARIA DO SEU RAIMUNDO POR LUANA => 01 => 10787 => ARM ITAT MAD IG3G-105 MTEC BR/PT/LA =>  =>  =>  =>  =>  =>  =>  =>  =>  =>  =>  =>  =>  =>  =>  =>  =>  =>  =>  =>  =>  =>  =>  =>  =>  =>  =>  =>  =>  =>  =>  =>  =>  =>  =>  =>  =>  =>  => "

-------------------------------
 
ALTERAÇÃO DE CLIENTE
POST => "luciana" Data => "2012-06-15 11:02:13", Alterou o Cliente de vale 556917 => "INFORMAÇÕES ALTERADAS => "1 => 4016 => 5 => 25 => 15 => 0 => 2 => 31/05/2012 => 556917 => 179 => 556917 => 29/05/2012 =>  =>  => JOZILDA BARBOSA SPINDOLA =>  => RUA ALBERTO SIQUEIRA => 122 =>  => VILA SAO LUIZ => DUQUE DE CAXIAS => RJ => 2652-7432 =>  =>  => PEDIDO: 3840  passei o e-mail para naec dia 15/6 Luciana  =>  => 1 => 100136 => COZINHA ITAT DAYANE BR/PTO => 0 =>  => 0 =>  => 0 =>  => 0 =>  => 0 =>  => 0 =>  => 0 =>  => 0 =>  => 0 =>  => 0 =>  => 0 =>  => 0 =>  => 0 =>  => 0 =>  => 0 =>  => 0 =>  => 0 =>  => 0 =>  => 0 =>  => "

-------------------------------
 
ALTERAÇÃO DE CLIENTE
POST => "luciana" Data => "2012-06-15 11:19:58", Alterou o Cliente de vale 501601 => "INFORMAÇÕES ALTERADAS => "1 => 4138 => 5 => 39 => 38 => 0 => 0 => 11/06/2012 => 501601 => 179 => 4015 => 06/06/2012 => CAMILA PEREIRA DE OLIVEIRA =>  => ALFREDO FERREIRA TOSTES => 25268080 => RUA 5 => LT 0 => CASA 02 => NOVA CAMPINAS => DUQUE DE CAXIAS => RJ => 2675-3239 =>  =>  => RUA PRINCIPAL RUA J E PERTO DO SALÃO TRES ESTRELAS E UM PREDIO ROSA LJ DE MAT DE CONSTRUÇÃO PROC JANE TEL: 2675-3239  FEITO O PEDIDO DE PEÇA DIA 15/6 LUCIANA  =>  => 1 => 6121 => ESTANTE JB BECHARA 3040 AM /PT => 0 =>  => 0 =>  => 0 =>  => 0 =>  => 0 =>  => 0 =>  => 0 =>  => 0 =>  => 0 =>  => 0 =>  => 0 =>  => 0 =>  => 0 =>  => 0 =>  => 0 =>  => 0 =>  => 0 =>  => 0 =>  => 0 =>  => "

-------------------------------
 
ALTERAÇÃO DE CLIENTE
POST => "simone" Data => "2012-06-15 11:28:57", Alterou o Cliente de vale 377842 => "INFORMAÇÕES ALTERADAS => "1 => 24 => 35 => 35 => 27 => 0 => 0 => 28/02/2012 => 377842 => 169 => 83855 => 28/02/2012 =>  =>  => ARNALDO MAGNAVITA =>  => DIAS DE BARROS => 54 => CASA => SANTA TERESA => RIO DE JANEIRO =>  => 2224-4344 => 9985-9985 =>  => GLORIA CANDIDO MENDES HERMENEGILDO DE BARROS ENTREGAR ATE AS 14 HS.FATURAMENTO 02/01/2012.NAEC COLEGIO MACHADO DE ASSIS. =>  => 1 => 9066 => MESA MODECOR LUMA 4C T VID BR => 0 =>  => 0 =>  => 0 =>  => 0 =>  => 0 =>  => 0 =>  => 0 =>  => 0 =>  => 0 =>  => 0 =>  => 0 =>  => 0 =>  => 0 =>  => 0 =>  => 0 =>  => 0 =>  => 0 =>  => 0 =>  => 0 =>  => "

-------------------------------
 
ALTERAÇÃO DE CLIENTE
POST => "simone" Data => "2012-06-15 11:37:29", Alterou o Cliente de vale 377842 => "INFORMAÇÕES ALTERADAS => "1 => 24 => 35 => 27 => 25 => 0 => 0 => 28/02/2012 => 377842 => 169 => 83855 => 28/02/2012 =>  =>  => ARNALDO MAGNAVITA =>  => DIAS DE BARROS => 54 => CASA => SANTA TERESA => RIO DE JANEIRO =>  => 2224-4344 => 9985-9985 =>  => GLORIA CANDIDO MENDES HERMENEGILDO DE BARROS ENTREGAR ATE AS 14 HS.FATURAMENTO 02/01/2012.NAEC COLEGIO MACHADO DE ASSIS. => OBS: AGEND : 15/06/2012 WILTON  => 1 => 9066 => MESA MODECOR LUMA 4C T VID BR => 0 =>  => 0 =>  => 0 =>  => 0 =>  => 0 =>  => 0 =>  => 0 =>  => 0 =>  => 0 =>  => 0 =>  => 0 =>  => 0 =>  => 0 =>  => 0 =>  => 0 =>  => 0 =>  => 0 =>  => 0 =>  => 0 =>  => "

-------------------------------
 
ALTERAÇÃO DE CLIENTE
POST => "suzi" Data => "2012-06-15 11:38:28", Alterou o Cliente de vale 504126 => "INFORMAÇÕES ALTERADAS => "1 => 4193 => 3 => 16 => 28 => 0 => 1 => 12/06/2012 => 504126 => 179 => 504126 => 12/06/2012 => RONALDO BARBOSA DE MOURA => 453890/199 => ADAILTON FLORENCIO TETEO => 25036210 => RUA: AQUIDABA => 2 => LT 16 QD 91 => JARDIM OLAVO BILAC => DUQUE DE CAXIAS => RJ => 3777-6664 => 8796-6664 =>  => PROX AO COLEGIO REINO DA CULTURA PED.153428 => AGENDADO PARA 15/06 COM WAGNER. => 1 => 7754 => ESCRIVANINHA MAVAL MUNIQUE PL TB/BR => 0 =>  => 0 =>  => 0 =>  => 0 =>  => 0 =>  => 0 =>  => 0 =>  => 0 =>  => 0 =>  => 0 =>  => 0 =>  => 0 =>  => 0 =>  => 0 =>  => 0 =>  => 0 =>  => 0 =>  => 0 =>  => 0 =>  => "

-------------------------------
 
CADASTRO DE CLIENTE
POST => "MIRIAN" Data => "2012-06-15 11:46:50", Cadastrou o Cliente de vale 505986 => "INFORMAÇÕES CADASTRADAS => "11 => 34 => 26 => 0 => 0 => 15/06/2012 => 505986 => 179 => 176353 => 15/06/2012 => DANIELA  GOMES BARBOSA => 11252/199 => BRUNO DIAS DA SILVA => 25036210 => RUA: AQUIDABA => LT 11 => QD 40 => JARDIM OLAVO BILAC => DUQUE DE CAXIAS => RJ => 2671-4988 =>  =>  => DO LADO DO RONALDO PIPAS E PROX A PADARIA DO MICA => 01 => 138033 => G.ROUPA ARAPLAC 10P ATLAN PLUS TB/AM =>  =>  =>  =>  =>  =>  =>  =>  =>  =>  =>  =>  =>  =>  =>  =>  =>  =>  =>  =>  =>  =>  =>  =>  =>  =>  =>  =>  =>  =>  =>  =>  =>  =>  =>  =>  =>  =>  => "

-------------------------------
 
ALTERAÇÃO DE CLIENTE
POST => "simone" Data => "2012-06-15 11:59:19", Alterou o Cliente de vale 248244 => "INFORMAÇÕES ALTERADAS => "1 => 3867 => 35 => 37 => 35 => 2 => 0 => 24/05/2012 => 248244 => 173 => 25164 => 18/08/2012 => ALLAN CARLOS DA SILVA => 269196/199 => PAULO DAVYD STADLER JUNIOR => 21910115 => RUA SAO LAZARO  S/N =>  =>  => SANTO EXPEDITO  => QUEIMADOS  => RJ => 9838-3962 =>  =>  => PROXIMO AO SITIO CHALON...Email enviado ao naec dia 05-06-12 Camila. PX AO SITIO SHALON , 1 DIREITA , UNICA CASA COM DOIS ANDARES . PASSEI PARA JOSE FERNANDO VAI ATENDER ATÉ O DIA 16/06/2012 => CLIENTE MUDOU DE ENDEREÇO, PARA QUEIMADOS JA MODIFIQUEI O ENDEREÇO.LIGUEI PARA PERGUNTAR QUAL ERA O BAIRRO MAIS ESTA NA CAIXA POSTAL. => 1 => 9302 => KIT COZ KP 6P DELTA COLOR BR/ VD => 0 =>  => 0 =>  => 0 =>  => 0 =>  => 0 =>  => 0 =>  => 0 =>  => 0 =>  => 0 =>  => 0 =>  => 0 =>  => 0 =>  => 0 =>  => 0 =>  => 0 =>  => 0 =>  => 0 =>  => 0 =>  => 0 =>  => "

-------------------------------
 
CADASTRO DE CLIENTE
POST => "MIRIAN" Data => "2012-06-15 11:59:26", Cadastrou o Cliente de vale 500588 => "INFORMAÇÕES CADASTRADAS => "11 => 25 => 14 => 0 => 0 => 04/06/2012 => 500588 => 169 => 92809 => 04/06/2012 => PAULO SERGIO DOS SANTOS MARINHO => 521170/199 => LUISA LEONOR MONSO POGRASBSKY => 22222222 => RUA BOLIVAR => 17 => AP 1201 => COPACABANA => RIO DE JANEIRO => RJ => 8198-4713 =>  =>  => ESQUINA COM ATLANTICA => 01 => 140344 => MESA FRITZ 4C MEGA AMEN/PTO =>  =>  =>  =>  =>  =>  =>  =>  =>  =>  =>  =>  =>  =>  =>  =>  =>  =>  =>  =>  =>  =>  =>  =>  =>  =>  =>  =>  =>  =>  =>  =>  =>  =>  =>  =>  =>  =>  => "

-------------------------------
 
ALTERAÇÃO DE CLIENTE
POST => "marta" Data => "2012-06-15 11:59:53", Alterou o Cliente de vale 486591 => "INFORMAÇÕES ALTERADAS => "1 => 3620 => 22 => 30 => 12 => 0 => 0 => 14/05/2012 => 486591 => 169 => 14 => 11/05/2012 => RICARDO JOSE DE ABREU => 758 / 199 => CRISTIANE SILVA DE MOURA => 20251031 => RUA: ITAPIRU => 573 => CASA 13 FDS => RIO COMPRIDO => RIO DE JANEIRO => RJ => 8830-9579 => 2273-4503 =>  => PROX AO MERCADO PREZUNIC,PROC DALVA.FICA NUMA VILA DE CASAS. =>  => 1 => 8323 => RACK SOMOPAR 20000 TB/MP => 0 =>  => 0 =>  => 0 =>  => 0 =>  => 0 =>  => 0 =>  => 0 =>  => 0 =>  => 0 =>  => 0 =>  => 0 =>  => 0 =>  => 0 =>  => 0 =>  => 0 =>  => 0 =>  => 0 =>  => 0 =>  => 0 =>  => "

-------------------------------
 
CADASTRO DE CLIENTE
POST => "MIRIAN" Data => "2012-06-15 12:02:03", Cadastrou o Cliente de vale 500224 => "INFORMAÇÕES CADASTRADAS => "11 => 19 => 22 => 0 => 0 => 02/06/2012 => 500224 => 169 => 92809 => 02/06/2012 => PAULO SERGIO DOS SANTOS MARINHO => 521172/199 => LUISA LEONOR MONSO POGRASBSKY => 22222222 => RUA BOLIVAR => 17 => AP 1201 => COPACABANA => RIO DE JANEIRO => RJ => 8198-4713 =>  =>  => ESQUINA COM ATLANTICA => 01 => 136337 => BALCAO C/T KIPLAC  RENATA PLUS BR =>  =>  =>  =>  =>  =>  =>  =>  =>  =>  =>  =>  =>  =>  =>  =>  =>  =>  =>  =>  =>  =>  =>  =>  =>  =>  =>  =>  =>  =>  =>  =>  =>  =>  =>  =>  =>  =>  => "

-------------------------------
 
ALTERAÇÃO DE CLIENTE
POST => "MIRIAN" Data => "2012-06-15 12:22:17", Alterou o Cliente de vale 307448 => "INFORMAÇÕES ALTERADAS => "1 => 3993 => 11 => 39 => 12 => 2 => 0 => 31/05/2012 => 307448 => 171 => 55856 => 25/10/2011 => SERGIO JOAQUIM DOS SANTOS => 337166/199 => MARIA JOSE ALVES DA SILVA =>  => RUA ALTO => 10 => CASA => CABUCU/IPIRANGA => NOVA IGUAÇU => RJ => 9771-2006 =>  =>  => ESTR MADUREIRA ENTRAR  ESTR DO MUNGANGO,BAIRRO ALIANACA,PX LEAO DOS CABRITOS.agend: sexta 15/6 Luciana  =>  => 1 => 139495 => KIT ITAT I3 PREMIUM 6P/3G BR => 0 =>  => 0 =>  => 0 =>  => 0 =>  => 0 =>  => 0 =>  => 0 =>  => 0 =>  => 0 =>  => 0 =>  => 0 =>  => 0 =>  => 0 =>  => 0 =>  => 0 =>  => 0 =>  => 0 =>  => 0 =>  => 0 =>  => "

-------------------------------
 
ALTERAÇÃO DE CLIENTE
POST => "MIRIAN" Data => "2012-06-15 12:58:00", Alterou o Cliente de vale 562834 => "INFORMAÇÕES ALTERADAS => "1 => 3496 => 11 => 48 => 13 => 0 => 2 => 11/05/2012 => 562834 => WA => 562834 => 11/05/2012 =>  =>  => ISABEL GONCALVES  PEREIRA =>  => BOCAIUVA => 281 => CS1 => JARDIM GUANABARA => RIO DE JANEIRO =>  => 9581-9185 =>  =>  => CLIENTE NÃO ATENDE O TEL ACIMA DIA 12/5 AS 21:35HS PARA AFIRMAR AGENDAMENTO P/ TERÇA 15/4 PASSEI E-MAIL PARA O NAEC DIA 12/5 LUCIANA.//Não consegui contato com montador e nem cm cliente p/confirmar se já foi feito.dia 15/06/12 as 12:58 Mirian => ag.24/05/12.mirian  => 1 => 135481 => COZINHA TELASUL CRISTAL 80123 BR/PTO => 0 =>  => 0 =>  => 0 =>  => 0 =>  => 0 =>  => 0 =>  => 0 =>  => 0 =>  => 0 =>  => 0 =>  => 0 =>  => 0 =>  => 0 =>  => 0 =>  => 0 =>  => 0 =>  => 0 =>  => 0 =>  => 0 =>  => "

-------------------------------
 
ALTERAÇÃO DE CLIENTE
POST => "MIRIAN" Data => "2012-06-15 13:02:16", Alterou o Cliente de vale 401520 => "INFORMAÇÕES ALTERADAS => "1 => 2539 => 11 => 36 => 26 => 0 => 0 => 13/04/2012 => 401520 => 215 => 79006 => 25/01/2012 => LIVIA DE CASTRO SILVA =>  => CONSUELO DE MORAES F ALVES =>  => QUIZE -QD 19 LT 19 SANTO ANTONIO => 8 =>  => MANILHA => ITABORAI =>  => 2635-8521 =>  =>  =>  => Não consigo contato com cliente p/confirmar o atendimento.as 13:02 dia 15/06/12.Mirian => 1 => 135481 => COZ KIPLAC RENATA PLUS BR/PTO => 1 => 135479 => BALCAO C/T KIPLAC RENATA PLUS BR/PT => 0 =>  => 0 =>  => 0 =>  => 0 =>  => 0 =>  => 0 =>  => 0 =>  => 0 =>  => 0 =>  => 0 =>  => 0 =>  => 0 =>  => 0 =>  => 0 =>  => 0 =>  => 0 =>  => 0 =>  => 0 =>  => "

-------------------------------
 
ALTERAÇÃO DE CLIENTE
POST => "luciana" Data => "2012-06-15 13:31:50", Alterou o Cliente de vale 493280 => "INFORMAÇÕES ALTERADAS => "1 => 4069 => 5 => 32 => 11 => 0 => 0 => 01/06/2012 => 493280 => 179 => 493280 => 22/05/2012 => ANDERON PEREIRA SANTOS => 45947 => PATRICIA DA SILVA MACHADO =>  => AVENIDA PRESIDENTE KENEDY LT 03 QD34 =>  =>  => PILAR => DUQUE DE CAXIAS =>  => 2777-0924 =>  =>  => relatorio enviado p/ naec dia 16/6 Luciana  =>  => 1 => 508 => CAB BOX GELIUS PUMA TB/BR/MP 1.40 => 0 =>  => 0 =>  => 0 =>  => 0 =>  => 0 =>  => 0 =>  => 0 =>  => 0 =>  => 0 =>  => 0 =>  => 0 =>  => 0 =>  => 0 =>  => 0 =>  => 0 =>  => 0 =>  => 0 =>  => 0 =>  => 0 =>  => "

-------------------------------
 
ALTERAÇÃO DE CLIENTE
POST => "luciana" Data => "2012-06-15 13:38:44", Alterou o Cliente de vale 503486 => "INFORMAÇÕES ALTERADAS => "1 => 4182 => 5 => 31 => 19 => 0 => 0 => 12/06/2012 => 503486 => 179 => 176299 => 11/06/2012 => CAMILA PEREIRA DE OLIVEIRA => 25264675 => MARIA DO SOCORRO NUNES GOMES => 25264675 => RUA: FF => lt 10 => QD 85 => JARDIM ANHANGÁ => DUQUE DE CAXIAS => RJ => 9158-0763 =>  =>  => PERTO DO DOIS  CAMPOS => AGEND: SEGUNDA 18/6 LUCIANA  => 1 => 100136 => COZINHA ITAT DAYANE BR => 0 =>  => 0 =>  => 0 =>  => 0 =>  => 0 =>  => 0 =>  => 0 =>  => 0 =>  => 0 =>  => 0 =>  => 0 =>  => 0 =>  => 0 =>  => 0 =>  => 0 =>  => 0 =>  => 0 =>  => 0 =>  => 0 =>  => "

-------------------------------
 
ALTERAÇÃO DE CLIENTE
POST => "luciana" Data => "2012-06-15 13:43:14", Alterou o Cliente de vale 503556 => "INFORMAÇÕES ALTERADAS => "1 => 4185 => 5 => 16 => 27 => 0 => 0 => 12/06/2012 => 503556 => 213 => 39066 => 11/06/2012 => ANA PAULA TEIXEIRA BASTOS =>  => SUELEN RIBEIRO COSTA => 25911500 => ESTRADA MUNICIPAL => 11 => CASA => CACHOEIRA GRANDEC => MAGÉ => RJ =>  =>  =>  => AO LADO DO BAR DO BOTAFOGO DEPOIS DO MOTEL COCE DECIDE PROC ELVIS => agend: terça 19/6Luciana  => 1 => 136543 => COZINHA  LUCIANE DAKAR CHAMP/NOG => 0 =>  => 0 =>  => 0 =>  => 0 =>  => 0 =>  => 0 =>  => 0 =>  => 0 =>  => 0 =>  => 0 =>  => 0 =>  => 0 =>  => 0 =>  => 0 =>  => 0 =>  => 0 =>  => 0 =>  => 0 =>  => 0 =>  => "

-------------------------------
 
ALTERAÇÃO DE CLIENTE
POST => "luciana" Data => "2012-06-15 13:44:40", Alterou o Cliente de vale 503660 => "INFORMAÇÕES ALTERADAS => "1 => 4189 => 5 => 22 => 2 => 2 => 0 => 12/06/2012 => 503660 => 274 => 15145 => 11/06/2012 => MAURO LIMA MACHADO => 539053 => IZABEL CRISTINA CORREIA SOARES =>  => EVA PERON,0 CASA LT 35 QD 37 =>  =>  => BARRO BRANCO => DUQUE DE CAXIAS =>  =>  =>  =>  => UMA RUA APOS O BICHEIRO PROC RENATA => agend: terça 19/6Luciana  => 1 => 134892 => COZ ITAT CRIATIVA MAXII2VPTO => 0 =>  => 0 =>  => 0 =>  => 0 =>  => 0 =>  => 0 =>  => 0 =>  => 0 =>  => 0 =>  => 0 =>  => 0 =>  => 0 =>  => 0 =>  => 0 =>  => 0 =>  => 0 =>  => 0 =>  => 0 =>  => 0 =>  => "

-------------------------------
 
ALTERAÇÃO DE CLIENTE
POST => "marta" Data => "2012-06-15 13:46:21", Alterou o Cliente de vale 405291 => "INFORMAÇÕES ALTERADAS => "1 => 3461 => 22 => 24 => 19 => 2 => 0 => 10/05/2012 => 405291 => 230 => 54244 => 27/01/2012 => GLAUCE COSTA GABRIEL => 233232 / 199 => JOSE CARLOS VIEIRA DOS SANTOS => 23059120 => RUA: POERABA => 29 => CASA 4 => INHOAÍBA => RIO DE JANEIRO => RJ => 9210-8903 =>  =>  => PEGAR RUA DA MORANGA PONTO FINAL DA KOMBI SAO JORGE PX AO TRELER DO FABIO
 =>  => 1 => 8340 => CAMA CS N HORIZ AREZZO TB/BR/MP => 0 =>  => 0 =>  => 0 =>  => 0 =>  => 0 =>  => 0 =>  => 0 =>  => 0 =>  => 0 =>  => 0 =>  => 0 =>  => 0 =>  => 0 =>  => 0 =>  => 0 =>  => 0 =>  => 0 =>  => 0 =>  => 0 =>  => "

-------------------------------
 
ALTERAÇÃO DE CLIENTE
POST => "luciana" Data => "2012-06-15 13:48:21", Alterou o Cliente de vale 395982 => "INFORMAÇÕES ALTERADAS => "1 => 4131 => 5 => 33 => 27 => 2 => 0 => 11/06/2012 => 395982 => 218 => 65661 => 19/01/2012 => BRUNA RENATA DE OLIVEIRA DAMASIO LUCAS => 460395/199 => KELLY DOS SANTOS => 26385450 => RUA IGREJA => 100 =>  => VALE OURO => QUEIMADOS => RJ => 9972-1772 =>  =>  => SUB A RUA ENF O CAMPO DO VALE OURO ULTIMA CASA PROC SEU JORGE  agend: terça 19/6 luciana  =>  => 1 => 140391 => G.ROUPA BP 3P DUBAY TB/BR => 0 =>  => 0 =>  => 0 =>  => 0 =>  => 0 =>  => 0 =>  => 0 =>  => 0 =>  => 0 =>  => 0 =>  => 0 =>  => 0 =>  => 0 =>  => 0 =>  => 0 =>  => 0 =>  => 0 =>  => 0 =>  => 0 =>  => "

-------------------------------
 
ALTERAÇÃO DE CLIENTE
POST => "luciana" Data => "2012-06-15 13:49:48", Alterou o Cliente de vale 450347 => "INFORMAÇÕES ALTERADAS => "1 => 4151 => 5 => 25 => 5 => 0 => 0 => 11/06/2012 => 450347 => 218 => 71107 => 24/03/2012 => BRUNA RENATA DE OLIVEIRA DAMASIO LUCAS =>  => RAFAEL SOARES PEREIRA => 26000001 => RUA ITAPECIRICA => 1 => CASA => JARDIM LARANJEIRAS => NOVA IGUAÇU => RJ =>  =>  =>  => ATRAS DO MERCADO SÃO JORGE NA ESTRADA DE MADURERA E EM FRENTE O COLEGIO MEDECI FAVOR ENTREGAR ANTES 13 HORAS CLI VAI TRAB. => agend: terça 19/6Luciana  => 1 => 140391 => G.ROUPA ARAPLAC 8P AUSTRIA TB/BR => 0 =>  => 0 =>  => 0 =>  => 0 =>  => 0 =>  => 0 =>  => 0 =>  => 0 =>  => 0 =>  => 0 =>  => 0 =>  => 0 =>  => 0 =>  => 0 =>  => 0 =>  => 0 =>  => 0 =>  => 0 =>  => 0 =>  => "

-------------------------------
 
ALTERAÇÃO DE CLIENTE
POST => "luciana" Data => "2012-06-15 13:56:37", Alterou o Cliente de vale 535728 => "INFORMAÇÕES ALTERADAS => "1 => 2588 => 5 => 42 => 12 => 0 => 2 => 14/04/2012 => 535728 => 181 => 535728 => 14/04/2012 =>  =>  => MARILANE DA SILVA FESTA =>  => ALAMEDA JANDIRA FROES => 132 =>  => SAO FRANCISCO => NITERÓI => RJ => 2710-8784 =>  =>  => CONFIRMEI COM GULE NETA ATENDIMENTO PARA terça 19/6 LUCIANA  =>  => 1 => 141552 => CJ SALA JANTAR ORTIZ VALENCIA 6C AMEN => 0 =>  => 0 =>  => 0 =>  => 0 =>  => 0 =>  => 0 =>  => 0 =>  => 0 =>  => 0 =>  => 0 =>  => 0 =>  => 0 =>  => 0 =>  => 0 =>  => 0 =>  => 0 =>  => 0 =>  => 0 =>  => 0 =>  => "

-------------------------------
 
ALTERAÇÃO DE CLIENTE
POST => "luciana" Data => "2012-06-15 13:59:34", Alterou o Cliente de vale 466897 => "INFORMAÇÕES ALTERADAS => "1 => 2582 => 5 => 25 => 16 => 0 => 0 => 11/04/2012 => 466897 => 179 => 126211 => 11/04/2012 => MAURO LIMA MACHADO => 348595 / 199 => ELISANGELA SILVA DE ALMEIDA => 25585160 => RUA: CHAVES PINHEIRO => lt 14 => QDQ 12 => PARQUE ARARUAMA => SÃO JOÃO DE MERITI => RJ => 9161-0597 => 2652-4844 =>  => PROX AO RESTAURANTE  DO TIAO DO FEIJÃO PROX A PRAÇA DOA ARARUAMA relatorio  enviado para Miriam dia 15.6 Luciana  => CONFIRMEI COM A MÃE DUCIMEI PARA SEXTA 4.5 LUCIANA  => 1 => 9069 => MESA MODECOR LUMA 6C T.VID BR => 0 =>  => 0 =>  => 0 =>  => 0 =>  => 0 =>  => 0 =>  => 0 =>  => 0 =>  => 0 =>  => 0 =>  => 0 =>  => 0 =>  => 0 =>  => 0 =>  => 0 =>  => 0 =>  => 0 =>  => 0 =>  => 0 =>  => "

-------------------------------
 
ALTERAÇÃO DE CLIENTE
POST => "luciana" Data => "2012-06-15 14:03:34", Alterou o Cliente de vale 548831 => "INFORMAÇÕES ALTERADAS => "1 => 3642 => 5 => 17 => 15 => 0 => 2 => 14/05/2012 => 548831 => 168 => 548831 => 09/05/2012 =>  =>  => DELFIM FERREIRA DOS SANTOS =>  => MORSE => 35 => CASA 3 FDS => VAZ LOBO => RIO DE JANEIRO => RJ => 9893-5094 =>  =>  => CLIENTE NÃO ATENDE O TEL ACIMA DIA 6/6 AS 13:52HS PARA AGENDAR PARA SABADO 9/6  PASSEI E-MAIL PARA I IGOR DIA 6/6 PARA PEDI OUTRO TEL DE CONTATO LUCIANA  => CONFIRMEI COM A VERONICA PARA  SABADO 23/6 LUCIANA  => 1 => 140391 => G.ROUPA ARAPLAC 8P AUSTRIA TB/BR => 0 =>  => 0 =>  => 0 =>  => 0 =>  => 0 =>  => 0 =>  => 0 =>  => 0 =>  => 0 =>  => 0 =>  => 0 =>  => 0 =>  => 0 =>  => 0 =>  => 0 =>  => 0 =>  => 0 =>  => 0 =>  => 0 =>  => "

-------------------------------
 
ALTERAÇÃO DE CLIENTE
POST => "luciana" Data => "2012-06-15 14:04:07", Alterou o Cliente de vale 548831 => "INFORMAÇÕES ALTERADAS => "1 => 3642 => 5 => 42 => 10 => 0 => 2 => 14/05/2012 => 548831 => 168 => 548831 => 09/05/2012 =>  =>  => DELFIM FERREIRA DOS SANTOS =>  => MORSE => 35 => CASA 3 FDS => VAZ LOBO => RIO DE JANEIRO => RJ => 9893-5094 =>  =>  => CLIENTE NÃO ATENDE O TEL ACIMA DIA 6/6 AS 13:52HS PARA AGENDAR PARA SABADO 9/6  PASSEI E-MAIL PARA I IGOR DIA 6/6 PARA PEDI OUTRO TEL DE CONTATO LUCIANA  => CONFIRMEI COM A VERONICA PARA  SABADO 23/6 LUCIANA  => 1 => 140391 => G.ROUPA ARAPLAC 8P AUSTRIA TB/BR => 0 =>  => 0 =>  => 0 =>  => 0 =>  => 0 =>  => 0 =>  => 0 =>  => 0 =>  => 0 =>  => 0 =>  => 0 =>  => 0 =>  => 0 =>  => 0 =>  => 0 =>  => 0 =>  => 0 =>  => 0 =>  => 0 =>  => "

-------------------------------
 
ALTERAÇÃO DE CLIENTE
POST => "luciana" Data => "2012-06-15 14:05:35", Alterou o Cliente de vale 252031 => "INFORMAÇÕES ALTERADAS => "1 => 3899 => 5 => 29 => 14 => 2 => 0 => 24/05/2012 => 252031 => 176 => 22274 => 22/08/2011 => JULIO ROBERTO PAIVA BARRETO => 271561 / 199 => RAHHANA VANESSA LUCIO SILVA => 20220750 => RUA: REGO BARROS => 79 => CASA => SANTO CRISTO => RIO DE JANEIRO => RJ => 9208-8765 => 3884-5914 =>  => GARAGEM SAO SILVESTRE.  CONFIRMEI COM A CLIENTE PARA SABADO 16/6  WILTON LUCIANA  => FICHA COM EDSON MOREIRA  => 1 => 138033 => G.ROUPA ARAPLAC 10P ATLAN PLUS TB/AM => 0 =>  => 0 =>  => 0 =>  => 0 =>  => 0 =>  => 0 =>  => 0 =>  => 0 =>  => 0 =>  => 0 =>  => 0 =>  => 0 =>  => 0 =>  => 0 =>  => 0 =>  => 0 =>  => 0 =>  => 0 =>  => 0 =>  => "

-------------------------------
 
ALTERAÇÃO DE CLIENTE
POST => "luciana" Data => "2012-06-15 14:08:05", Alterou o Cliente de vale 496168 => "INFORMAÇÕES ALTERADAS => "1 => 3932 => 5 => 22 => 4 => 2 => 0 => 26/05/2012 => 496168 => 169 => 52512 => 25/05/2012 => RAFAEL RABELO SOARES => 198492/199 => MARCOS PAULO DA COSTA MOREIRA => 20220690 => RUA: BARÃO DA GAMBOA => 155 => AP 303 => SANTO CRISTO => RIO DE JANEIRO => RJ => 2203-1662 =>  =>  => PROX A CIDADE  DO SAMBA  CONFIRMEI COM O CLIENTE PARA TERÇA FEIRA 19/6 LUCIANA  => FICHA COM EDSON MOREIRA  => 1 => 8372 => G.ROUPA BP 3P DUBAY TB/BR/MP => 0 =>  => 0 =>  => 0 =>  => 0 =>  => 0 =>  => 0 =>  => 0 =>  => 0 =>  => 0 =>  => 0 =>  => 0 =>  => 0 =>  => 0 =>  => 0 =>  => 0 =>  => 0 =>  => 0 =>  => 0 =>  => 0 =>  => "

-------------------------------
 
CADASTRO DE CLIENTE
POST => "marta" Data => "2012-06-15 14:08:37", Cadastrou o Cliente de vale 505029 => "INFORMAÇÕES CADASTRADAS => "22 => 38 => 15 => 0 => 1 => 15/06/2012 => 505029 => 212 => 47019 => 13/06/2012 => JOINIR LUIZ DE OLIVEIRA => 312476 => ZENILDA MAGALHAES VIEIRA =>  => LUCIANA SANTOS DA SILVA-LT 13 QD 7 => 0 => CASA => XAVANTE => BELFORD ROXO =>  => 3048-2310 => 7818-0927 => 7679-2142 => PROX A CEMOX AO LADO DA IGREJA MUNDIAL DO PODER DE DEUS PROC SILVANA => 1 => 140338 => G ROUPA FRITZ 3P MILAO AMEN/PTO =>  =>  =>  =>  =>  =>  =>  =>  =>  =>  =>  =>  =>  =>  =>  =>  =>  =>  =>  =>  =>  =>  =>  =>  =>  =>  =>  =>  =>  =>  =>  =>  =>  =>  =>  =>  =>  =>  => "

-------------------------------
 
ALTERAÇÃO DE CLIENTE
POST => "luciana" Data => "2012-06-15 14:09:13", Alterou o Cliente de vale 496168 => "INFORMAÇÕES ALTERADAS => "1 => 3932 => 5 => 25 => 16 => 2 => 0 => 26/05/2012 => 496168 => 169 => 52512 => 25/05/2012 => RAFAEL RABELO SOARES => 198492/199 => MARCOS PAULO DA COSTA MOREIRA => 20220690 => RUA: BARÃO DA GAMBOA => 155 => AP 303 => SANTO CRISTO => RIO DE JANEIRO => RJ => 2203-1662 =>  =>  => PROX A CIDADE  DO SAMBA  CONFIRMEI COM O CLIENTE PARA TERÇA FEIRA 19/6 LUCIANA  => FICHA COM EDSON MOREIRA  => 1 => 8372 => G.ROUPA BP 3P DUBAY TB/BR/MP => 0 =>  => 0 =>  => 0 =>  => 0 =>  => 0 =>  => 0 =>  => 0 =>  => 0 =>  => 0 =>  => 0 =>  => 0 =>  => 0 =>  => 0 =>  => 0 =>  => 0 =>  => 0 =>  => 0 =>  => 0 =>  => 0 =>  => "

-------------------------------
 
ALTERAÇÃO DE CLIENTE
POST => "luciana" Data => "2012-06-15 14:12:57", Alterou o Cliente de vale 499203 => "INFORMAÇÕES ALTERADAS => "1 => 4021 => 5 => 39 => 25 => 0 => 1 => 31/05/2012 => 499203 => 241 => 632 => 31/05/2012 => JULIO CESAR VIEIRA SOARES => 11223/199 => SARA DAMIANA FERREIRA DA COSTA => 20251310 => TRAVESSA: AGRA FILHO => 122 => CS 04 => SANTA TERESA => RIO DE JANEIRO => RJ => 8391-9340 =>  =>  => NA COMUNIDADE VDA COROA PROX ASSOCIAÇÃO DE MORADORES PROC SARA  relatorio enviado p/  MIRIAM DIA 16/6 LUCIANA  =>  => 1 => 16377 => CAMA CS N.HORIZ ANGRA PLUS AM/AM/PT => 0 =>  => 0 =>  => 0 =>  => 0 =>  => 0 =>  => 0 =>  => 0 =>  => 0 =>  => 0 =>  => 0 =>  => 0 =>  => 0 =>  => 0 =>  => 0 =>  => 0 =>  => 0 =>  => 0 =>  => 0 =>  => 0 =>  => "

-------------------------------
 
ALTERAÇÃO DE CLIENTE
POST => "luciana" Data => "2012-06-15 14:14:18", Alterou o Cliente de vale 450184 => "INFORMAÇÕES ALTERADAS => "1 => 4067 => 5 => 22 => 18 => 2 => 0 => 01/06/2012 => 450184 => 175 => 37152 => 24/03/2012 => ANSELMO DS SANTOS FARIAS => 509041/199 => ERNESTO RIOS DA CUNHA => 20531010 => RUA: ÂNGELO DOS REIS => 245 => CS 02 => ALTO DA BOA VISTA => RIO DE JANEIRO => RJ => 2278-4874 =>  =>  => ANTES DA SUBIDA DOUTOR CATRAMBI PROC ERNESTO OU TEREZINHA  AGEND: SEXTA 15/06 cliente ciente  MONTADOR WILTON LUCIANA  => FICHA COM EDSON MOREIRA  => 1 => 136216 => G.ROUPA MOVAL 6P PARIS TB/BR => 0 =>  => 0 =>  => 0 =>  => 0 =>  => 0 =>  => 0 =>  => 0 =>  => 0 =>  => 0 =>  => 0 =>  => 0 =>  => 0 =>  => 0 =>  => 0 =>  => 0 =>  => 0 =>  => 0 =>  => 0 =>  => 0 =>  => "

-------------------------------
 
ALTERAÇÃO DE CLIENTE
POST => "luciana" Data => "2012-06-15 14:15:51", Alterou o Cliente de vale 403036 => "INFORMAÇÕES ALTERADAS => "1 => 4073 => 5 => 27 => 25 => 2 => 0 => 01/06/2012 => 403036 => 241 => 37609 => 26/01/2012 => JULIO CESRA VIEIRA SOARES => 469577/199 => AUREA CHARMAINE ROMEIRO COSTA => 20251400 => RUA: SANTA CATARINA => 100 => AP 401 => SANTA TERESA => RIO DE JANEIRO => RJ => 9865-7037 => 9613-6989 =>  => ACESSO PELA RUA GONCALVES PROX A CLINICA DA FAMILIA PROC AUREA OU RAFAEL  WILTON VAI ATENDE SEGUNDA 18/6 CLIENTE CIENTE LUCIANA  => OBS: CLIENTE NÃO ATENDE O TEL AS 10:30  FICHA COM EDSON MOREIRA  => 1 => 135481 => COZ KIPLAC RENATA PLUS BR/PTO => 0 =>  => 0 =>  => 0 =>  => 0 =>  => 0 =>  => 0 =>  => 0 =>  => 0 =>  => 0 =>  => 0 =>  => 0 =>  => 0 =>  => 0 =>  => 0 =>  => 0 =>  => 0 =>  => 0 =>  => 0 =>  => 0 =>  => "

-------------------------------
 
CADASTRO DE CLIENTE
POST => "marta" Data => "2012-06-15 14:16:22", Cadastrou o Cliente de vale 504827 => "INFORMAÇÕES CADASTRADAS => "22 => 26 => 8 => 0 => 1 => 15/06/2012 => 504827 => 179 => 504827 => 13/06/2012 => CLEBER CAMPISTA DA FONSECA => 499776 => SILVA LETICIA DE TOLEDO QUINTANILHA =>  => MOREIA  => 165 => APTO 201 => ENGENHO DA RAINHA => RIO DE JANEIRO =>  => 3979-2046 =>  =>  => ESTRADA VELHA DA PAVUNA FICA EM FRENTE A GRAFICA UNIVERSAL PROC VALTER OU SILVIA CLIENTE CIENTE DO MODELO => 1 => 132414 => RACK DJ FLASH IMB/PTO => 1 => 141871 => MESA P/MICRO MULTI CONJ UNION BR =>  =>  =>  =>  =>  =>  =>  =>  =>  =>  =>  =>  =>  =>  =>  =>  =>  =>  =>  =>  =>  =>  =>  =>  =>  =>  =>  =>  =>  =>  =>  =>  =>  =>  =>  =>  => "

-------------------------------
 
CADASTRO DE CLIENTE
POST => "marta" Data => "2012-06-15 14:19:43", Cadastrou o Cliente de vale 504866 => "INFORMAÇÕES CADASTRADAS => "22 => 12 => 17 => 0 => 0 => 15/06/2012 => 504866 => 215 => 101621 => 13/06/2012 => LUCIANA MOURA DA SILVA LOPES => 1727 => SIMONE DE SOUZA BASTOS =>  => PEREIRA SAMPAIO -CASA QD 85 =>  =>  => MUNDEL  => SAO GONÇALO =>  => 3606-8432 =>  =>  => ENTRAR RUA DO COLEGIO BRIZOLINHA APOS O SACOLAO DA BET SENTIDO MUNDEL PROC MAURICIO 9507-1298 OU 9526-0230 => 1 => 140391 => G.ROUPA ARAPLAC 8P AUSTRIA TB/BR =>  =>  =>  =>  =>  =>  =>  =>  =>  =>  =>  =>  =>  =>  =>  =>  =>  =>  =>  =>  =>  =>  =>  =>  =>  =>  =>  =>  =>  =>  =>  =>  =>  =>  =>  =>  =>  =>  => "

-------------------------------
 
CADASTRO DE CLIENTE
POST => "MIRIAN" Data => "2012-06-15 14:19:50", Cadastrou o Cliente de vale 578356 => "INFORMAÇÕES CADASTRADAS => "11 => 26 => 16 => 0 => 2 => 15/06/2012 => 578356 => 243 => 578356 => 12/05/2012 =>  =>  => ROBERTA SOUZA DE OLIVEIRA =>  => RUA GRAVATA => 22 => 5A => CABUÇU => NOVA IGUAÇU => RJ => 3778-1579 => 9145-7261 =>  => PROX A TORRE DE CELULAR APOS O CAMPO CABUCU PROC ROBERTA => 01 => 139756 => ARM COLOR CLASS SL PAN 6P C/V BR => 01 => 9074 => COZINHA COMP COLOR ECLIPSE TOP PTO => 01 => 9072 => ARM.COLOR ECLIPSE 2P4G BAL C/T VD =>  =>  =>  =>  =>  =>  =>  =>  =>  =>  =>  =>  =>  =>  =>  =>  =>  =>  =>  =>  =>  =>  =>  =>  =>  =>  =>  =>  =>  =>  =>  =>  =>  =>  => "

-------------------------------
 
ALTERAÇÃO DE CLIENTE
POST => "luciana" Data => "2012-06-15 14:21:41", Alterou o Cliente de vale 314499 => "INFORMAÇÕES ALTERADAS => "1 => 3994 => 5 => 1 => 8 => 2 => 0 => 31/05/2012 => 314499 => 182 => 34990 => 01/11/2011 => JAILSON DE BARROS => 346046 => ICLEIA OLIVEIRA DOS SANTOS => 26553170 => RUA: SARMENTO => 193 => CS04 => CENTRO => MESQUITA => RJ => 3103-9142 =>  =>  => RELATORIO ENVIADO PARA MIRIAM DIA 15/6 LUCIANA  =>  => 1 => 100136 => COZINHA ITAT DAYANE BR => 0 =>  => 0 =>  => 0 =>  => 0 =>  => 0 =>  => 0 =>  => 0 =>  => 0 =>  => 0 =>  => 0 =>  => 0 =>  => 0 =>  => 0 =>  => 0 =>  => 0 =>  => 0 =>  => 0 =>  => 0 =>  => 0 =>  => "

-------------------------------
 
CADASTRO DE CLIENTE
POST => "MIRIAN" Data => "2012-06-15 14:22:15", Cadastrou o Cliente de vale 577346 => "INFORMAÇÕES CADASTRADAS => "11 => 25 => 14 => 0 => 2 => 15/06/2012 => 577346 => 243 => 577346 => 12/06/2012 =>  =>  => FELIPE DO NASCIMENTO ANDRADE =>  => RUA 14 => 256 => SOBRADO => VILA SAO JOAO => SAO JOAO DE MERITI => RJ => 8318-8044 => 8038-2574 =>  => EM CIMA DO RESTAURANTE DA VILA EM FRENTE A DPO-PED.543 => 01 => 136543 => COZINHA  LUCIANE DAKAR CHAMP/NOG => 01 => 5730 => MESA GRANITO LIVIA 4C QUAD NAP/PTO =>  =>  =>  =>  =>  =>  =>  =>  =>  =>  =>  =>  =>  =>  =>  =>  =>  =>  =>  =>  =>  =>  =>  =>  =>  =>  =>  =>  =>  =>  =>  =>  =>  =>  =>  =>  => "

-------------------------------
 
CADASTRO DE CLIENTE
POST => "marta" Data => "2012-06-15 14:23:57", Cadastrou o Cliente de vale 505010 => "INFORMAÇÕES CADASTRADAS => "22 => 27 => 20 => 0 => 0 => 15/06/2012 => 505010 => 169 => 94384 => 13/06/2012 => PAULO SERGIO DOS SANTOS MARINHO => 2806 => IVANETE DOS SANTOS =>  => RUA DO RESENDE => 50 => APTO 208 => CENTRO => RIO DE JANEIRO =>  =>  =>  =>  => TROCA COM RECOLHIMENTO PROCESSO JUDICIAL PROCESSO 0130093720108190001 => 1 => 6078 => RACK KIPLAC TORRE PLUS LUXO AR/MP =>  =>  =>  =>  =>  =>  =>  =>  =>  =>  =>  =>  =>  =>  =>  =>  =>  =>  =>  =>  =>  =>  =>  =>  =>  =>  =>  =>  =>  =>  =>  =>  =>  =>  =>  =>  =>  =>  => "

-------------------------------
 
CADASTRO DE CLIENTE
POST => "MIRIAN" Data => "2012-06-15 14:24:30", Cadastrou o Cliente de vale 452904 => "INFORMAÇÕES CADASTRADAS => "11 => 9 => 25 => 0 => 2 => 15/06/2012 => 452904 => 243 => 452904 => 13/06/2012 =>  =>  => ELCIA GOMES DE OLIVEIRA =>  => ESTRADA LUIS LEMOS => 643 =>  => VILA BORGERTH => NOVA IGUAÇU => RJ => 3091-1346 => 9901-3353 =>  => PROX AO MERCADO VIANENSE AO LADO DA BARBEARIA VITORIA => 01 => 138062 => G. ROUPA ARAPLAC 2P DUQUE PLUS BR/LI =>  =>  =>  =>  =>  =>  =>  =>  =>  =>  =>  =>  =>  =>  =>  =>  =>  =>  =>  =>  =>  =>  =>  =>  =>  =>  =>  =>  =>  =>  =>  =>  =>  =>  =>  =>  =>  =>  => "

-------------------------------
 
CADASTRO DE CLIENTE
POST => "marta" Data => "2012-06-15 14:26:22", Cadastrou o Cliente de vale 450296 => "INFORMAÇÕES CADASTRADAS => "22 => 31 => 27 => 0 => 0 => 15/06/2012 => 450296 => 179 => 167687 => 24/03/2012 => LEONARDO OLIVEIRA DE FREITAS => 505478 => MARIA DAS GRAÇAS GALDINO FERREIRA =>  => DO DIVINO => 224 => CASA A => PARQUE BEIRA MAR => DUQUE DE CAXIAS =>  =>  =>  =>  => PELA WASHITON LUIS ENTRADA PELO DOIS IRMAOS TERCEIRARUA A DIREITA PROC DONA CONCEIÇÃO => 1 => 6078 => RACK KIPLAC TORRE PLUS LUXO AR/MP =>  =>  =>  =>  =>  =>  =>  =>  =>  =>  =>  =>  =>  =>  =>  =>  =>  =>  =>  =>  =>  =>  =>  =>  =>  =>  =>  =>  =>  =>  =>  =>  =>  =>  =>  =>  =>  =>  => "

-------------------------------
 
ALTERAÇÃO DE CLIENTE
POST => "luciana" Data => "2012-06-15 14:27:20", Alterou o Cliente de vale 496043 => "INFORMAÇÕES ALTERADAS => "1 => 4034 => 5 => 22 => 20 => 0 => 1 => 01/06/2012 => 496043 => 168 => 52848 => 25/05/2012 => ELIMAR ALVES OLIVEIRA => 450585/199 => NARCO ANTONIO AURELIO DA SILVA =>  => BECO DA FONTINHA => 969 => CASA 04 FDS => BENTO RIBEIRO => RIO DE JANEIRO => RJ => 3016-3631 => 8275-0068 => 8215-5867 => PRAÇA DO VALQUEIRE OU ARENA SHOW ESTRADA DA FONTINHA.  RELATORIO ENVIADO PARA MIRIAM DIA 15/6 LUCIANA  =>  => 1 => 140338 => G ROUPA FRITZ 3P MILAO AMEN/PTO => 0 =>  => 0 =>  => 0 =>  => 0 =>  => 0 =>  => 0 =>  => 0 =>  => 0 =>  => 0 =>  => 0 =>  => 0 =>  => 0 =>  => 0 =>  => 0 =>  => 0 =>  => 0 =>  => 0 =>  => 0 =>  => 0 =>  => "

-------------------------------
 
CADASTRO DE CLIENTE
POST => "MIRIAN" Data => "2012-06-15 14:27:49", Cadastrou o Cliente de vale 578615 => "INFORMAÇÕES CADASTRADAS => "11 => 33 => 11 => 0 => 2 => 15/06/2012 => 578615 => 243 => 578615 => 12/06/2012 =>  =>  => DIEGO VIEIRA RODRIGUES =>  => RUA LOURIVAL TAVARES DE PAULA => 465 =>  => VILA CAMARI  => NOVA IGUAÇU => RJ => 8715-8283 =>  =>  => NA RUA DO COLEGIO LUIZ DE LEMOS PROC EDILEUZA-PED.2645 => 01 => 138062 => G. ROUPA ARAPLAC 2P DUQUE PLUS BR/LI =>  =>  =>  =>  =>  =>  =>  =>  =>  =>  =>  =>  =>  =>  =>  =>  =>  =>  =>  =>  =>  =>  =>  =>  =>  =>  =>  =>  =>  =>  =>  =>  =>  =>  =>  =>  =>  =>  => "

-------------------------------
 
CADASTRO DE CLIENTE
POST => "MIRIAN" Data => "2012-06-15 14:30:02", Cadastrou o Cliente de vale 583889 => "INFORMAÇÕES CADASTRADAS => "11 => 24 => 21 => 0 => 2 => 15/06/2012 => 583889 => 243 => 583889 => 13/06/2012 =>  =>  => LILIAN NASCIMENTO DOS SANTOS =>  => RUA DOUTOR ALARICO => 125 =>  => PARQUE SAO BENTO => BELFORD ROXO => RJ => 7564-9486 =>  =>  => PROX A PADARIA SUBINDO A RUA DO BARRINHO NO MORR D KISUQUE PROC FELIPE => 01 => 5724 => CJ SALA DE JANTAR ORTIZ VALEN 6C TB =>  =>  =>  =>  =>  =>  =>  =>  =>  =>  =>  =>  =>  =>  =>  =>  =>  =>  =>  =>  =>  =>  =>  =>  =>  =>  =>  =>  =>  =>  =>  =>  =>  =>  =>  =>  =>  =>  => "

-------------------------------
 
ALTERAÇÃO DE CLIENTE
POST => "luciana" Data => "2012-06-15 14:30:34", Alterou o Cliente de vale 542758 => "INFORMAÇÕES ALTERADAS => "1 => 4144 => 5 => 34 => 3 => 0 => 2 => 11/06/2012 => 542758 => 179 => 542758 => 06/06/2012 =>  =>  => JOSE RICARDO GUILHERME => 26177230 => RUA DONA LUIZA RIBAS => 17 => CS FUNDOS => PARQUE ROSEIRAL => BELFORD ROXO => RJ => 2761-1461 => 7624-2468 =>  => PROX AO COLEGIO MARCILIO DIAS PROC MIRIAM OU MARCO ORELHA. => relatorio enviado para Miriam dia 15/6 Luciana  => 1 => 138066 => G.ROUPA ARAPLAC 12P DAKAR PLUS TB/AM => 0 =>  => 0 =>  => 0 =>  => 0 =>  => 0 =>  => 0 =>  => 0 =>  => 0 =>  => 0 =>  => 0 =>  => 0 =>  => 0 =>  => 0 =>  => 0 =>  => 0 =>  => 0 =>  => 0 =>  => 0 =>  => 0 =>  => "

-------------------------------
 
ALTERAÇÃO DE CLIENTE
POST => "luciana" Data => "2012-06-15 14:32:08", Alterou o Cliente de vale 493605 => "INFORMAÇÕES ALTERADAS => "1 => 4145 => 5 => 17 => 10 => 0 => 0 => 11/06/2012 => 493605 => 179 => 5380 => 22/05/2012 => VANDERSON MARQUES DOS SANTOS =>  => FRANCISCO JOSE DA SILVA NASCIMENTO => 26175110 => AVENIDA JOAQUIM DA COSTA LIMA => 4810 => CASA => PARQUE ESPERANÇA => BELFORD ROXO => RJ => 2699-5450 => 9716-5207 =>  => EM FRENTE AO QG DA PAZ PROC SRO FRANCISCO PERTO DA RETIFICA DE VONA CAR RELATORIO ENVIADO Para Miriam dia 156 LUCIANA  =>  => 1 => 141552 => CJ SALA JANTAR ORTIZ VALENCIA 6C AMEN => 0 =>  => 0 =>  => 0 =>  => 0 =>  => 0 =>  => 0 =>  => 0 =>  => 0 =>  => 0 =>  => 0 =>  => 0 =>  => 0 =>  => 0 =>  => 0 =>  => 0 =>  => 0 =>  => 0 =>  => 0 =>  => 0 =>  => "

-------------------------------
 
CADASTRO DE CLIENTE
POST => "MIRIAN" Data => "2012-06-15 14:33:05", Cadastrou o Cliente de vale 584058 => "INFORMAÇÕES CADASTRADAS => "11 => 39 => 24 => 0 => 2 => 15/06/2012 => 584058 => 171 => 584058 => 13/06/2012 =>  =>  => ANTONIO JOSE DIAS =>  => TRAVESSA BARAO DO TRIUNFO => 585 => CS 07 => REALENGO => RIO DE JANEIRO => RJ => 3462-8860 =>  =>  => PELA ESTRADA DA AGUA BRANCA PROX A IGREJA CATOLICA SAO JOSE OPERARIO DO CLUBE CRI REALENGO PROC MARLI PED.5448 => 01 => 139517 => KIT ITAT I3 VD FL CRIATIVA 5P/4G PT =>  =>  =>  =>  =>  =>  =>  =>  =>  =>  =>  =>  =>  =>  =>  =>  =>  =>  =>  =>  =>  =>  =>  =>  =>  =>  =>  =>  =>  =>  =>  =>  =>  =>  =>  =>  =>  =>  => "

-------------------------------
 
CADASTRO DE CLIENTE
POST => "marta" Data => "2012-06-15 14:33:33", Cadastrou o Cliente de vale 504903 => "INFORMAÇÕES CADASTRADAS => "22 => 12 => 19 => 0 => 0 => 15/06/2012 => 504903 => 201 => 42360 => 13/06/2012 => ANTONIO CARLOS RODRIGUES DE SO => 536294 => PATRICIA GENUINO FERREIRA =>  => RECIFE,0, LT 196 QD 122 =>  =>  => TRINDADE => SAO GONÇALO =>  => 3605-0654 =>  =>  => QUINTA RUA A DIREITA APOS A CASA DA BENÇÃO  => 1 => 140391 => G.ROUPA ARAPLAC 8P AUSTRIA TB/BR =>  =>  =>  =>  =>  =>  =>  =>  =>  =>  =>  =>  =>  =>  =>  =>  =>  =>  =>  =>  =>  =>  =>  =>  =>  =>  =>  =>  =>  =>  =>  =>  =>  =>  =>  =>  =>  =>  => "

-------------------------------
 
CADASTRO DE CLIENTE
POST => "MIRIAN" Data => "2012-06-15 14:35:48", Cadastrou o Cliente de vale 578131 => "INFORMAÇÕES CADASTRADAS => "11 => 28 => 19 => 0 => 2 => 15/06/2012 => 578131 => 230 => 578131 => 13/06/2012 =>  =>  => CAROLINE RAYANE MENEZES PEREIRA =>  => RUA IGUARACU => 511 => CS A => COSMOS => RIO DE JANEIRO => RJ => 3427-5831 =>  =>  => ESTR DO GUARUJA NA RUA DA ESCOLA SOMEC PROX A ESCOLA DE SAMBA DE COSMOS PROC IVONE.PED.87840 => 01 => 135481 => COZ KIPLAC RENATA PLUS BR/PTO =>  =>  =>  =>  =>  =>  =>  =>  =>  =>  =>  =>  =>  =>  =>  =>  =>  =>  =>  =>  =>  =>  =>  =>  =>  =>  =>  =>  =>  =>  =>  =>  =>  =>  =>  =>  =>  =>  => "

-------------------------------
 
ALTERAÇÃO DE CLIENTE
POST => "luciana" Data => "2012-06-15 14:36:30", Alterou o Cliente de vale 503530 => "INFORMAÇÕES ALTERADAS => "1 => 4186 => 5 => 34 => 13 => 0 => 0 => 12/06/2012 => 503530 => 195 => 80184 => 11/06/2012 => ANDRE ROBERTO OLIVEIRA DA COST => 535572/199 => MARIA DE FATIMA FELIX BARRETO => 26171370 => JOSE MARIA => qd e => LT 01 => VILA PAULINE => BELFORD ROXO => RJ => 2788-1876 =>  =>  => NA SUBIDA DO BAR DO NILO SUBIR PELA RUA ALBUQUERQUE => AGEND: SABADO 16/6 CONFIRMEI COM FERNANDA LUCIANA  => 1 => 136365 => ESTANTE DJ CRONOS HOME MAR/PTO => 0 =>  => 0 =>  => 0 =>  => 0 =>  => 0 =>  => 0 =>  => 0 =>  => 0 =>  => 0 =>  => 0 =>  => 0 =>  => 0 =>  => 0 =>  => 0 =>  => 0 =>  => 0 =>  => 0 =>  => 0 =>  => 0 =>  => "

-------------------------------
 
CADASTRO DE CLIENTE
POST => "marta" Data => "2012-06-15 14:37:51", Cadastrou o Cliente de vale 505032 => "INFORMAÇÕES CADASTRADAS => "22 => 22 => 23 => 0 => 0 => 15/06/2012 => 505032 => 282 => 10739 => 13/06/2012 => MARIA LUCINETE AVELINO DUARTE => 521351 => ILMA LEMOS CONTRUCCI =>  => ESTRADA INTENDENTE MAGALHAES  => 297 => APTO 512 => CAMPINHO => RIO DE JANEIRO =>  => 3185-2178 => 3833-5229 =>  => TROCA SEM RECOLHIMENTO EM FRENTE AO MOTEL JUMBO O MAIOR PREDIO CAROLINA OU GERALDO => 1 => 135481 => COZ KIPLAC RENATA PLUS BR/PTO =>  =>  =>  =>  =>  =>  =>  =>  =>  =>  =>  =>  =>  =>  =>  =>  =>  =>  =>  =>  =>  =>  =>  =>  =>  =>  =>  =>  =>  =>  =>  =>  =>  =>  =>  =>  =>  =>  => "

-------------------------------
 
CADASTRO DE CLIENTE
POST => "MIRIAN" Data => "2012-06-15 14:40:05", Cadastrou o Cliente de vale 584460 => "INFORMAÇÕES CADASTRADAS => "11 => 22 => 17 => 0 => 2 => 15/06/2012 => 584460 => 230 => 584460 => 13/06/2012 =>  =>  => ROGERIO DA SILVA ROCHA =>  => RUA ADAO HENRIQUE DE MORAIS => 24 =>  => CAMPO GRANDE => RIO DEJANEIRO => RJ => 3377-9362 =>  =>  => ANTIGA RIO SAO PAULO EM FRENTE AO BAIRRO JD LETICIA NA RUA UNIVERSAL PROC GERINHO.PED.46116 => 01 => 9072 => ARM.COLOR ECLIPSE 2P4G BAL C/T VD =>  =>  =>  =>  =>  =>  =>  =>  =>  =>  =>  =>  =>  =>  =>  =>  =>  =>  =>  =>  =>  =>  =>  =>  =>  =>  =>  =>  =>  =>  =>  =>  =>  =>  =>  =>  =>  =>  => "

-------------------------------
 
CADASTRO DE CLIENTE
POST => "marta" Data => "2012-06-15 14:40:19", Cadastrou o Cliente de vale 586391 => "INFORMAÇÕES CADASTRADAS => "22 => 23 => 18 => 0 => 2 => 15/06/2012 => 586391 => RE => 586391 => 14/06/2012 =>  =>  => MAURO NUNES DE OLIVEIRA =>  => MARCONDE DA LUZ => 233 =>  => SENADOR VASCONSELOS => RIO DE JANEIRO =>  => 7314-1122 =>  =>  => EM FRENTE AO PEIXEIRO DO MOIZES PELA AV SANTA CRUZ => 1 => 139398 => COL BOX PLUMATEX CINZA 138X52 ESP =>  =>  =>  =>  =>  =>  =>  =>  =>  =>  =>  =>  =>  =>  =>  =>  =>  =>  =>  =>  =>  =>  =>  =>  =>  =>  =>  =>  =>  =>  =>  =>  =>  =>  =>  =>  =>  =>  => "

-------------------------------
 
ALTERAÇÃO DE CLIENTE
POST => "luciana" Data => "2012-06-15 14:41:31", Alterou o Cliente de vale 505544 => "INFORMAÇÕES ALTERADAS => "1 => 4198 => 5 => 30 => 19 => 2 => 0 => 14/06/2012 => 505544 => 244 => 5552 => 14/06/2012 => ALISON MACIEL BARCELLOS => 550615/s => VANESSA NOGUEIRA DA SILVA => 26515150 => RUA: INOCÊNCIO DA COSTA SOUTO => 3 =>  => CABRAL => NILÓPOLIS => RJ => 9321-8067 =>  =>  => NA RUA DO PONTO FINAL DO ONIBUS 395 PROX A UMA VIDRAÇARIA PROC HELENO OU ROSA => AGEND: SEXTA 15/6 Luciana: => 1 => 100136 => COZINHA ITAT DAYANE BR => 0 =>  => 0 =>  => 0 =>  => 0 =>  => 0 =>  => 0 =>  => 0 =>  => 0 =>  => 0 =>  => 0 =>  => 0 =>  => 0 =>  => 0 =>  => 0 =>  => 0 =>  => 0 =>  => 0 =>  => 0 =>  => 0 =>  => "

-------------------------------
 
CADASTRO DE CLIENTE
POST => "MIRIAN" Data => "2012-06-15 14:43:11", Cadastrou o Cliente de vale 504819 => "INFORMAÇÕES CADASTRADAS => "11 => 32 => 6 => 0 => 1 => 15/06/2012 => 504819 => 171 => 69875 => 13/06/2012 => SERGIO JOAQUIM DOS SANTOS => 508596/199 => CRISTIANO ESPEDITO ALVES => 21730560 => TRAVESSA SHALON => 23 =>  => REALENGO => RIO DE JANEIRO => RJ =>  =>  =>  => AV BRASIL BAIRRO BATAN ESTR ENGENHO NOVO SUBIR DO BRIZOLINHA APOS BARRACA DO BIGODE PROC SRA MARI => 01 => 138033 => G.ROUPA ARAPLAC 10P ATLAN PLUS TB/AM =>  =>  =>  =>  =>  =>  =>  =>  =>  =>  =>  =>  =>  =>  =>  =>  =>  =>  =>  =>  =>  =>  =>  =>  =>  =>  =>  =>  =>  =>  =>  =>  =>  =>  =>  =>  =>  =>  => "

-------------------------------
 
CADASTRO DE CLIENTE
POST => "marta" Data => "2012-06-15 14:44:27", Cadastrou o Cliente de vale 555132 => "INFORMAÇÕES CADASTRADAS => "22 => 21 => 22 => 0 => 2 => 15/06/2012 => 555132 => RE => 555132 => 14/06/2012 =>  =>  => ELIANE DA SILVA CARVALHO =>  => JAMBUACU LT 22 QD 60 => 0 =>  => COSMOS => RIO DE JANEIRO =>  => 3108-5726 => 8832-3575 =>  => PROX AO DPO DE COSMO E AO POSTO DE SAUDE DE COSMOS NA ANTIGA RUA 25 PROC ELIANE => 1 => 1936 => CAMA CS BECHARA FLORIDA MG =>  =>  =>  =>  =>  =>  =>  =>  =>  =>  =>  =>  =>  =>  =>  =>  =>  =>  =>  =>  =>  =>  =>  =>  =>  =>  =>  =>  =>  =>  =>  =>  =>  =>  =>  =>  =>  =>  => "

-------------------------------
 
CADASTRO DE CLIENTE
POST => "marta" Data => "2012-06-15 14:47:41", Cadastrou o Cliente de vale 585300 => "INFORMAÇÕES CADASTRADAS => "22 => 21 => 12 => 0 => 2 => 15/06/2012 => 585300 => RE => 585300 => 14/06/2012 =>  =>  => ALAINE LOPES BRANDÃO =>  => SOLDADO RAMIS MENDES => 40 => LT 9 => PACIENCIA => RIO DE JANEIRO =>  => 7346-9556 => 7638-3061 =>  => PEGAR RUA AGAI DEPOIS DO CANAL PROC SR PAULA OU SR ALINE PROX AO PISCINAS BAR PREFERENCIALMENTE APOS 15 HS => 1 => 8981 => G. ROUPA MOVAL 6P40065 COL PLUS TB/M =>  =>  =>  =>  =>  =>  =>  =>  =>  =>  =>  =>  =>  =>  =>  =>  =>  =>  =>  =>  =>  =>  =>  =>  =>  =>  =>  =>  =>  =>  =>  =>  =>  =>  =>  =>  =>  =>  => "

-------------------------------
 
CADASTRO DE CLIENTE
POST => "MIRIAN" Data => "2012-06-15 14:51:36", Cadastrou o Cliente de vale 504752 => "INFORMAÇÕES CADASTRADAS => "11 => 8 => 24 => 0 => 1 => 15/06/2012 => 504752 => 171 => 166 => 13/06/2012 => SERGIO JOAQUIM DOS SANTOS => 11031/199 => SOLANGE LAUDIOZER SOARES => 21840600 => RUA: ESTRADA DO ENGENHO  => 671 => CS 01 => BANGU => RIO DE JANEIRO => RJ => 2402-3379 =>  =>  => AO LADO DA IGREJA BATISTA  PROX A BARRACA DO PEQUENO  => 01 => 140391 => G.ROUPA ARAPLAC 8P AUSTRIA TB/BR =>  =>  =>  =>  =>  =>  =>  =>  =>  =>  =>  =>  =>  =>  =>  =>  =>  =>  =>  =>  =>  =>  =>  =>  =>  =>  =>  =>  =>  =>  =>  =>  =>  =>  =>  =>  =>  =>  => "

-------------------------------
 
CADASTRO DE CLIENTE
POST => "marta" Data => "2012-06-15 14:53:38", Cadastrou o Cliente de vale 585430 => "INFORMAÇÕES CADASTRADAS => "22 => 26 => 22 => 0 => 2 => 15/06/2012 => 585430 => RE => 585430 => 14/06/2012 =>  =>  => WILLIAM CARLOS CARNEIRO =>  => SAO JORGE => 89 =>  => CARMARIM ALTO DA POSSE => NOVA IGUAÇU =>  => 3102-9299 =>  =>  => SEGUIR PELA ESTRADA LUIZ DE LEMOS ENTRAR NA SETE DE SEMTEMBRO PROX AO CIEP CHÃO DE ESTRELA PROC LEICE OU WILLIAM => 1 => 16068 => MESA MODECOR BRUNA 4C T.VID BR/PT => 1 => 141876 => ESTANTE MULT BUZIOS HOME C/SUPIMB/PTO =>  =>  =>  =>  =>  =>  =>  =>  =>  =>  =>  =>  =>  =>  =>  =>  =>  =>  =>  =>  =>  =>  =>  =>  =>  =>  =>  =>  =>  =>  =>  =>  =>  =>  =>  =>  => "

-------------------------------
 
CADASTRO DE CLIENTE
POST => "MIRIAN" Data => "2012-06-15 14:54:40", Cadastrou o Cliente de vale 503970 => "INFORMAÇÕES CADASTRADAS => "11 => 18 => 25 => 0 => 1 => 15/06/2012 => 503970 => 230 => 63305 => 12/06/2012 => EDMILSON SILVA LUZ => 274433/199 => VALDEMAR TORRES CAETANO => 23060720 => RUA CECILIA MEIRELES => 17 =>  => COSMOS => RIO DE JANEIRO => RJ => 3356-5199 => 9410-1525 =>  => RUA CAMPO GRANDE BAIRRO NOVA CONQUISTA COSMOS PROX A BARRACA DO LUIZ => 01 => 134892 => COZ ITAT CRIATIVA MAXII2VPTO =>  =>  =>  =>  =>  =>  =>  =>  =>  =>  =>  =>  =>  =>  =>  =>  =>  =>  =>  =>  =>  =>  =>  =>  =>  =>  =>  =>  =>  =>  =>  =>  =>  =>  =>  =>  =>  =>  => "

-------------------------------
 
CADASTRO DE CLIENTE
POST => "marta" Data => "2012-06-15 14:56:31", Cadastrou o Cliente de vale 505400 => "INFORMAÇÕES CADASTRADAS => "22 => 6 => 27 => 0 => 0 => 15/06/2012 => 505400 => 243 => 60770 => 14/06/2012 => NUBIA DOS SANTOS FERREIRA => 524206 => ALBA VALERIA DE OLIVEIRA ALVES =>  => ENGENHEIRO HERCULANO => 54 => CASA => BRASIL => NOVA IGUAÇU =>  => 9263-0332 =>  =>  => RUA DE FRENTE AO POSTO DE GASOLINA VIA IGUAÇU PROC SANDRA OU MARIA  => 1 => 140391 => G.ROUPA ARAPLAC 8P AUSTRIA TB/BR =>  =>  =>  =>  =>  =>  =>  =>  =>  =>  =>  =>  =>  =>  =>  =>  =>  =>  =>  =>  =>  =>  =>  =>  =>  =>  =>  =>  =>  =>  =>  =>  =>  =>  =>  =>  =>  =>  => "

-------------------------------
 
CADASTRO DE CLIENTE
POST => "marta" Data => "2012-06-15 14:59:36", Cadastrou o Cliente de vale 505365 => "INFORMAÇÕES CADASTRADAS => "22 => 15 => 24 => 0 => 0 => 15/06/2012 => 505365 => 243 => 57597 => 14/06/2012 => NUBIA DOS SANTOS FERREIRA => 494881 => EMMANUELLE AIME AIDA DE ALMEIDA SANTIAGO =>  => RIJO => 260 => APTO 201 => IPIRANGA => NOVA IGUAÇU =>  => 7978-1105 =>  =>  => PROX AO ANTIGO AMBULATORIO DA MARINHA PROC EMMANUELLE  => 1 => 136651 => COZINHA TELASSUL CRISTAL 80123 BR => 1 => 136654 => BALCAO C/T TELASUL CRISTAL BR =>  =>  =>  =>  =>  =>  =>  =>  =>  =>  =>  =>  =>  =>  =>  =>  =>  =>  =>  =>  =>  =>  =>  =>  =>  =>  =>  =>  =>  =>  =>  =>  =>  =>  =>  =>  => "

-------------------------------
 
CADASTRO DE CLIENTE
POST => "marta" Data => "2012-06-15 15:03:25", Cadastrou o Cliente de vale 505407 => "INFORMAÇÕES CADASTRADAS => "22 => 33 => 26 => 0 => 0 => 15/06/2012 => 505407 => 236 => 45671 => 14/06/2012 => EDIR SILVA DOS SANTOS => 19901 => FLAVIO DORNELAS ANICETO NASCIMENTO =>  => AVENIDA ALBINO IMPARATO => 110 => LJ => PARQUE PAULICEIA => DUQUE DE CAXIAS =>  => 2776-7965 => 9689-6497 =>  => LIGAR ANTES DA ENTREGA LOJA VAZIA EM FRENTE O CLEGIO FLAMA => 1 => 135481 => COZ KIPLAC RENATA PLUS BR/PTO =>  =>  =>  =>  =>  =>  =>  =>  =>  =>  =>  =>  =>  =>  =>  =>  =>  =>  =>  =>  =>  =>  =>  =>  =>  =>  =>  =>  =>  =>  =>  =>  =>  =>  =>  =>  =>  =>  => "

-------------------------------
 
CADASTRO DE CLIENTE
POST => "MIRIAN" Data => "2012-06-15 15:03:57", Cadastrou o Cliente de vale 504874 => "INFORMAÇÕES CADASTRADAS => "11 => 31 => 27 => 0 => 1 => 15/06/2012 => 504874 => 243 => 43384 => 13/06/2012 => RAMILE DOS REIS FERREIRA => 319354/199 => ALEXANDRE ITABORAY ALMADA => 26040541 => RUA ANGELA MARIA  => 148 => CS 03 => POSSE => NOVA IGUAÇU => RJ => 7844-9269 =>  =>  => PROX AO SUPERMARKET NA RUA DA CASA DE FERRO E AÇO  => 01 => 140391 => G.ROUPA ARAPLAC 8P AUSTRIA TB/BR => 01 => 138724 => CONJ BOX PLUMATEX STAR VIP 138X64 MOLA GENERICA =>  =>  =>  =>  =>  =>  =>  =>  =>  =>  =>  =>  =>  =>  =>  =>  =>  =>  =>  =>  =>  =>  =>  =>  =>  =>  =>  =>  =>  =>  =>  =>  =>  =>  =>  =>  => "

-------------------------------
 
CADASTRO DE CLIENTE
POST => "marta" Data => "2012-06-15 15:06:42", Cadastrou o Cliente de vale 505290 => "INFORMAÇÕES CADASTRADAS => "22 => 27 => 14 => 0 => 0 => 15/06/2012 => 505290 => 242 => 1039 => 14/06/2012 => MARCIO ANDRE COSTA USECKAS => 16724 => GRACIELE BEZERRA DUTRA =>  => PADRE JOSINO => 27 =>  => NOVA AURORA => BELFORD ROXO =>  =>  =>  =>  => PROX AO SITIO NDA MARISA E PROX AO ASILO ANTES DO FAROL PRO CLEIA MORA EM FRENTE QUEM RECEBERA MARIA DAS GRAÇAS => 1 => 141552 => CJ SALA JANTAR ORTIZ VALENCIA 6C AMEN => 1 => 134892 => COZ ITAT CRIATIVA MAXII2VPTO =>  =>  =>  =>  =>  =>  =>  =>  =>  =>  =>  =>  =>  =>  =>  =>  =>  =>  =>  =>  =>  =>  =>  =>  =>  =>  =>  =>  =>  =>  =>  =>  =>  =>  =>  =>  => "

-------------------------------
 
CADASTRO DE CLIENTE
POST => "MIRIAN" Data => "2012-06-15 15:09:54", Cadastrou o Cliente de vale 504850 => "INFORMAÇÕES CADASTRADAS => "11 => 33 => 4 => 0 => 1 => 15/06/2012 => 504850 => 214 => 48277 => 13/06/2012 => VERLANDSON MARINHO DO AMOR DIV => 474243/199 => JAQUELINE DOS SANTOS ABREU ROCHA  => 24800000 => RUA DR ALUISIO MORREIRA => 4 => CS 02 => AMPLIAÇÃO => ITABORAÍ => RJ => 2645-4273 => 9889-3443 =>  => PROX ASSEMBLEIA DE DEUS CENTRAL => 01 => 141876 => ESTANTE MULT BUZIOS HOME C/SUPIMB/PTO =>  =>  =>  =>  =>  =>  =>  =>  =>  =>  =>  =>  =>  =>  =>  =>  =>  =>  =>  =>  =>  =>  =>  =>  =>  =>  =>  =>  =>  =>  =>  =>  =>  =>  =>  =>  =>  =>  => "

-------------------------------
 
CADASTRO DE CLIENTE
POST => "MIRIAN" Data => "2012-06-15 15:48:14", Cadastrou o Cliente de vale 506153 => "INFORMAÇÕES CADASTRADAS => "11 => 12 => 11 => 0 => 0 => 15/06/2012 => 506153 => 212 => 40726 => 15/06/2012 => PEDRO DA SILVA PARANHOS => 235958/199 => EDILSON COUTINHO CRISTIANO LINS => 26116240 => TRAVESSA: ASCENDINA => 149 => BL 08 => JARDIM DIMAS FILHO => BELFORD ROXO => RJ => 2779-4792 =>  =>  => PROX A SUB ESTAÇÃO DA LIGHT VILAR NOVO CONDOMINMIO ASCENDINA => 01 => 136468 => G.ROUPA KAPPS 6P3G INT VIENA TECA/PT =>  =>  =>  =>  =>  =>  =>  =>  =>  =>  =>  =>  =>  =>  =>  =>  =>  =>  =>  =>  =>  =>  =>  =>  =>  =>  =>  =>  =>  =>  =>  =>  =>  =>  =>  =>  =>  =>  => "

-------------------------------
 
CADASTRO DE CLIENTE
POST => "MIRIAN" Data => "2012-06-15 15:55:49", Cadastrou o Cliente de vale 488307 => "INFORMAÇÕES CADASTRADAS => "11 => 12 => 18 => 0 => 0 => 15/06/2012 => 488307 => 180 => 1660 => 15/05/2012 => ADILSON DA SILVA FILADELFO => 36551/199 => NILDA ARAUJO BARZAN => 26600000 => ALZIRA ZARU => 1265 =>  => CENTRO => PARACAMBI => RJ => 3693-4537 =>  =>  => ESSA RUA FICA NA ESTAÇÃO DE LAGES => 01 => 140351 => G.ROUPA N.HORIZ 6P VENUS BR/PTO => 01 => 16377 => CAMA CS N.HORIZ ANGRA PLUS AM/AM/PT =>  =>  =>  =>  =>  =>  =>  =>  =>  =>  =>  =>  =>  =>  =>  =>  =>  =>  =>  =>  =>  =>  =>  =>  =>  =>  =>  =>  =>  =>  =>  =>  =>  =>  =>  =>  => "

-------------------------------
 
ALTERAÇÃO DE CLIENTE
POST => "simone" Data => "2012-06-15 16:31:34", Alterou o Cliente de vale 566849 => "INFORMAÇÕES ALTERADAS => "1 => 3969 => 35 => 24 => 29 => 0 => 2 => 28/05/2012 => 566849 => RE => 566849 => 25/05/2012 =>  =>  => BRUNA DO NASCIMENTO DOMINGOS =>  => AV CANAL 2 => 63 => CASA 2 => COSMOS => RIO DE JANEIRO =>  => 3551-3849 => 9211-0786 =>  => AV CES DE MELO BAIRRO VILAR CARIOCA PROX AO SEGUNDO BRIZOLAO NAS CASINHA BEIRANDO VALAO PROC MARIZETE OU BRUNA => CLIENTE AGENDADO PARA DIA 19/06/2012 PASSAR PARA O MONTADOR A DATA  => 1 => 5728 => MESA GRANITO AUSTRALIA 6C RET OURO => 0 =>  => 0 =>  => 0 =>  => 0 =>  => 0 =>  => 0 =>  => 0 =>  => 0 =>  => 0 =>  => 0 =>  => 0 =>  => 0 =>  => 0 =>  => 0 =>  => 0 =>  => 0 =>  => 0 =>  => 0 =>  => 0 =>  => "

-------------------------------
 
ALTERAÇÃO DE CLIENTE
POST => "simone" Data => "2012-06-15 17:02:20", Alterou o Cliente de vale 562308 => "INFORMAÇÕES ALTERADAS => "1 => 3910 => 35 => 5 => 5 => 0 => 2 => 24/05/2012 => 562308 => 230 => 562308 => 24/05/2012 =>  =>  => SOLANGE MARIA SOUZA CORREA DA PAIXAO =>  => RUA:TRINTA E NOVE => 171 =>  => PACIÊNCIA => RIO DE JANEIRO => RJ => 3354-0749 => 9889-0388 =>  => PEDIDO:84946 =>  => 1 => 138033 => G.ROUPA ARAPLAC 10P ATLAN PLUS TB/AM => 0 =>  => 0 =>  => 0 =>  => 0 =>  => 0 =>  => 0 =>  => 0 =>  => 0 =>  => 0 =>  => 0 =>  => 0 =>  => 0 =>  => 0 =>  => 0 =>  => 0 =>  => 0 =>  => 0 =>  => 0 =>  => 0 =>  => "

-------------------------------
 
CADASTRO DE CLIENTE
POST => "MIRIAN" Data => "2012-06-15 17:11:22", Cadastrou o Cliente de vale 490675 => "INFORMAÇÕES CADASTRADAS => "11 => 21 => 6 => 0 => 0 => 15/06/2012 => 490675 => 237 => 3548 => 18/05/2012 => FLAVIO MONTE DA SILVA => 41980/199 => CRISTIANE SILVA SANTOS => 23094140 => RUA: IVAN PESSOA => 730 => CS 16 => SANTÍSSIMO => RIO DE JANEIRO => RJ =>  =>  =>  => RU PROJETADA A PELA ESTRADA DA POSSE ENTRAR NARUA IVAN PESSOA 730.  => 01 => 6069 => BALCAO C/T ARAMOVEIS LILIAN VD/BR => 01 => 134898 => COZ COMP ARAMOVEIS LILIAN PLUS  BR/PT =>  =>  =>  =>  =>  =>  =>  =>  =>  =>  =>  =>  =>  =>  =>  =>  =>  =>  =>  =>  =>  =>  =>  =>  =>  =>  =>  =>  =>  =>  =>  =>  =>  =>  =>  =>  => "

-------------------------------
 
CADASTRO DE CLIENTE
POST => "MIRIAN" Data => "2012-06-15 17:25:22", Cadastrou o Cliente de vale 468921 => "INFORMAÇÕES CADASTRADAS => "11 => 28 => 7 => 0 => 0 => 15/06/2012 => 468921 => 180 => 280 => 13/04/2012 => ADRIANA DOS REIS MILIONE DOS SANTOS => 8417/199 => DAIANA BATISTA DE MELO => 26266170 => RUA SERGIO SENDER => 497 => CS02 => JARDIM NOVA ERA => NOVA IGUAÇU => RJ => 2767-7734 =>  =>  => PROX SUPER CALIAN PROC JANE => 01 => 16422 => BALC ITAT IGH-97 DAYANE BR/PTO =>  =>  =>  =>  =>  =>  =>  =>  =>  =>  =>  =>  =>  =>  =>  =>  =>  =>  =>  =>  =>  =>  =>  =>  =>  =>  =>  =>  =>  =>  =>  =>  =>  =>  =>  =>  =>  =>  => "

-------------------------------
 
CADASTRO DE CLIENTE
POST => "MIRIAN" Data => "2012-06-15 17:27:08", Cadastrou o Cliente de vale 468922 => "INFORMAÇÕES CADASTRADAS => "11 => 32 => 20 => 0 => 0 => 15/06/2012 => 468922 => 180 => 280 => 13/04/2012 => ADRIANA DOS REIS MILIONE DOS SANTOS => 8432/199 => DAIANA BATISTA DE MELO => 26266170 => RUA SERGIO SENDER => 497 => CS02 => JARDIM NOVA ERA => NOVA IGUAÇU => RJ => 2767-7734 =>  =>  => PROX SUPER CALIAN GOMS PROC JANE => 01 => 100136 => COZINHA ITAT DAYANE BR =>  =>  =>  =>  =>  =>  =>  =>  =>  =>  =>  =>  =>  =>  =>  =>  =>  =>  =>  =>  =>  =>  =>  =>  =>  =>  =>  =>  =>  =>  =>  =>  =>  =>  =>  =>  =>  =>  => "

-------------------------------
