 
ALTERAÇÃO DE CLIENTE
POST => "luciana" Data => "2012-05-05 08:41:13", Alterou o Cliente de vale 477314 => "INFORMAÇÕES ALTERADAS => "1 => 2914 => 5 => 26 => 19 => 0 => 0 => 28/04/2012 => 477314 => 179 => 80 => 26/04/2012 => CAMILA PEREIRA DE OLIVEIRA => 3085 / 199 => REINALDO TRINDADE BATALHA => 25245000 => RUA:RAVENA => LT 54 => QD 02 => PARQUE CAPIVARI => DUQUE DE CAXIAS => RJ => 9978-3414 =>  =>  => PROX A CEDAE DEPOIS DO TREILER DO XANDE AGEND: SEGUNDA 7/05 LUCIANA  =>  => 1 => 135579 => G.ROUPA BP DELTA 3P CHOC/PTO => 0 =>  => 0 =>  => 0 =>  => 0 =>  => 0 =>  => 0 =>  => 0 =>  => 0 =>  => 0 =>  => 0 =>  => 0 =>  => 0 =>  => 0 =>  => 0 =>  => 0 =>  => 0 =>  => 0 =>  => 0 =>  => 0 =>  => "

-------------------------------
 
ALTERAÇÃO DE CLIENTE
POST => "luciana" Data => "2012-05-05 08:43:05", Alterou o Cliente de vale 477314 => "INFORMAÇÕES ALTERADAS => "1 => 2914 => 5 => 33 => 14 => 0 => 0 => 28/04/2012 => 477314 => 179 => 80 => 26/04/2012 => CAMILA PEREIRA DE OLIVEIRA => 3085 / 199 => REINALDO TRINDADE BATALHA => 25245000 => RUA:RAVENA => LT 54 => QD 02 => PARQUE CAPIVARI => DUQUE DE CAXIAS => RJ => 9978-3414 =>  =>  => PROX A CEDAE DEPOIS DO TREILER DO XANDE AGEND: SEGUNDA 7/05 LUCIANA  =>  => 1 => 135579 => G.ROUPA BP DELTA 3P CHOC/PTO => 0 =>  => 0 =>  => 0 =>  => 0 =>  => 0 =>  => 0 =>  => 0 =>  => 0 =>  => 0 =>  => 0 =>  => 0 =>  => 0 =>  => 0 =>  => 0 =>  => 0 =>  => 0 =>  => 0 =>  => 0 =>  => 0 =>  => "

-------------------------------
 
ALTERAÇÃO DE CLIENTE
POST => "luciana" Data => "2012-05-05 08:57:49", Alterou o Cliente de vale 406197 => "INFORMAÇÕES ALTERADAS => "1 => 2711 => 5 => 34 => 14 => 0 => 0 => 16/04/2012 => 406197 => 230 => 82583 => 30/01/2012 => EDMILSON SILVA LUZ => 474016 /199 => GISELE PEREIRA => 23063344 => RUA ARNALDO ROCHA SALAZAR => 25 =>  => INHOAIBA => RIO DEJANEIRO => RJ => 7310-8700 => 8574-8630 =>  => ESTR DO CAMPINHO BAIRRO NOVA CIDADE PROX O CAMPO DA MARIA LUIZA  EPROX PRAÇA DOS EUCALIPTOS => AGENDAMENTO PARA SEXTA 27/04 CLIENTE CIENTE LUCIANA /EM CONTATO COM O MONTADOR O MESMO ALEGA QUE IRA NO LOCAL HOJE 28/4 SUZI  A CLIENTE VAI LIGAR DIRETO PARA O MONTADOR  PARA PASSAR MAIS REFERENCIAS LUCIANA  => 1 => 140391 => G.ROUPA ARAPLAC 8P AUSTRIA TB/BR => 0 =>  => 0 =>  => 0 =>  => 0 =>  => 0 =>  => 0 =>  => 0 =>  => 0 =>  => 0 =>  => 0 =>  => 0 =>  => 0 =>  => 0 =>  => 0 =>  => 0 =>  => 0 =>  => 0 =>  => 0 =>  => 0 =>  => "

-------------------------------
 
ALTERAÇÃO DE CLIENTE
POST => "luciana" Data => "2012-05-05 09:04:46", Alterou o Cliente de vale 406197 => "INFORMAÇÕES ALTERADAS => "1 => 2711 => 5 => 48 => 13 => 0 => 0 => 16/04/2012 => 406197 => 230 => 82583 => 30/01/2012 => EDMILSON SILVA LUZ => 474016 /199 => GISELE PEREIRA => 23063344 => RUA ARNALDO ROCHA SALAZAR => 25 =>  => INHOAIBA => RIO DEJANEIRO => RJ => 7310-8700 => 8574-8630 =>  => ESTR DO CAMPINHO BAIRRO NOVA CIDADE PROX O CAMPO DA MARIA LUIZA  EPROX PRAÇA DOS EUCALIPTOS => AGENDAMENTO PARA SEXTA 27/04 CLIENTE CIENTE LUCIANA /EM CONTATO COM O MONTADOR O MESMO ALEGA QUE IRA NO LOCAL HOJE 28/4 SUZI  A CLIENTE VAI LIGAR DIRETO PARA O MONTADOR  PARA PASSAR MAIS REFERENCIAS LUCIANA  => 1 => 140391 => G.ROUPA ARAPLAC 8P AUSTRIA TB/BR => 0 =>  => 0 =>  => 0 =>  => 0 =>  => 0 =>  => 0 =>  => 0 =>  => 0 =>  => 0 =>  => 0 =>  => 0 =>  => 0 =>  => 0 =>  => 0 =>  => 0 =>  => 0 =>  => 0 =>  => 0 =>  => 0 =>  => "

-------------------------------
 
ALTERAÇÃO DE CLIENTE
POST => "luciana" Data => "2012-05-05 09:07:27", Alterou o Cliente de vale 406197 => "INFORMAÇÕES ALTERADAS => "1 => 2711 => 5 => 23 => 14 => 0 => 0 => 16/04/2012 => 406197 => 230 => 82583 => 30/01/2012 => EDMILSON SILVA LUZ => 474016 /199 => GISELE PEREIRA => 23063344 => RUA ARNALDO ROCHA SALAZAR => 25 =>  => INHOAIBA => RIO DEJANEIRO => RJ => 7310-8700 => 8574-8630 =>  => ESTR DO CAMPINHO BAIRRO NOVA CIDADE PROX O CAMPO DA MARIA LUIZA  EPROX PRAÇA DOS EUCALIPTOS => AGENDAMENTO PARA SEXTA 27/04 CLIENTE CIENTE LUCIANA /EM CONTATO COM O MONTADOR O MESMO ALEGA QUE IRA NO LOCAL HOJE 28/4 SUZI  A CLIENTE VAI LIGAR DIRETO PARA O MONTADOR  PARA PASSAR MAIS REFERENCIAS LUCIANA  => 1 => 140391 => G.ROUPA ARAPLAC 8P AUSTRIA TB/BR => 0 =>  => 0 =>  => 0 =>  => 0 =>  => 0 =>  => 0 =>  => 0 =>  => 0 =>  => 0 =>  => 0 =>  => 0 =>  => 0 =>  => 0 =>  => 0 =>  => 0 =>  => 0 =>  => 0 =>  => 0 =>  => 0 =>  => "

-------------------------------
 
CADASTRO DE CLIENTE
POST => "marta" Data => "2012-05-05 09:08:31", Cadastrou o Cliente de vale 479953 => "INFORMAÇÕES CADASTRADAS => "22 => 22 => 12 => 0 => 0 => 05/04/2012 => 479953 => 204 => 41270 => 02/05/2012 => RICARDO DE JESUS TIMBO => 479953 => EDILSON FERNANDES LIMA =>  => ITALIA,0,CASA LT 4 QD 11 =>  =>  => MARAMBAIA => SAO GONÇALO =>  => 2623-2922 =>  =>  => RUA DO CAFE SERRA NOVA ATRAZ DO MERCADO GIOVANE PROC EDILSON 93505001 => 1 => 140391 => G.ROUPA ARAPLAC 8P AUSTRIA TB/BR =>  =>  =>  =>  =>  =>  =>  =>  =>  =>  =>  =>  =>  =>  =>  =>  =>  =>  =>  =>  =>  =>  =>  =>  =>  =>  =>  =>  =>  =>  =>  =>  =>  =>  =>  =>  =>  =>  => "

-------------------------------
 
ALTERAÇÃO DE CLIENTE
POST => "luciana" Data => "2012-05-05 09:09:54", Alterou o Cliente de vale 477314 => "INFORMAÇÕES ALTERADAS => "1 => 2914 => 5 => 21 => 1 => 0 => 0 => 28/04/2012 => 477314 => 179 => 80 => 26/04/2012 => CAMILA PEREIRA DE OLIVEIRA => 3085 / 199 => REINALDO TRINDADE BATALHA => 25245000 => RUA:RAVENA => LT 54 => QD 02 => PARQUE CAPIVARI => DUQUE DE CAXIAS => RJ => 9978-3414 =>  =>  => PROX A CEDAE DEPOIS DO TREILER DO XANDE AGEND: SEGUNDA 7/05 LUCIANA  =>  => 1 => 135579 => G.ROUPA BP DELTA 3P CHOC/PTO => 0 =>  => 0 =>  => 0 =>  => 0 =>  => 0 =>  => 0 =>  => 0 =>  => 0 =>  => 0 =>  => 0 =>  => 0 =>  => 0 =>  => 0 =>  => 0 =>  => 0 =>  => 0 =>  => 0 =>  => 0 =>  => 0 =>  => "

-------------------------------
 
ALTERAÇÃO DE CLIENTE
POST => "luciana" Data => "2012-05-05 09:10:15", Alterou o Cliente de vale 477314 => "INFORMAÇÕES ALTERADAS => "1 => 2914 => 5 => 28 => 9 => 0 => 0 => 28/04/2012 => 477314 => 179 => 80 => 26/04/2012 => CAMILA PEREIRA DE OLIVEIRA => 3085 / 199 => REINALDO TRINDADE BATALHA => 25245000 => RUA:RAVENA => LT 54 => QD 02 => PARQUE CAPIVARI => DUQUE DE CAXIAS => RJ => 9978-3414 =>  =>  => PROX A CEDAE DEPOIS DO TREILER DO XANDE AGEND: SEGUNDA 7/05 LUCIANA. =>  => 1 => 135579 => G.ROUPA BP DELTA 3P CHOC/PTO => 0 =>  => 0 =>  => 0 =>  => 0 =>  => 0 =>  => 0 =>  => 0 =>  => 0 =>  => 0 =>  => 0 =>  => 0 =>  => 0 =>  => 0 =>  => 0 =>  => 0 =>  => 0 =>  => 0 =>  => 0 =>  => 0 =>  => "

-------------------------------
 
CADASTRO DE CLIENTE
POST => "marta" Data => "2012-05-05 09:10:45", Cadastrou o Cliente de vale 480001 => "INFORMAÇÕES CADASTRADAS => "22 => 26 => 22 => 0 => 0 => 05/05/2012 => 480001 => 250 => 456 => 02/05/2012 => PRISCILA SILVA GOMES => 13109 => NILCEIA APARECIDA LOPES =>  => ARIDIO MARINS,0, CASA QD 122 LT 06 =>  =>  => RIO DA VARZEA => ITABORAI =>  =>  =>  =>  => RUA DO FIDELIS PROC DENILSON => 1 => 135357 => ESTANTE SOMOPAR 23000 IMB/PTO =>  =>  =>  =>  =>  =>  =>  =>  =>  =>  =>  =>  =>  =>  =>  =>  =>  =>  =>  =>  =>  =>  =>  =>  =>  =>  =>  =>  =>  =>  =>  =>  =>  =>  =>  =>  =>  =>  => "

-------------------------------
 
CADASTRO DE CLIENTE
POST => "marta" Data => "2012-05-05 09:13:20", Cadastrou o Cliente de vale 479982 => "INFORMAÇÕES CADASTRADAS => "22 => 40 => 25 => 0 => 0 => 05/05/2012 => 479982 => 204 => 42834 => 02/05/2012 => LEANDRO DE SOUZA CABRAL => 539680 => KATIA DE ALMEIDA PINTO =>  => TRAVESSA LEOPOLDINA VIEIRA => 38 => APTO 704 => ALCANTARA => SAO GONÇALO =>  => 2602-5725 =>  =>  => UMA RUA APOS O HABIBS LADO ESQUERDO NA RUA DO BAR CAOEIRO PRC KATIA => 1 => 16068 => MESA MODECOR BRUNA 4C T.VID BR/PT =>  =>  =>  =>  =>  =>  =>  =>  =>  =>  =>  =>  =>  =>  =>  =>  =>  =>  =>  =>  =>  =>  =>  =>  =>  =>  =>  =>  =>  =>  =>  =>  =>  =>  =>  =>  =>  =>  => "

-------------------------------
 
ALTERAÇÃO DE CLIENTE
POST => "suzi" Data => "2012-05-05 09:16:46", Alterou o Cliente de vale 477640 => "INFORMAÇÕES ALTERADAS => "1 => 2930 => 3 => 20 => 20 => 0 => 0 => 28/04/2012 => 477640 => 179 => 956 => 27/04/2012 => ELAINE COELHO CAVALCANTI BARBO => 21251/199 => JOSE RICARDO CHAVES => 25035050 => RUA: BOA SORTE => 186 => CS 03 => GRAMACHO => DUQUE DE CAXIAS => RJ => 3652-0503 => 8074-0211 =>  => PROX AO LARGO DO BARRETO E AO DEPOSITO DE GAS PROC CARMEN OU RICARDO => AUSENTE DIA 03/05 AS 14:20HS = DISCRIÇÃO: PORTÃO MARRON AO LADO DE UM FERRO VELHO. REAG: PARA 07/05 COM O MONTADOR NÃO CONSEGUI CONTATO COM A CLIENTE PELOS TELEFONES.SUZI => 1 => 141552 => CJ SALA JANTAR ORTIZ VALENCIA 6C AMEN => 0 =>  => 0 =>  => 0 =>  => 0 =>  => 0 =>  => 0 =>  => 0 =>  => 0 =>  => 0 =>  => 0 =>  => 0 =>  => 0 =>  => 0 =>  => 0 =>  => 0 =>  => 0 =>  => 0 =>  => 0 =>  => 0 =>  => "

-------------------------------
 
CADASTRO DE CLIENTE
POST => "marta" Data => "2012-05-05 09:19:54", Cadastrou o Cliente de vale 479232 => "INFORMAÇÕES CADASTRADAS => "22 => 11 => 18 => 0 => 0 => 05/02/2012 => 479232 => 179 => 176320 => 30/04/2012 => CAMILA PEREIRA DE OLIVEIRA => 479232 => SILANE CRISTINA DA FONSECA BRAZ =>  => NOVE LT 01 => 7 => CASA 01 => JARDI, PRIMEIRA => DUQUE DE CAXIAS =>  => 2773-3160 =>  =>  => ENTRAR NA RUA DA ADEMARC PROX AO CAMPINHO PROC SILAINE OU VITORIA => 1 => 138066 => G.ROUPA ARAPLAC 12P DAKAR PLUS TB/AM =>  =>  =>  =>  =>  =>  =>  =>  =>  =>  =>  =>  =>  =>  =>  =>  =>  =>  =>  =>  =>  =>  =>  =>  =>  =>  =>  =>  =>  =>  =>  =>  =>  =>  =>  =>  =>  =>  => "

-------------------------------
 
ALTERAÇÃO DE CLIENTE
POST => "suzi" Data => "2012-05-05 09:22:00", Alterou o Cliente de vale 522762 => "INFORMAÇÕES ALTERADAS => "1 => 2949 => 3 => 28 => 13 => 0 => 2 => 28/04/2012 => 522762 => 179 => 522762 => 27/04/2012 =>  =>  => CAROLINA DAMIANA DO NASCIMENTO =>  => TRAVESSA BRASIL => 13 =>  => VILA SAO LUIS => DUQUE DE CAXIAS => RJ => 3652-0560 => 9533-9545 =>  => AO CAXIAS SHOPPING => 1- PORTA DO MEIO(ESPELHO) MENOR DO QUE O ESPECIFICADO. PASSADO EMAIL PARA ANNE. 05/07 SUZI => 1 => 8372 => G ROUPA BP 3P DUBAY TB / TB AMENDND => 0 =>  => 0 =>  => 0 =>  => 0 =>  => 0 =>  => 0 =>  => 0 =>  => 0 =>  => 0 =>  => 0 =>  => 0 =>  => 0 =>  => 0 =>  => 0 =>  => 0 =>  => 0 =>  => 0 =>  => 0 =>  => 0 =>  => "

-------------------------------
 
CADASTRO DE CLIENTE
POST => "marta" Data => "2012-05-05 09:22:21", Cadastrou o Cliente de vale 479198 => "INFORMAÇÕES CADASTRADAS => "22 => 21 => 15 => 0 => 0 => 05/05/2012 => 479198 => 179 => 135634 => 30/04/2012 => LEONARDO OLIVEIRA DE FREITAS => 479198 => CARLOS ALBERTO DE SOUSA =>  => NARCISO QD 6 => 6 =>  => VILA CANAAN => DUQUE DE CAXIAS =>  =>  =>  =>  => CASA DE ESQUINA AMARELO COM MARROM PROX DA MERCADO ZE PORTUGUE PROC => 1 => 8372 => G.ROUPA BP 3P DUBAY TB/BR/MP =>  =>  =>  =>  =>  =>  =>  =>  =>  =>  =>  =>  =>  =>  =>  =>  =>  =>  =>  =>  =>  =>  =>  =>  =>  =>  =>  =>  =>  =>  =>  =>  =>  =>  =>  =>  =>  =>  => "

-------------------------------
 
ALTERAÇÃO DE CLIENTE
POST => "suzi" Data => "2012-05-05 09:22:52", Alterou o Cliente de vale 477298 => "INFORMAÇÕES ALTERADAS => "1 => 2911 => 3 => 14 => 25 => 0 => 0 => 28/04/2012 => 477298 => 179 => 177423 => 26/04/2012 => VANDERSON MARQUES DOS SANTOS => 1272/199 => ROBERTO PESSANHA ADAO => 25065010 => RUA: SÃO JOSÉ => 13 =>  => VILA SÃO LUÍS => DUQUE DE CAXIAS => RJ => 2674-9559 => 8426-6955 =>  => PROX A SKOL E CAXIAS SHOPPING => MONTAGEM EFETUADA 02/05. SUZI => 1 => 99059 => ARM ITAT MAD IG HT-105 TEC BR/PT/LA => 1 => 10826 => ARM ITAT MAD.IPH1G-70 TECNO PTO /LAC => 0 =>  => 0 =>  => 0 =>  => 0 =>  => 0 =>  => 0 =>  => 0 =>  => 0 =>  => 0 =>  => 0 =>  => 0 =>  => 0 =>  => 0 =>  => 0 =>  => 0 =>  => 0 =>  => 0 =>  => 0 =>  => "

-------------------------------
 
CADASTRO DE CLIENTE
POST => "marta" Data => "2012-05-05 09:25:49", Cadastrou o Cliente de vale 479130 => "INFORMAÇÕES CADASTRADAS => "22 => 31 => 30 => 0 => 0 => 05/05/2012 => 479130 => 179 => 3354 => 30/04/2012 => ROBSON CARVALHO LOPES => 17849 => MARIA DE FATIMA RODRIGUES CONSTANTINO O REGO =>  => SANTA ROSA  => 155 => CASA 01 => PARQUE DO AMORIM => BELFORD ROXO =>  => 3242-8708 =>  =>  => RUA SEM SAIDA BEIRANDO O VALAO ENTRAR NA RUA DO MERCADO UNIDOS DO PARQUE AMORIM PROC POR PEDRO CESAR => 1 => 164419 => COZ ARAMOVEIS LILIAN PLUS BR/VD =>  =>  =>  =>  =>  =>  =>  =>  =>  =>  =>  =>  =>  =>  =>  =>  =>  =>  =>  =>  =>  =>  =>  =>  =>  =>  =>  =>  =>  =>  =>  =>  =>  =>  =>  =>  =>  =>  => "

-------------------------------
 
ALTERAÇÃO DE CLIENTE
POST => "suzi" Data => "2012-05-05 09:35:18", Alterou o Cliente de vale 477640 => "INFORMAÇÕES ALTERADAS => "1 => 2930 => 3 => 21 => 27 => 0 => 0 => 28/04/2012 => 477640 => 179 => 956 => 27/04/2012 => ELAINE COELHO CAVALCANTI BARBO => 21251/199 => JOSE RICARDO CHAVES => 25035050 => RUA: BOA SORTE => 186 => CS 03 => GRAMACHO => DUQUE DE CAXIAS => RJ => 3652-0503 => 8074-0211 =>  => PROX AO LARGO DO BARRETO E AO DEPOSITO DE GAS PROC CARMEN OU RICARDO => AUSENTE DIA 03/05 AS 14:20HS = DISCRIÇÃO: PORTÃO MARRON AO LADO DE UM FERRO VELHO. REAG: PARA 07/05 COM O MONTADOR NÃO CONSEGUI CONTATO COM A CLIENTE PELOS TELEFONES.SUZI => 1 => 141552 => CJ SALA JANTAR ORTIZ VALENCIA 6C AMEN => 0 =>  => 0 =>  => 0 =>  => 0 =>  => 0 =>  => 0 =>  => 0 =>  => 0 =>  => 0 =>  => 0 =>  => 0 =>  => 0 =>  => 0 =>  => 0 =>  => 0 =>  => 0 =>  => 0 =>  => 0 =>  => 0 =>  => "

-------------------------------
 
ALTERAÇÃO DE CLIENTE
POST => "luciana" Data => "2012-05-05 09:50:55", Alterou o Cliente de vale 521122 => "INFORMAÇÕES ALTERADAS => "1 => 2264 => 5 => 28 => 13 => 0 => 2 => 02/04/2012 => 521122 => 245 => 521122 => 02/04/2012 =>  =>  => VERA LUCIA VILA BOAS DOS SANTOS =>  => JORNALISTA BUENO FILHO => 78 => AP 202 BL 01 => TAQUARA => RIO DE JANEIRO => RJ => 9658-8305 => 3342-8957 =>  => FICA ATRAS DO POSTO DE SAUDEDE GASOLINA DA MERCK AGEND: SEGUNDA 7/05 LUCIANA  =>  => 1 => 16419 => COZ. COMP ARAMOVEIS LILIAN PLUS BR/VD => 0 =>  => 0 =>  => 0 =>  => 0 =>  => 0 =>  => 0 =>  => 0 =>  => 0 =>  => 0 =>  => 0 =>  => 0 =>  => 0 =>  => 0 =>  => 0 =>  => 0 =>  => 0 =>  => 0 =>  => 0 =>  => 0 =>  => "

-------------------------------
 
ALTERAÇÃO DE CLIENTE
POST => "suzi" Data => "2012-05-05 09:56:13", Alterou o Cliente de vale 445354 => "INFORMAÇÕES ALTERADAS => "1 => 1700 => 3 => 17 => 21 => 0 => 0 => 21/03/2012 => 445354 => 179 => 152684 => 19/03/2012 => RONALDO BARBOSA DE MOURA => 485989/199 => GISELE SIQUEIRA COSTA =>  => JOAO RIBEIRO => 916 => CASA 02 => VILA CENTENARIO => DUQUE DE CAXIAS => RJ => 2652-8415 =>  =>  => NA RUA DO CASTELO DAS FESTAS. => CLIENTE NÃO ATENDE O TEL AS 12:02.CLIENTE NÃO ATENDE O TEL AS 15:16 PARA CONFIRMAR O AGENDAMENTO DA MONTAGEM NO DIA 17/04/2012.SIMONE ( MONTAGEM EFETUADA POR MONTADOR DA RICARDO ELETRO EM MARÇO). => 1 => 139540 => BALCAO ITAT .120CM SUPREMA NOG/S LAC => 0 =>  => 0 =>  => 0 =>  => 0 =>  => 0 =>  => 0 =>  => 0 =>  => 0 =>  => 0 =>  => 0 =>  => 0 =>  => 0 =>  => 0 =>  => 0 =>  => 0 =>  => 0 =>  => 0 =>  => 0 =>  => 0 =>  => "

-------------------------------
 
ALTERAÇÃO DE CLIENTE
POST => "suzi" Data => "2012-05-05 10:41:14", Alterou o Cliente de vale 479953 => "INFORMAÇÕES ALTERADAS => "1 => 3048 => 3 => 25 => 18 => 0 => 0 => 05/04/2012 => 479953 => 204 => 41270 => 02/05/2012 => RICARDO DE JESUS TIMBO => 479953 => EDILSON FERNANDES LIMA =>  => ITALIA,0,CASA LT 4 QD 11 =>  =>  => MARAMBAIA => SAO GONÇALO =>  => 2623-2922 =>  =>  => RUA DO CAFE SERRA NOVA ATRAZ DO MERCADO GIOVANE PROC EDILSON 93505001 => PASSADO POR TELEFONE PARA ADELINO E O MESMO VAI NO LOCAL DIA 07/5. => 1 => 140391 => G.ROUPA ARAPLAC 8P AUSTRIA TB/BR => 0 =>  => 0 =>  => 0 =>  => 0 =>  => 0 =>  => 0 =>  => 0 =>  => 0 =>  => 0 =>  => 0 =>  => 0 =>  => 0 =>  => 0 =>  => 0 =>  => 0 =>  => 0 =>  => 0 =>  => 0 =>  => 0 =>  => "

-------------------------------
 
CADASTRO DE CLIENTE
POST => "luciana" Data => "2012-05-05 10:42:33", Cadastrou o Cliente de vale 16511 => "INFORMAÇÕES CADASTRADAS => "5 => 21 => 29 => 0 => 0 => 13/04/2012 => 16511 => 251 => 535207 => 13/04/2012 =>  =>  => LUZIA CLEA ROLIMBARBOSA  =>  => GUSTAVO DE ANDRADE => 271 => APT302 => Irajá => Rio de Janeiro =>  => 2475-6307 =>  =>  =>  => 01 => 16068 => MESA MODECOR BRUNA 4C T.VID BR/PT =>  =>  =>  =>  =>  =>  =>  =>  =>  =>  =>  =>  =>  =>  =>  =>  =>  =>  =>  =>  =>  =>  =>  =>  =>  =>  =>  =>  =>  =>  =>  =>  =>  =>  =>  =>  =>  =>  => "

-------------------------------
 
ALTERAÇÃO DE CLIENTE
POST => "luciana" Data => "2012-05-05 10:44:47", Alterou o Cliente de vale 16511 => "INFORMAÇÕES ALTERADAS => "1 => 3054 => 5 => 20 => 20 => 0 => 2 => 13/04/2012 => 16511 => 251 => 535207 => 13/04/2012 =>  =>  => LUZIA CLEA ROLIMBARBOSA =>  => GUSTAVO DE ANDRADE => 271 => APT302 => IRAJÁ => RIO DE JANEIRO =>  => 2475-6307 =>  =>  => AGEND: SABADO 5/05 LUCIANA  =>  => 1 => 16068 => MESA MODECOR BRUNA 4C T.VID BR/PT => 0 =>  => 0 =>  => 0 =>  => 0 =>  => 0 =>  => 0 =>  => 0 =>  => 0 =>  => 0 =>  => 0 =>  => 0 =>  => 0 =>  => 0 =>  => 0 =>  => 0 =>  => 0 =>  => 0 =>  => 0 =>  => 0 =>  => "

-------------------------------
 
ALTERAÇÃO DE CLIENTE
POST => "luciana" Data => "2012-05-05 10:47:01", Alterou o Cliente de vale 16511 => "INFORMAÇÕES ALTERADAS => "1 => 3054 => 5 => 22 => 17 => 0 => 2 => 13/04/2012 => 16511 => 251 => 535207 => 13/04/2012 =>  =>  => LUZIA CLEA ROLIMBARBOSA =>  => GUSTAVO DE ANDRADE => 271 => APT302 => IRAJÁ => RIO DE JANEIRO =>  => 2475-6307 =>  =>  => AGEND: SABADO 5/05 LUCIANA  =>  => 1 => 16068 => MESA MODECOR BRUNA 4C T.VID BR/PT => 0 =>  => 0 =>  => 0 =>  => 0 =>  => 0 =>  => 0 =>  => 0 =>  => 0 =>  => 0 =>  => 0 =>  => 0 =>  => 0 =>  => 0 =>  => 0 =>  => 0 =>  => 0 =>  => 0 =>  => 0 =>  => 0 =>  => "

-------------------------------
 
ALTERAÇÃO DE CLIENTE
POST => "luciana" Data => "2012-05-05 10:51:19", Alterou o Cliente de vale 480064 => "INFORMAÇÕES ALTERADAS => "1 => 2995 => 5 => 28 => 15 => 0 => 0 => 03/05/2012 => 480064 => 208 => 36540 => 02/05/2012 => MARCIA CLEIA DO NASCIMENTO => 916 / 199 => CREUZA MARIA FERREIRA DE SANTANA => 21745310 => RUA: ALMEIDA E SOUSA => 250 => CASA => MAGALHÃES BASTOS => RIO DE JANEIRO => RJ => 2301-2663 =>  =>  => CLIENTE NÃO ATENDE O TEL DIA 5/05 AS 10:53HS PARA CONFIRMAR ATENDIMENTO PARA SEGUNDA 7/05 LUCIANA  =>  => 1 => 16068 => MESA MODECOR BRUNA 4C T.VID BR/PT => 0 =>  => 0 =>  => 0 =>  => 0 =>  => 0 =>  => 0 =>  => 0 =>  => 0 =>  => 0 =>  => 0 =>  => 0 =>  => 0 =>  => 0 =>  => 0 =>  => 0 =>  => 0 =>  => 0 =>  => 0 =>  => 0 =>  => "

-------------------------------
 
CADASTRO DE CLIENTE
POST => "marta" Data => "2012-05-05 10:52:18", Cadastrou o Cliente de vale 479647 => "INFORMAÇÕES CADASTRADAS => "22 => 31 => 24 => 0 => 0 => 05/05/2012 => 479647 => 179 => 177355 => 02/05/2012 => DANIELA GOMES BARBOSA => 479647 => ANNE CAROLINE DA CRUZ GOMES =>  => ARAO REIS LT 11 QD 81 => 2 =>  => JARDIM OLAVO BILAC => DUQUE DE CAXIAS =>  => 7906-8449 =>  =>  => PROX A TOCA DO SIRI PROC ANNE ENTREGAR PREFERECIA DIADE SABADO => 1 => 8981 => G. ROUPA MOVAL 6P40065 COL PLUS TB/M =>  =>  =>  =>  =>  =>  =>  =>  =>  =>  =>  =>  =>  =>  =>  =>  =>  =>  =>  =>  =>  =>  =>  =>  =>  =>  =>  =>  =>  =>  =>  =>  =>  =>  =>  =>  =>  =>  => "

-------------------------------
 
CADASTRO DE CLIENTE
POST => "marta" Data => "2012-05-05 10:55:05", Cadastrou o Cliente de vale 479414 => "INFORMAÇÕES CADASTRADAS => "22 => 35 => 21 => 0 => 0 => 05/05/2012 => 479414 => 179 => 166585 => 02/05/2012 => LEONARDO OLIVEIRA DE FREITAS => 503680 => ADILSON DE OLIVEIRA BRAGA =>  => PRACA OLAVO BILAC,0, LT 05 QD 02 =>  =>  => JARDIM OLAVO BILAC => DUQUE DE CAXIAS =>  => 2751-1260 =>  =>  => PROX DA PRAÇA OLAVO BILAC CAA COLADA COM A ANTIGA FABRICA DE CARVAL PROX DO CIEP PROC AMILTON DE OLIVEIRA BRAGA CAROTA => 1 => 140391 => G.ROUPA ARAPLAC 8P AUSTRIA TB/BR =>  =>  =>  =>  =>  =>  =>  =>  =>  =>  =>  =>  =>  =>  =>  =>  =>  =>  =>  =>  =>  =>  =>  =>  =>  =>  =>  =>  =>  =>  =>  =>  =>  =>  =>  =>  =>  =>  => "

-------------------------------
 
CADASTRO DE CLIENTE
POST => "marta" Data => "2012-05-05 11:04:24", Cadastrou o Cliente de vale 479921 => "INFORMAÇÕES CADASTRADAS => "22 => 20 => 8 => 0 => 0 => 05/05/2012 => 479921 => 282 => 10741 => 02/05/2012 => MARIA LUCINETE AVELINO DUARTE => 519287 => VANESSA BARROS JORGE =>  => JORNALISTA BRENO RENATA PLUS BR PTO => 110 => CASA => GRARATIBA  => RIO DE JANEIRO =>  => 3305-1211 =>  =>  => ENTRADA NA RUA DO BRIZOLAO PROXIMO DA ACADEMIA DO JOAQUIM 8576 0670 VANESSA => 1 => 135481 => COZ KIPLAC RENATA PLUS BR/PTO =>  =>  =>  =>  =>  =>  =>  =>  =>  =>  =>  =>  =>  =>  =>  =>  =>  =>  =>  =>  =>  =>  =>  =>  =>  =>  =>  =>  =>  =>  =>  =>  =>  =>  =>  =>  =>  =>  => "

-------------------------------
 
CADASTRO DE CLIENTE
POST => "marta" Data => "2012-05-05 11:07:53", Cadastrou o Cliente de vale 480017 => "INFORMAÇÕES CADASTRADAS => "22 => 26 => 21 => 0 => 0 => 05/05/2012 => 480017 => 179 => 46 => 02/05/2012 => RONALDO ARBOSA DE MOURA => 4795 => JOSE MARIA MOREIRA TEXEIRA =>  => CAPORORO,0,LT 23 QD 32 =>  =>  => JARDIM EAL  => DUQUE DE CAXIAS =>  => 2783-0691 =>  =>  => ENTRAR PELO GRAMACHO SEGUIR PEDRO LESSA ATE BRIZOLAO RUA ATRAS DO BRIZOLAO ANTIGA RUA VERA PROC MAIARA  => 1 => 139576 => G ROUPA IRMOL 2P APOLO CHOC/IMB/MP =>  =>  =>  =>  =>  =>  =>  =>  =>  =>  =>  =>  =>  =>  =>  =>  =>  =>  =>  =>  =>  =>  =>  =>  =>  =>  =>  =>  =>  =>  =>  =>  =>  =>  =>  =>  =>  =>  => "

-------------------------------
 
CADASTRO DE CLIENTE
POST => "luciana" Data => "2012-05-05 11:11:31", Cadastrou o Cliente de vale 471284 => "INFORMAÇÕES CADASTRADAS => "5 => 18 => 16 => 0 => 0 => 05/05/2012 => 471284 => 243 => 826 => 17/04/2012 => VANESSA DOMINGUES FERREIRA  => 11907/199 => ELIANE FRAZAO CAVALCANTI => 26088040 => TRAVESSA CARLOS SAMPAIO => 27 =>  => VILA GUIMARAES => Nova Iguaçu =>  => 7835-6877 =>  =>  => CONFIRMEI LEANDRO PARA QUINTA FEIRA 10/05 LUCIANA  => 01 => 139533 => KIT ITAT.MAD PRIMOR 4 P /1G NOG/S LAC =>  =>  =>  =>  =>  =>  =>  =>  =>  =>  =>  =>  =>  =>  =>  =>  =>  =>  =>  =>  =>  =>  =>  =>  =>  =>  =>  =>  =>  =>  =>  =>  =>  =>  =>  =>  =>  =>  => "

-------------------------------
 
CADASTRO DE CLIENTE
POST => "marta" Data => "2012-05-05 11:11:53", Cadastrou o Cliente de vale 480110 => "INFORMAÇÕES CADASTRADAS => "22 => 40 => 31 => 0 => 0 => 05/05/2012 => 480110 => 179 => 176023 => 02/05/2012 => LEONARDO OLIVIRA DE FREITAS => 539069 => JAQUELINE LIMA DE CASTRO SILVA =>  => PARAPEUNA => 512 =>  => CHACARAS MARIA HELENA => DUQUE DE CAXIAS =>  => 3655-2547 =>  =>  => GARAGEM DA TREL ESQUINA COM CAMPO ESTRELA PROC JAQUELINE OU CLAUIO => 1 => 138033 => G.ROUPA ARAPLAC 10P ATLAN PLUS TB/AM =>  =>  =>  =>  =>  =>  =>  =>  =>  =>  =>  =>  =>  =>  =>  =>  =>  =>  =>  =>  =>  =>  =>  =>  =>  =>  =>  =>  =>  =>  =>  =>  =>  =>  =>  =>  =>  =>  => "

-------------------------------
 
CADASTRO DE CLIENTE
POST => "marta" Data => "2012-05-05 11:15:34", Cadastrou o Cliente de vale 480127 => "INFORMAÇÕES CADASTRADAS => "22 => 32 => 23 => 0 => 0 => 05/05/2012 => 480127 => 179 => 3934 => 02/05/212 => ROBSON CARVALHO LOPES => 18450 => ELIANE SOLEDADE DA SILVA =>  => SAO UIS 0 LT 9 QD B =>  =>  => CIDADE DOS MENINOS => DUQUE DE CAXIAS =>  => 9106-0962 => 3024-9012 =>  => NA RUA EM FRENTE DO CIEP CORA CORALINA PROC POR DONA ANA OU ALIAE  => 1 => 139500 => ARM.ITAT.3P PREMIUM BR => 1 => 16422 => BALC ITAT IGH-97 DAYANE BR/PTO => 1 => 139502 => ARM.ITAT.GEL 2P PREMIUM BR =>  =>  =>  =>  =>  =>  =>  =>  =>  =>  =>  =>  =>  =>  =>  =>  =>  =>  =>  =>  =>  =>  =>  =>  =>  =>  =>  =>  =>  =>  =>  =>  =>  =>  => "

-------------------------------
 
CADASTRO DE CLIENTE
POST => "marta" Data => "2012-05-05 11:20:00", Cadastrou o Cliente de vale 480128 => "INFORMAÇÕES CADASTRADAS => "22 => 27 => 21 => 0 => 1 => 05/05/2012 => 480128 => 203 => 75768 => 02/05/2012 => ELCIO NEVES DO NASCIENTO => 450281 => ANA LUCIA CRUZ RODRIGUES =>  => OLIVEIRA SERPA => 34 => CASA 02APTO 101 => MARIA DA GRAÇA => RIO DE JANEIRO =>  => 3279-1973 =>  =>  => FINAL DA RUA FERREIRA DE ANDRADE E CONDE AAMBUJA => 1 => 140094 => G.ROUPA BERGAMO 5P LISBOA IMB/PTO =>  =>  =>  =>  =>  =>  =>  =>  =>  =>  =>  =>  =>  =>  =>  =>  =>  =>  =>  =>  =>  =>  =>  =>  =>  =>  =>  =>  =>  =>  =>  =>  =>  =>  =>  =>  =>  =>  => "

-------------------------------
 
CADASTRO DE CLIENTE
POST => "marta" Data => "2012-05-05 11:25:22", Cadastrou o Cliente de vale 480815 => "INFORMAÇÕES CADASTRADAS => "22 => 11 => 14 => 2 => 0 => 05/05/2012 => 480815 => 168 => 18772 => 03/05/212 => ELIMAR ALVES OLIVEIRA => 1103 => PAULO ROBERTO SRGIO DA SILVA =>  => NOVA  => 100 =>  => BARROS FILHO => RIO DE JANEIRO =>  =>  =>  =>  =>  => 1 => 2948 => BALCAO C/T KIPLAC RENATA BR/VD =>  =>  =>  =>  =>  =>  =>  =>  =>  =>  =>  =>  =>  =>  =>  =>  =>  =>  =>  =>  =>  =>  =>  =>  =>  =>  =>  =>  =>  =>  =>  =>  =>  =>  =>  =>  =>  =>  => "

-------------------------------
 
CADASTRO DE CLIENTE
POST => "marta" Data => "2012-05-05 11:28:58", Cadastrou o Cliente de vale 480812 => "INFORMAÇÕES CADASTRADAS => "22 => 20 => 6 => 2 => 0 => 05/05/2012 => 480812 => 171 => 29683 => 03/05/2012 => SHIRLENE VALESCA SILVA => 89224 => LUIZ CLAUDIO DE SOUZA LEITE =>  => ESTRADA DO VIEGAS  => 76 => CASA => SENADOE CAMARA => RIO DE JANEIRO =>  => 3469-9064 =>  =>  => PADARIA DO ARI PRC DONA EDNA OU SEHOR JUCA => 1 => 8981 => G. ROUPA MOVAL 6P40065 COL PLUS TB/M =>  =>  =>  =>  =>  =>  =>  =>  =>  =>  =>  =>  =>  =>  =>  =>  =>  =>  =>  =>  =>  =>  =>  =>  =>  =>  =>  =>  =>  =>  =>  =>  =>  =>  =>  =>  =>  =>  => "

-------------------------------
 
CADASTRO DE CLIENTE
POST => "marta" Data => "2012-05-05 11:32:18", Cadastrou o Cliente de vale 480810 => "INFORMAÇÕES CADASTRADAS => "22 => 5 => 29 => 2 => 0 => 05/05/2012 => 480810 => 168 => 17590 => 03/05/2012 => EDILBERTO DOS SANTOS MACHADO => 558938 => BERLANDIA MARIA PEREIRA SARMENTO SOUSA =>  => HELIO DO AMARAL  => 463 => APTO 101 => REALENGO => RIO DE JANEIRO =>  => 8818-0363 =>  =>  => AV BRASIL SETIDO SANTA CRUZ APOS O MOTEL NEW STAR PRIMEIRA A DIREITA PROC POR SR ERLANDIA OU RAIELO => 1 => 20222 => CAMA TCIL MIRAGE BIBOX TB/BR/MP =>  =>  =>  =>  =>  =>  =>  =>  =>  =>  =>  =>  =>  =>  =>  =>  =>  =>  =>  =>  =>  =>  =>  =>  =>  =>  =>  =>  =>  =>  =>  =>  =>  =>  =>  =>  =>  =>  => "

-------------------------------
 
CADASTRO DE CLIENTE
POST => "marta" Data => "2012-05-05 11:36:24", Cadastrou o Cliente de vale 480811 => "INFORMAÇÕES CADASTRADAS => "22 => 15 => 17 => 2 => 0 => 05/05/2012 => 480811 => 168 => 480811 => 03/05/2012 => EDILBERTO DOS SANTOS MACHADO =>  => BERLANDIA MARIA PEREIRA SARMENTO SOUSA =>  => HELIO DO AMARAL BL 14 => 463 => APTO 101 => REALENGO => RIO DE JANEIRO =>  => 8818-0363 =>  =>  => AV BRASIL SENTIDO SANTA CRUZ APOS O MOTEL NEW STAR PRIMEIRA DIREITA PROC POR SR BERLANDIA OU RAILSON => 1 => 8981 => G. ROUPA MOVAL 6P40065 COL PLUS TB/M =>  =>  =>  =>  =>  =>  =>  =>  =>  =>  =>  =>  =>  =>  =>  =>  =>  =>  =>  =>  =>  =>  =>  =>  =>  =>  =>  =>  =>  =>  =>  =>  =>  =>  =>  =>  =>  =>  => "

-------------------------------
 
CADASTRO DE CLIENTE
POST => "marta" Data => "2012-05-05 11:40:24", Cadastrou o Cliente de vale 480787 => "INFORMAÇÕES CADASTRADAS => "22 => 21 => 15 => 2 => 0 => 05/05/2012 => 480787 => 167 => 22420 => 03/05/2012 => JAQUELINE MANGHI => 102493 => JOAO RIBEIRO DA COSTA =>  => AV. PREIDENTE BRANCO => 296 => CASA 2 ANDAR => MARACANA => RIO DE JANEIRO =>  => 8666-9407 =>  =>  => ANTES DA ENTREGA DA ESTAÇÃO DA MANGUEIRA PROX SR LUIZ DO RADIADOR => 1 => 138033 => G.ROUPA ARAPLAC 10P ATLAN PLUS TB/AM =>  =>  =>  =>  =>  =>  =>  =>  =>  =>  =>  =>  =>  =>  =>  =>  =>  =>  =>  =>  =>  =>  =>  =>  =>  =>  =>  =>  =>  =>  =>  =>  =>  =>  =>  =>  =>  =>  => "

-------------------------------
 
CADASTRO DE CLIENTE
POST => "marta" Data => "2012-05-05 11:43:28", Cadastrou o Cliente de vale 480875 => "INFORMAÇÕES CADASTRADAS => "22 => 23 => 12 => 2 => 0 => 05/05/2012 => 480875 => 208 => 15624 => 03/05/2012 => MARIA CLEIA DO NASCIMENTO => 68255 => CIRLEIA SILVA FERREIRA DE OLIVEIRA =>  => CAMINHO DA CHACRIHA => 526 => CASA => PRAÇA SECA => RIO DE JANEIRO =>  => 2435-2473 => 8789-1701 =>  => EM FRENTE A CEDAE PROC DONA NEIA DEP 06 PCS => 1 => 8488 => G.ROUPA ARAMOVEIS 3P 4149 TB/BR =>  =>  =>  =>  =>  =>  =>  =>  =>  =>  =>  =>  =>  =>  =>  =>  =>  =>  =>  =>  =>  =>  =>  =>  =>  =>  =>  =>  =>  =>  =>  =>  =>  =>  =>  =>  =>  =>  => "

-------------------------------
 
CADASTRO DE CLIENTE
POST => "marta" Data => "2012-05-05 11:46:31", Cadastrou o Cliente de vale 243346 => "INFORMAÇÕES CADASTRADAS => "22 => 29 => 13 => 2 => 0 => 05/05/2012 => 243346 => 169 => 63065 => 12/08/2011 => ROSANA SOUZA MONTEIRO => 260416 => ODIVALDO CAMBRAIA ALVES =>  => ARAXA  => 503 => 102 => GRAJAU => RIO DE JANEIRO =>  => 2576-3961 => 8709-1603 =>  => PROX AO RESTAURANTE DOM MANOEL => 1 => 140391 => G.ROUPA ARAPLAC 8P AUSTRIA TB/BR =>  =>  =>  =>  =>  =>  =>  =>  =>  =>  =>  =>  =>  =>  =>  =>  =>  =>  =>  =>  =>  =>  =>  =>  =>  =>  =>  =>  =>  =>  =>  =>  =>  =>  =>  =>  =>  =>  => "

-------------------------------
 
CADASTRO DE CLIENTE
POST => "marta" Data => "2012-05-05 11:48:31", Cadastrou o Cliente de vale 480816 => "INFORMAÇÕES CADASTRADAS => "22 => 20 => 30 => 2 => 0 => 05/05/2012 => 480816 => 173 => 27352 => 03/05/2012 => MARIANA DA SILVA MARIHO => 325754 => EDUARDO AUGOSTINHO =>  => OITENTA E DOIS => 272 => CASA => GALEAO => RIO DE JANEIRO =>  => 3368-9675 =>  =>  => PROXIMO AO CAMPO DA LAGOA => 1 => 135251 => G.ROUPA FRITZ 6P DANY TB/BR =>  =>  =>  =>  =>  =>  =>  =>  =>  =>  =>  =>  =>  =>  =>  =>  =>  =>  =>  =>  =>  =>  =>  =>  =>  =>  =>  =>  =>  =>  =>  =>  =>  =>  =>  =>  =>  =>  => "

-------------------------------
 
CADASTRO DE CLIENTE
POST => "marta" Data => "2012-05-05 11:51:27", Cadastrou o Cliente de vale 480819 => "INFORMAÇÕES CADASTRADAS => "22 => 24 => 26 => 2 => 0 => 05/05/2012 => 480819 => 175 => 24385 => 03/05/2012 => FERNANDO OTTOLII DA COSTA => 236739 => MARIA DO S DA SILVA P =>  => EUNICE RODRIGUES => 7 => CASA B => SAO CRISTOVAO => RIO DE JANEIRO =>  => 2580-3886 =>  =>  => BARREIRA DO VASCO FALAR COM VANESSA => 1 => 138033 => G.ROUPA ARAPLAC 10P ATLAN PLUS TB/AM =>  =>  =>  =>  =>  =>  =>  =>  =>  =>  =>  =>  =>  =>  =>  =>  =>  =>  =>  =>  =>  =>  =>  =>  =>  =>  =>  =>  =>  =>  =>  =>  =>  =>  =>  =>  =>  =>  => "

-------------------------------
 
ALTERAÇÃO DE CLIENTE
POST => "luciana" Data => "2012-05-05 12:01:51", Alterou o Cliente de vale 477314 => "INFORMAÇÕES ALTERADAS => "1 => 2914 => 5 => 8 => 30 => 0 => 0 => 28/04/2012 => 477314 => 179 => 80 => 26/04/2012 => CAMILA PEREIRA DE OLIVEIRA => 3085 / 199 => REINALDO TRINDADE BATALHA => 25245000 => RUA:RAVENA => LT 54 => QD 02 => PARQUE CAPIVARI => DUQUE DE CAXIAS => RJ => 9978-3414 => 9174-7200 =>  => PROX A CEDAE DEPOIS DO TREILER DO XANDE AGEND: SEGUNDA 7/05 pegar ficha com  JOSE CARLOS RIBEIRO ALVES LUCIANA. =>  => 1 => 135579 => G.ROUPA BP DELTA 3P CHOC/PTO => 0 =>  => 0 =>  => 0 =>  => 0 =>  => 0 =>  => 0 =>  => 0 =>  => 0 =>  => 0 =>  => 0 =>  => 0 =>  => 0 =>  => 0 =>  => 0 =>  => 0 =>  => 0 =>  => 0 =>  => 0 =>  => 0 =>  => "

-------------------------------
