 
ALTERAÇÃO DE CLIENTE
POST => "MIRIAN" Data => "2012-08-27 09:35:01", Alterou o Cliente de vale 337707 => "INFORMAÇÕES ALTERADAS => "1 => 5045 => 11 => 16 => 19 => 2 => 0 => 23/08/2012 => 337707 => 175 => 30683 => 25/11/2011 => MARCO AURELIO OLIVEIRA DOS SANTOS => 376618/199 => WALDETE DA SILVA DOS SANTOS => 20521110 => RUA: FRANCISCO GRAÇA => 81 => CS 27 => TIJUCA => RIO DE JANEIRO => RJ => 3978-2143 =>  =>  => COMUNIDADE DO SALGUEIRO ACIMA DA QUADRA RAIZES DA TIJUCA PROC NAYSE => ag.27/08/12. => 1 => 136543 => COZINHA  LUCIANE DAKAR CHAMP/NOG => 0 =>  => 0 =>  => 0 =>  => 0 =>  => 0 =>  => 0 =>  => 0 =>  => 0 =>  => 0 =>  => 0 =>  => 0 =>  => 0 =>  => 0 =>  => 0 =>  => 0 =>  => 0 =>  => 0 =>  => 0 =>  => 0 =>  => "

-------------------------------
 
CADASTRO DE CLIENTE
POST => "MIRIAN" Data => "2012-08-27 09:39:15", Cadastrou o Cliente de vale 548673 => "INFORMAÇÕES CADASTRADAS => "11 => 21 => 19 => 0 => 0 => 23/08/2012 => 548673 => 203 => 12026 => 23/08/2012 => JORGE FRANCISCO OLIVEIRA ALVES => 109377/199 => YASMIN DE FREITAS CABRAL => 22790710 => AVENIDA: ALFREDO BALTAZAR DA SILVEIRA => 419 => BL 01 AP 1602 => RECREIO DOS BANDEIRANTES => RIO DE JANEIRO => RJ => 6963-2945 =>  =>  => CONDOMINIO BARRA BALI EM FRENTE AO BARRA WORLD => 01 => 138033 => G.ROUPA ARAPLAC 10P ATLAN PLUS TB/AM =>  =>  =>  =>  =>  =>  =>  =>  =>  =>  =>  =>  =>  =>  =>  =>  =>  =>  =>  =>  =>  =>  =>  =>  =>  =>  =>  =>  =>  =>  =>  =>  =>  =>  =>  =>  =>  =>  => "

-------------------------------
 
CADASTRO DE CLIENTE
POST => "MIRIAN" Data => "2012-08-27 09:56:53", Cadastrou o Cliente de vale 549076 => "INFORMAÇÕES CADASTRADAS => "11 => 16 => 5 => 0 => 0 => 27/08/2012 => 549076 => 179 => 25876 => 23/08/2012 => LENARDO OLIVEIRA DE FREITAS => 88912/199 => MARIA EDILEUSA DO VALE ALVES => 25000000 => CAPITAO CARLOS LAMARCA => lt 18 => QD 11 => SANTA LUCIA  => DUQUE DE CAXIAS => RJ =>  =>  =>  => ENTR PELA SANTINHA NAS COSTA DO BRIZOLAO 1 PONTE DE CIMENTO BEIRANDO O VALAO A ESQ PROC MAURICEIA => 01 => 138033 => G.ROUPA ARAPLAC 10P ATLAN PLUS TB/AM =>  =>  =>  =>  =>  =>  =>  =>  =>  =>  =>  =>  =>  =>  =>  =>  =>  =>  =>  =>  =>  =>  =>  =>  =>  =>  =>  =>  =>  =>  =>  =>  =>  =>  =>  =>  =>  =>  => "

-------------------------------
 
CADASTRO DE CLIENTE
POST => "MIRIAN" Data => "2012-08-27 10:00:25", Cadastrou o Cliente de vale 549050 => "INFORMAÇÕES CADASTRADAS => "11 => 14 => 11 => 0 => 0 => 27/08/2012 => 549050 => 179 => 28250 => 23/08/2012 => LEONARDO OLIVEIRA DE FREITAS => 94816/199 => CONCEIÇÃO SILVA DE SOUZA => 25036230 => RUA: IVAIL => lt 13  => QD 66CS 02 => JARDIM OLAVO BILAC => DUQUE DE CAXIAS => RJ =>  =>  =>  => TEM UM CARRO PRETO NO PORTAO EM FRENTE PARADO  => 01 => 138033 => G.ROUPA ARAPLAC 10P ATLAN PLUS TB/AM =>  =>  =>  =>  =>  =>  =>  =>  =>  =>  =>  =>  =>  =>  =>  =>  =>  =>  =>  =>  =>  =>  =>  =>  =>  =>  =>  =>  =>  =>  =>  =>  =>  =>  =>  =>  =>  =>  => "

-------------------------------
 
CADASTRO DE CLIENTE
POST => "MIRIAN" Data => "2012-08-27 10:03:38", Cadastrou o Cliente de vale 549074 => "INFORMAÇÕES CADASTRADAS => "11 => 7 => 21 => 0 => 0 => 27/08/2012 => 549074 => 179 => 18702 => 23/08/2012 => ANDERSON PEREIRA SANTOS => 67255/199 => GONÇALA GOMES DA SILVA => 25575520 => RUA: SOBREIRO => lt 15 => QD4 => VILA SAUDADE => SÃO JOÃO DE MERITI => RJ => 2786-3599 =>  =>  => PRX A BARRACA DO SR BATISTA PROC SALU MORRO DO EMBAIXADOR => 01 => 140391 => G.ROUPA ARAPLAC 8P AUSTRIA TB/BR =>  =>  =>  =>  =>  =>  =>  =>  =>  =>  =>  =>  =>  =>  =>  =>  =>  =>  =>  =>  =>  =>  =>  =>  =>  =>  =>  =>  =>  =>  =>  =>  =>  =>  =>  =>  =>  =>  => "

-------------------------------
 
CADASTRO DE CLIENTE
POST => "MIRIAN" Data => "2012-08-27 10:09:48", Cadastrou o Cliente de vale 549048 => "INFORMAÇÕES CADASTRADAS => "11 => 22 => 9 => 0 => 0 => 27/08/2012 => 549048 => 230 => 10018 => 23/08/2012 => LEIDIANE  FONSECA DE ALMEIDA => 101282/199 => JEFERSON ROCHA GOMES  => 21595150 => RUA AV CESARIO DE MELO  => 1365 =>  => CAMPO GRANDE => RIO D EJANEIRO => RJ =>  =>  =>  => AO LADO DO SINUCA BAR BUENA VISTA AO LADO DO VIADUTO NOVO => 01 => 155937 => RACK EDN MALIBU EBA/PTO =>  =>  =>  =>  =>  =>  =>  =>  =>  =>  =>  =>  =>  =>  =>  =>  =>  =>  =>  =>  =>  =>  =>  =>  =>  =>  =>  =>  =>  =>  =>  =>  =>  =>  =>  =>  =>  =>  => "

-------------------------------
 
CADASTRO DE CLIENTE
POST => "MIRIAN" Data => "2012-08-27 11:32:16", Cadastrou o Cliente de vale 524471 => "INFORMAÇÕES CADASTRADAS => "11 => 12 => 15 => 0 => 1 => 17/07/2012 => 524471 => 169 => 62473 => 17/07/2012 => ROSANA SOUZA MONTEIRO => 243383/199 => BENIZONETE DA SILVA FRANCA => 20211270 => RUA: ESTÁCIO DE SÁ => 109 => AP 04 => ESTÁCIO => RIO DE JANEIRO => RJ => 3251-4181 => 9558-3495 =>  => EM FRENTE AO METRO => 01 => 137981 => CJ EST GAZIN MAIORCA 3/2L KOR MAR =>  =>  =>  =>  =>  =>  =>  =>  =>  =>  =>  =>  =>  =>  =>  =>  =>  =>  =>  =>  =>  =>  =>  =>  =>  =>  =>  =>  =>  =>  =>  =>  =>  =>  =>  =>  =>  =>  => "

-------------------------------
 
CADASTRO DE CLIENTE
POST => "MIRIAN" Data => "2012-08-27 11:37:17", Cadastrou o Cliente de vale 550265 => "INFORMAÇÕES CADASTRADAS => "11 => 8 => 18 => 0 => 0 => 25/08/2012 => 550265 => 236 => 9775 => 25/08/2012 => EDIR SILVA DOS SANTOS => 124081/199 => REBECA CARVALHO SILVA => 26540020 => ESTRADA: EXPEDICIONÁRIOS => 972 => CS 01 => CENTRO => NILÓPOLIS => RJ =>  =>  =>  => AO LADO DA DELEGACIA => 01 => 16068 => MESA MODECOR BRUNA 4C T.VID BR/PT =>  =>  =>  =>  =>  =>  =>  =>  =>  =>  =>  =>  =>  =>  =>  =>  =>  =>  =>  =>  =>  =>  =>  =>  =>  =>  =>  =>  =>  =>  =>  =>  =>  =>  =>  =>  =>  =>  => "

-------------------------------
 
CADASTRO DE CLIENTE
POST => "MIRIAN" Data => "2012-08-27 11:43:06", Cadastrou o Cliente de vale 550275 => "INFORMAÇÕES CADASTRADAS => "11 => 29 => 24 => 0 => 1 => 25/08/2012 => 550275 => 236 => 8528 => 25/08/2012 => FRANCIS NEVES DE OLIVEIRA => 15731/s => REBECA CARVALHO SILVA => 26540020 => ESTRADA: EXPEDICIONÁRIOS => 972 => CS 01 => CENTRO => NILÓPOLIS => RJ =>  =>  =>  => AO LADO DA DELEGACIA => 01 => 16068 => MESA MODECOR BRUNA 4C T.VID BR/PT =>  =>  =>  =>  =>  =>  =>  =>  =>  =>  =>  =>  =>  =>  =>  =>  =>  =>  =>  =>  =>  =>  =>  =>  =>  =>  =>  =>  =>  =>  =>  =>  =>  =>  =>  =>  =>  =>  => "

-------------------------------
 
CADASTRO DE CLIENTE
POST => "MIRIAN" Data => "2012-08-27 11:49:17", Cadastrou o Cliente de vale 550264 => "INFORMAÇÕES CADASTRADAS => "11 => 31 => 5 => 0 => 0 => 25/08/2012 => 550264 => 182 => 8476 => 25/08/2012 => ELUCIANA BARBOSA SANTOS => 120888/199 => IRACEMA FERREIRA DIAS SILVA => 26525046 => RUA: PRACINHA WALLACE PAES LEME => 2068 => AP 102 => OLINDA => NILÓPOLIS => RJ =>  =>  =>  => PROX A VIANENSE => 01 => 138033 => G.ROUPA ARAPLAC 10P ATLAN PLUS TB/AM =>  =>  =>  =>  =>  =>  =>  =>  =>  =>  =>  =>  =>  =>  =>  =>  =>  =>  =>  =>  =>  =>  =>  =>  =>  =>  =>  =>  =>  =>  =>  =>  =>  =>  =>  =>  =>  =>  => "

-------------------------------
 
CADASTRO DE CLIENTE
POST => "MIRIAN" Data => "2012-08-27 11:55:44", Cadastrou o Cliente de vale 550262 => "INFORMAÇÕES CADASTRADAS => "11 => 15 => 17 => 0 => 1 => 25/08/2012 => 550262 => 182 => 34846 => 25/08/2012 => ELUCIANA BARBOSA SANTOS => 346020/199 => IRACEMA FERREIRA DIAS SILVA => 26525730 => TRAVESSA: OSCAR RODRIGUES DE SOUZA => 12 => 302 => CENTRO => NILÓPOLIS => RJ => 3902-5424 =>  =>  => TRAVESSA FICA DENTRO DA RUA VICENTE CELESTINO => 01 => 5726 => MESA ORTIZ 4C VALENCIA VID TB =>  =>  =>  =>  =>  =>  =>  =>  =>  =>  =>  =>  =>  =>  =>  =>  =>  =>  =>  =>  =>  =>  =>  =>  =>  =>  =>  =>  =>  =>  =>  =>  =>  =>  =>  =>  =>  =>  => "

-------------------------------
 
CADASTRO DE CLIENTE
POST => "MIRIAN" Data => "2012-08-27 12:02:42", Cadastrou o Cliente de vale 550236 => "INFORMAÇÕES CADASTRADAS => "11 => 17 => 25 => 0 => 0 => 25/08/2012 => 550236 => 245 => 9229 => 25/08/2012 => DIDNEY DO CARMO CAETANO DE REZ => 118014/199 => MARIA DE FATIMA SIGNES COUTINHO => 22725549 => RUA: JORDÃO => 510 => CS 07 => TANQUE => RIO DE JANEIRO => RJ => 2435-1648 => 8771-5265 =>  => ESTRADA DO CAFUNDA ESQUINA COM SUPÉRMERCADO GUANABARA => 01 => 5728 => MESA GRANITO AUSTRALIA 6C RET OURO =>  =>  =>  =>  =>  =>  =>  =>  =>  =>  =>  =>  =>  =>  =>  =>  =>  =>  =>  =>  =>  =>  =>  =>  =>  =>  =>  =>  =>  =>  =>  =>  =>  =>  =>  =>  =>  =>  => "

-------------------------------
 
CADASTRO DE CLIENTE
POST => "MIRIAN" Data => "2012-08-27 12:06:35", Cadastrou o Cliente de vale 550259 => "INFORMAÇÕES CADASTRADAS => "11 => 36 => 13 => 0 => 1 => 25/08/2012 => 550259 => 245 => 5522 => 25/08/2012 => CARLOS ALBERTO RODRIGUES VELOS => 537251/s => MARIA DE FATIMA SIGNES COUTINHO => 22725549 => RUA: JORDÃO => 510 => CS 07 => TANQUE => RIO DE JANEIRO => RJ => 2435-1648 => 8771-5265 =>  => ESTRADA DO CAFUNDA ESQUINA COM SUPERMERCADO GUANABARA => 01 => 5728 => MESA GRANITO AUSTRALIA 6C RET OURO =>  =>  =>  =>  =>  =>  =>  =>  =>  =>  =>  =>  =>  =>  =>  =>  =>  =>  =>  =>  =>  =>  =>  =>  =>  =>  =>  =>  =>  =>  =>  =>  =>  =>  =>  =>  =>  =>  => "

-------------------------------
 
CADASTRO DE CLIENTE
POST => "MIRIAN" Data => "2012-08-27 12:21:07", Cadastrou o Cliente de vale 550293 => "INFORMAÇÕES CADASTRADAS => "11 => 18 => 20 => 0 => 0 => 25/08/2012 => 550293 => 179 => 32875 => 25/08/2012 => CLEBER CAMPISTA DA FONSECA => 114633/199 => MOISES ROBERTO MACARIO => 25585510 => RUA: NOVA FRIBURGO => 266 =>  => PARQUE ARARUAMA => SÃO JOÃO DE MERITI => RJ =>  =>  =>  => FICA PROX A FAETEC EM UMA VILA PROC PELO MOISES E MOTORISTA EM CASA NA PARTE DA TARDE DEPOIS DAS 16HS => 01 => 135226 => MESA ORTIZ 4C SAFIRA BR/PTO =>  =>  =>  =>  =>  =>  =>  =>  =>  =>  =>  =>  =>  =>  =>  =>  =>  =>  =>  =>  =>  =>  =>  =>  =>  =>  =>  =>  =>  =>  =>  =>  =>  =>  =>  =>  =>  =>  => "

-------------------------------
 
CADASTRO DE CLIENTE
POST => "MIRIAN" Data => "2012-08-27 12:24:50", Cadastrou o Cliente de vale 550294 => "INFORMAÇÕES CADASTRADAS => "11 => 10 => 26 => 0 => 0 => 25/08/2012 => 550294 => 212 => 10654 => 25/08/2012 => PEDRO DA SILVA PARANHOS => 124082/199 => SEBASTIAO ALEXANDRE LINHARES ZACHARIAS => 26167090 => RUA: ITOROROS => lt 13 => QD 14 => VILA VIÇOSA => BELFORD ROXO => RJ => 3086-8921 =>  =>  => ENTRAR DA RUA ENTRE OFORUM EO BRIZOLAO 2 RUA A DIREITA BARRO VERMELHO => 01 => 139155 => G.ROUPA FRITZ 6P DANY AMEND /PTO =>  =>  =>  =>  =>  =>  =>  =>  =>  =>  =>  =>  =>  =>  =>  =>  =>  =>  =>  =>  =>  =>  =>  =>  =>  =>  =>  =>  =>  =>  =>  =>  =>  =>  =>  =>  =>  =>  => "

-------------------------------
 
CADASTRO DE CLIENTE
POST => "MIRIAN" Data => "2012-08-27 12:27:49", Cadastrou o Cliente de vale 550301 => "INFORMAÇÕES CADASTRADAS => "11 => 22 => 7 => 0 => 1 => 25/08/2012 => 550301 => 212 => 52724 => 25/08/2012 => JOSINIR LUIZ DE OLIVEIRA FERRE => 390134/199 => SEBASTIAO ALEXANDRE LINHARES ZACHARIAS => 26167090 => RUA: ITOROROS => lt 13 => QD 14 => VILA VIÇOSA => BELFORD ROXO => RJ => 3086-8921 => 9221-1887 => 7688-8142 => ENTRAR DA RUA ENTRE O FORUM EO BRIZOLAO SEG RUA A DIR BARRO VERMELHO => 01 => 140094 => G.ROUPA BERGAMO 5P LISBOA IMB/PTO =>  =>  =>  =>  =>  =>  =>  =>  =>  =>  =>  =>  =>  =>  =>  =>  =>  =>  =>  =>  =>  =>  =>  =>  =>  =>  =>  =>  =>  =>  =>  =>  =>  =>  =>  =>  =>  =>  => "

-------------------------------
 
CADASTRO DE CLIENTE
POST => "MIRIAN" Data => "2012-08-27 12:32:15", Cadastrou o Cliente de vale 550303 => "INFORMAÇÕES CADASTRADAS => "11 => 48 => 30 => 0 => 0 => 25/08/2012 => 550303 => 243 => 33437 => 25/08/2012 => VANESSA DOMINGUES FERREIRA DE => 205520/199 => ANDREA DANIELA MORAES COSTA => 26275150 => RUA: SANTO ANTÔNIO => 391 =>  => SÃO GERALDO => NOVA IGUAÇU => RJ => 2769-7740 => 9180-2992 =>  => PROX A PADARIA DO MEIA LUA PROC DANIELA => 01 => 135481 => COZ KIPLAC RENATA PLUS BR/PTO =>  =>  =>  =>  =>  =>  =>  =>  =>  =>  =>  =>  =>  =>  =>  =>  =>  =>  =>  =>  =>  =>  =>  =>  =>  =>  =>  =>  =>  =>  =>  =>  =>  =>  =>  =>  =>  =>  => "

-------------------------------
 
CADASTRO DE CLIENTE
POST => "MIRIAN" Data => "2012-08-27 12:34:59", Cadastrou o Cliente de vale 550302 => "INFORMAÇÕES CADASTRADAS => "11 => 11 => 27 => 0 => 1 => 25/08/2012 => 550302 => 243 => 12423 => 25/08/2012 => VANESSA DOMINGUES FERREIRA DE => 124119/199 => ANDREA DANIELA MORAES COSTA => 26275150 => RUA: SANTO ANTÔNIO => 391 =>  => SÃO GERALDO => NOVA IGUAÇU => RJ => 2769-7740 => 9180-2992 =>  => PROX A PADARIA DO MEIA LUA  => 01 => 135481 => COZ KIPLAC RENATA PLUS BR/PTO =>  =>  =>  =>  =>  =>  =>  =>  =>  =>  =>  =>  =>  =>  =>  =>  =>  =>  =>  =>  =>  =>  =>  =>  =>  =>  =>  =>  =>  =>  =>  =>  =>  =>  =>  =>  =>  =>  => "

-------------------------------
 
CADASTRO DE CLIENTE
POST => "MIRIAN" Data => "2012-08-27 12:38:07", Cadastrou o Cliente de vale 550307 => "INFORMAÇÕES CADASTRADAS => "11 => 18 => 21 => 0 => 0 => 25/08/2012 => 550307 => 275 => 1748 => 25/08/2012 => REGIANE FERREIRA NASCIMENTO => 127044/199 => VANILDO DA CONCEICAO => 24400009 => RUA PAULO RANGEL  => 17 => CS 14 => TRIBOBO => SÃO GONÇALO => RJ =>  =>  =>  => NA ASSOCIAÇÃO DE MIGUEL AO LADO DA CASA DE DOMINGO  => 01 => 141552 => CJ SALA JANTAR ORTIZ VALENCIA 6C AMEN =>  =>  =>  =>  =>  =>  =>  =>  =>  =>  =>  =>  =>  =>  =>  =>  =>  =>  =>  =>  =>  =>  =>  =>  =>  =>  =>  =>  =>  =>  =>  =>  =>  =>  =>  =>  =>  =>  => "

-------------------------------
 
CADASTRO DE CLIENTE
POST => "MIRIAN" Data => "2012-08-27 12:40:42", Cadastrou o Cliente de vale 550304 => "INFORMAÇÕES CADASTRADAS => "11 => 42 => 17 => 0 => 1 => 25/08/2012 => 550304 => 275 => 2573 => 25/08/2012 => SILVIA DE JESUS PINTO => 435405/199 => VANILDO DA CONCEICAO => 24400009 => RUA PAULO RANGEL => 17 => CS 14 => TRIBOBO => SAO GONÇALO => RJ => 9704-8810 =>  =>  => NA ASSOCIAÇÃO DE MIGUEL DA CASA DE DOMINGO  => 01 => 141552 => CJ SALA JANTAR ORTIZ VALENCIA 6C AMEN =>  =>  =>  =>  =>  =>  =>  =>  =>  =>  =>  =>  =>  =>  =>  =>  =>  =>  =>  =>  =>  =>  =>  =>  =>  =>  =>  =>  =>  =>  =>  =>  =>  =>  =>  =>  =>  =>  => "

-------------------------------
 
CADASTRO DE CLIENTE
POST => "MIRIAN" Data => "2012-08-27 12:44:13", Cadastrou o Cliente de vale 550308 => "INFORMAÇÕES CADASTRADAS => "11 => 28 => 14 => 0 => 0 => 25/08/2012 => 550308 => 182 => 550308 => 25/08/2012 => HENRIQUE ORLANDO NOGUEIRA DA SILVA => 8101/199 => CRISTIANE DO NASCIMENTO SILVA => 26545440 => RUA: CAPITÃO ALFREDO ANTUNES => 994 => CS A => PAIOL DE POLVORA => NILÓPOLIS => RJ => 2692-3705 =>  =>  => EM FRENTE O CEMITERIO ISRAELITA .PED.47110 => 01 => 5728 => MESA GRANITO AUSTRALIA 6C RET OURO =>  =>  =>  =>  =>  =>  =>  =>  =>  =>  =>  =>  =>  =>  =>  =>  =>  =>  =>  =>  =>  =>  =>  =>  =>  =>  =>  =>  =>  =>  =>  =>  =>  =>  =>  =>  =>  =>  => "

-------------------------------
 
CADASTRO DE CLIENTE
POST => "MIRIAN" Data => "2012-08-27 12:47:11", Cadastrou o Cliente de vale 5503080 => "INFORMAÇÕES CADASTRADAS => "11 => 35 => 14 => 0 => 1 => 25/08/2012 => 5503080 => 182 => 5503080 => 25/08/2012 => HENRIQUE ORLANDO NOGUEIRA DA SILVA => 8101/199 => CRISTIANE DO NASCIMENTO SILVA => 26545440 => RUA: CAPITÃO ALFREDO ANTUNES => 994 => CS A => PAIOL DE POLVORA => NILÓPOLIS => RJ => 2692-3705 =>  =>  => EM FRENTE AO CEMITERIO ISRAELITA PED.47110 => 01 => 5728 => MESA GRANITO AUSTRALIA 6C RET OURO =>  =>  =>  =>  =>  =>  =>  =>  =>  =>  =>  =>  =>  =>  =>  =>  =>  =>  =>  =>  =>  =>  =>  =>  =>  =>  =>  =>  =>  =>  =>  =>  =>  =>  =>  =>  =>  =>  => "

-------------------------------
 
CADASTRO DE CLIENTE
POST => "MIRIAN" Data => "2012-08-27 12:50:35", Cadastrou o Cliente de vale 550309 => "INFORMAÇÕES CADASTRADAS => "11 => 3 => 23 => 0 => 0 => 25/08/2012 => 550309 => 168 => 9303 => 25/08/2012 => ADENIR DE JESUS DOS PASSOS LEM => 129425/199 => SERGIO ALVES BARBOSA => 21770280 => RUA: HENRIQUE DO COUTO ESCHER => 141 =>  => REALENGO => RIO DE JANEIRO => RJ =>  =>  =>  => PROX A RUA DO GOVERNO  => 01 => 139155 => G.ROUPA FRITZ 6P DANY AMEND /PTO =>  =>  =>  =>  =>  =>  =>  =>  =>  =>  =>  =>  =>  =>  =>  =>  =>  =>  =>  =>  =>  =>  =>  =>  =>  =>  =>  =>  =>  =>  =>  =>  =>  =>  =>  =>  =>  =>  => "

-------------------------------
 
CADASTRO DE CLIENTE
POST => "MIRIAN" Data => "2012-08-27 12:55:19", Cadastrou o Cliente de vale 548155 => "INFORMAÇÕES CADASTRADAS => "11 => 39 => 22 => 0 => 1 => 22/08/2012 => 548155 => 168 => 43365 => 22/08/2012 => SUELY SOUZA DE JESUS => 306831/199 => MARIA JOSE RAMOS DE ARAUJO => 21311190 => RUA: INHARE => 535 => CS5 => CASCADURA => RIO DE JANEIRO => RJ => 3979-8617 =>  =>  => PROX A SEGURADORA AUTO CESAR => 01 => 138033 => G.ROUPA ARAPLAC 10P ATLAN PLUS TB/AM =>  =>  =>  =>  =>  =>  =>  =>  =>  =>  =>  =>  =>  =>  =>  =>  =>  =>  =>  =>  =>  =>  =>  =>  =>  =>  =>  =>  =>  =>  =>  =>  =>  =>  =>  =>  =>  =>  => "

-------------------------------
 
CADASTRO DE CLIENTE
POST => "luciana" Data => "2012-08-27 12:57:17", Cadastrou o Cliente de vale 518152 => "INFORMAÇÕES CADASTRADAS => "5 => 21 => 23 => 0 => 1 => 05/07/2012 => 518152 => 179 => 156430 => 05/07/2012 => CAMILA PEREIRA DE OLIVEIRA => 463331 => FATIMA LOUDES ALVES DE ARAUJO => 25261000 => Avenida: Trinta e Um de Marco => 10 lt => QD88 => Parque Paulista => Duque de Caxias => RJ =>  =>  =>  =>  => 01 => 8340 => CAMA CS N HORIZ AREZZO TB/BR/MP =>  =>  =>  =>  =>  =>  =>  =>  =>  =>  =>  =>  =>  =>  =>  =>  =>  =>  =>  =>  =>  =>  =>  =>  =>  =>  =>  =>  =>  =>  =>  =>  =>  =>  =>  =>  =>  =>  => "

-------------------------------
 
CADASTRO DE CLIENTE
POST => "luciana" Data => "2012-08-27 12:59:20", Cadastrou o Cliente de vale 525546 => "INFORMAÇÕES CADASTRADAS => "5 => 42 => 8 => 0 => 1 => 18/07/2012 => 525546 => 179 => 156430 => 18/07/2012 => CAMILA PEREIRA DE OLIVEIRA => 463314 => FATIMA LOUDES ALVES DE ARAUJO => 25261000 => Avenida: Trinta e Um de Marco => lt10 => QD88 => Parque Paulista => Duque de Caxias => RJ =>  =>  =>  =>  => 01 => 8342 => G ROUPA N.HORIZ 3P AREZZO TB/BR/MP =>  =>  =>  =>  =>  =>  =>  =>  =>  =>  =>  =>  =>  =>  =>  =>  =>  =>  =>  =>  =>  =>  =>  =>  =>  =>  =>  =>  =>  =>  =>  =>  =>  =>  =>  =>  =>  =>  => "

-------------------------------
 
CADASTRO DE CLIENTE
POST => "MIRIAN" Data => "2012-08-27 12:59:33", Cadastrou o Cliente de vale 549225 => "INFORMAÇÕES CADASTRADAS => "11 => 25 => 15 => 0 => 1 => 23/08/2012 => 549225 => 198 => 20334 => 23/08/2012 => MARIA RAILENE SOUSA DE AQUINO => 34945/s => NATALIA APARECIDA GONÇALVES => 21535080 => RUA: PADRE LIMA => 12 => CS => PAVUNA => RIO DE JANEIRO => RJ => 2407-1758 => 7707-3527 =>  => PROX A EMPRESA DE ONIB PEGABUS PROC LIDIANE OU JUNIOR => 01 => 134771 => CJ EST VALE ACO S.DIEGO VIP 3/2LMR =>  =>  =>  =>  =>  =>  =>  =>  =>  =>  =>  =>  =>  =>  =>  =>  =>  =>  =>  =>  =>  =>  =>  =>  =>  =>  =>  =>  =>  =>  =>  =>  =>  =>  =>  =>  =>  =>  => "

-------------------------------
 
CADASTRO DE CLIENTE
POST => "luciana" Data => "2012-08-27 13:01:54", Cadastrou o Cliente de vale 543708 => "INFORMAÇÕES CADASTRADAS => "5 => 12 => 29 => 0 => 1 => 16/08/2012 => 543708 => 254 => 4699 => 16/08/2012 => LUIZ HENRIGUE CARVALHO => 54934 => MARCIANA DE ARAUJO PIO =>  => ANTONIO BECHARA FILHO => 649 =>  => Botafogo => Magé =>  =>  =>  =>  =>  => 01 => 135226 => MESA ORTIZ 4C SAFIRA BR/PTO =>  =>  =>  =>  =>  =>  =>  =>  =>  =>  =>  =>  =>  =>  =>  =>  =>  =>  =>  =>  =>  =>  =>  =>  =>  =>  =>  =>  =>  =>  =>  =>  =>  =>  =>  =>  =>  =>  => "

-------------------------------
 
ALTERAÇÃO DE CLIENTE
POST => "luciana" Data => "2012-08-27 13:41:23", Alterou o Cliente de vale 538188 => "INFORMAÇÕES ALTERADAS => "1 => 4929 => 5 => 33 => 27 => 0 => 0 => 09/08/2012 => 538188 => 208 => 36194 => 08/08/2012 => THIAGO SOTERO MARCELINO => 538188/199 => MARCOS VINICIUS DE ARAUJO PINHEIRO => 21941730 => RUA: GAIVOTA => 21 =>  => GALEÃO => RIO DE JANEIRO => RJ => 2465-0439 => 3352-8326 =>  => PROX AO BAR DO MARQUINHO VILA JUANIZA PROC YURI => ag. 23/08/12.agend:segunda 27/8 Luciana  => 1 => 135479 => BALCAO C/T KIPLAC RENATA PLUS BR/PT => 1 => 135481 => COZ KIPLAC RENATA PLUS BR/PTO => 0 =>  => 0 =>  => 0 =>  => 0 =>  => 0 =>  => 0 =>  => 0 =>  => 0 =>  => 0 =>  => 0 =>  => 0 =>  => 0 =>  => 0 =>  => 0 =>  => 0 =>  => 0 =>  => 0 =>  => 0 =>  => "

-------------------------------
 
ALTERAÇÃO DE CLIENTE
POST => "luciana" Data => "2012-08-27 14:28:06", Alterou o Cliente de vale 525566 => "INFORMAÇÕES ALTERADAS => "1 => 4766 => 5 => 28 => 11 => 0 => 2 => 20/07/2012 => 525566 => 215 => 525566 => 18/07/2012 =>  =>  => MARLON COELHO DE MOURA =>  => RUA UBIRATAM  => 120 =>  => LARANJAU  => SAO GONCALO => RJ => 3186-9357 => 8543-8459 =>  => px ao radar do laranjau 5 rua a direita SAUDE.PEDIDO: 76702 => LIGAR ANTES. => 1 => 100136 => COZINHA ITAT DAYANE BR => 0 =>  => 0 =>  => 0 =>  => 0 =>  => 0 =>  => 0 =>  => 0 =>  => 0 =>  => 0 =>  => 0 =>  => 0 =>  => 0 =>  => 0 =>  => 0 =>  => 0 =>  => 0 =>  => 0 =>  => 0 =>  => 0 =>  => "

-------------------------------
 
CADASTRO DE CLIENTE
POST => "MIRIAN" Data => "2012-08-27 14:28:07", Cadastrou o Cliente de vale 538609 => "INFORMAÇÕES CADASTRADAS => "11 => 37 => 15 => 2 => 0 => 08/08/2012 => 538609 => 247 => 538609 => 08/08/2012 => ANA CAROLINA DA CONCEIÇÃO LOPES => 403216/199 => CLEONICE  REBELLO S DA SILVa => 24440270 => RUA: AURORA SIQUEIRA => 91 =>  => ZE GAROTO => SÃO GONÇALO => RJ => 8468-4549 => 8256-7676 =>  => RUA AO LADO DO CORREIO PED.21796 => 01 => 9072 => ARM.COLOR ECLIPSE 2P4G BAL C/T VD =>  =>  =>  =>  =>  =>  =>  =>  =>  =>  =>  =>  =>  =>  =>  =>  =>  =>  =>  =>  =>  =>  =>  =>  =>  =>  =>  =>  =>  =>  =>  =>  =>  =>  =>  =>  =>  =>  => "

-------------------------------
 
ALTERAÇÃO DE CLIENTE
POST => "luciana" Data => "2012-08-27 14:28:47", Alterou o Cliente de vale 525566 => "INFORMAÇÕES ALTERADAS => "1 => 4766 => 5 => 23 => 23 => 0 => 2 => 20/07/2012 => 525566 => 215 => 525566 => 18/07/2012 =>  =>  => MARLON COELHO DE MOURA =>  => RUA UBIRATAM  => 120 =>  => LARANJAU  => SAO GONCALO => RJ => 3186-9357 => 8543-8459 =>  => px ao radar do laranjau 5º rua a direita  76702 => LIGAR ANTES. => 1 => 100136 => COZINHA ITAT DAYANE BR => 0 =>  => 0 =>  => 0 =>  => 0 =>  => 0 =>  => 0 =>  => 0 =>  => 0 =>  => 0 =>  => 0 =>  => 0 =>  => 0 =>  => 0 =>  => 0 =>  => 0 =>  => 0 =>  => 0 =>  => 0 =>  => 0 =>  => "

-------------------------------
 
ALTERAÇÃO DE CLIENTE
POST => "luciana" Data => "2012-08-27 14:32:28", Alterou o Cliente de vale 525566 => "INFORMAÇÕES ALTERADAS => "1 => 4766 => 5 => 21 => 28 => 0 => 2 => 20/07/2012 => 525566 => 215 => 525566 => 18/07/2012 =>  =>  => MARLON COELHO DE MOURA =>  => RUA UBIRATAM  => 120 =>  => LARANJAU  => SAO GONCALO => RJ => 3186-9357 => 8543-8459 =>  => px ao radar do laranjau 5º rua a direita  76702 agend:30/8 Luciana  => LIGAR ANTES. => 1 => 100136 => COZINHA ITAT DAYANE BR => 0 =>  => 0 =>  => 0 =>  => 0 =>  => 0 =>  => 0 =>  => 0 =>  => 0 =>  => 0 =>  => 0 =>  => 0 =>  => 0 =>  => 0 =>  => 0 =>  => 0 =>  => 0 =>  => 0 =>  => 0 =>  => 0 =>  => "

-------------------------------
 
CADASTRO DE CLIENTE
POST => "MIRIAN" Data => "2012-08-27 14:35:47", Cadastrou o Cliente de vale 546594 => "INFORMAÇÕES CADASTRADAS => "11 => 12 => 11 => 0 => 1 => 20/08/2012 => 546594 => 212 => 42966 => 20/08/2012 => ALEXANDRE SOBRAL DA SILVA => 259768/199 => JANINI BARROS NUNES => 26135420 => RUA: IDAUSIRA => 3 =>  => AREIA BRANCA => BELFORD ROXO => RJ => 2761-1048 =>  =>  => PROX DO CAMPO DO FLAMENGUINHO => 01 => 136463 => G.ROUPA KAPP 6P 3G EXT LAGOS TECA/PT =>  =>  =>  =>  =>  =>  =>  =>  =>  =>  =>  =>  =>  =>  =>  =>  =>  =>  =>  =>  =>  =>  =>  =>  =>  =>  =>  =>  =>  =>  =>  =>  =>  =>  =>  =>  =>  =>  => "

-------------------------------
 
CADASTRO DE CLIENTE
POST => "MIRIAN" Data => "2012-08-27 14:39:20", Cadastrou o Cliente de vale 549480 => "INFORMAÇÕES CADASTRADAS => "11 => 36 => 18 => 0 => 1 => 24/08/2012 => 549480 => 179 => 134822 => 24/08/2012 => CAMILA PEREIRA DE OLIVEIRA => 386933/199 => RONALDO ALVES NOGUEIRA => 26173515 => RUA: PRESIDENTE JUSCELINO KUBITSCHEK => LT 18 => QD6 => PARQUE ESPERANÇA => BELFORD ROXO => RJ => 2758-0338 =>  =>  => UM PONTO APOS AS TRES SETAS 1 A ESQ PROX A BARRACADA DONA TUTA => 01 => 98715 => ESTANTE BECHARA CANADA HO AMEND/PTO =>  =>  =>  =>  =>  =>  =>  =>  =>  =>  =>  =>  =>  =>  =>  =>  =>  =>  =>  =>  =>  =>  =>  =>  =>  =>  =>  =>  =>  =>  =>  =>  =>  =>  =>  =>  =>  =>  => "

-------------------------------
 
ALTERAÇÃO DE CLIENTE
POST => "luciana" Data => "2012-08-27 14:59:37", Alterou o Cliente de vale 558443 => "INFORMAÇÕES ALTERADAS => "1 => 4694 => 5 => 20 => 17 => 0 => 2 => 17/07/2012 => 558443 => 201 => 558443 => 16/07/2012 =>  =>  => VENESSA NUNES DE OLIVEIRA DA SILVA =>  => RUA FRANCISCA CONSTATINO => 38 => CASA => PORTO NOVO => SAO GONCALO => RJ => 2724-2274 => 7745-7721 =>  => ATRAS DA IGREJA NOSSA SENHORA DA CONCEIÇÃO,PEDIDO: 41587 => ag.10/08/12  FEITO O PEDIDO DE PEÇAS DIA 27/8 E -MAIL ENVIADO PARA LIDIANE E WAGNER LUCIANA  => 1 => 135481 => COZ KIPLAC RENATA PLUS BR/PTO => 0 =>  => 0 =>  => 0 =>  => 0 =>  => 0 =>  => 0 =>  => 0 =>  => 0 =>  => 0 =>  => 0 =>  => 0 =>  => 0 =>  => 0 =>  => 0 =>  => 0 =>  => 0 =>  => 0 =>  => 0 =>  => 0 =>  => "

-------------------------------
