 
ALTERAÇÃO DE CLIENTE
POST => "camila" Data => "2012-06-06 08:58:46", Alterou o Cliente de vale 478875 => "INFORMAÇÕES ALTERADAS => "1 => 3235 => 6 => 10 => 22 => 0 => 0 => 11/05/2012 => 478875 => 251 => 445 => 30/04/2012 => ROSEMARY PIRES DA FONTE => 24126 => ALEXANDRE RINALDI =>  => DIAS FOSTES, => 28 => APTO 303 => BONSUCESSO => RIO DE JANEIRO =>  => 3976-3876 => 9774-9500 =>  => Email enviado ao naec dia 05-06-12 Camila => solicitado ao naec telefone e referencias. => 1 => 139495 => KIT ITAT I3 PREMIUM 6P/3G BR => 0 =>  => 0 =>  => 0 =>  => 0 =>  => 0 =>  => 0 =>  => 0 =>  => 0 =>  => 0 =>  => 0 =>  => 0 =>  => 0 =>  => 0 =>  => 0 =>  => 0 =>  => 0 =>  => 0 =>  => 0 =>  => 0 =>  => "

-------------------------------
 
ALTERAÇÃO DE CLIENTE
POST => "camila" Data => "2012-06-06 09:05:27", Alterou o Cliente de vale 483072 => "INFORMAÇÕES ALTERADAS => "1 => 3094 => 6 => 23 => 14 => 0 => 0 => 08/05/2012 => 483072 => 245 => 40857 => 07/05/2012 => CARLOS ALBERTO RODRIGUES VELOS => 517489/199 => AURENICE MARIA OLIVEIRA => 21321370 => RUA: LAERCIO ROSA => cs 19 =>  => PRAÇA SECA => RIO DE JANEIRO => RJ => 3355-0952 => 9862-7962 =>  => SUBIR A RUA PRIMEIRO DE MAIO DA ASS DE DEUS....Email enviado ao naec dia 05-06-12 Camila => OBS:COLOCAR NA ROTA PASSEI E-MAIL PARA O NAEC DIA 5/6 PARA AMARILDO E WAGNER LUCIANA  => 1 => 135479 => BALCAO C/T KIPLAC RENATA PLUS BR/PT => 1 => 135481 => COZ KIPLAC RENATA PLUS BR/PTO => 0 =>  => 0 =>  => 0 =>  => 0 =>  => 0 =>  => 0 =>  => 0 =>  => 0 =>  => 0 =>  => 0 =>  => 0 =>  => 0 =>  => 0 =>  => 0 =>  => 0 =>  => 0 =>  => 0 =>  => 0 =>  => "

-------------------------------
 
ALTERAÇÃO DE CLIENTE
POST => "camila" Data => "2012-06-06 09:06:58", Alterou o Cliente de vale 483119 => "INFORMAÇÕES ALTERADAS => "1 => 3088 => 6 => 19 => 23 => 0 => 0 => 08/05/2012 => 483119 => 245 => 40462 => 07/05/2012 => JORGE MAURICIO RODRIGUES DA CO => 503347/199 => MARIA AVANI DA SILVA => 22770331 => ESTRADA: MARECHAL MIGUEL SALAZAR MENDES DE MORAIS => 291 => AP 302 => TAQUARA => RIO DE JANEIRO => RJ => 7884-5440 =>  =>  => PROX AO RESTAURANTE LACO DE OURO E CAVALINO...Email enviado ao naec dia 05-06-12 Camila => PASSEI E-MAIL PARA O MAEC DIA 5/6 PARA O WAGNER E AMARILDO  PARA PEDI AS PEÇAS LUCIANA  => 1 => 139576 => G ROUPA IRMOL 2P APOLO CHOC/IMB/MP => 0 =>  => 0 =>  => 0 =>  => 0 =>  => 0 =>  => 0 =>  => 0 =>  => 0 =>  => 0 =>  => 0 =>  => 0 =>  => 0 =>  => 0 =>  => 0 =>  => 0 =>  => 0 =>  => 0 =>  => 0 =>  => 0 =>  => "

-------------------------------
 
ALTERAÇÃO DE CLIENTE
POST => "camila" Data => "2012-06-06 09:08:22", Alterou o Cliente de vale 483127 => "INFORMAÇÕES ALTERADAS => "1 => 3089 => 6 => 6 => 16 => 0 => 0 => 08/05/2012 => 483127 => 245 => 41084 => 07/05/2012 => CARLOS ALBERTO RODRIGUES VELOS => 503335/199 => MARIA AVANI DA SILVA => 22770331 => ESTRADA: MARECHAL MIGUEL SALAZAR MENDES DE MORAIS => 291 => AP 302 => TAQUARA => RIO DE JANEIRO => RJ => 7884-5440 =>  =>  => PERTO DO RESTAURANTE LACO DE OURO. => Email enviado ao naec dia 05-06-12 Camila => 1 => 136654 => BALCAO C/T TELASUL CRISTAL BR => 0 =>  => 0 =>  => 0 =>  => 0 =>  => 0 =>  => 0 =>  => 0 =>  => 0 =>  => 0 =>  => 0 =>  => 0 =>  => 0 =>  => 0 =>  => 0 =>  => 0 =>  => 0 =>  => 0 =>  => 0 =>  => 0 =>  => "

-------------------------------
 
ALTERAÇÃO DE CLIENTE
POST => "luciana" Data => "2012-06-06 09:16:28", Alterou o Cliente de vale 563667 => "INFORMAÇÕES ALTERADAS => "1 => 3614 => 5 => 23 => 8 => 0 => 2 => 15/05/2012 => 563667 => 179 => 563667 => 14/05/2012 =>  =>  => FRANCISCO DA CHGAS DOS SANTOS =>  => RUA DEZEIROS => 133a => QD 13A => CHACARAS MARIA HELENA => DUQUE DE CAXIAS => RJ => 2777-5459 =>  =>  =>  => passei e-mail para o naec dia 6/6 Wagner Isabel para pedi a peça . Luciana  => 1 => 5728 => MESA GRANITO AUSTRALIA 6C RET OURO => 0 =>  => 0 =>  => 0 =>  => 0 =>  => 0 =>  => 0 =>  => 0 =>  => 0 =>  => 0 =>  => 0 =>  => 0 =>  => 0 =>  => 0 =>  => 0 =>  => 0 =>  => 0 =>  => 0 =>  => 0 =>  => 0 =>  => "

-------------------------------
 
ALTERAÇÃO DE CLIENTE
POST => "camila" Data => "2012-06-06 09:21:07", Alterou o Cliente de vale 484841 => "INFORMAÇÕES ALTERADAS => "1 => 3456 => 6 => 20 => 1 => 0 => 0 => 11/05/2012 => 484841 => 230 => 60856 => 09/05/2012 => GLAUCE COSTA ABRIEL => 537917/199 => LUZINETE DE SOUZA SILVA => 22775500 => RUA: MORUMBALA => 195 =>  => TAQUARA => RIO DE JANEIRO => RJ => 3412-6315 =>  =>  => Email enviado ao naec dia 05-06-12 Camila =>  => 1 => 6069 => BALCAO C/T ARAMOVEIS LILIAN VD/BR => 0 =>  => 0 =>  => 0 =>  => 0 =>  => 0 =>  => 0 =>  => 0 =>  => 0 =>  => 0 =>  => 0 =>  => 0 =>  => 0 =>  => 0 =>  => 0 =>  => 0 =>  => 0 =>  => 0 =>  => 0 =>  => 0 =>  => "

-------------------------------
 
ALTERAÇÃO DE CLIENTE
POST => "camila" Data => "2012-06-06 09:31:04", Alterou o Cliente de vale 485252 => "INFORMAÇÕES ALTERADAS => "1 => 3457 => 6 => 25 => 31 => 0 => 0 => 11/05/2012 => 485252 => 245 => 42569 => 10/05/2012 => JORGE MAURICIO RODRIGUES DA CO => 535734/199 => MARIA JOSE RIBEIRO FERREIRA =>  => RUA CALMON => LT 22 => QD 88 => CURICICA => RIO DE JANEIRO => RJ => 3342-9842 => 7123-4326 =>  => DEPOIS DO PARDAL,PX DA CHONA DA CALMON..Email enviado ao naec dia 05-06-12 Camila => PASSEI E-MAIL PARA O NAEC DIA 5/6 WAGNER ,AMARILDO EUFFUMAN PARA PEDI AS PEÇAS LUCIANA . => 1 => 136337 => BALCAO C/T KIPLAC  RENATA PLUS BR => 1 => 135481 => COZ KIPLAC RENATA PLUS BR/PTO => 0 =>  => 0 =>  => 0 =>  => 0 =>  => 0 =>  => 0 =>  => 0 =>  => 0 =>  => 0 =>  => 0 =>  => 0 =>  => 0 =>  => 0 =>  => 0 =>  => 0 =>  => 0 =>  => 0 =>  => 0 =>  => "

-------------------------------
 
ALTERAÇÃO DE CLIENTE
POST => "camila" Data => "2012-06-06 09:36:15", Alterou o Cliente de vale 485369 => "INFORMAÇÕES ALTERADAS => "1 => 3474 => 6 => 27 => 18 => 0 => 0 => 11/05/2012 => 485369 => 172 => 60594 => 10/05/2012 => ROBSON CLAYTON DA COSTA SERULO => 563/199 => LINDENOR DA SILVA SERPA => 21041240 => RUA: ROSA DA FONSECA => 336 => APT102 => MANGUINHOS => RIO DE JANEIRO => RJ => 3976-7125 =>  =>  => Email enviado ao naec dia 05-06-12 Camila => OBS: Em contato com a esposa do cliente produto esta montado, mas cliente reclama que duas cadeiras estão com os parafusos estão para fora e o vidro da mesa  veio menor. => 1 => 140344 => MESA FRITZ 4C MEGA AMEN/PTO => 0 =>  => 0 =>  => 0 =>  => 0 =>  => 0 =>  => 0 =>  => 0 =>  => 0 =>  => 0 =>  => 0 =>  => 0 =>  => 0 =>  => 0 =>  => 0 =>  => 0 =>  => 0 =>  => 0 =>  => 0 =>  => 0 =>  => "

-------------------------------
 
ALTERAÇÃO DE CLIENTE
POST => "camila" Data => "2012-06-06 09:49:06", Alterou o Cliente de vale 485863 => "INFORMAÇÕES ALTERADAS => "1 => 3543 => 6 => 20 => 19 => 0 => 0 => 14/05/2012 => 485863 => 203 => 69 => 11/05/2012 => MARCOS MOURA => 1072 / 199 => MARILDA PEREIRA DA COSTA => 21050560 => RUA: ATÍLIO MILANO => 158 => CASA => DEL CASTILHO => RIO DE JANEIRO => RJ => 9838-2345 =>  =>  => PROX AO SHOPPING NOVA AMERICA ANTES DA LBV EM FRENTE A CABINE. => Email enviado ao naec dia 05-06-12 Camila => 1 => 140041 => SAPATEIRA CARRARO MULTI => 1 => 8358 => ESCRIVANINHA JB BECHARA 6000 AM/PTO => 1 => 138062 => G. ROUPA ARAPLAC 2P DUQUE PLUS BR/LI => 0 =>  => 0 =>  => 0 =>  => 0 =>  => 0 =>  => 0 =>  => 0 =>  => 0 =>  => 0 =>  => 0 =>  => 0 =>  => 0 =>  => 0 =>  => 0 =>  => 0 =>  => 0 =>  => 0 =>  => "

-------------------------------
 
ALTERAÇÃO DE CLIENTE
POST => "camila" Data => "2012-06-06 09:55:49", Alterou o Cliente de vale 482137 => "INFORMAÇÕES ALTERADAS => "1 => 3717 => 6 => 23 => 12 => 0 => 0 => 16/05/2012 => 482137 => 167 => 56358 => 05/05/2012 => TIAGO SOARES BRANDAO => 11657/199 => LIU TIANJUN => 2201002 => RUA:BARATA RIBEIRO => 407 => AP 502 => COPACABANA => RIO DE JANEIRO => RJ =>  => 2256-8984 => 2256-8984 => TROCA COM RECOLHIMENTO SEM MONTAGEM. =>  => 01 => 140094 => G.ROUPA BERGAMO 5P LISBOA IMB/PTO => 0 =>  => 0 =>  => 0 =>  => 0 =>  => 0 =>  => 0 =>  => 0 =>  => 0 =>  => 0 =>  => 0 =>  => 0 =>  => 0 =>  => 0 =>  => 0 =>  => 0 =>  => 0 =>  => 0 =>  => 0 =>  => 0 =>  => "

-------------------------------
 
ALTERAÇÃO DE CLIENTE
POST => "camila" Data => "2012-06-06 09:58:07", Alterou o Cliente de vale 482137 => "INFORMAÇÕES ALTERADAS => "1 => 3717 => 6 => 24 => 9 => 0 => 0 => 16/05/2012 => 482137 => 167 => 56358 => 05/05/2012 => TIAGO SOARES BRANDAO => 11657/199 => LIU TIANJUN => 2201002 => RUA:BARATA RIBEIRO => 407 => AP 502 => COPACABANA => RIO DE JANEIRO => RJ =>  => 2256-8984 => 2256-8984 => TROCA COM RECOLHIMENTO SEM MONTAGEM. =>  => 1 => 140094 => G.ROUPA BERGAMO 5P LISBOA IMB/PTO => 0 =>  => 0 =>  => 0 =>  => 0 =>  => 0 =>  => 0 =>  => 0 =>  => 0 =>  => 0 =>  => 0 =>  => 0 =>  => 0 =>  => 0 =>  => 0 =>  => 0 =>  => 0 =>  => 0 =>  => 0 =>  => 0 =>  => "

-------------------------------
 
ALTERAÇÃO DE CLIENTE
POST => "camila" Data => "2012-06-06 09:58:36", Alterou o Cliente de vale 482137 => "INFORMAÇÕES ALTERADAS => "1 => 3717 => 6 => 8 => 27 => 0 => 0 => 16/05/2012 => 482137 => 167 => 56358 => 05/05/2012 => TIAGO SOARES BRANDAO => 11657/199 => LIU TIANJUN => 2201002 => RUA:BARATA RIBEIRO => 407 => AP 502 => COPACABANA => RIO DE JANEIRO => RJ =>  => 2256-8984 => 2256-8984 => TROCA COM RECOLHIMENTO SEM MONTAGEM. => cliente mudou de endereço, estar morando em saracuruna. => 1 => 140094 => G.ROUPA BERGAMO 5P LISBOA IMB/PTO => 0 =>  => 0 =>  => 0 =>  => 0 =>  => 0 =>  => 0 =>  => 0 =>  => 0 =>  => 0 =>  => 0 =>  => 0 =>  => 0 =>  => 0 =>  => 0 =>  => 0 =>  => 0 =>  => 0 =>  => 0 =>  => 0 =>  => "

-------------------------------
 
ALTERAÇÃO DE CLIENTE
POST => "camila" Data => "2012-06-06 10:00:53", Alterou o Cliente de vale 486250 => "INFORMAÇÕES ALTERADAS => "1 => 3555 => 6 => 19 => 14 => 0 => 0 => 14/05/2012 => 486250 => 282 => 354 => 11/05/2012 => ANDREA LISBOA RIBEIRO SILVA => 5405 / 199 => FRANCISCA ERIVAN DE MOURA CHAVES => 22753050 => RUA:DAMASCO => 19 => APTO 02 => RIO DAS PEDRAS => RIO DE JANEIRO => RJ => 8310-9749 =>  =>  => TERCEIRA RUA DA AREINHA PERTO DA LJ DO SANTO CRISTO. => Email enviado ao naec dia 05-06-12 Camila => 1 => 142441 => CAMA CS KAPP FENIX S 855 BR/PTO => 1 => 140091 => G.ROUPA BERGAMO 6P LAZIO IMB/PTO => 0 =>  => 0 =>  => 0 =>  => 0 =>  => 0 =>  => 0 =>  => 0 =>  => 0 =>  => 0 =>  => 0 =>  => 0 =>  => 0 =>  => 0 =>  => 0 =>  => 0 =>  => 0 =>  => 0 =>  => 0 =>  => "

-------------------------------
 
ALTERAÇÃO DE CLIENTE
POST => "camila" Data => "2012-06-06 10:01:59", Alterou o Cliente de vale 487968 => "INFORMAÇÕES ALTERADAS => "1 => 3653 => 6 => 29 => 35 => 0 => 0 => 14/05/2012 => 487968 => 203 => 85339 => 14/05/2012 => JORGE LUIZ GOMES DOS REIS => 3792 / 199 => NADIR DE SIQUEIRA LOPES DE SOUZA => 20760070 => RUA: MINISTRO MAVIGNIER => 139 => CASA 02 => DEL CASTILHO => RIO DE JANEIRO => RJ => 3103-2012 =>  =>  => EM FRENTE A QUADRA SOCAYTE. => Email enviado ao naec dia 05-06-12 Camila => 1 => 136651 => COZINHA TELASSUL CRISTAL 80123 BR => 0 =>  => 0 =>  => 0 =>  => 0 =>  => 0 =>  => 0 =>  => 0 =>  => 0 =>  => 0 =>  => 0 =>  => 0 =>  => 0 =>  => 0 =>  => 0 =>  => 0 =>  => 0 =>  => 0 =>  => 0 =>  => 0 =>  => "

-------------------------------
 
ALTERAÇÃO DE CLIENTE
POST => "camila" Data => "2012-06-06 10:04:09", Alterou o Cliente de vale 489483 => "INFORMAÇÕES ALTERADAS => "1 => 3769 => 6 => 6 => 20 => 0 => 0 => 17/05/2012 => 489483 => 245 => 42605 => 16/05/2012 => JORGE MAURICIO RODRIGUES DA CO => 537109/199 => KATIA CRISTINA DE F SILVA => 22753501 => RUA: ARATICUM => 936 => CS29 => ANIL => RIO DE JANEIRO => RJ => 3183-6618 =>  =>  => Email enviado ao naec dia 05-06-12 Camila =>  => 1 => 135481 => COZ KIPLAC RENATA PLUS BR/PTO => 0 =>  => 0 =>  => 0 =>  => 0 =>  => 0 =>  => 0 =>  => 0 =>  => 0 =>  => 0 =>  => 0 =>  => 0 =>  => 0 =>  => 0 =>  => 0 =>  => 0 =>  => 0 =>  => 0 =>  => 0 =>  => 0 =>  => "

-------------------------------
 
ALTERAÇÃO DE CLIENTE
POST => "camila" Data => "2012-06-06 10:11:38", Alterou o Cliente de vale 489490 => "INFORMAÇÕES ALTERADAS => "1 => 3770 => 6 => 29 => 12 => 0 => 0 => 17/05/2012 => 489490 => 245 => 42605 => 16/05/2012 => JORGE MAURICIO RODRIGUES DA CO => 537148/199 => KATIA CRISTINA DE F SILVA => 22753501 => RUA: ARATICUM => 936 =>  => ANIL => RIO DE JANEIRO => RJ => 3183-6618 =>  =>  => Email enviado ao naec dia 05-06-12 Camila =>  => 1 => 135479 => BALCAO C/T KIPLAC RENATA PLUS BR/PT => 0 =>  => 0 =>  => 0 =>  => 0 =>  => 0 =>  => 0 =>  => 0 =>  => 0 =>  => 0 =>  => 0 =>  => 0 =>  => 0 =>  => 0 =>  => 0 =>  => 0 =>  => 0 =>  => 0 =>  => 0 =>  => 0 =>  => "

-------------------------------
 
ALTERAÇÃO DE CLIENTE
POST => "camila" Data => "2012-06-06 10:12:46", Alterou o Cliente de vale 490257 => "INFORMAÇÕES ALTERADAS => "1 => 3777 => 6 => 6 => 11 => 0 => 0 => 17/05/2012 => 490257 => 169 => 94810 => 17/05/2012 => ROSANA SOUZA MONTEIRO => 11199/199 => JULIMAR CORDEIRO CARVALHO => 20261020 => RUA: BATISTA DAS NEVES => 34 => AP 402 => RIO COMPRIDO => RIO DE JANEIRO => RJ => 3292-0425 => 8193-5497 =>  => PROX AO VIADUTO PAULO DE FRONTEM E RUA HADOCK LOBO. => Email enviado ao naec dia 05-06-12 Camila => 1 => 140391 => G.ROUPA ARAPLAC 8P AUSTRIA TB/BR => 0 =>  => 0 =>  => 0 =>  => 0 =>  => 0 =>  => 0 =>  => 0 =>  => 0 =>  => 0 =>  => 0 =>  => 0 =>  => 0 =>  => 0 =>  => 0 =>  => 0 =>  => 0 =>  => 0 =>  => 0 =>  => 0 =>  => "

-------------------------------
 
ALTERAÇÃO DE CLIENTE
POST => "camila" Data => "2012-06-06 10:15:13", Alterou o Cliente de vale 490270 => "INFORMAÇÕES ALTERADAS => "1 => 4091 => 6 => 10 => 11 => 0 => 0 => 05/06/2012 => 490270 => 197 => 490270 => 26/04/2012 => ADEILSON DA CRUZ GABRIEL => 426239 => LEANDRO DA SILVA SANTANA =>  => CESARIO => 14 => CASA => BANCO DE AREIA => MESQUITA =>  =>  =>  =>  => Email enviado ao naec dia 05-06-12 Camila =>  => 1 => 141552 => CJ SALA JANTAR ORTIZ VALENCIA 6C AMEN => 0 =>  => 0 =>  => 0 =>  => 0 =>  => 0 =>  => 0 =>  => 0 =>  => 0 =>  => 0 =>  => 0 =>  => 0 =>  => 0 =>  => 0 =>  => 0 =>  => 0 =>  => 0 =>  => 0 =>  => 0 =>  => 0 =>  => "

-------------------------------
 
ALTERAÇÃO DE CLIENTE
POST => "camila" Data => "2012-06-06 10:16:18", Alterou o Cliente de vale 494582 => "INFORMAÇÕES ALTERADAS => "1 => 4025 => 6 => 14 => 21 => 0 => 0 => 23/05/2012 => 494582 => 180 => 27139 => 23/05/2012 => RAFAEL DE MORAES LAPA => 192922/199 => ROSANA MARIA RIBEIRO MACHADO => 26082105 => BECO ANTOINIO PINTO DA FONSECA => 24 =>  => CACUIA => NOVA IGUAÇU => RJ => 2657-7870 =>  =>  => DEPOIS DO BRIZOLAO O BECO FICA AO LADO DA IGREJA UNIVERSAL PROC NET => Email enviado ao naec dia 05-06-12 Camila => 1 => 136865 => MESA 4C ARTEFAMOL PEROLA C/VD FUME => 0 =>  => 0 =>  => 0 =>  => 0 =>  => 0 =>  => 0 =>  => 0 =>  => 0 =>  => 0 =>  => 0 =>  => 0 =>  => 0 =>  => 0 =>  => 0 =>  => 0 =>  => 0 =>  => 0 =>  => 0 =>  => 0 =>  => "

-------------------------------
 
ALTERAÇÃO DE CLIENTE
POST => "camila" Data => "2012-06-06 10:17:17", Alterou o Cliente de vale 496978 => "INFORMAÇÕES ALTERADAS => "1 => 4098 => 6 => 6 => 21 => 0 => 0 => 05/06/2012 => 496978 => 212 => 3975 => 28/05/2012 => PEDRO DA SILVA PARANHOS => 47923/199 => CRISTIANO MOREIRA PINTO => 25000991 => TRAVESSA SIDONIO PAES => lt 06 => QD 3A => SAO BERNARDO => BELFORD ROXO => RJ => 9207-0462 =>  =>  => PROX AO CORPO DE BOMEIRO DA FINTE DA ROSA PROC ALINE => Email enviado ao naec dia 05-06-12 Camila => 1 => 8372 => G.ROUPA BP 3P DUBAY TB/BR/MP => 0 =>  => 0 =>  => 0 =>  => 0 =>  => 0 =>  => 0 =>  => 0 =>  => 0 =>  => 0 =>  => 0 =>  => 0 =>  => 0 =>  => 0 =>  => 0 =>  => 0 =>  => 0 =>  => 0 =>  => 0 =>  => 0 =>  => "

-------------------------------
 
ALTERAÇÃO DE CLIENTE
POST => "luciana" Data => "2012-06-06 10:18:05", Alterou o Cliente de vale 500545 => "INFORMAÇÕES ALTERADAS => "1 => 4074 => 5 => 22 => 10 => 0 => 0 => 04/06/2012 => 500545 => 629 => 629 => 04/06/2012 => ALVARO LIMA DA SILVA => 12045 => RENATA SANTANA => 23595040 => TREZE => 167 =>  => SANTA CRUZ => RIO DE JANEIRO => RJ => 7599-1861 =>  =>  => AGEND:TERÇA 5/6 cliente afirmar que CANCELOU A COMPRA  LUCIANA =>  => 1 => 140341 => BICAMA FRITZ TURIM BR/LILAS => 0 =>  => 0 =>  => 0 =>  => 0 =>  => 0 =>  => 0 =>  => 0 =>  => 0 =>  => 0 =>  => 0 =>  => 0 =>  => 0 =>  => 0 =>  => 0 =>  => 0 =>  => 0 =>  => 0 =>  => 0 =>  => 0 =>  => "

-------------------------------
 
ALTERAÇÃO DE CLIENTE
POST => "camila" Data => "2012-06-06 10:20:17", Alterou o Cliente de vale 499936 => "INFORMAÇÕES ALTERADAS => "1 => 4092 => 6 => 12 => 15 => 0 => 0 => 05/06/2012 => 499936 => 179 => 499936 => 02/06/2012 => MAURICIO GONÇALVES VIANA => 57970 => MARCIO DE OLIVEIRA BEZERRA =>  => JAPERI => 100 =>  => PARQUE SENHOR DO BOFIM => DUQUE DE CAXIAS =>  => 2652-3592 =>  =>  => TROCA COM REC PROX AO CHIQUINHO CAIPIRA/MARQUINHO OI => Email enviado ao naec dia 05-06-12 Camila => 1 => 136825 => BALC. ITAT. 1P 3G STILO BR/PTO => 1 => 136833 => PAN ITAT 2P 60CM ESQ STILO PTO => 0 =>  => 0 =>  => 0 =>  => 0 =>  => 0 =>  => 0 =>  => 0 =>  => 0 =>  => 0 =>  => 0 =>  => 0 =>  => 0 =>  => 0 =>  => 0 =>  => 0 =>  => 0 =>  => 0 =>  => 0 =>  => "

-------------------------------
 
ALTERAÇÃO DE CLIENTE
POST => "luciana" Data => "2012-06-06 10:25:41", Alterou o Cliente de vale 379523 => "INFORMAÇÕES ALTERADAS => "1 => 1430 => 5 => 20 => 25 => 0 => 0 => 16/03/2012 => 379523 => 180 => 38998 => 04/01/2012 => BARBARA CABRAL DE OLIVEIRA => 438809/199 => ESTEFANIO THOMAZ DA SILVA =>  => RUA ITOROROS => 160 => CASA => AUSTIN => NOVA IGUAÇU => RJ => 2764-3992 =>  =>  => COLEGIO WALFREDO RUA DA CAPELA.RELATORIO ENVIADO PARA MIRIAM DIA 6/6 LUCIANA  =>  => 1 => 135481 => COZ KIPLAC RENATA PLUS BR/PTO => 0 =>  => 0 =>  => 0 =>  => 0 =>  => 0 =>  => 0 =>  => 0 =>  => 0 =>  => 0 =>  => 0 =>  => 0 =>  => 0 =>  => 0 =>  => 0 =>  => 0 =>  => 0 =>  => 0 =>  => 0 =>  => 0 =>  => "

-------------------------------
 
ALTERAÇÃO DE CLIENTE
POST => "luciana" Data => "2012-06-06 10:43:44", Alterou o Cliente de vale 240214 => "INFORMAÇÕES ALTERADAS => "1 => 3863 => 5 => 34 => 19 => 2 => 0 => 24/05/2012 => 240214 => 239 => 18312 => 23/05/2012 => RENAN DE ARAUJO COSTA => 258656/199 => JOAO BOSCO DE AMORIM TAVARES => 24020340 => AV BRASIL  => 21158 => CASA 2 => BARROS FILHO => Rio de Janeiro => RJ => 2622-7523 => 8035-1085 =>  => prox ao viaduto de barros filho.Agend:7-06-12 CLIENTE CIENTE LUCIANA. =>  => 1 => 138066 => G.ROUPA ARAPLAC 12P DAKAR PLUS TB/AM => 0 =>  => 0 =>  => 0 =>  => 0 =>  => 0 =>  => 0 =>  => 0 =>  => 0 =>  => 0 =>  => 0 =>  => 0 =>  => 0 =>  => 0 =>  => 0 =>  => 0 =>  => 0 =>  => 0 =>  => 0 =>  => 0 =>  => "

-------------------------------
 
ALTERAÇÃO DE CLIENTE
POST => "luciana" Data => "2012-06-06 10:47:40", Alterou o Cliente de vale 450184 => "INFORMAÇÕES ALTERADAS => "1 => 4067 => 5 => 22 => 28 => 2 => 0 => 01/06/2012 => 450184 => 175 => 37152 => 24/03/2012 => ANSELMO DS SANTOS FARIAS => 509041/199 => ERNESTO RIOS DA CUNHA => 20531010 => RUA: ÂNGELO DOS REIS => 245 => CS 02 => ALTO DA BOA VISTA => RIO DE JANEIRO => RJ => 2278-4874 =>  =>  => ANTES DA SUBIDA DOUTOR CATRAMBI PROC ERNESTO OU TEREZINHA  AGEND: SEXTA 8/06 LUCIANA  =>  => 1 => 136216 => G.ROUPA MOVAL 6P PARIS TB/BR => 0 =>  => 0 =>  => 0 =>  => 0 =>  => 0 =>  => 0 =>  => 0 =>  => 0 =>  => 0 =>  => 0 =>  => 0 =>  => 0 =>  => 0 =>  => 0 =>  => 0 =>  => 0 =>  => 0 =>  => 0 =>  => 0 =>  => "

-------------------------------
 
ALTERAÇÃO DE CLIENTE
POST => "luciana" Data => "2012-06-06 10:50:37", Alterou o Cliente de vale 289580 => "INFORMAÇÕES ALTERADAS => "1 => 3416 => 5 => 42 => 8 => 2 => 0 => 11/05/2012 => 289580 => 246 => 17168 => 03/10/2011 => RUTE CALIXTO DA SILVA => 314534/199 => MARIA LUCIA SANTANA =>  => AVENIDA EDISON PASSOS => 23 => APTO 302 => ALTO DA BOA VISTA => RIO DE JANEIRO => RJ => 9636-6141 =>  =>  => EM FRENTE AO PONTO FINAL USINA.CLIENTE NÃO ATENDE O TEL ACIMA DIA 6/6 AS 10:5HS PARA AGENDAR PARA SEXTA 8/6 LUCIANA  =>  => 1 => 136216 => G.ROUPA MOVAL 6P PARIS TB/BR => 0 =>  => 0 =>  => 0 =>  => 0 =>  => 0 =>  => 0 =>  => 0 =>  => 0 =>  => 0 =>  => 0 =>  => 0 =>  => 0 =>  => 0 =>  => 0 =>  => 0 =>  => 0 =>  => 0 =>  => 0 =>  => 0 =>  => "

-------------------------------
 
ALTERAÇÃO DE CLIENTE
POST => "simone" Data => "2012-06-06 10:57:56", Alterou o Cliente de vale 497255 => "INFORMAÇÕES ALTERADAS => "1 => 3961 => 35 => 23 => 27 => 0 => 1 => 28/05/2012 => 497255 => 230 => 47668 => 28/05/2012 => ANDERSON DE LIMA BARBOSA => 158761 => JESUHUA FREITAS LEITE =>  => BERNARDINO DA SILVA MATOS => 75 => CASA 01 => SANTA CRUZ => RIO DE JANEIRO =>  => 7152-6267 => 3155-6657 => 8422-5170 => SEGUIR PELA ESTRADA JOAO XXIII ENTRAR NA RUA APOS O UPA 3 RUA A DIREITA AGEND: SEXTA 1.6 LUCIANA  => OBS: FALEICOM A MAE DONA EXPEDITA  => 1 => 135593 => G. ROUPA BP 2P LUKA BR/PTO => 0 =>  => 0 =>  => 0 =>  => 0 =>  => 0 =>  => 0 =>  => 0 =>  => 0 =>  => 0 =>  => 0 =>  => 0 =>  => 0 =>  => 0 =>  => 0 =>  => 0 =>  => 0 =>  => 0 =>  => 0 =>  => 0 =>  => "

-------------------------------
 
ALTERAÇÃO DE CLIENTE
POST => "simone" Data => "2012-06-06 11:05:27", Alterou o Cliente de vale 497255 => "INFORMAÇÕES ALTERADAS => "1 => 3961 => 35 => 47 => 24 => 0 => 1 => 28/05/2012 => 497255 => 230 => 47668 => 28/05/2012 => ANDERSON DE LIMA BARBOSA => 158761 => JESUHUA FREITAS LEITE =>  => BERNARDINO DA SILVA MATOS => 75 => CASA 01 => SANTA CRUZ => RIO DE JANEIRO =>  => 7152-6267 => 3155-6657 => 8422-5170 => SEGUIR PELA ESTRADA JOAO XXIII ENTRAR NA RUA APOS O UPA 3 RUA A DIREITA AGEND: SEXTA 1.6 LUCIANA ANTIGA RUA 17. => OBS: FALEI COM A MÃE DONA EXPEDITA, AGEND: 09/06/2012. => 1 => 135593 => G. ROUPA BP 2P LUKA BR/PTO => 0 =>  => 0 =>  => 0 =>  => 0 =>  => 0 =>  => 0 =>  => 0 =>  => 0 =>  => 0 =>  => 0 =>  => 0 =>  => 0 =>  => 0 =>  => 0 =>  => 0 =>  => 0 =>  => 0 =>  => 0 =>  => 0 =>  => "

-------------------------------
 
ALTERAÇÃO DE CLIENTE
POST => "luciana" Data => "2012-06-06 11:17:35", Alterou o Cliente de vale 569674 => "INFORMAÇÕES ALTERADAS => "1 => 3796 => 5 => 25 => 20 => 0 => 2 => 21/05/2012 => 569674 => 274 => 569674 => 21/05/2012 =>  =>  => DANILO MIZI SILVA =>  => DOM LEVIR => 95 =>  => NOVA MARILIA => MAGÉ =>  => 9877-7106 => 9629-8279 =>  => agend: terça  feira 29/5 Luciana  => PASSEI E-MAIL PARA O NAEC DIA 6/6 WAGNER ISABEL LUCIANA . => 1 => 8483 => G.ROUPA ESTRELA SONECA URSINHO BR/RS => 1 => 16452 => BERCO COMODA ESTRELA SONECA URSINHI BR => 0 =>  => 0 =>  => 0 =>  => 0 =>  => 0 =>  => 0 =>  => 0 =>  => 0 =>  => 0 =>  => 0 =>  => 0 =>  => 0 =>  => 0 =>  => 0 =>  => 0 =>  => 0 =>  => 0 =>  => 0 =>  => "

-------------------------------
 
ALTERAÇÃO DE CLIENTE
POST => "luciana" Data => "2012-06-06 11:40:17", Alterou o Cliente de vale 534564 => "INFORMAÇÕES ALTERADAS => "1 => 3142 => 5 => 17 => 10 => 0 => 2 => 08/05/2012 => 534564 => 274 => 534564 => 07/05/2012 =>  =>  => THAMIRES DA SILVA ROCHA =>  => RUA 03 => 240 =>  => VILA ESPERANÇA => MAGE => RJ => 3630-0711 => 8670-1791 =>  => NA SUBIDA DA RUA DA IGREJA BATISTA => AGEN A REVISÃO PARA DIA 05/06/2012 COM VALMIR , CONFIRMADO COM CLIENTE. PASSEI E-MAIL PARA O NAEC DIA 6/6 WAGNER AMARILDO LUCIANA  => 1 => 140391 => G.ROUPA ARAPLAC 8P AUSTRIA TB/BR => 0 =>  => 0 =>  => 0 =>  => 0 =>  => 0 =>  => 0 =>  => 0 =>  => 0 =>  => 0 =>  => 0 =>  => 0 =>  => 0 =>  => 0 =>  => 0 =>  => 0 =>  => 0 =>  => 0 =>  => 0 =>  => 0 =>  => "

-------------------------------
 
ALTERAÇÃO DE CLIENTE
POST => "luciana" Data => "2012-06-06 11:40:56", Alterou o Cliente de vale 534564 => "INFORMAÇÕES ALTERADAS => "1 => 3142 => 5 => 22 => 24 => 0 => 2 => 08/05/2012 => 534564 => 274 => 534564 => 07/05/2012 =>  =>  => THAMIRES DA SILVA ROCHA =>  => RUA 03 => 240 =>  => VILA ESPERANÇA => MAGE => RJ => 3630-0711 => 8670-1791 =>  => NA SUBIDA DA RUA DA IGREJA BATISTA => AGEN A REVISÃO PARA DIA 05/06/2012 COM VALMIR , CONFIRMADO COM CLIENTE. PASSEI E-MAIL PARA O NAEC DIA 6/6 WAGNER Euffuman E AMARILDO LUCIANA  => 1 => 140391 => G.ROUPA ARAPLAC 8P AUSTRIA TB/BR => 0 =>  => 0 =>  => 0 =>  => 0 =>  => 0 =>  => 0 =>  => 0 =>  => 0 =>  => 0 =>  => 0 =>  => 0 =>  => 0 =>  => 0 =>  => 0 =>  => 0 =>  => 0 =>  => 0 =>  => 0 =>  => 0 =>  => "

-------------------------------
 
ALTERAÇÃO DE CLIENTE
POST => "simone" Data => "2012-06-06 11:42:25", Alterou o Cliente de vale 540069 => "INFORMAÇÕES ALTERADAS => "1 => 3248 => 35 => 13 => 11 => 0 => 2 => 10/05/2012 => 540069 => 247 => 540069 => 10/05/2012 =>  =>  => VERA LUCIA DE MELO E SILVA =>  => JULIO NOGUEIRA => 111 => CASA => ANTONINA => SAO GONCALO => RJ => 7382-0863 => 8631-4198 => 7712-6635 => REF :  ATRAS DO COLEGIO VIEIRA BRUM E  LINHA DO TREM. => AGENDADO 01/06 MAS NÃO CONSEGUIR FALAR COM CLIENTE PARA FALAR DO AGENDAMENTO,MONTADOR VAI LIGAR PARA PEGAR TAMBÉM REFERENCIA! => 1 => 135251 => G.ROUPA FRITZ 6P DANY TB/BR => 0 =>  => 0 =>  => 0 =>  => 0 =>  => 0 =>  => 0 =>  => 0 =>  => 0 =>  => 0 =>  => 0 =>  => 0 =>  => 0 =>  => 0 =>  => 0 =>  => 0 =>  => 0 =>  => 0 =>  => 0 =>  => 0 =>  => "

-------------------------------
 
ALTERAÇÃO DE CLIENTE
POST => "luciana" Data => "2012-06-06 11:44:53", Alterou o Cliente de vale 534564 => "INFORMAÇÕES ALTERADAS => "1 => 3142 => 5 => 32 => 24 => 0 => 2 => 08/05/2012 => 534564 => 274 => 534564 => 07/05/2012 =>  =>  => THAMIRES DA SILVA ROCHA =>  => RUA 03 => 240 =>  => VILA ESPERANÇA => MAGE => RJ => 3630-0711 => 8670-1791 =>  => NA SUBIDA DA RUA DA IGREJA BATISTA => AGEN A REVISÃO PARA DIA 05/06/2012 COM VALMIR , CONFIRMADO COM CLIENTE. PASSEI E-MAIL PARA O NAEC DIA 6/6 WAGNER Euffuman E AMARILDO LUCIANA  => 1 => 140391 => G.ROUPA ARAPLAC 8P AUSTRIA TB/BR => 0 =>  => 0 =>  => 0 =>  => 0 =>  => 0 =>  => 0 =>  => 0 =>  => 0 =>  => 0 =>  => 0 =>  => 0 =>  => 0 =>  => 0 =>  => 0 =>  => 0 =>  => 0 =>  => 0 =>  => 0 =>  => 0 =>  => "

-------------------------------
 
ALTERAÇÃO DE CLIENTE
POST => "luciana" Data => "2012-06-06 11:52:06", Alterou o Cliente de vale 534564 => "INFORMAÇÕES ALTERADAS => "1 => 3142 => 5 => 5 => 21 => 0 => 2 => 08/05/2012 => 534564 => 274 => 534564 => 07/05/2012 =>  =>  => THAMIRES DA SILVA ROCHA =>  => RUA 03 => 240 =>  => VILA ESPERANÇA => MAGE => RJ => 3630-0711 => 8670-1791 =>  => NA SUBIDA DA RUA DA IGREJA BATISTA => AGEN A REVISÃO PARA DIA 05/06/2012 COM VALMIR , CONFIRMADO COM CLIENTE. PASSEI E-MAIL PARA O NAEC DIA 6/6 WAGNER Euffuman E AMARILDO LUCIANA  => 1 => 140391 => G.ROUPA ARAPLAC 8P AUSTRIA TB/BR => 0 =>  => 0 =>  => 0 =>  => 0 =>  => 0 =>  => 0 =>  => 0 =>  => 0 =>  => 0 =>  => 0 =>  => 0 =>  => 0 =>  => 0 =>  => 0 =>  => 0 =>  => 0 =>  => 0 =>  => 0 =>  => 0 =>  => "

-------------------------------
 
CADASTRO DE CLIENTE
POST => "" Data => "2012-06-06 12:03:15", Cadastrou o Cliente de vale 501639 => "INFORMAÇÕES CADASTRADAS => " => 31 => 14 => 0 => 0 => 06/06/2012 => 501639 => 274 => 13435 => 06/06/2012 => LUCIANA HELENA NASCIMENTO DINIZ => 523353/199 => MARIA APARECIDA OLIVEIRA VENTURA => 25900000 => RUA VEREADOR ANTONIO JOSE PEREIRA DA SILVA => 199 =>  => BARBUDA => MAGÉ => RJ => 8669-9091 =>  =>  => EM FRENTE A ARRACA DO ACAI PROC CLAUDIA => 01 => 5733 => MESA MARMORE LIVIA 4C QUA VERDE =>  =>  =>  =>  =>  =>  =>  =>  =>  =>  =>  =>  =>  =>  =>  =>  =>  =>  =>  =>  =>  =>  =>  =>  =>  =>  =>  =>  =>  =>  =>  =>  =>  =>  =>  =>  =>  =>  => "

-------------------------------
 
ALTERAÇÃO DE CLIENTE
POST => "luciana" Data => "2012-06-06 13:21:13", Alterou o Cliente de vale 497172 => "INFORMAÇÕES ALTERADAS => "1 => 3954 => 5 => 20 => 10 => 2 => 0 => 29/05/2012 => 497172 => 179 => 57381 => 28/05/2012 => LEONARDO OLIVEIRA DE FREITAS => 81488/S => KATIA DOS SANTOS MARQUES =>  => RUA ALMIRANTES ALEXANDRINO => 939 => CASA => PARQUE LAFAIETE => DUQUE DE CAXIAS => RJ => 2652-3956 =>  =>  => PX DA TORRE DA OI,PORTÃO DE GARAGEM BRANCO. PASSEI E-MAIL PARA ISABEL ,WAGNER DIA 6/6 LUCIANA  => DEFEITO: PRODUTO NÃO FOI MONTADO,	
POIS O VOLUME 1/2 VEIO FALTANDO.	
CLIENTE SOLICITA COM URGENCIA A 	
TROCA DO PRODUTO.E-MAIL COM LAUDO SOLICITANDO A TROCA DO PRODUTO ENVIADO NO DIA 31/05!	
	
 => 1 => 10230 => COMODA SAP RVTOPAZIO TB/BR => 0 =>  => 0 =>  => 0 =>  => 0 =>  => 0 =>  => 0 =>  => 0 =>  => 0 =>  => 0 =>  => 0 =>  => 0 =>  => 0 =>  => 0 =>  => 0 =>  => 0 =>  => 0 =>  => 0 =>  => 0 =>  => 0 =>  => "

-------------------------------
 
ALTERAÇÃO DE CLIENTE
POST => "luciana" Data => "2012-06-06 13:21:56", Alterou o Cliente de vale 40100 => "INFORMAÇÕES ALTERADAS => "1 => 4099 => 5 => 30 => 28 => 0 => 0 => 05/06/2012 => 40100 => 213 => 40100 => 02/06/2012 => ANA PAULA TEXEIRA BASTOS => 57958 => ADRIANA COSTA PEREIRA =>  => TREZE => 226 => CASA 01 => JARDIM IMBARIE => DUQUE DE CAXIAS =>  => 3666-1527 => 9159-4656 =>  => COM RECOLHIMENTO REF PROX AO DEPOSITO DAS CASAS BAHIA PROC  ADRIANA OU ANDREIA PASSEI E-MAIL PARA O NAEC DIA 6/6 WAGNER AMARILDO LUCIANA  => Email enviado ao naec dia 05-06-12 Camila => 1 => 135481 => COZ KIPLAC RENATA PLUS BR/PTO => 0 =>  => 0 =>  => 0 =>  => 0 =>  => 0 =>  => 0 =>  => 0 =>  => 0 =>  => 0 =>  => 0 =>  => 0 =>  => 0 =>  => 0 =>  => 0 =>  => 0 =>  => 0 =>  => 0 =>  => 0 =>  => 0 =>  => "

-------------------------------
 
ALTERAÇÃO DE CLIENTE
POST => "luciana" Data => "2012-06-06 13:28:15", Alterou o Cliente de vale 472701 => "INFORMAÇÕES ALTERADAS => "1 => 3225 => 5 => 18 => 15 => 0 => 0 => 11/05/2012 => 472701 => 241 => 759 => 18/04/2012 => ALESSANDRA SILVA DA ROCHA PAULO => 14359 => GISLANE CONRADO BAPTISTA =>  => ELISEU VISCONTI => 120 => APTO FDS => CATUMBI => RIO DE JANEIRO =>  => 8086-9690 =>  =>  => PERGUNTAR PELA QD VITALINO FRENTE DA CASA DA JUCIARA  CONFIRMEI COM O ESPOSO VAGNER agend: quarta 16/5 FICHA COM  JOSE FERNANDO  RELATORIO ENVIADO PARA MIRIAM DIA 28/5  LUCIANA....Email enviado ao naec dia 05-06-12 Camila => PASSEI E-MAIL PARA O NAEC WAGNER AMARILDO EUFFUMAN DIA 5/6 PARA PEDI AS PEÇAS  AMARILDO PASSOU O E-MAIL AFIRMAMDO QUE ESTA COZINHA NÃO TEM VIDRO .O MONTADOR WILTON VAI NA RESIDENCIA DA CLIENTE SEXTA 8/6 PARA VERIFICAR A COZINHA LUCIANA  => 1 => 136651 => COZINHA TELASSUL CRISTAL 80123 BR => 1 => 140391 => G.ROUPA ARAPLAC 8P AUSTRIA TB/BR => 0 =>  => 0 =>  => 0 =>  => 0 =>  => 0 =>  => 0 =>  => 0 =>  => 0 =>  => 0 =>  => 0 =>  => 0 =>  => 0 =>  => 0 =>  => 0 =>  => 0 =>  => 0 =>  => 0 =>  => 0 =>  => "

-------------------------------
 
ALTERAÇÃO DE CLIENTE
POST => "luciana" Data => "2012-06-06 13:30:00", Alterou o Cliente de vale 40100 => "INFORMAÇÕES ALTERADAS => "1 => 4099 => 5 => 16 => 15 => 0 => 0 => 05/06/2012 => 40100 => 213 => 40100 => 02/06/2012 => ANA PAULA TEXEIRA BASTOS => 57958 => ADRIANA COSTA PEREIRA =>  => TREZE => 226 => CASA 01 => JARDIM IMBARIE => DUQUE DE CAXIAS =>  => 3666-1527 => 9159-4656 =>  => COM RECOLHIMENTO REF PROX AO DEPOSITO DAS CASAS BAHIA PROC  ADRIANA OU ANDREIA passe- email para o naec dia 6/6 WAGNER E EUFF AMARILDO  LUCIANA  => Email enviado ao naec dia 05-06-12 Camila => 1 => 135481 => COZ KIPLAC RENATA PLUS BR/PTO => 0 =>  => 0 =>  => 0 =>  => 0 =>  => 0 =>  => 0 =>  => 0 =>  => 0 =>  => 0 =>  => 0 =>  => 0 =>  => 0 =>  => 0 =>  => 0 =>  => 0 =>  => 0 =>  => 0 =>  => 0 =>  => 0 =>  => "

-------------------------------
 
ALTERAÇÃO DE CLIENTE
POST => "luciana" Data => "2012-06-06 13:32:40", Alterou o Cliente de vale 484718 => "INFORMAÇÕES ALTERADAS => "1 => 3373 => 5 => 21 => 20 => 0 => 0 => 10/05/2012 => 484718 => 279 => 9057 => 09/05/2012 => DAYANA CRISTIANE DA SILVA KENG => 535493 / 199 => THIAGO PESSOA SILVA => 23560150 => ESTRADA: DO GUANDU => lt 9 => RUA 7 => SANTA CRUZ => RIO DE JANEIRO => RJ => 3365-5603 => 7673-8147 =>  => ATRAS A LONA CULTURAL.RELATORIO ENVIADO P/ MIRIAM DIA 6/6 LUCIANA  =>  => 1 => 134892 => COZ ITAT CRIATIVA MAXII2VPTO => 0 =>  => 0 =>  => 0 =>  => 0 =>  => 0 =>  => 0 =>  => 0 =>  => 0 =>  => 0 =>  => 0 =>  => 0 =>  => 0 =>  => 0 =>  => 0 =>  => 0 =>  => 0 =>  => 0 =>  => 0 =>  => 0 =>  => "

-------------------------------
 
ALTERAÇÃO DE CLIENTE
POST => "luciana" Data => "2012-06-06 13:36:39", Alterou o Cliente de vale 484850 => "INFORMAÇÕES ALTERADAS => "1 => 3356 => 5 => 21 => 19 => 0 => 0 => 10/05/2012 => 484850 => 230 => 143 => 09/05/2012 => EDESIO RORIGUES COELHO => 3636 / 199 => ANA LUCIA DA SILVA => 23520660 => RUA:DEZESSEIS => 57 => CASA => SANTA CRUZ => RIO DE JANEIRO => RJ => 2418-4257 =>  => 7731-8805 => CONJ NOVA SEPETIBA PROX A CRECHE VOVO BENTA E CAMPO DE FUTEBOL.AGEND: QUINTA 17/5  REAGENDEI COM O GILBERTO FILHO PARA SEXTA 25/5  RELATORIO ENVIADO P/ MIRIAM DIA 6/6 LUCIANA  =>  => 1 => 16410 => CJ EST RONDOMOVEIS 3/2L 380 TABUATR.CH => 0 =>  => 0 =>  => 0 =>  => 0 =>  => 0 =>  => 0 =>  => 0 =>  => 0 =>  => 0 =>  => 0 =>  => 0 =>  => 0 =>  => 0 =>  => 0 =>  => 0 =>  => 0 =>  => 0 =>  => 0 =>  => 0 =>  => "

-------------------------------
 
ALTERAÇÃO DE CLIENTE
POST => "luciana" Data => "2012-06-06 13:38:07", Alterou o Cliente de vale 484725 => "INFORMAÇÕES ALTERADAS => "1 => 3294 => 5 => 49 => 22 => 0 => 0 => 11/05/2012 => 484725 => 236 => 44857 => 09/05/2012 => EDIR SILVA DOS SANTOS => 528203 => MARIA AUXILIADORA BENTO GONZAGA =>  => ABILIO GONÇALVES => 443 => CASA 01 => RIACHAO => NOVA IGUAÇU =>  => 2698-8447 =>  =>  => RUA ATRAS DO BRIZOLAO PTO C CARLOS OU DONA MARAIA AS 11:00 FILHA  LAIS  => AGENDADO P/DIA 25/05,POIS CLIENTE SO VAI ESTA EM CASA ESSE DIA,CLIENTE TRABALHA FORA RELATORIO ENVIADO P/ MIRIAM DIA6/6 LUCIANA  => 1 => 134933 => ESTANTE CAEMMUN CLEAN TB/BR/MP => 0 =>  => 0 =>  => 0 =>  => 0 =>  => 0 =>  => 0 =>  => 0 =>  => 0 =>  => 0 =>  => 0 =>  => 0 =>  => 0 =>  => 0 =>  => 0 =>  => 0 =>  => 0 =>  => 0 =>  => 0 =>  => 0 =>  => "

-------------------------------
 
ALTERAÇÃO DE CLIENTE
POST => "luciana" Data => "2012-06-06 13:42:59", Alterou o Cliente de vale 332311 => "INFORMAÇÕES ALTERADAS => "1 => 4048 => 5 => 10 => 6 => 2 => 0 => 01/06/2012 => 332311 => 169 => 74518 => 19/11/2011 => RICARDO JOSE DEABREU => 367440/199 => KATIA SILVA DOS SANTOS FIRMINO => 20221161 => RUA: SACADURA CABRAL => 160 => AP62 => SAÚDE => RIO DE JANEIRO => RJ => 2516-7320 =>  =>  => NA IGREJA UNIVERSAL DO REINO DE DEUS PROC KATIA RELATORIO ENVIADO PARA MIRIAM DIA 6/6 LUCIANA  =>  => 1 => 134898 => COZ COMP ARAMOVEIS LILIAN PLUS  BR/PT => 0 =>  => 0 =>  => 0 =>  => 0 =>  => 0 =>  => 0 =>  => 0 =>  => 0 =>  => 0 =>  => 0 =>  => 0 =>  => 0 =>  => 0 =>  => 0 =>  => 0 =>  => 0 =>  => 0 =>  => 0 =>  => 0 =>  => "

-------------------------------
 
ALTERAÇÃO DE CLIENTE
POST => "luciana" Data => "2012-06-06 13:57:02", Alterou o Cliente de vale 548831 => "INFORMAÇÕES ALTERADAS => "1 => 3642 => 5 => 22 => 14 => 0 => 2 => 14/05/2012 => 548831 => 168 => 548831 => 09/05/2012 =>  =>  => DELFIM FERREIRA DOS SANTOS =>  => MORSE => 35 => CASA 3 FDS => VAZ LOBO => RIO DE JANEIRO => RJ => 9893-5094 =>  =>  => CLIENTE NÃO ATENDE O TEL ACIMA DIA 6/6 AS 13:52HS PARA AGENDAR PARA SABADO 9/6  PASSEI E-MAIL PARA I IGOR DIA 6/6 PARA PEDI OUTRO TEL DE CONTATO LUCIANA  =>  => 1 => 140391 => G.ROUPA ARAPLAC 8P AUSTRIA TB/BR => 0 =>  => 0 =>  => 0 =>  => 0 =>  => 0 =>  => 0 =>  => 0 =>  => 0 =>  => 0 =>  => 0 =>  => 0 =>  => 0 =>  => 0 =>  => 0 =>  => 0 =>  => 0 =>  => 0 =>  => 0 =>  => 0 =>  => "

-------------------------------
 
ALTERAÇÃO DE CLIENTE
POST => "luciana" Data => "2012-06-06 14:03:57", Alterou o Cliente de vale 450184 => "INFORMAÇÕES ALTERADAS => "1 => 4067 => 5 => 21 => 31 => 2 => 0 => 01/06/2012 => 450184 => 175 => 37152 => 24/03/2012 => ANSELMO DS SANTOS FARIAS => 509041/199 => ERNESTO RIOS DA CUNHA => 20531010 => RUA: ÂNGELO DOS REIS => 245 => CS 02 => ALTO DA BOA VISTA => RIO DE JANEIRO => RJ => 2278-4874 =>  =>  => ANTES DA SUBIDA DOUTOR CATRAMBI PROC ERNESTO OU TEREZINHA  AGEND: SEXTA 8/06 cliente ciente LUCIANA  =>  => 1 => 136216 => G.ROUPA MOVAL 6P PARIS TB/BR => 0 =>  => 0 =>  => 0 =>  => 0 =>  => 0 =>  => 0 =>  => 0 =>  => 0 =>  => 0 =>  => 0 =>  => 0 =>  => 0 =>  => 0 =>  => 0 =>  => 0 =>  => 0 =>  => 0 =>  => 0 =>  => 0 =>  => "

-------------------------------
 
ALTERAÇÃO DE CLIENTE
POST => "luciana" Data => "2012-06-06 14:32:51", Alterou o Cliente de vale 498220 => "INFORMAÇÕES ALTERADAS => "1 => 4058 => 5 => 22 => 21 => 2 => 0 => 01/06/2012 => 498220 => 169 => 78942 => 30/05/2012 => ROSANA SOUZA MONTEIRO => 392681/199 => ELIENE DOS SANTOS =>  => RUA PAULA MATOS => CASA 01 => B => SANTA TEREZA => RIO DE JANEIRO => RJ => 7212-8664 =>  =>  => PONTO FINAL DO 214. CONFIRMEI COM O COLEGA JOÃO PARA  QUINTA  7/6 LUCIANA =>  => 1 => 140391 => G.ROUPA ARAPLAC 8P AUSTRIA TB/BR => 0 =>  => 0 =>  => 0 =>  => 0 =>  => 0 =>  => 0 =>  => 0 =>  => 0 =>  => 0 =>  => 0 =>  => 0 =>  => 0 =>  => 0 =>  => 0 =>  => 0 =>  => 0 =>  => 0 =>  => 0 =>  => 0 =>  => "

-------------------------------
 
ALTERAÇÃO DE CLIENTE
POST => "simone" Data => "2012-06-06 16:54:25", Alterou o Cliente de vale 485354 => "INFORMAÇÕES ALTERADAS => "1 => 3335 => 35 => 39 => 29 => 0 => 0 => 10/05/2012 => 485354 => 238 => 67132 => 10/05/2012 => HUGO LEONARDO FERREIRA MORAIS => 538013 / 199 => PEDRO PAULO VEIGA => 23580250 => ESTRADA: DA PACIENCIA => 53 => CASA => PACIÊNCIA => RIO DE JANEIRO => RJ => 3394-6719 => 8409-1284 => 2409-8078 => CONFIRMEI COM O CLIENTE PARA SABADO 26/5 LUCIANA  =>  => 1 => 100136 => COZINHA ITAT DAYANE BR => 0 =>  => 0 =>  => 0 =>  => 0 =>  => 0 =>  => 0 =>  => 0 =>  => 0 =>  => 0 =>  => 0 =>  => 0 =>  => 0 =>  => 0 =>  => 0 =>  => 0 =>  => 0 =>  => 0 =>  => 0 =>  => 0 =>  => "

-------------------------------
 
ALTERAÇÃO DE CLIENTE
POST => "MIRIAN" Data => "2012-06-06 17:25:50", Alterou o Cliente de vale 564324 => "INFORMAÇÕES ALTERADAS => "1 => 3955 => 11 => 29 => 15 => 0 => 2 => 28/05/2012 => 564324 => 25 => 564326 => 28/05/2012 =>  =>  => NAILDE DE MEDEIROS =>  => CINCO => 6LT QD6 =>  => ENGENHO VELHO => ITABORAI =>  => 2785-7162 =>  =>  => 1°RUA APOS O ERCADO VIEIRA PROC IVONE passei e-mail para o naec  passando o laudo dia 6/6 WAGNER ISABEL LUCIANA  => filial 250 => 1 => 139576 => G ROUPA IRMOL 2P APOLO CHOC/IMB/MP => 0 =>  => 0 =>  => 0 =>  => 0 =>  => 0 =>  => 0 =>  => 0 =>  => 0 =>  => 0 =>  => 0 =>  => 0 =>  => 0 =>  => 0 =>  => 0 =>  => 0 =>  => 0 =>  => 0 =>  => 0 =>  => 0 =>  => "

-------------------------------
