 
ALTERAÇÃO DE CLIENTE
POST => "MIRIAN" Data => "2012-08-02 10:30:53", Alterou o Cliente de vale 521537 => "INFORMAÇÕES ALTERADAS => "1 => 4616 => 11 => 10 => 24 => 2 => 0 => 11/07/2012 => 521537 => 173 => 23274 => 11/07/2012 => LIDIA DA SILVA SANTOS => 228714/199 => JOSE ALEXANDRE POLICARPO => 21910130 => RUA: DOUTOR BERNARDINO GOMES => 250 =>  => BANCÁRIOS => RIO DE JANEIRO => RJ => 8105-5582 =>  =>  => PROX A CRECHE DO BARAO PROC DONA CELIA OU JOISE ALEXANDRE => agendado p/04/08/12. => 1 => 5730 => MESA GRANITO LIVIA 4C QUAD NAP/PTO => 0 =>  => 0 =>  => 0 =>  => 0 =>  => 0 =>  => 0 =>  => 0 =>  => 0 =>  => 0 =>  => 0 =>  => 0 =>  => 0 =>  => 0 =>  => 0 =>  => 0 =>  => 0 =>  => 0 =>  => 0 =>  => 0 =>  => "

-------------------------------
 
ALTERAÇÃO DE CLIENTE
POST => "luciana" Data => "2012-08-02 11:36:33", Alterou o Cliente de vale 496615 => "INFORMAÇÕES ALTERADAS => "1 => 4848 => 5 => 42 => 18 => 0 => 0 => 31/07/2012 => 496615 => 280 => 4484 => 26/05/2012 => LUDIANA BRAZ DE OLIVEIRA => 516980 => KEILA MARIA NASCIMENTO SILVA =>  => DOUTOR AREOLINO DE ABREU => 85 =>  => HONORIO GURGEL => RIO DE JANEIRO =>  => 3453-7256 =>  =>  => PROX A CRECHE DA PREFEITURA E ANTIGA FABRICA MUNDIAL => O MONTADOR AGENDOU DIRETO COM A CLIENTE PARA SABADO 4/8 LUCIANA  => 1 => 135481 => COZ KIPLAC RENATA PLUS BR/PTO => 1 => 135479 => BALCAO C/T KIPLAC RENATA PLUS BR/PT => 0 =>  => 0 =>  => 0 =>  => 0 =>  => 0 =>  => 0 =>  => 0 =>  => 0 =>  => 0 =>  => 0 =>  => 0 =>  => 0 =>  => 0 =>  => 0 =>  => 0 =>  => 0 =>  => 0 =>  => 0 =>  => "

-------------------------------
 
ALTERAÇÃO DE CLIENTE
POST => "MIRIAN" Data => "2012-08-02 12:26:27", Alterou o Cliente de vale 524443 => "INFORMAÇÕES ALTERADAS => "1 => 4721 => 11 => 24 => 21 => 0 => 1 => 18/09/2012 => 524443 => 230 => 27437 => 17/07/2012 => GLAUCE COSTA GABRIEL => 851 => LUIZ MAURICIO MIRANDA => 23040310 => RUA: LEÔNIDAS => 307 =>  => CAMPO GRANDE => RIO DE JANEIRO => RJ => 2394-8682 =>  =>  =>  =>  => 1 => 8340 => CAMA CS N HORIZ AREZZO TB/BR/MP => 0 =>  => 0 =>  => 0 =>  => 0 =>  => 0 =>  => 0 =>  => 0 =>  => 0 =>  => 0 =>  => 0 =>  => 0 =>  => 0 =>  => 0 =>  => 0 =>  => 0 =>  => 0 =>  => 0 =>  => 0 =>  => 0 =>  => "

-------------------------------
 
ALTERAÇÃO DE CLIENTE
POST => "MIRIAN" Data => "2012-08-02 12:41:28", Alterou o Cliente de vale 516518 => "INFORMAÇÕES ALTERADAS => "1 => 4431 => 11 => 23 => -1 => 0 => 0 => 04/07/2012 => 516518 => 246 => 24289 => 03/07/2012 => MOISES SILVA PIRES => 585/199 => HELIO GUIMARAES BARBOSA =>  => RUA PRINCIPAL  RUA  UM => 95 => CASA 02 ANDAR => ROCINHA => RIO DE JANEIRO => RJ => 3204-7211 => 9836-1603 =>  => PX A PADARIA NA CASA DO BARAO,SRA HELOA. => SEU WILTON VAI ATENDER 26/07/12//REAGENDADO P/06/08/12 => 1 => 135586 => CAMA CS BP DUBAY TB/BR/MP => 0 =>  => 0 =>  => 0 =>  => 0 =>  => 0 =>  => 0 =>  => 0 =>  => 0 =>  => 0 =>  => 0 =>  => 0 =>  => 0 =>  => 0 =>  => 0 =>  => 0 =>  => 0 =>  => 0 =>  => 0 =>  => 0 =>  => "

-------------------------------
 
ALTERAÇÃO DE CLIENTE
POST => "luciana" Data => "2012-08-02 13:16:17", Alterou o Cliente de vale 511639 => "INFORMAÇÕES ALTERADAS => "1 => 1647 => 5 => 49 => 22 => 0 => 2 => 20/03/2012 => 511639 => RE => 511639 => 15/03/2012 =>  =>  => QUITERIA MARIA DA SILVA =>  => CAMINHO FONTELO => 10 =>  => VARGEM GRANDE => RIO D EJANEIRO => RJ => 7624-6514 => 3416-2040 =>  => FICA EM FRENTE AO MERCADINHO DO MIGUEL => FEITO O PEDIDO DE PEÇAS DIA 2/8 LUCIANA  => 1 => 139537 => COZ ITA SUPREMA NOG/S LAC => 0 =>  => 0 =>  => 0 =>  => 0 =>  => 0 =>  => 0 =>  => 0 =>  => 0 =>  => 0 =>  => 0 =>  => 0 =>  => 0 =>  => 0 =>  => 0 =>  => 0 =>  => 0 =>  => 0 =>  => 0 =>  => 0 =>  => "

-------------------------------
 
ALTERAÇÃO DE CLIENTE
POST => "luciana" Data => "2012-08-02 13:23:22", Alterou o Cliente de vale 466109 => "INFORMAÇÕES ALTERADAS => "1 => 3199 => 5 => 17 => 9 => 0 => 2 => 09/05/2012 => 466109 => 171 => 466109 => 08/05/2012 =>  =>  => MARIA JAILSA CAETANO =>  => CAMINHO FONTELA => 50 =>  => VARGEM PEQUENA => RIO DE JANEIRO => RJ => 8314-1635 =>  =>  => PROX A ASSOCIAÇÃO DOS MORADORES PROC MARIA DE FATIMA => LAUDO ENVIADO DIA 2/8 LUCIANA  => 1 => 138033 => G.ROUPA ARAPLAC 10P ATLAN PLUS TB/AM => 0 =>  => 0 =>  => 0 =>  => 0 =>  => 0 =>  => 0 =>  => 0 =>  => 0 =>  => 0 =>  => 0 =>  => 0 =>  => 0 =>  => 0 =>  => 0 =>  => 0 =>  => 0 =>  => 0 =>  => 0 =>  => 0 =>  => "

-------------------------------
 
ALTERAÇÃO DE CLIENTE
POST => "luciana" Data => "2012-08-02 13:31:55", Alterou o Cliente de vale 531736 => "INFORMAÇÕES ALTERADAS => "1 => 2694 => 5 => 33 => 31 => 0 => 2 => 17/04/2012 => 531736 => 168 => 531736 => 17/04/2012 =>  =>  => GILBERTO PESSANHA DE OLIVEIRA =>  => TRAVESSA SANTA EDWIGES => 61 => CS 102 => VL VALQUEIRE => RIO DEJANEIRO => RJ => 8061-8024 => 7955-7470 =>  => NUM 1500 DA RUA QUIRIM ENTR DA VOAL AO LADO DA LOJA MAT DE CONSTRUÇÃO.AGEND:30-04-2012 Camila => FEITO PEDIDO DE PEÇA 02/05! FEITO O PEDIDO DE PEÇAS DIA 2/8 LUCIANA  => 1 => 139576 => G ROUPA IRMOL 2P APOLO CHOC/IMB/MP => 0 =>  => 0 =>  => 0 =>  => 0 =>  => 0 =>  => 0 =>  => 0 =>  => 0 =>  => 0 =>  => 0 =>  => 0 =>  => 0 =>  => 0 =>  => 0 =>  => 0 =>  => 0 =>  => 0 =>  => 0 =>  => 0 =>  => "

-------------------------------
 
ALTERAÇÃO DE CLIENTE
POST => "luciana" Data => "2012-08-02 13:35:53", Alterou o Cliente de vale 584464 => "INFORMAÇÕES ALTERADAS => "1 => 4597 => 5 => 44 => 23 => 0 => 2 => 12/07/2012 => 584464 => 214 => 584464 => 11/07/2012 =>  =>  => BARBARA DE OLIVEIRA SIQUEIRA =>  => 9 RUA JAVARI =>  => CASA LT 05 QD 44 => FAZENDA BRASIL => SILVA JARDIM => RJ => 2668-9322 => 9851-4127 =>  => NA RUA EM FRENTE O POSTO DE SAUDE,NA RUA DA MORTE,PEDIDO: 51466 =>  => 1 => 141552 => G.ROUPA BP 3P DUBAY TB/BR => 01 => 141552 => CJ SALA JANTAR ORTIZ VALENCIA 6C AMEN => 0 =>  => 0 =>  => 0 =>  => 0 =>  => 0 =>  => 0 =>  => 0 =>  => 0 =>  => 0 =>  => 0 =>  => 0 =>  => 0 =>  => 0 =>  => 0 =>  => 0 =>  => 0 =>  => 0 =>  => 0 =>  => "

-------------------------------
 
ALTERAÇÃO DE CLIENTE
POST => "luciana" Data => "2012-08-02 13:42:38", Alterou o Cliente de vale 584464 => "INFORMAÇÕES ALTERADAS => "1 => 4597 => 5 => 32 => 3 => 0 => 2 => 12/07/2012 => 584464 => 214 => 584464 => 11/07/2012 =>  =>  => BARBARA DE OLIVEIRA SIQUEIRA =>  => 9 RUA JAVARI =>  => CASA LT 05 QD 44 => FAZENDA BRASIL => SILVA JARDIM => RJ => 2668-9322 => 9851-4127 =>  => NA RUA EM FRENTE O POSTO DE SAUDE,NA RUA DA MORTE,PEDIDO: 51466 => LAUDO PASSADO DIA 2/8 LUCIANA  => 1 => 141552 => G.ROUPA BP 3P DUBAY TB/BR => 1 => 141552 => CJ SALA JANTAR ORTIZ VALENCIA 6C AMEN => 0 =>  => 0 =>  => 0 =>  => 0 =>  => 0 =>  => 0 =>  => 0 =>  => 0 =>  => 0 =>  => 0 =>  => 0 =>  => 0 =>  => 0 =>  => 0 =>  => 0 =>  => 0 =>  => 0 =>  => 0 =>  => "

-------------------------------
 
ALTERAÇÃO DE CLIENTE
POST => "luciana" Data => "2012-08-02 13:48:40", Alterou o Cliente de vale 525130 => "INFORMAÇÕES ALTERADAS => "1 => 3507 => 5 => 33 => 15 => 0 => 2 => 12/05/2012 => 525130 => 282 => 525130 => 11/05/2012 =>  =>  => ZELIA SANTOS BERNARDES =>  => RUA ORQUIDAS => 10 => CASA => ITANHANGA => RIO DE JANEIRO => RJ => 3116-0404 => 9511-7292 =>  => AREAL 1 RIO DAS PEDRAS RUA DEPOIS DA PADARIA DO CARECA. AGEND:SABADO 16/6 PASSEI E-MAIL PARA CAMILA ACOMPANHAR LUCIANA  => FEITO O PEDIDO DE PEÇAS DIA 2/8 LUCIANA  => 1 => 140391 => G.ROUPA ARAPLAC 8P AUSTRIA TB/BR => 0 =>  => 0 =>  => 0 =>  => 0 =>  => 0 =>  => 0 =>  => 0 =>  => 0 =>  => 0 =>  => 0 =>  => 0 =>  => 0 =>  => 0 =>  => 0 =>  => 0 =>  => 0 =>  => 0 =>  => 0 =>  => 0 =>  => "

-------------------------------
 
ALTERAÇÃO DE CLIENTE
POST => "luciana" Data => "2012-08-02 13:56:53", Alterou o Cliente de vale 555059 => "INFORMAÇÕES ALTERADAS => "1 => 4613 => 5 => 31 => 26 => 0 => 0 => 12/07/2012 => 555059 => 281 => 555059 => 11/07/2012 =>  =>  => JORGE RICARDO DE SOUZA =>  => ESTRADA DA GAVEA => 164 => CASA 3 => ROCINHA => RIO DE JANEIRO => RJ => 3205-3607 => 3205-3542 =>  => PROX BAR DA BAIXINHA. => LAUDO PASSADO DIA 2/8 LUCIANA . => 1 => 8372 => G.ROUPA BP 3P DUBAY TB/BR/MP => 0 =>  => 0 =>  => 0 =>  => 0 =>  => 0 =>  => 0 =>  => 0 =>  => 0 =>  => 0 =>  => 0 =>  => 0 =>  => 0 =>  => 0 =>  => 0 =>  => 0 =>  => 0 =>  => 0 =>  => 0 =>  => 0 =>  => "

-------------------------------
 
ALTERAÇÃO DE CLIENTE
POST => "luciana" Data => "2012-08-02 14:05:33", Alterou o Cliente de vale 539045 => "INFORMAÇÕES ALTERADAS => "1 => 4611 => 5 => 38 => 18 => 0 => 2 => 12/07/2012 => 539045 => 281 => 539045 => 11/07/2012 =>  =>  => FLAVIO DE MACEDO LOPES FERREIRA =>  => RUA ESTRADA DA GAVEA => 259 => CASA 1 => ROCINHA => RIO DE JANEIRO => RJ => 3204-6860 => 9823-6855 =>  => LOJA DE MATERIAL DA NORMA LIGAR PARA CLIENTE. => FEITO O PEDIDO DE PEÇAS DIA 2/8 LUCIANA  => 1 => 139576 => G ROUPA IRMOL 2P APOLO CHOC/IMB/MP => 0 =>  => 0 =>  => 0 =>  => 0 =>  => 0 =>  => 0 =>  => 0 =>  => 0 =>  => 0 =>  => 0 =>  => 0 =>  => 0 =>  => 0 =>  => 0 =>  => 0 =>  => 0 =>  => 0 =>  => 0 =>  => 0 =>  => "

-------------------------------
 
ALTERAÇÃO DE CLIENTE
POST => "luciana" Data => "2012-08-02 14:10:30", Alterou o Cliente de vale 527799 => "INFORMAÇÕES ALTERADAS => "1 => 4690 => 5 => 32 => 30 => 0 => 2 => 17/07/2012 => 527799 => 241 => 527799 => 16/07/2012 =>  =>  => ELAINE MAURICIA SILVA =>  => RUA JOAO DE LERI => 68 => CASA 04 => COSME VELHO => RIO DE JANEIRO => RJ => 3235-4415 => 9699-3271 =>  => PX A PAD DO GENECI,PEDIDO: 27324 => FEITO O PEDIDO DE PEÇAS DIA 2/8 LUCIANA  => 1 => 16419 => COZ. COMP ARAMOVEIS LILIAN PLUS BR/VD => 0 =>  => 0 =>  => 0 =>  => 0 =>  => 0 =>  => 0 =>  => 0 =>  => 0 =>  => 0 =>  => 0 =>  => 0 =>  => 0 =>  => 0 =>  => 0 =>  => 0 =>  => 0 =>  => 0 =>  => 0 =>  => 0 =>  => "

-------------------------------
 
ALTERAÇÃO DE CLIENTE
POST => "luciana" Data => "2012-08-02 14:15:13", Alterou o Cliente de vale 532940 => "INFORMAÇÕES ALTERADAS => "1 => 4831 => 5 => 17 => 21 => 0 => 2 => 30/07/2012 => 532940 => 182 => 532940 => 25/07/2012 =>  =>  => CLAUDIO FORTES DA SILVA =>  => RUA VICENTE CELESTINO => 707 => CS 01 => CENTRO => NILÓPOLIS => RJ => 3761-8065 =>  =>  => PROX A FARICA DE GESSO PROC JANEIDE PED.26318 => FEITO O PEDIDO DE PEÇAS DIA 31/7 LUCIANA  => 1 => 9072 => ARM.COLOR ECLIPSE 2P4G BAL C/T VD => 0 =>  => 0 =>  => 0 =>  => 0 =>  => 0 =>  => 0 =>  => 0 =>  => 0 =>  => 0 =>  => 0 =>  => 0 =>  => 0 =>  => 0 =>  => 0 =>  => 0 =>  => 0 =>  => 0 =>  => 0 =>  => 0 =>  => "

-------------------------------
 
ALTERAÇÃO DE CLIENTE
POST => "luciana" Data => "2012-08-02 14:20:00", Alterou o Cliente de vale 577118 => "INFORMAÇÕES ALTERADAS => "1 => 4686 => 5 => 27 => 20 => 0 => 2 => 17/07/2012 => 577118 => 281 => 577118 => 16/07/2012 =>  =>  => SANDRA HENRIQUE PEREIRA =>  => ESTRADA DA CANOA => 18 => CASA 03 => SAO CONRADO => RIO DE JANEIRO => RJ => 3322-2739 => 3594-9866 => 9722-8575 => PROC BAR DO FERRAO,ESTE E SOGRO DA SANDRA,APOS A CRECHE MUNICIPAL NP FINAL DA RUA,PEDIDO: 13341 => FEITO O PEDIDO DE PEÇAS DIA 2/8 LUCIANA  => 1 => 139576 => G ROUPA IRMOL 2P APOLO CHOC/IMB/MP => 0 =>  => 0 =>  => 0 =>  => 0 =>  => 0 =>  => 0 =>  => 0 =>  => 0 =>  => 0 =>  => 0 =>  => 0 =>  => 0 =>  => 0 =>  => 0 =>  => 0 =>  => 0 =>  => 0 =>  => 0 =>  => 0 =>  => "

-------------------------------
 
ALTERAÇÃO DE CLIENTE
POST => "MIRIAN" Data => "2012-08-02 15:03:51", Alterou o Cliente de vale 385161 => "INFORMAÇÕES ALTERADAS => "1 => 19 => 11 => 37 => 16 => 0 => 0 => 28/02/2012 => 385161 => 169 => 85242 => 28/02/2012 =>  =>  => RAUL VITOR DA SILVA MATOS =>  => SENADOR VERGUEIRO => 250 => 1104 => FLAMENGO => RIO DE JANEIRO =>  => 8089-0893 =>  =>  => FICA PROX AO FORNALHA E PRAIA DE BOTAFOGO PELA MANHA.FATURAMENTO DA NOTA 10/01/2012 => OBS: CLIENTE AUSENTE NO DIA 19/07/12 , PORTEIRO VALDECIR,  PREDIO MARRON E BRANCO, CLIENTE QUER A TROCA.LIGUEI NO DIA 24/07 PARA CLIENTE ,MAS SEM SUCESSO.ag com cliente p/01/08/12 as 14hs.MONTAGEM CONCLUIDA . => 1 => 140338 => G ROUPA FRITZ 3P MILAO AMEN/PTO => 0 =>  => 0 =>  => 0 =>  => 0 =>  => 0 =>  => 0 =>  => 0 =>  => 0 =>  => 0 =>  => 0 =>  => 0 =>  => 0 =>  => 0 =>  => 0 =>  => 0 =>  => 0 =>  => 0 =>  => 0 =>  => 0 =>  => "

-------------------------------
 
ALTERAÇÃO DE CLIENTE
POST => "luciana" Data => "2012-08-02 15:50:08", Alterou o Cliente de vale 619544 => "INFORMAÇÕES ALTERADAS => "1 => 4859 => 5 => 28 => 25 => 0 => 2 => 01/08/2012 => 619544 => 179 => 619544 => 31/07/2012 =>  =>  => CLAUDIO NUNES DOS SANTOS =>  => RUA SANTAQ ALEXANDRINA => lt 35 qd d =>  => PARQUE FLUMINENSE => DUQUE DE CAXIAS => RJ => 3134-2314 =>  =>  => FEITO O PEDIDO DE PEÇAS DIA 2/8 LUCIANA  =>  => 1 => 138033 => G.ROUPA ARAPLAC 10P ATLAN PLUS TB/AM => 0 =>  => 0 =>  => 0 =>  => 0 =>  => 0 =>  => 0 =>  => 0 =>  => 0 =>  => 0 =>  => 0 =>  => 0 =>  => 0 =>  => 0 =>  => 0 =>  => 0 =>  => 0 =>  => 0 =>  => 0 =>  => 0 =>  => "

-------------------------------
 
ALTERAÇÃO DE CLIENTE
POST => "camila" Data => "2012-08-02 16:30:47", Alterou o Cliente de vale 452390 => "INFORMAÇÕES ALTERADAS => "1 => 4430 => 6 => 14 => 8 => 0 => 0 => 04/07/2012 => 452390 => 177 => 32575 => 26/03/2012 => SERGIO DEL BIANCO => 516993/199 => EDCLEIDE DE ASSIS BARBOSA => 20551230 => RUA: SENADOR NABUCO => 480 => CS 01 => VILA ISABEL => RIO DE JANEIRO => RJ => 2258-7762 => 8664-1902 =>  => RUA AO LADO DA DELEGACIA E ANTIGO JD ZOO => Email enviado ao naec dia 02-08-12 Camila => 1 => 135481 => COZ KIPLAC RENATA PLUS BR/PTO => 0 =>  => 0 =>  => 0 =>  => 0 =>  => 0 =>  => 0 =>  => 0 =>  => 0 =>  => 0 =>  => 0 =>  => 0 =>  => 0 =>  => 0 =>  => 0 =>  => 0 =>  => 0 =>  => 0 =>  => 0 =>  => 0 =>  => "

-------------------------------
 
ALTERAÇÃO DE CLIENTE
POST => "camila" Data => "2012-08-02 16:33:15", Alterou o Cliente de vale 473357 => "INFORMAÇÕES ALTERADAS => "1 => 4667 => 6 => 21 => 15 => 0 => 0 => 16/07/2012 => 473357 => 172 => 929 => 19/04/2012 => ROBSON CLAYTON DA COSTA SERULO => 14267 => MARIA LUCIA DE SOUZA => 22911300 => LEOPOLDO BULHOES => 64 => CS1 => BENFICA => RIO DE JANEIRO =>  => 7239-9892 =>  =>  => Email enviado ao naec dia 02-08-12 Camila =>  => 1 => 135481 => COZ KIPLAC RENATA PLUS BR/PTO => 0 =>  => 0 =>  => 0 =>  => 0 =>  => 0 =>  => 0 =>  => 0 =>  => 0 =>  => 0 =>  => 0 =>  => 0 =>  => 0 =>  => 0 =>  => 0 =>  => 0 =>  => 0 =>  => 0 =>  => 0 =>  => 0 =>  => "

-------------------------------
 
ALTERAÇÃO DE CLIENTE
POST => "camila" Data => "2012-08-02 16:38:17", Alterou o Cliente de vale 477610 => "INFORMAÇÕES ALTERADAS => "1 => 4404 => 6 => 19 => 22 => 0 => 0 => 28/06/2012 => 477610 => 208 => 242 => 27/04/2012 => GILBERTO BHI DE OLIVEIRA => 20801/199 => ROSINEA MENDES DAMAZIO => 21210340 => RUA: CAROEN => 366 =>  => PENHA CIRCULAR => RIO DE JANEIRO => RJ => 7643-1505 =>  =>  => Email enviado ao naec dia 02-08-12 Camila =>  => 1 => 100136 => COZINHA ITAT DAYANE BR => 0 =>  => 0 =>  => 0 =>  => 0 =>  => 0 =>  => 0 =>  => 0 =>  => 0 =>  => 0 =>  => 0 =>  => 0 =>  => 0 =>  => 0 =>  => 0 =>  => 0 =>  => 0 =>  => 0 =>  => 0 =>  => 0 =>  => "

-------------------------------
 
ALTERAÇÃO DE CLIENTE
POST => "camila" Data => "2012-08-02 16:40:24", Alterou o Cliente de vale 481925 => "INFORMAÇÕES ALTERADAS => "1 => 4552 => 6 => 26 => 9 => 0 => 0 => 10/07/2012 => 481925 => 169 => 2281 => 05/05/2012 => RICARDO JOSE DE ABREU => 27044/199 => ANA ROSA TEOFILO ADOLFO =>  => RUA HERMINIO SILVA => 10 CASA => VILA => SAO CRISTOVAO => RIO DE JANEIRO => RJ => 3860-1085 => 2580-6319 =>  => FICA NO PARQUE ALEGIRA,EM FRENTE AO BAR DO ZE DO COCO. => Email enviado ao naec dia 02-08-12 Camila => 1 => 139504 => PAN.ITAT.6P VID PREMIUM PTO => 1 => 139517 => KIT ITAT I3 VD FL CRIATIVA 5P/4G PT => 0 =>  => 0 =>  => 0 =>  => 0 =>  => 0 =>  => 0 =>  => 0 =>  => 0 =>  => 0 =>  => 0 =>  => 0 =>  => 0 =>  => 0 =>  => 0 =>  => 0 =>  => 0 =>  => 0 =>  => 0 =>  => "

-------------------------------
 
ALTERAÇÃO DE CLIENTE
POST => "camila" Data => "2012-08-02 16:43:08", Alterou o Cliente de vale 496268 => "INFORMAÇÕES ALTERADAS => "1 => 3968 => 6 => 40 => 17 => 0 => 0 => 29/05/2012 => 496268 => 203 => 496268 => 26/05/2012 => MARCOS MOURA => 19590/199 => ANTONIO DA SILVA PIO => 20771490 => RUA: BAMBORE => 250 => AP 102 => DEL CASTILHO => RIO DE JANEIRO => RJ => 2228-0850 => 3566-1125 =>  => PROX A CADETRAL DA FE PED.1800 => Email enviado ao naec dia 02-08-12 Camila => 1 => 136216 => G.ROUPA MOVAL 6P PARIS TB/BR => 1 => 135466 => CJ EST LINOFORTE SALVADOR 3X2L BE => 0 =>  => 0 =>  => 0 =>  => 0 =>  => 0 =>  => 0 =>  => 0 =>  => 0 =>  => 0 =>  => 0 =>  => 0 =>  => 0 =>  => 0 =>  => 0 =>  => 0 =>  => 0 =>  => 0 =>  => 0 =>  => "

-------------------------------
 
ALTERAÇÃO DE CLIENTE
POST => "camila" Data => "2012-08-02 16:45:09", Alterou o Cliente de vale 496851 => "INFORMAÇÕES ALTERADAS => "1 => 4470 => 6 => 41 => 14 => 0 => 0 => 06/07/2012 => 496851 => 169 => 4760 => 28/05/2012 => RICARDO JOSE DE ABREU =>  => LUCICLEIDE MARIA DA SILVA =>  => SEBASTIAO SIMOES => 33 => CASA FDS => ESTACIO => RIO DE JANEIRO =>  => 3971-1901 => 7741-1222 =>  => FICA PROX A PADARIA DO JESSE PROC ENTREGA DJ THIAGO BINHA URGENCIA ENTREGA => Email enviado ao naec dia 02-08-12 Camila => 1 => 136651 => COZINHA TELASSUL CRISTAL 80123 BR => 1 => 136654 => BALCAO C/T TELASUL CRISTAL BR => 0 =>  => 0 =>  => 0 =>  => 0 =>  => 0 =>  => 0 =>  => 0 =>  => 0 =>  => 0 =>  => 0 =>  => 0 =>  => 0 =>  => 0 =>  => 0 =>  => 0 =>  => 0 =>  => 0 =>  => 0 =>  => "

-------------------------------
 
ALTERAÇÃO DE CLIENTE
POST => "camila" Data => "2012-08-02 16:47:25", Alterou o Cliente de vale 511282 => "INFORMAÇÕES ALTERADAS => "1 => 4322 => 6 => 24 => 32 => 0 => 0 => 26/06/2012 => 511282 => 169 => 94195 => 26/06/2012 => RICARDO JOSE DE ABREU => 531905/199 => IZABEL CRISTINA ALVES DE MELLO => 20241260 => RUA: ALMIRANTE ALEXANDRINO => 535 => AP 304 => SANTA TERESA => RIO DE JANEIRO => RJ => 2224-5292 =>  =>  => Email enviado ao naec dia 02-08-12 Camila => agendado p/25/07/12. => 1 => 140041 => SAPATEIRA CARRARO MULTI => 0 =>  => 0 =>  => 0 =>  => 0 =>  => 0 =>  => 0 =>  => 0 =>  => 0 =>  => 0 =>  => 0 =>  => 0 =>  => 0 =>  => 0 =>  => 0 =>  => 0 =>  => 0 =>  => 0 =>  => 0 =>  => 0 =>  => "

-------------------------------
 
ALTERAÇÃO DE CLIENTE
POST => "camila" Data => "2012-08-02 16:48:39", Alterou o Cliente de vale 512786 => "INFORMAÇÕES ALTERADAS => "1 => 4465 => 6 => 29 => 13 => 0 => 0 => 06/07/2012 => 512786 => 169 => 55 => 28/06/2012 => RICARDO JOSE DE ABREU => 564 => SONIA REGINA DA COSTA SERAFIM =>  => RUA DA LIBERDADE => 11 => CASA => SAO CRISTOVÃO => RIO DE JANEIRO =>  =>  =>  =>  => FICA PROX A PRAÇA ARGENTINA PRIMEIRA ESQUERDA PROC ENTRAR SRA MARIA OU LUCAS PREF A TARDE A PEDIDO O CLIENTE => Email enviado ao naec dia 02-08-12 Camila => 1 => 140094 => G.ROUPA BERGAMO 5P LISBOA IMB/PTO => 0 =>  => 0 =>  => 0 =>  => 0 =>  => 0 =>  => 0 =>  => 0 =>  => 0 =>  => 0 =>  => 0 =>  => 0 =>  => 0 =>  => 0 =>  => 0 =>  => 0 =>  => 0 =>  => 0 =>  => 0 =>  => 0 =>  => "

-------------------------------
 
ALTERAÇÃO DE CLIENTE
POST => "camila" Data => "2012-08-02 16:49:54", Alterou o Cliente de vale 517525 => "INFORMAÇÕES ALTERADAS => "1 => 4436 => 6 => 36 => 20 => 0 => 0 => 04/07/2012 => 517525 => 203 => 84861 => 04/07/2012 => MARCOS MOURA => 534193/199 => EVANDRO GONÇALVES DE OLIVEIRA => 21040011 => RUA AV ERNANI CARDOSO => 217 => BL 2 AP 408 => CASCADURA => RIO DE JANEIRO => RJ => 2229-5913 => 9666-9614 =>  => ENTRE A SARGENTO DE CASCADURA E COLEGIO MV1...Email enviado ao naec dia 02-08-12 Camila => FEITO NA SEXTA 13/07 => 1 => 8323 => RACK SOMOPAR 20000 TB/MP => 0 =>  => 0 =>  => 0 =>  => 0 =>  => 0 =>  => 0 =>  => 0 =>  => 0 =>  => 0 =>  => 0 =>  => 0 =>  => 0 =>  => 0 =>  => 0 =>  => 0 =>  => 0 =>  => 0 =>  => 0 =>  => 0 =>  => "

-------------------------------
 
ALTERAÇÃO DE CLIENTE
POST => "camila" Data => "2012-08-02 16:51:28", Alterou o Cliente de vale 519048 => "INFORMAÇÕES ALTERADAS => "1 => 4507 => 6 => 32 => 19 => 0 => 0 => 06/07/2012 => 519048 => 241 => 43164 => 06/07/2012 => JULIO CESAR VIEIRA SOARES =>  => JOAO MAIA MELO => 20940190 => RUA: ESCOBAR => 65 =>  => SÃO CRISTÓVÃO => RIO DE JANEIRO => RJ => 2580-5211 => 9479-9180 =>  => PROX A RUA SAO CRISTOVAO E COIL GONCALVES DIAS PROC SR JOAO....Email enviado ao naec dia 02-08-12 Camila => OBS: CLIENTE INFORMOU QUE FOI MONTADO A MESA, MAS QUE TEM UMA TABUA PARA SER MONTADA => 1 => 140344 => MESA FRITZ 4C MEGA AMEN/PTO => 0 =>  => 0 =>  => 0 =>  => 0 =>  => 0 =>  => 0 =>  => 0 =>  => 0 =>  => 0 =>  => 0 =>  => 0 =>  => 0 =>  => 0 =>  => 0 =>  => 0 =>  => 0 =>  => 0 =>  => 0 =>  => 0 =>  => "

-------------------------------
 
ALTERAÇÃO DE CLIENTE
POST => "camila" Data => "2012-08-02 16:53:16", Alterou o Cliente de vale 519051 => "INFORMAÇÕES ALTERADAS => "1 => 4509 => 6 => 42 => 14 => 0 => 0 => 06/07/2012 => 519051 => 169 => 94847 => 06/07/2012 => RICARDO JOSE DE ABREU =>  => JACIARA ALMIRA DA SILVA => 20081220 => TRAVESSA: MATO GROSSO => 7 =>  => SAÚDE => RIO DE JANEIRO => RJ => 2203-2517 =>  =>  => FICA NO JOGO DA BOLA PROX A 5DL PROC SRA JACIARA SOLICITA URGENCIA => Email enviado ao naec dia 02-08-12 Camila => 1 => 100136 => COZINHA ITAT DAYANE BR => 1 => 138066 => G.ROUPA ARAPLAC 12P DAKAR PLUS TB/AM => 0 =>  => 0 =>  => 0 =>  => 0 =>  => 0 =>  => 0 =>  => 0 =>  => 0 =>  => 0 =>  => 0 =>  => 0 =>  => 0 =>  => 0 =>  => 0 =>  => 0 =>  => 0 =>  => 0 =>  => 0 =>  => "

-------------------------------
 
ALTERAÇÃO DE CLIENTE
POST => "camila" Data => "2012-08-02 16:54:17", Alterou o Cliente de vale 519814 => "INFORMAÇÕES ALTERADAS => "1 => 4541 => 6 => 34 => 27 => 0 => 0 => 10/07/2012 => 519814 => 171 => 7342 => 09/07/2012 => PENHA ROSANA DA SILVA CAMPOS => 71608/199 => ANA PAULA DA SILVA BEZERA =>  => RUA SAPOPEMBA => 1020 => CASA 13 APTO 202 => BENTO RIBEIRO => RIO DE JANEIRO => RJ => 7766-6210 =>  =>  => ATRAS DO SUPERMERCADO EXTRA DE BENTO RIBEIRO. => Email enviado ao naec dia 02-08-12 Camila => 1 => 140094 => G.ROUPA BERGAMO 5P LISBOA IMB/PTO => 0 =>  => 0 =>  => 0 =>  => 0 =>  => 0 =>  => 0 =>  => 0 =>  => 0 =>  => 0 =>  => 0 =>  => 0 =>  => 0 =>  => 0 =>  => 0 =>  => 0 =>  => 0 =>  => 0 =>  => 0 =>  => 0 =>  => "

-------------------------------
 
ALTERAÇÃO DE CLIENTE
POST => "camila" Data => "2012-08-02 16:55:32", Alterou o Cliente de vale 519901 => "INFORMAÇÕES ALTERADAS => "1 => 4556 => 6 => 3 => 37 => 0 => 0 => 10/07/2012 => 519901 => 169 => 95323 => 09/07/2012 => RICARDO JOSE DE ABREU => 3886/199 => DANIELLA DA SILVA =>  => RUA PEDRO AMERICO => 775 => CASA E => CATETE => RIO DE JANEIRO => RJ => 2285-7305 =>  =>  => PX A DELEGACIA DO BAIRRO E DA QUADRA DA PEDRO AMERICA. => Email enviado ao naec dia 02-08-12 Camila => 1 => 140391 => G.ROUPA ARAPLAC 8P AUSTRIA TB/BR => 0 =>  => 0 =>  => 0 =>  => 0 =>  => 0 =>  => 0 =>  => 0 =>  => 0 =>  => 0 =>  => 0 =>  => 0 =>  => 0 =>  => 0 =>  => 0 =>  => 0 =>  => 0 =>  => 0 =>  => 0 =>  => 0 =>  => "

-------------------------------
 
ALTERAÇÃO DE CLIENTE
POST => "camila" Data => "2012-08-02 16:57:16", Alterou o Cliente de vale 519911 => "INFORMAÇÕES ALTERADAS => "1 => 4555 => 6 => 33 => 19 => 0 => 0 => 10/07/2012 => 519911 => 203 => 85462 => 09/07/2012 => MARCOS MOURA => 1075/199 => MAYARA P SOARES SANTANA =>  => RUA MEDINA => 226 => APTO 411 => MEIER => RIO DE JANEIRO => RJ => 3546-1246 =>  =>  => AO LADO DO COLEGIO. => Email enviado ao naec dia 02-08-12 Camila => 1 => 140391 => G.ROUPA ARAPLAC 8P AUSTRIA TB/BR => 0 =>  => 0 =>  => 0 =>  => 0 =>  => 0 =>  => 0 =>  => 0 =>  => 0 =>  => 0 =>  => 0 =>  => 0 =>  => 0 =>  => 0 =>  => 0 =>  => 0 =>  => 0 =>  => 0 =>  => 0 =>  => 0 =>  => "

-------------------------------
 
ALTERAÇÃO DE CLIENTE
POST => "camila" Data => "2012-08-02 16:58:55", Alterou o Cliente de vale 519973 => "INFORMAÇÕES ALTERADAS => "1 => 4554 => 6 => 25 => 17 => 0 => 0 => 10/07/2012 => 519973 => 169 => 95308 => 09/07/2012 => ROSANA SOUZA MONTEIRO => 737/199 => CLEITON VALENTIN CARVALHO =>  => RUA MIGUEL RESENDE => 541 => APTO 101 => SANTA TEREZA => RIO DE JANEIRO => RJ => 2293-6890 => 8104-7463 =>  => PX AO POSTO DE SAUDE. => Email enviado ao naec dia 02-08-12 Camila => 1 => 136651 => COZINHA TELASSUL CRISTAL 80123 BR => 0 =>  => 0 =>  => 0 =>  => 0 =>  => 0 =>  => 0 =>  => 0 =>  => 0 =>  => 0 =>  => 0 =>  => 0 =>  => 0 =>  => 0 =>  => 0 =>  => 0 =>  => 0 =>  => 0 =>  => 0 =>  => 0 =>  => "

-------------------------------
 
ALTERAÇÃO DE CLIENTE
POST => "camila" Data => "2012-08-02 17:00:16", Alterou o Cliente de vale 521680 => "INFORMAÇÕES ALTERADAS => "1 => 4645 => 6 => 20 => 17 => 0 => 0 => 16/07/2012 => 521680 => 179 => 22687 => 12/07/2012 => FERNANDO ARAUJO DA SILVA => 80102 => IVONETE ALVES DE MELLO PEREIRA =>  => BARBOSA DE ARAUJO => 110 => CASA FDS => PARQUE FELICIDADE => DUQUE DE CAXIAS =>  =>  =>  =>  => PROX A ESCOLA MUNICIPAL PROFESSOR HONORES PROX A UMA PADARIA...Email enviado ao naec dia 02-08-12 Camila => agend: 24/7 LUCIANA //REAGENDADO P/28/07/12 => 1 => 134892 => COZ ITAT CRIATIVA MAXII2VPTO => 0 =>  => 0 =>  => 0 =>  => 0 =>  => 0 =>  => 0 =>  => 0 =>  => 0 =>  => 0 =>  => 0 =>  => 0 =>  => 0 =>  => 0 =>  => 0 =>  => 0 =>  => 0 =>  => 0 =>  => 0 =>  => 0 =>  => "

-------------------------------
 
ALTERAÇÃO DE CLIENTE
POST => "camila" Data => "2012-08-02 17:04:33", Alterou o Cliente de vale 521871 => "INFORMAÇÕES ALTERADAS => "1 => 4639 => 6 => 24 => 2 => 0 => 0 => 16/07/2012 => 521871 => 179 => 23937 => 12/07/2012 => RONALDO BARBSA DE MOURA => 83764 => RICARDO GONÇALVES DE BARROS =>  => AVENIDA CALOMBE => 999 =>  => PILLAR => DUQUE DE CAXIAS =>  =>  =>  =>  => PROX AO POSTO BRAVO O MONTADOR REAGENDOU COM O CLIENTE PARA SEGUNDA 30/7 LUCIANA ...Email enviado ao naec dia 02-08-12 Camila => O MONTADOR INFORMA QUE TINHA UM BALÇÃO FEITO O PEDIDO DO VALE PARA LIDIANE DIA 31/7 LUCIANA  => 1 => 134892 => COZ ITAT CRIATIVA MAXII2VPTO => 0 =>  => 0 =>  => 0 =>  => 0 =>  => 0 =>  => 0 =>  => 0 =>  => 0 =>  => 0 =>  => 0 =>  => 0 =>  => 0 =>  => 0 =>  => 0 =>  => 0 =>  => 0 =>  => 0 =>  => 0 =>  => 0 =>  => "

-------------------------------
 
ALTERAÇÃO DE CLIENTE
POST => "camila" Data => "2012-08-02 17:07:02", Alterou o Cliente de vale 521894 => "INFORMAÇÕES ALTERADAS => "1 => 4652 => 6 => 29 => 5 => 0 => 0 => 16/07/2012 => 521894 => 236 => 6366 => 12/07/2012 => EDIR SILVA DOS SANTOS => 82640/199 => MARIA DA CONCEIÇÃO VIEIRA LEAO => 25065030 => RUA: DEPUTADO SÁ REGO => 66 => 16 => VILA SÃO LUÍS => DUQUE DE CAXIAS => RJ => 9187-5402 => 9350-6266 =>  => ATRAS DA FABRICA PORTA CAXIAS LIGAR ANTES CASA VAZIA...Email enviado ao naec dia 02-08-12 Camila => AGEND: 24/7 LUCIANA  => 1 => 138033 => G.ROUPA ARAPLAC 10P ATLAN PLUS TB/AM => 0 =>  => 0 =>  => 0 =>  => 0 =>  => 0 =>  => 0 =>  => 0 =>  => 0 =>  => 0 =>  => 0 =>  => 0 =>  => 0 =>  => 0 =>  => 0 =>  => 0 =>  => 0 =>  => 0 =>  => 0 =>  => 0 =>  => "

-------------------------------
 
ALTERAÇÃO DE CLIENTE
POST => "camila" Data => "2012-08-02 17:07:46", Alterou o Cliente de vale 524812 => "INFORMAÇÕES ALTERADAS => "1 => 4729 => 6 => 23 => 25 => 0 => 0 => 17/07/2012 => 524812 => 194 => 42185 => 17/07/2012 => SIMONE MAIA MACIERA LOPES => 527097/199 => ROSANGELA MARIA SANTOS => 21073060 => RUA: TENENTE PIMENTEL => 346 => CS02 => OLARIA => RIO DE JANEIRO => RJ =>  =>  =>  => EM FRENTE AO ANTIGO CINEMA OLARIA => Email enviado ao naec dia 02-08-12 Camila => 1 => 135479 => BALCAO C/T KIPLAC RENATA PLUS BR/PT => 0 =>  => 0 =>  => 0 =>  => 0 =>  => 0 =>  => 0 =>  => 0 =>  => 0 =>  => 0 =>  => 0 =>  => 0 =>  => 0 =>  => 0 =>  => 0 =>  => 0 =>  => 0 =>  => 0 =>  => 0 =>  => 0 =>  => "

-------------------------------
 
ALTERAÇÃO DE CLIENTE
POST => "camila" Data => "2012-08-02 17:27:25", Alterou o Cliente de vale 525966 => "INFORMAÇÕES ALTERADAS => "1 => 4813 => 6 => 35 => 15 => 0 => 0 => 19/07/2012 => 525966 => 230 => 8885 => 19/07/2012 => EDMILSON SILVA LUZ => 78110/199 => ROGERIO BARBOSA DE MOURA => 23082055 => S LT => 12 =>  => CAMPO GRANDE => RIO DE JANEIRO => RJ =>  =>  =>  => ESTR RIO SAO PAULO BAIRRO JARDIM LETICIA PROX AO MERCADO PRINCIPAL E LJ MAT CONST MAZINHO PROC CLARICE OU CINTIA => EMAIL ENVIADO AO NAEC DIA 02-08-12 CAMILA => 1 => 135481 => COZ KIPLAC RENATA PLUS BR/PTO => 0 =>  => 0 =>  => 0 =>  => 0 =>  => 0 =>  => 0 =>  => 0 =>  => 0 =>  => 0 =>  => 0 =>  => 0 =>  => 0 =>  => 0 =>  => 0 =>  => 0 =>  => 0 =>  => 0 =>  => 0 =>  => 0 =>  => "

-------------------------------
 
ALTERAÇÃO DE CLIENTE
POST => "camila" Data => "2012-08-02 17:30:08", Alterou o Cliente de vale 484899 => "INFORMAÇÕES ALTERADAS => "1 => 3333 => 6 => 21 => 19 => 0 => 0 => 10/05/2012 => 484899 => 230 => 83603 => 10/05/2012 => ANDERSON DE LIMA BARBOSA => 485559 / 199 => MARIA JESUS CARVALHO DA NOBREGA => 23075450 => RUA:FRANCISCO DEOCLECIO DOS SANTOS => LT 43 => QD 19 => CAMPO GRANDE => RIO DE JANEIRO => RJ => 8509-1495 => 8644-3275 =>  => APOS O DEPOSITO DO GUARACAMP PROX A PRAÇA DO LETICIA 7 RUA ANTIGA...Email enviado ao naec dia 02-08-12 Camila => alex vai atender 01/08/12. => 1 => 9074 => COZINHA COMP COLOR ECLIPSE TOP PTO => 0 =>  => 0 =>  => 0 =>  => 0 =>  => 0 =>  => 0 =>  => 0 =>  => 0 =>  => 0 =>  => 0 =>  => 0 =>  => 0 =>  => 0 =>  => 0 =>  => 0 =>  => 0 =>  => 0 =>  => 0 =>  => 0 =>  => "

-------------------------------
 
ALTERAÇÃO DE CLIENTE
POST => "camila" Data => "2012-08-02 17:34:46", Alterou o Cliente de vale 484899 => "INFORMAÇÕES ALTERADAS => "1 => 3333 => 6 => 25 => 7 => 0 => 0 => 10/05/2012 => 484899 => 230 => 83603 => 10/05/2012 => ANDERSON DE LIMA BARBOSA => 485559 / 199 => MARIA JESUS CARVALHO DA NOBREGA => 23075450 => RUA:FRANCISCO DEOCLECIO DOS SANTOS => LT 43 => QD 19 => CAMPO GRANDE => RIO DE JANEIRO => RJ => 8509-1495 => 8644-3275 =>  => APOS O DEPOSITO DO GUARACAMP PROX A PRAÇA DO LETICIA 7 RUA ANTIGA...Email enviado ao naec dia 02-08-12 Camila => alex vai atender 01/08/12.... => 1 => 9074 => COZINHA COMP COLOR ECLIPSE TOP PTO => 0 =>  => 0 =>  => 0 =>  => 0 =>  => 0 =>  => 0 =>  => 0 =>  => 0 =>  => 0 =>  => 0 =>  => 0 =>  => 0 =>  => 0 =>  => 0 =>  => 0 =>  => 0 =>  => 0 =>  => 0 =>  => 0 =>  => "

-------------------------------
 
ALTERAÇÃO DE CLIENTE
POST => "camila" Data => "2012-08-02 17:37:34", Alterou o Cliente de vale 523826 => "INFORMAÇÕES ALTERADAS => "1 => 4698 => 6 => 24 => 11 => 0 => 0 => 17/07/2012 => 523826 => 179 => 24282 => 16/07/2012 => CLEBER CAMPISTA DA FONSECA => 83725 => LUCIOLA SOUZA SOARES DOS SANTOS => 25585410 => RUA: AGOSTINHO MENDES DA CRUZ => 488 =>  => PARQUE ARARUAMA => SÃO JOÃO DE MERITI => RJ =>  =>  =>  => Email enviado ao naec dia 02-08-12 Camila =>  => 1 => 152457 => BALÇAO LUCIANE CHIARA 2P4G PAT/GRIG => 0 =>  => 0 =>  => 0 =>  => 0 =>  => 0 =>  => 0 =>  => 0 =>  => 0 =>  => 0 =>  => 0 =>  => 0 =>  => 0 =>  => 0 =>  => 0 =>  => 0 =>  => 0 =>  => 0 =>  => 0 =>  => 0 =>  => "

-------------------------------
