 
CADASTRO DE CLIENTE
POST => "MIRIAN" Data => "2012-07-07 08:48:14", Cadastrou o Cliente de vale 518788 => "INFORMAÇÕES CADASTRADAS => "11 => 6 => 26 => 2 => 0 => 06/07/2012 => 518788 => 179 => 157099 => 06/07/2012 => IGOR VIEIRA MAGALHAES => 465512/199 => ALEXANDRE NOGUEIRA DE SOUZA => 25225590 => FORTALEZA => 379 =>  => CAMPOS ELISEOS => DUQUE DE CAXIAS => RJ =>  =>  =>  =>  => 01 => 8340 => CAMA CS N HORIZ AREZZO TB/BR/MP =>  =>  =>  =>  =>  =>  =>  =>  =>  =>  =>  =>  =>  =>  =>  =>  =>  =>  =>  =>  =>  =>  =>  =>  =>  =>  =>  =>  =>  =>  =>  =>  =>  =>  =>  =>  =>  =>  => "

-------------------------------
 
CADASTRO DE CLIENTE
POST => "MIRIAN" Data => "2012-07-07 08:57:01", Cadastrou o Cliente de vale 518812 => "INFORMAÇÕES CADASTRADAS => "11 => 27 => 1 => 2 => 0 => 06/07/2012 => 518812 => 215 => 96457 => 06/07/2012 => JOSE HENRIQUE GOMES FERREIRA => 500246/199 => CARLOS ALBERTO DUTRA => 24715450 => RUA: GILBERTO AMADO => 10 => QD1 => JARDIM CATARINA => SÃO GONÇALO => RJ => 8859-5795 =>  =>  => PASSANDO O VIADUTO ST LUZIA SEGUNDARIA 2 RUA A DIR PROC CARLIONHO MECANICO => 01 => 8372 => G.ROUPA BP 3P DUBAY TB/BR/MP =>  =>  =>  =>  =>  =>  =>  =>  =>  =>  =>  =>  =>  =>  =>  =>  =>  =>  =>  =>  =>  =>  =>  =>  =>  =>  =>  =>  =>  =>  =>  =>  =>  =>  =>  =>  =>  =>  => "

-------------------------------
 
CADASTRO DE CLIENTE
POST => "MIRIAN" Data => "2012-07-07 09:04:52", Cadastrou o Cliente de vale 518815 => "INFORMAÇÕES CADASTRADAS => "11 => 18 => 16 => 2 => 0 => 06/07/2012 => 518815 => 230 => 18084 => 06/07/2012 => HUGO LEONARDO FERREIRA MORAIS => 499319/s => ERICA PEREIRA DE SOUZA => 23520421 => ESTRADA DA PEDRA  => 155 =>  => SANTA CRUZ => RIO DE JANEIRO => RJ => 9542-2380 =>  =>  => BECO DO CONDE SITIO DO SR ANTONIO => 01 => 100136 => COZINHA ITAT DAYANE BR =>  =>  =>  =>  =>  =>  =>  =>  =>  =>  =>  =>  =>  =>  =>  =>  =>  =>  =>  =>  =>  =>  =>  =>  =>  =>  =>  =>  =>  =>  =>  =>  =>  =>  =>  =>  =>  =>  => "

-------------------------------
 
CADASTRO DE CLIENTE
POST => "MIRIAN" Data => "2012-07-07 09:07:33", Cadastrou o Cliente de vale 518818 => "INFORMAÇÕES CADASTRADAS => "11 => 32 => 5 => 2 => 0 => 06/07/2012 => 518818 => 224 => 10014 => 06/07/2012 => CLAUDILENE SERAFIM GABRIEL => 556548/s => LILIAN VAGUEURA DE OLIVEIRA => 25811010 => RUA AMAZONAS  => 400 =>  => VILA ISABEL => TRÊS RIOS => RJ =>  =>  =>  => PERTO DA IGREJA CATOLICA PROC POR GORDO => 01 => 100136 => COZINHA ITAT DAYANE BR =>  =>  =>  =>  =>  =>  =>  =>  =>  =>  =>  =>  =>  =>  =>  =>  =>  =>  =>  =>  =>  =>  =>  =>  =>  =>  =>  =>  =>  =>  =>  =>  =>  =>  =>  =>  =>  =>  => "

-------------------------------
 
CADASTRO DE CLIENTE
POST => "marta" Data => "2012-07-07 09:09:03", Cadastrou o Cliente de vale 580770 => "INFORMAÇÕES CADASTRADAS => "22 => 19 => 15 => 0 => 2 => 06/07/2012 => 580770 => RE => 580770 => 02/07/2012 =>  =>  => MARIA GORETE GONÇALVES DA S SILVA =>  => RUA C ACESSO EST ITARARE => 7801 => 26 => RAMOS => RIO DE JANEIRO =>  => 7855-7862 =>  =>  => UMA ENTRADA ANTES DO UPPA ITARARE ANTIGAPOESI NA RUA DO YPE PROC => 1 => 137137 => MESA CARRARO ISABELE 4C 375/152 RD BRSEM =>  =>  =>  =>  =>  =>  =>  =>  =>  =>  =>  =>  =>  =>  =>  =>  =>  =>  =>  =>  =>  =>  =>  =>  =>  =>  =>  =>  =>  =>  =>  =>  =>  =>  =>  =>  =>  =>  => "

-------------------------------
 
CADASTRO DE CLIENTE
POST => "simone" Data => "2012-07-07 09:09:07", Cadastrou o Cliente de vale 559367 => "INFORMAÇÕES CADASTRADAS => "35 => 13 => 21 => 0 => 2 => 06/07/2012 => 559367 => 167 => 559367 => 06/07/2012 =>  =>  => ELLEN BARBOSA  =>  => RUA PARTICULAR RUA SAO JOAO  => 20 => CASA BC 1 => ROCINHA  => RIO DE JANEIRO => RJ => 9795-3207 =>  =>  => SEGUNDA CRECHE COMUNITARIA DO LABORIOX PROCURAR PELA MAE DO DOUGLAS E GABRIEL LIGAR ANTES  => 1 => 100136 => COZINHA ITAT DAYANE BR =>  =>  =>  =>  =>  =>  =>  =>  =>  =>  =>  =>  =>  =>  =>  =>  =>  =>  =>  =>  =>  =>  =>  =>  =>  =>  =>  =>  =>  =>  =>  =>  =>  =>  =>  =>  =>  =>  => "

-------------------------------
 
CADASTRO DE CLIENTE
POST => "simone" Data => "2012-07-07 09:11:44", Cadastrou o Cliente de vale 518875 => "INFORMAÇÕES CADASTRADAS => "35 => 16 => 21 => 0 => 0 => 06/07/2012 => 518875 => 179 => 19570 => 06/07/2012 => ANDERSON PEREIRA SANTOS =>  => MARTINHO MARQUES => 25225280 => RUA CINCO  => 2 =>  QD 37 LT 2 => CAMPOS ELYSEOS  => DUQUE DE CAXIAS => RJ => 9178-4907 =>  =>  => DEPOIS DA COPOLO ANTES DO SARAIVA  => 1 => 138033 => G.ROUPA ARAPLAC 10P ATLAN PLUS TB/AM =>  =>  =>  =>  =>  =>  =>  =>  =>  =>  =>  =>  =>  =>  =>  =>  =>  =>  =>  =>  =>  =>  =>  =>  =>  =>  =>  =>  =>  =>  =>  =>  =>  =>  =>  =>  =>  =>  => "

-------------------------------
 
CADASTRO DE CLIENTE
POST => "marta" Data => "2012-07-07 09:11:44", Cadastrou o Cliente de vale 590968 => "INFORMAÇÕES CADASTRADAS => "22 => 27 => 4 => 0 => 2 => 06/07/2012 => 590968 => RE => 590968 => 06/07/2012 =>  =>  => DIOGO DE PAULA SILVA =>  => K => 27  => CASA FDS => HELIOPOLIS => BELFORD ROXO =>  => 3685-3460 => 9682-6442 => 7360-2744 => EM FRENTE A LOJA DE MATERIAL DE ONSTRUÇÃO MARCELINO E ZE DO BODE PROC DIOGO DAGUIA => 1 => 135481 => COZ KIPLAC RENATA PLUS BR/PTO =>  =>  =>  =>  =>  =>  =>  =>  =>  =>  =>  =>  =>  =>  =>  =>  =>  =>  =>  =>  =>  =>  =>  =>  =>  =>  =>  =>  =>  =>  =>  =>  =>  =>  =>  =>  =>  =>  => "

-------------------------------
 
CADASTRO DE CLIENTE
POST => "MIRIAN" Data => "2012-07-07 09:14:25", Cadastrou o Cliente de vale 518439 => "INFORMAÇÕES CADASTRADAS => "11 => 23 => 21 => 0 => 1 => 06/07/2012 => 518439 => 179 => 518439 => 06/07/2012 => IGOR VIEIRA MAGALHAES => 404868/199 => MARILZA JOSE DE OLIVEIRA => 25900000 => RUA HADOK LOBO => lt 08 => QD 39 => PARQUE PAULISTA => DUQUE DE CAXIAS => RJ => 3652-7359 => 9556-6490 => 8771-1690 => PERTO DO MERCADO SELMA PED.139295 => 01 => 141552 => CJ SALA JANTAR ORTIZ VALENCIA 6C AMEN =>  =>  =>  =>  =>  =>  =>  =>  =>  =>  =>  =>  =>  =>  =>  =>  =>  =>  =>  =>  =>  =>  =>  =>  =>  =>  =>  =>  =>  =>  =>  =>  =>  =>  =>  =>  =>  =>  => "

-------------------------------
 
CADASTRO DE CLIENTE
POST => "marta" Data => "2012-07-07 09:14:47", Cadastrou o Cliente de vale 518787 => "INFORMAÇÕES CADASTRADAS => "22 => 19 => 17 => 0 => 0 => 06/07/2012 => 518787 => 179 => 17951 => 06/07/2012 => LEONARDO SILVA DE SANTANA =>  => ANA CLAUDIA FEITOZA DE LIMA =>  => PROJETADA DO DIQUE => 65 => CASA => JARDIM GRAMACHO => DUQUE DE CAXIAS =>  =>  =>  =>  => ENTRAR AV MONT CASTELO KSA PROX ANTIGO ATERRO PROC VANDERLEI E LUCIA => 1 => 139517 => KIT ITAT I3 VD FL CRIATIVA 5P/4G PT =>  =>  =>  =>  =>  =>  =>  =>  =>  =>  =>  =>  =>  =>  =>  =>  =>  =>  =>  =>  =>  =>  =>  =>  =>  =>  =>  =>  =>  =>  =>  =>  =>  =>  =>  =>  =>  =>  => "

-------------------------------
 
CADASTRO DE CLIENTE
POST => "simone" Data => "2012-07-07 09:15:44", Cadastrou o Cliente de vale 518872 => "INFORMAÇÕES CADASTRADAS => "35 => 9 => 27 => 0 => 0 => 06/07/2012 => 518872 => 179 => 18492 => 06/07/2012 => CLEBER CAMPISTA DA FONSECA  =>  => FRANCISCO DE ASSIS SILVA  => 25011301 => RUA PROJETADA L  => 40 => CASA  => CENTRO  => DUQUE DE CAXIAS => RJ =>  =>  =>  => PROX A GARAGEM DA JUREMA SEGUNDA RUA PROC PELO CHICAO OU PRETA  => 1 => 138033 => G.ROUPA ARAPLAC 10P ATLAN PLUS TB/AM =>  =>  =>  =>  =>  =>  =>  =>  =>  =>  =>  =>  =>  =>  =>  =>  =>  =>  =>  =>  =>  =>  =>  =>  =>  =>  =>  =>  =>  =>  =>  =>  =>  =>  =>  =>  =>  =>  => "

-------------------------------
 
CADASTRO DE CLIENTE
POST => "marta" Data => "2012-07-07 09:17:14", Cadastrou o Cliente de vale 518712 => "INFORMAÇÕES CADASTRADAS => "22 => 27 => 6 => 0 => 0 => 06/07/2012 => 518712 => 179 => 188936 => 06/07/2012 => MARCO ANTONIO DE SOUZA NASCIME => 69606 => JADIR SALVADOR DO SANTOS =>  => AVENIDA SAO PAULO  => 138 => CASA 01 => PARQUE MARILANDIA => DUQUE DE CAXIAS =>  => 2773-7353 => 9212-3154 =>  => PROX A CURVA DA JAQUEIRA E PROX A LOJA E AQUARIOS => 1 => 100136 => COZINHA ITAT DAYANE BR =>  =>  =>  =>  =>  =>  =>  =>  =>  =>  =>  =>  =>  =>  =>  =>  =>  =>  =>  =>  =>  =>  =>  =>  =>  =>  =>  =>  =>  =>  =>  =>  =>  =>  =>  =>  =>  =>  => "

-------------------------------
 
CADASTRO DE CLIENTE
POST => "MIRIAN" Data => "2012-07-07 09:17:16", Cadastrou o Cliente de vale 573103 => "INFORMAÇÕES CADASTRADAS => "11 => 25 => 8 => 0 => 2 => 06/07/2012 => 573103 => 274 => 573103 => 06/07/2012 =>  =>  => CRISLANE DA SILVA =>  => JUSTO COSTA => 21 =>  => MUNDO NOVO => MAGE => RJ => 3630-7349 => 7439-5211 => 7616-3855 => APOS O BAMBUZAL DE ESQ COM BAR DO CESAR DA AVENIDA PED.11678 => 01 => 9302 => KIT COZ KP 6P DELTA COLOR BR/ VD =>  =>  =>  =>  =>  =>  =>  =>  =>  =>  =>  =>  =>  =>  =>  =>  =>  =>  =>  =>  =>  =>  =>  =>  =>  =>  =>  =>  =>  =>  =>  =>  =>  =>  =>  =>  =>  =>  => "

-------------------------------
 
CADASTRO DE CLIENTE
POST => "simone" Data => "2012-07-07 09:17:21", Cadastrou o Cliente de vale 518677 => "INFORMAÇÕES CADASTRADAS => "35 => 26 => 27 => 0 => 0 => 06/07/2012 => 518677 => 179 => 19310 => 06/07/2012 => ANDERSON PEREIRA SANTOS =>  => ALESSANDRA FARIAS SIMAO  => 26187560 => RUA SÃO JOÃO => 11 => CASA 05 => MALHAPÃO => BELFORD ROXO => RJ => 2699-5622 =>  =>  =>  => 1 => 140094 => G.ROUPA BERGAMO 5P LISBOA IMB/PTO =>  =>  =>  =>  =>  =>  =>  =>  =>  =>  =>  =>  =>  =>  =>  =>  =>  =>  =>  =>  =>  =>  =>  =>  =>  =>  =>  =>  =>  =>  =>  =>  =>  =>  =>  =>  =>  =>  => "

-------------------------------
 
CADASTRO DE CLIENTE
POST => "simone" Data => "2012-07-07 09:20:52", Cadastrou o Cliente de vale 518500 => "INFORMAÇÕES CADASTRADAS => "35 => 22 => 20 => 0 => 1 => 06/07/2012 => 518500 => 179 => 151723 => 06/07/2012 => ANDERSON PEREIRA SANTOS =>  => LUCINALDO NOBREGA DE LIMA  => 25045360 => RUA ALCIONE => 1 =>  => JARDIM VILA NOVA => DUQUE DE CAXIAS => RJ => 9729-0597 =>  =>  => PROX A LOJA DE TINTAS , PROX AO POSTO MEDICOTEL. => 1 => 140391 => G.ROUPA ARAPLAC 8P AUSTRIA TB/BR =>  =>  =>  =>  =>  =>  =>  =>  =>  =>  =>  =>  =>  =>  =>  =>  =>  =>  =>  =>  =>  =>  =>  =>  =>  =>  =>  =>  =>  =>  =>  =>  =>  =>  =>  =>  =>  =>  => "

-------------------------------
 
CADASTRO DE CLIENTE
POST => "marta" Data => "2012-07-07 09:20:53", Cadastrou o Cliente de vale 518717 => "INFORMAÇÕES CADASTRADAS => "22 => 43 => 20 => 0 => 0 => 06/07/2012 => 518717 => 179 => 194412 => 06/07/2012 => ANDERSON PEREIRA SANTOS => 68937 => ADEMIR SABINO DA COSTA =>  => BROCOIO => 22 => CASA => VILA DO ROSARIO => DUQUE DE CAXIAS =>  => 7272-2347 =>  =>  => CAMPO DE AREIA PROX AO SANTUARIO  => 1 => 140391 => G.ROUPA ARAPLAC 8P AUSTRIA TB/BR =>  =>  =>  =>  =>  =>  =>  =>  =>  =>  =>  =>  =>  =>  =>  =>  =>  =>  =>  =>  =>  =>  =>  =>  =>  =>  =>  =>  =>  =>  =>  =>  =>  =>  =>  =>  =>  =>  => "

-------------------------------
 
CADASTRO DE CLIENTE
POST => "simone" Data => "2012-07-07 09:23:17", Cadastrou o Cliente de vale 578427 => "INFORMAÇÕES CADASTRADAS => "35 => 28 => 23 => 0 => 2 => 06/07/2012 => 578427 => 239 => 578427 => 06/07/2012 =>  =>  => THEREZA COUTINHO DA ROSA  =>  => RUA FRANCISCO FERREIRA VILANOVA  => 315 => CASA  => CANTAGALO  => NITEROI => RJ => 9163-9597 =>  =>  =>  => 1 => 136543 => COZINHA  LUCIANE DAKAR CHAMP/NOG =>  =>  =>  =>  =>  =>  =>  =>  =>  =>  =>  =>  =>  =>  =>  =>  =>  =>  =>  =>  =>  =>  =>  =>  =>  =>  =>  =>  =>  =>  =>  =>  =>  =>  =>  =>  =>  =>  => "

-------------------------------
 
CADASTRO DE CLIENTE
POST => "MIRIAN" Data => "2012-07-07 09:24:26", Cadastrou o Cliente de vale 601307 => "INFORMAÇÕES CADASTRADAS => "11 => 21 => 15 => 0 => 2 => 06/07/2012 => 601307 => 245 => 601307 => 06/07/2012 =>  =>  => FRANCISCO CARLOS DA SILVA =>  => TRAVESSA MARGARIDAS => 397 =>  => CIDADE DE DEUS => RIO DE JANEIRO => RJ => 9581-1315 =>  =>  => DEPOIS DO BAR DO CELSO 1 RUA A ESQ PED.1920 => 01 => 140391 => G.ROUPA ARAPLAC 8P AUSTRIA TB/BR =>  =>  =>  =>  =>  =>  =>  =>  =>  =>  =>  =>  =>  =>  =>  =>  =>  =>  =>  =>  =>  =>  =>  =>  =>  =>  =>  =>  =>  =>  =>  =>  =>  =>  =>  =>  =>  =>  => "

-------------------------------
 
ALTERAÇÃO DE CLIENTE
POST => "simone" Data => "2012-07-07 10:23:04", Alterou o Cliente de vale 505972 => "INFORMAÇÕES ALTERADAS => "1 => 4270 => 35 => 28 => 35 => 0 => 0 => 20/06/2012 => 505972 => 241 => 21 => 15/06/2012 => JULIO CESAR VIEIRA SOARES => 8597/199 => HELEN ROSE PAIXAO ABREU => 20251250 => TRAVESSA MARROCOS => 12 =>  => RIO COMPRIDO => RIO DE JANEIRO => RJ => 3971-2162 => 3094-8250 => 9668-9172 => PROX A QUADRA DO FOGUETEIRO PROC HELIDA => OBS: CLIENTE SÓ PODE AOS SÁBADOS , WILTON VAI ATENDER 07/07/2012 => 1 => 136543 => COZINHA  LUCIANE DAKAR CHAMP/NOG => 0 =>  => 0 =>  => 0 =>  => 0 =>  => 0 =>  => 0 =>  => 0 =>  => 0 =>  => 0 =>  => 0 =>  => 0 =>  => 0 =>  => 0 =>  => 0 =>  => 0 =>  => 0 =>  => 0 =>  => 0 =>  => 0 =>  => "

-------------------------------
